2021-10-26 18:34:10 modena root[450137] INFO [Watcher] Initialized
2021-10-26 18:34:10 modena root[450137] INFO [Timestamper] Initialized
2021-10-26 18:34:10 modena root[450137] INFO [SystemPerfmonDaemon] Initializing System Performance monitoring Daemon
2021-10-26 18:34:10 modena root[450137] INFO [SystemPerfmonDaemon] Number of cores on the system: 128
2021-10-26 18:34:10 modena root[450137] INFO [SystemPerfmonDaemon] Number of sockets on the system: 2
2021-10-26 18:34:10 modena root[450137] INFO [SystemPerfmonDaemon] python3 -u /nfs_homes/dmasouros/ThymesisFlow/libthymesisflow/scripts/read_counters.py
2021-10-26 18:34:10 modena root[450137] INFO [SystemPerfmonDaemon] Initializing System Performance monitoring Daemon
2021-10-26 18:34:10 modena root[450137] INFO [SystemPerfmonDaemon] Number of cores on the system: 128
2021-10-26 18:34:10 modena root[450137] INFO [SystemPerfmonDaemon] Number of sockets on the system: 2
2021-10-26 18:34:10 modena root[450137] INFO [SystemPerfmonDaemon] Starting monitoring S0 and FPGA
2021-10-26 18:34:10 modena root[450137] INFO [SystemPerfmonDaemon] perf stat -I 1000 -a -x, -e LLC-load-misses,LLC-loads,LLC-prefetches,mem-loads,mem-stores --per-socket | grep S0
2021-10-26 18:34:10 modena root[450137] INFO [Watcher] Active containers: redis-server
2021-10-26 18:34:11 modena root[450137] INFO [containerDaemon450130] sudo perf stat -I 1000 -a -x, -e cache-misses,cache-references,cpu-cycles,L1-dcache-load-misses,L1-dcache-loads,L1-dcache-prefetches,L1-dcache-store-misses,L1-icache-load-misses,L1-icache-loads,L1-icache-prefetches,L2-load-misses -p 450130
2021-10-26 18:34:11 modena root[450137] INFO [containerDaemon450130] Started monitoring PID 450130 of container redis-server
2021-10-26 18:34:13 modena root[450137] INFO [Watcher] Active containers: redis-server
2021-10-26 18:34:13 modena root[450137] INFO [SystemPerfmonDaemon] [1635269650.7015367, '319256', '1066768', '0', '2257496', '1823098', '9688', '1667', '384']
2021-10-26 18:34:13 modena root[450137] INFO [SystemPerfmonDaemon] [1635269653.554473, '1655987', '3989176', '0', '20277371', '12779909', '98857', '17191', '383']
2021-10-26 18:34:14 modena root[450137] INFO [containerDaemon450130] [1635269650.7015367, '14052555', '126964920', '863307926', '13293862', '133254638', '245785', '9306452', '13349569', '134813275', '20173417', '211137']
2021-10-26 18:34:14 modena root[450137] INFO [SystemPerfmonDaemon] [1635269653.554473, '647753', '4281110', '0', '8361601', '9530121', '120432', '20684', '383']
2021-10-26 18:34:14 modena root[450137] INFO [SystemPerfmonDaemon] [1635269654.5054448, '1036517', '5512560', '0', '12279183', '10501770', '96067', '26697', '385']
2021-10-26 18:34:15 modena root[450137] INFO [containerDaemon450130] [1635269653.554473, '35504492', '345343541', '2274146646', '35645843', '346748636', '717383', '24548907', '35562832', '351273984', '53318704', '567017']
2021-10-26 18:34:15 modena root[450137] INFO [Watcher] Active containers: memtier-benchmark redis-server
2021-10-26 18:34:15 modena root[450137] INFO [SystemPerfmonDaemon] [1635269654.5054448, '625608', '4422842', '0', '8390088', '9333611', '110304', '21914', '390']
2021-10-26 18:34:15 modena root[450137] INFO [SystemPerfmonDaemon] [1635269655.4564183, '1154479', '5899271', '0', '16956380', '10762649', '61771', '11953', '389']
2021-10-26 18:34:16 modena root[450137] INFO [containerDaemon450130] [1635269654.5054448, '35968247', '345320137', '2274006768', '35951501', '344887889', '706879', '25166529', '35767395', '350233746', '53253410', '559070']
2021-10-26 18:34:16 modena root[450137] INFO [SystemPerfmonDaemon] [1635269655.4564183, '635077', '4445662', '0', '7497258', '9298644', '28999', '5669', '390']
2021-10-26 18:34:17 modena root[450137] INFO [containerDaemon450130] [1635269655.4564183, '35828856', '342778768', '2274212843', '35809719', '343712877', '722467', '24881226', '35356518', '349967355', '53171386', '577497']
2021-10-26 18:34:17 modena root[450137] INFO [SystemPerfmonDaemon] [1635269656.4073892, '1017702', '5923621', '0', '14548330', '9771872', '202242', '39677', '391']
2021-10-26 18:34:18 modena root[450137] INFO [containerDaemon450130] [1635269656.4073892, '36189113', '342457771', '2274108975', '35992522', '342349145', '715247', '24938101', '35883286', '348969842', '53786406', '588576']
2021-10-26 18:34:18 modena root[450137] INFO [SystemPerfmonDaemon] [1635269657.358359, '756424', '4556505', '0', '9063658', '9516372', '16058', '4637', '393']
2021-10-26 18:34:19 modena root[450137] INFO [containerDaemon450130] [1635269657.358359, '36172535', '341788738', '2274167948', '35926986', '341362603', '716686', '25189123', '35707868', '348064612', '53832786', '658332']
2021-10-26 18:34:19 modena root[450137] INFO [Watcher] Active containers: memtier-benchmark redis-server
2021-10-26 18:34:19 modena root[450137] INFO [SystemPerfmonDaemon] [1635269658.3093333, '1279875', '7278687', '0', '18299188', '11407165', '41609', '8539', '392']
2021-10-26 18:34:20 modena root[450137] INFO [containerDaemon450130] [1635269659.2600157, '36370606', '342069614', '2274380167', '36376838', '341486005', '720384', '25159119', '35977919', '349282707', '53591487', '683588']
2021-10-26 18:34:20 modena root[450137] INFO [SystemPerfmonDaemon] [1635269659.2600157, '715761', '4615703', '0', '9309300', '9165744', '11466', '2879', '392']
2021-10-26 18:34:21 modena root[450137] INFO [containerDaemon450130] [1635269660.2109885, '36379868', '341131614', '2274430052', '36467534', '340996350', '728798', '25374682', '36075467', '349030877', '53892721', '709586']
2021-10-26 18:34:21 modena root[450137] INFO [SystemPerfmonDaemon] [1635269660.2109885, '1209689', '6941024', '0', '18045993', '11117381', '39196', '11025', '395']
2021-10-26 18:34:22 modena root[450137] INFO [containerDaemon450130] [1635269661.1619802, '36411919', '340637649', '2274244726', '36509942', '340710118', '720581', '25574304', '36069703', '348794029', '53700709', '709164']
2021-10-26 18:34:22 modena root[450137] INFO [SystemPerfmonDaemon] [1635269661.1619802, '760539', '5064272', '0', '9465406', '9600724', '5773', '3247', '401']
2021-10-26 18:34:23 modena root[450137] INFO [containerDaemon450130] [1635269662.112956, '36302341', '339087693', '2274235694', '36506512', '339827605', '718900', '25486082', '36360362', '348743523', '53613796', '731097']
2021-10-26 18:34:23 modena root[450137] INFO [Watcher] Active containers: memtier-benchmark redis-server
2021-10-26 18:34:23 modena root[450137] INFO [SystemPerfmonDaemon] [1635269662.112956, '1663458', '8827846', '0', '22518272', '13412799', '4021', '1862', '397']
2021-10-26 18:34:24 modena root[450137] INFO [containerDaemon450130] [1635269663.063929, '36423902', '339069486', '2274502895', '36822002', '338863598', '717182', '25413271', '36246760', '348637131', '53992424', '746115']
2021-10-26 18:34:24 modena root[450137] INFO [SystemPerfmonDaemon] [1635269663.063929, '762686', '4621097', '0', '8391972', '9027309', '6957', '2470', '394']
2021-10-26 18:34:25 modena root[450137] INFO [containerDaemon450130] [1635269664.0148995, '36791182', '338596758', '2274190307', '36774829', '338796228', '717289', '25946451', '36292977', '348681607', '53765027', '767211']
2021-10-26 18:34:25 modena root[450137] INFO [SystemPerfmonDaemon] [1635269664.0148995, '1348939', '7663912', '0', '19505738', '12120181', '3004', '1232', '397']
2021-10-26 18:34:26 modena root[450137] INFO [containerDaemon450130] [1635269664.9658716, '36785189', '338912408', '2274305050', '36724371', '338693052', '731665', '26055416', '35915334', '347978830', '54153924', '754894']
2021-10-26 18:34:26 modena root[450137] INFO [SystemPerfmonDaemon] [1635269665.9168534, '906611', '4866571', '0', '8924465', '9534453', '14622', '6308', '401']
2021-10-26 18:34:27 modena root[450137] INFO [containerDaemon450130] [1635269665.9168534, '36902319', '338501109', '2274082656', '36878620', '338869944', '719347', '25834065', '36546816', '348265239', '54229832', '772545']
2021-10-26 18:34:27 modena root[450137] INFO [SystemPerfmonDaemon] [1635269666.8678508, '1494793', '8412300', '0', '23319453', '14138417', '1745', '1255', '405']
2021-10-26 18:34:28 modena root[450137] INFO [Watcher] Active containers: memtier-benchmark redis-server
2021-10-26 18:34:28 modena root[450137] INFO [containerDaemon450130] [1635269666.8678508, '36591641', '338136297', '2274104051', '36967718', '337956746', '714064', '25981529', '36242432', '348746630', '54094407', '781548']
2021-10-26 18:34:28 modena root[450137] INFO [SystemPerfmonDaemon] [1635269667.8188293, '790188', '4748963', '0', '7071819', '8990477', '1998', '1205', '401']
2021-10-26 18:34:29 modena root[450137] INFO [containerDaemon450130] [1635269667.8188293, '36764281', '337522902', '2274173607', '36709024', '337323528', '722844', '25757743', '36129630', '347049291', '53978410', '756185']
2021-10-26 18:34:29 modena root[450137] INFO [SystemPerfmonDaemon] [1635269668.7698045, '1335385', '8216804', '0', '21142776', '11201591', '1857', '961', '401']
2021-10-26 18:34:30 modena root[450137] INFO [containerDaemon450130] [1635269668.7698045, '36747306', '338108947', '2274283034', '36906147', '338108657', '712797', '25880438', '36217255', '347955143', '54007644', '769395']
2021-10-26 18:34:30 modena root[450137] INFO [SystemPerfmonDaemon] [1635269669.7200227, '808263', '4675308', '0', '9595899', '8933065', '9439', '5984', '404']
2021-10-26 18:34:31 modena root[450137] INFO [containerDaemon450130] [1635269669.7200227, '36685975', '338576550', '2274312471', '36982845', '338269197', '727021', '26079997', '35989755', '348727588', '54188337', '776581']
2021-10-26 18:34:31 modena root[450137] INFO [SystemPerfmonDaemon] [1635269670.6709983, '1526695', '8689517', '0', '23095115', '14116877', '1185', '1524', '413']
2021-10-26 18:34:32 modena root[450137] INFO [containerDaemon450130] [1635269670.6709983, '36910365', '338970750', '2274194713', '36802196', '337794371', '709277', '25770331', '36509829', '348501711', '54203064', '799796']
2021-10-26 18:34:32 modena root[450137] INFO [Watcher] Active containers: memtier-benchmark redis-server
2021-10-26 18:34:32 modena root[450137] INFO [SystemPerfmonDaemon] [1635269671.6219714, '829312', '4739524', '0', '8042175', '8980630', '1027', '1025', '409']
2021-10-26 18:34:33 modena root[450137] INFO [containerDaemon450130] [1635269671.6219714, '36777338', '338753687', '2274350793', '36830193', '338439023', '723283', '26161351', '36119199', '348863323', '54316935', '785518']
2021-10-26 18:34:33 modena root[450137] INFO [SystemPerfmonDaemon] [1635269672.5729473, '1797228', '8987895', '0', '23200010', '14550564', '958', '961', '410']
2021-10-26 18:34:34 modena root[450137] INFO [containerDaemon450130] [1635269672.5729473, '36877813', '338425461', '2273946991', '37221163', '338662653', '714575', '26066301', '36211958', '347651580', '54053343', '772576']
2021-10-26 18:34:34 modena root[450137] INFO [SystemPerfmonDaemon] [1635269673.5239203, '819260', '4741083', '0', '11664442', '8973901', '5959', '5099', '406']
2021-10-26 18:34:35 modena root[450137] INFO [containerDaemon450130] [1635269673.5239203, '37220814', '338570836', '2275165492', '36886888', '339039078', '726235', '25756831', '36645882', '349442602', '54035412', '783428']
2021-10-26 18:34:35 modena root[450137] INFO [SystemPerfmonDaemon] [1635269674.4748907, '1675782', '8601739', '0', '23099189', '13893982', '1683', '2444', '416']
2021-10-26 18:34:36 modena root[450137] INFO [containerDaemon450130] [1635269674.4748907, '36848303', '339146249', '2274537244', '36936342', '338898305', '721284', '26215373', '36491846', '348990017', '54125441', '790280']
2021-10-26 18:34:36 modena root[450137] INFO [Watcher] Active containers: memtier-benchmark redis-server
2021-10-26 18:34:36 modena root[450137] INFO [SystemPerfmonDaemon] [1635269675.4258645, '842412', '4886919', '0', '8732535', '8915719', '846', '1043', '412']
2021-10-26 18:34:37 modena root[450137] INFO [containerDaemon450130] [1635269675.4258645, '37135116', '339080922', '2274266335', '37092353', '339102807', '730815', '26208396', '36515268', '348654750', '54141651', '786983']
2021-10-26 18:34:37 modena root[450137] INFO [SystemPerfmonDaemon] [1635269676.3768406, '1695473', '8771051', '0', '23415106', '14752216', '917', '1023', '412']
2021-10-26 18:34:38 modena root[450137] INFO [containerDaemon450130] [1635269676.3768406, '36988506', '339642841', '2274491098', '36998074', '339188661', '719146', '25933785', '36173181', '348737899', '54333594', '792768']
2021-10-26 18:34:38 modena root[450137] INFO [SystemPerfmonDaemon] [1635269677.3278148, '837728', '4778160', '0', '9514238', '8916177', '5490', '5247', '408']
2021-10-26 18:34:39 modena root[450137] INFO [containerDaemon450130] [1635269678.2787871, '37178999', '339057176', '2274397080', '36856329', '339298209', '728439', '25988305', '36666395', '349839451', '54091675', '777615']
2021-10-26 18:34:39 modena root[450137] INFO [SystemPerfmonDaemon] [1635269678.2787871, '1517869', '8924721', '0', '22363928', '13514738', '1721', '2988', '421']
2021-10-26 18:34:40 modena root[450137] INFO [containerDaemon450130] [1635269679.2297587, '36867408', '339683579', '2274208453', '37105606', '339124511', '724652', '25950449', '36372860', '348916444', '54291415', '785358']
2021-10-26 18:34:40 modena root[450137] INFO [SystemPerfmonDaemon] [1635269679.2297587, '846733', '4747836', '0', '10670666', '8947146', '699', '1211', '422']
2021-10-26 18:34:41 modena root[450137] INFO [Watcher] Active containers: memtier-benchmark redis-server
2021-10-26 18:34:41 modena root[450137] INFO [containerDaemon450130] [1635269680.1800199, '36964539', '339430347', '2273964389', '36971864', '339720771', '731280', '25929295', '36525691', '348306085', '54360257', '778708']
2021-10-26 18:34:41 modena root[450137] INFO [SystemPerfmonDaemon] [1635269680.1800199, '1794468', '8836123', '0', '24716233', '15099416', '848', '1285', '414']
2021-10-26 18:34:42 modena root[450137] INFO [containerDaemon450130] [1635269681.1309924, '36999708', '339613175', '2274071455', '37085290', '339374071', '719169', '25960728', '36440016', '349242370', '54142413', '765800']
2021-10-26 18:34:42 modena root[450137] INFO [SystemPerfmonDaemon] [1635269681.1309924, '844649', '5156824', '0', '10748314', '9409409', '628', '906', '413']
2021-10-26 18:34:43 modena root[450137] INFO [containerDaemon450130] [1635269682.081965, '37054791', '339811667', '2274364782', '36979919', '339509839', '734682', '26217763', '36503403', '348626476', '54367843', '777802']
2021-10-26 18:34:43 modena root[450137] INFO [SystemPerfmonDaemon] [1635269682.081965, '1687940', '9161655', '0', '23600447', '14452021', '4208', '5451', '413']
2021-10-26 18:34:44 modena root[450137] INFO [containerDaemon450130] [1635269683.0329404, '37245179', '339269813', '2274039006', '36950129', '339391051', '719168', '25960983', '36579665', '349188174', '53993934', '773713']
2021-10-26 18:34:44 modena root[450137] INFO [SystemPerfmonDaemon] [1635269683.0329404, '973893', '4799437', '0', '10287870', '9385877', '909', '1604', '419']
2021-10-26 18:34:45 modena root[450137] INFO [containerDaemon450130] [1635269683.9839172, '36732814', '339259663', '2274160213', '36900419', '338918009', '720076', '25998945', '36202540', '347937703', '54375567', '778623']
2021-10-26 18:34:45 modena root[450137] INFO [Watcher] Active containers: memtier-benchmark redis-server
2021-10-26 18:34:45 modena root[450137] INFO [SystemPerfmonDaemon] [1635269684.934883, '1565615', '9018967', '0', '24876975', '14793839', '713', '1137', '418']
2021-10-26 18:34:46 modena root[450137] INFO [containerDaemon450130] [1635269684.934883, '37224654', '338345486', '2274016473', '36959171', '338841311', '726930', '25728733', '36630503', '348813629', '54045569', '776287']
2021-10-26 18:34:46 modena root[450137] INFO [SystemPerfmonDaemon] [1635269685.8858566, '849686', '4718102', '0', '9331804', '8914925', '369', '662', '417']
2021-10-26 18:34:47 modena root[450137] INFO [containerDaemon450130] [1635269685.8858566, '36949505', '338999311', '2274052203', '36892104', '338967773', '716713', '25660446', '36591590', '348831892', '53961174', '775628']
2021-10-26 18:34:47 modena root[450137] INFO [SystemPerfmonDaemon] [1635269686.8368244, '1546552', '8603229', '0', '22456226', '13857207', '2929', '4233', '414']
2021-10-26 18:34:48 modena root[450137] INFO [containerDaemon450130] [1635269686.8368244, '37051117', '338616623', '2274109829', '36744724', '338608858', '726714', '25994726', '36351490', '348754209', '54179776', '793282']
2021-10-26 18:34:48 modena root[450137] INFO [SystemPerfmonDaemon] [1635269687.7877963, '853791', '4612669', '0', '12298457', '8970646', '809', '1459', '419']
2021-10-26 18:34:49 modena root[450137] INFO [containerDaemon450130] [1635269687.7877963, '36728502', '338501017', '2274030717', '36908997', '338647478', '721447', '25889283', '35928946', '347666335', '54406128', '788844']
2021-10-26 18:34:49 modena root[450137] INFO [Watcher] Active containers: memtier-benchmark redis-server
2021-10-26 18:34:49 modena root[450137] INFO [SystemPerfmonDaemon] [1635269688.7387664, '1619336', '9227588', '0', '24311309', '14439354', '770', '1198', '421']
2021-10-26 18:34:50 modena root[450137] INFO [containerDaemon450130] [1635269688.7387664, '36797520', '338408754', '2274072146', '36948275', '338373280', '728144', '25965346', '36138708', '348638932', '54249230', '788712']
2021-10-26 18:34:50 modena root[450137] INFO [SystemPerfmonDaemon] [1635269689.6897385, '832892', '4721522', '0', '8611854', '8898199', '548', '969', '417']
2021-10-26 18:34:51 modena root[450137] INFO [containerDaemon450130] [1635269689.6897385, '36982968', '338950709', '2274320734', '36830825', '338820970', '715710', '25788370', '36446508', '347824273', '53888789', '764572']
2021-10-26 18:34:51 modena root[450137] INFO [SystemPerfmonDaemon] [1635269690.6400182, '1552587', '8681354', '0', '22455535', '13946446', '1976', '3148', '418']
2021-10-26 18:34:52 modena root[450137] INFO [containerDaemon450130] [1635269690.6400182, '37043257', '338767817', '2274267395', '36897782', '339005841', '726304', '26138790', '36185798', '348045094', '54365386', '783230']
2021-10-26 18:34:52 modena root[450137] INFO [SystemPerfmonDaemon] [1635269691.5909905, '990028', '4773591', '0', '9278957', '9251389', '1033', '1931', '420']
2021-10-26 18:34:53 modena root[450137] INFO [containerDaemon450130] [1635269691.5909905, '36616683', '338885810', '2274137306', '37136944', '338425983', '720116', '25839823', '36157076', '347874584', '54134896', '770933']
2021-10-26 18:34:53 modena root[450137] INFO [Watcher] Active containers: memtier-benchmark redis-server
2021-10-26 18:34:53 modena root[450137] INFO [SystemPerfmonDaemon] [1635269692.5419638, '1796653', '8998281', '0', '24298341', '15414388', '459', '814', '422']
2021-10-26 18:34:54 modena root[450137] INFO [containerDaemon450130] [1635269692.5419638, '37302527', '338357056', '2274075939', '36862807', '338763765', '726676', '26055541', '36563751', '349558748', '53975101', '772600']
2021-10-26 18:34:54 modena root[450137] INFO [SystemPerfmonDaemon] [1635269693.4929276, '825769', '4655642', '0', '6714505', '8855362', '570', '1020', '419']
2021-10-26 18:34:55 modena root[450137] INFO [containerDaemon450130] [1635269693.4929276, '36871241', '339579864', '2274077216', '37029882', '338770315', '720225', '25983562', '36217454', '348504276', '54324448', '785990']
2021-10-26 18:34:55 modena root[450137] INFO [SystemPerfmonDaemon] [1635269694.4438946, '1545591', '8631559', '0', '22826242', '14127466', '798', '871', '405']
2021-10-26 18:34:56 modena root[450137] INFO [containerDaemon450130] [1635269694.4438946, '37156375', '338512763', '2274113117', '36849916', '338714840', '726170', '25692172', '36546229', '348987052', '54124848', '774070']
2021-10-26 18:34:56 modena root[450137] INFO [SystemPerfmonDaemon] [1635269695.394863, '841242', '4655391', '0', '8406117', '8922307', '2854', '4758', '417']
2021-10-26 18:34:57 modena root[450137] INFO [containerDaemon450130] [1635269695.394863, '36822988', '338945412', '2273953108', '36912421', '338777518', '713980', '25815295', '36461822', '348992674', '54123955', '777312']
2021-10-26 18:34:57 modena root[450137] INFO [SystemPerfmonDaemon] [1635269696.3458307, '1676523', '9092159', '0', '25980731', '15162521', '497', '927', '420']
2021-10-26 18:34:58 modena root[450137] INFO [Watcher] Active containers: memtier-benchmark redis-server
2021-10-26 18:34:58 modena root[450137] INFO [containerDaemon450130] [1635269696.3458307, '37158611', '339097525', '2274132888', '37038773', '339279084', '733699', '26063976', '36316853', '348881944', '54313908', '774687']
2021-10-26 18:34:58 modena root[450137] INFO [SystemPerfmonDaemon] [1635269697.2967982, '831084', '4631977', '0', '8235242', '8851014', '566', '1011', '418']
2021-10-26 18:34:59 modena root[450137] INFO [containerDaemon450130] [1635269698.2477682, '36994609', '339497172', '2273789469', '36933827', '339191946', '716659', '26157675', '36349043', '349296936', '54237703', '773022']
2021-10-26 18:34:59 modena root[450137] INFO [SystemPerfmonDaemon] [1635269698.2477682, '1555084', '9122729', '0', '22685465', '13879294', '406', '734', '422']
2021-10-26 18:35:00 modena root[450137] INFO [containerDaemon450130] [1635269699.198734, '36937147', '339631580', '2274167741', '37133469', '339495914', '735564', '26152414', '36490598', '349014952', '54431588', '767791']
2021-10-26 18:35:00 modena root[450137] INFO [SystemPerfmonDaemon] [1635269699.198734, '837210', '4677497', '0', '8092006', '8891767', '3905', '6214', '417']
2021-10-26 18:35:01 modena root[450137] INFO [containerDaemon450130] [1635269700.149703, '37063555', '339736588', '2274084967', '37005106', '339870290', '727560', '25911561', '36468370', '349784868', '54274605', '762783']
2021-10-26 18:35:01 modena root[450137] INFO [SystemPerfmonDaemon] [1635269700.149703, '1707833', '9026512', '0', '25723166', '14691167', '2472', '3917', '415']
2021-10-26 18:35:02 modena root[450137] INFO [containerDaemon450130] [1635269701.1000152, '37025329', '339848940', '2274159867', '36971655', '339942132', '725605', '25826534', '36511950', '349239783', '54422918', '763663']
2021-10-26 18:35:02 modena root[450137] INFO [Watcher] Active containers: memtier-benchmark redis-server
2021-10-26 18:35:02 modena root[450137] INFO [SystemPerfmonDaemon] [1635269701.1000152, '851697', '5064174', '0', '10876817', '9451451', '1358', '2482', '416']
2021-10-26 18:35:03 modena root[450137] INFO [containerDaemon450130] [1635269702.050979, '36961608', '339907137', '2274143656', '37083383', '340076796', '737715', '26052026', '36378788', '349609155', '54289896', '740589']
2021-10-26 18:35:03 modena root[450137] INFO [SystemPerfmonDaemon] [1635269702.050979, '1745866', '10447329', '0', '25698293', '15840544', '634', '1210', '420']
2021-10-26 18:35:04 modena root[450137] INFO [containerDaemon450130] [1635269703.001947, '36962961', '339178812', '2274198631', '36834491', '339351991', '716250', '26098368', '36432443', '348891966', '54298803', '758993']
2021-10-26 18:35:04 modena root[450137] INFO [SystemPerfmonDaemon] [1635269703.9529147, '836521', '4704362', '0', '11826312', '8932957', '4207', '6575', '415']
2021-10-26 18:35:05 modena root[450137] INFO [containerDaemon450130] [1635269703.9529147, '36748801', '339042884', '2274025979', '37043225', '338979141', '731328', '25841520', '37085779', '345514773', '54230462', '762728']
2021-10-26 18:35:05 modena root[450137] INFO [SystemPerfmonDaemon] [1635269704.9038832, '1867836', '10386755', '0', '34870758', '17551238', '1778', '3177', '418']
2021-10-26 18:35:06 modena root[450137] INFO [containerDaemon450130] [1635269704.9038832, '37243977', '340501448', '2274083212', '37040285', '340144788', '721879', '25874129', '36574607', '349447652', '54260792', '760571']
2021-10-26 18:35:06 modena root[450137] INFO [Watcher] Active containers: memtier-benchmark redis-server
2021-10-26 18:35:06 modena root[450137] INFO [SystemPerfmonDaemon] [1635269705.8548524, '824135', '4667348', '0', '6457115', '8892427', '1223', '2226', '418']
2021-10-26 18:35:07 modena root[450137] INFO [containerDaemon450130] [1635269705.8548524, '37149572', '341291304', '2274082943', '37278491', '341593184', '734969', '25999479', '36878481', '351185132', '54488737', '777228']
2021-10-26 18:35:07 modena root[450137] INFO [SystemPerfmonDaemon] [1635269706.805822, '1580217', '8827600', '0', '23050487', '13725364', '629', '1108', '416']
2021-10-26 18:35:08 modena root[450137] INFO [containerDaemon450130] [1635269706.805822, '37021418', '340523976', '2273913180', '37222433', '341109864', '726029', '26258802', '36696864', '351086361', '54621999', '835218']
2021-10-26 18:35:08 modena root[450137] INFO [SystemPerfmonDaemon] [1635269707.7567894, '843863', '4710189', '0', '11060881', '8903920', '3723', '5688', '416']
2021-10-26 18:35:09 modena root[450137] INFO [containerDaemon450130] [1635269707.7567894, '37410150', '337193773', '2282815030', '36596364', '341756749', '738961', '26239390', '37165215', '349488090', '53002825', '777082']
2021-10-26 18:35:09 modena root[450137] INFO [SystemPerfmonDaemon] [1635269708.707761, '1735151', '9462852', '0', '35585909', '21578128', '84528', '135237', '389']
2021-10-26 18:35:10 modena root[450137] INFO [containerDaemon450130] [1635269708.707761, '37172960', '341844191', '2274240876', '37218534', '341647099', '737800', '25779035', '36616498', '350942150', '54654554', '765590']
2021-10-26 18:35:10 modena root[450137] INFO [Watcher] Active containers: memtier-benchmark redis-server
2021-10-26 18:35:10 modena root[450137] INFO [SystemPerfmonDaemon] [1635269709.6587305, '950156', '4717724', '0', '10356083', '9319118', '21843', '5610', '384']
2021-10-26 18:35:11 modena root[450137] INFO [containerDaemon450130] [1635269709.6587305, '37242920', '341333864', '2274076316', '37191582', '341161182', '719822', '25762897', '36634506', '350635924', '54622023', '771265']
2021-10-26 18:35:11 modena root[450137] INFO [SystemPerfmonDaemon] [1635269710.6097019, '1831910', '11083308', '0', '34120286', '21367141', '7910', '2765', '383']
2021-10-26 18:35:12 modena root[450137] INFO [containerDaemon450130] [1635269710.6097019, '37066218', '340390351', '2274060337', '37138986', '340914434', '734930', '25944854', '36509550', '349783854', '54504312', '772187']
2021-10-26 18:35:12 modena root[450137] INFO [SystemPerfmonDaemon] [1635269711.5600262, '840135', '4658976', '0', '9397623', '8983433', '8350', '2324', '378']
2021-10-26 18:35:13 modena root[450137] INFO [containerDaemon450130] [1635269711.5600262, '37199792', '341302655', '2274005166', '37162135', '340908710', '720387', '26076476', '36608598', '350501606', '54412904', '745678']
2021-10-26 18:35:13 modena root[450137] INFO [SystemPerfmonDaemon] [1635269712.511001, '1518727', '9704931', '0', '22513271', '13840703', '34161', '12886', '385']
2021-10-26 18:35:14 modena root[450137] INFO [containerDaemon450130] [1635269712.511001, '37068871', '340609182', '2274316171', '37161042', '341065246', '734966', '26251253', '37959494', '348764999', '53812437', '778578']
2021-10-26 18:35:14 modena root[450137] INFO [SystemPerfmonDaemon] [1635269713.4619749, '838224', '4581318', '0', '7301466', '8931620', '8723', '5065', '392']
2021-10-26 18:35:15 modena root[450137] INFO [Watcher] Active containers: memtier-benchmark redis-server
2021-10-26 18:35:15 modena root[450137] INFO [containerDaemon450130] [1635269713.4619749, '36970237', '341082951', '2274071802', '37213893', '340996416', '738536', '26153164', '36524382', '350238283', '54467030', '743632']
2021-10-26 18:35:15 modena root[450137] INFO [SystemPerfmonDaemon] [1635269714.4129508, '1558435', '8978180', '0', '24795875', '14665670', '2704', '1614', '391']
2021-10-26 18:35:16 modena root[450137] INFO [containerDaemon450130] [1635269714.4129508, '37144081', '340792411', '2274036479', '37129498', '340790643', '727513', '25969229', '36614777', '349316201', '54546871', '761461']
2021-10-26 18:35:16 modena root[450137] INFO [SystemPerfmonDaemon] [1635269715.3639278, '821413', '4627558', '0', '10589564', '8915563', '1389', '832', '392']
2021-10-26 18:35:17 modena root[450137] INFO [containerDaemon450130] [1635269715.3639278, '37162058', '341217785', '2274094024', '37015673', '339887314', '740870', '26092969', '36765543', '350535126', '54329411', '751601']
2021-10-26 18:35:17 modena root[450137] INFO [SystemPerfmonDaemon] [1635269716.3149116, '1534917', '8589944', '0', '22820443', '13722725', '11165', '8127', '398']
2021-10-26 18:35:18 modena root[450137] INFO [containerDaemon450130] [1635269717.265896, '37267501', '340979391', '2274119067', '37198008', '340958837', '727216', '25817282', '36470384', '349848404', '54678209', '758596']
2021-10-26 18:35:18 modena root[450137] INFO [SystemPerfmonDaemon] [1635269717.265896, '836442', '4718211', '0', '9547230', '8878536', '1325', '1750', '400']
2021-10-26 18:35:19 modena root[450137] INFO [containerDaemon450130] [1635269718.2168734, '36920703', '341217068', '2274316500', '37172228', '341214893', '731587', '26029317', '36800973', '351297556', '54522835', '751063']
2021-10-26 18:35:19 modena root[450137] INFO [Watcher] Active containers: memtier-benchmark redis-server
2021-10-26 18:35:19 modena root[450137] INFO [SystemPerfmonDaemon] [1635269718.2168734, '1750241', '9233827', '0', '25065395', '15071204', '2443', '1651', '400']
2021-10-26 18:35:20 modena root[450137] INFO [containerDaemon450130] [1635269719.167853, '37127335', '341201139', '2274061137', '37107655', '341456633', '733910', '26373864', '36809798', '351658368', '54497999', '750374']
2021-10-26 18:35:20 modena root[450137] INFO [SystemPerfmonDaemon] [1635269719.167853, '868875', '4617461', '0', '10742451', '8946351', '1103', '1558', '411']
2021-10-26 18:35:21 modena root[450137] INFO [containerDaemon450130] [1635269720.1188314, '37058369', '340913268', '2274101801', '37148692', '341394981', '736928', '26239976', '36742943', '350503405', '54474912', '727345']
2021-10-26 18:35:21 modena root[450137] INFO [SystemPerfmonDaemon] [1635269720.1188314, '1541400', '8618440', '0', '22252840', '13823086', '8518', '7966', '403']
2021-10-26 18:35:22 modena root[450137] INFO [containerDaemon450130] [1635269721.0698068, '37086922', '342407554', '2274260110', '37052438', '342423890', '743758', '26494526', '36712928', '351920179', '54512266', '709551']
2021-10-26 18:35:22 modena root[450137] INFO [SystemPerfmonDaemon] [1635269721.0698068, '853830', '5034459', '0', '12462916', '9439855', '1272', '1890', '413']
2021-10-26 18:35:23 modena root[450137] INFO [containerDaemon450130] [1635269722.0200307, '37180223', '343386046', '2274280537', '37358067', '343008650', '741579', '25998145', '36551931', '352452160', '54688542', '692145']
2021-10-26 18:35:23 modena root[450137] INFO [Watcher] Active containers: memtier-benchmark redis-server
2021-10-26 18:35:23 modena root[450137] INFO [SystemPerfmonDaemon] [1635269722.0200307, '1996995', '9723386', '0', '25872115', '16225502', '786', '1091', '410']
2021-10-26 18:35:24 modena root[450137] INFO [containerDaemon450130] [1635269722.9710078, '37251847', '343868597', '2274090537', '37324333', '344119468', '739172', '26378007', '36766107', '352669555', '54829173', '685574']
2021-10-26 18:35:24 modena root[450137] INFO [SystemPerfmonDaemon] [1635269723.9219906, '840536', '4586538', '0', '10029311', '8885763', '1052', '1508', '409']
2021-10-26 18:35:25 modena root[450137] INFO [containerDaemon450130] [1635269723.9219906, '37210298', '343442296', '2274334007', '37262304', '343732576', '742543', '26252814', '36902271', '353434230', '54741217', '689081']
2021-10-26 18:35:25 modena root[450137] INFO [SystemPerfmonDaemon] [1635269724.8729746, '1510300', '8679635', '0', '23154285', '13741783', '3257', '3813', '409']
2021-10-26 18:35:26 modena root[450137] INFO [containerDaemon450130] [1635269724.8729746, '37071453', '343397635', '2274379237', '37277252', '343301289', '743056', '26273640', '36893175', '353059723', '54666022', '715460']
2021-10-26 18:35:26 modena root[450137] INFO [SystemPerfmonDaemon] [1635269725.823964, '896366', '4599509', '0', '8081415', '9299715', '1188', '2070', '418']
2021-10-26 18:35:27 modena root[450137] INFO [containerDaemon450130] [1635269725.823964, '37157222', '343395334', '2274516518', '37330168', '343402208', '745749', '26119105', '36984556', '352727509', '54705645', '709613']
2021-10-26 18:35:27 modena root[450137] INFO [SystemPerfmonDaemon] [1635269726.774942, '1631335', '9109997', '0', '24615161', '14556302', '526', '822', '415']
2021-10-26 18:35:27 modena root[450137] INFO [Watcher] Active containers: memtier-benchmark redis-server
2021-10-26 18:35:28 modena root[450137] INFO [containerDaemon450130] [1635269726.774942, '37211945', '343370132', '2274188367', '37320375', '343175430', '744754', '26197440', '36905358', '352764840', '54698507', '702916']
2021-10-26 18:35:28 modena root[450137] INFO [SystemPerfmonDaemon] [1635269727.7259133, '855185', '4655254', '0', '7970065', '8917556', '570', '788', '411']
2021-10-26 18:35:29 modena root[450137] INFO [containerDaemon450130] [1635269727.7259133, '37156490', '343557710', '2274403032', '37312291', '343376479', '743613', '26128560', '36906186', '353261344', '54737564', '709791']
2021-10-26 18:35:29 modena root[450137] INFO [SystemPerfmonDaemon] [1635269728.6768894, '1535770', '8644171', '0', '22518817', '13972921', '870', '1059', '410']
2021-10-26 18:35:30 modena root[450137] INFO [containerDaemon450130] [1635269728.6768894, '37095132', '342166382', '2274449734', '37180913', '343282841', '739272', '26107799', '36842308', '352548153', '54773531', '710167']
2021-10-26 18:35:30 modena root[450137] INFO [SystemPerfmonDaemon] [1635269729.6278644, '837829', '4571220', '0', '11899293', '8883476', '5787', '8074', '413']
2021-10-26 18:35:31 modena root[450137] INFO [containerDaemon450130] [1635269729.6278644, '37198583', '343566802', '2274622919', '37243700', '343481679', '746063', '26266603', '36872837', '353534245', '54732345', '710516']
2021-10-26 18:35:31 modena root[450137] INFO [SystemPerfmonDaemon] [1635269730.5788417, '1629412', '9725049', '0', '25485877', '14517348', '781', '1375', '419']
2021-10-26 18:35:32 modena root[450137] INFO [Watcher] Active containers: memtier-benchmark redis-server
2021-10-26 18:35:32 modena root[450137] INFO [containerDaemon450130] [1635269730.5788417, '37200054', '343344228', '2274472115', '37181414', '343077254', '742717', '26103267', '36554545', '353030761', '54785523', '701678']
2021-10-26 18:35:32 modena root[450137] INFO [SystemPerfmonDaemon] [1635269731.529813, '833061', '4648342', '0', '10047559', '8883989', '677', '1103', '417']
2021-10-26 18:35:33 modena root[450137] INFO [containerDaemon450130] [1635269731.529813, '37159226', '343615702', '2274656836', '37202774', '342637722', '734519', '26346010', '37009628', '352765143', '54802364', '701233']
2021-10-26 18:35:33 modena root[450137] INFO [SystemPerfmonDaemon] [1635269732.4800363, '1499546', '9589136', '0', '22853617', '13881387', '503', '856', '417']
2021-10-26 18:35:34 modena root[450137] INFO [containerDaemon450130] [1635269732.4800363, '37318814', '343405277', '2274638931', '37326622', '343259154', '747281', '26072756', '38132354', '350622672', '54735489', '699594']
2021-10-26 18:35:34 modena root[450137] INFO [SystemPerfmonDaemon] [1635269733.4310133, '937638', '4725331', '0', '10927342', '9150296', '5459', '7643', '412']
2021-10-26 18:35:35 modena root[450137] INFO [containerDaemon450130] [1635269733.4310133, '37439383', '343001740', '2274573615', '37320578', '343111082', '744221', '26251670', '36600189', '352890937', '54866456', '698318']
2021-10-26 18:35:35 modena root[450137] INFO [SystemPerfmonDaemon] [1635269734.3819938, '1636010', '8954845', '0', '24448573', '15071829', '837', '1549', '419']
2021-10-26 18:35:36 modena root[450137] INFO [containerDaemon450130] [1635269734.3819938, '37114751', '343292596', '2274009363', '37392877', '343290728', '733499', '26230802', '36917454', '352786015', '54790295', '694802']
2021-10-26 18:35:36 modena root[450137] INFO [Watcher] Active containers: memtier-benchmark redis-server
2021-10-26 18:35:36 modena root[450137] INFO [SystemPerfmonDaemon] [1635269735.33297, '854920', '4571272', '0', '9624011', '8931246', '784', '1340', '415']
2021-10-26 18:35:37 modena root[450137] INFO [containerDaemon450130] [1635269736.2839456, '37228006', '342420097', '2274159638', '37092390', '343087539', '741575', '26228364', '36854433', '352606088', '54774274', '709555']
2021-10-26 18:35:37 modena root[450137] INFO [SystemPerfmonDaemon] [1635269736.2839456, '1577563', '8861589', '0', '22838667', '13630299', '506', '886', '419']
2021-10-26 18:35:38 modena root[450137] INFO [containerDaemon450130] [1635269737.2349226, '37118197', '343199303', '2274255751', '37276413', '343146739', '743184', '26170721', '36927887', '353437283', '54588186', '708001']
2021-10-26 18:35:38 modena root[450137] INFO [SystemPerfmonDaemon] [1635269737.2349226, '826918', '4668058', '0', '10265123', '8903334', '4342', '6478', '416']
2021-10-26 18:35:39 modena root[450137] INFO [containerDaemon450130] [1635269738.185895, '37057785', '342413175', '2274034185', '37416666', '343124045', '733461', '26039023', '36895079', '352890368', '54767588', '706844']
2021-10-26 18:35:39 modena root[450137] INFO [SystemPerfmonDaemon] [1635269738.185895, '1577723', '9194704', '0', '24835616', '14745883', '2020', '3346', '418']
2021-10-26 18:35:40 modena root[450137] INFO [containerDaemon450130] [1635269739.1368742, '37186530', '343226895', '2273799318', '37277287', '343154126', '744746', '26162788', '36880616', '353027160', '54758702', '695266']
2021-10-26 18:35:40 modena root[450137] INFO [Watcher] Active containers: memtier-benchmark redis-server
2021-10-26 18:35:40 modena root[450137] INFO [SystemPerfmonDaemon] [1635269739.1368742, '837252', '4681522', '0', '10635622', '8970541', '2407', '3694', '417']
2021-10-26 18:35:41 modena root[450137] INFO [containerDaemon450130] [1635269740.0878508, '37167336', '343198973', '2274251530', '37305224', '343072611', '744786', '26168154', '36870164', '352702422', '54706917', '699880']
2021-10-26 18:35:41 modena root[450137] INFO [SystemPerfmonDaemon] [1635269740.0878508, '1504032', '9670809', '0', '23458189', '13880920', '869', '1656', '420']
2021-10-26 18:35:42 modena root[450137] INFO [containerDaemon450130] [1635269741.0388217, '37152226', '343216956', '2274145405', '37282444', '343120228', '733884', '26071916', '36949511', '352775082', '54827605', '709941']
2021-10-26 18:35:42 modena root[450137] INFO [SystemPerfmonDaemon] [1635269741.0388217, '843447', '5081762', '0', '11040417', '9424316', '3327', '4525', '412']
2021-10-26 18:35:43 modena root[450137] INFO [containerDaemon450130] [1635269741.9897912, '37172807', '343223059', '2274156239', '37222786', '342763506', '749992', '26326355', '36884104', '350889645', '53108179', '692880']
2021-10-26 18:35:43 modena root[450137] INFO [SystemPerfmonDaemon] [1635269742.9400322, '1626423', '10311196', '0', '24500620', '14728819', '1582', '2991', '420']
2021-10-26 18:35:44 modena root[450137] INFO [containerDaemon450130] [1635269742.9400322, '37362433', '343041629', '2274486542', '37225616', '343157111', '749042', '26291513', '36626440', '351387365', '53012461', '703118']
2021-10-26 18:35:44 modena root[450137] INFO [SystemPerfmonDaemon] [1635269743.8910265, '918250', '4621204', '0', '11292849', '9117924', '767', '1369', '420']
2021-10-26 18:35:45 modena root[450137] INFO [Watcher] Active containers: memtier-benchmark redis-server
2021-10-26 18:35:45 modena root[450137] INFO [containerDaemon450130] [1635269743.8910265, '37201221', '342957504', '2274159592', '37164634', '342964446', '737693', '25978559', '36932593', '352757494', '54701508', '703551']
2021-10-26 18:35:45 modena root[450137] INFO [SystemPerfmonDaemon] [1635269744.8420172, '1707460', '9889463', '0', '24961482', '15040874', '738', '1323', '419']
2021-10-26 18:35:46 modena root[450137] INFO [containerDaemon450130] [1635269744.8420172, '37180772', '343359225', '2274326566', '37300351', '343302470', '740903', '26159874', '36781935', '352792511', '54781043', '698655']
2021-10-26 18:35:46 modena root[450137] INFO [SystemPerfmonDaemon] [1635269745.7930033, '911117', '4658010', '0', '10761474', '9327984', '380', '705', '421']
2021-10-26 18:35:47 modena root[450137] INFO [containerDaemon450130] [1635269745.7930033, '37186673', '342873901', '2273907220', '37313591', '342878406', '746439', '26100531', '36935773', '352621211', '54730778', '693905']
2021-10-26 18:35:47 modena root[450137] INFO [SystemPerfmonDaemon] [1635269746.7439802, '1464607', '9491489', '0', '23496631', '13826183', '5130', '7785', '414']
2021-10-26 18:35:48 modena root[450137] INFO [containerDaemon450130] [1635269746.7439802, '37418746', '342974603', '2273997478', '37269917', '342917713', '737473', '26136025', '36571796', '352948579', '54746446', '675980']
2021-10-26 18:35:48 modena root[450137] INFO [SystemPerfmonDaemon] [1635269747.6949577, '808185', '4644262', '0', '7612429', '8925226', '777', '1473', '420']
2021-10-26 18:35:49 modena root[450137] INFO [Watcher] Active containers: memtier-benchmark redis-server
2021-10-26 18:35:49 modena root[450137] INFO [containerDaemon450130] [1635269747.6949577, '37179461', '342905864', '2274050980', '37178240', '342828250', '748825', '26232828', '36682271', '352227013', '54749198', '708236']
2021-10-26 18:35:49 modena root[450137] INFO [SystemPerfmonDaemon] [1635269748.6459332, '1715160', '9633580', '0', '25720151', '15159852', '940', '1581', '422']
2021-10-26 18:35:50 modena root[450137] INFO [containerDaemon450130] [1635269748.6459332, '37307392', '342748703', '2275345492', '37092456', '342580238', '746945', '26123863', '36609427', '352359994', '54609165', '701876']
2021-10-26 18:35:50 modena root[450137] INFO [SystemPerfmonDaemon] [1635269749.5969098, '809941', '4677862', '0', '8797549', '8902110', '606', '1136', '420']
2021-10-26 18:35:51 modena root[450137] INFO [containerDaemon450130] [1635269749.5969098, '37146501', '342807159', '2274060518', '37190173', '342590658', '734841', '26084832', '36803415', '352211894', '54699707', '709934']
2021-10-26 18:35:51 modena root[450137] INFO [SystemPerfmonDaemon] [1635269750.547883, '1498224', '9302295', '0', '22629706', '14175788', '3898', '6464', '417']
2021-10-26 18:35:52 modena root[450137] INFO [containerDaemon450130] [1635269750.547883, '37423400', '343122788', '2274144848', '37095165', '342829710', '749352', '26290213', '36605518', '352813213', '54652160', '701042']
2021-10-26 18:35:52 modena root[450137] INFO [SystemPerfmonDaemon] [1635269751.4988594, '953585', '4775153', '0', '11124987', '9448933', '860', '1687', '423']
2021-10-26 18:35:53 modena root[450137] INFO [containerDaemon450130] [1635269751.4988594, '37040369', '343221570', '2274222991', '37182599', '343227519', '743290', '26242911', '36814261', '353232285', '54753225', '701968']
2021-10-26 18:35:53 modena root[450137] INFO [Watcher] Active containers: memtier-benchmark redis-server
2021-10-26 18:35:53 modena root[450137] INFO [SystemPerfmonDaemon] [1635269752.4498382, '1564894', '9523801', '0', '25179323', '15006151', '683', '1328', '423']
2021-10-26 18:35:54 modena root[450137] INFO [containerDaemon450130] [1635269752.4498382, '37105505', '343343040', '2274145456', '37183163', '343471538', '742454', '26209400', '37019286', '352922473', '54869361', '704757']
2021-10-26 18:35:54 modena root[450137] INFO [SystemPerfmonDaemon] [1635269753.4000218, '841247', '4571576', '0', '8592972', '8918975', '479', '875', '420']
2021-10-26 18:35:55 modena root[450137] INFO [containerDaemon450130] [1635269753.4000218, '37310686', '343020978', '2274134832', '37177397', '343574325', '742315', '25970896', '36723107', '352665839', '54634061', '707891']
2021-10-26 18:35:55 modena root[450137] INFO [SystemPerfmonDaemon] [1635269754.350997, '1532191', '8597827', '0', '23440972', '13480525', '2688', '4118', '415']
2021-10-26 18:35:56 modena root[450137] INFO [containerDaemon450130] [1635269755.3019702, '37281603', '343267588', '2273937008', '37221149', '343082301', '742652', '26005382', '38010139', '351285211', '54651536', '704592']
2021-10-26 18:35:56 modena root[450137] INFO [SystemPerfmonDaemon] [1635269755.3019702, '836523', '4702559', '0', '9564020', '8911966', '918', '1805', '421']
2021-10-26 18:35:57 modena root[450137] INFO [containerDaemon450130] [1635269756.2529516, '36973070', '343138342', '2273907877', '37151659', '343241086', '736567', '26054809', '36978597', '352957388', '54760684', '699334']
2021-10-26 18:35:57 modena root[450137] INFO [Watcher] Active containers: memtier-benchmark redis-server
2021-10-26 18:35:57 modena root[450137] INFO [SystemPerfmonDaemon] [1635269756.2529516, '1650306', '9501101', '0', '25378041', '14838384', '500', '961', '423']
2021-10-26 18:35:58 modena root[450137] INFO [containerDaemon450130] [1635269757.2039294, '36995507', '343347077', '2273896836', '37181973', '343303336', '747118', '26432101', '36895354', '353326819', '54834862', '696624']
2021-10-26 18:35:58 modena root[450137] INFO [SystemPerfmonDaemon] [1635269757.2039294, '838896', '4684563', '0', '10421248', '8930516', '410', '766', '420']
2021-10-26 18:35:59 modena root[450137] INFO [containerDaemon450130] [1635269758.1549034, '37292945', '343516660', '2274213294', '37391547', '342884918', '747510', '26090027', '36844083', '352837383', '54874242', '692783']
2021-10-26 18:35:59 modena root[450137] INFO [SystemPerfmonDaemon] [1635269758.1549034, '1540117', '9173799', '0', '23085042', '13706294', '618', '914', '418']
2021-10-26 18:36:00 modena root[450137] INFO [containerDaemon450130] [1635269759.105876, '37139265', '343584560', '2274014054', '37133104', '342352208', '735877', '26059716', '36950571', '353275502', '54743882', '691460']
2021-10-26 18:36:00 modena root[450137] INFO [SystemPerfmonDaemon] [1635269759.105876, '920595', '4979282', '0', '8676618', '9110997', '4874', '7730', '416']
2021-10-26 18:36:01 modena root[450137] INFO [containerDaemon450130] [1635269760.0568476, '37273097', '343353970', '2274038943', '37284643', '343128983', '744243', '26225836', '36906974', '352543741', '54778048', '693487']
2021-10-26 18:36:01 modena root[450137] INFO [SystemPerfmonDaemon] [1635269760.0568476, '1631191', '9381103', '0', '25536135', '15438896', '757', '1403', '419']
2021-10-26 18:36:02 modena root[450137] INFO [Watcher] Active containers: memtier-benchmark redis-server
2021-10-26 18:36:02 modena root[450137] INFO [containerDaemon450130] [1635269761.00782, '37285962', '343135774', '2274235471', '37305637', '343258011', '743486', '26316838', '36776454', '352810675', '54827623', '699789']
2021-10-26 18:36:02 modena root[450137] INFO [SystemPerfmonDaemon] [1635269761.9588003, '838717', '5128910', '0', '9301027', '9472417', '537', '1033', '421']
2021-10-26 18:36:03 modena root[450137] INFO [containerDaemon450130] [1635269761.9588003, '37323236', '343226429', '2274117663', '37301182', '343126971', '739252', '26320705', '36582371', '352558211', '54740666', '688369']
2021-10-26 18:36:03 modena root[450137] INFO [SystemPerfmonDaemon] [1635269762.9097836, '1784030', '11793138', '0', '26077740', '16851952', '450', '884', '425']
2021-10-26 18:36:04 modena root[450137] INFO [containerDaemon450130] [1635269762.9097836, '37415131', '343082530', '2274224247', '37207756', '343132613', '749473', '25913492', '36746625', '352897202', '54811087', '695125']
2021-10-26 18:36:04 modena root[450137] INFO [SystemPerfmonDaemon] [1635269763.860029, '826556', '4698668', '0', '14320417', '9051464', '2568', '4319', '419']
2021-10-26 18:36:05 modena root[450137] INFO [containerDaemon450130] [1635269763.860029, '37198231', '342646441', '2273806207', '37270215', '342691586', '745491', '26048506', '36845662', '352385292', '54804649', '695864']
2021-10-26 18:36:05 modena root[450137] INFO [SystemPerfmonDaemon] [1635269764.8110075, '1649774', '13020062', '0', '34318312', '19833999', '765', '1425', '421']
2021-10-26 18:36:06 modena root[450137] INFO [containerDaemon450130] [1635269764.8110075, '37245582', '342842692', '2273988562', '37080383', '342823788', '736332', '26211885', '36884170', '352853426', '54697414', '701072']
2021-10-26 18:36:06 modena root[450137] INFO [Watcher] Active containers: memtier-benchmark redis-server
2021-10-26 18:36:06 modena root[450137] INFO [SystemPerfmonDaemon] [1635269765.7619836, '831597', '4636882', '0', '11632312', '8932597', '650', '1250', '418']
2021-10-26 18:36:07 modena root[450137] INFO [containerDaemon450130] [1635269765.7619836, '37170472', '343032388', '2274124345', '37197416', '343024416', '742454', '26022843', '36914841', '352537510', '54734002', '696862']
2021-10-26 18:36:07 modena root[450137] INFO [SystemPerfmonDaemon] [1635269766.7129607, '1471062', '9322535', '0', '23126793', '13637297', '365', '715', '421']
2021-10-26 18:36:08 modena root[450137] INFO [containerDaemon450130] [1635269766.7129607, '37271572', '342858264', '2273951159', '37334925', '343050298', '748054', '26108415', '36595351', '353162833', '54738843', '691059']
2021-10-26 18:36:08 modena root[450137] INFO [SystemPerfmonDaemon] [1635269767.6639357, '826275', '4777037', '0', '8547477', '8955364', '2846', '4282', '415']
2021-10-26 18:36:09 modena root[450137] INFO [containerDaemon450130] [1635269767.6639357, '37159278', '343233496', '2274317646', '37185286', '342933788', '743186', '26146283', '36785531', '352022002', '54733758', '686531']
2021-10-26 18:36:09 modena root[450137] INFO [SystemPerfmonDaemon] [1635269768.6149218, '1673238', '9840759', '0', '25193182', '14808879', '1681', '2705', '419']
2021-10-26 18:36:10 modena root[450137] INFO [containerDaemon450130] [1635269768.6149218, '37370599', '343883203', '2282784873', '36550022', '342115195', '751453', '26077021', '37171613', '354073625', '55038299', '702651']
2021-10-26 18:36:10 modena root[450137] INFO [Watcher] Active containers: memtier-benchmark redis-server
2021-10-26 18:36:10 modena root[450137] INFO [SystemPerfmonDaemon] [1635269769.5659027, '839402', '4674470', '0', '8865587', '8945345', '84947', '137940', '392']
2021-10-26 18:36:11 modena root[450137] INFO [containerDaemon450130] [1635269769.5659027, '28121919', '261326781', '1736703481', '28426920', '261275961', '536057', '19906392', '27775367', '268738433', '41298072', '829570']
2021-10-26 18:36:11 modena root[450137] INFO [SystemPerfmonDaemon] [1635269770.5168831, '1481156', '9325477', '0', '22403337', '13750110', '2050', '1088', '387']
2021-10-26 18:36:12 modena root[450137] WARNING [containerDaemon450130] Event cache-misses not counted
2021-10-26 18:36:12 modena root[450137] WARNING [containerDaemon450130] Event cache-references not counted
2021-10-26 18:36:12 modena root[450137] WARNING [containerDaemon450130] Event cpu-cycles not counted
2021-10-26 18:36:12 modena root[450137] WARNING [containerDaemon450130] Event L1-dcache-prefetches not counted
2021-10-26 18:36:12 modena root[450137] WARNING [containerDaemon450130] Event L1-dcache-store-misses not counted
2021-10-26 18:36:12 modena root[450137] WARNING [containerDaemon450130] Event L1-icache-load-misses not counted
2021-10-26 18:36:12 modena root[450137] WARNING [containerDaemon450130] Event L1-icache-loads not counted
2021-10-26 18:36:12 modena root[450137] WARNING [containerDaemon450130] Event L1-icache-prefetches not counted
2021-10-26 18:36:12 modena root[450137] WARNING [containerDaemon450130] Event L2-load-misses not counted
2021-10-26 18:36:12 modena root[450137] INFO [SystemPerfmonDaemon] [1635269771.4678605, '934056', '4765241', '0', '9714005', '8966680', '77282', '19644', '374']
2021-10-26 18:36:13 modena root[450137] WARNING [containerDaemon450130] Event cache-misses not counted
2021-10-26 18:36:13 modena root[450137] WARNING [containerDaemon450130] Event cache-references not counted
2021-10-26 18:36:13 modena root[450137] WARNING [containerDaemon450130] Event cpu-cycles not counted
2021-10-26 18:36:13 modena root[450137] WARNING [containerDaemon450130] Event L1-icache-load-misses not counted
2021-10-26 18:36:13 modena root[450137] WARNING [containerDaemon450130] Event L1-icache-loads not counted
2021-10-26 18:36:13 modena root[450137] WARNING [containerDaemon450130] Event L1-icache-prefetches not counted
2021-10-26 18:36:13 modena root[450137] WARNING [containerDaemon450130] Event L2-load-misses not counted
2021-10-26 18:36:13 modena root[450137] INFO [SystemPerfmonDaemon] [1635269772.4188454, '1736442', '9404781', '0', '24149281', '14456643', '22450', '4457', '374']
2021-10-26 18:36:14 modena root[450137] WARNING [containerDaemon450130] Event cache-misses not counted
2021-10-26 18:36:14 modena root[450137] WARNING [containerDaemon450130] Event cache-references not counted
2021-10-26 18:36:14 modena root[450137] WARNING [containerDaemon450130] Event cpu-cycles not counted
2021-10-26 18:36:14 modena root[450137] WARNING [containerDaemon450130] Event L1-dcache-load-misses not counted
2021-10-26 18:36:14 modena root[450137] WARNING [containerDaemon450130] Event L1-dcache-loads not counted
2021-10-26 18:36:14 modena root[450137] WARNING [containerDaemon450130] Event L1-dcache-store-misses not counted
2021-10-26 18:36:14 modena root[450137] WARNING [containerDaemon450130] Event L1-icache-load-misses not counted
2021-10-26 18:36:14 modena root[450137] WARNING [containerDaemon450130] Event L1-icache-loads not counted
2021-10-26 18:36:14 modena root[450137] WARNING [containerDaemon450130] Event L1-icache-prefetches not counted
2021-10-26 18:36:14 modena root[450137] WARNING [containerDaemon450130] Event L2-load-misses not counted
2021-10-26 18:36:14 modena root[450137] INFO [Watcher] Active containers: redis-server
2021-10-26 18:36:14 modena root[450137] INFO [SystemPerfmonDaemon] [1635269773.3698275, '829182', '4689521', '0', '9993998', '8952000', '721', '231', '379']
2021-10-26 18:36:15 modena root[450137] WARNING [containerDaemon450130] Event cache-misses not counted
2021-10-26 18:36:15 modena root[450137] WARNING [containerDaemon450130] Event cache-references not counted
2021-10-26 18:36:15 modena root[450137] WARNING [containerDaemon450130] Event cpu-cycles not counted
2021-10-26 18:36:15 modena root[450137] WARNING [containerDaemon450130] Event L1-dcache-load-misses not counted
2021-10-26 18:36:15 modena root[450137] WARNING [containerDaemon450130] Event L1-dcache-loads not counted
2021-10-26 18:36:15 modena root[450137] WARNING [containerDaemon450130] Event L1-dcache-store-misses not counted
2021-10-26 18:36:15 modena root[450137] WARNING [containerDaemon450130] Event L1-icache-load-misses not counted
2021-10-26 18:36:15 modena root[450137] WARNING [containerDaemon450130] Event L1-icache-loads not counted
2021-10-26 18:36:15 modena root[450137] WARNING [containerDaemon450130] Event L1-icache-prefetches not counted
2021-10-26 18:36:15 modena root[450137] WARNING [containerDaemon450130] Event L2-load-misses not counted
2021-10-26 18:36:15 modena root[450137] CRITICAL [Watcher] Catched SIGINT... Cleaning up, please be patient
2021-10-26 18:36:15 modena root[450137] INFO [Watcher] Killing perf subprocesses
2021-10-26 18:36:15 modena root[450137] INFO [containerDaemon450130] Terminating PerfmonDaemon PID 450130 of container redis-server
2021-10-26 18:36:15 modena root[450137] INFO [['1635269650.7015367' '14052555' '126964920' ... '134813275' '20173417'
  '211137']
 ['1635269653.554473' '35504492' '345343541' ... '351273984' '53318704'
  '567017']
 ['1635269654.5054448' '35968247' '345320137' ... '350233746' '53253410'
  '559070']
 ...
 ['1635269767.6639357' '37159278' '343233496' ... '352022002' '54733758'
  '686531']
 ['1635269768.6149218' '37370599' '343883203' ... '354073625' '55038299'
  '702651']
 ['1635269769.5659027' '28121919' '261326781' ... '268738433' '41298072'
  '829570']]
2021-10-26 18:36:15 modena root[450137] INFO [containerDaemon450130] Results saved in /nfs_homes/dmasouros/project/src/profile/redis/requests//1635269647/results_redis-server_450130_perf.out
2021-10-26 18:36:15 modena root[450137] INFO [SystemPerfmonDaemon] Terminating FPGA monitoring subprocess
2021-10-26 18:36:15 modena root[450137] INFO [SystemPerfmonDaemon] Terminating Socket's monitoring subprocess
2021-10-26 18:36:15 modena root[450137] INFO (125, 9)
2021-10-26 18:36:15 modena root[450137] INFO [SystemPerfmonDaemon] System's monitoring results saved in /nfs_homes/dmasouros/project/src/profile/redis/requests//1635269647/sysmon_results_perf.out
2021-10-26 18:36:17 modena root[450137] INFO Everything cleaned up. Thanks for using me :)
