1635341738.7118587,12455357,93873465,905201588,11857919,89856603,225920,8792529,12601723,83625916,5531516,328683
1635341738.8119795,11926162,106697176,861867849,11936462,91568472,263623,8700063,10893745,93113379,9899375,465258
1635341738.912099,9985932,94691877,741222410,10860385,100472043,246938,9762173,11106885,106818616,16988852,414189
1635341739.0122178,11417030,102771114,731405125,11027977,100461228,246217,9737837,11094405,106421150,17403613,415528
1635341739.1123369,11221606,101624908,739419794,11435494,102746558,236112,9426135,10833096,106466786,17284248,420345
1635341739.212456,11396188,102639563,719831313,11368591,101333146,241732,9699842,11193637,107577763,17235306,419450
1635341739.312574,11341873,103222622,721392055,11389128,102966291,245382,9993094,11399165,107363762,17068324,417137
1635341739.412693,11392595,103251307,721456283,11380457,102631885,249044,9890657,11441242,107848524,17133741,416566
1635341739.5128124,11044004,99084850,699847292,11087512,100601721,239146,9807663,11198681,105114387,16727276,401963
1635341739.6129313,11354746,102615983,721715685,11385246,102957901,254772,10338682,11413098,107671443,17146485,415783
1635341739.713051,11316220,101931750,719396844,11419805,102802229,244956,10094008,11496857,108622204,17215961,422184
1635341739.8131707,11349114,103027667,723457323,11286135,102281628,242906,10024004,11525676,108593569,16974142,479082
1635341739.913291,11399806,102822828,724984694,11417645,103523135,248702,10302133,11532441,108563256,17334195,425025
1635341740.0134122,11315393,101772738,719191365,11409772,103300537,241169,10157805,11535039,108459417,17241136,419676
1635341740.1135314,11374500,103503085,726034072,11467344,103793868,248225,10213507,11462674,108193039,17274026,426950
1635341740.213651,11449572,103290890,725930985,11460959,103357638,247584,10290077,11541941,109155445,17393193,426390
1635341740.3137822,11290024,100988023,715692253,11334675,102842839,239526,10021194,12256113,105388288,16198209,423432
1635341740.4139075,11508298,103626856,729673672,11533858,103886012,249054,10499367,11549466,108703482,17357619,427248
1635341740.5140328,11214898,100825346,711097738,11247938,100837192,242681,10217903,11313660,106963272,17035652,415860
1635341740.614158,11510189,102870858,728457026,11499450,104231192,243631,10187923,12895775,107204420,15620911,428546
1635341740.7142901,11563949,103994845,730619439,11406638,102850669,259202,10313295,11559468,107111003,15801957,420828
1635341740.8144155,11542987,102829615,726544829,11550490,103801669,237065,10406770,11599222,109296629,17374964,430124
1635341740.9145403,11488464,102991265,731224100,11565739,104303088,244767,10424312,11607444,109064523,17316739,430389
1635341741.0146646,11535450,103172483,727924491,11521731,103580405,256276,10283279,11554442,108638605,17331566,429189
1635341741.1147885,11539099,103316392,728945723,11586492,103758485,243643,10195783,12965995,107791832,15958982,429068
1635341741.2149131,11533982,103771353,731274519,11566386,104192724,242448,10457110,11571118,108974508,17371379,430551
1635341741.3150384,11494797,103029374,727993000,11504223,103779227,244820,10472379,11530002,108757510,17285204,430619
1635341741.4151626,11543591,103867447,731819925,11406968,102499849,247802,10408343,11605811,109113575,17367070,426817
1635341741.5152864,10899289,97436773,690368724,10838973,97105818,226138,9056543,10871324,102548643,16341894,409413
1635341741.6154182,11686949,104611274,740352794,11615542,104109837,249222,10620550,11725396,110034851,17551954,437131
1635341741.715556,11576451,104073354,736781261,11609605,103861945,243111,10656215,11707716,109929614,16491867,434864
1635341741.8156805,11650676,104244608,733331695,11643174,104755015,246301,10506764,11604676,108840156,17464245,436072
1635341741.915804,11590656,103748959,735275580,11637197,104415834,242322,10347590,11636995,109399275,17460193,431008
1635341742.0159283,11631937,104270030,736746215,11654604,104389707,252140,10667431,11727072,109899881,17529530,434568
1635341742.1160522,11594642,103109641,734417538,11663564,104587354,242285,10558830,11646318,109634615,17475624,434877
1635341742.2161763,11631980,103811834,732297218,11629805,104432259,249906,10510714,11643894,109340003,17370967,426702
1635341742.3163,11703129,103956025,736421595,11682304,104590601,247848,10606423,11712028,109651549,17618773,436401
1635341742.4164233,11722197,104320227,738891829,11693498,104531318,245007,10699621,11751870,110074526,17554187,436960
1635341742.5165482,11417840,101058901,721414308,11442769,102598490,244785,10478297,11508426,107684597,17136924,423972
1635341742.6166797,11613195,104139623,734944943,11647560,104237494,251643,10600581,11659454,109383033,17402039,436974
1635341742.7168097,11695282,104367564,736930119,11760617,104581827,243095,10585297,11686207,109736475,17519349,433552
1635341742.816934,11670949,104048857,737722989,11694834,104641269,249348,10653480,11731680,109874515,17503570,434152
1635341742.917058,11709629,104136511,739308249,11724191,104792515,245066,10720114,11723240,110024539,17614434,433305
1635341743.0171816,11632172,103655916,735733232,11663825,104508827,255858,10650941,13127047,101760575,15092307,434666
1635341743.1173072,11630789,103622829,733241855,11639480,103764323,238422,10382846,12536655,107422877,17408884,430146
1635341743.2174337,11713018,104267592,738913002,11701447,104695495,249823,10664873,11713417,109982210,17547558,438376
1635341743.3175573,11711954,104435270,743248869,11783466,105497211,249853,10882517,12717574,108271598,17565628,435360
1635341743.4176812,11676393,103874793,738020218,11722906,104768833,250904,10734461,11702115,109709088,17559483,434141
1635341743.5178046,11485712,102211944,723304800,11514318,102508658,242592,10325487,11404363,106967365,17131296,426644
1635341743.6179378,11742578,104553246,738057077,11762973,104593380,246985,10718493,11668164,109939371,17581888,434339
1635341743.7180667,11804944,105595643,742901713,11836052,104813097,241570,10869678,12950498,105838834,17704185,442931
1635341743.8181865,11692776,104371823,738967785,11802887,104611759,240697,10660873,11699882,110177921,17613044,435530
1635341743.9183125,11718331,104829621,738102469,11728035,104403922,250682,10702232,11644407,109766222,17492786,435992
1635341744.018432,11622323,104175910,733004837,11666423,104328471,239322,10522325,11586229,109732355,17441577,436178
1635341744.118551,11681655,104577272,735163555,11693874,104089820,248062,10634925,11681082,109675368,17486361,436180
1635341744.2186708,11664601,104018906,731182079,11685895,103811447,242420,10704603,11588514,109540964,17439336,434225
1635341744.318791,11618896,104012950,733045609,11593248,103984868,253540,10581410,11584101,108775828,17356922,433175
1635341744.4189103,11735866,104610634,737274048,11719783,104452454,233146,10631215,11660869,109817439,17548002,436710
1635341744.5190287,11393078,101496477,715534232,11419005,101481590,236471,10427000,11358317,106574238,17080172,422634
1635341744.6191485,11781924,105166498,741279642,11821537,104768183,246999,10823462,11789980,108917903,15633785,438401
1635341744.7192674,11742084,104780820,736708186,11698964,104270604,242510,10569109,11582907,109071323,17539227,434756
1635341744.8193858,11710660,104381705,736055540,11735177,104066009,247328,10626694,11695447,110098596,17558285,434672
1635341744.9195042,11713764,104491581,736110677,11658380,104778923,246800,10377929,11646482,109636630,17483859,435751
1635341745.0196223,11713731,104141260,736263306,11682266,104350381,243131,10504942,11656130,109441770,17506350,439032
1635341745.1197407,11695169,104509535,735574488,11699897,104185001,237165,10776637,11643312,109369649,17422353,435390
1635341745.219859,11719036,104482373,738764619,11679238,103467571,273370,10530584,11621931,108228676,16348169,434719
1635341745.3199775,11603662,103793491,746307412,11831439,105177162,262027,10694302,11615676,109418786,16233498,423574
1635341745.420076,11701823,104227455,749157023,11880701,105182360,279976,10782392,11661358,109243904,17335953,415477
1635341745.5201943,11365344,101082908,720681092,11457831,101830147,246095,10502143,11422205,107311484,17188423,420260
1635341745.6203136,11662897,104238580,735105923,11702095,104194297,248821,10612013,11636710,109388992,17486512,438257
1635341745.7204335,11742130,105411338,742871873,11755767,104635899,242216,10729094,11499376,106308619,15675572,439847
1635341745.820578,11293016,104479949,741924489,11757677,104772417,244065,10843281,11788448,110533197,15765265,432043
1635341745.9207144,11663690,104407000,737054877,11680699,104029096,236596,10777069,11731678,109731776,17513217,439433
1635341746.0208356,11727307,104724556,738873949,11700520,104532849,241455,10536959,11695553,109677743,17553288,437296
1635341746.120956,11698162,104238471,736333933,11730814,104332893,239610,10409406,12902117,108426430,17558867,443509
1635341746.2210758,11736237,104493266,737223183,11735065,104685481,243119,10679603,11729406,109651026,17518375,435863
1635341746.3211944,11740730,104230328,737286822,11745350,104257293,247121,10778649,11720401,109683605,17545038,437054
1635341746.4213135,11699846,104689666,736953103,11723131,104123298,242965,10713012,11648618,109408277,17508229,437995
1635341746.5214326,11458471,102533678,720918062,11464090,101518380,234645,10346566,11430628,107171011,17189344,428950
1635341746.6215522,11754888,104462825,740198740,11713568,104594365,251268,10816194,11753391,110269058,17596434,439433
1635341746.7216709,11695996,104383169,735620915,11651476,103723065,235909,10674204,11667374,109883895,17498117,436568
1635341746.8217905,11758865,104970308,738070002,11723024,104066461,250900,10709076,11653185,109495282,17466877,436844
1635341746.9219093,11767258,104760501,738674280,11745553,104524869,242416,10788114,11709175,109590028,17578339,438072
1635341747.0220275,11751549,104444689,739699253,11717056,104175480,244229,10872586,11769769,110178863,17607962,440695
1635341747.1221464,11597637,104012843,737093112,11697668,104142328,240265,10636778,11681169,109289503,17509432,437279
1635341747.2222662,11636366,104034875,735252445,11685833,104037636,249031,10719210,11685543,109901008,17522975,437877
1635341747.322385,11649936,103917060,737094866,11736032,104990051,249720,10707892,11688154,109601329,17561162,434255
1635341747.4225066,11712474,104417875,738370300,11741203,104700735,238873,10705647,11701170,109450416,17510681,435543
1635341747.5226262,11328562,101639350,719332111,11464432,102365227,241762,10517629,11435174,107020744,15574596,425085
1635341747.6227465,11633519,103930562,740769882,11772695,104965727,252551,10788115,11687949,109903228,17507221,436058
1635341747.7228653,11619920,104542333,740469268,11712536,104236039,234329,10910679,11728364,109805229,17500493,444563
1635341747.8230019,11764755,105074448,741169595,11779206,104576017,251965,10673413,11733834,110300206,17583782,440495
1635341747.9241424,11644731,103788924,733728457,11672561,104519974,241258,10659913,11611424,108942986,17431593,436833
1635341748.0242643,11727520,105122788,740877626,11725202,104662961,247713,10454124,12533601,106373147,15213596,431654
1635341748.1243854,11686850,104481557,735791491,11704409,104494836,238916,10704280,11667026,109400850,17517572,436755
1635341748.2745671,11639013,104342335,735277674,11709608,104455876,238594,10552657,11608573,109333408,17428507,436500
1635341748.3746893,11732226,104565561,738642956,11792911,104996765,248264,10802343,11743615,110050587,17562308,435791
1635341748.474808,11699169,104464173,735195893,11683860,104267125,246675,10639413,11605426,109193536,17456979,433245
1635341748.574927,11414615,101595991,719625477,11352164,101714757,236618,10468572,11409405,107063751,17137798,432415
1635341748.675046,11732356,104492774,737560885,11770154,104210781,238994,10811500,11648920,109852748,17595957,440611
1635341748.7751656,11693265,104272998,736606818,11744595,104348916,249540,10736780,11695285,109881978,17510983,435946
1635341748.8752837,11666112,104304456,733340300,11658870,104156136,248098,10577545,11621623,109459869,17490552,435647
1635341748.9754028,11681439,104500171,736587588,11676361,104411749,244055,10744404,11693663,107617347,16244794,438039
1635341749.0755212,11682669,104518500,738786086,11721909,103895151,239740,10775455,11745682,109775421,17557053,439644
1635341749.1756413,11701768,104171987,735236177,11771207,104744905,247868,10733935,11663877,109750925,17527732,436279
1635341749.2757607,11736701,104497049,737369603,11721637,104594019,245449,10645126,11653009,109370178,17494250,432114
1635341749.375879,11696857,104285543,736250816,11721619,104389689,246313,10771798,11717042,109871891,17557466,435754
1635341749.4759977,11555688,103638175,737673851,11745876,104246737,240197,10660047,11706998,110491378,17570901,437358
1635341749.576116,11349637,102388375,721907947,11482697,101401701,244852,10577804,11465808,107381696,16011762,425013
1635341749.676236,11690239,104340963,736888710,11757555,104502229,245492,10633690,11699861,109764747,17512433,438824
1635341749.776355,11710353,104365766,737284472,11698408,104590322,250274,10746840,11657692,109831414,17521185,433489
1635341749.8764734,11674407,104477523,736255120,11678836,104700160,241662,10672351,11677937,109292717,17471755,436425
1635341749.976592,11633446,104240294,736437942,11695111,104449078,242002,10782207,11670703,109373881,17420874,440265
1635341750.076711,11666095,104689505,736831618,11680362,103997802,248402,10471116,11641181,109670840,16301168,436449
1635341750.17683,11668831,103536986,734458531,11756179,104517001,246104,10675496,11667008,109576632,17489439,437591
1635341750.2769485,11722493,104761166,737499200,11727643,104689385,250291,10618175,11667121,109164081,17474134,438535
1635341750.3770673,11682761,104334313,736130423,11706091,104338119,240497,10754840,11634394,109251048,17470658,438382
1635341750.4771855,11697703,104477902,737461460,11746054,104720959,231824,10616999,11725919,109736021,17482358,437873
1635341750.5773046,11434024,102067991,719055758,11404286,101763066,242856,10542074,11388566,107078005,17149351,429002
1635341750.6774244,11686768,104667010,737123442,11686537,104364557,245032,10629299,11659777,109559477,17528668,438097
1635341750.7775424,11725186,103803597,735336801,11603931,104781080,241384,10718689,12677481,108006885,16140897,435198
1635341750.8776612,11576989,104779493,737480668,11714335,104120384,244234,10337187,11656631,109509925,15611865,434584
1635341750.9777796,11579071,104304384,735565638,11662224,104495443,244027,10667749,11730111,109895389,16156496,432908
1635341751.0778983,11660636,104426932,736138410,11630619,104061390,249162,10662533,11674131,109804959,17472166,438108
1635341751.1780171,11742792,103590007,738793225,11682948,104659961,241018,10779311,11626166,109482949,17486860,437053
1635341751.278136,11725833,104988604,738123973,11732887,104530390,244090,10548413,11675574,109423837,17474686,434297
1635341751.378253,11660038,104476021,736955164,11685321,104471379,244651,10811136,11734382,109926215,16598227,435602
1635341751.4783719,11314056,101355558,718669249,11462253,102177652,238013,10385102,11357982,105916647,16835108,423539
1635341751.5784895,10158458,99424523,719225235,11347157,101413737,235959,10420017,11313128,102303511,10041716,401867
1635341751.6786118,11661406,104602009,735140584,11660648,103776305,250066,10680911,11628613,107671950,16194337,432353
1635341751.778732,11707501,104348498,737706803,11759474,104718901,242065,10766652,11668831,109831781,17560885,438885
1635341751.8788502,11661479,104257621,735415460,11697773,104363502,243087,10583847,11642893,109131947,17458263,435658
1635341751.9789686,11723458,104364812,734628178,11735722,104383267,247754,10644877,11622136,109385460,17595251,433968
1635341752.079087,11675018,104141907,734306165,11660371,104046152,246695,10636949,11659228,109705753,17559285,434947
1635341752.1792064,11724868,104740726,737051082,11698309,104647158,237211,10826922,11672847,109382725,17494641,437067
1635341752.2793245,11679714,104245034,734850713,11589653,103971434,247811,10673385,11646224,109392078,17488134,435150
1635341752.3794434,11687140,105115082,743663473,11726703,105345932,252760,10445168,12957986,103719121,16050878,435199
1635341752.4795625,11629171,103245086,736717483,11596011,104898317,248480,10609421,11657592,109450508,17484335,433297
1635341752.5796807,11325745,101233465,716226843,11383656,101889668,236455,10411917,11394680,106637397,16937054,424876
1635341752.6798027,11663689,103933620,734999310,11701273,104241834,240015,10632824,11692352,110045617,17531632,437320
1635341752.7799218,11797754,105477199,741784772,11780722,104898167,257563,10356240,13339141,105299664,17584183,441021
1635341752.8800116,11648165,104445775,735847961,11683318,104275238,245989,10559235,11608300,108763176,17433661,436316
1635341752.9801314,11627104,104271043,735937228,11659809,104278879,241855,10674818,11633767,109464469,17341690,437655
1635341753.080252,11700523,104324197,738081001,11714578,104136048,239615,10710229,11703518,109716961,17617063,437414
1635341753.1803706,11668074,103681313,735865515,11592603,104164784,254380,10664602,11720011,109575304,17486341,436592
1635341753.2804894,11656739,104387414,736112149,11713129,104477848,247814,10660064,11676451,109174768,17413699,436539
1635341753.3806078,11725419,104636065,737755766,11707620,104305462,246489,10730194,11701162,110020197,17485941,433826
1635341753.480727,11705470,104663788,737883263,11689794,104230170,245764,10418401,12875131,108037632,16432937,435181
1635341753.580846,11428137,101611098,718164984,11443047,101750369,234970,10364272,11411277,107242886,17075667,429152
1635341753.6809657,11737042,105114903,739620452,11741846,104133321,245454,10326545,11661634,109720039,17501462,437857
1635341753.7810864,11705016,104399290,735540130,11675353,104431697,252738,10690538,11664639,109420467,17511273,435731
1635341753.8812056,11694636,104429720,735272160,11656943,104082425,246871,10563992,11652490,109442794,17472084,438019
1635341753.981325,11411036,104332272,735465877,11651877,104672191,240333,10606694,11675693,109544612,15169231,429131
1635341754.0814435,11664008,104184242,735804137,11743447,104733847,250188,10668577,12599862,108176916,17425285,439352
1635341754.1815624,11643297,104227716,734504846,11669798,104123290,251311,10599216,11599360,109529804,17512080,437766
1635341754.2816806,11609272,103830524,737451027,11644860,104400290,230344,10707977,11748741,110150178,17510969,437524
1635341754.3817995,11745991,104673996,737131060,11743126,104280433,245732,10631191,11695874,109878578,17512754,437373
1635341754.481918,11733986,104676704,738446529,11729928,104204201,240897,10567385,11754734,110073480,17541379,436112
1635341754.5820374,11395019,101535769,716851691,11418511,101869572,246118,10437580,11391740,107135773,17039250,426481
1635341754.6821578,11752395,104683678,738517776,11728224,104773624,248175,10718301,11703337,109508946,17534863,438686
1635341754.782276,11764948,104605721,738229044,11773185,103987784,247838,10676114,11820954,109692047,17523657,438326
1635341754.8823946,11741636,104423796,736797014,11750466,104392603,251236,10314949,12474203,108526160,17527025,436782
1635341754.9825132,11703437,104227085,736341320,11704809,104658015,250796,10577347,11688684,108474846,16276259,431593
1635341755.0826323,11737787,103982718,739413672,11745151,104837538,253839,10726246,12917153,108066938,17549014,438498
1635341755.182751,11707427,104433680,736687875,11731084,104057919,235266,10803081,11662077,109515348,17473347,436760
1635341755.2828696,11734731,104656166,736756858,11718799,104382271,249457,10613677,13090772,107960101,17444073,437305
1635341755.382988,11739168,104313520,738103888,11660785,104286243,246657,10700667,11711731,109788766,17546249,435799
1635341755.4831069,11616323,103636263,731345164,11622329,103647926,236688,10344976,12073656,108453079,17374534,433683
1635341755.5832255,11537870,102893473,725661187,11555073,102963391,238815,10327340,11490673,107264753,17129405,425829
1635341755.6833446,11722809,104566628,737760438,11763083,104639933,249528,10596409,11660894,109815336,17546155,438476
1635341755.7834635,11673546,104502007,735716528,11597461,103881889,245100,10600179,11644000,109280610,17448177,432780
1635341755.8835812,11720560,104502750,738235298,11721397,104549555,244717,10662117,11664704,109939858,17484338,436090
1635341755.9837,11635951,103844649,734878173,11630390,104308884,239664,10556216,11672038,109579279,17426664,437366
1635341756.0838184,11782407,105001190,741458033,11813392,104957093,245091,10673270,12810854,104732111,13643570,432713
1635341756.1839373,11687838,104543720,736131127,11687809,104201771,254577,10615985,11664428,109602780,17410836,431993
1635341756.2840555,11668364,104232481,737215475,11753006,104756402,247168,10636738,11702180,109683892,17437755,435196
1635341756.3841739,11713548,104342071,734982613,11697748,104526828,239936,10599815,11674731,109657596,17464276,436082
1635341756.4842925,11450543,102326594,721183548,11469588,102105470,229012,10361017,11465021,107889097,17113388,425568
1635341756.584411,11249657,99733513,748137434,11579769,106106585,246874,10832411,12035261,106926813,15493190,432891
1635341756.6845293,11890162,105117620,749323939,11435460,103582300,246937,10833025,11846958,108546635,15362472,441921
1635341756.7846477,11705495,104609831,735805647,11650089,104596794,242867,10551439,11644608,109310767,17426129,433677
1635341756.884767,11731545,103765156,734025933,11694692,104851225,237896,10698103,11681985,110053640,17520345,437477
1635341756.9848857,11735365,104450262,735757897,11732135,104818414,251964,10640971,11610255,109559003,17465938,436879
1635341757.0850055,11660494,104334018,736086265,11689493,104365116,243081,10206543,12930904,108005427,17488397,436232
1635341757.1851246,11749305,104408780,738630910,11766660,105180584,243176,10771272,11694615,110187101,17601008,438779
1635341757.2852435,11697794,104129009,737115964,11732826,104679074,242567,10688701,11702338,109991543,17482714,436622
1635341757.3853614,11720260,104637001,735489404,11676973,104296841,246060,10626197,11644573,109489140,17473168,434033
1635341757.4854798,11479207,102052395,721755135,11411995,102005129,228074,10489239,11500838,107312651,17148302,426773
1635341757.585599,11745770,104624661,737813461,11715719,104648176,244822,10654341,11655393,109630855,17455119,436183
1635341757.685718,11723316,105033819,737971620,11779943,104403830,247840,10772107,11605323,110019787,17548265,438311
1635341757.7858374,11560631,103618510,736816305,11661245,104440593,258518,10645417,11694944,109886120,17540724,436652
1635341757.8859565,11611606,104346899,735763527,11637051,104196200,234596,10645996,11661488,109513020,17441394,434936
1635341757.9860754,11578923,103610237,733037264,11692492,104469676,246068,10399536,12615865,107941888,17395759,438022
1635341758.0862088,11537401,103759616,749511145,11373997,102014824,259157,10779725,11763606,110181143,17378479,438982
1635341758.1863353,11708906,104523779,739860981,11739926,104783608,247245,10630345,11667814,109783227,17578104,438970
1635341758.2864554,11833057,105108050,741180312,11742926,104806261,241384,10699127,11691819,109863339,17545659,439589
1635341758.3865743,11716856,105101165,739029844,11682827,104265733,246389,10554481,11678322,109582372,17470937,435558
1635341758.486693,11411711,101592921,720095891,11414091,101845089,253704,10344716,11293099,104753701,15865546,425254
1635341758.5868106,11582968,104509277,738838683,11713490,104669512,249590,10716602,11726079,109905508,16219547,433377
1635341758.68693,11679842,104509179,737009848,11717448,104363956,241534,10632187,11626272,109534779,17535490,438704
1635341758.7870479,11821860,104638198,741747082,11722444,104702490,240170,10473131,11697436,109683816,17615896,443464
1635341758.8871658,11508928,102706587,736544648,11715597,104548387,255276,10602804,11735283,110097738,17568909,433083
1635341758.9872832,10785734,103909164,737711395,11691905,104562562,240066,10641509,11641863,109389407,17453316,440114
1635341759.0874012,11599050,104044887,738975369,11732222,104715429,237145,10791560,11075233,105817025,17556746,436246
1635341759.187519,11713016,104749041,736470435,11720528,104589680,252543,10470596,11544200,109150689,17447195,438656
1635341759.2876375,11632030,103895333,738351686,11706121,104753994,241658,10812114,11721626,108919178,17436739,437728
1635341759.3877547,11635499,103903864,736096396,11736005,104639094,238347,10664511,11652302,109129565,17473010,437956
1635341759.487872,11420422,101870681,717514530,11409756,102031978,242583,10328342,11217182,105131303,17018480,425440
1635341759.58799,11692825,103534745,737136323,11545562,104234843,238600,10414192,11595729,109378541,17484190,440097
1635341759.7384317,11614816,104134329,736347269,11706138,104306427,252693,10550226,11634910,109253502,17513463,437865
1635341759.8385527,11811029,105360871,742293889,11577281,103608513,250038,10900330,11712396,109450606,17623069,441460
1635341759.9386709,11742589,104014902,736999989,11593738,103832124,247627,10631282,11631067,109223328,17560502,437851
1635341760.0387883,11519627,104215044,737205029,11650328,104075550,241136,10716201,11552966,108709934,14099129,433098
1635341760.1389072,11732876,104231232,738740571,11751989,104744332,203613,10729062,11680197,109188567,17532872,440545
1635341760.2390482,11734813,103963262,735867040,11642558,104372858,250357,10685590,11650286,109198263,17505161,440744
1635341760.3391798,11515797,104025487,735160202,11670956,104176340,252120,10696464,11620916,108590821,17419367,438418
1635341760.4392993,11678379,104408516,736799922,11686223,104328781,242854,10491113,11628985,108883110,17459503,439623
1635341760.5394242,11403435,101628981,717832867,11385242,101644827,253180,9986690,11281234,106432297,17063385,431973
1635341760.6395574,11586178,103716030,734111501,11623022,104094847,241973,10559978,11626662,109088790,17476655,438934
1635341760.7396863,11609251,104070688,735689083,11666994,104453879,238206,10728118,11580972,109055892,17415668,437738
1635341760.8398104,11649553,103784935,733878733,11662974,104158559,244290,10426712,11586021,109127978,17434185,435832
1635341760.939935,11670537,104421679,736371793,11690688,103824193,254296,10546584,11556074,109607313,17547865,439895
1635341761.0400753,11531774,103404490,736608900,11557673,103830122,240922,10676470,11607272,109374038,17467045,440500
1635341761.1401987,11552178,103697413,735774119,11704919,104117262,240838,10398486,12344609,108067071,17427817,437926
1635341761.2403228,11697447,104387754,737134215,11699681,104439962,250726,10665420,11516866,109166066,17494433,438623
1635341761.340447,11526886,104255693,736071798,11636819,103759491,254450,10612190,11658002,109284537,16488661,434870
1635341761.4405704,11664560,103972315,736610541,11672620,104339670,236132,10738910,11625348,109073350,17531715,440923
1635341761.5406928,11193804,99445991,707005314,11068763,97197439,222569,8451522,12716535,97956904,16709479,418039
1635341761.6408324,11043002,98103582,696909167,11027568,97987763,239589,10045098,10961050,102302187,16439838,417399
1635341761.7409678,11104101,99085884,705533648,11191010,99670711,235681,10337526,11131855,104026880,16697382,424451
1635341761.8410938,11692449,104260366,736631127,11670305,104256716,239990,10705890,11590428,108715099,17469513,437663
1635341761.9412196,11543725,103495779,738080087,11668845,104298330,246660,10658684,11614899,109518121,17538287,438569
1635341762.0413451,11626328,104260524,735330829,11661946,103836250,243403,10643865,11565432,108764002,17382387,441772
1635341762.141471,11663488,103874060,739060963,11801107,104946158,240880,10664516,11673592,109634863,17509468,441998
1635341762.2415936,11687607,104478658,739508610,11643506,103655851,247573,10623880,11644442,109328474,17582420,444015
1635341762.3417125,11599901,103926742,734148715,11606293,103999248,242904,10644284,11487690,108812173,17417234,440011
1635341762.4418304,11774648,102466453,743235676,11142046,102550175,253320,10857885,11727308,109966254,17527792,444286
1635341762.5419486,11435715,101862049,723034377,11336849,101020417,239151,10532289,11390427,106775416,17116346,431221
1635341762.6420674,11668117,104173641,736347947,11666828,104195731,245411,10647992,11529676,106663873,15978500,439645
1635341762.7421865,11624983,104193506,737583710,11653107,104521447,252113,10677411,11580417,108659668,17425373,441554
1635341762.842305,11654274,104159760,735411619,11632430,103876781,247918,10614141,11632887,108921187,17502551,435682
1635341762.9424236,11674203,103933899,736466434,11691592,104367073,247540,10673171,12614425,107773716,17527009,441006
1635341763.0425417,11455801,103315052,739606277,11616669,104063752,247978,10717678,11630236,109239472,17279684,438835
1635341763.1426604,11657261,104020514,738427305,11749828,104541946,247426,10693605,11594100,109101604,17429969,438699
1635341763.2427785,11710899,104098431,738911627,11756889,104429966,252338,10721694,11650811,109424780,17521491,439388
1635341763.342897,11690468,104059637,737301028,11716168,104369417,243602,10675488,11601575,109272133,17407051,440701
1635341763.4430149,11639534,103929773,734427351,11678387,104286573,241943,10613899,11540548,108508427,17398928,435934
1635341763.5431337,11353478,101505279,720485565,11414983,101619841,248378,10316073,11361506,106892993,17080325,429127
1635341763.643253,11661882,103611043,738143855,11731587,104506610,245549,10423019,12506112,107692388,17473016,439206
1635341763.7433715,11672750,104222944,737884440,11696611,104615649,240525,10721003,11516160,108630993,17382584,440749
1635341763.8434901,11674854,104001065,736611080,11753445,104571210,245139,10754553,11555183,108885828,17444688,438744
1635341763.9436085,11691330,104282439,735605307,11687314,104098078,256365,10515890,11548974,108529251,17327885,436390
1635341764.0437272,11630659,103789023,733903316,11581218,103906421,243194,10733990,11568452,108857197,17432164,437691
1635341764.1438448,11609496,103829617,733806408,11637178,103867945,233999,10646789,11342720,107745270,17305216,436727
1635341764.2439635,11682371,103676442,734986484,11704693,104468547,252913,10702661,11596360,108788793,17431168,435859
1635341764.3440814,11575000,103545692,735147781,11663658,103870546,245039,10688358,11558127,108446656,17348276,435035
1635341764.4441993,11611496,103934969,737001186,11697217,104290481,248390,10655919,11538656,108491780,17379522,433837
1635341764.544317,11398493,101317420,718528093,11485717,102011529,239346,10401753,11261629,105909522,17032394,425465
1635341764.6444352,11663173,104024390,734403101,11647546,103890196,253862,10612483,11526451,108561806,17373432,435704
1635341764.7445526,11657659,103721142,735112218,11475452,103304992,245933,10570765,11604433,108962589,17403362,435696
1635341764.8446708,11715859,104250068,738996762,11652902,103906612,243442,10859108,11596163,109323159,16063745,441077
1635341764.944789,11700198,103956910,737215218,11732377,104455741,251914,10703611,12725402,106560553,16119176,440103
1635341765.0449073,11661448,103825481,735476484,11636262,103616212,244222,10667717,11503546,109035709,17444927,439452
1635341765.1450264,11722327,104479285,737831791,11689969,104236382,252967,10694325,11537985,108446186,17344544,436122
1635341765.2451458,11676000,104029469,738588718,11661946,104332167,234201,10869686,11591331,109035283,17422787,440478
1635341765.345265,11646983,103918779,736235584,11673413,104355431,245155,10726013,11544979,108973989,17361037,441342
1635341765.4453826,11632992,103704827,739778204,11653325,104037637,256903,10744982,11590971,109177459,17467457,436919
1635341765.5455055,11399416,101299492,721559974,11392751,102283871,238041,10221346,11291513,106033479,17015658,428434
1635341765.6456246,11671655,103873126,735925436,11642651,104170706,239446,10682265,11548771,108945622,17329659,438803
1635341765.7457428,11653992,104102795,735391508,11687160,104426501,244961,10708858,11477995,108295809,17388031,440518
1635341765.845861,11696790,104002005,737771952,11711863,104390041,256058,10643355,11536432,108808716,17419239,438183
1635341765.9459784,11675061,103644971,740087592,11631315,104316971,244724,10875195,11649085,109428824,17511271,442625
1635341766.0460966,11715909,104368686,740519986,11779496,104563557,255870,10913336,13199086,106797162,17406593,443186
1635341766.1462154,11730825,104214920,740265191,11701657,104629934,244673,10725907,11652068,107928586,16466437,440566
1635341766.2463336,11688533,104100809,738224618,11735289,104750246,249105,10651816,11510345,109104909,17448537,440543
1635341766.3464518,11787120,104458107,739731708,11729912,104313780,254511,10738884,12762287,107262979,16286154,441239
1635341766.44657,11601349,103588008,737902849,11719503,104425173,248911,10724776,11464170,108799754,17419504,436579
1635341766.5466883,11343968,101590991,719482567,11436471,101528529,238789,10503308,11204639,105881402,16866498,427801
1635341766.6468067,11670640,103593488,735594908,11760636,104610792,248413,10636983,11558972,108828285,17450944,440475
1635341766.746924,11738600,104095371,738687402,11722381,104492826,245369,10796812,11456316,108698204,17453281,439762
1635341766.847042,11642446,103760378,735416697,11693033,104181585,235513,10897271,11553449,108923088,17345425,439356
1635341766.9471598,11679632,103896563,737374789,11668477,103787965,247961,10553979,11536003,108870504,17412067,447316
1635341767.0472772,11719066,104305262,739491577,11632399,103799229,246711,10822033,11656814,109301253,17473133,453207
1635341767.1473951,11530703,103228711,738731169,11749071,104526909,243741,10823442,12670614,107755341,16334593,441294
1635341767.247513,11674450,104231725,739257161,11728639,104377046,243398,10842041,11659357,108895287,17323423,450252
1635341767.3476315,11682557,104015338,736346070,11623890,103680580,258280,10613880,11664928,109196727,17457025,454128
1635341767.4477494,11627600,103740020,734247915,11677388,104299933,244601,10623129,11561782,108583724,17341484,444370
1635341767.5478673,11485738,102655258,723214041,11414609,101494292,243377,10499586,12115446,105051673,15657557,462479
1635341767.6479855,11669398,104103237,736414230,11646533,103846729,241591,10815662,11462319,102412844,17164697,451047
1635341767.748104,11669521,103876556,736170607,11644642,103500709,255222,10602867,11667486,109135601,17452780,446569
1635341767.8482223,11644386,103533946,737916771,11741972,104311845,241195,10505218,11595290,108517472,17436034,444680
1635341767.9483402,11661087,104299929,737098762,11667709,103765555,245695,10738019,11620004,108443224,17305891,453856
1635341768.048458,11662306,103980025,737560340,11748932,103905258,242910,10536116,11646604,108950390,17396089,449002
1635341768.148576,11719619,104105349,737699261,11739303,104304906,246026,10761616,11648438,108928829,17411195,452248
1635341768.2486959,11701953,103842373,737526967,11724682,104423638,249504,10734367,11631431,109024591,17472321,451181
1635341768.348818,11677287,104272899,738485327,11697100,104510814,245344,10817723,12933002,106982882,16257727,449702
1635341768.4489415,11633151,103928063,736688367,11652383,104159295,244025,10705765,11608411,108289823,17244922,450890
1635341768.5490642,11402219,101765749,720216955,11415998,101662493,238199,10248832,11333996,106084541,16944871,435097
1635341768.6491978,11728692,104421035,739094013,11635374,103878380,246592,10531528,11655452,109083802,17403603,462684
1635341768.7493262,11693939,103852471,738647579,11531186,103454841,258157,10797072,11721879,108847346,17379586,449138
1635341768.8494499,11693514,104274446,737544820,11652273,104153224,239623,10633033,11597806,108288353,17315363,455188
1635341768.9495733,11653483,104535107,738160035,11670426,103932600,246056,10701088,11624291,108802408,17287671,451072
1635341769.049697,11680380,103952487,737165898,11739093,104454880,248930,10607321,11492883,109456865,17453597,449401
1635341769.1498203,11653365,104069373,737295177,11675542,104320516,235818,10739312,11647523,109230487,17387919,450434
1635341769.2499433,11694799,104347724,736640964,11605407,104751522,248196,10707746,11679047,108931438,17344440,444797
1635341769.3500774,11337668,103862208,737603215,11665923,104000447,247785,10710688,11631702,108933667,17382257,449316
1635341769.4502003,11684777,104115796,736027358,11673449,104363599,239603,10654346,11598104,108429190,17177101,444798
1635341769.5503244,11376625,101585327,718872226,11438917,101761751,251386,10166934,11951725,105666241,16463876,432497
1635341769.6504552,11725330,104292916,739436772,11630128,103960797,249770,10706260,12413570,108787047,16441106,442078
1635341769.7505844,11464156,103287479,739270802,11653971,104519133,249308,10728845,11658851,109397253,17382245,457804
1635341769.8507087,11702042,104637378,742284712,11763110,105045781,253379,10689652,12440387,108188216,17453166,462241
1635341769.9508326,11685346,103931279,736109434,11646871,104064793,247181,10660962,11583189,108254914,17237296,448152
1635341770.050956,11687041,104456111,740090469,11706143,104738725,247999,10779401,11646960,108992593,16256494,444135
1635341770.1510808,11760454,104796379,741604230,11752052,104235608,264845,10861198,11735491,109766035,16787456,445751
1635341770.2512052,11618256,103676912,737973179,11715874,104383089,248648,10490643,12673539,107546082,17383415,445298
1635341770.351345,11475007,103870726,757143025,11860907,104617200,242475,10458674,12687504,108893074,16612383,458140
1635341770.4514754,11628191,104310451,736864152,11740653,104716299,241940,10626665,11560588,108506861,17373865,452639
1635341770.5516024,11213090,101156599,725315990,11476934,102276166,249206,10530155,11416256,107090016,17066402,446046
1635341770.651734,11691202,104258334,738307603,11675475,104150751,245750,10500784,11663588,109561339,17491637,454536
1635341770.7518618,11721156,104346136,738125425,11714604,104443385,247435,10738362,11659032,108976266,17376886,454608
1635341770.8519857,11658474,103822285,737157144,11685716,104576744,245642,10411890,11535784,109035874,17437114,450477
1635341770.9521096,11616258,103684976,733291397,11618297,103692380,251031,10650629,11634777,109326312,17403456,450674
1635341771.0522332,11671624,104232586,735865394,11650992,104176170,246588,10680508,11570259,108903519,17398630,449721
1635341771.2024193,11703946,104338589,737228444,11685188,103992209,244093,10812340,11695338,109243652,17510500,453362
1635341771.302546,11573681,103701165,733789844,11653995,104313312,242977,10573293,11628344,108778572,17350889,447531
1635341771.4026694,11724679,104010090,734134728,11636250,104011537,253311,10675315,11612951,109032811,17401948,446807
1635341771.5027921,11215519,102712196,750382058,11716592,103553334,238531,10297234,12690610,109413346,15125212,455952
1635341771.6029189,11268793,101235817,724903258,11495304,102355042,228391,10261006,11403371,106770057,17079462,439096
1635341771.7030535,11710107,104033155,737995555,11741008,104617841,250862,10588967,12483038,107994224,17438017,444005
1635341771.8031769,11730707,103970741,738231905,11589896,103572482,252570,10480433,12582204,107844653,17471130,444141
1635341771.9033012,11695006,103880639,737370547,11705122,104441123,244408,10828053,11629067,109040751,17390517,460101
1635341772.003425,11721440,104551112,738440747,11672202,104202372,244906,10801564,11648846,109025092,17375093,451533
1635341772.103549,11596985,103881740,737728555,11664248,104402328,248699,10781366,11647070,109091331,16153028,447821
1635341772.2036724,11715394,104310024,738188792,11767779,104554217,245952,10832714,11579653,108693203,17363518,453098
1635341772.303796,11729315,104163484,737876270,11713263,104307964,265181,10347805,12522698,107501867,17386369,446248
1635341772.4039197,11682400,104191063,737744750,11629530,104241829,245575,10520709,12574444,107573552,17465818,445252
1635341772.504058,11546395,103287128,732899013,11629971,103680701,240245,10730889,11592541,108363991,17171291,442617
1635341772.6041877,11388376,101803349,721159197,11410565,101920264,246884,10298653,11328173,106360733,16939694,428050
1635341772.704322,11591078,103189439,736022664,11600736,103883505,247231,10560402,11548862,108731487,17420913,449117
1635341772.8044462,11664131,103988770,738649908,11715850,104428122,235889,10636684,11611327,109173453,17409086,443675
1635341772.9045706,11760659,104725000,738089412,11718397,104059885,247793,10761229,11585024,108598833,16994250,460226
1635341773.004694,11681869,104187491,736789513,11666725,103509642,270032,10652154,11742975,109845624,17469075,443990
1635341773.104818,11668532,103536998,737074354,11704559,104699753,246713,10755598,12229481,108486950,16362798,442234
1635341773.204942,11710920,103734190,735269864,11677869,104474996,240493,10746179,11604216,106944072,15609135,444771
1635341773.3050663,11662329,103717987,736571088,11726606,104452143,246764,10733759,11558187,108924495,17309018,452952
1635341773.405189,11679407,103393090,734340571,11603918,103399326,243280,10879384,11638540,109202854,17394370,445025
1635341773.5053124,11623010,103065056,732557656,11606969,103602689,246427,10695589,11601529,108479704,17328953,448126
1635341773.6054358,11517238,102190731,726371680,11575196,102892724,240446,10662732,11456817,107331729,17126076,442709
1635341773.7055662,11687928,103734265,734379808,11667092,104047113,248715,10750153,11592366,108648748,17391487,451431
1635341773.8056905,11665972,104159646,737670007,11573844,103425605,251221,10654963,11662824,109146460,17402068,446302
1635341773.9058142,11686226,104263751,736708836,11680463,104194810,250866,10638472,11636240,108686565,17313596,448291
1635341774.0059376,11539996,103132877,732640012,11547866,103961902,228846,10848023,11651506,109174394,17365633,442755
1635341774.106061,11349877,103789821,724185586,11403087,102623554,241409,10162301,11424183,108930127,17173305,430783
1635341774.2061844,10168723,92618138,652507715,10188584,92596280,203917,8801622,10399091,97663612,15268039,398440
1635341774.3063078,8114764,72013979,517164200,8110673,74160324,166352,7095169,8045230,76025748,12114497,327113
1635341774.406431,6474368,55727607,408826332,6469159,56852881,140228,5868257,6426963,59814364,9743270,243529
1635341774.5065532,6017153,52822417,381605785,6066463,54362368,116633,5509043,5756018,54371346,7723091,226447
1635341774.6066763,5537393,48245243,354071381,5636035,48739794,115067,5063819,5673393,52978118,8503949,236727
