1635291597.3626866,3673307,34661354,227823611,3553019,35019891,71111,2543113,3470409,34873736,5350171,54304
1635291599.7656658,3557152,34878695,228240857,3554249,35058722,73686,2551355,3639282,35096845,5316851,66399
1635291599.8657856,3632639,34861038,227923665,3615598,34649579,73698,2639673,3457113,34961394,5280363,40517
1635291599.965905,3578252,34541947,228012528,3559678,34846261,75288,2502458,3558294,35322746,5232574,40943
1635291600.0660233,3560024,34550366,227822460,3610608,34619132,70047,2473909,3582751,34950881,5364988,70957
1635291600.1661425,3607218,34516207,227971570,3538754,34833668,71529,2579280,3504881,35146325,5337161,57559
1635291600.266261,3605777,34922981,227912012,3542961,34745960,73481,2889215,3712289,35630752,5292573,50404
1635291600.3663795,3453202,34739673,227932963,3654703,35015901,73123,2420543,3706895,35330704,5367283,54313
1635291600.4664981,3390152,34867809,227780942,3553628,34629101,73581,2391326,3582125,35196572,5343143,66894
1635291600.566616,3537674,34515035,227934293,3636497,34861466,72263,2500222,3618592,35103558,5327533,64712
1635291600.6667347,3693886,34966552,227947896,3578550,34831546,72799,2561877,3612564,35091767,5328588,52565
1635291600.7668529,3535977,34630746,227851069,3626442,34753687,72219,2550132,3552769,35061985,5326184,51365
1635291600.8669717,3697361,34830033,227983822,3622771,34691500,71941,2664110,3548852,35004705,5305767,62712
1635291600.96709,3538810,34883405,227884509,3616490,34753086,71106,2646383,3642704,35307939,5352317,38022
1635291601.0672092,3474315,34975230,228048964,3632657,34759163,72617,2523951,3577413,34952989,5269770,74886
1635291601.1673276,3524312,34889054,227976000,3629310,34875644,72456,2644458,3775943,35270848,5437036,62568
1635291601.2674463,3715536,34832366,228014265,3624898,34933920,73305,2520825,3576284,35104617,5348980,46118
1635291601.3675654,3642895,34837877,228016302,3629964,35040615,74906,2450815,3693406,35496225,5278958,55430
1635291601.467684,3687648,32086610,227988589,3073760,26394844,72718,2282896,3578173,35331695,5352405,61744
1635291601.567802,3434666,35306961,229531460,3579981,31125943,70787,2664445,3699415,35453533,5397002,61815
1635291601.6679208,3612528,34942291,228012484,3686201,34844432,73409,2526925,3629020,35402720,5374056,56993
1635291601.768039,3624996,34922101,227990843,3577388,34966199,74715,2590533,3589685,35324166,5246904,51280
1635291601.8681567,3621686,35013663,227989568,3622773,35065334,73649,2539132,3579648,35221720,5399962,54488
1635291601.9682753,3775294,34792770,228035233,3652356,34912070,76048,2596007,3601705,35238673,5383802,50314
1635291602.0683935,3511955,35064363,228079850,3645469,34896762,74945,2439238,3625181,35205803,5393904,63333
1635291602.1685116,3682816,34832135,228053884,3632064,34986471,75040,2695105,3601255,35147016,5373073,39718
1635291602.2686303,3580224,34995263,228031008,3636598,34670363,73845,2561583,3615138,35272723,5424506,49911
1635291602.3687482,3624895,34609722,228109365,3650680,34652987,74240,2558275,3654814,35415343,5350306,56318
1635291602.4688668,3635549,34713743,227981831,3614570,34678715,73289,2684349,3467525,35030706,5442100,59776
1635291602.6691027,3623584,35189960,5359382,57560,3552897,34684007,228040222,3740835,34529186,76683,2742029
1635291602.7692208,3572498,35377635,5352965,47135,3703137,34681847,227965969,3525211,34750490,73995,2511200
1635291602.8693395,3581108,35167353,5378900,46405,3692917,34470918,227987635,3658323,34624345,76294,2585193
1635291602.9694579,3643077,35179807,5353307,57172,3712267,34574847,227965884,3646085,34462815,74397,2553676
1635291603.0695763,3450808,34902621,5473624,61124,3513330,34638894,228147309,3622819,34559368,75284,2696396
1635291603.1696942,3625710,35157447,5378007,67380,3752966,34646454,228019705,3631877,34513034,74239,2401230
1635291603.2698126,3611227,35155272,5390509,66313,3728539,34689096,228004153,3619748,34568280,74102,2511476
1635291603.369931,3782739,34515176,228029088,3631073,34500251,75025,2558515,3675442,35076203,5259264,52273
1635291603.4700656,3660883,34298342,227993076,3643760,34451807,76228,2523758,3713427,35614343,5340242,59977
1635291603.5701962,3678368,34459992,228142673,3655699,34332749,74998,2356904,3622823,34812417,5316579,66223
1635291603.770437,3558735,34727490,5343916,60417,3497953,34476517,228026672,3695992,34420150,74322,2707267
1635291603.870556,3563798,35178667,5352246,51890,3556334,34522071,228036572,3632532,34339257,74048,2697892
1635291603.970675,3561635,34997427,5349657,69022,3629128,34510630,228006835,3768785,34507240,75416,2650176
1635291604.0707936,3551625,35137515,5492485,70182,3683705,34490441,228029163,3557568,34665438,74815,2663893
1635291604.170912,3479941,35127952,5465119,64560,3645781,34396996,228073472,3680986,34467886,75395,2505653
1635291604.2710302,3466855,35212462,5385836,61638,3401767,34843275,228044041,3764760,34530890,76830,2699345
1635291604.37115,3648159,35259599,5406357,72706,3685391,34554568,228086032,3649685,34624619,75995,2571948
1635291604.4712687,3776993,34598883,228040976,3631395,34650632,75640,2569905,3648942,35600588,5393551,67892
1635291604.5713868,3640044,34611160,228009202,3644247,34655673,74335,2685199,3522406,35199657,5389034,62495
1635291604.671506,3643277,34545825,228040454,3705716,34529532,76292,2455783,3617188,35393998,5440377,69975
1635291604.871743,3565724,34997613,5380027,62653,3783195,34539627,228115941,3651192,34665236,77196,2719973
1635291604.971862,3675847,35466156,5352402,68896,3557720,34590834,227972891,3769087,34552486,78447,2614979
1635291605.0719817,3590450,35132004,5436508,68940,3735690,34417075,227993951,3569686,34421016,79749,2553442
1635291605.1721,3680375,35448575,5370809,61724,3633145,34629835,228070503,3742529,34502510,78224,2664218
1635291605.2722192,3745008,35337365,5465792,70944,3515659,34700861,228049633,3751782,34495561,77057,2379259
1635291605.3723388,3666557,35219398,5401873,65002,3778008,34486274,228006683,3613741,34588176,74982,2509084
1635291605.4724576,3601634,35079459,5458268,69300,3414109,34465272,228062394,3761976,34472651,77244,2617205
1635291605.5725763,3747762,34615877,228187575,3634811,34548444,75803,2713551,3597272,35229709,5223949,54404
1635291605.6727061,3762826,34331726,228055661,3624041,34506496,75972,2641657,1849827,35069838,5443268,70697
1635291605.7728336,3621296,34441847,228073769,3746361,34489410,76627,2341274,3770294,35219662,5453240,70891
1635291605.973074,3680482,35146745,5378898,65152,3674111,34439395,228126355,3677957,34486080,76141,2698283
1635291606.0731926,3554938,34979376,5377729,54887,3564674,34459555,228021320,3743114,34489257,75700,2482451
1635291606.1733117,3662864,35208803,5457978,75784,3627270,34549391,227982222,3772938,34417455,78380,2555572
1635291606.2734303,3654873,35345220,5342335,64617,3710966,34448050,227950124,3616118,34485616,76555,2617365
1635291606.3735495,3638744,35218164,5346139,69206,3692032,34633735,228128762,3652875,34426978,76492,2714209
1635291606.473668,3578876,34947455,5377126,65110,3954418,34423390,228161190,3641925,34532269,75368,2645353
1635291606.573787,3556076,35077377,5388782,58024,3781441,34388764,228055368,3646546,34418989,76609,2596134
1635291606.6739056,3696224,34471223,228057847,3696326,34371803,75390,2565646,3627687,35084288,5544056,71059
1635291606.7740235,3656978,34399695,228057660,3755868,34407050,75920,2613906,3844881,35830932,5482818,72567
1635291606.8741422,3627608,34435511,227987802,3777351,34356786,77063,2768170,3549567,35126811,5448125,72470
1635291607.0743797,3687879,35399400,5472919,72783,3571587,34428535,228036637,3785976,34368147,77458,2640426
1635291607.1744986,3735721,35249298,5458831,72505,3578218,34379504,227981129,3698972,34284601,75193,2471133
1635291607.2746167,3725569,35436809,5461155,77577,3639645,34444031,228064238,4010367,34540340,76705,2536079
1635291607.374735,3705643,35330804,5447806,74001,3663545,34457286,227966905,3727196,34413754,76267,2612953
1635291607.474854,3711224,35273759,5474385,73339,3613204,34494336,228057473,3719519,34395194,75436,2688369
1635291607.5749724,3731266,35180446,5472734,74362,4285148,34380657,228139291,3645552,34467856,74152,2539933
1635291607.6750915,3627617,35024438,5428433,72642,3786687,34390482,228088732,3644601,34490504,75625,2690012
1635291607.7752097,3781726,34317719,227951374,3643432,34362318,75827,2694487,3695111,35265845,5212188,75113
1635291607.8753283,3780864,34395023,227950960,3641563,34368507,76979,2692497,3601703,35316502,5420259,66340
1635291607.9754467,3690768,34436954,227986380,3708805,34382694,77596,2474508,3920912,35529186,5362300,70100
1635291608.1756833,3659465,35458469,5408527,75689,3698866,34487982,227956193,3761816,34425851,78876,2676649
1635291608.2758021,3671813,35323146,5445207,72265,3611129,34329872,228023052,3769410,34384787,77747,2463174
1635291608.3759203,3681940,35337140,5459699,74139,3794017,34353547,228040498,3582572,34516556,76424,2583546
1635291608.4760394,3616000,35124365,5469345,74118,3791030,34340656,228012524,3720683,34312498,75223,2686658
1635291608.5761573,3458224,35048782,5525738,68929,3754491,34370330,228107042,3631520,34446294,75628,2685437
1635291608.6762755,3693050,35120365,5405224,68208,3350865,34396063,228004358,3660613,34366479,77174,2736834
1635291608.7763937,3677564,35417731,5388055,73535,3730953,34421490,227850198,3780266,34357955,78897,2636573
1635291608.876512,3653755,35384927,5464464,57185,3556432,34370577,228083861,3760975,34359579,77422,2541658
1635291608.9766302,3644751,35111561,5409105,77742,3708997,34322568,227926600,3710441,34400633,78637,2699165
1635291609.0767496,3638467,34879303,5359606,80588,3785174,34313125,228073238,3643098,34409077,78367,2663406
1635291609.1768675,3484440,34958955,5500839,70032,3802700,34339634,228086644,3666531,34342980,79332,2198196
1635291609.2769856,3644848,34911945,5403350,67615,3779493,34307139,228072513,3772113,34274904,81423,2816386
1635291609.377104,3687453,35395951,5389573,74012,3529293,34388321,228287206,3787979,34290876,80175,2484741
1635291609.4772224,3676345,35324017,5457136,76127,3769306,34320431,228062709,3659720,34428205,78752,2634640
1635291609.5773408,3600234,34977672,5452159,72881,3783415,34259600,228020564,3621508,34393846,78041,2715442
1635291609.6774588,3608047,34772457,5404753,69320,3635123,34093486,228157669,3603370,34487587,78992,2680607
1635291609.7775767,3684132,35220145,5373839,75767,3356654,34345246,228258610,3804184,34207373,77933,2667344
1635291609.8777044,3690029,35430894,5450023,74665,3407676,34273478,228590172,3734586,34202574,75292,2616523
1635291609.977824,3612192,35112734,5436787,95028,3857452,34289764,228276306,3631550,34285856,75925,2703010
1635291610.0779426,3690180,35226716,5389282,60697,3675813,34341921,228152508,3777390,34252053,77611,2487924
1635291610.178061,3675243,35071393,5133411,75543,3627924,34350021,228214253,3778963,34329283,75594,2702923
1635291610.2781792,3790802,35233565,5618678,72127,3787530,34316871,228234845,3611943,34363197,74885,2569703
1635291610.378297,3503265,35045504,5394893,75611,3788410,34306623,228279378,3777900,34310684,76112,2754623
1635291610.478415,3735991,35226450,5370015,78293,3592139,34328898,228205257,3766857,34197723,77122,2642108
1635291610.578533,3684242,35342026,5466211,77380,3771059,34240141,228168044,3671964,34312533,76324,2595654
1635291610.6786506,3610213,35067162,5478994,75745,3663518,34316453,228263124,3738771,34165615,75085,2690572
1635291610.7787678,3687046,35317494,5318154,71414,3574460,34406333,228255759,3792284,34189335,78904,2473705
1635291610.8788853,3695987,35130772,5489652,74652,3872240,34459019,228208745,3743549,34287038,76415,2567418
1635291610.9790032,3583582,34917431,5432786,66430,3661695,34509084,228219181,3630251,34358790,75509,2680968
1635291611.079121,3701019,35199428,5406827,60420,3768410,34271063,228195336,3764957,34346479,76642,2548027
1635291611.1792386,3749752,35206515,5480613,72302,3718149,34275825,228172736,3680268,34415335,75583,2733578
1635291611.2793565,3613935,34912900,5363075,65571,3791502,34302031,228187007,3761333,34302470,77193,2326363
1635291611.3794742,3727988,35616266,5455054,75744,3650172,34345236,228231485,3782132,34226216,75179,2566966
1635291611.4795918,3634181,35284673,5464140,74061,3403154,26575778,228185105,3256367,29617848,77445,2590883
1635291611.57971,3518452,34937047,5418793,65180,3556179,34349482,228188491,3771125,34234040,74738,2675935
1635291611.6798282,3687684,35225469,5465161,77088,3784410,34292631,228213693,3618666,34337652,74081,2795120
1635291611.779946,3552567,34967497,5518657,76570,3640094,34254080,228184474,3751997,34369004,77325,2586301
1635291611.8800845,3693500,35224274,5448939,76642,3775420,34236228,228052160,3775016,34447048,76852,2708882
1635291611.980209,3758449,35116407,5519780,76619,3777536,34178805,228247983,3562939,34282230,78812,2688956
1635291612.0803363,3689104,35311030,5347326,78688,3680099,34272031,228153571,3830697,34196895,80077,2460003
1635291612.1804562,3706462,35263267,5472952,73452,3863816,34285112,228238371,3636043,34291193,78693,2696530
1635291612.2805748,3711152,35168509,5364053,65920,3560303,34249908,228226146,3779178,34245219,77385,2470949
1635291612.3806934,3696176,35178086,5421986,70393,3777594,34358595,228229874,3683928,34382225,74884,2668358
1635291612.4808125,3644512,34928638,5466067,75434,3801504,34267181,228202362,3730937,34362036,77555,2708508
1635291612.5809312,3709877,35161173,5406056,71237,3426503,34351624,228311936,3768018,34476690,75003,2572630
1635291612.68105,3631716,34849304,5468041,75580,3790552,34301318,228233511,3721456,34263826,74726,2761660
1635291612.7811682,3629329,35098502,5395925,77019,3630067,34328422,228205146,3790768,34192949,76935,2561367
1635291612.8812864,3703527,35323352,5479130,77000,3779089,34255753,228090492,3678086,34187237,75800,2700242
1635291612.9814053,3507134,34916818,5476509,70432,3605870,34395184,228095113,3859687,34254018,75719,2504411
1635291613.0815248,3701020,35260945,5460083,74809,3740524,34319688,228284684,3681081,34282849,75910,2683777
1635291613.1816437,3596687,34898819,5396235,61486,3574773,34231890,228197047,3751508,34264136,76891,2688986
1635291613.2817626,3689121,35266867,5457907,71009,3867606,34244654,228176814,3699791,34287974,75634,2693441
1635291613.3818817,3688669,34993724,5340809,70622,3781620,34231535,228250607,3769191,34307686,77685,2476485
1635291613.4819999,3687381,35311861,5466689,75399,3747561,34201936,228177773,3641117,34287078,75223,2712896
1635291613.5821187,3665001,34888715,5320149,72572,3668590,34190294,228209026,3791929,34190167,76237,2527986
1635291613.6822379,3717732,35576089,5447525,75969,3788134,34207021,228271340,3647284,34260388,75533,2717309
1635291613.782357,3664973,35375858,5474688,77266,3714700,34291448,228248116,3790579,34257104,75401,2655134
1635291613.8824756,3695745,35460510,5398416,61884,3767751,34279038,228172380,3638620,34278153,75168,2536149
1635291613.9825935,3602069,35148014,5458449,76286,3637596,34382524,228233417,3776169,34238051,80965,2731577
1635291614.0827124,3696745,35271587,5454649,78766,3790183,34289456,228267426,3750987,34426271,77570,2726680
1635291614.1828313,3621068,34861617,5449630,76345,3417873,34332202,228131902,3617686,34328964,79954,2666201
1635291614.2829497,3687457,35206876,5461973,75623,3786344,34199408,228207147,3761960,34357900,73315,2707217
1635291614.383068,3602889,34953575,5375382,76957,3746122,34275796,228204620,3805106,34270440,77750,2557042
1635291614.4831862,3702484,35386677,5463205,76747,3786413,34172861,228149933,3699863,34297165,76588,2711083
1635291614.5833044,3705416,35188436,5365783,77257,3647801,34330773,228337159,3791034,34225692,76658,2618883
1635291614.6834233,3691453,35345251,5460959,69735,3835379,34295277,228225877,3644793,34262378,75563,2678961
1635291614.7835429,3702194,35112098,5474227,79414,3745025,34397941,228219043,3786072,34232287,76619,2469077
1635291614.8836615,3718882,35429338,5447630,82805,3767881,34346823,228125896,3624599,34216884,75635,2609706
1635291614.9837801,3482456,34809201,5422723,77630,3656624,34509094,229333991,3783704,34518575,76717,2691010
1635291615.0838985,3811871,35603154,5503420,81057,3767369,34271099,228209122,3673004,34305275,73508,2978150
1635291615.1840174,3635979,34983140,5361704,95980,3633472,34389054,228206388,3822215,34327961,75499,2253549
1635291615.2841356,3700244,35495902,5494719,77282,3793469,34267174,228225972,3650291,34228462,75861,2685361
1635291615.3842545,3704430,35315120,5387789,81322,3788450,34309428,228280676,3702497,34309504,77034,2467456
1635291615.484373,3718634,35351390,5464209,75449,3665208,34320752,228238726,3733627,34262931,74481,2707159
1635291615.584491,3680268,35360464,5410161,78136,3772944,34290423,228231066,3798004,34284050,78942,2710140
1635291615.6846092,3555671,34880596,5521831,75990,3715798,34381939,228194041,3721198,34256197,80151,2430246
1635291615.7847273,3678383,35264073,5463131,78105,3605605,34348846,228224629,3698098,34403003,79272,2683528
1635291615.8848457,3696660,35053832,5394930,63496,3789031,34261394,228228241,3771581,34403284,76975,2470246
1635291615.9849644,3738406,35251930,5486367,145729,3784017,34272375,228178377,3631816,34209251,75160,2701198
1635291616.0850947,3711392,35250956,5461946,77004,3645789,34210227,228209941,3761737,34088585,75185,2640906
1635291616.1852245,3696633,35163714,5469324,78163,3791022,34290808,228223802,3691428,34237812,76924,2532831
1635291616.2853498,3677737,35160536,5478282,76645,3660927,34340331,228166915,3721843,34290081,75384,2372887
1635291616.38547,3708923,35534372,5494822,75241,3774012,34298184,228226040,3776204,34272227,75281,2716681
1635291616.4855886,3709687,35143010,5402665,80391,3750761,34321010,228075979,3781132,34310076,76277,2467928
1635291616.585707,3711688,35007232,5490367,75989,3641632,34199887,228232774,3570910,34321335,74517,2698252
1635291616.6858253,3721783,35323187,5445294,80827,3752919,34395030,228136322,3782467,34324920,75869,2680044
1635291616.7859433,3516645,34813678,5483876,73560,3833547,34324994,228317325,3765149,34306589,77394,2329148
1635291616.8860617,3726209,35344759,5455081,78142,3760180,34216309,228201376,3658250,34346452,75308,2688192
1635291616.98618,3692013,35218435,5409233,82255,3787917,34229282,228232307,3791518,34270230,74999,2462766
1635291617.0862994,3792013,34279341,228229047,3642860,34305402,74514,2708528,3632580,35097005,5478499,76446
1635291617.1864185,3641681,34332774,228231524,3789823,34293601,78014,2708303,3782957,35920560,5472863,80398
1635291617.286537,3786678,34350777,228187378,3789230,34268815,80462,2626702,3648295,34903538,5405762,73866
1635291617.486774,3695005,35277053,5470301,78739,3737706,34428651,228258686,3749212,34337223,77083,2675083
1635291617.5868926,3696607,35278079,5458628,76405,3797976,34328480,228211974,3699979,34378279,76208,2690074
1635291617.6870108,3595679,34971517,5391164,77999,3794121,34304510,228168190,3754540,34419515,78681,2534425
1635291617.7871294,3711367,35297489,5474588,76502,3691525,34258699,228118128,3696290,34391335,75845,2704414
1635291617.8872483,3699066,35334202,5334768,73177,3661274,34354743,228230960,3792000,34292603,74662,2688365
1635291617.9873664,3700979,35153941,5474271,76834,3776591,34336161,228216311,3702668,34308944,77735,2731024
1635291618.0874844,3701553,35449379,5383127,75496,3495048,34347367,228217435,3750082,34295418,75329,2697482
1635291618.1876023,3759602,34300788,228292617,3789229,34456017,77410,2525430,3691888,35258466,5392184,75975
1635291618.2876966,3763122,34381490,228083731,3643006,34326862,76403,2686982,3523751,34870129,5385954,77102
1635291618.437924,3641611,34333118,228099890,3772568,34341106,74470,2677442,3708540,35280896,5432705,78469
1635291618.6381645,3588414,34757453,5393497,70467,3790500,34197571,228027375,3666122,34250440,75628,2695291
1635291618.7382827,3679067,35234051,5451126,79028,3783916,34316534,228099937,3793409,34296895,74767,2688604
1635291618.8384008,3705580,35339571,5373971,62921,3788410,34261151,228038885,3780038,34256920,77556,2573300
1635291618.9385185,3629869,35075810,5471160,77848,3643675,34151258,228013217,3588600,34227833,80382,2678930
1635291619.0386367,3728458,35501082,5468797,77140,3768517,34423115,228085025,3782945,34222638,78650,2776033
1635291619.138755,3694177,34998610,5388135,71249,3782928,34203733,228131084,3781319,34278862,76350,2601441
1635291619.2388728,3746041,35113368,5461994,78148,3758186,34341683,228097617,3640781,34403193,75512,2657350
1635291619.3389914,3561848,34296066,228044730,3773851,34385881,76109,2706683,3627059,35129560,5643532,79776
1635291619.43911,3789081,34188077,228500649,3779973,34383346,77875,2480761,3481376,34349790,5384958,76978
1635291619.5392282,3791792,34276367,228058795,3641338,34308742,76058,2736608,3734884,35316586,5468294,77196
1635291619.739465,3712898,35246276,5403725,78849,3786024,34279555,228038571,3732178,34258071,73523,2483157
1635291619.8395832,3635543,35111041,5435606,76827,3668741,34254655,228079727,3709923,34236031,77293,2682341
1635291619.9397013,3718434,35306816,5452938,77457,3690545,34303856,227865200,3719657,34273585,75662,2709860
1635291620.0398195,3693317,35111116,5336949,69731,3782218,34378058,228052684,3781800,34246459,76484,2595945
1635291620.1399384,3712781,35341615,5479455,76846,3812289,34389847,228057392,3680884,34408398,75618,2677257
1635291620.2400753,3681297,35488418,5466817,77330,3343681,34356519,228118390,3775380,34318479,75189,2680813
1635291620.3401942,3639574,34965676,5397266,76814,3799388,34293583,228038965,3780526,34331537,75966,2481989
1635291620.440314,3797843,34256261,228025849,3641065,34265345,77994,2693753,3698611,35104113,5581588,75211
1635291620.5404334,3650447,34246180,227991706,3799590,34332841,80467,2703115,3551996,35249389,5548457,79375
1635291620.6405528,3797305,34234647,227926680,3791239,34275200,78131,2418899,3471839,34954909,5508199,72543
1635291620.8407917,3718609,35470637,5470672,76376,3792479,34331777,228020098,3791800,34307131,79758,2692513
1635291620.9409106,3727527,35236869,5402471,77930,3766065,34418757,227957084,3694952,34298274,75520,2551086
1635291621.0410304,3630630,34914649,5457010,76957,3730153,34382349,228038061,3740137,34401521,76734,2627114
1635291621.1411498,3711636,35183602,5470213,77192,3701226,34370774,228036394,3785823,34330334,75587,2712706
1635291621.2412689,3711499,35074331,5339936,72899,3799211,34243140,228106950,3710720,34408696,77029,2733956
1635291621.3413882,3701543,35125752,5473542,78098,3825952,34397723,228074299,3657043,34359685,76736,2669756
1635291621.4415069,3705996,35242639,5475905,77068,3420201,34296796,228109829,3811445,34241944,76722,2693776
1635291621.5416248,3412724,26128623,228015389,3425431,32945929,75750,2658165,3631967,35071303,5399928,71029
1635291621.6417437,3791506,34442264,228077246,3722625,34385308,78210,2577225,3699859,35539250,5468606,77613
1635291621.7418635,3719021,34451856,228016284,3719976,34353621,77514,2695247,3534341,35172314,5483662,76496
1635291621.942101,3697899,35251025,5388402,72191,3801238,34426357,228033103,3637555,34513078,76617,2461189
1635291622.042219,3666346,35123015,5484051,77735,3575628,34387154,228016511,3819209,34403714,82741,2725119
1635291622.1423373,3718218,35265467,5486036,79204,3801445,34357624,227947840,3793379,34530286,81569,2703067
1635291622.242455,3671829,34953167,5447406,76102,3807571,34412920,227948212,3779794,34390543,79135,2491891
1635291622.3425741,3733183,35345764,5477462,76030,3779081,34546122,228168164,3569328,34260459,76444,2723023
1635291622.442704,3752341,35436535,5462246,77735,3236451,34271817,228070841,3797421,34249802,77599,2576733
1635291622.5428274,3592287,35065806,5424962,62098,3791167,34317561,228000788,3734328,34360169,78339,2682187
1635291622.6429474,3717781,35254411,5469382,67979,3759533,34481323,228150671,3706614,34420430,76916,2698514
1635291622.7430663,3727559,35215848,5449548,73065,3658765,34489059,228022451,3786075,34399666,77997,2628169
1635291622.8431847,3775739,35311198,5031197,79273,3798228,34433664,228004783,3641290,34471066,76955,2700600
1635291622.9433043,3505026,34919371,5534011,72995,3622316,34459923,228037552,3806163,34427100,76268,2421709
1635291623.0434232,3708546,35222195,5489513,77274,3805334,34390543,228101987,3798601,34347842,78062,2777103
1635291623.143542,3700439,35044408,5402526,75124,3810087,34411422,228101521,3661056,34376426,76315,2639652
1635291623.2436602,3780537,35382256,5481434,77944,3637901,34339910,228060023,3739278,34434343,77771,2630126
1635291623.343779,3718350,35561741,5449086,76808,3785472,34416419,227951651,3800719,34409624,78037,2707238
1635291623.4438987,3537630,34866987,5493419,72060,3784151,34270419,228024733,3794051,34400996,78753,2403188
1635291623.5440166,3700880,35360214,5468348,77531,4394821,34406327,228115451,3699605,34407633,79533,2692966
1635291623.644135,3705973,35335885,5399989,78468,3550182,34405933,228075905,3789065,34375187,79823,2562806
1635291623.744253,3633601,35019360,5489127,97431,3702439,34430937,228108186,3679170,34460951,81841,2662098
1635291623.8443718,3722428,35245653,5384857,64895,3777556,34353788,228025629,3741581,34417472,77587,2670633
1635291623.944491,3694827,34855267,5450976,78080,3774818,34346094,228005549,3797315,34388400,78159,2732777
1635291624.0446088,3868049,35640522,5480392,74922,3792824,34372061,228055606,3650169,34364830,74191,2839241
1635291624.144727,3676560,35187896,5438548,77992,3814830,34404201,228019741,3801716,34335488,78759,2325957
1635291624.2448456,3724338,35255429,5445367,77369,3778347,34385918,228104058,3781666,34373965,77046,2658553
1635291624.3449638,3597633,35008421,5440923,71779,3753999,34454024,228043188,3729690,34329383,77837,2620181
1635291624.4450822,3708725,35214715,5487044,75424,3644581,34370997,228044109,3771846,34351983,76703,2700152
1635291624.545207,3717275,35149688,5328046,74010,3792180,34351406,228373211,3588724,34367014,77696,2704912
1635291624.645334,3803239,35099013,5503451,79967,3505234,34633122,228404316,3728595,34518549,76843,2681305
1635291624.7454538,3710497,35402812,5483948,77848,3752755,34407426,228259306,3809675,34455159,75639,2683139
1635291624.845572,3669071,35134503,5383750,82605,3788004,34281773,228179664,3800147,34337135,77948,2545724
1635291624.945691,3736011,35403660,5488959,75438,3767056,34292318,228159071,3652475,34304916,76181,2755007
1635291625.0458097,3709476,35552271,5412493,77803,3652447,34344269,228212192,3803567,34388404,79863,2713376
1635291625.1459289,3665733,34777195,5386966,71870,3788994,34392909,228278968,3724502,34366199,80886,2714307
1635291625.2460477,3699135,35437394,5462352,76119,3579109,34545708,228328550,3719055,34419720,80276,2694104
1635291625.3461666,3722576,35200576,5476324,77725,3807188,34537345,228174875,3781801,34455700,78417,2700276
1635291625.4462852,3727501,35222054,5371109,68339,3804292,34368864,228215345,3634374,34465729,76300,2587154
1635291625.5464041,3670422,35019241,5488232,77569,3654668,34401802,228268162,3770100,34466509,78500,2619985
1635291625.646522,3716945,35275361,5477062,78645,3804362,34447425,228073924,3787923,34497795,77275,2700978
1635291625.7466412,3592002,34814334,5404505,71387,3791315,34337913,228225549,3796975,34342021,78238,2700373
1635291625.8467598,3726748,35392258,5491744,77267,3940328,34433591,228283383,3677248,34365157,77349,2684045
1635291625.946878,3726791,35455924,5399333,63982,3551599,34329969,228170526,3802296,34324946,76943,2606202
1635291626.046996,3612761,35030997,5474184,75142,3788260,34432680,228198547,3677976,34351630,77284,2658639
1635291626.1471152,3719046,35329530,5412116,77229,3687619,34413582,228182839,3776315,34249470,76677,2695799
1635291626.247233,3691473,34946396,5477707,76771,3758621,34585019,228131970,3775563,34366413,78607,2582530
1635291626.3473513,3812243,35313469,5465996,72703,3812465,34410489,228265122,3637207,34498611,76431,2670162
1635291626.4474702,3536675,35096624,5393300,77752,3596500,34373573,228196839,3795028,34457243,79071,2597472
1635291626.5475886,3746735,35351669,5459738,79868,3805827,34377018,228219756,3794566,34394299,78109,2650604
1635291626.6477065,3590603,35105624,5526199,78862,3789191,34336617,228227217,3718523,34416613,78206,2544676
1635291626.7478247,3720412,35287979,5494209,77042,3611200,34321723,228217435,3790282,34334624,80386,2731253
1635291626.8479424,3738673,35438709,5381866,79185,3799441,34344386,228185720,3576771,34370844,80995,2341280
1635291626.948061,3642950,34984667,5518136,76314,3594482,34450241,228195798,3779303,34369493,81269,2686314
1635291627.0481787,3720248,35222046,5502393,78797,3777925,34367677,228185114,3774641,34371415,77108,2707288
1635291627.1482964,3715994,35051575,5391342,70777,3788885,34457584,228252346,3780011,34351349,78989,2569517
1635291627.2484145,3731144,35237757,5518193,76463,3753533,34434810,228215949,3608095,34439442,76908,2661994
1635291627.348533,3714022,35397176,5489465,76961,3649258,34501182,228225373,3799022,34400090,76528,2702605
1635291627.448651,3635631,34859137,5363035,73746,3810796,34389819,228215839,3798147,34391361,77751,2586011
1635291627.5487688,3833398,35483385,5474287,64370,3799471,34349551,228198015,3657504,34374325,76542,2686036
1635291627.6488874,3713600,35256605,5505184,76321,3648304,34403448,228142430,3804618,34412550,77546,2687553
1635291627.7490058,3732120,35517989,5448218,71627,3797047,34382292,228286316,3772882,34291464,76893,2716894
1635291627.8491242,3513627,35028468,5540796,72813,3735743,34386694,228320985,3618777,34417984,78169,2287929
1635291627.9492426,3726309,35439394,5483036,75376,3787663,34609365,227961057,3774513,34398376,77651,2671833
1635291628.049361,3725308,35465591,5385669,75103,3799893,34414841,228155810,3802464,34556614,78748,2588151
1635291628.1494784,3635912,35122658,5477815,74785,3771786,34521245,228255080,3742830,34604131,78473,2618509
1635291628.2495964,3707947,35441546,5519598,73601,3753266,34466124,228240135,3663369,34678915,80404,2708604
1635291628.3497143,3741591,35392839,5508526,71792,3808245,34484891,228249050,3794640,34571195,81026,2723380
1635291628.449832,3647142,35120445,5479642,73967,3611517,34513537,228199863,3800518,34512224,78395,2511173
1635291628.54995,3728205,35502209,5415468,75106,3810681,34520897,228315191,3647440,34396794,77193,2685212
1635291628.6500862,3674467,35143178,5485943,60680,3621615,34538432,228339444,3765948,34262530,77168,2598494
1635291628.7502136,3710072,35620692,5536045,74266,3724603,34464480,228163813,3799750,34407159,78145,2688782
1635291628.850336,3752724,35463953,5406047,66256,3783261,34460104,228155294,3643016,34423596,75363,2955910
1635291628.9504564,3730372,35384918,5519544,75333,3617302,34384759,228269866,3850643,34516680,77948,2273568
1635291629.050576,3701827,35364872,5477600,76047,3816018,34517898,228131926,3646203,34456353,76447,2772589
1635291629.1506946,3716140,35434809,5420163,79155,3810328,34398960,228196961,3705386,34600808,77257,2477976
1635291629.2508137,3667715,35140363,5495113,74320,3699621,34372529,228177719,3755574,34459362,77410,2648726
1635291629.3509333,3726540,35512844,5476260,77249,3751248,34312051,228518339,3694910,34434485,77072,2713304
1635291629.451052,3689192,35451425,5346285,73966,3792461,34300827,228162092,3806886,34447098,76770,2718635
1635291629.5511706,3641869,35264412,5495316,75112,3702361,34453167,228201184,3768196,34344466,78321,2702880
1635291629.65129,3698752,35561289,5470597,76640,3778074,34309710,228391772,3662996,34453957,80455,2926864
1635291629.7514088,3677886,35162997,5432027,67712,3687068,34483355,228267218,3797593,34454275,80440,2580343
1635291629.8515275,3633927,35001519,5420757,62790,3805786,34458562,228216915,3771202,34416878,82074,2655945
1635291629.9516459,3680197,35284830,5506976,75987,3795328,34347400,228213613,3632977,34515403,76821,2671987
1635291630.0517647,3701782,35335664,5495710,75481,3710269,34452085,228182700,3811339,34415121,75571,2193272
1635291630.1518826,3725568,35327333,5461906,78568,3803977,34464658,228220159,3788110,34449005,77666,2608104
1635291630.2520013,3589319,35081551,5441401,63408,3797667,34342587,228129453,3737135,34378767,78321,2616325
1635291630.35212,3751808,35482388,5491311,80338,3650129,34330835,228288342,3646761,34436967,76762,2687472
1635291630.452238,3744209,35528798,5458954,79209,3755581,34472165,228142327,3815763,34373411,76567,2696313
1635291630.5523572,3512837,34950289,5556008,71790,3817059,34428291,228305243,3776793,34326423,78942,2350001
1635291630.6524754,3714274,35370717,5496407,77050,3699313,34270175,228259155,3693540,34421598,76766,2721169
1635291630.752594,3715011,35300312,5446658,80110,3794392,34388442,228234924,3785023,34338259,77442,2468205
1635291630.8527222,3794729,34289620,228189542,3635342,34403692,76129,2705718,3678876,35034426,5482508,79164
1635291630.9528427,3647978,34316395,228198908,3803782,34442925,75615,2711739,3736288,35442489,5486524,80379
1635291631.0529625,3797563,34384558,228186680,3802147,34332220,76926,2556506,3544471,34908742,5483531,73041
1635291631.253199,3709486,35475686,5488033,76698,3814357,34434984,228276434,3732830,34323952,81875,2702608
1635291631.353318,3715807,35501972,5461103,80312,3793672,34395865,228129601,3794052,34328181,78751,2647642
1635291631.4534366,3598563,34971133,5463327,76104,3175442,24774436,228191168,3660988,34338041,80724,2602895
1635291631.5535553,3707366,35364240,4082399,79998,3714332,34343130,228240247,3686219,34269296,76072,2703441
1635291631.653674,3729545,35326751,5518379,79219,3658279,34307960,228215303,3769450,34544551,75760,2710337
1635291631.7537932,3559267,34807937,5438838,71231,3803433,34410377,228172860,3773875,34381464,78750,2663786
1635291631.8539119,3717203,35344693,5468734,75289,3795608,34371067,228164890,3652889,34403946,77098,2696238
1635291631.9540317,3690839,34351405,228144521,3795309,34340477,76818,2593714,3657159,35517835,5452998,63639
1635291632.0541503,3792405,34366771,228235076,3692486,34309928,77602,2606758,3534824,35099365,5486903,76788
1635291632.1542695,3662591,34340373,228217370,3781379,34367958,76391,2676525,3733560,35447245,5458455,77134
1635291632.3545063,3722048,35161832,5393064,71861,3750943,34432306,228208968,3669314,34376245,77418,2410648
1635291632.454624,3689555,35062257,5482252,76150,3575664,34316680,228293511,3764170,34439625,75861,2760649
1635291632.5547428,3714245,35388116,5488641,79692,3802342,34356102,228180138,3791441,34336602,77244,2737494
1635291632.6548615,3646928,35042577,5441236,76174,3801205,34293004,228247351,3743252,34336976,79035,2466761
1635291632.7549798,3706571,35295588,5511091,76933,3596521,34287737,228264221,3649817,34353291,80200,2687301
1635291632.855098,3705590,35285994,5418310,79499,3793246,34340518,228216316,3807531,34349561,80014,2536339
1635291632.9552164,3646209,35105396,5466493,76713,3789251,34238193,228064886,3745225,34450299,80477,2744624
1635291633.0553353,3686476,34225103,228172486,3706594,34330532,78075,2702620,3704313,35143236,5465492,77706
1635291633.1554534,3691383,34354144,228077562,3784285,34276841,77974,2561799,3658751,35373080,5368983,70352
1635291633.2555711,3770178,34363336,228112814,3634664,34256708,76993,2678217,3746182,35098803,5470273,75248
1635291633.4558077,3704322,35268425,5475129,77895,3766842,34334027,228233880,3778734,34377888,76423,2689978
1635291633.5559258,3624869,34913258,5390914,62490,3787707,34179910,228176158,3723146,34239165,77802,2610535
1635291633.6560435,3715151,35193217,5475584,78267,3648033,34316602,228174620,3562780,34247831,77022,2692213
1635291633.7561622,3707157,35269200,5295110,71481,3779783,34173741,228229679,3787920,34295984,76719,2673552
1635291633.8562803,3793106,35274797,5473240,77075,3817833,34327845,228163989,3675597,34190388,76798,2688741
1635291633.9563985,3694934,35573424,5466901,77300,3329305,34200174,228340361,3794255,34201749,78117,2679689
1635291634.0565174,3642880,35028416,5391978,64714,3778139,34253352,228197468,3781481,34140340,78293,2592840
1635291634.1566353,3757514,34235200,228174354,3630758,34261789,76487,2689785,3678381,35145507,5574139,77795
1635291634.2567534,3632063,34180049,228139165,3759883,34260359,80296,2696191,3878851,35856403,5478944,68344
1635291634.356872,3784654,34216061,228132009,3661148,34309852,80754,2620532,3528701,34919385,5479402,76866
1635291634.5571103,3682690,35228037,5471860,77046,3771009,34171058,228213827,3776906,34204000,78018,2656637
1635291634.657228,3660871,34896523,5391434,65360,3786158,34120138,228234836,3660077,34316392,77109,2564816
1635291634.7573457,3705285,35365469,5473692,77067,3627478,34229129,228147854,3771262,34328012,76353,2705352
1635291634.8574636,3694237,35354539,5365254,71496,3759019,34283886,228266084,3675818,34126287,76747,2685293
1635291634.9575956,3726362,34983311,5462119,76231,3629887,34212069,228308219,3596444,34086266,77115,2671750
1635291635.0577168,3698342,35202276,5470482,78215,3158462,34318817,228309598,3765843,34243548,77806,2697169
1635291635.1578364,3646944,34850810,5384102,64398,3767826,34193997,228235651,3758543,34228418,79263,2607429
1635291635.2579548,3767941,34242103,228238565,3636196,34271921,76650,2688639,3682657,35265571,5436779,72348
1635291635.3580737,3633309,34209683,228231810,3784659,34187349,76673,2671643,3770215,34958746,5229710,71549
1635291635.4581919,3779498,34226898,228244121,3645573,34197822,77832,2644142,3388617,35305470,5444443,77871
1635291635.5583093,3609717,34218989,228255608,3791203,34146530,76322,2233380,3734343,35593222,5475031,78440
1635291635.6584272,3786670,34156378,228294160,3779444,34146522,77945,2863099,3691705,35078682,5388780,71762
1635291635.7585444,3753418,34225852,228202330,3631219,34191456,80146,2463301,3680264,35353178,5464009,77956
1635291635.8586621,3626421,34231368,228075928,3719938,34214085,76814,2717086,3695196,35235555,5348797,71762
1635291635.9587805,3781267,34201708,228036734,3774287,34174641,77752,2629282,3785926,35163114,5483951,76910
1635291636.0588982,3635530,34207684,228285175,3739903,34287417,80556,2688155,3695178,35237947,5470861,78139
1635291636.1590161,3303969,34212992,228256437,3671932,34373334,79964,2702619,3650854,34816609,5391866,63188
1635291636.2591336,3759320,34187021,228213733,3774349,34200908,79099,2567833,3719072,35389850,5468514,73030
1635291636.3592517,3772356,34187364,228265904,3629094,34220426,77014,2674562,3722571,35344472,5419416,75087
1635291636.4593692,3674388,34209680,228200426,3789187,34204803,77348,2715701,3754759,35506844,5419437,77542
1635291636.5594873,3765826,34281644,228189622,3622742,34182265,77459,2690212,3455234,34722194,5339766,74134
1635291636.6596055,3611262,34379684,228340762,3787093,34182806,77867,2253471,3718079,35015418,5529511,77760
1635291636.7597234,3770499,34404218,228317188,3768835,34160358,78445,2891455,3687238,35063570,5394906,65157
1635291636.859841,3775803,34163739,228138878,3625114,34313505,77266,2651694,3704596,35138710,5489820,77251
1635291636.95996,3619680,34092412,228216092,3722916,34127030,78728,2605830,3707118,35155850,5329737,71906
1635291637.0600846,3774497,34160420,228419606,3716962,34431087,77192,2612356,3740060,35166361,5433290,77578
1635291637.160211,3734299,34383351,228087582,3771557,34163106,77202,2699041,3692936,35257314,5456641,78279
1635291637.2603369,3928488,34080319,228063811,3728251,34178265,76716,2682707,3632393,35040657,5373763,61765
1635291637.3604577,3531903,34109398,228033024,3774414,34106401,78773,2619938,3675043,35319375,5462443,86052
1635291637.4605768,3688295,34170819,228088799,3646492,34248409,76481,2696166,3654386,35290967,5341279,62072
1635291637.5606964,3727601,34333435,228035475,3786393,34208280,76491,2624601,3700132,35330163,5339361,75676
1635291637.660815,3782445,34276331,228055118,3618936,34210428,78728,2666858,3699710,35028920,5456592,76581
1635291637.7609348,3686061,34217134,228061971,3772350,34336571,78707,2603316,3572652,35065078,5444689,78740
1635291637.8610542,3777771,34138570,228064027,3776586,34191428,77232,2760760,3595650,34818251,5384236,62457
1635291637.961174,3761082,34147129,228118396,3648332,34276959,76037,2677574,3705586,35221048,5471165,78325
1635291638.0612931,3672259,34259884,228011414,3781894,34139511,76754,2718279,3719572,35345684,5301462,70621
1635291638.1614115,3785040,34284030,228002161,3740916,34269543,76257,2632937,3741614,35409987,5485629,76299
1635291638.2615297,3595970,34294825,228001383,3589688,34134820,76291,2666998,3684774,35239785,5473295,76889
1635291638.361648,3727399,34418495,228050533,3778238,34214364,76138,2699769,3652017,34940223,5394559,74967
1635291638.4617662,3715952,34265319,228000484,3796441,34134038,77928,2545597,3694438,35183107,5483916,77888
1635291638.561884,3773349,34259034,227958296,3617391,34220540,75893,2686155,3702122,35198366,5378745,75486
1635291638.662002,3541510,34172148,228079967,3766348,34297128,77006,2673145,3664654,34962795,5304979,79127
1635291638.8121836,3822193,34204621,227978336,3704717,34192959,77368,2440628,3699180,34993433,5518814,71254
1635291638.9123046,3654256,34131248,228059826,3723594,34181884,75740,2645316,3680969,35465706,5445928,78816
1635291639.0124226,3785601,34158243,228093611,3783628,34198941,76666,2599527,3848570,35362154,5387919,80709
1635291639.1125412,3777188,34173335,228048912,3635889,34175592,76353,2545428,3620162,35248105,5452385,77346
1635291639.21266,3615643,34217747,228032122,3783572,34284464,80300,2606997,3687214,35308238,5443617,78960
1635291639.312778,3771979,34292565,228026011,3707475,34239467,79849,2811809,3510808,34692062,5489207,73204
1635291639.4128964,3786651,34186869,227953322,3757873,34330089,81765,2321671,3706110,35248405,5474939,76750
1635291639.5130148,3813565,34246734,228164140,3769760,34221102,79729,2708918,3716494,35170403,5361619,79272
1635291639.613133,3639637,34203817,228056729,3672436,34338595,77428,2465790,3649743,35030788,5524188,77084
1635291639.7132518,3788282,34220715,227990977,3647610,34273733,77268,2684641,3699452,35342342,5488841,75249
1635291639.8133698,3799301,34269215,228097164,3790966,34268244,77209,2718801,3633807,34913233,5475143,76541
1635291639.9134874,3708707,34236065,228093284,3782516,34219711,77642,2582791,3703728,35836254,5494867,77429
1635291640.013606,3776798,34207648,227968003,3638458,34289101,76481,2723336,3632012,34975254,5350212,72062
1635291640.1137245,3797098,34418552,228058278,3792385,34282977,76465,2511096,3719121,35076772,5534732,77189
1635291640.2138429,3761421,34345750,227988237,3747097,34313204,77609,2680239,3580795,35126267,5453210,76096
1635291640.3139615,3781308,34164671,228093795,3639825,34380557,76607,2697584,3694443,35277889,5441808,78709
1635291640.41408,3659970,34289822,228015310,3814777,34317709,77086,2577344,3677757,35230092,5278560,74023
1635291640.514198,3790689,34161490,228007886,3579942,34243102,76795,2673435,3793856,35190607,5511788,78145
1635291640.6143167,3516565,34312810,228174399,3767810,34214945,77737,2677801,3715322,35340251,5491890,78258
1635291640.7144344,3828302,34220796,228080838,3756012,34273820,77602,2689162,3644200,35206007,5407711,78487
1635291640.8145523,3773898,34166947,228082281,3792629,34196081,77785,2536313,3694757,35521360,5509306,79633
1635291640.91467,3562736,34186853,227966208,3631294,34109124,79254,2723952,3711009,35186769,5353368,72135
1635291641.014789,3744257,34309741,228010911,3780280,34197100,80116,2713421,5516722,32748059,3441403,77756
1635291641.1149077,3767860,34369774,228035876,3636241,34192000,79913,2730959,3706618,35319499,5491056,76265
1635291641.215032,3576316,34235218,228044207,3758250,34164117,77485,2653459,3681094,35213565,5482788,78711
1635291641.3151586,3789058,34234284,228158399,3757017,34272499,77339,2476061,3546097,34781526,5397236,78539
1635291641.4152782,3784207,34150980,227964168,3633731,34257245,77274,2708647,3720425,35250873,5506810,76801
1635291641.5153966,3239995,29660606,227924015,3773856,34194338,77132,2684556,3701723,31284614,1695527,66855
1635291641.6155152,3785118,34303597,228100652,3766609,34273685,75734,2762025,3596572,34902717,5407626,70089
1635291641.7156332,3790452,34251514,228067267,3783142,34212786,77972,2674350,3726359,35190213,5489785,75155
1635291641.8157525,3687118,34417459,228049000,3563604,34269301,76481,2696770,3704181,35200786,5400049,62573
1635291641.915871,3741170,34295465,228000104,3821518,34269042,77736,2586258,3621175,34894616,5453793,77742
1635291642.0159893,3783773,34345303,227980844,3657642,34271885,77803,2617862,3698089,35350905,5448638,76564
1635291642.1161077,3807840,34306182,228147655,3746307,34411738,78697,2709748,3685479,35064393,5440959,78058
1635291642.216226,3604499,34274492,228056861,3788254,34298958,78794,2536466,3710313,35316882,5357712,80954
1635291642.3163443,3786621,34222092,228042059,3647126,34292391,77615,2716563,3649802,35270209,5442594,63084
1635291642.4164634,3566100,34240605,227961273,3790983,34215240,79393,2655574,3685802,35329222,5512981,80290
1635291642.516581,3791205,34281150,228038348,3788294,34206459,83100,2703169,3638131,35205047,5497748,77028
1635291642.6167002,3772107,34225398,227985512,3645050,34380307,81499,2733802,3704957,35277099,5491204,76811
1635291642.716819,3577311,34335155,227963372,3697019,34237684,76959,2319409,3696083,35281010,5376930,79915
1635291642.8169374,3780302,34344912,227971919,3754393,34284003,76107,2332149,3630740,35025996,5519629,77578
1635291642.9170558,3585597,34211998,228019874,3743944,34327782,77337,2675656,3692701,35279357,5479237,77526
1635291643.0171738,3872208,34210780,228047364,3689609,34418950,76089,2687466,3685127,35041397,5397882,70229
1635291643.1172926,3557866,34191307,228043910,3788826,34276636,77532,2450935,3723804,35186148,5466660,79937
1635291643.2174113,3761671,34277359,228116382,3637254,34270471,76665,2695938,3717617,35161508,5412613,71004
1635291643.317543,3860906,34120786,228054452,3790365,34233390,76172,2578996,3611669,35150518,5477315,85983
1635291643.4176848,3771360,34219199,228101455,3710563,34229700,77705,2684036,3736541,35173464,5461628,72401
1635291643.517811,3639324,34248339,228084638,3743434,34260145,77259,2652215,3562472,34999054,5423488,78013
1635291643.617931,3716824,34312738,228021840,3783096,34171485,79172,2567037,3773828,35104761,5341205,70304
1635291643.7180505,3792021,34309757,228091809,3629602,34263515,74587,2777066,3728751,35329163,5479688,77022
1635291643.8181694,3763094,34278810,228073767,3795423,34304703,75565,2250653,3686967,35296308,5472066,77040
1635291643.9182882,3788719,34154924,228004333,3738538,34206047,76777,2601078,3567150,34965781,5407702,64289
1635291644.0184066,3703456,34188574,228149240,3649026,34162189,77507,2665580,3709646,35356061,5476516,78204
1635291644.118526,3729791,34180458,227929947,3761385,34203086,79508,2698650,3709839,35229631,5348952,70866
1635291644.218644,3773146,34169929,227985730,3781402,34224936,80679,2613514,3717089,35583522,5506978,75061
1635291644.3187625,3759764,34178784,228062729,3636466,34227545,78415,2715659,3704198,35234118,5488847,77842
1635291644.4188805,3541353,34242952,228109367,3794675,34278512,76415,2694318,3634706,34882847,5330116,63549
1635291644.619117,3792303,34206224,228038698,3623866,34304709,77016,2701250,3674662,35176995,5490073,77919
1635291644.7192357,3636271,34218505,227979409,3772288,34291163,76138,2702337,3724154,35150359,5404747,71412
1635291644.8193536,3792924,34271391,227933920,3683639,34183406,77641,2532341,3722982,34967672,5500155,76778
1635291645.019591,3735055,35137466,5498550,76806,3798542,34198048,228102194,3745033,34173904,76761,2672851
1635291645.11971,3710738,35181125,5402645,78882,3784347,34201684,228061083,3774797,34171170,76718,2475902
1635291645.2198284,3745816,35271695,5483975,78778,3626692,34307975,228134728,3734046,34230755,76584,2713643
1635291645.319947,3701672,35383321,5447769,76226,3731089,34285213,228063811,3697789,34255715,77411,2713761
1635291645.4200728,3490548,34884861,5497049,72716,3841803,34365115,228075054,3759945,34173575,78067,2324291
1635291645.5201912,3674688,35510232,5442135,76708,3687667,34141917,228031458,3656876,34384793,77028,2703581
1635291645.62031,3690649,35236763,5423883,78587,3776587,34211709,227991272,3763415,34291620,76608,2478767
1635291645.7204297,3796041,34243849,228029580,3641295,34281925,79065,2694484,3637210,34812223,5377484,76635
1635291645.8205485,3632065,34199300,228009168,3793306,34319716,79562,2687787,3837530,35587924,5462055,77674
1635291645.9206676,3791868,34225843,228010593,3785923,34236165,77712,2479386,3556787,34806875,5453272,72303
1635291646.1209056,3698971,35410122,5482053,74908,3787416,34265066,228044641,3707576,34168857,76743,2703785
1635291646.2210245,3699438,35221457,5380315,77952,3739187,34246029,228018782,3745955,34281717,75729,2535736
1635291646.3211427,3615193,34927746,5488343,72142,3691503,34286099,228048807,3749385,34231874,77384,2635384
1635291646.4212615,3705591,35219938,5481445,77499,3771767,33685617,227973369,3692295,34295872,77190,2703588
1635291646.5213802,3691987,35059056,5374377,73598,3630450,33760064,228143768,3777127,34298190,78560,2494305
1635291646.6214986,3713018,35223058,5492437,75974,3788674,34166126,228057630,3639458,34224024,75704,2642892
1635291646.721617,3714942,35326971,5422109,78677,3797824,34217153,228055177,3787018,34212036,75896,2546153
1635291646.821737,3796025,34216168,228013398,3676980,34189029,77778,2633128,3716889,35241825,5413120,76849
1635291646.921856,3654347,34206348,227962553,3769643,34226479,77130,2683485,3531453,35577049,5473994,78739
1635291647.021975,3748280,34267948,227952386,3782916,34178488,78802,2646111,3681344,35056587,5357272,72710
1635291647.2222126,3670734,35483412,5466050,76665,3727219,34240718,228102751,3790805,34332706,75811,2727520
1635291647.3223312,3682991,35322369,5451148,78509,3795069,34240449,228067564,3778933,34142701,79186,2658199
1635291647.4224508,3567765,34917346,5397908,75179,3740999,34187447,228052314,3565712,34219337,79670,2567019
1635291647.5225835,3684162,35253671,5464904,77352,3721038,34181489,228090180,3771069,34149270,78463,2704947
1635291647.6227043,3702605,35077226,5358959,73489,3769673,34151582,227944960,3781407,34159569,77264,2748465
1635291647.722824,3739118,35478621,5486069,76066,3818096,34230779,228134905,3628287,34212528,76697,2685557
1635291647.8229432,3716782,35384737,5495312,76286,3643385,34284618,228035072,3790528,34280474,75851,2725110
1635291647.9230623,3761762,34315320,228029374,3782907,34124243,77838,2558412,3699623,35147759,5547882,75774
1635291648.023181,3774619,34267123,227987247,3639718,34248293,76915,2675842,3498995,35183975,5486285,76098
1635291648.1233003,3640976,34306960,227984977,3769088,34313182,76371,2747374,3721160,35474808,5337560,73652
1635291648.3235373,3747561,35070030,5492067,76416,3514252,34186131,228119877,3735349,34237069,79730,2687159
1635291648.4236557,3705264,35334784,5462418,75524,3792940,34254840,227965192,3736913,34224502,76716,2688836
1635291648.5237741,3688091,35179693,5389041,76255,3793702,34246267,227867636,3784676,34290671,77856,2558703
1635291648.623893,3707819,35372614,5449031,76017,3638010,34207699,228025056,3782302,34260116,76114,2698044
1635291648.7240117,3675163,35664272,5466079,78591,3645662,34104687,228035160,3680379,34251273,76983,2703981
1635291648.82413,3525451,34858361,5420684,69918,4109696,34391694,228130616,3786370,34224298,78585,2711793
1635291648.9242485,3683610,35398716,5476795,76152,3754182,34258101,227984629,3637584,34249758,79313,2753677
1635291649.0243669,3739963,34281872,228027490,3777918,34375218,78748,2611583,3626696,35093543,5443303,62614
1635291649.124485,3793407,34240282,228035230,3679041,34353804,80652,2627873,3663618,34999314,5415494,77357
1635291649.2246034,3669237,34255567,228004107,3735673,34214185,77112,2694344,3730939,35186734,5474467,77510
1635291649.42484,3684385,35078734,5388614,70830,3786133,34271989,228074352,3638400,34193510,75271,2497316
1635291649.5249584,3702473,35237641,5489129,76306,3558236,34146236,228010521,3836835,34146004,77147,2740056
1635291649.625095,3694091,35397966,5473883,79078,3756114,34284889,228009949,3554297,34178680,76504,2717672
1635291649.7252162,3612965,34943655,5488892,76532,3737464,34264400,228020290,3799736,34211950,77526,2486786
1635291649.8253362,3717593,35245386,5478025,76737,3639608,34232301,227944993,3719622,34302976,76350,2734089
1635291649.9254546,3707069,35182264,5348189,78732,3370844,34143991,228113342,3771220,34335741,77412,2405463
1635291650.0255735,3662432,35044424,5468740,76657,3784972,34209239,228056209,3636317,34343215,77010,2698108
1635291650.125692,3566747,34240032,228007262,3793569,34261411,76149,2692478,3637823,35075874,5711024,79442
1635291650.2258108,3788183,34258713,228033281,3775774,34247325,78225,2479752,3738033,35783196,5423042,77653
1635291650.3259294,3775350,34138994,228058093,3633910,34217236,75609,2690279,3509505,35152017,5464252,76372
1635291650.526166,3693790,35467057,5399907,79011,3788156,34229801,228085988,3670249,34204500,84757,2425636
1635291650.6262844,3607800,34901286,5473236,76619,3615083,34315287,228069476,3742013,34244037,83503,2758101
1635291650.7264028,3693881,35282629,5489163,77983,3769807,34293005,228133008,3750819,34306764,79798,2703977
1635291650.8265214,3696997,35110362,5370757,69448,3793089,34208872,227869719,3774084,34260050,78100,2492908
1635291650.9266388,3726404,35311279,5493295,75777,3760189,34336433,228052690,3566916,34441227,76860,2702106
1635291651.0267568,3719225,35322105,5476382,78334,3301029,34201131,228080453,3807694,34299686,76230,2550004
1635291651.1268754,3596888,34961364,5462634,68560,3777273,34311158,228045539,3754616,34201639,77812,2678108
1635291651.2269933,3729314,35505474,5502992,65040,3750046,34215483,228101875,3681447,34272984,76400,2661928
1635291651.3271117,3702466,35364403,5446573,77174,3650558,34272109,227914094,3785895,34219759,76137,2642440
1635291651.4272296,3802778,35315943,5123184,78009,3770621,34332434,228007636,3644087,34228903,76411,2686009
1635291651.527348,3518624,34617412,5494017,72072,3500316,34188075,228076325,3625829,34393866,77085,2307270
1635291651.627467,4465647,24660769,1075639,63575,3793978,34292174,228103063,3773214,34318352,77517,2672779
1635291651.7275856,3741584,35269096,5366634,78285,3787376,34236953,228109509,3635192,34237400,75619,2651122
1635291651.8277037,3647624,34990122,5518043,76253,3643367,34225611,228033460,3773881,34151048,75824,2591007
1635291651.9278224,3711950,35308765,5474401,78912,3787436,34191927,228022003,3714809,34205664,75736,2687089
1635291652.02794,3602162,34859999,5429046,72943,3784178,34214368,228020022,3778649,34155397,76791,2453033
1635291652.1280584,3682866,35641250,5476075,75762,4294477,34288415,228046695,3692488,34254623,77203,2702690
1635291652.2281775,3684274,35371012,5399520,79599,3557337,34186035,228015331,3779752,34260588,79487,2585049
1635291652.3282957,3616442,34913134,4095403,91556,3646762,34333024,227972650,3637683,34205253,79714,2680980
1635291652.4284139,3708157,35271921,5386003,63946,3718617,34230082,228020996,3762345,34393361,79757,2722702
1635291652.528532,3672628,34831970,5549287,76036,3788161,34247035,228038293,3760903,34339463,77458,2568461
1635291652.62865,3821142,35500401,5479333,74977,3784643,34180477,228018767,3633045,34289055,75852,2895748
1635291652.7287686,3680686,35193675,5446193,75253,3809952,34331803,228115273,3792333,34284295,78103,2286721
1635291652.8288867,3678950,35120404,5435288,78089,3782459,34254243,228014574,3720939,34189698,76407,2688776
1635291652.9290054,3629048,35034498,5435537,74177,3718678,34233188,227941205,3748787,34222280,77893,2621775
1635291653.029123,3707992,35347967,5492346,77598,3703515,34335697,228011662,3777687,34180502,77686,2693031
1635291653.1292405,3696286,34994060,5370391,72250,3764862,34260702,228081660,3557767,34189110,77726,2675725
1635291653.229359,3728161,35169097,5490067,75374,3735368,34333323,228107326,3738343,34208234,76554,2657776
1635291653.3294773,3692485,35093649,5465584,78105,3777382,34244438,228077558,3771589,34245384,76697,2655196
1635291653.4295945,3600365,34926096,5410774,77355,3778884,34265699,227994407,3749884,34243512,78200,2570817
1635291653.529713,3718087,35406631,5492005,80228,3747135,34191039,228070048,3650599,34252640,76772,2688909
1635291653.6298308,3672046,35236722,5203632,78648,3675424,34293763,228127125,3783172,34215787,76622,2721433
1635291653.7299554,3788666,35771930,5451367,70934,3782376,34217335,228059610,3634110,34150442,76695,2791268
1635291653.8300781,3637919,35357869,5461238,75578,3621540,34301191,228184129,3793511,34255619,79954,2668255
1635291653.9301994,3687543,35497285,5479313,77198,3759139,34284367,228017592,3787800,34176924,78551,2559125
1635291654.0303183,3633571,34968911,5402776,76235,3776739,34288546,228059598,3643006,34216401,83705,2574008
1635291654.1304376,3697563,35288384,5476901,75974,3637987,34247788,228070897,3753159,34409794,79936,2745979
1635291654.2305567,3705835,35190183,5338221,73836,3784042,34191727,227906528,3765819,34248296,75687,2698417
1635291654.3306756,3731298,34970470,5498052,77405,3491132,34221493,228137107,3764306,34327489,76607,2703162
1635291654.430794,3704360,35274967,5474329,75698,3711365,34211908,228096557,3656922,34265652,77040,2689814
1635291654.5309129,3695145,35122298,5402244,77872,3798046,34334253,228017119,3787298,34234117,76456,2548755
1635291654.6310315,3725110,35222729,5503829,74670,3774170,34299600,228125334,3640259,34203484,76187,2694749
1635291654.731151,3705253,35494897,5435966,75825,3663513,34258071,228058545,3769462,34198513,75830,2717101
1635291654.8312693,3587842,35023665,5499753,77075,3787852,34328247,228016081,3791565,34127082,78492,2672164
1635291654.931388,3725740,35108203,5427499,73450,3748483,34286849,228083491,3631883,34238818,76346,2558089
1635291655.0315065,3623373,34834274,5481771,75610,3715180,34255387,228065901,3762852,34330620,78522,2698723
1635291655.1316252,3756021,35463315,5406295,62551,3783848,34195770,227936377,3675476,34296533,75468,2677745
1635291655.2317436,3630712,35037852,5465273,76474,3685214,34200960,228048932,3826765,34215466,78413,2507919
1635291655.3318624,3692924,35298428,5443774,77765,3723294,34193436,227935667,3556622,34175214,77255,2681325
1635291655.4319828,3701877,35233419,5403900,71023,3790281,34223370,228061548,3788883,34277206,77147,2533858
1635291655.5321019,3690135,35353556,5483776,76737,3645012,34254925,228104871,3706755,34272996,80470,2720237
1635291655.632221,3701261,35448252,5492242,78206,3763205,34396912,228098718,3791101,34297807,79467,2720653
1635291655.7323408,3638315,34884312,5482558,78391,3679068,34299004,228030137,3785492,34176328,77913,2463398
1635291655.8324592,3691276,35251380,5471228,78414,3771798,34211665,227967082,3621914,34238664,75938,2675217
1635291655.93259,3677693,34809588,5426346,70226,3759578,35494419,236723278,3193062,31757858,77134,2763394
1635291656.0327117,3878311,37168278,5682117,86530,3467326,34317354,228087053,3790224,34214988,75997,2483211
1635291656.1328316,3542825,34778951,5462116,78202,3797208,34335523,228098575,3784431,34247313,78216,2681458
1635291656.2329504,3715665,35207143,5424373,77301,3769992,34221829,228047388,3648509,34268619,77752,2691572
1635291656.333069,3738529,35544865,5503932,75549,3637359,34328115,228016228,3819883,34201649,77284,2596636
1635291656.4331877,3753093,35538696,5411343,74654,3760016,34132723,227969307,3633766,34129878,76295,2676284
1635291656.5333066,3587841,34841888,5450789,73463,3480969,34243015,228131280,3738797,34235634,76672,2713831
1635291656.6334255,3716266,35323599,5489896,75191,3806663,34213493,228064296,3764882,34262542,76824,2673851
1635291656.7335436,3719793,35060932,5397983,77280,3782720,34315834,227999447,3764757,34241599,76869,2530030
1635291656.8336627,3737501,35243514,5462013,77108,3692916,34151453,227956921,3621077,34353121,76253,2685700
1635291656.933782,3672352,35325778,5419987,78595,3655991,34223207,227970580,3783484,34225640,76662,2658971
1635291657.0339007,3551088,34941189,5411347,75462,3779621,34204467,228105100,3733420,34219251,77512,2700758
1635291657.1340196,3714605,35541798,5458969,76132,3554393,34225057,228100109,3718837,34287481,79043,2718237
1635291657.234138,3683348,35239044,5476662,76582,3768696,34237040,228044202,3788585,34286507,80862,2694710
1635291657.3342574,3842263,35373239,5426393,74238,3771575,34222624,228047907,3640271,34261640,82802,2493357
1635291657.4343765,3621098,34994871,5498923,74855,3621939,34356016,228146135,3785386,34229054,76314,2681421
1635291657.5344944,3705859,35307995,5488501,78337,3786197,34389286,228053296,3716538,34302126,75551,2755759
1635291657.634614,3525158,34728941,5423522,69626,3781716,34168009,227946815,3764530,34281630,77483,2683361
1635291657.7347326,3715634,35229134,5483432,76189,3788627,34192830,228092163,3542277,33652163,73031,2696485
1635291657.834851,3703780,35112976,5414135,76982,3730375,34267685,227959695,3824824,34329134,77396,2534220
1635291657.93497,3715117,35066138,5493260,76062,3776075,34299580,227944191,3632456,34261457,76786,2686096
1635291658.0350888,3725927,35199400,5471614,75254,3766457,34257597,228126999,3792193,34251285,76911,2692197
1635291658.135208,3521040,34952129,5462270,77554,3608868,34221883,228003956,3770905,34204286,77428,2672009
1635291658.235327,3706425,35102172,5367455,67105,3728449,34156595,228085103,3658756,34335935,77123,2661209
1635291658.3354461,3678806,35536322,5512415,80484,3583266,32682006,216272578,3562961,32660441,70610,2500896
1635291658.435565,3474337,33567934,5153426,95675,3710885,34093435,226967062,3731952,34068009,69764,2631589
1635291658.5356834,3646820,35148470,5427153,115700,3716185,33885288,227361751,3710550,33906194,61239,2721653
