1635341976.104037,9801446,92994987,892973951,9689636,92507359,202754,7993083,10428127,98101603,15743940,340753
1635341976.2041612,9730907,92906244,891142527,9724158,91613659,200063,8042229,11821930,95142445,15240950,337905
1635341976.3042843,9720814,92469638,892003781,9667611,90839641,207393,7916317,10186598,94334530,14144486,345032
1635341976.4044075,9568011,90556385,891645913,9629227,90740848,206290,8118672,10214379,96087152,15388834,346692
1635341976.5045295,9544233,90018045,891983377,9514420,90551127,202214,8202877,10936026,93629428,13073023,357583
1635341976.6046512,9584649,89290735,897417274,9616813,92081558,208368,8225747,10028559,94931498,14989138,370673
1635341976.7047749,9469595,87937389,894698714,9673260,90333472,205876,8116590,10135070,95637054,14293043,375452
1635341976.804895,12037665,96531553,822264061,9117714,83034591,204987,8714601,13098780,118615555,18560706,481050
1635341976.9050138,11496417,102678215,715089543,11433791,102270599,251592,10153343,11431265,107544186,17156625,414460
1635341977.005133,11922286,106249217,743173356,11930486,106833978,256203,10964101,11857065,112737870,17873588,437004
1635341977.1052523,11851572,105493869,738674832,11921862,107964657,247741,10760537,11832142,111790169,17794212,435039
1635341977.205372,12283595,106297461,742178508,11935573,106740558,252398,10805132,11850409,111568864,17805223,428270
1635341977.40561,11812947,106170101,738224285,11811578,105825696,252774,10554256,11875234,111480093,17754792,430656
1635341977.5057282,11806199,105958789,740128819,11840418,106058242,283192,10592665,11816350,111455338,17766525,431826
1635341977.605851,11671163,105514479,738558688,11806493,105178570,249414,10625088,11764892,111186474,17686359,427002
1635341977.7059734,11696352,105419008,734073337,11814217,105733451,252874,10704158,11828272,111548180,17730121,436145
1635341977.8061125,11815316,106077639,740115632,11874813,105972053,260800,10651756,11762573,112031962,17813438,434028
1635341977.9062452,11579267,103808470,724814420,11608191,103827550,236157,10631250,11476862,107986326,17285547,425603
1635341978.0063772,11906289,105536202,741849275,11745646,106292407,259687,10804334,11938266,112369713,17863563,433084
1635341978.1065056,11823120,106322280,738109112,11806629,105642022,257691,10659901,11844969,111527626,17763075,421782
1635341978.2066302,11799699,105811158,737779153,11849246,106131935,249130,10412346,11800697,111491856,17747484,431927
1635341978.306754,11911024,106614649,744023317,11912429,106284641,257428,10785925,11879188,111682035,17845345,439789
1635341978.406878,11926661,106566609,745710922,11973961,106555981,252595,10821029,11951177,112253501,17882833,433656
1635341978.5070024,11872947,106244938,741414024,11912323,106301031,253900,10780769,11849404,112049859,17857083,439625
1635341978.6071262,11807355,106526992,744466782,11945163,106351761,258192,10719874,11809123,111124811,15548829,427379
1635341978.7072494,11855041,106155509,743057103,11926645,106834050,244454,10738353,13197647,110097153,16662367,431915
1635341978.8073733,11797312,106067261,740981245,11963652,106170641,259051,10760193,11895447,112218976,17093677,430663
1635341978.9074974,11529195,102710574,724389293,11608356,103706766,245362,10529123,11633015,109623077,17486020,426886
1635341979.0076282,11899618,106545921,744905150,11902459,106507952,251616,10685352,11885843,111658334,17831129,434535
1635341979.107758,11897545,106454749,743493302,11875651,106597617,246022,10744714,11866385,111646480,17805863,434484
1635341979.2579436,11806252,105886469,740223147,11840027,106554722,247713,10673553,11802810,111042485,17715189,430222
1635341979.3580709,11859550,106346369,742547789,11845282,106345635,257981,10723457,12832628,109964767,16620753,432013
1635341979.458194,11827781,105940310,740907282,11842234,105990463,253532,10723152,11787492,112080472,17803201,434681
1635341979.558317,11802984,106080249,741031156,11852936,106190931,248474,10601119,11745613,111118148,17755777,433100
1635341979.6584404,11799382,105891941,739117898,11804847,106102846,235943,10562183,11794834,111220930,17697269,429569
1635341979.7585638,11812260,105986761,738887122,11804807,106223654,248603,10597310,11757119,111262814,17671566,433442
1635341979.858687,11655258,105332426,733627868,11709021,105324015,251310,10557830,11668231,109768450,17520172,424261
1635341979.9588168,11669486,104610869,730469614,11697520,104866584,245790,10441671,11637368,110447782,17455458,426728
1635341980.0589569,11776737,105309549,736208456,11714604,105019216,251285,10689528,11812678,110812942,17504967,431794
1635341980.1590917,11880631,106350707,744229063,11919493,106630900,257091,10756411,11853254,111812280,17814923,438403
1635341980.2592227,11837287,105905812,740086277,11870281,106579912,260375,10677069,11800270,111268819,17690434,429747
1635341980.3593473,11810580,105967403,739066855,11807307,106676575,242549,10688510,11803903,110752749,17580497,428749
1635341980.459472,11776341,105663740,739719823,11844230,106145764,268993,10687230,11851335,111579518,17747486,428954
1635341980.5595953,11851671,106229571,742359546,11877868,106380011,253638,10751622,11845889,111239878,17777306,431872
1635341980.659718,11911443,106593988,743533286,11905230,106462711,257746,10779545,11893271,111281784,17751408,430558
1635341980.7598414,11856962,106043209,741364590,11854777,106283664,240704,10708598,11815673,111310608,17701108,431924
1635341980.859965,11498089,102942498,723458955,11618439,103851817,242634,10508414,11538519,108465956,17374136,423196
1635341980.9600823,11870349,105763075,738555822,11842710,105974483,255152,10694685,11836317,111412111,17716853,432998
1635341981.0602124,11816248,105695315,736305292,11781616,105730911,249897,10640878,11759456,111341139,17611408,428748
1635341981.1603377,11812084,105888413,736444572,11810293,105806661,244784,10575435,11714619,111107582,17623833,429465
1635341981.260463,11827121,105932730,736473416,11832499,106012056,247462,10638961,11712614,111023896,17681885,432353
1635341981.3605866,11835455,105771797,736910405,11822408,105898387,268612,10539564,12759163,109234025,16171461,432866
1635341981.4607103,11973750,107241274,746671356,11969245,105170898,231476,9909039,13217682,110889685,17904771,436873
1635341981.560835,12126409,107418661,757878809,11591244,105799498,244805,9619434,14411768,101302773,16687984,439291
1635341981.6609604,11673377,105008625,727226405,11691378,105442208,246986,10445745,11585272,110278820,17490658,423926
1635341981.7610846,11662787,104832154,726245133,11637058,104694708,258968,10467810,11547905,110571063,17488681,422423
1635341981.8612092,11400675,102246146,710325144,11365939,102125395,230222,10210843,11406531,108019241,17092401,412915
1635341981.9613335,11615512,104482787,728204797,11707685,105835496,250109,10425836,11617435,110465661,17447120,425223
1635341982.0614614,11686721,105373876,731437652,11735327,105404031,261994,10482004,11524383,110345597,17504210,426651
1635341982.1615908,11722520,105169290,732523985,11693675,105213099,238091,10558195,11662812,110796819,17564379,425948
1635341982.2617168,11693957,104769190,730351708,11666645,105321486,243633,10533612,11585840,110458871,17505197,425984
1635341982.3618407,11699292,105114122,730448178,11733999,105482612,254004,10535664,11626611,110442908,17529273,424789
1635341982.4619648,11686217,105165082,730296412,11694091,105151676,257121,10490832,11610962,110523594,17467171,424969
1635341982.562088,11722734,104958582,729975529,11716478,105014438,237367,10566513,11703589,110849370,17568963,426731
1635341982.662212,11664238,104998825,729068265,11655475,104863763,250934,10438476,11592892,110085062,17493880,425013
1635341982.7623363,11679833,104903101,729465647,11673864,105292717,255796,10488549,11599372,110842415,17481157,424775
1635341982.8624606,11396438,102110340,712964386,11399087,103206008,235187,10272206,11370310,108233934,17142992,417642
1635341982.9625916,11682098,104899953,730018471,11684916,105120645,248687,10477357,11585610,110255133,17492744,423439
1635341983.0627215,11626221,104773418,728764124,11696477,105253757,249538,10457680,11413626,109306781,17289166,425372
1635341983.1628466,11684052,105285706,735249431,11791549,104430684,215011,9465656,12952803,109609312,17645488,424010
1635341983.2629719,11833029,106090079,738293904,11805299,106140441,250206,10351011,11713109,111459565,17659826,430323
1635341983.3630972,11810808,105970646,737948554,11831490,105062848,243202,10158213,12516195,107901670,17613337,432039
1635341983.463223,11755681,105136728,733281910,11750477,105633570,263626,10630356,11606132,111107535,17579812,427628
1635341983.5633485,11788171,105335836,735569508,11812053,105776435,249560,10712439,11718179,110679983,17550274,430057
1635341983.6634722,11800529,105534500,735935998,11766583,105396035,257054,10709677,11743023,111258662,17588130,432475
1635341983.7635965,11797634,105654830,735683857,11750189,105302019,255067,10556850,13067191,109085382,17635654,428375
1635341983.86372,11560271,103404470,721239265,11552441,103432661,237950,10452397,11461412,108677622,17275557,422509
1635341983.9638526,11832943,106225111,739479694,11837824,106138304,255939,10735558,11716628,111240374,17672151,432213
1635341984.0639844,11821193,105769687,737026253,11818427,105509422,260112,10712273,11660623,111012728,17599545,428381
1635341984.164125,11803124,105481228,736950151,11838243,105892556,239614,10642774,11775282,110512723,17570748,430930
1635341984.264265,11766937,105145322,733949455,11771956,105877540,252159,10573246,11731146,110691890,17611766,430096
1635341984.3643932,11730454,105032865,733927952,11743348,105253424,259031,10619916,11660737,110632132,17542364,428260
1635341984.464519,11644859,104803509,729809161,11693110,104995380,238525,10575046,11606891,110061054,17491817,425470
1635341984.5646439,11683473,104399459,731262546,11738596,105376193,249052,10553017,11707743,110209224,17512383,430317
1635341984.6647685,11763822,105238322,735366881,11786331,105662182,247144,10636739,11672633,110365696,17591467,424609
1635341984.7648892,11813172,105659819,736825440,11799611,105477289,250244,10722723,11628852,111116113,17672793,432461
1635341984.8650086,11467581,102193475,717630926,11509695,103213066,230023,10483276,11445278,108600545,17290455,421625
1635341984.9651272,11917957,106496941,744677440,11913522,106484176,261689,10825794,12576940,110189187,16605612,437214
1635341985.065246,11810594,105677537,736331100,11815318,105772139,256782,10576931,11588526,110209676,17548586,431066
1635341985.165365,11814059,105502423,737879481,11855066,105998863,238357,10751594,11737453,110733498,17681171,434184
1635341985.2654834,11786769,105619552,735351707,11784269,105519453,251039,10707302,11699405,110904076,17665453,432845
1635341985.365602,11787639,105640280,735636495,11778726,105506061,254703,10589377,11733854,110917683,17620819,430611
1635341985.4657216,11798218,105826127,736004827,11820452,105875800,251369,10636406,11730638,110876035,17578777,429055
1635341985.5658395,11754238,105630976,733997226,11688787,105188650,243751,10522666,11645951,110082475,17555405,427614
1635341985.6659577,11750204,105291340,733068853,11799005,105846368,252072,10584960,11715770,111022686,17638042,427046
1635341985.7660754,11734940,105659707,734313326,11774367,105821694,248101,10570206,11615780,110214715,17588936,426350
1635341985.8661947,11507843,102822999,716921868,11515458,103213245,247201,10352671,11446742,108189263,17288784,417347
1635341985.966313,11807882,105605150,735895993,11823009,105647250,249885,10671992,11743352,111497093,17754745,428122
1635341986.0664315,11835835,105861636,736229592,11829687,105840762,250822,10627594,11725317,110791521,17645659,427972
1635341986.1665494,11767110,105512338,733677924,11787818,105505228,256531,10646863,11669817,110048576,17646037,427418
1635341986.2666821,11805011,105480791,735662721,11737118,105513371,252212,10697349,11746054,111616262,17699703,427920
1635341986.3668156,11810929,105457535,734711640,11814385,106094637,252897,10580007,11724426,111142727,17711976,428152
1635341986.466939,11788625,105553506,734334684,11791370,105672299,247197,10749627,11713634,111008223,17637922,429615
1635341986.5670576,11839913,105869274,737722007,11856066,105708912,247543,9912559,11644297,111096004,17745407,429423
1635341986.6671758,11816923,105489089,735851551,11832489,106245923,254981,10673573,11746661,110638155,17688558,428995
1635341986.7672944,11742978,105365031,733084860,11744415,105763265,251232,10567767,11682418,110732972,17663551,428704
1635341986.8674145,11570408,103578294,721081002,11544482,102783167,248622,10317207,11490622,108871452,17221654,421197
1635341986.967534,11784178,105668576,734008247,11784444,105622030,249102,10641456,11703908,111216510,17679936,428306
1635341987.0676537,11733429,105246126,732073725,11732532,105557501,245209,10550929,11684251,110393191,17666141,425508
1635341987.1677732,11786112,105742352,735678227,11836981,105685208,258489,10419163,11720014,110946077,17649689,429542
1635341987.2678921,11755390,105658105,733661799,11761358,105764619,237130,10564747,11627694,110971115,17581132,425628
1635341987.368011,11683387,105304264,731724851,11740639,105460265,266716,10605253,11698603,110476176,17567521,426256
1635341987.4681296,11683020,104233416,728033842,11668026,104968512,256981,10461314,11617678,110182034,17499676,425528
1635341987.5682497,11722378,104913683,729572392,11703780,104488914,242343,10562756,11587437,109796898,17522668,429195
1635341987.6683693,11739093,104926849,729585555,11729152,104411368,250774,10408229,12510190,106599482,16067145,427561
1635341987.768492,11821465,105511252,733125666,11802890,105730288,258833,10533810,11736274,110822731,17688342,427519
1635341987.8686137,11395024,101655944,711020367,11361901,101717818,240869,10217617,11327867,107616529,16842037,412370
1635341987.968739,11944613,105381068,746036501,11537632,104573302,260537,10815767,11913018,112620261,17903469,437800
1635341988.0688632,11597081,104007000,723610322,11631569,104000063,258583,10538124,11540758,108127901,17345759,422883
1635341988.1689825,11761462,105160941,734978600,11796240,105734387,251141,10748400,11755656,110781692,17681374,426093
1635341988.2691033,11797948,105693821,734248847,11789532,105639980,247586,10647832,11684969,110698369,17685764,428433
1635341988.3692229,11827119,105972545,736231849,11852521,106092235,267653,10612827,13288586,109335473,16344764,429486
1635341988.4693418,11761709,105894594,734452831,11806001,106096754,252240,10723367,11690994,110732564,17609432,430174
1635341988.5694597,11866220,106216340,737272914,11854952,106063072,238015,10756059,11755737,110747750,17757631,429849
1635341988.6695778,11776367,105475407,733232758,11777719,105653708,256279,10684935,11759973,111070686,17676045,430055
1635341988.769696,11756606,105214185,731812282,11762808,105733359,252547,10627160,11720689,110689420,17642384,429164
1635341988.8698158,11560500,103420778,719474371,11571978,103409682,256624,10402982,11462439,108227089,17333724,420029
1635341988.969936,11716189,105302377,736842804,11843256,105791607,240706,10712645,11831388,111400779,17793276,429099
1635341989.0700746,11790316,105877104,734678000,11781783,105532625,252073,10621194,11729360,110843355,17638568,431310
1635341989.1701937,11798983,105775103,734843783,11827383,106028927,255472,10702554,11717691,110797912,17668390,428828
1635341989.270313,11832388,105953414,735667765,11844664,106314631,264674,10526163,11758018,111511820,17691825,430250
1635341989.3704317,11756881,105901068,733287278,11771776,105790239,253504,10566322,11680914,110464898,17580145,429294
1635341989.4705508,11811684,105516198,734096998,11791824,105815348,239555,10690158,11769491,111128780,17698718,431940
1635341989.5706694,11789926,105555549,733440954,11787739,105837851,251991,10675017,11657138,110690135,17689567,431762
1635341989.6707878,11751012,105366466,736155890,11850173,106229838,266857,10801463,11739105,111227713,17713655,425691
1635341989.7709064,11716782,105385406,731378252,11780966,105452565,251556,10559375,11655792,110462633,17595341,427551
1635341989.8710253,11560871,103645996,719207730,11542039,103419637,251747,10429456,11458549,108662988,17286774,421601
1635341989.9711435,11840642,105808721,736058214,11848340,106332532,235602,10763978,11725609,111160927,17694857,430518
1635341990.0712616,11746741,105235479,731533893,11729923,105906639,254126,10618620,11751343,110979513,17649024,429935
1635341990.1713796,11806151,105634774,734771317,11830799,105618598,251623,10692265,11730146,111142885,17691983,428578
1635341990.271498,11714597,105078549,730218516,11723835,105564666,232555,10666369,11634620,110578938,17575447,426252
1635341990.371633,11867117,104650068,745861401,11627006,105673393,255340,10814516,11909101,111507743,17928510,435055
1635341990.471765,11758668,105490654,733572761,11766109,105888029,257285,10613150,11619597,110658474,17659430,428861
1635341990.622424,11807622,105842543,735838034,11850233,105976265,241109,10708875,11764917,111045521,17684749,429867
1635341990.7225444,11745370,105346606,731378974,11749803,105595732,250463,10559995,11728358,110675255,17597700,426173
1635341990.822663,11783529,105326026,733174001,11786967,105597745,249544,10683731,11673715,110488593,17658865,428568
1635341990.9227817,11555608,103354015,718523245,11523588,103683616,263353,10525173,11490133,108703536,17278168,419691
1635341991.0229025,11725891,105544373,732507960,11809654,105757587,244249,10713660,11672484,110324701,17566583,426524
1635341991.123022,11755493,105330497,733689057,11786088,105593237,241222,10739627,11750129,111500138,17700531,430865
1635341991.2231412,11829204,105583012,734439075,11807310,105801847,257064,10746989,11714317,111052644,17666755,429034
1635341991.3232594,11772713,105585257,734314292,11794412,105798755,240517,10765818,11661981,111188247,17651204,428964
1635341991.423378,11787169,105618276,733973373,11785190,105939118,251480,10607097,11715692,110567621,17559406,426666
1635341991.5234969,11834835,101955077,752924209,11096208,100747093,255287,10846643,11969821,112995601,18030510,436233
1635341991.6236157,11586571,104450833,723885363,11606705,104803208,244816,10462024,11505020,109636846,17398397,421198
1635341991.7237344,11667524,105206611,729555494,11687290,105307066,246942,10605007,11625902,110331942,17552549,420820
1635341991.8238523,11697570,105115694,730056497,11726981,106216564,258434,10634717,11664766,110139977,17549406,422665
1635341991.9239702,11441722,102204554,713733775,11482502,103004870,239592,10343614,11511550,109252389,17192495,413667
1635341992.0240886,11705045,105122823,729308296,11675736,105166197,232717,10555411,11683461,110999695,17583609,421934
1635341992.124207,11654452,104847716,727123143,11638233,104968261,251622,10478114,11622276,110116003,17526361,423654
1635341992.2243257,11725719,105401281,729482232,11694559,104979316,248212,10506354,11571014,110008015,17552039,424304
1635341992.3244433,11779872,105333959,733028109,11778324,105768745,253910,10681469,11644656,110837133,17661372,427347
1635341992.424562,11681554,104777680,727158630,11664988,104874746,233516,10525390,11614147,110102883,17547154,423402
1635341992.5246885,11656991,104385245,725711832,11688685,105346555,256184,10572660,11600215,110096403,17511792,421595
1635341992.6248133,11670689,105023311,729314649,11694371,105403717,247476,10535185,11627576,110154398,17483327,420845
1635341992.7249334,11640375,105122717,728196414,11675316,105147296,238337,10455218,11580750,109995929,17483433,420675
1635341992.825052,11685126,104969515,728809862,11716927,105581108,250605,10389635,12447967,109062802,17605097,422463
1635341992.9251707,11490945,103413641,717073142,11471154,102836421,257988,10433383,11451439,108207034,17250251,418140
1635341993.0252883,11746499,105484453,732361708,11754608,105150190,249753,10637388,11679141,110647271,17620230,422796
1635341993.1254072,11647404,105383592,728410112,11644129,105061327,240826,10430959,11566261,109836956,17499932,422235
1635341993.2255256,11797931,105706284,734935575,11824222,105846159,252761,10738808,11701378,110722860,17691964,428660
1635341993.3256435,11790017,105616144,733109256,11775111,105355530,260371,10710320,11677800,110614265,17599551,428766
1635341993.4257624,11710420,105538276,729682064,11695446,105072185,253181,10539595,11582863,110233859,17505065,423998
1635341993.5258808,11677778,104954908,728238264,11693006,105383461,242899,10594876,11624754,110347947,17529848,420732
1635341993.6259985,11590985,105111267,728849258,11641714,105395978,258200,10465718,11658902,109874266,16577913,421642
1635341993.7261164,11698898,105422531,731001201,11729788,105506093,252131,10549678,11629410,110046049,17431201,427478
1635341993.826234,11645592,104900454,727855112,11668668,105076917,237568,10605166,11628081,110284215,17491806,422295
1635341993.9263525,11433736,102038815,712024904,11442640,103279147,247553,10384137,11336510,107381730,17164780,414244
1635341994.026471,11669140,105104858,727722310,11642152,104808678,255895,10521125,11606725,110130220,17516959,427273
1635341994.1265883,11643505,105028313,728300231,11685010,105295789,248160,10584421,11572213,110255091,17444888,424826
1635341994.2267075,11741008,105290063,731103858,11714424,105214720,234221,10759384,11663237,110455254,17581849,421741
1635341994.3268251,11663576,104845255,725789617,11639488,104938990,251074,10410099,11548363,109819521,17416284,420560
1635341994.4269443,11672272,105050430,728015892,11673140,105074769,250942,10545052,11619600,110138987,17559314,425036
1635341994.5270622,11730231,105254612,730881287,11699266,105256718,242519,10741293,11624592,110349631,17528106,422879
1635341994.6271796,11674196,104869118,727942087,11701132,105174871,246288,10494852,11679441,110045624,17479154,422061
1635341994.72731,11124350,103970884,733350562,11720874,105078062,251941,10651126,11655009,109133516,13173543,401504
1635341994.827434,11753192,105773346,733505107,11793570,105400850,247678,10653190,11634106,110994056,17612494,427493
1635341994.9275541,11504981,103048805,716479407,11511504,102906180,240519,10463139,11352509,108027368,17206795,417475
1635341995.027674,11764340,105325030,732658502,11778086,105819133,260644,10697225,11669529,110812939,17613473,424915
1635341995.1277945,11728088,105096374,731308917,11740716,105370208,254988,10641598,11658204,110226863,17570008,428345
1635341995.227913,11827418,105680053,735388726,11826627,105690048,252599,10682923,11741073,111026854,17682541,424429
1635341995.3280303,11719713,105444729,731333219,11744216,105277079,252818,10563387,11623074,110221256,17534576,427450
1635341995.4281485,11771696,105078869,734871163,11679283,105764604,248232,10727366,11734063,110854749,17631840,427356
1635341995.528267,11706692,105114565,731958156,11747443,105531990,249628,10598518,11670196,110535481,17579319,425633
1635341995.6283853,11755887,105207989,732684679,11664502,105054625,254535,10631148,11712048,110513788,17649439,428321
1635341995.7285037,11745354,104842381,731901147,11768819,105778405,243647,10704303,11624595,110831615,17653123,426367
1635341995.8286219,11686072,104775523,728486877,11650804,104784827,262219,10546395,11641997,109830718,17541617,423273
1635341995.92874,11488772,102727669,716680588,11507724,103172317,247409,10428877,11442059,108489363,17295247,416528
1635341996.0288584,11752928,105468086,731625742,11745573,105317091,252077,10527868,11631549,110182147,17644670,428128
1635341996.1289759,11744222,105529980,733058556,11753580,105485435,249021,10718364,11627895,110330284,17614796,423850
1635341996.2290936,11753502,105620326,733285151,11770057,105679958,262891,10711538,11671202,110551149,17592176,425715
1635341996.3292117,11785235,105372215,733377546,11771413,105549941,262967,10780561,11692517,110933889,17569589,427553
1635341996.4293296,11733463,105337274,731979834,11752548,105273171,241742,10589538,11620054,110617507,17589924,425423
1635341996.5294483,11738282,105501252,733041579,11783328,105505837,254189,10659300,11672796,110721719,17554633,427803
1635341996.6295662,11683340,104810424,728355655,11729552,105559395,259413,10540943,11615395,110188892,17502135,422862
1635341996.729684,11407040,102356238,709290156,11373037,102036648,237617,10279353,11287250,106945565,17067777,410389
1635341996.829814,11610266,104791161,728298535,11669361,105146146,240448,10560256,4361575,110611050,14954946,420376
1635341996.929946,11452219,102707448,714590593,11469178,103225844,242728,10379589,11368865,107792469,17191252,417032
1635341997.0301046,11739298,105814641,732445732,11763278,105312326,268075,10636913,11683194,110358011,17583208,424688
1635341997.1302233,11726459,105308960,731513202,11764056,105402960,243133,10688272,11625641,110280048,17524217,426468
1635341997.2303429,11785133,105707645,733434088,11778731,105434415,252672,10650267,11702784,110639759,17649171,425528
1635341997.330462,11762336,105408816,732887112,11766395,105464083,250805,10621486,11572954,111034121,17631830,427715
1635341997.4305823,11795042,105620090,733837987,11779635,105441133,244906,10731814,11718886,110505225,17638488,428136
1635341997.5307004,11781304,105762950,735764453,11816805,105815724,250575,10787216,11741135,110884374,17661324,426687
1635341997.6308188,11644610,104537163,728308143,11639104,104402339,253411,10339290,13600302,97794586,12691405,421109
1635341997.7309375,11725350,105146270,731238273,11722939,105525295,236942,10667492,11653152,110301761,17574907,426750
1635341997.8310559,11594420,104418683,723812239,11600841,103882002,261742,10554863,11565591,109146939,17324671,418418
1635341997.9311736,11547699,104042271,720816094,11559997,103701889,235152,10383003,11515230,108810389,17330798,421726
1635341998.031293,11649374,104980541,728559921,11661470,105354864,253266,10418838,11621170,110168721,17512883,423391
1635341998.1314116,11822531,105751047,736055512,11830953,105930382,255929,10718208,11687714,110544968,17679090,429243
1635341998.231529,11708391,105738729,731608254,11734932,104980954,247595,10450400,11616957,110125899,17448072,423189
1635341998.3316476,11769662,105360457,734268797,11819483,106002094,235893,10723236,11712969,110717530,17664840,426886
1635341998.4317663,11708634,105662992,732505399,11743289,105338501,249725,10615747,11674468,110100481,17564063,425626
1635341998.5318854,11721329,105386858,730739893,11710323,105003183,255893,10564224,11664836,110830533,17594820,422863
1635341998.632006,11752960,105177056,731726303,11770741,105342402,245639,10641037,11718169,111074007,17634599,425934
1635341998.7321243,11657741,104770883,727534810,11685217,104993861,251221,10503778,11622549,110096773,17490412,423417
1635341998.832242,11405797,102426412,711941951,11419624,102810175,238057,10302460,11323785,107353684,17173311,414411
1635341998.9323678,11452199,103079550,726760324,11591324,104028954,265256,10573162,11556328,108000949,15194456,416282
1635341999.032493,11759873,105337033,731571158,11724656,105597457,247240,10579126,11683805,110418620,17573076,421486
1635341999.1326153,11768075,105651851,733250453,11723532,105272218,250224,10584672,11746019,110955866,17583478,426165
1635341999.2327347,11741917,105143613,731446893,11758471,105431603,249804,10618113,11612362,111014071,17552909,423570
1635341999.3328533,11746457,105442984,732404565,11743252,105693937,250752,10622378,11684022,110805044,17624811,422952
1635341999.4329715,11717001,105321204,732446251,11770595,105639229,255776,10668046,11714350,110667918,17579904,427230
1635341999.5330906,11764148,105222065,733000657,11765663,105657323,259280,10735987,11678160,110718753,17623480,425288
1635341999.6332092,11819499,105615343,735476876,11797877,105980979,240045,10703087,11739239,110717740,17668857,429798
1635341999.7333283,11721338,105151179,730785381,11733406,105326506,250164,10646060,11707760,110500260,17587900,426978
1635341999.8334455,11504660,102875635,717468485,11502891,103147471,248882,10398116,11330765,107740470,17218700,416199
1635341999.9335644,11749476,105551676,734714765,11790693,105767743,251638,10643458,11668874,110690525,17653827,424551
1635342000.033683,11763188,105376062,733333842,11765717,105051628,240243,10538740,11687445,110750305,17554136,423723
1635342000.1338015,11752066,105520553,733209754,11737021,105468822,251448,10507634,11669587,110573661,17607824,428389
1635342000.23392,11721662,105160124,732130396,11744055,105539605,252791,10661551,11681018,110669581,17570293,425191
1635342000.3340387,11764388,105344435,733848538,11766033,105563218,245667,10717516,11649159,110543224,17598653,426196
1635342000.4341567,11796542,105574291,734890381,11776951,105521301,246014,10717381,11711344,110806488,17654354,429309
1635342000.5342748,11768134,105140754,733210604,11754236,105560450,253659,10651652,11765757,110660704,17640192,423846
1635342000.6343927,11741181,105130420,730865359,11769558,105352483,260526,10537398,11661613,110692415,17645127,426346
1635342000.7345116,11767969,105034875,733285160,11791172,105828414,243312,10202633,13453221,108184563,17653349,428099
1635342000.8346295,11483197,102551570,714725627,11486598,103246758,246868,10401013,11370628,107430864,17099783,411936
1635342000.9347475,11778723,105457265,734196074,11775887,105694200,253105,10708353,11650925,110529316,17610235,429426
1635342001.0348654,11759342,105548034,732475464,11726893,105298302,239362,10584254,11659489,110498165,17629623,428170
1635342001.1349628,11735820,105319222,732215942,11760642,105401861,254100,10697305,11696727,110857313,17630524,424584
1635342001.2350843,11716653,105189562,731694670,11793254,105570507,248046,10545617,11707855,110701517,17588175,424653
1635342001.3352044,11820102,105701317,735595777,11819692,105630438,251223,10817860,11714266,110626466,17647737,429210
1635342001.4353237,11980746,107469795,747566622,11980907,106036445,237933,9806935,12807688,105143166,17205958,434593
1635342001.535442,11281193,101117123,721165037,11371099,103921426,238200,10279340,11447505,107854029,17163946,417457
1635342001.6355622,11574859,104652857,723469970,11558821,104711724,247511,10384919,11630453,110306378,17507897,419151
1635342001.7857423,11507798,103711196,719823477,11528715,104431541,248530,10309908,11507453,109728630,17376610,419147
1635342001.8858612,11262022,101809865,704445321,11254482,101968880,240896,10217620,11179409,106624284,16971299,407768
1635342001.9859805,11584658,104208650,724091938,11677647,105039528,251951,10461200,11570142,109797329,17442547,421160
1635342002.0860991,11655327,104683434,725715456,11615861,104890963,249446,10395068,11473016,109365848,17374869,422484
1635342002.1862178,11677862,104458027,731801750,11598858,103513930,249434,10374540,11512197,109765995,17543286,425917
1635342002.2863388,11690210,103813039,735299098,11695916,105447126,262639,10549388,11590559,109965669,17488497,425039
1635342002.3864574,11584546,104290441,726329037,11622919,105826012,261821,10473922,11502282,109617969,17407018,434049
1635342002.4865758,11626566,104408812,725532976,11635642,104208691,244924,10008374,11568692,110315923,17504631,422215
1635342002.5866945,11672312,105151416,728994787,11654384,104583711,243917,10426800,11585571,109893511,17491740,424882
1635342002.6868129,11617975,104378540,726190690,11648441,104819442,246337,10404636,11566038,109668724,17442446,422311
1635342002.7869313,11712544,105100824,731411608,11746458,105362675,254311,10707895,11643405,110446793,17587731,423552
1635342002.8870497,11452426,102591478,716279684,11526192,103329490,247239,10383364,11336929,107953539,17175406,417588
1635342002.9871678,11730580,104863301,730447060,11720371,105501372,236844,10486877,11630773,110454276,17580710,426337
1635342003.0872862,11706242,104984074,730254961,11617276,104724094,248491,10562880,11692359,110511768,17599147,423042
1635342003.1874049,11633730,104906181,728683700,11678376,104892406,268616,10619604,11632452,109763082,17499887,421082
1635342003.287553,11635745,104462097,727800099,11682765,104986797,252660,10439231,12038388,102740387,14521595,418220
1635342003.3876865,11721224,105127978,730402548,11688687,104952411,244824,10501123,11618529,109386652,17512570,425510
1635342003.4878063,11602233,104233891,726536375,11658024,105061447,247696,10481056,11644168,109791955,17496037,421036
1635342003.5879264,11617291,104166327,724549869,11590565,104980080,248958,10393236,11573217,109803161,17468402,423357
1635342003.6880453,11774133,105592598,732661674,11737769,105105664,249604,10646656,11614417,110020287,17559220,428320
1635342003.7881641,11729363,105062837,732529371,11741456,105324732,261028,10618383,11636051,110416541,17676768,428313
1635342003.8882828,11441483,102499273,714484245,11501346,102808386,236453,10405772,11323039,107458364,17128285,413363
1635342003.9884007,11703845,104600678,727316000,11651777,104758847,250468,10550332,11533288,110483959,17471756,427133
1635342004.0885196,11745429,105342759,733747081,11744205,105370192,245474,10368514,12497397,108918172,17630322,423114
1635342004.1886375,11693446,104647739,730333375,11715071,105199911,253984,10629734,11695819,110231467,17556355,423365
1635342004.2887554,11720459,105102390,733305342,11766715,105204149,251952,10534925,11617575,110379220,17546651,422843
1635342004.388874,11750516,105416660,734378012,11782047,105175664,244587,10546868,11624930,110586772,17549488,424554
1635342004.4889913,11800902,105538599,737150948,11711655,105018841,254157,10799908,11725379,110755605,17676327,426203
1635342004.5891094,11710566,105345067,733104658,11768320,105323253,253067,10670854,11653079,110118537,17477031,418780
1635342004.6892269,11807007,105452599,736939864,11818669,105674467,249252,10801310,11708913,110482709,17643800,428321
1635342004.7893445,11735136,105042499,733856770,11755776,105177206,254090,10665955,11652116,110236589,17576589,429524
1635342004.8894625,11487748,102488172,719116655,11513905,103234979,250750,10518344,11474323,107726550,17268120,413929
1635342004.989581,11757870,105101814,732965185,11734892,104848603,255566,10649386,11657786,110010753,17587793,425855
1635342005.0896997,11677556,104763318,731950095,11704362,104975231,243099,10645379,11576932,110143103,17526428,424768
1635342005.1898186,11631146,104701184,729304153,11646155,104632287,241708,10602922,11587437,109603242,17494486,422870
1635342005.2899368,11654655,104339546,729747579,11691364,104812226,257878,10660912,11660100,110274697,17524782,421584
1635342005.3900921,11590057,103949845,728688520,11678074,104786139,244094,10518714,11577640,109609013,17410515,420758
1635342005.4902146,11659702,104944156,733056020,11684754,104790931,247420,10561551,11624128,110061104,17508612,426812
1635342005.590335,11633173,104484208,729667035,11659685,104684055,240449,10472240,11569317,109350296,17456484,420020
1635342005.6904547,11638283,104599736,729535971,11643923,104662303,264263,10509558,11620273,110123470,17526110,421466
1635342005.7905748,11696472,104627655,731106932,11672012,104863270,254400,10516202,11668063,109941530,17510535,430563
1635342005.8906949,11404024,101252261,715664745,11422484,102711892,239743,10315165,11318828,107393997,17123180,420827
1635342005.9908135,11719347,104718922,731500540,11683815,104944720,237696,10580719,11670413,109956870,17519085,436093
1635342006.090932,11675174,104763486,730979449,11694145,105003859,267320,10369535,11665971,110421527,17563894,433050
1635342006.1910515,11740701,104721747,732443711,11716336,105241724,250319,10641638,11654997,110134390,17498985,434248
1635342006.29117,11697728,105018267,731382477,11703690,104908493,244820,10624280,11613518,109743836,17385931,435741
1635342006.391288,11691671,104756296,732425846,11690053,105047069,237784,10731577,11697955,110469002,17575882,432588
1635342006.4914064,11678039,104168265,728377590,11682124,104644074,253618,10511101,11607806,109872442,17431211,433765
1635342006.591525,11702991,104963647,731786206,11673128,104785471,246347,10599564,11604032,109851432,17469432,434698
1635342006.6916437,11718532,104811701,733151541,11729884,105202667,247825,10729907,11690677,110013197,17533065,434052
1635342006.791762,11678029,104739874,731057125,11696073,104902161,263170,10585918,11646855,110089433,17459006,430295
1635342006.8918803,11457281,102494692,715134878,11403553,102568676,240035,10290584,11314401,106998535,17061428,427744
1635342006.9919982,11745374,104662545,733166000,11753564,105218912,248384,10684454,11676419,110181870,17552490,441401
1635342007.092116,11727335,104798844,731261246,11704901,105133217,248652,10689846,11707444,110009672,17483413,433265
1635342007.1922338,11738199,105006849,733939817,11743012,105071879,252017,10607438,11710955,110200103,17590353,437889
1635342007.292352,11785538,104751193,733310245,11736084,105255671,250299,10610012,11657976,110227436,17536870,431064
1635342007.3924704,11651856,104526144,728742894,11630873,104447973,241813,10492185,11627768,109437369,17425926,432517
1635342007.4925966,11605342,104159398,726999237,11298784,99492758,255179,9941087,11601558,109978190,17384457,421882
1635342007.5927255,11672844,104866405,734072838,11753243,105362877,241899,10667051,11671432,110409694,16484591,434869
1635342007.692849,11665654,104631943,729218082,11638216,104662562,246577,10470707,11595467,109280267,17491280,424444
1635342007.7929683,11669910,104590858,728751226,11627475,104564598,244843,10449801,11661455,109719205,17431211,431941
1635342007.8930867,11200555,100415547,699748021,11173986,100212541,236949,10126981,11124063,104585750,16680792,411506
1635342007.993206,11709326,104850131,731102257,11687935,104949122,244402,10602449,11626990,110020794,17496679,434822
1635342008.0933247,11758723,104911675,733011897,11712715,105086327,249778,10649218,11679629,110170935,17559792,441875
1635342008.193443,11722571,104701157,733412328,11748846,105145513,241646,10622718,11705447,110326706,17556428,440690
1635342008.2935615,11747382,104999835,733717112,11742901,105128035,250332,10615365,11664407,110312899,17570300,428143
1635342008.3936803,11726135,104342127,731267742,11710965,105123205,245969,10595579,11652677,110328651,17538061,432961
1635342008.4937992,11746137,104853756,732875256,11708891,105090406,238081,10559718,11678892,110134468,17520583,435122
1635342008.593917,11736110,104985958,732915728,11713445,105032922,249810,10673245,11687949,109940159,17543897,432280
1635342008.6940355,11728565,104790153,732146275,11734674,104945234,264179,10682697,11649281,109982608,17421946,432798
1635342008.794154,11721607,104741397,730902278,11674963,104835769,255945,10627666,11617626,109921101,17465960,437757
1635342008.894272,11484120,102457040,716939916,11447553,102197261,230788,10372576,11381928,107066478,17145586,423656
1635342008.9943914,11712837,104935487,733481163,11736035,105383414,255700,10637832,11694076,109927002,17486896,433876
1635342009.0945103,11764432,105232004,736704751,11773310,105433591,248092,10717851,13458902,106283946,14862659,431305
1635342009.194629,11691318,104524600,731670786,11695794,104767487,274756,10599780,11695138,109990705,17568994,427384
1635342009.2947474,11635827,104101470,729036827,11685316,104911620,236498,10552727,11642154,110101673,17490896,429693
1635342009.3948665,11681292,104593718,731507249,11696181,105052322,251011,10594121,11677031,109662416,17517955,440567
1635342009.4949865,11729699,104941356,732568654,11704474,104733997,253652,10596828,11709442,109978731,17535146,435583
1635342009.5951064,11694723,104582648,731790703,11659029,104575826,256314,10559494,11643699,109926341,17549738,422717
1635342009.6952374,11728375,104806002,733685928,11735644,105112631,241240,10657386,11667444,109820360,17489921,429563
1635342009.7953587,11758431,104925426,733719070,11726872,105108309,252660,10590811,11657714,109447365,17516673,441536
1635342009.895478,11460792,102362943,716118234,11426862,102529483,267547,10279522,11392427,106950421,17059603,418275
1635342009.9955962,11737763,105061413,732549219,11724362,104910025,248424,10681600,11683806,110327379,17548981,433271
1635342010.0957153,11717286,104648638,731428879,11714072,104898262,238404,10641988,11656272,108454037,16157046,429264
1635342010.1958356,11705892,104901029,730639060,11681443,104852683,249980,10565771,11674383,109483467,17464401,437581
1635342010.2959542,11695389,104566592,729540541,11655560,104545464,260315,10602049,11616989,109674787,17464795,428242
1635342010.3960726,11758724,104683273,732530288,11678563,104313025,243088,10445683,11639145,110134008,17498722,437197
1635342010.496191,11723093,104589059,731127575,11690105,105006863,234248,10629128,11611159,109517493,17482116,446372
1635342010.5963087,11721344,104980586,731010487,11690860,104861634,268524,10535644,11671116,109795557,17457684,433661
1635342010.6964264,11693104,104613991,730501411,11669492,104724334,247242,10362019,11633821,109662026,17527678,432415
1635342010.796544,11675731,104553669,731148125,11657386,104750456,242299,10552679,11625253,110002477,17585667,428683
1635342010.8966625,11332305,102268102,717212081,11373741,102874495,246684,10316777,11446596,106746070,17395696,430772
1635342010.9967806,11674711,104773811,732484257,11702146,105305715,263536,10575407,11785036,110147478,17784776,425183
1635342011.096899,11783879,104661022,731915132,11669993,104960045,249940,10627090,11642186,109964523,17506205,437102
1635342011.1970167,11647732,104305766,729057970,11664670,104858989,247230,10551766,11627994,109866054,17395612,435530
1635342011.347369,11512742,103431564,721898265,11440764,104200688,241228,10443680,11431812,108078779,17206554,419397
1635342011.4474995,10123771,92364642,646239814,10265081,93197450,224710,9119160,10212645,96404492,15266674,370239
1635342011.5476222,8286022,75144706,528148734,8382564,75797340,174303,7360235,8353437,77422736,10660715,307315
1635342011.6477454,5749063,51565616,362808408,5749895,53021338,140599,5060255,5902765,56031763,8849078,213401
1635342011.7478778,3495073,31455627,222741439,3498066,32702472,79222,3069073,3634464,34262323,5431945,151251
