1635291211.3069088,3513266,34807599,227838423,3616932,34726916,68111,2598624,3516236,35289928,5236340,63290
1635291213.910252,3582866,34941615,228096881,3545681,34915088,68770,2542121,3573593,35161821,5165978,53248
1635291214.0103714,3711948,34729988,227951271,3600913,34626003,68629,2516746,3522782,34906701,5382554,51149
1635291214.1104903,3503979,34617058,227909995,3575245,34686091,69139,2570109,3485607,35429984,5136360,56521
1635291214.2106097,3603404,35060912,227946958,3587261,34706206,68288,2637846,3820017,35457205,5360759,52924
1635291214.3107285,3606256,34819427,228010538,3616091,34652791,69017,2523220,3558408,35279012,5263675,39226
1635291214.4108477,3702241,34923402,228077150,3602090,34817744,66485,2349602,3445982,35188419,5344554,48451
1635291214.5109677,3563378,34653886,227955410,3529552,34517982,69745,2585056,3409880,35266005,5289320,65025
1635291214.611087,3614022,34668878,227899649,3682808,34845811,69303,2691695,3471818,35425726,5346126,55566
1635291214.711205,3606164,34920279,228069186,3596124,34620945,68823,2719395,3639531,35428035,5220663,56401
1635291214.811324,3546961,34602816,228085831,3542280,34892498,68120,2586051,3702791,35394574,5322403,57723
1635291214.9114425,3578335,34737925,228032825,3601329,34738578,70347,2338925,3558631,35197254,5353375,62659
1635291215.0115612,3652268,34840916,227998942,3592227,34674675,70859,2516965,3616211,35285965,5341839,53473
1635291215.1116803,3387355,34718697,227865502,3605420,34612459,68354,2596257,3635159,35455102,5265557,50238
1635291215.2117984,3429129,35171665,227866425,3604701,34699257,70101,2557737,3550165,35160855,5430919,92581
1635291215.3119173,3585300,34729662,227939877,3581754,34680216,68253,2584424,3550520,35140937,5260727,58001
1635291215.4120364,3435651,34470390,227871652,3596492,34661594,68199,2548743,3557547,35166540,5246753,47004
1635291215.5121553,3456989,34530530,227877505,3590143,34692948,69382,2866752,3736687,35559380,5219647,67747
1635291215.612274,3651625,34765079,227980745,3546184,34667569,68266,2303773,3703954,35342456,5315537,50489
1635291215.7123928,3595802,34704188,227942563,3637984,34991736,68624,2381167,3546215,35183881,5173041,54742
1635291215.812511,3597211,34758437,228066179,3455663,34579941,69123,2739702,3656784,35663773,5189662,57455
1635291215.9126296,3603784,34518396,227929758,3657928,34649270,69080,2381552,3633210,35307637,5297234,58181
1635291216.012748,3562392,34666870,228014582,3594666,34687166,68902,2640423,3528217,35169414,5289694,57453
1635291216.1128662,3638082,34390212,227952758,3603558,34511382,68064,2674781,3506448,35152888,5271812,56906
1635291216.2129843,3807813,35143113,227987318,3621790,34685505,67219,2581515,3646090,35197987,5221452,63485
1635291216.3131025,3360161,34714934,228005393,3605137,34696630,68154,2588607,3594210,35255626,5481852,64894
1635291216.4132214,3672559,34706636,227965184,3588083,34624147,68426,2551610,3452813,35092446,5278525,59582
1635291216.513339,3574566,34335385,227871134,3614602,34662965,68534,2536061,3676695,35556178,5227048,67593
1635291216.6134574,3784688,34690669,227980191,3620547,34698061,67895,2648981,3412117,35368400,5420279,43611
1635291216.8136942,3551060,35199134,5305607,68363,3589685,34726540,228047019,3667305,34743882,68744,2439827
1635291216.9138124,3571602,35355548,5295956,52734,3606771,34547442,227827601,3548644,34574004,66173,2696432
1635291217.0139313,3637049,35469184,5242460,58508,3617202,34505567,227989908,3608804,34632737,68882,2457928
1635291217.1140497,3431643,35074016,5326047,58638,3657967,34795131,227976103,3639296,34553072,68429,2652709
1635291217.2141683,3615975,35219549,5315464,58623,3617865,34599542,228152258,3712821,34821550,72528,2713588
1635291217.314287,3500600,35318075,5331775,55880,3785762,34854900,228003911,3630462,34792252,71981,2602781
1635291217.4144049,3654075,35397985,5335258,67850,3443061,34712842,228047451,3575646,33763906,69700,2602567
1635291217.514529,3657852,34593064,228197368,3596385,34283985,68801,2576909,3607159,35563351,5439661,45674
1635291217.614628,3565671,34772284,228213259,3632342,34607851,67048,2699002,3633719,35096535,5333060,60770
1635291217.7147484,3761311,34497247,228197876,3621107,34581781,67894,2681979,3728061,35435052,5282840,66113
1635291217.9149857,3610825,35343727,5347809,64322,3626815,34603427,228130260,3660999,34718838,68531,2602199
1635291218.0151045,3571497,35324316,5369457,66521,3649688,34475859,228033089,3574311,34718434,68274,2450154
1635291218.1152234,3618496,35283579,5308496,61135,3611094,34618071,228023696,3763487,34519327,70176,2381684
1635291218.215342,3596095,35455241,5356254,59153,3649166,34714091,228148215,3643042,34832118,68362,2714558
1635291218.3154604,3557402,35391101,5356607,60594,3630711,34806824,228179435,3610661,34610261,69276,2654596
1635291218.415579,3562774,35254971,5378978,65773,3738576,34843351,228188742,3621118,34555444,67523,2597903
1635291218.5156975,3588542,35397193,5432277,67344,3748196,34545965,228137808,3626900,34582730,68423,2600201
1635291218.6158156,3721887,34728877,228109791,3633760,34688934,71208,2597101,3689916,35540510,5296021,47294
1635291218.7159338,3592594,34517699,228149777,3607422,34703205,69161,2494578,3517534,35369628,5323496,50949
1635291218.8160517,3707744,34555567,228247310,3648741,34639550,70158,2515789,3633441,35229132,5345914,69908
1635291219.0162883,3653013,35459493,5376019,68843,3697376,34706236,228152102,3666106,34548552,69944,2706798
1635291219.1164067,3624458,35174614,5377186,62207,3719982,34569705,228131219,3647253,34532477,68634,2690186
1635291219.2165246,3604179,35018198,5379342,62211,3678527,34428348,228048349,3586844,34889645,68586,2510251
1635291219.316643,3633412,35458490,5374198,63558,3654578,34536885,228017273,3733297,34527328,68686,2707495
1635291219.4167616,3679918,35424836,5375561,63787,3374952,34335947,228226860,3634078,34516657,68438,2534336
1635291219.5168796,3658997,35367728,5318292,70027,3788602,34628565,228307700,3621582,34557310,68439,2589003
1635291219.6170025,3618411,35324555,5361009,68701,3731290,34337429,228173115,3632404,34488974,67473,2590665
1635291219.7171295,3600629,34424129,228170714,3634353,34430244,67940,2662298,3583748,34966575,5206388,54882
1635291219.8172486,3701828,34555734,228273235,3634913,34478596,69146,2733500,3603579,35373610,5542730,67456
1635291219.9173672,3432931,34473779,228223591,3700372,34528739,68169,2468635,3442872,35190155,5480974,57508
1635291220.1176033,3543723,35037686,5354039,68048,3721889,34449056,228148552,3637562,34545770,72648,2738615
1635291220.2177217,3654484,35483277,5353121,61788,3608060,34591529,228194476,3696552,34434274,68318,2554644
1635291220.3178396,3654087,35469941,5388789,64532,3620832,34484292,228112187,3553063,34365116,68798,2708586
1635291220.4179583,3569317,35232603,5383190,69706,3719071,34486428,228263407,3738681,34627721,68935,2689040
1635291220.5180764,3621346,35213150,5364233,64631,3481743,34334993,228039264,3670649,34479635,68977,2569372
1635291220.6181943,3656559,35602433,5356721,63638,4035975,34500614,228125943,3633149,34588333,68990,2583513
1635291220.7183125,3607840,35299367,5407620,67969,3742692,34592949,228094663,3624288,34512265,68301,2689496
1635291220.8184304,3555641,34450879,228052781,3749504,34576732,69201,2576197,3621978,35373159,5359710,67981
1635291220.9185495,3748445,34458866,228160572,3629989,34550592,69644,2603017,3706595,36114608,5367419,52485
1635291221.0186677,3766828,34494663,228205287,3631654,34479010,67886,2721808,3499218,35363110,5339312,68141
1635291221.2189043,3536959,35283933,5380328,68787,3681228,34483935,228208575,3619863,34524686,69171,2772679
1635291221.3190227,3652779,35587489,5311352,63446,3634458,34507185,228216245,3742394,34441996,74548,2717188
1635291221.419141,3643463,35315777,5436083,71149,3690721,34495179,228139576,3633593,34473734,73941,2396146
1635291221.5192595,3665080,35496084,5385019,66656,3460303,34510786,228155855,3759402,34487942,71428,2507850
1635291221.6193805,3961929,31072058,1634286,66894,3716340,34448238,228147085,3559990,34511298,72298,2727458
1635291221.7194993,3611227,35197696,5383527,62555,4567076,34285401,228081363,3610184,34492965,69065,2580252
1635291221.8196175,3641278,35235165,5425396,70103,3730127,34354171,227962451,3698362,34492903,69570,2617137
1635291221.9197361,3684392,35358481,5381462,71853,3758983,34408708,228174310,3630107,34425771,68899,2649403
1635291222.0198538,3604500,35217409,5435447,72318,3573581,34462662,227996396,3762742,34383890,70369,2515113
1635291222.1199718,3678147,35211610,5445377,69861,3725505,34508631,228170405,3636588,34439212,68796,2663944
1635291222.220081,3530456,35524195,5361189,70857,3767362,34484370,228214574,3621060,34487139,67559,2284660
1635291222.3202,3645703,35309261,5374857,72425,3739935,34404294,228278148,3670911,34460783,68375,2683312
1635291222.420319,3559266,35167431,5482272,71621,3626345,34304457,228171854,3775445,34291768,69807,2572092
1635291222.5204377,3654076,35569280,5423930,72964,3640149,34426393,228223443,3717332,34225359,70526,2457301
1635291222.620556,3682809,35560582,5333591,68938,3764814,34418451,228032632,3551504,34436824,68705,2775050
1635291222.7206748,3618226,35108080,5356808,67974,3336321,30862911,228134445,3540012,34312065,68535,2581310
1635291222.820794,3577531,35168800,4389345,73424,2845924,32749195,228189202,3739960,34377299,68758,2670438
1635291222.9209132,3641552,35339833,5198479,77825,3458047,33098285,229942818,3667060,34575263,68352,2606700
1635291223.021034,3627826,35581402,5521639,62966,3535899,34302153,228233608,3772653,34225349,72175,2583346
1635291223.1211524,3685635,35395666,5373241,74099,3833881,34337054,228073564,3732574,34303399,72049,2561209
1635291223.2212718,3686846,35275968,5398180,66944,3736628,34377364,228101686,3612607,34312163,71837,2689724
1635291223.3213904,3497469,35151193,5260349,87672,3764949,34219953,228092861,3606926,34389639,71464,2334893
1635291223.421509,3586441,35234048,5418041,74956,3753927,34274641,228271269,3630363,34371726,71095,3001944
1635291223.521628,3710571,35145294,5439209,73824,3495466,34312036,228139652,3740716,34329945,70029,2680688
1635291223.6217465,3563420,33889858,2627375,72778,3613554,34311088,228169219,3786198,34091740,69420,3173718
1635291223.721865,3670414,35394018,5454868,72191,3625119,34341895,228188474,3745432,34241716,68643,2664473
1635291223.8219955,3720323,35232554,5442185,73626,3736123,34395173,228574781,3559834,30305261,62079,2553276
1635291223.9221175,3679115,35214336,5391586,66347,3799327,34395573,228199324,3525761,34370398,68393,2729130
1635291224.0222363,3650754,35197046,5374760,76545,3764271,34302786,228136411,3628085,34294624,67862,2727109
1635291224.1223545,3655757,35233165,5381038,74085,3779261,34375479,228288209,3636086,34303889,67850,2710932
1635291224.2224734,3657153,35244640,5404509,48787,3763695,34279241,228146645,3623995,34253743,69682,2728428
1635291224.3225927,3656722,35205096,5293644,76906,3750045,34438051,228225745,3617841,34311992,69028,2713199
1635291224.4227116,3776033,34357228,228147416,3628822,34392600,68551,2740653,3630486,35224237,5341989,73608
1635291224.5228295,3683867,34296394,228127452,3662444,34386680,69663,2711114,3686200,35426196,5298096,67761
1635291224.6229482,3667879,34306811,228079349,3684596,34271912,68529,2554265,3671171,35365249,5304854,70594
1635291224.8231852,3696270,35397712,5346340,70609,3617075,34317764,228104392,3714565,34209177,69933,2704478
1635291224.9233038,3670613,35414967,5336028,69670,3523435,33340952,227953627,3675842,34203368,69308,2720583
1635291225.0234237,3668437,35375927,5346425,76735,3774850,34092311,228176993,3654010,34372747,70004,2634358
1635291225.1235428,3660820,35366381,5363466,75073,3805669,34594117,228174711,3773465,34307097,70025,2580852
1635291225.2236607,3673364,35383388,5399226,46907,3610205,34227338,228260438,3772015,34305000,69559,2567470
1635291225.3237796,3680141,35529612,5440254,74618,3627531,34282146,228164472,3772242,34331265,69289,2567532
1635291225.4238985,3670449,35652905,5385450,73204,3457441,34248907,228175108,3743289,34245562,69409,2689112
1635291225.5240164,3757850,34339106,228184667,3619019,34258997,69053,2709509,3616191,34819953,5365204,72262
1635291225.6241353,3779372,34404530,228202676,3619229,34300583,68515,2693405,3523556,35134467,5436596,74240
1635291225.7242532,3709579,34289331,228181037,3701827,34292905,68470,2448349,3674070,35303225,5328168,71686
1635291225.924504,3677649,35313736,5409547,71928,3621484,34196898,228363120,3810781,34284963,70817,2708017
1635291226.0246267,3686429,35387570,5464590,75264,3765412,34117713,227966829,3550628,34289838,69781,2501979
1635291226.124748,3621775,35119769,5500554,74725,3716918,34218262,228044401,3698346,34196249,69217,2705469
1635291226.2248707,3598472,34990329,5363425,60300,3743663,34325010,227987792,3590709,34152808,69512,2711270
1635291226.3249907,3669512,35325243,5337710,59996,3716685,34333775,227991424,3770532,34245327,68788,2564493
1635291226.4251094,3665963,35295932,5440960,74115,3344427,34258933,227997815,3762384,34389298,67808,2685964
1635291226.5252285,3662036,34922156,5442345,75144,3780479,34192660,228067864,3637663,34231923,68560,2709821
1635291226.6253488,3784566,34264220,228025185,3780927,34146736,70132,2717896,3674033,35553427,5363662,71458
1635291226.725468,3611599,34154005,228022542,3785129,34129289,68383,2700018,3468965,35402646,5422475,76174
1635291226.8255868,3756089,34161198,228057328,3634628,34086618,69412,2680554,3639751,34946637,5442027,75397
1635291227.0258245,3691205,35082202,5375453,73088,3636446,34172724,227990208,3747378,34164024,70997,2686991
1635291227.1259441,3682020,35398330,5433112,76938,3782017,34301689,227870038,3735243,34134580,68230,2664713
1635291227.2260623,3597670,35081032,5429715,75779,3779490,34099616,227691612,3555995,34196868,68880,2710704
1635291227.3261807,3681756,35344780,5370296,77419,3674684,34157933,228152033,3871331,34171924,69145,2563499
1635291227.4263008,3688995,35368303,5448832,77174,3656426,34245813,228895867,3661992,34290703,68433,2742759
1635291227.526422,3529023,34875440,5434158,84233,3937775,34161222,228280032,3624736,34132932,68209,2754396
1635291227.6265447,3675222,35267393,5338476,76803,3759276,34154521,228180845,3778583,34171204,68809,2705600
1635291227.726663,3719941,34254253,228214401,3667436,34300164,70538,2706006,3624371,35062103,5569425,75638
1635291227.8267817,3789811,34188071,228171323,3698447,34202904,73792,2721755,3349748,34573784,5374780,76922
1635291227.9269004,3638586,34168188,228198272,3780808,34245059,72032,2713325,3917185,35348590,5448562,77174
1635291228.1271372,3711931,35032930,5499557,76004,3631170,34274276,228149440,3774743,34260383,71745,2726674
1635291228.2272568,3683672,35469358,5357637,73459,3776642,34129504,228156194,3672903,34231004,67779,2509005
1635291228.3273752,3658356,35229680,5471536,75423,3756488,34184970,228050274,3542046,33989859,68245,2706530
1635291228.4274933,3666516,35102842,5388057,79584,3576383,34132654,228111003,3932437,34098820,69522,2556266
1635291228.5276122,3666334,35219686,5457963,77229,3851243,34181147,228155084,3686658,34180842,68497,2704131
1635291228.6277301,3571663,34954586,5520073,76801,3340399,34204289,228155831,3610206,34213021,68760,2691433
1635291228.7278483,3665252,35245857,5450575,77209,3743844,34238938,228160580,3761427,34217438,69698,2684985
1635291228.8279665,3765396,34127054,228164206,3629740,34125077,68561,2736064,3677282,35218194,5068881,75159
1635291228.9280853,3629911,34159896,228159239,3782070,34084264,70364,2384927,3691173,36031107,5432925,71628
1635291229.028204,3769741,34119133,228208916,3569608,33473143,69172,2695016,3489351,35451421,5448758,75521
1635291229.228441,3648613,34961792,5365972,73552,3706890,34180896,228193822,3683631,34158254,68140,2690166
1635291229.3285599,3667310,35323288,5442703,76582,3783650,34214321,227850901,3719044,34037433,67636,2725479
1635291229.4286788,3638622,35029702,5358622,71834,3442530,34056027,228212868,3740564,34024433,70193,2580704
1635291229.5287976,3675839,35139614,5380175,79045,3777655,34073807,227996303,3759918,34034456,67978,2708022
1635291229.6289167,3526331,34882646,5459075,74977,3757676,34065866,228228944,3535139,34142906,69341,2694738
1635291229.7290347,3659986,35457596,5449857,79219,3303153,34123258,228120091,3803483,34138863,68410,2365237
1635291229.8291526,3582636,35113281,5478933,78680,3947832,34179069,228189024,3631052,34119224,67752,2715829
1635291229.9292705,3652789,35389124,5407325,55464,3545001,34113112,228232497,3776824,34101345,69702,2603784
1635291230.0293977,3592537,34991754,5374698,66538,3804052,34126509,228247355,3443877,30927218,66053,2565290
1635291230.1295266,3487323,35049101,5739089,75160,3785781,34149435,228146432,3694410,34356504,73071,2496303
1635291230.2296464,3448667,34291711,5313415,74431,3577741,34132233,228260379,3772358,34242494,71652,2221227
1635291230.3297648,3710089,35215815,5516603,76559,3784272,34207003,228243866,3747570,34128173,71652,3133108
1635291230.4298825,3637598,35083243,5388367,63553,3579514,33531965,228239395,3661174,34025932,71513,2498105
1635291230.530012,3710515,35389427,5490354,77555,3748469,34113617,228239803,3654406,34107599,67090,2791710
1635291230.6301432,3538310,35104140,5533222,77115,3586402,34160782,228203809,3778073,34227922,69045,2668260
1635291230.730267,3662769,35461141,5474674,77933,3738003,34195538,228255985,3530065,34119034,67786,2743281
1635291230.830391,3456312,34869468,5390104,71069,3442186,34293414,228293138,3715974,34091863,69003,2702092
1635291230.930514,3651556,35341064,5446624,76363,3710866,34199881,228290168,3744174,34229464,69231,2711502
1635291231.0306375,3551483,35045357,5367946,79665,3549079,34194868,228204457,3685372,34202636,69693,2610677
1635291231.1307614,3664931,35381341,5309932,81246,3695968,34124200,228154473,3737642,34153591,68240,2709187
1635291231.230885,3586188,34936987,5608146,70288,3757624,34163834,228180723,3759957,34068634,69268,2455881
1635291231.3310087,3754836,35645562,5460478,75359,3698606,34029180,228246313,3648744,34138563,68378,2809210
1635291231.431132,3643965,35310326,5417363,76054,3760076,34149402,228219157,3731867,32045715,102548,2654496
1635291231.531256,3636844,35156010,5370968,79858,3518123,34151018,228228945,3747015,34143810,68291,2701901
1635291231.6313863,3665815,35385499,5442436,79733,3753218,34181245,228189959,3614104,34118225,68762,2700726
1635291231.7315116,3577027,35024821,5465095,76999,3647188,34104013,228219210,3793417,34168056,70010,2565029
1635291231.8316357,3636718,35476000,5466284,76959,3756740,34165207,228018909,3741420,34175258,68747,2705371
1635291231.9317603,3545004,34840206,5380113,71213,3604503,34119945,228245373,3800882,34159037,70280,2746743
1635291232.0318842,3651040,35480546,5467956,77386,3706405,34019644,228228469,3632011,34131670,72260,2735143
1635291232.1320074,3669324,35121429,5392272,78436,3751793,34099118,228276238,3757756,34094184,73041,2550697
1635291232.2321434,3647389,35447833,5489818,74372,3837735,34133668,228328182,3615794,34121628,71924,2742951
1635291232.3322685,3658870,35266205,5397234,76578,3609239,34197386,228136561,3748160,34137552,69620,2718187
1635291232.4323924,3658778,34960362,5337595,71689,3773420,34176003,228166190,3599282,34137132,69065,2717846
1635291232.5825841,3640440,35257274,5455236,77121,3770046,34185754,228193496,3748262,34269278,67738,2634669
1635291232.6827104,3740221,35364083,5404705,78115,3766491,34171731,228182633,3613149,34293513,67857,2582555
1635291232.7828343,3604831,35082822,5483540,75208,3622498,34135193,228181433,3773772,34137115,72363,2585472
1635291232.8829584,3669427,35348441,5434839,79113,3770669,34203520,228208038,3690007,34268054,68018,2800480
1635291232.983082,3622598,35117559,5482827,77747,3523018,33186001,228121013,3801395,34227555,69481,2613497
1635291233.0832057,3669774,35655164,5447525,77945,3782350,34106492,228189019,3539968,34146857,68448,2610333
1635291233.183329,3541733,35097718,5392345,67027,3602466,34196757,228190018,3739793,34120316,69569,2715215
1635291233.283453,3677354,35447441,5459292,77978,3826517,34193661,228210463,3728653,34175628,68168,2738120
1635291233.3835764,3645172,35215217,5367265,71915,3592260,34135388,228717045,3760447,34173752,70905,2501533
1635291233.4837,3684854,35556105,5355743,80735,3814360,34072240,228197732,3627156,34237445,69805,2690304
1635291233.583824,3629864,35149521,5433097,71072,3689606,34203492,228317632,3763272,34212078,70005,2664781
1635291233.6839466,3705497,35781208,5432492,75087,3774572,34064319,228213735,3622545,34106287,69517,2814589
1635291233.7840698,3644250,35640091,5422913,76427,3721633,34227236,228168223,3775045,34204891,69697,2483992
1635291233.8841934,3634606,35374273,5375030,62854,3767675,34169132,228224594,3616605,34161673,67009,2746168
1635291233.984316,3562649,35385500,5473291,75582,3607319,34178247,228134996,3795312,34208162,74438,2647744
1635291234.0844395,3667392,35383803,5444386,77933,3757515,34286895,228170279,3700291,34154240,71679,2744883
1635291234.1845634,3446205,34823849,5380588,71228,3588218,34252745,228321910,3586077,34257800,73650,2734722
1635291234.2846868,3664282,35532541,5477923,66790,3788305,34145318,228289983,3721773,34321243,69078,2767250
1635291234.3848102,3654225,35195231,5367109,78292,3756758,34197116,228213192,3758443,34293067,69988,2561867
1635291234.4849336,3699632,35246923,5457546,76810,3668010,34224149,228199009,3627886,34307655,68453,2718759
1635291234.5850577,3654664,35480827,5341451,78034,3624324,34275237,228299591,3762919,34205526,68910,2799137
1635291234.6851816,3716291,35324253,5460385,71615,3793046,34269380,228214321,3613038,34177558,68456,2716172
1635291234.7853062,3673496,35246646,5451052,77771,3555205,34298634,228284337,3771051,34223274,67480,2701346
1635291234.8854299,3630662,35428388,5457675,79035,3738411,34323162,228259098,3709864,34124253,69858,2565850
1635291234.9855537,3423885,35040735,5391559,75425,3661797,34101053,228190211,3697000,34110829,69927,2672725
1635291235.0856783,3727470,35309827,5432297,77371,3777366,34172890,228087083,3761269,34224727,70644,2689192
1635291235.185802,3620954,34956951,5343085,73454,3769733,34080313,228188269,3699414,34177698,70763,2537532
1635291235.285926,3675053,35588176,5467501,68766,3778577,34077403,228058051,3541074,34173405,70053,2714387
1635291235.3860505,3662699,35421314,5352303,78547,3767387,34134315,228167576,3768020,34180747,70529,2486563
1635291235.4861734,3620706,35211325,5434036,76532,3681065,34201357,228175213,3660641,34167754,69408,2722045
1635291235.5862966,3657842,35681043,5392926,72710,3601185,34085194,228164733,3762898,34229421,73107,2715234
1635291235.6864204,3655800,35012603,5456838,80713,3665849,34190808,228285124,3610512,34128025,72584,2707769
1635291235.7865455,3667181,35278372,5385448,71725,3766352,34044393,228239905,3761779,34270118,73679,2638861
1635291235.8866696,3543333,35161180,5481249,72438,3754876,34275757,228249045,3691824,34199384,73182,2702438
1635291235.9867935,3721190,35225285,5448933,68612,3583747,34109954,228158206,3725385,34305469,70787,2604183
1635291236.0869174,3498222,34753002,5418868,77839,3766641,34165995,228186638,3758876,34167947,70894,2715519
1635291236.1870408,3670374,35162216,5393569,77844,3762171,34220831,228295376,3613013,34148604,69205,2665817
1635291236.2871728,3658370,35404660,5459809,72327,3626863,33857245,228261425,3687043,33919305,69986,2297705
1635291236.3873067,3685032,35209113,5386802,71989,3752308,34010506,228213978,3673622,34056777,70135,2639712
1635291236.4874332,3694234,35281796,5444620,76815,3707750,34244305,228283488,3763658,34144334,69473,2723329
1635291236.5875568,3673898,35323888,5330979,62935,3782279,34237891,228149991,3731199,34085331,70474,2581605
1635291236.68768,3641087,35020183,5462393,75842,3532329,34117595,228166262,3609953,34088205,69054,2728867
1635291236.787804,3667883,35302694,5423304,74049,3755326,34149463,228248111,3758430,34259674,69825,2698510
1635291236.887927,3673953,34985410,5448233,77562,3754463,34149454,228292224,3622772,34234248,71096,2717718
1635291236.9880497,3674121,35400537,5428729,78235,3543140,34113797,228371276,3769535,34202630,70071,2702275
1635291237.0881739,3548717,35175630,5290131,54038,3772617,34166700,228204274,3690101,34074912,70158,2626161
1635291237.1882973,3653361,35210808,5439709,76611,3640315,34323532,228210120,3747380,34141324,70081,2700746
1635291237.2884228,3668983,35782428,5452770,77925,3769412,34149763,228180674,3773432,34142722,70691,2501559
1635291237.4886696,3673870,35344440,5470365,75832,3766720,34267065,228197816,3710563,34127155,72673,2705684
1635291237.5887933,3647418,35233099,5361439,79745,3767987,34097475,228138903,3755865,34181040,73489,2510609
1635291237.6889164,3679825,35167066,5464045,76436,3625111,34111242,228291712,3598519,34233301,72516,2769056
1635291237.78904,3662503,35372787,5330627,72111,3715704,34108838,228101456,3768196,34221301,69182,2700905
1635291237.889164,3663789,35414146,5434745,75814,3793222,34111676,228249593,3614041,34100253,70439,2709448
1635291237.9892879,3689717,35358304,5411282,79137,3775772,34138133,228152650,3766812,34176352,70693,2430819
1635291238.089411,3589212,35120088,5504082,75832,3759731,34190424,228120965,3607305,34108279,71047,2691739
1635291238.189535,3539812,34297380,228197725,3763097,34145789,70058,2704504,3601981,35349113,5545303,80403
1635291238.289658,3749893,34310669,228146884,3659967,34093980,70903,2620269,3316629,35022977,5502960,77257
1635291238.3897812,3596416,34124642,228248256,3760311,34229076,70881,2693627,3662388,35379599,5427598,78028
1635291238.59002,3481008,34803145,5368434,71089,3438056,34127167,228263267,3781728,34160343,69049,2722918
1635291238.6901429,3667225,35256922,5447253,76315,3757460,34126762,228153306,3591085,34084525,70048,2687195
1635291238.7902658,3637415,35057414,5355550,77992,3684364,34063518,228275487,3810100,34145631,68957,2519308
1635291238.8903892,3667778,35551542,5431140,77810,3765312,34196917,228213240,3718692,34115518,70382,2722289
1635291238.990513,3645197,35169857,5317163,72868,3681757,34076010,228288289,3773295,34107131,72232,2533879
1635291239.0906363,3667227,35446406,5475950,75535,3748580,34208831,228224633,3623062,34226177,70963,2724639
1635291239.1907601,3660548,35382499,5405018,77978,3764807,34366822,228272167,3759808,34303623,71742,2522808
1635291239.290885,3776355,34242912,228116065,3602057,34212020,72990,2719737,3671917,35288420,5456545,76975
1635291239.3910093,3616511,34064987,228165167,3759568,34278675,73070,2711298,3502303,35194905,5439322,78482
1635291239.4911335,3771683,34195882,228195442,3661446,34165925,72536,2593362,3612015,34957058,5461479,77039
1635291239.691381,3693538,35404992,5469692,77409,3772591,34221420,228214808,3738982,34186293,69116,2714742
1635291239.7915046,3591965,35162503,5367961,62274,3603194,34183402,228229504,3665426,34141560,71197,2693262
1635291239.891628,3668073,35354147,5460862,77065,3771742,34296307,228145593,3758251,34138229,69888,2743649
1635291239.9917514,3672825,35040198,5350490,70625,3764427,34225703,228208605,3757295,34177333,70922,2483483
1635291240.0918748,3673598,35387810,5466562,77903,3554810,33987919,228306475,3630222,34229095,69983,2749813
1635291240.1919985,3663085,35204193,5362477,72197,3781599,34263260,228302549,3762287,34396666,69129,2539737
1635291240.2921221,3664426,35178436,5459043,77903,3768185,34091236,228166637,3616409,34140943,70221,2693835
1635291240.3922458,3661355,34216503,228218549,3775487,34136068,69993,2614301,3578920,35370008,5522454,65347
1635291240.4923701,3767915,34170515,228142755,3621499,34134742,69164,2716282,3486524,34414718,5349140,77313
1635291240.5924945,3608595,34144525,228201934,3769851,34161275,69250,2712348,3816022,36021003,5457623,78290
1635291240.7927423,3577806,35070372,5410640,77558,3469041,34167230,228193488,3747258,34152597,72008,2707860
1635291240.8928664,3661552,35475367,5431724,77217,3770494,34200425,228088729,3643375,34179489,70912,2726500
1635291240.9929912,3543544,35194006,5360286,76753,3665335,34166598,228087443,3823990,34247091,72499,2613636
1635291241.0931158,3639265,35460796,5432087,78792,3776367,34198568,228256445,3754218,34282250,74333,2718313
1635291241.1932404,3598421,35004561,5362607,74239,3584910,34178387,228179923,3697338,34338253,74198,2594520
1635291241.293364,3668637,35443493,5447544,77505,4739003,34213008,228286414,3610121,34267306,73679,2723659
1635291241.3934877,3681098,35494749,5328448,78027,3770391,34142433,228158605,3768474,34168332,70439,2538194
1635291241.493612,3756390,34249731,228237877,3520542,31601207,77127,2698487,3667137,35045353,5199805,76256
1635291241.5937393,3720454,34279960,228166931,3753416,34190842,73573,2487237,3708087,35725952,5394373,71676
1635291241.6938667,3773131,34163510,228246819,3602275,34242988,70917,2726977,3487988,35106054,5452420,77638
1635291241.8941157,3672574,35283331,5354592,79488,3754697,34153409,228192486,3618348,34169882,71854,2486918
1635291241.994239,3677509,35065341,5487321,78843,3625990,34210408,228165857,3770334,34199494,71831,2713747
1635291242.094362,3684112,35355939,5406683,65519,3768371,34200084,228223087,3698529,34105057,70892,2600240
1635291242.1944866,3603580,35094906,5450997,77251,3598917,34156463,228074836,3584372,34235374,70327,2717974
1635291242.2946107,3706964,35502047,5446303,78861,3760405,34073456,228265508,3752588,34166589,71643,2753063
1635291242.3947349,3458123,34803114,5371205,71143,3286102,34146409,228311118,3702666,34091621,72727,2719997
1635291242.4948585,3687891,35405922,5465867,77174,3365587,34246510,228247239,3730619,34139871,71252,2694870
1635291242.5950007,3620425,34950549,5338721,68682,3766686,34219027,228356757,3705257,34197479,71406,2575446
1635291242.6951265,3639438,35216898,5390244,79187,3713414,34130475,228195876,3699347,34234055,70398,2711279
1635291242.7952516,3630393,35152289,5511863,76721,3780127,34172142,228223689,3773110,34206220,70993,2520983
1635291242.8953757,3514473,34908884,5331348,75548,3738327,34075238,228229387,3639658,34187844,74144,2324365
1635291242.9954998,3651398,35015099,5475893,76450,3784967,34211220,228218369,3765967,34120687,76531,2736580
1635291243.095624,3746745,35398028,5365406,78992,3754698,34182460,228214816,3606862,34191625,75157,2722611
1635291243.19575,3706704,35219753,5446889,76938,3604984,34264889,228241913,3674591,34123372,71828,2619843
1635291243.295874,3698485,35389263,5347707,72070,3766780,34191398,228157581,3743867,34225873,71163,2693591
1635291243.395998,3754051,35182667,5433325,77027,3742748,34107359,228443986,3748727,34209280,70757,2708336
1635291243.4961216,3700489,35417035,5468575,78267,3554356,33972930,228083017,3664847,34276377,69890,2487551
1635291243.5962458,3590916,34938977,5424694,78259,3617043,34225852,228171973,3620697,34198774,70529,2688514
1635291243.6963696,3672724,35463980,5441858,68231,3757547,34181908,228201502,3769208,34210150,70011,2701998
1635291243.7964935,3594052,35235242,5525272,89913,3709152,34296630,228189448,3739921,34186481,70803,2551663
1635291243.8966172,3696494,35696729,5452522,77604,3662941,34228346,228203754,3721936,34166485,69712,2749327
1635291243.996741,3501848,34249412,5345741,75089,3735330,34217665,228153127,3775931,34138765,70752,2839774
1635291244.0968647,3855244,35487356,5444633,71458,3749487,34178531,228316989,3611016,34248356,70637,2694214
1635291244.1969883,3659483,35189786,5464167,75581,3728075,34236034,228213162,3762466,34274735,70237,2670540
1635291244.2971122,3683282,35537063,5373673,62928,3778997,34205829,228215168,3628423,34216723,70549,2497969
1635291244.3972354,3620965,35113638,5454261,76759,3619816,34180077,228221702,3769750,34243566,70641,2677103
1635291244.497359,3644497,35486176,5464675,79016,3773670,34166671,228259733,3765896,34196790,70204,2695903
1635291244.5974827,3548100,35119482,5416296,76662,3374636,33979021,228136234,3670646,34115301,71312,2741092
1635291244.697617,3666558,35570058,5482429,76113,3720822,34246057,228233839,3748050,34186843,72901,2727187
1635291244.7977483,3625706,35050215,5383086,76607,3758406,34243523,228184877,3774963,34204834,74051,2566943
1635291244.8978727,3679987,35394991,5462997,75900,3817439,34276182,228279094,3669923,34267969,73563,2714885
1635291244.9979966,3686554,35039146,5422534,77765,3633951,34221913,228152730,3760641,34292309,70325,2706982
1635291245.0981195,3676417,35199117,5340813,71784,3772067,34262647,228251644,3602517,34340718,70318,2703912
1635291245.1982427,3652841,35280353,5446072,78359,3763051,34238849,228284099,3774168,34317387,70957,2632944
1635291245.2983656,3688210,35508730,5445119,66900,3778813,34258033,228279065,3621516,34204218,69929,2680941
1635291245.3984892,4639659,33337706,4079979,75185,3622630,34205632,228184462,3773182,34238593,71982,2575311
1635291245.4986126,3706075,35497551,5456082,79399,3765058,34285929,228195611,3707277,34291227,70355,2822799
1635291245.5987375,3449695,35056971,5533860,72008,3544958,34274857,228175255,3866592,34219601,70978,2485504
1635291245.69886,3696869,35375640,5489763,77431,3762752,34294636,228311894,3544947,34223235,70541,2702943
1635291245.7989836,3645305,35015120,5368601,65140,3621960,34206690,228207312,3851484,34099786,71292,2658520
1635291245.8991072,3705051,35272665,5469103,77541,3838675,34152640,228300814,3647303,34277715,69853,2696491
1635291245.9992306,3696750,35133599,5306256,70687,3667973,34157359,228168624,3764764,34247244,70844,2491676
1635291246.099354,3697947,35400329,5419087,79822,3766370,34107578,228151303,3618836,34222414,70708,2707482
1635291246.1994789,3672862,35024933,5384983,70934,3600151,34152061,228178191,3775177,34187419,70001,2352275
1635291246.2996025,3623743,35522610,5493549,75080,3767145,34154868,228194596,3616624,34193949,69857,2802403
1635291246.3997262,3636045,35505114,5430245,78487,3537460,34127208,228191781,3773228,34194344,71182,2530129
1635291246.4998503,3630343,35445907,5461514,81617,3756270,34266380,228112041,3674737,34168544,77983,2763065
1635291246.5999737,3545911,35051086,5517234,77456,3624987,34264104,228272219,3778510,34262152,76687,2658100
1635291246.700079,3680054,35483737,5452056,78785,3774154,34285824,228223020,3752458,34334619,73601,2735089
1635291246.8002026,3577378,34823938,5371531,70874,3677613,34193153,228273464,3579950,34241643,71247,2711099
1635291246.9003255,3687106,35280545,5472236,78057,3795531,34089307,228255928,3752903,34346621,69843,2670069
1635291247.000449,4242476,34164518,5377236,79906,3748642,34259073,228184790,3765224,34258806,71172,2562820
1635291247.1005723,3701312,35559877,5474086,78057,3570445,34144591,228169527,3617421,34296535,70721,2744631
1635291247.200696,3703247,35443919,5288462,78375,3754502,34427897,228319312,3775154,34171252,71028,2715839
1635291247.3008199,3787134,35288333,5523894,65643,3771091,34255217,228190625,3626948,34196848,68750,2694293
1635291247.4009447,3695733,35342311,5459282,77337,3645167,34453212,228225645,3771059,34260255,69909,2715211
1635291247.5010686,3674582,35419234,5480676,79486,3781108,34349591,228208511,3679536,34238005,70944,2594633
1635291247.6011925,3426957,34885906,5388752,78230,3648564,34154316,228194083,3722941,34322262,70148,2709262
1635291247.7013166,3703077,35566171,5446122,79627,3785035,34225936,228195904,3773905,34162031,70391,2670345
1635291247.8014405,3630792,34927112,5384454,74044,3773532,34140506,228298471,3705129,34229866,71784,2581241
1635291247.9015646,3698946,35456738,5463534,76723,3767321,34185284,228111246,3561930,34152407,70893,2709938
1635291248.0016885,3674506,35552578,5354017,80880,3766874,34169017,228245187,3762539,34234217,71088,2506551
1635291248.1018133,3684072,35427139,5444014,77139,3680662,34422417,228284409,3670889,34200392,69997,2735947
1635291248.2019374,3669236,35411700,5359167,71048,3608035,34362446,228179427,3766539,34242980,72839,2725032
1635291248.3020623,3676649,35042212,5463822,81810,3679565,34358527,228265531,3609400,34257276,72911,2700947
1635291248.4021869,3674471,35317865,5417114,71180,3715998,34244865,228227613,3755965,34351590,74155,2671277
1635291248.5023115,3599742,35122136,5461633,73710,3786204,34265574,228249690,3762365,34288222,70801,2660801
1635291248.6024365,3734714,35351720,5461881,69215,3718012,34171047,228232370,3655197,34295186,70111,2625950
1635291248.7025611,3443318,34922016,5421023,79153,3708122,34217877,228191841,3764786,34106494,71219,2709080
1635291248.802694,3810155,35451600,5341585,71513,3775340,34066252,228240016,3587892,33970517,67801,2792162
1635291248.9028246,3693333,35455001,5480160,77550,3582729,34019510,228079825,3771842,34115756,70422,2297855
1635291249.0029514,3684753,35466493,5364480,80311,3724639,34135531,228171039,3581630,34122217,70977,2420277
1635291249.1030755,3633871,35027953,5444120,78714,3587239,34457684,228241600,3752584,34159067,70367,2723721
1635291249.2031991,3685037,35274182,5428137,75047,3789679,34254766,228148612,3729033,34175027,69767,2659354
1635291249.3033242,3580613,34973775,5437053,77746,3520065,34095554,228210032,3634081,34302039,69702,2662825
1635291249.403448,3678118,35274673,5436517,80347,3766128,34236007,228204698,3767885,34205584,70092,2701673
1635291249.5035713,3486848,34803633,5347954,70880,3734359,34175238,228226043,3740715,34071518,71285,2682785
1635291249.6036952,3685286,35591776,5441140,76772,3554245,34249843,228261645,3695997,34173039,70675,2729169
1635291249.7038188,3670642,35480637,5423322,81369,3766272,34202505,228291480,3776464,34183114,70615,2608637
1635291249.8039424,3753449,34898070,5345662,79405,3762612,34167774,228229452,3622591,34193252,70876,2723954
1635291249.9040666,3659288,33147261,3416179,76768,3637091,34241139,228184677,3759328,34100193,70705,2707703
1635291250.1043139,3682004,35229875,5468036,78020,3765976,34232297,228175092,3719412,34376498,73969,2749343
1635291250.2044382,4519419,33722872,3992413,79001,3765171,34112412,228086721,3742459,34337233,71809,2555583
1635291250.3045623,3580199,34976865,5463502,77410,3612836,34071025,228208373,3752005,34145711,73194,2722464
1635291250.4046865,3680108,35362470,5462087,80474,3705798,34122921,228153543,3651108,34221977,70080,2765595
1635291250.5048096,3452932,35012821,5493816,72818,3848018,34189542,228263698,3719870,34115648,70701,2372095
1635291250.604934,3676667,35464047,5469631,77086,3475723,34151943,228214723,3710168,34176174,70487,2734823
1635291250.7050579,3663288,35136972,5395787,81046,3758579,34333455,228204758,3763845,34010897,72977,2589739
1635291250.805181,3742304,34280308,228296871,3595079,34141199,69916,2716193,3604091,34823281,5432954,77484
1635291250.905305,3604594,34149552,228183269,3744584,34224862,70474,2608773,3812465,35569432,5275723,72062
1635291251.005443,3751472,34083534,228172297,3607398,34159068,68199,2708773,3654239,35190772,5431733,77029
1635291251.2558577,3656044,35245450,5397741,78650,3760979,34111906,228204630,3658169,34124132,69121,2552021
1635291251.355976,3574537,35086058,5400462,76222,3554148,34054341,228239828,3852871,34124139,70878,2732800
1635291251.4560957,3673020,35511816,5431946,78878,3758351,33929651,228224829,3746177,34147380,69325,2717684
1635291251.5562146,3648951,35041111,5365495,75132,3636500,33533213,228239028,3372221,32157283,69310,2715226
1635291251.656333,3628987,35272781,5438401,78742,3683232,34139914,228242968,3756103,34144365,70576,2718846
1635291251.7564516,3388400,34964766,5349858,71759,3762931,34308934,228114697,3698825,34198819,70648,2734737
1635291251.8565698,3637020,35435340,5441248,76986,3503517,34158063,228144785,3683356,34277253,72866,2777112
1635291251.9566882,3773668,34079262,228176725,3710867,33430016,73076,2573917,3701511,35425478,5415620,79756
1635291252.056806,3726542,34017419,228177446,3651030,34183577,73157,2759907,3499912,35098104,5452993,78408
1635291252.1569242,3710305,34130107,228110034,3769707,34294116,69833,2718242,3666896,35108480,5334415,74204
1635291252.3571615,3677921,35503385,5454073,76184,3749792,34192583,228183372,3758838,34171415,70958,2701082
1635291252.4572794,3680002,35217552,5403020,79242,3748702,34314633,228202544,3730854,34198971,69411,2584859
1635291252.5573976,3584450,34925553,5442012,75990,3616170,34164458,228202150,3525898,34113977,69336,2719795
1635291252.6575153,3677475,35235457,5445197,78644,3770791,34094481,228231236,3742419,34277712,70213,2744380
1635291252.7576342,3488577,34727978,5469459,73422,3674697,34250975,228175667,3760624,34154454,70248,2344081
1635291252.8577518,3667817,35373531,5438031,76329,3659359,34175282,228316855,3675269,34206192,69896,2692946
1635291252.95787,3685866,35155029,5359227,81480,3762235,34138796,228187474,3764355,34035004,69990,2527532
1635291253.057988,3769875,34172785,228061204,3613904,34159626,70679,2743063,3679373,35165771,5424853,78468
1635291253.158106,3605131,34254406,228182903,3766354,34234994,71042,2671597,4184943,36236735,5289036,72481
1635291253.2582238,3751119,34208569,228113427,3612001,34120166,70033,2693363,3508904,34962245,5432396,77882
1635291253.4584596,3651937,35589596,5451817,79868,3766392,34240870,228240108,3681227,34205396,68870,2640817
1635291253.5585785,3552250,35095214,5386708,70592,3587235,34154028,228239616,3795971,34156267,70409,2697721
1635291253.6586967,3653789,35352994,5465661,77691,3768037,34214318,228210725,3538728,34245079,72821,2721914
1635291253.758815,3620347,35003643,5372924,77244,3768622,34166950,228224751,3760969,34299044,74920,2504836
1635291253.858933,3695933,35394260,5452070,77803,3690201,34209206,228219501,3688306,34246744,72321,2743007
1635291253.9590502,3688609,35316891,5365989,73507,3300069,34135687,228265830,3762938,34183245,70809,2573822
1635291254.0591702,3685445,35151504,5441337,77075,3764372,34235654,228237062,3608175,34215701,70136,2717230
1635291254.1592884,3624392,34212820,228202695,3756716,34220430,69272,2612045,3602435,35094233,5519950,64908
1635291254.2594059,3767638,34312297,228304882,3603563,34196470,69747,2677151,3731526,35262086,5392368,77685
1635291254.3595235,3609321,34217321,228280680,3767759,34300199,69593,2702584,3541163,35103423,5464870,79318
1635291254.5597596,3524941,34756233,5371129,70599,3604960,34148176,228164212,3667130,34173563,70385,2714385
1635291254.6598773,3682434,35316903,5438796,75349,3756685,34232908,228182708,3769812,34123509,69086,2702705
1635291254.7600188,3671150,35307266,5368301,80046,3760051,34132886,228224794,3526328,34142429,70619,2554095
1635291254.8601375,3709356,35263751,5440766,77216,3606023,34208377,228003748,3759993,34159116,69426,2739385
1635291254.960256,3663089,35422698,5291249,74792,3754233,34222338,228247432,3757246,34192513,71004,2735656
1635291255.060374,3739928,35306360,5479289,78973,5890159,34251909,228225743,3609340,34132295,69138,2690822
1635291255.1605005,3655016,35301814,5421715,79432,3416439,34022686,228289429,3731532,34205444,69898,2595706
1635291255.2606213,3553738,34858450,5416144,71111,3757515,34152530,228279781,3640938,34179073,70263,2687246
1635291255.360741,3658961,35331883,5406595,78421,3632103,34140130,228228007,3776519,34184108,73086,2713887
1635291255.4608593,3503625,35110958,5688237,77002,3771066,34163931,228161325,3765205,34029372,72508,2348599
1635291255.5609782,3215882,34500691,5268406,75374,3670990,34143898,228254363,3679581,34184205,72821,2322115
1635291255.661096,3752487,35313569,5556468,76774,3767023,34254374,228276813,3772402,34247549,70073,2764563
1635291255.7612145,3712727,35377572,5381442,80820,3749293,34234651,228179155,3614269,34186469,69161,2692709
1635291255.8613331,3717340,35209985,5453339,77094,3621027,34270316,228149449,3663868,34274900,70240,2613996
1635291255.961452,3688219,35272120,5340431,73034,3763581,34187681,228077501,3750483,34203808,70753,2668290
1635291256.0615697,3755485,35305903,5470597,78406,3699371,34281021,228187936,3743564,34281513,70602,2698206
1635291256.1616883,3670196,35273431,5477517,79011,4115160,34285050,228221966,3689113,34250876,71063,2688919
1635291256.261807,3565928,35111879,5407169,53073,3316927,34295528,228183570,3781235,34215729,71218,2664842
1635291256.3619256,3686140,35480686,5462505,69133,3820040,34208359,228290017,3650104,34262516,69350,2733370
1635291256.462044,3692664,35378015,5376515,75793,3702107,34229807,228225955,3768029,34216448,70952,2560239
1635291256.5621622,3669063,35621142,5479222,77712,3754240,33568101,228173043,3559397,34241469,69579,2711253
1635291256.6622808,3520184,34839359,5354133,76324,3569776,34272944,228227620,3752408,34264149,69290,2344152
1635291256.762399,3690920,35201580,5411779,81413,3765572,34300162,228277682,3606300,34244623,70909,2751283
1635291256.8625169,3661371,35337172,5488537,80111,3541022,34235933,228215139,3755440,34400456,70502,2721766
1635291256.9626353,3648260,35501190,5439749,81980,3764987,34205576,228159810,3643055,34108608,70881,2676638
1635291257.0627542,3549605,35113260,5474618,79744,3692122,34155450,228236423,3816515,34194820,71101,2539108
1635291257.1628718,3683789,35409599,5462580,78342,3735566,34231524,228204131,3761625,34270062,72400,2748211
1635291257.2629826,3669817,35115263,5394708,65198,3771554,34096683,228200672,3764866,34174286,73526,2615925
1635291257.3630612,3677818,35325229,5449414,76394,3634239,34165678,228149180,3620620,34155275,69397,2672402
1635291257.4631808,3674988,35261700,5418567,64506,3793127,34345585,228144507,3791976,34351323,69756,2622902
1635291257.5632994,3613752,34975846,5469197,77729,3784043,34426172,228303497,3633424,34303998,70026,2729139
1635291257.6634176,3715076,35201769,5442343,77509,3671648,34302999,228226301,3794365,34401314,69599,2717426
1635291257.763536,3633767,35045790,5492680,78964,3817279,34299440,228264339,3799944,34332812,70298,2713317
1635291257.8636537,3616614,34763174,5304626,74252,3789397,34217984,228257711,3662742,34317169,69388,2634366
1635291257.9637716,3739057,34962110,5535292,76693,3741364,34271086,228235607,3807324,34270301,68924,2717328
1635291258.0638905,3714888,35275953,5404323,64694,3804656,34253203,228282274,3654423,34200002,70438,2746879
1635291258.1640089,3624398,34965225,5510101,77694,3636606,34333437,228233232,3815292,34101969,71506,2531532
1635291258.2641275,3703788,35367658,5494908,75246,3794135,34297620,228128103,3703681,34057494,70187,2726283
1635291258.3642466,3654671,34798178,5405548,72278,3770522,34174170,228229284,3786448,34130069,70242,2707085
1635291258.4643645,3709706,35208019,5473465,78736,3917834,34206154,228264022,3690720,34150576,69039,2715878
1635291258.564483,3686560,35288919,5382052,64028,3636563,34034919,228142126,3784558,34273889,69053,2563756
1635291258.664601,3610958,34959551,5492073,83808,3735329,34143401,228220558,3647489,34246741,70562,2710499
1635291258.7647188,3685985,35264218,5408567,72351,3722775,34050204,228192174,3802284,34247053,72377,2722237
1635291258.8648372,3471383,34793993,5505567,77886,3804598,34204719,228159938,3783472,34092879,72579,2749521
1635291258.9649549,3735671,35312151,5482189,75918,3593422,34122773,228185359,3721898,34209798,72476,2605931
1635291259.0650733,3476364,34941685,5418368,76698,3801713,34228592,228259499,3802766,34231122,70749,2669811
1635291259.1651907,3815953,35068302,5385052,79260,3779481,34319518,228194056,3643290,34238289,69184,2722953
1635291259.2653089,3698187,35003060,5488035,75801,3652005,34266742,228243658,3820186,34351281,69833,2630397
1635291259.3654273,3679462,35091086,5469719,79808,3807021,34272780,228232344,3612964,34135807,69398,2696370
1635291259.4655452,3634964,34879720,5464970,78746,3419327,34159051,228250729,3776791,34270475,72133,2698058
1635291259.5656626,3703107,35225938,5506878,76538,3822424,34270475,228248382,3685025,33495074,71589,2724565
1635291259.6657808,3610147,34896802,5420002,78484,3788791,34201322,228168688,3791395,34010084,71609,2610199
1635291259.765898,3706617,35393674,5499086,79662,3618010,34104290,228216406,3682999,34184642,70098,2703783
1635291259.866016,3721521,35212864,5385723,72703,3786487,34233854,228200725,3800460,34109261,69358,2741535
1635291259.966134,3696092,35293558,5480356,78004,3789894,34089334,228144594,3648055,34156809,69443,2712899
1635291260.0662522,3706134,35131034,5476857,77935,3785481,34192956,228193988,3801541,34224727,70033,2638376
1635291260.1663704,3675959,35301769,5510498,80475,3798576,34297565,228207875,3708787,34149051,71043,2582512
1635291260.2664888,3525191,34747072,5401970,76900,3706819,34111836,228234583,3742912,34307666,69603,2729134
1635291260.366607,3685014,35475519,5497758,79634,3788276,34159748,228201816,3800506,34165483,70120,2699256
1635291260.4667244,3678570,34899497,5378232,75475,3798830,34071250,228192395,3743313,34195518,70226,2753048
1635291260.5668428,3693953,35026448,5500828,78844,3807023,34134080,228182051,3579428,34095490,72996,2735608
1635291260.6669614,3704143,35295888,5403690,80686,3808868,34141968,228257771,3796541,34247193,73124,2534857
1635291260.767079,3624448,34890392,5546299,76080,3711405,34208658,228221910,3694217,34176921,75013,2755393
1635291260.867197,3695212,35179295,5495881,79263,3713145,34203481,228168881,3796909,34257969,69550,2725609
1635291260.967315,3481374,34705068,5554942,75976,3626898,34213742,228126655,3704080,34061236,71614,2475869
1635291261.0674329,3696283,35110630,5443359,71792,3752532,34159390,228219496,3718404,34233739,69793,2700545
1635291261.167552,3708549,34850109,5499297,75356,3792497,34321124,228232745,3777978,34316280,70331,2526809
1635291261.2676697,3787810,35247215,5490457,95751,3786228,34052851,228174429,3635101,34175998,69691,2736793
1635291261.3677948,3593565,35066509,5433052,78604,3623096,33730027,228214859,3783292,34080304,70064,2604160
1635291261.4679205,3716323,35169332,5398204,73386,3783701,34007004,228199672,3646218,34162238,68516,3078102
1635291261.56804,3785593,35202154,5517523,77415,3722164,34168786,228195507,3856197,34244607,69900,2307538
1635291261.6681585,3703817,35345098,5484003,77839,3787336,34222759,228187287,3593184,34159193,70113,2723117
1635291261.7682767,3611020,34834667,5379526,63418,3697407,34198270,228198009,3816648,34105275,71505,2710881
1635291261.8683956,3704543,35130001,5469901,79840,3779287,34184140,228203514,3743008,34186306,70158,2737960
1635291261.9685137,3686233,34979603,5336954,71123,3791944,34232805,228213116,3779946,34251329,69507,2543325
1635291262.068632,3620411,35105489,5493304,78368,3570165,34185477,228206260,3644689,34250100,69207,2685045
1635291262.16875,3700187,35243655,5387716,77861,3990867,34226086,228178561,3811059,34444140,72994,2533567
1635291262.2688682,3607594,34953259,5506207,80710,3817773,34255498,228209747,3739049,34198713,74168,2740811
1635291262.3689857,3714573,35367838,5490281,64848,3643140,34222875,228306984,3767723,34223879,73542,2740297
1635291262.4691038,3670736,35208589,5485064,79850,3758385,34237645,228207331,3803069,34117490,71043,2533014
1635291262.5692217,3705470,35031390,5347955,70573,3796747,34274198,228248791,3642506,34173729,69925,2761250
1635291262.7694573,3690337,35337779,5424412,80418,3791934,34151939,228157176,3753513,34234417,69702,2414266
1635291262.869576,3604871,34942390,5484073,78014,3586077,34091222,228197862,3667834,34264668,70277,2730132
1635291262.9696932,3682499,35263894,5478570,78902,3782411,34132640,228155067,3705599,34292906,69698,2709972
1635291263.0698106,3627413,34841757,5436960,77311,3726554,34295630,228222304,3828986,34225058,73410,2498614
1635291263.169928,3720382,35405783,5487217,77919,3742194,34293898,228310305,3643921,34409099,71322,2694431
1635291263.2700722,3718612,35436042,5443401,80056,3787812,34240709,228148193,3795228,34287831,72844,2571640
1635291263.370191,3613188,34985383,5501871,79053,3811349,34344884,228288933,3726532,34277413,71897,2735641
1635291263.4703157,3649060,34405937,228218795,3724704,34309803,71233,2736621,3631416,35179342,5501974,77890
1635291263.5704403,3743213,34390284,228175418,3778621,34403858,73994,2554174,3736796,35233693,5374548,71411
1635291263.6705625,3797682,34330492,228192773,3620885,34281714,73495,2721354,3657816,35434324,5511506,76504
1635291263.8707998,3702015,35285358,5503927,78291,3786567,34329685,228179072,3683607,34264168,75180,2676960
1635291263.9709182,3590025,35021539,5428624,62946,3767397,34127709,228177630,3806643,34262915,76629,2712537
1635291264.0710366,3718493,35499341,5499767,78450,3670310,34279948,228191147,3780891,34259974,74374,2756382
1635291264.1711552,3712359,35473723,5305570,71785,3792918,34153857,228192311,3721923,34320736,72614,2710301
1635291264.2712746,3775637,35219267,5525239,77005,3749287,34279789,228229354,3616897,34308537,73136,2749493
1635291264.3713927,3712525,35366552,5492075,76999,3406708,34385137,228227014,3794782,34395415,71954,2704890
1635291264.4715111,3682302,35083112,5421693,79085,3790147,34478602,228273059,3773246,34318617,73418,2581755
1635291264.5716295,3786849,34324278,228199552,3626097,34318128,72362,2720800,3698422,35377507,5413750,77220
1635291264.6717477,3636426,34231242,228223779,3792129,34366808,72970,2715890,3555264,34986898,5392139,72960
1635291264.7718658,3798206,34341148,228176303,3704630,34286453,74374,2533854,3632337,34978519,5489437,78219
1635291264.972103,3719807,35430979,5495812,77132,3806417,34339914,228249504,3806915,34278431,73819,2710456
1635291265.0722218,3711757,35166599,5442287,79856,3787064,34377010,228176351,3625242,34299482,73650,2519420
1635291265.1723402,3749918,35417800,5492992,77144,3633440,34357503,228032017,3703520,34283174,73847,2716186
1635291265.2724586,3689501,35573616,5500379,79790,3796366,34368948,228196614,3782227,34319979,72542,2718801
1635291265.3725767,3443011,35107317,5545859,73579,3717543,34531862,228169560,3794829,34260817,74036,2378423
1635291265.472695,3706358,35412122,5515566,77595,3877941,34166497,228350047,3635135,34447606,75424,2730765
1635291265.572814,3700165,35412630,5388319,79100,3796066,34219480,228196130,3793561,34435980,75784,2511765
1635291265.6729324,3800025,34279968,228126690,3648562,34270141,76424,2745068,3712646,35403408,5605686,76810
1635291265.7730505,3639722,34233727,228209802,3804277,34409602,71764,2732397,3513054,35442727,5569780,80379
1635291265.8731694,3789433,34368476,228188495,3796116,34381551,72286,2642979,3761181,35424689,5410616,74361
1635291266.0734062,3698981,35325222,5505037,78178,3764957,34488872,228220440,3785641,34345815,73680,2753468
1635291266.1735241,3702907,35292490,5496380,79528,3785917,34452228,228158606,3695203,34297965,70867,2682384
1635291266.2736423,3597096,35129206,5447737,78105,3770088,34347803,228209599,3783232,34458604,73703,2595714
1635291266.3737605,3683819,35368483,5504120,78504,3669900,34442764,228153475,3779136,34429808,73791,2742991
1635291266.4738786,3694944,35337164,5312727,75235,3623693,34141693,228123387,3707322,34334255,74151,2764079
1635291266.5739973,3701967,35424387,5502853,78359,4490767,34464206,228136649,3638629,34230127,73213,2714308
1635291266.6741154,3723634,35589860,5501668,79099,3606282,34319982,228119004,3795611,34251242,72876,2760672
1635291266.774233,3788671,34385036,228216973,3798641,34229940,72953,2574204,3703322,35606311,5482158,78081
1635291266.8743513,3782275,34267471,228195512,3638909,34388383,72670,2720678,3576565,35093816,5450262,78415
1635291266.9744697,3640236,34345588,228180710,3790960,34372140,72432,2713219,4132794,35612551,5343316,74890
1635291267.1747062,3782364,35318916,5534900,77906,3415146,34358675,228254574,3785584,34487210,78463,2728730
1635291267.274824,3719759,35530648,5502555,68607,3794612,34293954,228141720,3789769,34375501,73370,2747582
1635291267.374941,3656419,35113552,5395577,79886,3788101,34301660,228216060,3562035,34369653,74373,2576102
1635291267.4750597,3712694,35418988,5469241,78053,3638475,34337518,228113395,3768727,34319084,73859,2721918
1635291267.575178,3681411,35447328,5358612,74838,3724702,32749627,228249536,3748557,34268966,73404,2712086
1635291267.6753037,3741334,35362769,5523776,77334,3278344,30005798,228303582,3290980,32507816,72384,2732800
1635291267.775424,3683635,35147840,5407388,79439,3777907,34375396,228188576,3782745,34281806,74655,2551149
1635291267.8755436,3753982,35361218,5493881,70890,3759907,34464749,228301196,3638399,34239245,73344,2731007
1635291267.9756618,3720569,35358119,5454723,74834,3662300,34312987,228205024,3777921,34268023,73240,2689602
1635291268.07578,3720578,35358572,5505630,80031,3795527,34321014,228156098,3667855,34302106,72753,2594191
1635291268.1758983,3528609,34583224,5436832,74450,3643969,34320710,228281216,3739131,34300954,71561,2281590
1635291268.276017,3703277,35461265,5527444,72686,3792384,34233995,228201402,3799099,34326168,72920,2701740
1635291268.3761349,3761935,35477763,5424836,80383,3784171,34251246,228235979,3648514,34272810,69672,2722446
1635291268.476253,3715538,35475004,5495718,76916,3641483,34241921,228159958,3718856,34266778,73835,2607757
1635291268.5763712,3705457,35625513,5484827,78064,3776682,34469355,228157212,3788465,34348364,72054,2740584
1635291268.6764889,3444964,35098898,5542294,73602,3690362,34430001,228227021,3805018,34361882,73654,2444802
1635291268.7766068,3686410,35345790,5470446,77955,4199871,34318498,228203101,3692626,34382146,74829,2760610
1635291268.876725,3711207,35243778,5398567,81412,3442297,34278239,228102513,3780752,34512002,75375,2529758
1635291268.9768434,3679590,35215290,5481761,91387,3732164,34416558,228231523,3652192,34415597,75123,2749782
1635291269.0769618,3682875,35373275,5388442,64843,3724794,34255379,228218761,3796100,34431864,72305,2701844
1635291269.1770802,3481674,35060136,5815996,77595,3791380,34436095,228183988,3790791,34256149,73603,2387785
1635291269.2771983,3811925,35592346,5501865,70584,3797218,34310001,228154333,3648502,34305415,72256,2938551
1635291269.4274004,3690998,35419555,5448267,77027,3791070,34403559,228245580,3785072,34298302,75020,2278456
1635291269.5275207,3675348,35506192,5388765,78596,3774246,34514278,228264391,3636772,34212878,72270,2729954
1635291269.627639,3631402,35196680,5531315,75800,3641329,34368573,228190324,3801982,34400091,72385,2701538
1635291269.7277565,3705008,35395598,5492340,78539,3783202,34180908,228152455,3771610,34369148,72326,2723382
1635291269.8278868,3635927,34927633,5423371,74383,3777232,34123247,228208615,3547462,34302038,73286,2487864
1635291269.928007,3706913,35328654,5477582,76876,3816353,34384154,228295335,3783652,34409148,72834,2717122
1635291270.028126,3708855,35458792,5404518,79094,3853664,35636328,236891196,3945661,35839417,75831,2702843
1635291270.1282449,3770807,35944448,4542926,91154,3585416,34332197,228135610,3798051,32980813,63010,2258947
1635291270.2283638,4282954,32547136,5377488,80926,3762136,34404941,228279186,3632657,34354353,73609,2722635
1635291270.3284826,3653505,35541419,5425781,79171,3637649,34417457,228292623,3797122,34435780,73342,2738455
1635291270.428601,3569490,35010805,5354178,79491,3780423,34484148,228192315,3704073,34375093,74830,2734601
1635291270.528719,3629804,35062647,5461544,72751,3535016,34347793,228237381,3707933,34429784,76305,2696237
1635291270.628837,3694974,35381484,5527742,76800,3788096,34373617,228179963,3783984,34442119,78254,2711809
1635291270.7289546,3726071,35309575,5429296,78821,3792097,34380596,228165175,3633791,34288458,78766,2728207
1635291270.829073,3716721,35335149,5506649,76490,3645467,34398969,228225519,3723591,34274532,73415,2543630
1635291270.9291909,3708420,35467905,5494325,78951,3795061,34358651,228079808,3773110,33284143,70699,2581941
1635291271.0293093,3631214,35234831,5467003,77332,3567420,34286727,228304200,3794427,34323057,73812,2712666
1635291271.1294272,3721708,35448101,5512545,75842,3951245,34300997,228155435,3677864,34314395,73016,2717132
1635291271.2295449,3699872,35265709,5409860,77410,3568466,34466766,228167504,3793312,34360498,73684,2570912
1635291271.329663,3676763,35157708,5497616,82970,3759564,34455452,228276464,3640001,34334126,72448,2701485
1635291271.4297807,3706153,35475864,5413178,72039,3705966,34399083,228245786,3784072,34479648,72938,2718476
1635291271.5298982,3600452,35047263,5487145,77515,3792058,34401488,228218263,3323473,29873861,67228,2764121
1635291271.6300077,4292336,33552414,4177381,75713,3793374,34357770,228236428,3806099,34412096,72323,2538958
1635291271.7301269,4430409,34341137,4678241,80166,3808235,34371639,228167888,3636075,34333590,72143,2750360
1635291271.830246,3648509,35212175,5513396,77577,3642265,34349109,228218974,3796725,34372485,73877,2731370
1635291271.9303646,3688450,35621946,5469427,79496,3779269,34417777,228174588,3665061,34293233,76038,2631299
1635291272.0304832,3610744,35128789,5441712,73980,3788613,34326540,228294915,3791857,34370374,74850,2507012
1635291272.1306012,3704922,35447878,5508606,77342,3777047,34502679,228261905,3781980,34224558,72616,2812542
1635291272.2307196,3698094,35498464,5437762,80041,3832669,34427582,228238257,3733642,34343888,76126,2645509
1635291272.3308396,3613336,35087168,5480769,77519,3686649,34325190,228218690,3679115,34305692,76143,2663913
1635291272.4309595,3716758,35433772,5508986,80913,3708816,34289095,228251866,3752290,34394138,76398,2754331
1635291272.5310776,3669035,35054411,5402799,71747,3700791,33571067,228157743,3782726,34372563,74664,2465610
1635291272.6311963,3724709,35505756,5501526,77668,3788036,34140605,228242440,3643253,34427531,72259,2707525
1635291272.7313144,3723632,35500786,5493484,77076,3794778,34376070,228271366,3798325,34435844,73445,2529213
1635291272.831433,3609064,35278977,5414239,79152,3776949,34367919,228208989,3628951,34322978,72232,2716637
1635291272.931551,3651063,35079402,5478056,78098,3630407,34419435,228179938,3782415,34299435,72222,2760230
1635291273.0316699,3727043,35423004,5469655,80784,3453812,34240328,222941745,3641636,33514129,69478,2638354
1635291273.131788,3578174,34480917,5343774,101944,3686241,33850603,226874383,3694144,34014881,62132,2657004
1635291273.2319067,3597394,34789212,5365771,137877,3718793,33899088,227565032,3709633,34004116,54645,2663104
