1635290509.29474,3326531,29425393,228117695,3125570,30342359,61459,2294925,3101817,31308389,4644038,149940
1635290509.3948758,3137996,29648361,227935404,3056602,29872955,55254,2212476,3066884,30540198,4635117,178831
1635290509.4950173,3084094,29744466,227738147,3112228,30172669,57261,2231532,3044067,30647000,4596524,157808
1635290509.5951524,3027699,30590811,227701653,3297972,30387904,56668,2213879,2909344,30425252,4547400,148085
1635290509.6952872,3388332,30954855,227780263,3213262,30331426,59790,2057531,3357560,31270284,4834713,139679
1635290509.7954211,2901051,29475658,227874537,3182108,31109141,60308,2368976,3152360,31321709,4665544,123781
1635290509.8955586,3188385,30452731,227816602,3218286,30672376,59110,2270872,3139387,31200385,4727904,189390
1635290509.9956906,3307281,30745716,227987512,3302056,32160022,69290,2536471,3584412,35473524,5409394,90875
1635290510.0958197,3690726,34916817,228024734,3625604,34861539,68885,2598033,3682282,35284589,5107746,62627
1635290510.1959422,3621835,35003108,228028316,3590433,34951142,69269,2618665,3679879,35425994,5417495,49048
1635290510.2960613,3563462,35062982,228157992,3639499,34747767,69919,2874620,3765811,35399916,5374655,54095
1635290510.3961952,3411193,35072432,228117428,3656699,34714316,69726,2383295,3556087,35107897,5381794,66022
1635290510.4963174,3603195,34929772,228077158,3663576,34566699,64912,2561320,3619789,35246645,5378692,66936
1635290510.5964382,3681570,34903945,228107772,3692080,34681616,69364,2609113,3647795,35347999,5413276,61965
1635290510.696559,3682928,34851090,228051284,3555977,34594704,67721,2549696,3537644,34969929,5420889,57839
1635290510.7966802,3671441,34896714,228117118,3751167,34769797,67480,2703896,3559754,35094959,5378950,53673
1635290510.8968003,3437081,35328686,227967004,3576401,34692424,69171,2642569,3666890,35408391,5374705,67325
1635290510.9969203,3727329,34823210,228125411,3649003,34709519,69770,2547121,3607143,35105346,5400165,70180
1635290511.09704,3599179,34852337,228060457,3617278,34775331,69573,2593593,3554188,35355972,5323031,66696
1635290511.1971612,3753244,34904820,228052538,3655702,34738939,69671,2521267,3508819,35471569,5678756,43638
1635290511.347398,3666313,34709791,228058378,3659539,34854388,69628,2755328,3614465,35233718,5402849,62774
1635290511.4475224,3619706,34599187,228077593,3620923,34832679,68851,2303058,3482671,35037508,5394584,54503
1635290511.5476437,3744018,34457143,228086559,3666714,34741991,70481,2699040,3661517,35493137,5381599,63844
1635290511.6477666,3576011,34615568,228101589,3668551,34815031,68190,2704406,3556021,35476573,5420599,67082
1635290511.7478921,3664660,34636487,228064558,3658208,35010897,69854,2510472,3617127,35314616,5327687,55377
1635290511.8480115,3667044,34861641,228103654,3663687,34610519,71680,2502136,3467216,35225085,5460649,59073
1635290511.948132,3575567,34606414,228116022,3558844,34964560,69804,2712517,3672848,35670099,5315811,66189
1635290512.0482523,3420093,34541986,228038462,3808477,34813319,70722,2455464,4427831,33489685,5304413,53674
1635290512.1483734,3388310,34887176,227912965,3667397,34736179,73928,2641430,3566692,35092916,5368415,66039
1635290512.2484922,3605529,34808957,228001330,3658530,34778235,72255,2553140,3618357,35223401,5363692,65411
1635290512.3486142,3809235,34731217,228120126,3661006,34726534,76026,2444966,3612644,34932579,5099568,58371
1635290512.4487362,3657439,34771502,228020412,3712368,34600454,74395,2412888,3451967,34812763,5398013,57815
1635290512.5488577,3755021,34768494,228016455,3652508,34698129,73248,2300322,3515770,34983157,5456211,58862
1635290512.6489782,3595532,33629270,228096178,3652484,34686615,73718,2572409,3799849,35213355,5382027,70390
1635290512.749098,3784451,34607128,227893251,3650438,34581672,72723,2492725,3628875,35299331,5347147,63326
1635290512.849226,3722692,34462659,227973765,3636305,34025622,76633,2447920,3672012,35270349,5306454,59721
1635290512.9493566,3647534,34577028,227952327,3734378,33681055,67918,2213953,3484896,35003996,5430638,67575
1635290513.0494816,3765804,35064891,227828064,3582001,34567569,73672,2591225,3589811,35126936,5393352,70357
1635290513.149603,3464030,34575193,228068760,3750316,34655104,73590,2692652,3538311,35175813,5360145,51791
1635290513.2497256,3678432,34600977,228041573,3662231,34561761,76487,2667776,3552001,35015576,5363948,70257
1635290513.3498466,3600432,34378669,227998383,3757916,34452715,77781,2555104,3620225,35075340,5356956,66482
1635290513.449968,3807452,34596180,228086475,3669300,34674083,76596,2521239,3578758,35375161,5408467,61520
1635290513.550081,3699001,34572046,227977579,3654523,34595971,74620,2671601,3558981,35028679,5226061,71170
1635290513.6502016,3710299,34742068,227994770,3634636,34595457,74382,2604764,3553146,35035464,5429623,65885
1635290513.7503216,3441632,34696068,228048735,3751490,34441115,75046,2640919,3484810,35084496,5408341,67305
1635290513.850442,3779854,34474051,228054132,3667301,34624495,75884,2613568,3613200,34936096,5401076,72008
1635290513.9505622,3667894,34629888,228386063,3650944,34485390,71106,2632285,3652822,35365531,5314080,63368
1635290514.0506842,3642909,34694371,228159754,3661315,34464353,76197,2558486,3751988,35437096,5455788,71395
1635290514.1508057,3693871,34544168,227953957,3785164,34656573,74612,2306870,3654449,35277600,5398018,63950
1635290514.250926,3721063,34601068,228018331,3779087,34526641,74037,2325195,3620005,35130207,5514080,72598
1635290514.3510466,3718003,34516876,228029511,3680686,34447458,73908,2677279,3644615,35358756,5425822,73890
1635290514.4511666,3678583,34478049,227914917,3637731,34485270,71380,2552504,3635019,35212465,5467198,64770
1635290514.5512881,3785923,34560168,227965199,3696555,34464428,71290,2562250,3631469,35128541,5400671,72242
1635290514.651408,3751663,34529548,227956018,3604703,34394786,71294,2662159,3653883,35493392,5471860,72140
1635290514.7515283,3754840,34484233,228020043,3743883,34529550,71720,2656982,3631445,35425652,5413382,68581
1635290514.851648,3751755,34278152,228071172,3658309,34571135,70367,2466026,3523149,34869563,5414713,77748
1635290514.9517703,3542510,34433800,228074526,3801207,34439777,73520,2505776,3725357,35452370,5449496,73062
1635290515.0519035,3625446,34425033,227992682,3639324,34671733,73383,2639097,3643614,35102011,5040314,69649
1635290515.1520333,3797026,34374101,228099523,3643298,34576308,69973,2658500,3634995,35044142,5374412,69039
1635290515.2521548,3570940,34451726,228035337,3780188,34406866,70795,2696997,3688264,35187670,5431495,75638
1635290515.352276,3806552,34448837,227989339,3799860,34541797,73699,2666277,3713354,35458020,5409429,72653
1635290515.452396,3782098,34406915,228050276,3693057,34497868,72614,2654747,3622027,35338255,5385600,77243
1635290515.552517,3771886,34519379,227989411,3671519,34465006,70765,2673077,3534349,35128761,5527199,75676
1635290515.6526375,3792930,34423719,227906927,3649946,34555336,72862,2650174,3733673,35111950,5470727,73582
1635290515.7527575,3599073,34484761,228012673,3780286,34535912,72163,2662150,3633970,35307374,5431455,72571
1635290515.852878,3812109,34543909,228007800,3808009,34472007,73436,2681057,3622771,35355139,5468665,69001
1635290515.9529996,3817709,34483813,227992033,3752677,34461421,70339,2691591,3578308,35409539,5380009,77282
1635290516.053119,3790844,34538103,228010833,3673367,34568726,72600,2563129,3634554,35324117,5399425,69876
1635290516.1532402,3703316,34411328,227983514,3630630,34490330,69676,2721959,3633922,35343518,5342647,67092
1635290516.2533617,3811257,34454814,228038205,3641706,34464079,68556,2923041,3621995,35084012,5396078,69183
1635290516.353482,3800677,34397620,228100853,3727579,34527243,72231,2460622,3514135,34923621,5394916,66110
1635290516.4536023,3802749,34404107,228001115,3579277,34470366,69579,2609200,3542706,35108473,5391445,61992
1635290516.5537217,3756739,34414100,228049614,3617642,34394543,69618,2564885,3580457,35020475,5421972,71828
1635290516.6538434,3701561,34416775,227999330,3712763,34452563,70334,2554677,3557667,35028642,5464475,76253
1635290516.7539632,3713824,34434537,228074671,3703932,34392761,71075,2658698,3610809,34748558,5452747,72616
1635290516.8540835,3816819,34377107,228013705,3675126,34452417,70856,2646997,3642081,34942624,5437228,83512
1635290516.9542034,3695382,34320169,228005369,3710853,34349570,71756,2340053,3574858,35048229,5553638,74705
1635290517.0543232,3629969,34359389,227977706,3706966,34327229,70335,2609083,3585314,34672274,5356032,68520
1635290517.1544435,3796997,34289012,228019743,3653120,34382932,69541,2559514,3526836,34889754,5447493,78704
1635290517.2545636,3783302,34305338,227937870,3655870,34324431,69890,2812185,3524348,35085461,5528168,77572
1635290517.3546832,3786750,34389947,227908706,3635784,34354480,68840,2760369,3483799,34861574,5479287,71352
1635290517.4548037,3803094,34384363,227961940,3667604,34371581,70452,2240047,3557560,34765800,5392341,67656
1635290517.5549235,3798236,34369438,227990316,3576828,34342997,69508,2646366,3625926,35038845,5414307,78990
1635290517.6550431,3798263,34320682,228035128,3798035,34416401,69477,2647143,3650279,34960341,5355247,76260
1635290517.7551637,3693058,34446815,227989935,3580839,34371081,71549,2651635,3629718,35311905,5303958,68290
1635290517.8552833,3551692,34403533,227982308,3752587,34337352,70851,2496870,3626532,35319912,5335702,71974
1635290517.9554048,3638001,34306903,227993639,3788636,34304343,73926,2328843,3655404,35288514,5428079,76283
1635290518.0555248,3977862,34395461,228045994,3777884,34359241,71274,2655247,3674215,35201944,5546685,75586
1635290518.1556458,3460682,34362866,228058621,3799950,34354767,72450,2432784,3621353,34830391,5460941,76890
1635290518.2557666,3689661,34370819,228039013,3732088,34280418,72889,2585371,3513716,34957670,5477647,73360
1635290518.3558896,3801753,34288205,228035737,3653530,34301637,73838,2661588,3690752,35090114,5466659,78041
1635290518.4560103,3791957,34330958,227957203,3653813,34286631,70610,2650802,3484432,34916636,5518215,72763
1635290518.65625,3690553,34976408,5414279,71566,3803344,34295762,227965208,3749453,34368587,74790,2685681
1635290518.7563705,3669397,35253640,5370852,76979,3570501,34301641,227878386,3777536,34308712,75267,2622257
1635290518.8564897,3662606,35240921,5443081,80878,3730215,34340757,228100639,3878124,34248660,73845,2504928
1635290518.956611,3672439,35212501,5461325,76244,3754535,34271460,227832223,3675185,34164271,72336,2654160
1635290519.0567298,3625567,34979911,5471086,78348,3748584,34459004,228108527,3657288,34324574,74100,2668422
1635290519.156851,3662569,35178877,5396795,71768,3781552,34295171,228023399,3757001,34288910,74872,2649461
1635290519.256972,3664613,35206519,5431066,76212,3615891,29853063,229244853,3292847,30798829,69059,2664997
1635290519.3571105,3789412,34275221,227993641,3590562,34146079,74476,2643509,3621818,35011270,5411531,79848
1635290519.4572356,3630659,34085343,228051145,3781634,34311201,74313,2435881,3776984,35658394,5326006,71106
1635290519.5573575,3632549,34254625,228009821,3773511,34167693,69759,2692927,3625742,35160089,5462964,76704
1635290519.757599,3678147,35435382,5460311,77458,3782235,34277610,228135822,3683676,34179708,68691,2691749
1635290519.8577197,3595875,34976415,5396890,61025,3715453,34294068,227979155,3596244,34221207,69311,2666475
1635290519.957838,3655322,35271857,5377787,60241,3625922,33965316,227909049,3924420,34227251,70203,2494159
1635290520.0579662,3681666,34296729,5436308,76143,3678731,34324901,228035314,3686491,34201732,69572,2694352
1635290520.1580894,3789348,34489966,5281378,77523,3814192,34374037,228072564,3626768,34284008,69910,2677739
1635290520.258211,3681589,35118163,5380423,70886,3765202,34151889,228024381,3791525,34207859,70549,2663909
1635290520.3583336,3673831,35287218,5397034,75755,3354706,34357877,228040642,3802452,34250532,69199,2605388
1635290520.4584541,3776405,34207451,227997421,3626962,34149327,68989,2660094,3643807,35137659,5426950,78178
1635290520.5585723,3612210,34229836,228052279,3788249,34247003,70495,2500613,3841455,35347306,5315268,69464
1635290520.6586902,3670839,34289674,228048464,3714221,34237427,70761,2677361,3648284,35054513,5453149,76820
1635290520.8589277,3461642,34710837,5385719,68389,3794666,34234533,228015610,3803626,34267135,69618,2723558
1635290520.9590461,3656739,35272862,5400458,76128,3785213,34204993,228083900,3557675,34294460,69878,2456319
1635290521.0591645,3670236,35070775,5431446,74780,3780288,34211772,227987903,3777827,34102835,68586,2681666
1635290521.159295,3654774,35117551,5348971,69876,3625666,33941480,228031284,3774479,34217459,71002,2465283
1635290521.259418,3614209,35380170,5458631,77016,3714208,34155186,227824692,3801608,34204444,69761,2689234
1635290521.3595393,3405608,34818227,5363273,69145,3777685,34287295,228074839,3628294,34183079,70749,2689762
1635290521.4596581,3647851,35294507,5469451,75774,3783026,34386150,228035043,3784570,34296047,69664,2428288
1635290521.5597765,3678471,34209403,228023731,3685890,34212025,71921,2679016,3579835,35156818,5603461,78056
1635290521.6598957,3788468,34146799,228077813,3686785,34210606,73009,2639865,3500037,34196694,5333890,78588
1635290521.7600143,3638693,34154403,228122770,3788915,34173521,73097,2709790,3691797,35387848,5472901,76709
1635290521.9602532,3679949,35165062,5449057,78334,3787159,34154978,228078987,3789824,34102653,68919,2699423
1635290522.060372,3666255,35334108,5367055,75572,3771270,34244984,228106466,3694165,34244986,69730,2484348
1635290522.1604915,3687180,34536827,5167113,75499,3747654,34209996,227904377,3571243,34143423,70224,2704901
1635290522.2606108,3681136,35002085,5345337,69899,3639755,34126570,228111807,3980203,34110992,71190,2463356
1635290522.3607297,3664926,35205883,5458245,76212,3662765,34292947,228113272,3650340,34206588,68553,2671751
1635290522.460849,3616852,34777254,5430916,77414,4036166,34265071,228132149,3635584,34194240,68477,2660802
1635290522.560968,3674232,35280101,5398529,76717,3793357,34195340,228005743,3789642,34232305,70716,2456779
1635290522.6610866,3783684,34208522,227943600,3632103,34151143,69360,2694631,3685547,35009755,5563342,75829
1635290522.7612052,3719356,34174814,228034060,3791592,34163839,72192,2480021,3795819,35777707,5427636,69160
1635290522.8613245,3653385,33620131,227912510,3692632,34221183,68958,2682110,3518130,34758591,5483543,76873
1635290523.061564,3495560,34934399,5419893,70282,3485665,34339242,228052282,3789890,34383092,72757,2691416
1635290523.161684,3673239,35248733,5458101,76112,3767697,34088416,228022980,3690832,34363644,69798,2652142
1635290523.2618175,3542665,35041154,5424295,110138,3641685,34214899,228029024,3775450,34299178,70399,2676030
1635290523.3619483,3679055,35411118,5442252,81328,3795857,34287995,228020853,3568666,34243831,70143,2756120
1635290523.4620693,3743631,35335251,5464582,78248,3753125,34203921,228006550,3727278,34263168,69581,2718687
1635290523.562189,3696934,35616764,5420637,77392,3334733,34190971,228079422,3795792,34309142,69816,2318003
1635290523.662309,3626322,35047171,5518308,80208,3784499,34338714,227998997,3623605,33937489,69484,2749214
1635290523.7624288,3696072,34369848,228053111,3794909,34370212,70067,2579298,3614192,35186116,5450530,63512
1635290523.8625476,3804535,34315251,227995507,3612543,34380577,72252,2684151,3722471,35277828,5431717,78970
1635290523.962666,3647422,34256753,227983176,3787505,34379332,73582,2730096,3415717,34970790,5454639,78397
1635290524.1629055,3706024,35121253,5499534,79051,3449245,34353617,228043675,3803891,34310247,70617,2699198
1635290524.2630243,3685881,35417807,5504689,75887,3797914,34277216,227990468,3711559,34223806,70345,2686648
1635290524.3631434,3617274,35064517,5414626,77893,3670139,34233878,228014600,3800291,34281901,70668,2594807
1635290524.4632623,3689218,35301412,5498329,76040,3798031,34450245,227963051,3775166,34181105,69700,2694238
1635290524.5633807,3643167,34931045,5419112,72413,3788913,34423300,227998372,3792626,34309504,71928,2438230
1635290524.6634998,3682548,35363760,5498717,76312,3210857,34020175,228053356,3642836,34422441,69242,2704816
1635290524.763618,3697787,35332856,5382520,78525,3775977,34297669,228029100,3791646,34417728,69485,2461070
1635290524.863737,3680588,35125904,5469417,72509,3788714,34341025,228071563,3645168,34247586,68794,2675676
1635290524.9638555,3697145,35435653,5420266,78515,3653734,34263999,228035251,3797077,34232987,69235,2690603
1635290525.0639746,3651142,35326010,5438836,83067,3792046,34367318,228075864,3730433,34203037,69396,2435465
1635290525.1640937,3478908,34575848,5404035,75169,3612290,34222487,228130266,3763810,34195364,69240,2232340
1635290525.264214,3648992,35465915,5474440,77738,3782796,34237636,227986092,3790799,34173870,70475,2834389
1635290525.3643384,3677923,35269354,5383013,82804,3766307,34142989,228064456,3626859,34167091,71115,2509541
1635290525.4644647,3634751,35249530,5446331,76661,3705819,34280929,227977268,3701719,34232052,70065,2728055
1635290525.5645874,3637445,35141484,5344707,69721,3802930,34235722,227908780,3775582,34145305,69221,2542006
1635290525.6647067,3663397,35226151,5462366,79683,3708482,34298307,228061129,3778024,34264971,71903,2674645
1635290525.7648256,3679343,35355676,5419873,78895,3327330,34100977,228043707,3692213,34313197,72584,2414794
1635290525.8649445,3603190,34983861,5471408,79720,3785356,34171212,228072325,3656481,34286768,72200,2679558
1635290525.9650633,3678880,35405346,5465443,71144,3781827,34280954,228088654,3794982,34267882,69602,2696926
1635290526.0651822,3592675,34960647,5524623,90493,3704371,34318850,228068217,3795215,34349263,71280,2465257
1635290526.1653018,3677049,35592576,5470577,79143,3778733,34280533,228137309,3649212,34353247,69624,2673818
1635290526.2654204,3521165,34141154,5345363,76432,3605314,34339000,228041611,3727175,33625198,70300,2954711
1635290526.365539,3890074,35514369,5386824,77315,3783655,34345566,228077623,3635832,34355976,68802,2671339
1635290526.4656572,3629236,35096112,5479368,79370,3690951,34290715,228032927,3791357,34172821,71811,2470313
1635290526.5657763,3669380,35341814,5420093,64293,3801077,34325411,227972330,3683409,34279946,69472,2663335
1635290526.665895,3595712,34996849,5459484,79978,3644921,34218261,227997645,3773316,34192497,69970,2679173
1635290526.7660139,3689171,35394700,5486392,79018,3784068,34230485,227982612,3785455,34176484,69378,2668397
1635290526.8661337,3492693,34950669,5381549,71031,3329502,33985310,228099769,3714805,34204459,70969,2678312
1635290526.9662526,3664534,35390420,5458572,77685,3992031,34133832,228047917,3710272,34223730,69120,2662999
1635290527.0663714,3675858,35263010,5359241,82014,3775962,34298290,228105179,3783593,34403756,71526,2534035
1635290527.1664906,3647500,35162609,5480117,74866,3759583,34294012,228023236,3631377,34257251,68541,2672929
1635290527.2666094,3669752,35437412,5416271,78421,3633953,34223227,228064139,3777150,34304912,72447,2668797
1635290527.3667276,3632046,34386619,5357600,78978,3798900,34259303,228050720,3701688,34230059,73719,2684232
1635290527.4668458,3665298,35208924,5421656,79938,3397917,34269107,228148886,3796082,34240008,73345,2706675
1635290527.5669737,3644915,35043963,5456340,77395,3796782,34236601,228087636,3787239,34220071,70647,2561833
1635290527.667096,3623802,34972953,5385420,80417,3784854,34193161,228061603,3636047,34287589,71985,2558540
1635290527.767215,3675353,35459452,5469713,76237,3670017,34361746,228121148,3761539,34170737,69278,2719086
1635290527.867334,3668739,35390424,5273805,73385,3775760,34347975,227830861,3783342,34231105,71058,2673340
1635290527.9674535,3677470,35277634,5447160,78481,3772035,34211418,228174445,3572862,34183928,68389,2669086
1635290528.0675743,3694949,35275045,5464093,76170,3719677,34239158,227981152,3790146,34383461,69358,2666452
1635290528.1676939,3567040,34970665,5390610,79205,3784211,34147780,228052989,3721563,34249381,70450,2579948
1635290528.267813,3669933,35282266,5471507,76480,3847083,34255789,228134133,3742098,34201594,68634,2677140
1635290528.3679316,3665232,34890990,5418472,77913,3652183,34188045,227956065,3794807,34212315,70587,2573705
1635290528.46805,3684523,35149436,5339957,74247,3788181,34184408,228059771,3642748,34214844,69129,2691103
1635290528.5681677,3624551,35227746,5424551,81910,3786059,34141072,228033789,3799884,34256500,70678,2563310
1635290528.6682856,3704482,35484379,5362949,79291,3783388,34303702,228059596,3643887,34220508,67823,2660515
1635290528.7684033,3606569,35103996,5467978,75531,3636835,34238430,228093204,3792218,34245639,75320,2466922
1635290528.8685215,3668885,35385875,5469162,80066,3810703,34233701,227986344,3689889,34150692,68557,2802010
1635290528.9686391,3472628,35046061,5519618,75533,3638553,34239092,228012135,3840263,34221368,70387,2465388
1635290529.0687575,3684202,35351114,5463332,75635,3809040,34252078,228165314,3721526,34282965,72285,2679317
1635290529.1688762,3678097,35243304,5381795,80753,3638758,34210309,228116893,3757848,34294995,73314,2486287
1635290529.268995,3705353,35360380,5472214,76397,3773086,34112749,228294238,3658925,34243238,71627,2703264
1635290529.369114,3712021,35555281,5358980,74979,3775127,34154108,228026695,3794782,34283699,70080,2682489
1635290529.469232,3714784,35188841,5526347,76640,3707682,34241347,227930825,3631836,34249572,70624,2688173
1635290529.5693505,3676111,35266438,5348063,81435,3646588,34221949,227992531,3784769,34230866,70324,2674859
1635290529.669479,3601318,34980879,5456613,74525,3764542,34183639,228052284,3726062,34172069,70321,2749906
1635290529.7695992,3642230,35213703,5426203,65005,3698626,34214536,228012130,3689135,34297643,69417,2699051
1635290529.8697193,3639215,35215252,5499179,78325,3761127,34238757,228046037,3798409,34259117,74263,2454712
1635290529.9698381,3673490,35099995,5356141,70568,3797085,34257062,228047970,3660064,34219223,70334,2628264
1635290530.069956,3693791,35220540,5474771,76823,3729695,34189311,228047451,3794604,34254780,70505,2688415
1635290530.1700728,3700931,35308799,5453043,78362,3819685,34320365,228115324,3797464,34228719,69344,2514337
1635290530.2701914,3595373,35067502,5448500,77113,3576337,34198267,228117037,3584838,34241930,70792,2690143
1635290530.3703105,3677583,35430395,5472965,80717,3763321,34248492,227999786,3811202,34260231,70312,2679586
1635290530.47043,3648462,34989567,5387780,78103,3780495,34263957,228028243,3799010,34261304,71632,2443765
1635290530.5705497,3652172,35339333,5470048,76441,3779728,34209570,228132966,3645630,34357335,70478,2690026
1635290530.6706688,3675479,35232879,5410218,78588,3634331,34223873,227996561,3786528,34367853,70439,2345050
1635290530.7707875,4518731,32792737,5376448,65183,3797650,34265531,228057005,3646583,34281877,74262,2702417
1635290530.8709066,3663492,35278748,5440845,80860,3706564,34292858,228039909,3789125,34348292,74629,2689951
1635290530.9710252,3675887,35221010,5418660,63365,3801733,34303716,228056373,3649972,34325341,76641,2529978
1635290531.0711443,3611149,35103582,5487531,78137,3645996,34255537,228055145,3795692,34260872,71969,2641621
1635290531.1712644,3687383,35438031,5495810,77506,3794262,34286100,228136888,3760821,34214264,70203,2783141
1635290531.2713833,3608934,34805237,5394088,70795,3769262,34182656,227917472,3783405,34323930,72012,2695581
1635290531.3715024,3688368,35255004,5466270,77917,3814194,34202448,228067256,3548663,34164891,70682,2683756
1635290531.4716213,3678616,35200414,5355888,62712,3740661,34400720,228009675,3833939,34345793,69794,2549916
1635290531.5717406,3665282,35022291,5472845,76104,3794122,34307328,227999409,3640049,34315391,72515,2697265
1635290531.6718595,3696313,35300824,5480736,74196,3799174,34302011,228094796,3810996,34330982,71472,2685970
1635290531.7719836,3482664,34895686,5454524,76597,3622629,34301460,228059407,3748266,34152226,71937,2674677
1635290531.8721101,3707268,35211810,5357651,67116,3500713,34237203,228097931,3750701,34225647,70686,2718459
1635290531.9722304,3646800,35264728,5430832,89488,3797455,34326162,228022269,3808310,34353919,70436,2588815
1635290532.0723498,3933373,35427681,5430577,79372,3791542,34381330,228067408,3647742,34307924,69866,2675728
1635290532.1724682,3636670,35273864,5473452,76940,3646510,34311809,228087140,3788701,34321297,73887,2253047
1635290532.2725873,3678642,35482114,5486892,78495,3799829,34341693,227984080,3675659,34294853,69787,3214839
1635290532.3727067,3538214,35095470,5434099,76206,3518558,34259775,227937706,3836220,34263565,72043,2736014
1635290532.472825,3668738,35467286,5471032,76758,3814226,34367400,228074939,3795484,34329243,73548,2705944
1635290532.5729437,3675854,35144716,5406944,77684,3686644,34190341,227988080,3738379,34362725,74754,2547551
1635290532.673062,3741978,35393662,5478195,76558,3796359,34306507,228053604,3655960,34340352,73499,2702258
1635290532.7731807,3715261,35592852,5369252,75038,3786249,34256990,227983995,3803046,34357651,71573,2753292
1635290532.8732991,3695478,35188915,5512356,76740,3701782,34341868,228016014,3660388,34386715,71474,2687459
1635290532.9734178,3681679,35304708,5466127,76896,3445044,34290190,228096333,3801494,34285471,71329,2721436
1635290533.0735373,3602883,34675022,5362582,68763,3793102,34359210,228026908,3789080,34273048,71191,2530044
1635290533.1736562,3713832,35274620,5487832,80295,3799694,34243983,228121176,3638707,34286816,70758,2665102
1635290533.2737758,3641962,35164546,5476895,76430,3674171,34334847,227998413,3797632,34356622,73784,2608179
1635290533.3738947,3677918,35170976,5300190,73956,3813626,34323417,228035308,3663947,34229377,71255,2882911
1635290533.4740143,3711155,35245790,5488278,78759,3797520,34351481,228072570,3804534,34170002,71284,2674795
1635290533.5741327,3699911,35394068,5485300,76207,3806430,34324013,227995255,3795748,34225192,71710,2665724
1635290533.674251,3569527,35097612,5449260,78442,3686601,34192676,227871529,3725968,34245633,71376,2608839
1635290533.7743697,3690654,35385821,5478202,78044,3755562,34303566,227900729,3740745,34356758,70927,2691564
1635290533.8744879,3650467,34933367,5334415,75073,3808355,34348194,228160920,3805524,34286859,73121,2528559
1635290533.9746153,3601673,35034381,5428765,80252,3783536,34197150,228067336,3635858,34367226,70572,2705155
1635290534.074737,3687856,35364944,5460875,79294,3802701,34268839,228079962,3784736,34396752,73858,2537815
1635290534.1748564,3812124,34325795,228066911,3664668,34331859,74840,2667202,3657323,34968081,5498498,77982
1635290534.274975,3636394,34205149,228068898,3803850,34328406,73686,2758231,3739260,35430983,5474632,79765
1635290534.3750935,3798881,34246577,228042257,3793848,34163289,71463,2327122,3506189,34811055,5481852,73204
1635290534.5753298,3703642,35456822,5480450,76505,3792398,34305929,228115408,3735944,34309732,70883,2669527
1635290534.6754482,3687710,35257397,5395822,79920,3783953,34413823,228025496,3774373,34253048,71483,2456784
1635290534.775566,3698049,35083527,5485492,75377,3649042,34329441,228098449,3765565,34199671,70403,2674213
1635290534.8756843,3700964,35320626,5472368,80034,3719957,34184235,228090390,3672658,34272110,70732,2685647
1635290534.9758031,3642928,34979178,5470365,79113,3932038,34362691,228005633,3690099,34295170,72057,2541591
1635290535.0759227,3687552,35224183,5495872,76833,3472158,34280161,227995636,3762000,34275805,70458,2652665
1635290535.1760414,3686282,35104710,5431347,80444,3806539,34264753,228065990,3810713,34317752,70924,2513632
1635290535.2761595,3797818,34194405,227990432,3648860,34232574,70498,2703465,3633852,34584119,5373039,77793
1635290535.3762777,3626912,34228871,227986961,3800725,34273395,70655,2656205,3909521,35998882,5313180,72070
1635290535.4763954,3791508,34362038,228000957,3641035,34301704,70653,2671802,3770742,35187363,5448409,78632
1635290535.726721,3647187,35454728,5447784,77634,3802742,34315726,228078275,3657733,34153351,71589,2750818
1635290535.826842,3588731,34998643,5393794,64014,3762963,34187060,228075462,3813047,34219944,71714,2649611
1635290535.9269595,3648819,35360357,5467420,77043,3719677,34251740,228006754,3778747,34231247,74326,2724674
1635290536.0270855,3685426,35111689,5364524,70186,3744107,34135274,228084241,3739187,34251911,74890,2537225
1635290536.127211,3699061,35246245,5485146,77763,3814483,34492458,228160823,3646848,34191213,73223,2736824
1635290536.227331,3707509,35405568,5450808,77599,3810858,34309501,228102820,3796275,34303288,70908,2472747
1635290536.3274486,3607069,34858739,5476539,76392,3798608,34283567,227995329,3668067,34260114,72207,2677402
1635290536.4275677,3470960,33597305,228057424,3790444,34293327,70273,2684955,3614781,34587926,5429041,79961
1635290536.5276859,3798350,34313948,228009941,3750256,34166931,71610,2499797,3247373,35149931,5495834,78510
1635290536.6278045,3744488,34182574,227959951,3670075,34266834,70909,2681330,3666150,35224393,5485590,77553
1635290536.8280413,3683774,34933901,5403207,72073,3797988,34213042,228102117,3644472,34212328,72337,2623241
1635290536.928159,3734755,35125316,5476018,79316,3683323,34222134,228043910,3779695,34161333,70164,2665000
1635290537.0282774,3690481,35409228,5405093,64455,3786731,34327121,227930691,3783347,34246428,71298,2575743
1635290537.128396,3610681,34999812,5447214,78143,3627636,34155017,228183163,3674000,34289559,70293,2681500
1635290537.2285135,3670288,35463664,5459812,78423,3727222,34247150,228002649,3731625,34263531,71421,2678449
1635290537.3286319,3529876,34867151,5390900,71224,3859847,34210546,228100330,3770412,34166123,73325,2660458
1635290537.42875,3666971,35360913,5468466,77744,3628245,34195659,228050710,3688280,34293341,70551,2691092
1635290537.5288682,3795791,34193838,227987400,3788264,34335306,71319,2530357,3699029,35123470,5108005,80828
1635290537.628986,3800418,34247727,228060999,3644633,34248204,74265,2668804,3468477,34774249,5592588,78399
1635290537.7291038,3640719,34204462,227963409,3795003,34302109,74212,2720576,3751185,35430596,5366105,75346
1635290537.9293401,3763600,35222801,5501590,79410,3620365,34287063,228016439,3775936,34246950,73565,2674432
1635290538.0294585,3683397,35316966,5469083,77196,3779775,34313463,227999060,3705531,34283956,69976,2708363
1635290538.1295812,3574030,34852852,5386652,77364,3708592,34236464,228038726,3812722,34164010,72680,2562248
1635290538.2297266,3696147,35273249,5481859,77167,3805911,34182828,228060935,3613607,33998403,70701,2676619
1635290538.3298535,3646759,34741136,5391143,73852,3638141,34056730,228006225,3798899,34198778,71714,2431362
1635290538.4299734,3677152,35208893,5451849,76610,4310923,34208442,228134052,3638338,34296870,69780,2651865
1635290538.5300727,3696452,35175594,5365824,79869,3785517,34202934,228026029,3795848,34292552,70957,2439525
1635290538.6301916,3784681,34310322,228033201,3636877,34204970,69538,2678111,3696369,35102750,5202642,78714
1635290538.7303104,3627607,34242708,228065677,3798946,34259307,70709,2667117,3674072,35533042,5523367,78348
1635290538.8304298,3785240,34252905,228016004,3661206,34150979,71140,2582754,3489882,35004667,5474527,78595
1635290539.030668,3688605,35291703,5467792,78169,3779648,34342693,228078440,3779333,34338087,73227,2723001
1635290539.130788,3613687,34902766,5393639,64524,3785848,34179028,228185549,3656532,34313344,71843,2598504
1635290539.230908,3676281,35290077,5469765,77188,3691085,34187217,227940709,3790972,34292593,71482,2680257
1635290539.331027,3653914,35312784,5372611,70837,3801961,34222302,227941874,3573482,34212845,71465,2532506
1635290539.431146,3686289,35258632,5488752,77082,3720683,34324787,228037358,3743909,34213205,73585,2687781
1635290539.531265,3688007,35311528,5425895,79293,3305704,34064385,228023559,3797346,34287014,73175,2386227
1635290539.6313841,3608886,34883668,5483304,78704,3803741,34243259,228068720,3647939,34220132,75023,2714787
1635290539.7315025,3553135,34155656,228056320,3793235,34222109,70115,2688555,3595017,34883391,5479415,82588
1635290539.8316221,3779731,34289233,228020212,3758596,34184799,70681,2505952,3679500,35071320,5428038,79190
1635290539.9317417,3718335,34210931,228055614,3699091,34325089,70993,2664377,3390751,35091150,5473855,78392
1635290540.0318606,3755116,34278885,228098762,3781441,34363128,72283,4601796,3789129,35007117,5400172,72746
1635290540.1319795,3788483,34325028,228181040,3649821,34225466,70966,2349985,3637224,34948850,5472751,79916
1635290540.2320986,3680447,34229172,228056931,3805672,34216260,71690,2664419,3688203,35259939,5414522,64646
1635290540.3322291,3789858,34310083,228072701,3752666,34214221,70943,2594693,3598451,34940050,5456737,78116
1635290540.4324267,3635767,34202137,227945318,3556455,34095665,70909,2703853,3703976,35428269,5469797,79425
1635290540.5325472,3780216,34154214,227955492,3785234,34332388,71894,2668018,3513780,34709075,5388636,71218
1635290540.6326663,3332428,34211336,228081820,3808738,34204750,71144,2675746,3668804,35332627,5466159,77470
1635290540.7327852,3993082,34227315,228090912,3702118,34228536,70691,2687054,3675472,35127754,5389650,102594
1635290540.8329048,3549169,34149479,228075886,3782055,34293948,71373,2522961,3710034,35194522,5390077,66786
1635290540.9330237,3861848,34226972,227929546,3638599,34257703,70812,2704385,3672118,34991857,5421282,80122
1635290541.0331428,3634296,34270944,228097037,3799369,34302213,71643,2729020,4071049,35971541,5475558,75686
1635290541.133262,3801401,34312226,228104484,3627255,34257124,75925,3065461,3634328,35217282,5415919,79399
1635290541.2333813,3571865,34256929,228071814,3800941,34259385,76903,2343128,3644621,35162833,5460409,76658
1635290541.3335001,3790514,34297741,228094153,3777203,34206650,77521,2769548,3581930,35003307,5386846,77464
1635290541.433619,3701025,34251084,228055248,3769858,34255301,73582,2605803,3690963,35207632,5481508,77319
1635290541.5337374,3749402,34281423,227953714,3572065,34042714,71110,2684128,3667266,34926167,5347280,74010
1635290541.6338563,3799473,34169539,228046840,3745646,34296769,70776,2561030,3685005,35202589,5488478,77566
1635290541.7339754,4047157,34269964,228093444,3694750,34302931,70098,2761300,3694365,35305994,5387716,77923
1635290541.8340936,3770785,34213076,227956124,3786668,34317691,71728,2455484,3639522,35012231,5491390,81331
1635290541.9342115,3554749,34226672,228044395,3648254,34261123,70667,2675391,3703062,35396753,5379474,67984
1635290542.0343301,3733955,34273872,228044316,3800903,34301818,71701,2689983,3537200,34967559,5706544,79028
1635290542.134449,3742952,33584654,228063143,3709581,34195084,71730,2463172,3741197,35199054,5473888,77877
1635290542.2345686,3571532,34211106,228085268,3783858,34200099,70723,2563215,3561434,35038173,5434902,77900
1635290542.3346875,3766077,34339614,228073617,3788553,34187615,72394,2588579,3675510,34826460,5383609,77385
1635290542.4348109,3762511,34045049,228112463,3603036,34027335,71433,2651923,3672689,35226609,5470577,76953
1635290542.5349374,3757985,34244221,228038936,3803309,34246400,72045,2688555,3666388,35054834,5365338,70399
1635290542.6350586,3804509,34245986,228048369,3555896,34210672,71742,2461590,3640966,35381742,5479478,77102
1635290542.7351775,3594171,34231821,228046952,3796182,34183466,69741,2682437,3680215,35380043,5377577,77987
1635290542.8352962,3808504,34183358,227918362,3784514,34271596,70835,2365441,3614871,35113881,5484864,77609
1635290542.9354162,3499045,34150581,228121212,3654051,34233453,71888,2709633,3677165,35491837,5457511,79151
1635290543.0355346,3698924,34213841,228149242,3802217,34259067,73366,2642244,3608020,35108742,5479600,76473
1635290543.1356537,3774251,34313514,228229036,3740959,34295832,73653,2558813,3699252,35338585,5434637,77976
1635290543.235773,3687906,34270987,227959634,3743406,34300532,71432,2694494,3616683,35167432,5445114,76777
1635290543.3358912,3808447,34302551,227983242,3783440,34469327,70895,2701106,3608380,34862245,5286984,72942
1635290543.4360094,3802014,34190814,228010137,3637141,34344811,70038,2563494,3713248,35191425,5517159,78014
1635290543.5361292,3806091,34310291,228023795,3797714,34336543,71904,2661532,3700477,35351889,5362617,63271
1635290543.6362474,3797494,34347586,227997981,3645293,34289046,69979,2657621,3663659,35097671,5461718,76242
1635290543.7363653,3643607,34280231,228046253,3730540,34117257,72101,2525532,3704985,35461316,5425377,78295
1635290543.8364851,3787381,34405258,227978269,3789638,34110500,71006,2670863,3642295,35065700,5435930,78590
1635290543.9366028,3467984,34314808,228139348,3803214,34255779,71090,2666069,3662765,35316455,5455840,78043
1635290544.0367217,3835624,34205352,228041214,3684055,34243766,71269,2685233,3620156,35066793,5393911,78271
1635290544.13684,3663366,34256602,228143882,3784541,34283529,72894,2537738,3693158,35333275,5463635,74182
1635290544.2369587,3813919,34199029,228106542,3627344,34286939,71461,2677786,3637482,35410090,5362075,80344
1635290544.3370767,3700577,34312691,228041683,3785343,34369967,72497,2690375,3645850,35904329,5378449,77768
1635290544.4371943,3796679,34223585,228048726,3642288,34182190,68510,2709593,3571307,34614101,5333950,78032
1635290544.5373194,3807638,34201730,228085203,3806351,34247457,70615,2539309,3598290,35087779,5396079,83513
1635290544.6374521,3800037,34272964,227943992,3637110,34176785,73454,2699065,3603282,35226640,5493241,76651
1635290544.7375746,3624226,34221069,228049431,3799587,34258398,72743,2570828,3674565,35383442,5472701,80045
1635290544.837695,3783965,34338419,227915809,3673807,34231556,75714,2777887,3487194,34797094,5521151,73673
1635290544.937814,3580465,34318114,228033763,3833383,34176904,73516,2478253,3685351,35262655,5452432,76149
1635290545.0379336,3792029,34339671,228147998,3768181,34306316,70113,2676151,3628105,34948488,5395121,63371
1635290545.138053,3585730,34067977,228089115,3726043,34366066,72115,2529650,3685935,35292581,5468330,76175
1635290545.238172,3834010,34282990,228031213,3632399,34302736,70416,2671176,3699287,35293127,5283981,71342
1635290545.3382914,3787911,34234710,227986406,3795442,34235907,70679,2596239,3698887,35348707,5487297,76130
1635290545.4384096,3762154,34322799,227982870,3648503,34244809,71007,2662705,3704535,35514719,5458954,77882
1635290545.5385263,3693301,34315264,228057054,3799056,34292591,70111,2409217,3605425,34748324,5406880,77352
1635290545.6386447,3775091,34325493,228102094,3629862,34242113,70871,2706144,3655772,35229016,5447957,78958
1635290545.7387633,3557894,34305558,228038559,3783107,34259488,70577,2655137,3643948,35308429,5450876,79616
1635290545.8388817,3790445,34360571,228099279,3734744,34302753,69895,2520884,3553091,34934916,5462821,78411
1635290545.9390004,3714736,34214780,227979027,3716689,34230628,73419,2676134,3671547,35417544,5447201,76879
1635290546.0391183,3771341,34214398,228045666,3777724,34263365,71511,2671913,3680001,35123682,5361432,71122
1635290546.1392362,3798151,34234010,227897683,3786707,34248597,71432,2573608,3695893,35399313,5449733,78155
1635290546.2393546,3705661,34263472,228048024,3564257,34180971,70783,2712679,3664387,35591211,5386483,63016
1635290546.3394732,3736050,34160800,227995645,3827211,34274602,73636,2593649,3585057,35026341,5442672,77335
1635290546.4395907,3786145,34234697,227989678,3633361,34250842,73724,2713619,3680141,35358943,5449095,76245
1635290546.5397098,3713499,34267721,228097191,3791668,34315440,74186,2759921,3486432,34730730,5392473,78478
1635290546.6398275,3652151,34349913,228054166,3734898,34194411,75410,2699095,3672893,35055168,5367101,67572
1635290546.7399611,3482381,34214238,228101390,3721688,34213638,70649,2668337,3621531,35147081,5416141,84801
1635290546.8400831,3798294,34161732,228098870,3795916,34295873,71747,2601748,3784172,35347800,5407199,80426
1635290546.940203,3793180,34181614,228073320,3632358,34258006,69808,2476812,3606024,34971512,5467349,76482
1635290547.0403223,3674808,34397501,228070244,3782712,34189812,72010,2748352,3689473,35203787,5280312,73692
1635290547.140442,3773896,34208709,228075831,3705361,34200145,71376,3031972,3779768,35224693,5517203,78554
1635290547.2405603,3645734,34222831,227866313,3777701,34149453,70764,2666691,3676856,35261165,5463915,76428
1635290547.340679,3778128,34255679,228081235,3553770,34144140,70712,2637213,3563667,34863748,5408314,79364
1635290547.4407973,3688669,34129377,228000980,3786856,34307067,71424,2607835,3703610,35273688,5466249,78633
1635290547.5409164,3827245,34263994,227892620,3741650,34290179,71982,2718934,3666024,34912454,5374265,75557
1635290547.6410363,3743563,34177489,228056010,3789666,34355576,72358,2541880,3690774,35391332,5476961,77685
1635290547.7411556,3731098,34197967,228074012,3643308,34278281,69986,2677555,3674940,35170842,5351838,67097
1635290547.8412743,3798103,34255961,228153736,3806232,34323997,71501,2511954,3613077,35370310,5443698,105423
1635290547.9413931,3806079,34296570,228063193,3641776,34245853,70625,2735301,3666101,35331037,5445613,77534
1635290548.041512,3635276,34328751,228085346,3793870,34285959,70416,2639460,3646380,35238350,5481797,78888
1635290548.1416311,3779671,34324694,228071669,3796385,34249973,79815,2360341,3551675,34698103,5456537,72853
1635290548.2417505,3716015,34232372,228151689,3704392,34216322,76820,2627083,3704953,35155616,5467590,77361
1635290548.3418696,3784230,34221812,228012500,3762225,34306361,73682,2710644,3691323,35154340,5389292,79055
1635290548.4419885,3801905,34214170,228125481,3602677,34261363,72085,2468844,3708000,35129303,5474196,75975
1635290548.5421078,3659559,34320200,228094258,3717335,34334971,70027,2681132,3680033,35265357,5405912,72687
1635290548.6422267,3793620,34191606,227874290,3793152,34316922,71067,2709300,3675075,35027796,5471258,78417
1635290548.7423456,3791023,34248404,227907301,3658976,34231141,71275,2602589,3700429,35422724,5491083,78319
1635290548.842476,3383097,34251440,228139143,3797425,34216333,71109,2695721,3635467,34983769,5323914,64628
1635290549.0427196,3718305,34187204,228096030,3664959,34407184,70799,2703318,3658794,35188844,5476115,76615
1635290549.1428387,3642556,34374513,228037692,3776120,34259890,70938,2631727,3690138,35318592,5307388,72099
1635290549.2429583,3793601,34256684,228087818,3624997,34262944,71199,2679974,3719093,35174536,5444504,77653
1635290549.4431956,3687402,35350477,5453119,78005,3795266,34307346,228097650,3753480,34240209,71127,2563239
1635290549.5433145,3581635,34959272,5395120,70616,3611788,34219609,227919775,3814754,34145653,72521,2685457
1635290549.6434336,3675009,35499812,5464337,78719,3796157,34202552,228059371,3596273,34188189,70028,2708412
1635290549.7435515,3656512,35123292,5380836,71487,3721335,34119465,228014834,3852751,34225642,71366,2456033
1635290549.8436704,3676029,35332076,5485219,75147,3635030,34102658,228158018,3640504,34194828,73673,2674408
1635290549.9437897,3681876,35204851,5365306,78295,3774829,34249629,228050571,3790677,34262240,72965,2427123
1635290550.043908,3659473,34946815,5421069,76179,3779071,34299845,228064899,3631096,34338759,73693,2694845
1635290550.144027,3563189,34181692,228072103,3782193,34355554,69589,2665053,3627630,35180409,5506167,81136
1635290550.244146,3792951,34190967,227919509,3694147,34222986,72128,2574121,3420977,34846633,5492496,79159
1635290550.3442652,3656078,34178017,228004499,3768719,34232159,71423,2689055,3683866,35271595,5479939,77524
1635290550.5445032,3596991,34695847,5394613,70819,3791621,34176546,228070612,3697263,34251478,72486,2678559
1635290550.644622,3689973,35276150,5489638,77212,3769356,34340138,228011256,3697985,34090837,70701,2694397
1635290550.7447402,3676512,35211222,5370121,70640,3779639,34275135,227982671,3637904,34208068,71700,2519556
1635290550.844859,3669327,35052370,5459223,77353,3663706,34191354,228072923,3720714,34197575,70550,2681328
1635290550.9449863,3666993,35187717,5392851,74921,3649189,34114650,228060460,3779375,34251020,70220,2707905
1635290551.045114,3715506,34916799,5461004,78051,3796336,34263119,228082197,3628338,34340229,71035,2665615
1635290551.1452346,3681266,35306987,5341725,78668,3482697,34213439,228176412,3799267,34249387,70785,2674256
1635290551.2453537,3797557,34234394,228046293,3796663,34123080,71922,2544551,3690547,35407729,5415635,79753
1635290551.345473,3732938,34180501,228095351,3693249,34175501,71625,2692681,3410435,35045335,5463121,79288
1635290551.445592,3737062,34207256,228008584,3798981,34233676,72043,2640321,3691262,35051455,5351160,74227
1635290551.6458287,3678644,35302455,5455543,76949,3774924,34239454,228020955,3795848,34171486,77353,2724473
1635290551.745948,3685289,35202087,5384928,78859,3794699,34209058,227989341,3629521,34125686,73983,2475040
1635290551.846067,3617939,34874390,5497409,76441,3640193,34118409,227952829,3696620,34186158,71979,2667874
1635290551.946185,3686838,35187230,5457531,80474,3798272,34168046,227916390,3768772,34293955,70534,2685419
1635290552.0463033,3548713,34770019,5481045,75976,3765175,34133087,228089915,3706840,34250534,71492,2428267
1635290552.1464217,3703151,35323937,5479806,76083,3597106,34173804,228323226,3708690,34221473,70026,2737746
1635290552.2465408,3698281,35092146,5398015,79867,3798116,34165671,228030637,3793090,34150212,70941,2512646
1635290552.34666,3772950,34259202,228059836,3647411,34233810,70504,2686889,3689981,35138775,5440793,77996
1635290552.4467783,3618126,34309069,228038243,3786910,34212860,70977,2606597,4172804,36074331,5304026,72092
1635290552.5468965,3791701,34319595,228035947,3622676,34152324,70032,2667015,3534731,34689833,5446945,79300
1635290552.7471328,3686982,35205898,5469469,78249,3796522,34215359,228039111,3647746,34168097,70764,2397557
1635290552.8472517,3591527,34837236,5456307,78234,3563496,34164846,228007026,3714198,34007130,71945,2653980
1635290552.947371,3690314,35346538,5464171,79688,3786697,34178760,227816272,3788118,34130925,70603,2672075
1635290553.0474901,3590507,35134938,5471167,78821,3722943,34128474,228083469,3818705,34162377,71237,2499338
1635290553.1476202,3650966,35461254,5491982,78309,3878329,34225694,228155960,3680918,34182290,70262,2641717
1635290553.2477415,3668112,34967048,5397990,71394,3333837,34135107,228035556,3791465,34221491,70588,2667976
1635290553.3478594,3681299,35193949,5447957,77606,3761451,34173416,228028448,3636419,34155344,73450,2721122
1635290553.4479785,3736686,34203315,227981376,3766219,34306445,74279,2539634,3631494,35003741,5406558,64577
1635290553.5480974,3797168,34235635,228001075,3634716,34245001,73967,2678370,3425957,34365807,5375087,78428
1635290553.6482155,3643005,34214744,228025683,3793151,34333234,71139,2709047,4013673,35254565,5447050,78925
1635290553.8484516,3571205,34813438,5439928,76414,3491289,34217912,228023018,3747602,34294142,72891,2700153
1635290553.9485695,3692124,35361348,5474902,76686,3790006,34298227,228035026,3674913,34117019,71935,2702724
1635290554.0486872,3687785,35072177,5405734,78394,3777270,34367368,228082051,3782937,34178826,71888,2523509
1635290554.1488068,3715823,35255739,5495070,76960,3637958,34372230,228101741,3765338,34168199,70939,2681418
1635290554.2489252,3683677,35297541,5383947,73991,3863552,34119737,227996219,3746404,34298477,71927,2697459
1635290554.349043,3750200,35043191,5510447,78499,3327076,34176822,228041900,3620284,34251022,71142,2681238
1635290554.449161,3691679,35221576,5463912,76622,3596616,34166549,227979617,3791775,34305635,71712,2648110
1635290554.5492783,3804604,34245777,227905187,3713706,34182066,71878,2604168,3700394,35517204,5448623,81075
1635290554.6493957,3659102,34189921,228046615,3794375,34200909,70756,2725213,3527649,34593813,5434597,80274
1635290554.7495136,3797891,34225722,227971969,3800742,34169736,71117,2464547,4901390,34930930,5402796,74975
1635290554.9497504,3665301,35347254,5468147,78612,3761004,34217607,228106178,3791304,34271586,71710,2723409
1635290555.0498683,3666512,35235177,5351957,80688,3785743,34238491,228038851,3620156,34076095,72372,2450168
1635290555.1500037,3651811,35187321,5475911,76813,3637445,34193512,228146981,3756430,34193967,74050,2694202
1635290555.2501338,3678043,35260618,5465650,79217,3795241,34213621,227887696,3766162,34072125,73239,2667784
1635290555.3502576,3687471,34920080,5465699,77363,3632703,34223959,228132600,3743446,34271393,74058,2624291
1635290555.4503787,3697172,35337252,5483555,77155,3309912,34155905,228048250,3708413,34261058,70908,2666333
1635290555.5504987,3606930,34977689,5385094,63220,3770775,34100271,227976857,3791609,34163223,71920,2630047
1635290555.6506178,3690505,35301171,5492671,77502,3841380,34139848,228084379,3696553,34225674,70698,2680658
1635290555.7507374,3674922,35119633,5419512,74253,3647170,34264569,228006459,3803835,34186490,71916,2470140
1635290555.8508568,3693383,34973515,5146837,76741,3776068,34267134,227957199,3625740,34227934,70045,2689454
1635290555.9509752,3486545,34948327,5497013,76210,3615906,34261009,228023576,3780494,34314691,71275,2542180
1635290556.0510952,3722419,35234853,5402222,80388,3801295,34267440,228092167,3628816,34297886,70764,2638095
1635290556.1512144,3613657,34924989,5504127,80665,3561206,34187693,228024753,3789975,34186723,73994,2486710
1635290556.2513337,3693654,35203179,5448739,80877,3793621,34218339,228001709,3709569,34096720,69314,2736613
1635290556.3514519,3565122,34917892,5474917,79279,3690459,34159996,227892883,3881865,34083179,72664,2515213
1635290556.4515703,3701943,35479620,5470412,77468,3750748,34256492,228118284,3641229,34089830,70993,2682270
1635290556.5516891,3692410,35071504,5392945,72416,3321114,34068263,228066576,3816647,34198913,71526,2683077
1635290556.651809,3674098,35256618,5455297,77847,4174065,34192253,228062534,3636336,34233276,70043,2692661
1635290556.7519279,3669072,35368844,5373541,63286,3783592,34210441,228037754,3785213,34240290,70828,2542529
1635290556.8520463,3546588,34589176,5516470,77697,3712909,34193750,228052710,3620973,34236326,71727,2722053
1635290556.9521646,3668820,34866876,5232253,72502,3629731,34144601,227981053,3782891,34391020,73226,2761535
1635290557.052283,3788387,35777144,5516820,76388,3782311,34309232,228014476,3680656,34254491,74663,2864608
1635290557.1524029,3697710,35462104,5440300,78146,3400167,34229462,228113396,3806310,34266234,69958,2575056
1635290557.2525218,3646819,35205410,5484874,77234,3793790,34222925,227956978,3775547,34100017,71010,2514275
1635290557.3526459,3626141,34949597,5399919,79382,3733419,34216357,228078125,3713366,34212262,70045,2625037
1635290557.4527702,3669020,35231579,5479400,77854,3712435,34269892,227924793,3780642,34255009,70039,2693500
1635290557.5528893,3674484,35032622,5354275,74630,3778766,34216240,228055104,3557601,34240974,70928,2667206
1635290557.6530073,3695577,35197046,5470745,77588,3834877,34342801,228074306,3742507,34243967,70407,2682331
1635290557.7531261,3691198,35207280,5399315,78939,3780460,34369358,228018755,3789925,34397654,71383,2507329
1635290557.8532448,3613056,34939596,5507400,78617,3788263,34302674,228110432,3631654,34259869,70883,2672954
1635290557.953363,3702529,35216466,5472695,78450,3560063,34179210,228049512,3792459,34170029,69931,2668749
1635290558.0534809,3485218,34709253,5555774,71082,3785110,34167819,228176140,3760171,34151710,72088,2328615
1635290558.1536021,3706749,35213095,5452797,78967,3690222,34186650,228115735,3707564,34209891,70733,2660497
1635290558.2537203,3667543,35376812,5461130,77047,3783091,34214183,228116636,3797121,34232096,71275,2525670
1635290558.353839,3799569,35458460,5386281,79914,3771389,34314536,228014676,3633247,34232537,71200,2518186
1635290558.4539568,3626952,35091349,5452405,76668,3641999,34203480,227977364,3777222,34261827,70523,2687246
1635290558.5540752,3666067,35302477,5353475,72113,3792455,34265383,228015488,3747613,34331141,71005,2686842
1635290558.6541936,3752666,35141964,5470466,78361,3689433,34173041,227895300,3554097,34173481,73434,2684139
1635290558.754312,3691553,35280439,5469162,76649,3788343,34114220,228038507,3791013,34363749,72982,2657233
1635290558.85443,3575199,34897513,5403870,64021,3675808,34180038,227960280,3806965,34209082,74282,2664987
1635290558.9545481,3696791,35322266,5474780,78462,3817078,34232046,228057281,3727633,34285223,70920,2683166
1635290559.0546663,3696114,35041649,5372848,72626,3557206,34240734,228084344,3773581,34313218,71363,2486635
1635290559.1547847,3671347,35169066,5401527,72187,3835338,34322232,228113506,3634920,34265649,70550,2681041
1635290559.2549016,3688374,34929625,5473221,78347,3656051,34221168,228399920,3781361,34317312,71695,2393322
1635290559.35502,3643923,35282231,5556656,80956,3767515,34213530,228087163,3627070,34228097,70619,2756224
1635290559.4551437,3630823,35098905,5419662,79004,3534093,34118783,228056304,3788063,34222660,72400,2534699
1635290559.5552688,3643940,35094614,5439167,80429,3785801,34254473,228041877,3734741,34139833,69011,2734374
1635290559.6553886,3563018,34957073,5526654,79061,3678042,34185413,228064583,3812903,34210937,71902,2543782
1635290559.8056972,3678579,35331140,5459412,77073,3770879,34233405,227881973,3556044,34028431,70380,2682434
1635290559.9058163,3684298,35010718,5388438,70841,3795810,34103205,227992133,3781961,34268560,71476,2678216
1635290560.0059342,3712644,35268571,5473494,78110,3837624,34333650,227960041,3723927,34236851,69454,2707943
1635290560.1060534,3679826,35297638,5357429,61622,3782222,34295713,228044897,3782685,34174814,70817,2555294
1635290560.206172,3613321,34993175,5452904,78982,3552097,34280836,228085885,3623796,34215675,70431,2665911
1635290560.30629,3669832,35261560,5368657,73159,3740120,34186731,227998935,3778702,34296880,73596,2669336
1635290560.4064083,3475221,34590774,5456944,77676,3788395,34201060,228012177,3770024,34192590,73892,2639037
1635290560.506526,3708379,35223710,5471315,75747,3631483,34149464,228088811,3691667,34254370,73652,2750910
1635290560.606644,3689071,35286028,5446922,76330,3788899,34172002,228054924,3795566,34295304,72205,2448592
1635290560.7067614,3659502,34962106,5401108,78142,3782252,34177757,228029824,3634110,34205626,69349,2670310
1635290560.8068793,3713934,35189146,5469080,76294,3628783,34274184,228060827,3811550,34334909,70747,2623931
1635290560.9069972,3695078,35195979,5390262,73529,3784470,34440100,228005365,3697446,34208049,70504,2683421
1635290561.0071154,3690358,34877015,5479952,79743,3398896,34297162,228068519,3632927,34208482,70337,2702966
1635290561.107234,3689976,35175982,5478409,77301,3787681,34298837,228041921,3768527,34351069,70143,2675232
1635290561.2073526,3656322,34876950,5404872,79647,3788059,34309774,228077164,3784230,34306568,71290,2520625
1635290561.307471,3693863,35188918,5497879,76565,3705396,34181659,227984883,3638567,34232515,69169,2669008
1635290561.407589,3690754,35172147,5299542,78291,3677141,34298134,228089469,3793608,34254217,70893,2711969
1635290561.5077074,3721447,35349206,5467894,70744,3819908,34250456,228105528,3551522,31539899,76153,2653481
1635290561.607816,3715435,35107170,5458048,78335,3784244,34170162,228135016,3233373,29862989,70808,2689778
1635290561.707937,3633102,34982749,5334491,85842,3589799,34258809,228061409,3790430,34261644,69854,2620587
1635290561.808057,3668792,35257864,5442036,78241,3785828,34304732,227994201,3652347,34217096,70821,2687391
1635290561.9081762,3604559,35022803,5460147,78823,3634780,34164666,228047089,3792671,34262958,73427,2311680
1635290562.0082939,3663105,35390404,5491943,78616,3794263,34232703,228116556,3733074,34139434,70007,2838373
1635290562.1084125,3544257,34745102,5387519,71185,3708438,34123865,228065502,3818691,34439750,72279,2746498
1635290562.2085314,3672516,35294787,5488161,77494,3792720,34162318,228259926,3572267,34147220,73358,2725026
1635290562.308649,3713054,35232891,5406380,76809,3710383,34243292,228022740,3832808,34202096,74144,2545842
1635290562.408767,3716867,35210194,5483978,76289,3774671,34351534,228057973,3635438,34193550,73635,2710174
1635290562.5088844,3680969,35296957,5361727,75939,3774988,34158368,228091671,3790137,34197470,70300,2674639
1635290562.6090028,3783137,35098843,5584491,76956,3614761,34271843,228084171,3627298,34194478,68909,2659859
1635290562.709121,3705948,34888307,5363451,65639,3762496,34600044,230217816,3806657,34603657,71382,2617345
1635290562.8092387,3660733,35435973,5555889,93107,3732007,33728875,227956619,3609367,34207636,70139,2718555
1635290562.9093573,3680013,35308733,5430035,74988,3633537,34162808,228032090,3779711,34164826,70361,2480640
1635290563.0094755,3638995,35089540,5496827,76292,3784404,34162265,227737915,3712434,34086120,70051,2775621
1635290563.1095934,3486269,34767734,5536800,72523,3736415,34038358,228101102,3696661,34266214,69812,2233355
1635290563.2097116,3682796,35414383,5494049,72838,3797377,34188299,228098276,3778966,34190338,71044,2682131
1635290563.3098292,3663276,35204560,5399904,76816,3768444,34232983,228074340,3559050,34136071,71824,2448537
1635290563.4099472,3697648,35070746,5489270,72771,3648158,34233884,228085353,3756323,34108754,70787,2663190
1635290563.5100799,3666521,35283164,5349713,68588,3779716,34275096,228061343,3782234,34216091,70331,2629770
1635290563.6101985,3741139,35293221,5468986,74883,3696981,34185514,228016391,3626608,34168728,68606,2655950
1635290563.7103229,3603289,35162414,5417644,75966,3898452,34286499,228078236,3795269,34181703,69881,2477803
1635290563.8104482,3542201,34837688,5459502,76935,3808458,34134069,228087972,3633280,34061452,71152,2677435
1635290563.9105692,3657259,35360278,5483413,65664,3561438,34089059,228020210,3801238,34133086,72765,2657265
1635290564.010688,3610676,35351314,5504078,78867,3785719,33996951,227646774,3667908,33990315,72930,2596256
1635290564.110807,3390476,34811252,5535234,75649,3625526,33998184,228079832,3768418,34077111,76362,2699143
1635290564.3110454,3492428,34650645,5387617,69411,3368100,34000326,228114702,3728905,34004256,70227,2687174
1635290564.411164,3644194,35165114,5473249,73496,3789671,34041281,228039312,3764453,34059774,70123,2650107
1635290564.5112827,3523893,34741688,5389012,74693,3626161,33947453,228149417,3820893,34116283,70194,2611098
1635290564.6114008,3651685,35117631,5498425,78006,3723197,33947701,228105106,3652077,34068320,69641,2652414
1635290564.7115195,3536342,34694303,5473571,75025,3880629,34172658,228028624,3636724,33965392,70287,2622095
1635290564.8116374,3664184,35280478,5482124,75573,3650228,34082806,228054471,3780564,34057395,70122,2453424
1635290564.911757,3550819,34745661,5468330,75085,3766920,34064671,227791564,3615776,33914152,69732,2639226
1635290565.0118759,3534254,34054231,228096878,3767140,33962892,70654,2528164,3594056,35117787,5519056,77836
1635290565.1119952,3773717,34123729,228046673,3609099,33850356,70481,2636458,3511342,34597352,5445013,75463
1635290565.2121177,3622494,34014557,228082203,3778126,34077890,70397,2623282,3650877,35049028,5427505,72499
1635290565.4123557,3730558,34899283,5493587,75752,3792395,33976962,227981945,3683657,33958602,70583,2633671
1635290565.5124738,3659014,35207815,5397261,77061,3782855,33995437,227888812,3769779,34050135,70656,2432607
1635290565.6125925,3590807,34983959,5513881,74658,3620397,34068664,228033011,3771119,34011174,68778,2669578
1635290565.7127104,3641454,35302907,5351447,71508,3647870,33850524,228039577,3712540,34048841,71178,2597883
1635290565.812829,3618423,35155872,5459164,74837,3671937,34080729,228110821,3621056,33889024,69842,2655398
1635290565.9129565,3645596,35061294,5360312,77390,3770431,34044436,227991611,3772551,34072988,69992,2526889
1635290566.0130763,3617365,34927455,5457864,76023,3910683,35186956,235467192,3735614,35154854,202432,4904364
1635290566.1131954,3778750,34113663,228024627,3667654,34042237,73754,2657062,3691306,35131882,5401470,77339
1635290566.2133145,3631752,34069055,228154849,3791527,34137750,73136,2706546,3495569,35019237,5481443,78175
1635290566.3134334,3780394,34081683,227996216,3653404,34060968,74010,2610822,3535632,34763950,5486585,74779
1635290566.5136707,3659431,35246146,5481363,74687,3767135,34107122,228043221,3625640,34039568,70203,2469067
1635290566.6137884,3564335,34707839,5476591,75802,3556809,34059293,228025319,3750032,34094366,69693,2670057
1635290566.7139072,3658956,35044510,5485688,77985,3778090,34101073,228024908,3752633,34073274,70172,2551430
1635290566.8140259,3568727,34661985,5486074,74132,3626837,33904139,227902722,3521372,33968820,70567,2632098
1635290566.9141445,3664450,35054128,5410456,72054,3762395,33959081,227702710,3775278,34115578,70647,2655587
1635290567.0142627,3728948,34918020,5501816,75770,3795585,34142210,228340377,3634430,34020814,69878,2654421
1635290567.1143808,3670337,35361419,5418970,76183,3807940,34187263,228314916,3792707,34098215,70637,2525553
1635290567.2145004,3781956,34113344,228176058,3627969,34005125,69084,2674531,3659475,35064473,5474927,74958
1635290567.314621,3618279,34088583,228244744,3791570,34123862,69401,2668282,4572149,35825310,5471334,71462
1635290567.41474,3752914,34000843,228116484,3616154,33908480,69359,2634768,3460919,34688019,5443837,75560
1635290567.614978,3645405,35255716,5401665,78480,3783138,33927482,228275414,3620608,33978519,69233,2361893
1635290567.7150984,3601328,34975159,5435015,76352,3791561,33953041,228215536,3709866,33823782,70344,2697416
1635290567.8152173,3638139,35177530,5338299,65488,3779040,33851834,228100214,3779099,34087885,71396,2517846
1635290567.9153373,3651245,35153856,5471618,75869,3724869,33887556,228230248,3538846,33858902,70191,2697338
1635290568.0154698,3643941,34991864,5344646,73074,3596670,34259083,227876577,3858680,33872318,70855,2432839
1635290568.1155922,3624274,35124107,5452666,73842,3881409,34038553,228290707,3682561,33981229,72647,2687089
1635290568.2157133,3605101,34869900,5366238,76272,3749146,34048980,228057306,3760762,33869964,74063,2649973
1635290568.315833,3583846,33907034,228135959,3728638,34103921,73980,2668112,3555307,34877407,5656056,77342
1635290568.4159532,3728304,33924167,227071420,3515617,34248140,66804,2623714,3637102,34854273,5343237,87206
1635290568.516073,3722113,34157326,226521954,3730597,34045471,59637,2618574,3587479,35108973,5401212,109527
