1635288782.5185356,3758253,34659116,228180291,3590119,35183443,65685,2576022,3535702,35131918,5338806,54158
1635288784.8717766,3692046,34807444,228089308,3622149,34855323,65092,2448994,3544526,35152914,5392429,68338
1635288785.0720158,3624263,34930370,227980011,3590943,34978349,66957,2540054,3505399,35366754,5274195,38937
1635288785.172135,3653757,34638194,228016374,3644421,34664127,64859,2510945,3714821,35274257,5364958,55127
1635288785.272254,3648655,34701252,228025995,3582165,35186386,66535,2603808,3386221,35514047,5381288,51826
1635288785.4724922,3550936,35421094,5318648,62373,3470099,34840299,228015832,3703633,34915360,65861,2374623
1635288785.5726113,3577810,35342298,5424685,67111,3566316,34776699,227921477,3578851,34798392,66408,2507575
1635288785.67273,3611302,35293186,5370559,67504,3669663,34523310,227953795,3581909,34673383,64785,2575761
1635288785.772848,3638833,35285344,5386049,63570,3703048,34789470,227987157,3711975,34736565,64558,2488893
1635288785.8729663,3474944,35303713,5441165,58628,3676439,34764493,228138898,3663065,34737071,65563,2629454
1635288785.9730854,3484732,35163721,5379026,53131,3735466,34977185,228043412,3640088,34694035,64494,2689680
1635288786.0732043,3617997,35308206,5298581,48810,3695159,34936085,228125186,3681401,34770388,65398,2545040
1635288786.1733232,3592837,34669229,227967233,3667872,34699961,66205,2563494,3595360,35044423,5369321,69336
1635288786.273442,3648624,34667949,227984476,3628365,34878673,66715,2639707,3674679,35333217,5346536,54381
1635288786.3735611,3661529,34698376,228053813,3658617,34690187,67484,2574115,3572203,35397878,5389756,59880
1635288786.573799,3586865,35181827,5389271,55076,3747595,34386305,228050908,3561326,34771156,66456,2368922
1635288786.6739173,3587474,35302640,5353164,70304,3590180,34599087,228048279,3715775,34534400,70311,2696306
1635288786.7740362,3520563,35200770,5350641,69630,3654027,34562437,228059896,3736835,34532407,68318,2562779
1635288786.874155,3674362,35260037,5333325,54936,3659355,34593619,228023032,3595822,34522585,69030,2681637
1635288786.9742734,3640129,35269282,5359131,62180,3694933,34523447,228062234,3621028,34529681,65083,2602857
1635288787.0743933,3604942,35048625,5356104,57497,3442460,34507691,228006634,3653976,34469274,65678,2563200
1635288787.1745114,3571675,35310303,5329085,63038,3780916,34497453,228051233,3640778,34533415,65033,2482472
1635288787.2746294,3696574,34579511,228017831,3657462,34417673,66839,2563974,3566087,35355357,5477931,65320
1635288787.374749,3645100,34568416,227997600,3674290,34518969,65950,2634890,4250774,34896750,5362628,66072
1635288787.4748678,3650701,34612753,227990335,3651930,34501975,65323,2713882,3636253,35236604,5389671,62576
1635288787.6751049,3626930,35266435,5343995,61618,3444811,34521283,228014310,3712642,34428826,67122,2660364
1635288787.7752233,3609079,35081775,5361459,59707,3588155,34508868,228126448,3766571,34479955,66892,2696822
1635288787.8753414,3528684,35155398,5357004,72435,3634845,34451732,227976180,3585047,34502079,67495,2651275
1635288787.9754658,3566898,35237827,5409784,71123,3654898,34441225,227991472,3583711,34472453,66463,2705105
1635288788.0755868,3703766,35243711,5372413,70189,3687362,34425293,228126304,3651206,34428840,65537,2657425
1635288788.1757066,3737672,35326121,5446187,70999,3822375,34589956,228128223,3641562,34328124,65984,2371691
1635288788.2758274,3582963,35148492,5431458,70355,3788226,34461149,227995443,3638977,34310915,65547,2548663
1635288788.3759465,3575754,34455266,227968082,3739421,34311601,68279,2605181,3609614,35294236,5532539,70553
1635288788.4760656,3734553,34346240,227993206,3684559,34431801,66810,2500961,3517648,34528105,5384891,71325
1635288788.5761838,3708043,34380319,228002216,3654397,34372008,66525,2671662,3708192,35537165,5345477,66608
1635288788.7764401,3683177,35507411,5438282,72454,3425353,34393948,228147716,3766078,34283404,68214,2676607
1635288788.8765602,3554576,35055195,5369612,54097,3786701,34383260,228052431,3692954,34301644,67054,2575795
1635288788.9766803,3652051,35245843,5359199,72991,3646150,34282592,228022585,3576469,34237181,65872,2538104
1635288789.0767994,3595743,35127362,5414712,73635,3742369,34220684,228007978,3713629,34315486,67842,2594983
1635288789.1769185,3556890,35011515,5393453,68326,3608731,34141039,228031830,3693789,34315072,66300,2614330
1635288789.2770374,3609784,35593792,5309391,73378,3585453,34237104,228083903,3647004,34266684,65997,2562023
1635288789.3771563,3563181,35290791,5414099,62738,3532500,34475785,228066633,3710554,34305346,68614,2539818
1635288789.4772754,3726232,34314819,227990601,3626832,34416191,71133,2689038,3550974,35180690,5437952,55743
1635288789.5773942,3760749,34276274,228041292,3676610,34458158,70928,2642522,3729014,35718110,5384940,74891
1635288789.6775126,3644669,34271908,227997924,3741008,34281659,71755,2476425,3520882,35270387,5451471,74703
1635288789.877753,3653566,35145276,5408852,63878,3743684,34415170,228137749,3660958,34531457,68212,2614341
1635288789.9778717,3565327,35107861,5417404,56620,3586014,34336822,227985700,3768697,34283669,68516,2516550
1635288790.077991,3617270,35085168,5451828,74111,3648130,34402205,227964855,3755607,34313805,69727,2522371
1635288790.1781096,3656454,35464724,5310634,66044,3773887,34295358,228062792,3589291,34388346,68330,2646216
1635288790.2782283,3681879,35289805,5371279,69811,3788899,34493460,228083289,3687956,34324077,66607,2694905
1635288790.3783476,3445213,34944413,5415037,59743,3664589,34210966,228059210,3653605,34375618,66713,2587463
1635288790.4784667,3580726,35038539,5438539,74731,3630643,34305919,228092019,3697350,34373500,67717,2455121
1635288790.5785856,3573269,34359055,228106208,3800072,34342219,68297,2548663,3712245,35449582,5460190,75462
1635288790.6787035,3669208,34344503,228070874,3792019,34243862,68365,2509068,3681090,35333451,5438120,75416
1635288790.778823,3647310,34305932,228258012,3776714,34243699,69156,2338239,3458600,35496453,5425353,71321
1635288790.8789508,3621690,34317692,228137298,3736903,34251836,69227,2314703,3646408,35363388,5399364,75404
1635288790.979071,3781351,34297643,227972324,3722124,34271459,69839,2681675,3657797,35433202,5375942,72974
1635288791.079191,3757832,34351575,227967822,3738630,34354627,69960,2691551,3662868,35381389,5360724,58491
1635288791.17931,3651573,34325956,228013934,3760254,34255832,68464,2529938,3647412,35392364,5337260,68766
1635288791.2794287,3642416,34454677,227817013,3750905,34191991,69658,2565700,3665063,35503404,5402043,67133
1635288791.3795478,3583580,34270389,228067152,4002634,34254030,69133,2650800,3642096,35429600,5462223,77041
1635288791.4796665,3377036,34209697,228142565,3687684,34214298,68600,2391657,3599441,35063405,5522545,80248
1635288791.5797846,3627537,34330056,228068282,3704917,34243233,68135,2594120,3583793,34978539,4070094,58408
1635288791.6799026,3891606,34191642,228156082,3641462,34328181,69202,2697966,3540176,35000815,5550893,97332
1635288791.7800126,3774695,34296034,227986921,3658180,34251873,68221,2683227,3551329,35078425,5543567,71148
1635288791.8801317,3801775,34228305,228035668,3666598,34233404,67213,2637354,3514815,34396128,5372629,76033
1635288791.9802504,3688792,34196438,228057427,3728769,34234456,69757,2785030,3735179,35535593,5428866,72507
1635288792.0803695,3786238,34148116,228079299,3793458,34148128,69102,2667948,3678756,35250591,5399636,77504
1635288792.1804879,3577335,34316935,227983891,3794418,34214346,71351,2489514,3685988,35235890,5487903,82147
1635288792.2806065,3738049,34403281,228035633,3775994,34415844,68197,2633114,3690533,35222184,5472607,77333
1635288792.3807256,3792804,34194483,228003538,3575446,34072509,68301,2638085,3474041,34959711,5512425,74299
1635288792.4808447,3792541,34174205,228103034,3593554,34215992,68653,2651058,3655465,34987979,5407349,71945
1635288792.5809655,4051040,34263560,227952517,3751887,34209482,68862,2644892,3696725,35575098,5405859,76483
1635288792.6810842,3371933,34224446,227971163,3797034,34242711,69775,2550513,3673893,35458274,5484178,64244
1635288792.7812033,3766035,34211706,228108275,3809378,34211687,69701,2558435,3590160,35036059,5486048,91510
1635288792.881322,3722482,34237697,228017699,3649935,34183966,68004,2688763,3621036,34995542,5223602,72773
1635288792.9814408,3799540,34152635,228022657,3678818,34211524,69848,2518596,3683593,35805361,5451417,77385
1635288793.0815601,3755337,34169061,228020977,3784118,34217575,69700,2678768,3666256,34991778,5409999,79159
1635288793.1816785,3708014,34085984,228153376,3668369,34146970,68577,2677079,3621447,35287437,5467397,78982
1635288793.2817972,3788336,34258565,228061498,3728800,34133395,70777,2548626,3584798,35103694,5394915,79361
1635288793.3819168,3652778,34098989,228094509,3809967,34082363,69534,2667015,3651707,35469199,5491100,81300
1635288793.4820356,3798069,34180020,228051418,3581836,34132440,69077,2615209,3728541,35167577,5468555,79276
1635288793.5821545,3725021,34249814,228088111,3786965,34032852,71831,2667211,3665968,34965246,5412188,74302
1635288793.6822736,3489112,34092968,228103963,3771353,34118661,73628,2662836,3639259,35274241,5457332,79369
1635288793.7823927,3776354,34146873,228096806,3798946,34262193,71973,2648775,3593229,34941762,5480769,77930
1635288793.8825116,3646536,34120919,228007559,3660384,34202054,71058,2647786,3659673,35230084,5314749,81962
1635288793.9826307,3786795,34148323,228043483,3797037,34130393,69451,2527754,3677052,35403771,5475370,70564
1635288794.0827494,3706210,34081548,228019605,3749493,34173921,68814,2651430,3456410,35086811,5422939,77215
1635288794.1828682,3788805,34124235,227935983,3645801,34155358,69491,2657817,3638065,34908320,5408239,72382
1635288794.2829878,3787767,34323162,228182192,3792528,34253998,69375,2583950,3726270,35336171,5449716,76999
1635288794.3831067,3792762,34201753,228082282,3634546,34213307,69351,2480026,3577337,34912614,5486532,75889
1635288794.483226,3698984,34205047,228289156,3793516,34308196,69275,2654068,3673854,35313362,5351084,71895
1635288794.583345,3796419,34215605,228073623,3687338,34232407,68897,2480834,3669403,35219474,5515095,77338
1635288794.6834633,3787614,34207115,227919407,3666045,34236101,69085,2696771,3652771,34948830,5431022,71796
1635288794.7835822,3221171,32821187,228123901,3990830,34184345,70437,2646181,3674068,35489726,5489769,77168
1635288794.883701,3702567,34271128,228061775,3694052,34152089,70131,2760935,3634665,35229626,5447319,78471
1635288794.9838254,3773144,34268498,227998036,3809930,34204920,70831,2565275,3669555,35226301,5475528,75653
1635288795.083953,3886447,34303545,228154788,3714654,34189433,69362,2659840,3651926,35026125,5400191,76732
1635288795.1840737,3703825,34237332,228060887,3804471,34228285,70373,2424495,3676138,35418554,5398344,79642
1635288795.284194,3764401,34104970,227953671,3679243,34420541,68420,2663877,3613508,35116102,5439522,72494
1635288795.3843143,3821596,34180235,228041169,3812842,34287587,68929,2544478,3908203,35715477,5453685,83425
1635288795.4844337,3799737,34151263,228063283,3658808,34174495,68678,2670459,3601189,35311204,5482055,77024
1635288795.584552,3732647,34155456,228016251,3809419,34166343,69832,2528630,3668220,35433010,5383873,71907
1635288795.6846712,3818778,34156581,228016891,3717693,34254349,68249,2705428,3661827,35546944,5499201,78507
1635288795.7847898,3607496,34200256,227988268,3791704,34200169,70477,2640339,3655622,35396042,5391339,81093
1635288795.8849077,3788706,34260383,228087329,3578835,34262030,72798,2502247,3663941,35039410,5500745,79202
1635288795.9850261,3764597,34144271,228121003,3741863,34225023,70889,2705380,3667434,35312431,5427043,65059
1635288796.0851445,3795419,34282420,228110567,3787759,34207436,68160,2529223,3630341,34992995,5506410,79306
1635288796.1852632,3574457,34091615,228060686,3647619,34279288,68028,2654280,3674042,35351266,5392639,73978
1635288796.285381,3766541,34182889,228151127,3807239,34375849,69072,2769715,3484533,34992455,5460125,75280
1635288796.3855002,3816155,34261263,228076181,3732639,34153654,69589,2650900,3699828,35526311,5494326,77183
1635288796.4856193,3417937,34270011,228050095,3811180,34151779,68047,2656513,3604690,35245618,5483559,77819
1635288796.585738,3799663,34248659,228058482,3799370,34120324,69638,2519600,3603438,34895622,5417781,78862
1635288796.6859298,3723472,34233400,228021169,3728944,34221198,67565,2642903,3669124,35315889,5467169,78524
1635288796.786048,3775516,34263306,228034702,3813395,34273796,69159,2641484,3659455,35064538,5371651,75584
1635288796.886166,3808271,34019579,227961888,3582415,34122878,69344,2638383,3675199,35352981,5472375,78606
1635288796.9862845,3811969,34125642,227962101,3797957,34192485,67772,2760059,3668607,35338510,5386915,82162
1635288797.0864034,3806508,34234961,228126914,3816864,34325209,68817,2521971,3671541,35233819,5464449,78543
1635288797.1865315,3617356,34158930,228161624,3682082,34201539,67947,2642336,3675047,35426254,5366543,73465
1635288797.2866535,3728142,34148965,227991407,3794949,34176549,69493,2672192,3620159,35182107,5464011,78654
1635288797.3867743,3790947,34226721,228134591,3642229,34117366,68590,2672301,3656373,35387559,5434865,78852
1635288797.4868934,3735213,34180499,228093307,3798596,34134155,71147,2735980,3544056,35172616,5472563,74065
1635288797.5870123,3778584,34217563,228081520,3730853,34036575,71955,2743164,3629702,34762498,5355782,68244
1635288797.6871305,3613962,34141683,228003303,3765347,34190455,70736,2690912,3662511,35226274,5508185,80359
1635288797.787249,3798167,34069500,228026181,3794690,34172533,67942,2689891,3647666,35080390,5426668,79014
1635288797.8873682,3799850,34087334,228067116,3657374,34175673,69677,2414689,3668736,35323963,5492221,78042
1635288797.987489,3708083,34025493,228036741,3731633,34148985,68905,2707455,3694097,34997937,5387057,74446
1635288798.087609,3802315,34059551,228014533,3795639,34192488,69229,2587981,3699337,35257205,5490706,80016
1635288798.1877282,3736376,34195116,228013381,3782663,34104912,68330,2740328,3664033,35434286,5393842,64520
1635288798.2878463,3708723,34113542,228111452,3713582,34125249,69399,2563223,3620020,34960004,5483018,78826
1635288798.387966,3795492,34187400,228025843,3654945,34051577,68880,2655170,3684998,35210953,5471395,78186
1635288798.4880853,3790517,34234834,228061337,3794687,34141203,68480,2689042,3449980,34733558,5414970,78268
1635288798.5882034,3666343,34216737,228016132,3747292,34161664,68754,2636429,3668332,35236803,5360099,83291
1635288798.6883216,3453523,34091041,228095148,3770077,34112614,68474,2657354,3606066,34918415,5432050,60660
1635288798.7884398,3801077,34142489,228040881,3799444,34084583,69860,2583464,3778328,35342764,5427741,81738
1635288798.8885586,3785119,34031687,228017413,3669632,34104510,67464,2655698,3629042,35263703,5452778,79552
1635288798.9886768,3720319,34054132,227958640,3801153,34079710,71778,2315259,3668990,35320421,5376217,76212
1635288799.088795,3788022,34093019,228092043,3680077,34026444,67518,3552269,3649963,35488617,5475211,79469
1635288799.1889133,3774452,34115256,227999448,3779817,34061354,67567,2735711,3643432,35400518,5397828,80109
1635288799.2890315,3802935,34140592,228114664,3651027,33951534,68038,2517657,3598136,35172398,5537723,79454
1635288799.38915,3661889,34147114,228118086,3687008,34111326,72190,2671996,3668365,35310469,5490838,81425
1635288799.489269,3792396,34013841,227973480,3790397,34251360,71207,2649626,3515395,34808679,5524774,77914
1635288799.5893874,3798041,34023072,228000465,3714830,34159965,72317,2489760,3684175,35315327,5507199,80729
1635288799.689506,3405527,34101915,228108400,3787332,34146388,68932,2628917,3620434,35048864,5361689,63693
1635288799.789626,3799070,34165259,228165083,3797864,34112474,70698,2580695,3678901,35341973,5459243,92032
1635288799.9398103,3756531,34047445,228126476,3668166,34226885,68520,2655714,3652512,35315683,5476166,78344
1635288800.039933,3700924,34222164,228091931,3801549,34066789,69337,2495503,3672587,35149587,5376157,71800
1635288800.1400673,3803827,34219218,228011605,3654678,34148275,67977,2652258,3652853,35225249,5471874,78349
1635288800.340305,3660036,35296701,5413740,81067,3803449,34181300,228103641,3769248,34162674,68216,2314330
1635288800.4404252,3614343,34984616,5529169,71824,3572334,34073570,227931043,3559298,34213037,68875,2642461
1635288800.540544,3692509,35303415,5474267,83662,3804257,34088817,228066903,3799680,34176108,69517,2644511
1635288800.6406631,3547418,34952928,5506784,80301,3756779,34189368,227953161,3767804,34089925,70036,2550800
1635288800.7407827,3681048,35607941,5468042,79060,3653252,34157813,228157584,3772208,34126953,68379,2655478
1635288800.8409019,3657258,35130610,5381619,73530,3802571,34134373,228007456,3798456,34103928,69323,2659392
1635288800.9410205,3664920,35320651,5420221,79728,3784213,34020655,228046766,3652435,34090942,67603,2661347
1635288801.041142,3807819,34213419,228004112,3796192,34173655,68895,2521935,3667760,35553266,5317358,66026
1635288801.141261,3811958,34120587,228105756,3641408,34229404,71292,2681267,3510370,34824168,5489180,78474
1635288801.2413993,3668724,34289230,228722531,3817793,34429589,74656,2668362,3686167,35509652,5443491,77744
1635288801.4416678,3693488,35173087,5503912,74204,3519666,34183944,228044014,3816321,34155987,69747,2680408
1635288801.541788,3682706,35488621,5504469,78551,3813850,34197250,227967471,3577692,34059879,68359,2727065
1635288801.641908,3670257,35141671,5432159,81177,3795344,34194056,228044711,3791277,34208886,70452,2577900
1635288801.742027,3686260,35324968,5504662,78953,3709526,34339261,228137667,3724122,34260999,68844,2713576
1635288801.8421466,3683914,35288849,5334862,76603,3684074,34341025,228121209,3810719,34213811,69041,2724454
1635288801.9422655,3729370,35321682,5515634,81005,3793344,34379142,228080539,3651177,34171751,67216,2689836
1635288802.0423849,3699576,35294823,5455084,80979,3589144,34199770,228021343,3798516,34187489,67684,2644145
1635288802.1425047,3798500,34116529,228064131,3793223,34080127,69592,2529539,3695668,35345619,5421298,82250
1635288802.2426236,3753660,34023110,228040943,3717699,34089315,67407,2660510,3507976,35142328,5462437,80505
1635288802.3427427,3743565,34176204,227985288,3807297,34120867,68631,2650773,3677754,35109536,5326389,73126
1635288802.5429816,3668905,35598302,5464719,81289,3785379,34113852,228024826,3817904,33995547,68894,2702597
1635288802.6431012,3659826,35385365,5377345,81259,3793541,34209432,228067738,3605472,34029086,68203,2487356
1635288802.7432194,3568465,35016360,5473332,78827,3658768,34121363,228053944,3750533,34171621,67646,2654942
1635288802.8433378,3653977,35348162,5464495,82346,3811289,34126634,228083849,3774958,34198492,72031,2665724
1635288802.9434562,3468437,34687761,5480403,76222,3796489,33979954,227833377,3771565,34120663,71960,2332306
1635288803.0435753,3669383,35298871,5486028,79350,3638515,34097224,228187643,3726804,34179267,72098,2759268
1635288803.1436946,3668229,35119235,5392425,84781,3810779,34097203,228138108,3809826,34137435,70366,2514455
1635288803.243813,3803064,34043525,227965978,3652516,34108456,67827,2681343,3666345,35193570,5466728,80134
1635288803.3439324,3644652,34211231,228003153,3795420,34142991,68072,2700801,4785100,35953141,5374438,73664
1635288803.444065,3799343,34303384,228000025,3672150,34195028,67956,2606073,3513253,34818171,5460042,79803
1635288803.6443071,3683437,35281728,5504916,80379,3813015,34254082,227935975,3799390,34181773,67529,2660528
1635288803.7444258,3635166,34954253,5414192,75968,3801029,34143017,228016903,3754310,34139626,68982,2556805
1635288803.8445444,3686946,35319418,5496604,80747,3674013,34180212,227898734,3598923,34232012,68234,2641786
1635288803.9446633,3677233,35266307,5348538,75346,3811026,34134660,227943738,3803970,34211903,68824,2616236
1635288804.0447822,3768018,35201037,5453278,80738,3838235,34274393,228078304,3696968,34179827,67089,2655889
1635288804.1449013,3701813,35641855,5481184,80759,3369835,34116003,228097348,3813822,34154234,68017,2656841
1635288804.2450194,3616657,35075714,5387798,66586,3813082,34239472,228066044,3812932,34104158,69766,2605762
1635288804.3451388,3791322,34300194,228021635,3660015,34134735,68525,2660710,3659573,35193100,5454666,79856
1635288804.4452577,3661828,34246622,228027462,3803769,34242244,69114,2651649,4009244,36219271,5383283,74950
1635288804.5453763,3802838,34165534,228238843,3649761,34256973,72246,2645108,3523209,34991468,5479201,81522
1635288804.7456136,3677625,35416999,5491697,80180,3801612,34157067,228123874,3799490,34091771,68760,2636569
1635288804.8457322,3604726,35008285,5384705,66421,3741874,34054979,228063695,3744152,34194448,68597,2640044
1635288804.9458516,3693354,35423325,5477796,81634,3734829,34109694,227957963,3738625,34089488,68645,2701415
1635288805.0459704,3681283,35242570,5341318,74394,3793940,34073787,227944217,3620536,34126505,69560,2502430
1635288805.1460893,3683434,35263022,5485537,79736,3752369,34211401,228015680,3741981,34157636,67037,2632601
1635288805.2462072,3659133,35343078,5410698,82128,3349827,34158329,228117683,3797016,34133866,69320,2390870
1635288805.3463259,3589409,34898861,5461291,81508,3776157,34256982,228021023,3676746,34281717,68543,2657481
1635288805.446444,3600739,34176694,228049614,3786346,34249102,69867,2638380,3636640,35056151,5491159,81023
1635288805.5465627,3813171,34182073,228065461,3809694,34152228,70823,2464925,3731943,35214328,5415614,80683
1635288805.6466813,3812341,34065311,228089823,3654457,34121399,69780,2659924,3459542,35108809,5481166,79752
1635288805.8469176,3692907,35215458,5390093,75312,3800064,34101248,228101477,3664369,34081067,70063,2537456
1635288805.947035,3665040,35214163,5473049,82351,3639232,34153394,228072332,3803136,34165743,69937,2646228
1635288806.0471537,3667468,35471402,5424622,71831,3792943,34195861,228005817,3751047,34059003,69864,2592078
1635288806.1472716,3578896,35124916,5475118,80323,3655348,34138880,228012940,3605521,34033488,70587,2671445
1635288806.2473896,3672567,35339382,5490483,81643,3801778,34111157,228068535,3780578,34151950,72644,2636263
1635288806.347508,3509656,34718763,5422737,73702,3329965,34084093,227991470,3805745,34203292,72793,2653956
1635288806.447627,3683633,35308381,5494205,80731,3960539,33994427,228081394,3667482,34245202,72682,2669184
1635288806.5477455,3682115,35304888,5405351,182626,3696178,34091654,228085505,3798490,34147514,70766,2572936
1635288806.6478643,3684354,35207832,5447718,66667,3834804,34116219,227974539,3654295,34130116,69274,2659425
1635288806.7479823,3684537,35171058,5492267,81149,3657802,34139471,228030634,3805128,34225037,69706,2699056
1635288806.848101,3901731,35705287,5513566,81272,3806941,34257362,228072752,3698682,34106026,70542,2598863
1635288806.9482183,3434907,34954457,5416328,80646,3428895,34306257,228100401,3787484,34204783,70664,2596074
1635288807.0483363,3750486,35255437,5494562,78867,3804743,34192835,228012936,3801319,34180270,70384,2665581
1635288807.1484554,3647903,34860638,5419939,80928,3798843,34091866,228085490,3733997,34168209,70944,2550543
1635288807.2485735,3690934,35153822,5493345,79562,3702224,34173949,227912880,3576692,34125278,69236,2643017
1635288807.3486917,3680523,35183280,5352669,77197,3806054,33980978,228051933,3806670,34263436,70801,2670635
1635288807.4488094,3679565,35297049,5471431,80059,4417717,34359618,228173893,3714784,34066100,70184,2637776
1635288807.548956,3691214,35597029,5473755,80146,3708704,34207765,228530386,3817509,34228688,70156,2576246
1635288807.6490896,3601271,35135402,5443708,92083,3630737,34181725,228239508,3711110,34102978,71135,2639382
1635288807.74921,3666691,35406389,5398242,69638,3716811,34194742,227949033,3810568,34121587,69488,2681273
1635288807.849329,3560004,35003699,5608283,79667,3803571,34165203,228017747,3793254,34148198,69552,2407033
1635288807.9494472,3767926,35505156,5476401,79611,3816427,34135542,228241467,3660685,34324860,72769,2586075
1635288808.0495682,3490752,35122654,5436176,79954,3807129,34173051,228006014,3809845,34290014,73788,2512746
1635288808.1496873,3755209,35390965,5389826,82106,3820867,34212238,227972346,3662100,34146743,72831,2657394
1635288808.2498064,3676375,35163105,5482968,77179,3659089,34151776,228037186,3857885,34226614,70423,2637557
1635288808.349925,3689832,35536576,5396189,74648,3813242,34181917,228021946,3574975,34101920,69850,2673664
1635288808.450063,3572379,35002095,5488433,79076,3607443,34079006,228194854,3891052,34310991,69802,2528157
1635288808.5501823,3682247,35354020,5495985,79127,3872316,34360973,228144703,3772778,34209447,69377,2704194
1635288808.6503024,3625613,34955737,5401781,67010,3798440,34174015,228008619,3804073,34110081,70889,2591655
1635288808.7504213,3670575,35330295,5476677,83286,3659647,34181569,228125379,3655913,34226649,70262,2689238
1635288808.8505406,3681289,35263946,5376894,65400,3783250,34223437,228017792,3805374,34219902,70616,2520054
1635288808.9506595,3690481,35211704,5487374,81334,3821548,34172051,228001663,3665925,34146058,69758,2626406
1635288809.050779,3692144,35243337,5483426,79174,3719959,34126717,228023794,3826111,34170010,70715,2389292
1635288809.1508985,3501883,35018377,5408002,82405,3818357,34233088,228134564,3667169,34171070,69938,2612301
1635288809.2510178,3681247,35143641,5478761,81038,3594642,34175241,228058159,3810185,34168026,70661,2674300
1635288809.351137,3686286,35506087,5476540,82724,3802211,34261040,227934809,3814575,34131649,70771,2645495
1635288809.4512556,3641434,34988688,5413153,79385,3794153,34221516,228053419,3567000,34105795,70254,2467408
1635288809.5513742,3647446,35458805,5462288,78697,3659533,34244621,227897086,3817508,34250995,69600,2670038
1635288809.6514997,3668994,35147533,5370946,76797,3815404,34011985,228118070,3792660,34309684,69832,2501674
1635288809.7516267,3652369,35200635,5486825,79317,3740816,34183360,228083914,3680080,34177134,73094,2701393
1635288809.8517468,3692072,35311895,5500357,82773,3593674,34164284,227976658,3820342,34284269,73507,2693310
1635288809.9518664,3571402,34974384,5560975,77446,3810369,34242494,228136426,3758372,34210518,73191,2525390
1635288810.0519862,3716154,35473795,5433678,80381,3781405,34164973,228089001,3748034,34269168,69284,2699243
1635288810.1521049,3701978,35066094,5496809,79824,3703018,34260520,228030174,3817570,34191623,69155,2504014
1635288810.252224,3762788,35378203,5511943,74905,3804203,34203867,227974192,3656330,34180034,68701,2535639
1635288810.352344,3510811,34712503,5437620,80993,3584812,34266098,228033357,3794466,34230037,71014,2694785
1635288810.452463,3776599,35533801,5507970,82640,3811342,34256977,228048653,3748168,34243653,68436,2687355
1635288810.5525818,3556876,34925065,5580017,80766,3737974,34154578,227989556,3814008,34241972,69685,2521536
1635288810.6527004,3697945,35287238,5515598,80028,3750739,34174638,227881843,3579295,34219147,69434,2718144
1635288810.7528193,3695221,35059865,5398580,74322,3818032,34077159,228071061,3820741,34281137,70212,2552779
1635288810.8529377,3732492,35251828,5492053,80441,3778526,34260464,228128258,3727107,34155613,69189,2647531
1635288810.9530563,3719628,35524932,5419371,66837,3790616,34115792,227964857,3806367,34063547,69578,2557798
1635288811.0531747,3603841,34952113,5444206,82037,3595418,34167839,228145511,3666075,34137716,69710,2693010
1635288811.1532934,3667518,35367336,5366593,74207,3727663,34119285,228078009,3802839,34106436,69774,2631061
1635288811.2534122,3474870,34859784,5452075,80670,3795884,34235850,228102439,3757843,34095083,69378,2743284
1635288811.353531,3701440,35281456,5469063,77848,3675201,34046286,228041911,3700387,34274059,72497,2704585
1635288811.4536495,3575117,35188672,5461120,70527,3814823,34131380,228057495,3806512,34161835,74290,2595428
1635288811.5537677,3735418,35065899,5380607,80476,3805755,34044226,227994263,3655737,34118379,73848,2666331
1635288811.6538866,3728670,35147351,5476485,78491,3652775,34074655,228113840,3829318,34140816,69846,2567399
1635288811.7540057,3688868,35324389,5325941,75976,3790507,34096532,227979169,3580093,34085817,70660,2775174
1635288811.8541245,3714053,35375751,5468642,80486,3759952,34212707,228212778,3794806,34177837,69159,2653819
1635288811.9542437,3691818,35373911,5448569,79228,3800766,34223476,227989336,3783282,34233508,69861,2591634
1635288812.0543623,3586479,34892559,5398689,79918,3556608,32098275,214163345,3743513,31774412,65820,2360584
1635288812.1544814,3441860,32707792,5044891,86544,3634979,33708968,227907996,3735576,33823456,71411,2735742
1635288812.2545993,3414931,34420457,5479193,84869,3769899,33788743,227946992,3630178,33781687,71134,2700813
1635288812.3547184,3653846,35020647,5415299,88936,3799818,33861437,228060089,3799104,33796616,70878,2295891
1635288812.4548364,3580877,34425248,5478042,78524,3799413,33791558,228069537,3639353,33710023,70018,2706552
1635288812.554955,3644265,34912932,5428151,92353,3791281,33855081,227971603,3794227,33744633,70580,2496395
1635288812.6550732,3679631,35126241,5358430,91939,3679926,33737701,227998770,3744272,33802341,69355,2603813
1635288812.755192,3691528,34757125,5422786,89295,3787024,33878773,227945778,3644165,33746676,67626,2936376
1635288812.8553107,3482563,34327074,5400434,87153,3803592,33836170,228030256,3729968,33713773,69136,2263319
1635288812.9554286,3667416,35046882,5415838,91097,3797013,33769150,227881493,3786594,33815123,69264,2345985
1635288813.0555482,3602821,34719999,5411075,93010,3788717,33786994,228021169,3553828,33799098,69630,2669540
1635288813.1556673,3656678,34979614,5319228,91914,3728351,33771829,227998443,3840316,33735853,70461,2534628
1635288813.255786,3658635,35178471,5413765,91792,3750541,33812646,227900321,3738671,33864025,70004,2648027
1635288813.3559053,3491355,34582197,5433985,85733,3687288,33901132,227938063,3717769,33761598,69145,2472052
1635288813.4560235,3651816,35118158,5358792,82151,3810764,33838668,227956366,3796723,33797803,72791,2407036
1635288813.5561419,3562420,34752911,5587150,96465,3765537,33907857,227983023,3640307,33739420,71418,2700771
1635288813.65626,3585504,34390221,5301697,87177,3803675,33863915,228034701,3779155,33814348,72536,2629354
1635288813.7563782,3824348,35464841,5334675,79621,3757245,33131817,228113405,3619165,33733233,72169,2368105
1635288813.8565075,3583844,34835730,5417678,92023,3809061,33755900,228106266,3662392,33903581,68149,2921669
1635288813.9566317,3653641,35028803,5407416,91927,3792603,33797650,228056575,3696193,33743709,70064,2418797
1635288814.0567513,3669876,34639829,5335345,88606,3357914,33695798,228100906,4011225,33871522,70354,2655889
1635288814.1568704,3658149,35059697,5425811,91376,3783810,33840599,228079525,3576449,33882520,69425,2663410
1635288814.256989,3521759,34530349,5355797,90481,3682064,34138090,228019965,3727274,33762022,69213,2678651
1635288814.3571076,3652819,35022470,5394420,90524,3795315,33854885,228009019,3780765,33859857,70504,2679150
1635288814.4572263,3726092,34875820,5410815,92241,3600867,33796902,228006629,3633069,33873090,69495,2662204
1635288814.5573444,3662914,35005380,5350772,89186,3696046,33904076,228012773,3810576,33889997,70279,2632882
1635288814.6574628,3683769,35184077,5404650,97405,3771471,33779951,228029537,3679468,33915536,70111,2651524
1635288814.7575812,3591016,34538394,5280638,83869,3812540,33901318,227948866,3799127,33729682,70296,2550547
1635288814.8576999,3837836,35112681,5443773,92034,3637389,33809635,227977599,3802145,33840033,71505,2676446
1635288814.9578185,3669559,35051046,5451793,92622,3784202,33970530,227945889,3654219,33824820,69455,2692521
1635288815.0579367,3475881,34532589,5489027,88624,3786343,34005065,228027268,3800438,33868641,69237,2228917
1635288815.158055,3633358,35050824,5412900,92626,3808207,33867355,228085592,3570874,33790311,69866,2357952
1635288815.2581735,3611317,34652110,5463260,92680,3811057,34094455,227883715,3782802,33926953,70446,2711115
1635288815.3582923,3644853,34987623,5337303,87709,3796983,33827914,228032111,3793155,33906128,70363,2523774
1635288815.4584105,3710391,34957682,5433042,91962,3797549,33698118,228107194,3653974,33895944,69674,2652583
1635288815.5585287,3658640,34788354,5309843,89523,3829115,33863598,228100630,3800150,33746718,70005,2330253
1635288815.6586473,3640100,35416120,5443561,91800,3378897,33747364,228061131,3812419,33826474,69166,2644370
1635288815.7587655,3519498,34847599,5290187,79143,3792034,33861835,228007439,3643348,33755843,69153,2639091
1635288815.8588848,3599391,33869832,228051111,3788086,33855447,69071,2585232,3631002,35314475,5455128,95953
1635288815.9590147,3811659,33780886,228009054,3644521,33859527,72041,2662446,3496367,34606345,5438744,92617
1635288816.0591347,3691038,33850300,227982003,3796331,33883231,73303,2549103,3654338,34938722,5335264,88909
1635288816.2593715,3660090,35033006,5454944,91732,3799779,33927604,227981160,3723497,34092308,72748,2639143
1635288816.3594894,3629285,34785213,5363035,82731,3574471,33831305,227929197,3991933,33871610,73170,2659221
1635288816.4596071,3657752,35188716,5435326,94466,3785691,33865651,228024301,3578051,33913455,70481,2684304
1635288816.559724,3535731,34624999,5498219,90583,3721758,33957284,228133608,3697211,33900543,69860,2669569
1635288816.6598423,3635302,35049247,5430489,94239,3635237,33893912,228102004,3794979,33972320,69729,2780438
1635288816.7599607,3747667,34862464,5469029,91786,3800030,33969121,227976511,3647784,33909469,68943,2701349
1635288816.8600748,3663044,35017343,5397564,90735,3799118,33888423,228031047,3796934,33877562,70193,2467314
1635288816.9601936,3800688,33786215,228033224,3648314,33882858,68969,2689094,3601041,34554642,5336228,90669
1635288817.0603125,3814154,33864492,227919902,3800032,33747271,70098,2520131,3864580,35031033,5325740,85866
1635288817.1604314,3639121,33843941,227968623,3823797,33837523,69716,2669274,3670076,35250713,5457176,92017
1635288817.3606694,3413476,34526857,5366942,84607,3757876,33994775,227977668,3836771,33867070,70643,2694399
1635288817.4607882,3666283,34964694,5445068,91322,3803786,33845821,227929422,3564512,33760125,69379,2494573
1635288817.5609066,3579252,34676783,5456935,90448,3664314,33883221,228019862,3770612,33926971,69606,2683454
1635288817.6610253,3685633,34995361,5230373,88482,3678669,33743480,227939377,3734814,33876897,70150,2536302
1635288817.7611442,3666295,35272828,5424693,91850,4061343,33806251,228075726,3667187,33871598,69781,2659879
1635288817.8612628,3646695,34734141,5333800,88091,3798894,33840803,228007300,3784220,33757149,70616,2726555
1635288817.9613883,3649125,35261451,5419225,91260,3412775,33803561,228091849,3810182,33832903,70327,2632749
1635288818.0615113,3785645,33933697,228044622,3647215,33813774,71205,2663402,3664429,35138411,5413701,91621
1635288818.1616306,3646715,33863199,228045647,3784193,33874382,70924,2661098,3492745,34899884,5424234,95391
1635288818.2617493,3796568,33861359,228022935,3642640,34038375,73655,2668978,3728596,34995471,5438306,91642
1635288818.4619873,3655165,35004072,5338873,95311,3790771,33764578,228122248,3650425,33826421,73023,2607111
1635288818.562106,3691974,35019421,5446231,90990,3793377,33847964,228051678,3786036,33872832,73971,2677165
1635288818.6622243,3677155,34898488,5362493,92642,3653012,33762715,227785414,3782553,33792874,70981,2537674
1635288818.7623427,3670224,35120878,5456178,91336,3787397,33836964,227944440,3793281,33922577,71544,2736624
1635288818.8624613,3428467,34520844,5505472,87430,4055141,34101767,228061160,3653282,33888029,70466,2605765
1635288818.9625807,3663448,35090570,5455424,91385,3395991,33817184,228046118,3784439,33890348,69145,2285834
1635288819.0626998,3575261,34677805,5509907,91528,3797265,33900223,228029087,3637920,33856861,68859,2625613
1635288819.1628194,3807082,33930056,227959243,3798521,33885695,70389,2526171,3707414,34744230,5056234,78804
1635288819.2629378,3791664,33819110,228011491,3658991,33929389,70185,2655013,3464711,34838706,5474969,92808
1635288819.3630579,3812283,33938853,228076857,3793378,33757514,70028,2299142,3729472,34745660,5311258,89656
1635288819.5632956,3680238,35233866,5451478,90639,3803048,33956239,228072455,3669344,33819726,68974,2668352
1635288819.6634145,3536689,34618385,5346352,79172,3596900,33865118,228040788,3708630,33831485,70896,2646770
1635288819.7635334,3655059,35044090,5430818,98066,3646567,33797549,227896821,4010705,33981175,67339,2363038
1635288819.863652,4905487,29763276,5421503,94439,3804500,33844667,228027354,3554085,33909065,69742,2634872
1635288819.963772,3602791,34653375,5429401,91939,3833767,34082138,228100677,3712068,33777152,69338,2641494
1635288820.0638978,3655522,35158481,5375254,93785,3380703,33842388,228075517,3785788,32198217,64266,2710345
1635288820.164025,3656589,35331100,5426404,91331,3493872,33818000,227920181,3795194,33831139,69517,2599135
1635288820.2641454,3790502,33849725,227924930,3649059,33789493,69963,2693395,3649476,34945702,5173460,90581
1635288820.3642647,3635196,33874896,227981308,3797961,33912134,70703,2659931,3561252,36203614,5494787,92636
1635288820.4643836,3799094,33902121,227967909,3634571,33915202,70996,2642698,3484232,34706137,5433791,92231
1635288820.6646206,3626416,34990567,5340432,88782,3695510,33755357,228080462,3683079,33946990,71269,2692210
1635288820.7647386,3641097,35236486,5426679,91431,3807495,33844395,227977678,3675188,33767928,74948,2659902
1635288820.8648572,3618554,34787253,5333592,91916,3657322,33773789,227995216,3993976,33798665,74328,2560786
1635288820.964975,3666307,35216639,5441959,93668,3790980,33826992,228078688,3739770,33860770,73142,2706463
1635288821.0650933,3451203,34571422,5483686,87999,3793439,34070205,228054455,3610777,33808611,72709,2697726
1635288821.1652117,3641834,35016850,5411579,93826,3379119,33877468,228035652,3796776,33870440,69742,2363865
1635288821.2653298,3580506,34716122,5431280,92271,3785065,33878696,227973625,3636184,33811597,69661,2674277
1635288821.3654478,3807931,33847283,228009997,3786891,33921532,69409,2532997,3664821,35076847,5312153,80818
1635288821.4655654,3788965,33800164,228040154,3660711,33935593,68928,2645041,3598375,34786883,5422613,92066
1635288821.5656836,3810253,33838438,228042611,3786836,33763864,70255,2302235,3963303,34097400,5349693,89135
1635288821.665802,3575483,33841247,227967206,3807873,33861606,70899,2116094,3680654,35199046,5453847,91277
1635288821.7659209,3775834,33917419,227961279,3644173,33827884,71781,2608852,3548243,34684920,5380029,77780
1635288821.8660393,3571502,33915938,227970132,3795352,33772701,70032,2686995,3645393,34975301,5429762,96696
1635288821.966158,3801960,33937217,228016101,3697773,33901983,70038,2570423,3572185,34647321,5422778,91958
1635288822.0662766,3655602,33919618,228000912,3633321,33790771,70186,2673981,3644352,35094143,5233442,90632
1635288822.1664128,3792421,33819753,228491053,3826426,34029796,70493,2724336,3655122,35128683,5412989,93243
1635288822.2665548,3346119,33644313,228144203,3678599,33934993,70912,2644372,3652645,34949596,5338187,82468
1635288822.36668,3803196,33895762,228051877,3801269,33804345,70825,2667348,3672660,35235594,5438130,87115
1635288822.4667995,3731485,33837564,228161051,3807470,33862973,71579,2664135,3525566,34792799,5594079,101566
1635288822.5669188,3717793,33959889,228257272,3653591,33835789,70155,2662635,3631174,34927459,5216462,87906
1635288822.6670442,3641582,33927809,228278373,3799763,33908940,71234,2649474,3870147,36525493,5517321,92172
1635288822.7671695,3812288,33962936,228333467,3646241,33888889,69622,2246556,3474399,34535359,5381136,92072
1635288822.8672948,3817187,33914587,228181464,3801709,33972377,70097,2808918,3700265,35368284,5351522,93487
1635288822.9674199,3775651,33844475,228272109,3683364,34009332,71427,2648570,3660678,35224497,5434706,92051
1635288823.0675452,3838384,34104945,229446726,3715196,34044082,74926,2631746,4441996,28893873,3277225,91528
1635288823.1676772,3639817,33939384,228048310,3574599,33835645,70401,2579868,4646940,27185698,1084159,80457
1635288823.2678063,3595977,33954180,228144426,3797430,33970067,72997,2689686,3661948,35239515,5321474,85912
1635288823.367936,3382989,33798012,228374432,3751836,33937397,72693,2660102,3705325,35055548,5445176,91066
1635288823.4680622,4151465,34011383,228320933,3667420,34060602,73108,2700942,3650613,34779271,5362520,93565
1635288823.6182594,3796159,33924450,228294068,3783712,33978080,72752,2565088,3658757,35101123,5473894,92441
1635288823.7183902,3562165,33910478,228211468,3810949,34037306,70325,2711607,3490187,34634130,5499944,88449
1635288823.8185155,3808889,33946110,228272359,3649332,33941740,70731,2665961,4918168,28198816,3413105,90982
1635288823.9186463,3820573,33907297,228230482,3782632,33909285,71152,2638656,3722703,30602520,3152498,84641
1635288824.0187707,3405139,33866225,228183718,3801296,33923763,68965,2632830,3643790,35194974,5453168,91824
1635288824.1188898,3784174,33997227,227989478,3650701,33829946,68747,2613624,3547026,34704960,5381732,91052
1635288824.219009,3659663,33984183,228023926,3788575,33952234,69278,2640906,3659102,35175914,5425729,94513
1635288824.319128,3788951,34056077,227889773,3757962,33989254,69727,2646102,3739504,34906748,5455095,85081
1635288824.4192476,3693854,33963076,227761763,3578578,33884221,69720,2625884,3665453,35145625,5387679,92702
1635288824.519366,3804842,33670543,228016501,3793146,34084579,70132,2372628,3625530,34771478,5449210,89928
1635288824.619486,3691767,33866220,228061931,3669948,33837017,70133,2649830,3683512,35086056,5364856,91660
1635288824.7196047,3788440,33914064,227950856,3805891,33850742,70138,2595549,3682140,35024948,5437017,90585
1635288824.8197236,3951069,33815847,228138714,3684977,33920604,69418,2716879,3653470,34604347,5359162,90324
1635288824.9198422,3672095,33915472,227960325,3789445,33776597,70555,2302405,3645341,34669311,5292940,89687
1635288825.0199614,3588935,33854359,228099850,3787838,33929949,69991,2660393,3595582,35070219,5428448,92464
1635288825.1200728,3787232,33826676,227989776,3625393,33777375,69890,2655488,3333948,34793466,5369690,78440
1635288825.220192,3593074,33752594,228051113,3793296,33861853,69450,2611155,3711432,35297273,5409139,90739
1635288825.320312,3790842,33974459,228011156,3648686,33742207,68817,2666223,3576436,34867157,5430563,90305
1635288825.4204314,3659080,33856766,228040185,3707595,33647915,69941,2539495,3646642,35135423,5229450,89737
1635288825.5205507,3743115,33701297,228048381,3834627,33887029,70164,2610338,3661577,35102936,5451182,91200
1635288825.6206703,3789379,33716121,228081511,3566369,33837409,72616,2675293,3633593,34685553,5345576,92353
1635288825.7207897,3618084,33850880,227885598,3859205,33752994,72954,2674441,3660186,35033746,5451817,94685
1635288825.8209085,3791772,33829461,227876600,3778361,33874089,73055,2626992,3578031,34678522,5440038,93415
1635288825.9210277,3571651,33811211,227989033,3632621,33861081,73742,2746372,3675067,35049952,5323840,88111
1635288826.0211465,3723928,33804535,227959279,3799602,33915035,70187,2652382,3673591,35362920,5482584,90282
1635288826.1212664,3790395,33713168,228088348,3647480,33862140,69055,2682923,3604075,34524554,5297714,89583
1635288826.2213855,3798614,33840727,228158994,3789767,33836396,69394,2629438,3846568,35419647,5399950,98169
1635288826.3215165,3670546,33996500,228535641,3723500,33036374,64524,2312559,3633081,35026892,5467135,90103
1635288826.421649,3787229,33927433,228511758,3655016,33943845,65533,2488432,4056635,32705527,5453156,89838
1635288826.521777,3756143,33938732,228223110,3712910,33811607,69720,2668943,3664206,34792848,5286521,89028
1635288826.6218963,3613955,33807497,228215561,3876768,33839127,70461,2405830,3658809,35002495,5444814,90588
1635288826.7220151,3799725,33957383,228288507,3771669,33915307,69588,2642544,3524024,34672998,5344629,79279
1635288826.8221338,3562546,33796602,228216362,3597425,33798312,69814,2646417,3667048,35172809,5411853,96738
1635288826.922252,3783516,33850696,228119485,3791590,33812274,70740,2571467,3571430,34848870,5426160,91322
1635288827.0223703,3675434,33834702,228165540,3654415,33768802,69325,2683353,3669369,35166622,5223696,92714
1635288827.1224887,3699471,33898523,228247542,3793952,33818480,70029,2622806,3640732,35063574,5388448,85169
1635288827.2226074,3763514,33732980,228124383,3666387,33851036,69843,2636043,3623536,34950118,5399277,87714
1635288827.3227258,3790346,33952633,228064251,3747382,33892857,70468,2715528,3612497,34492935,5262430,86759
1635288827.4228451,3566063,33754514,228221795,3785332,33916059,69030,2594310,3645755,35143973,5404701,94011
1635288827.5229642,3796344,33831517,228147682,3646790,33765598,69073,2659818,3588787,34861725,5387499,90609
1635288827.623083,3654942,33808062,228193597,3805464,33789393,71518,2554367,3628896,35223390,5317539,89342
1635288827.7232013,3799298,33790039,228220233,3719492,33952740,70194,2919106,3660098,35418790,5406961,92129
1635288827.8233194,3797866,33859302,228092064,3560126,33689601,69305,2691316,3643810,35026225,5352228,97172
1635288827.9234378,3628968,33890105,228235616,3938381,33925472,71575,2603873,3640289,35128380,5423345,90244
1635288828.0235577,3744412,33680881,228138578,3692241,33831865,73873,2688478,3561059,34799709,5425215,90541
1635288828.123677,3758680,33925219,228194558,3678027,33804407,73409,2675800,3659564,34961417,5416248,89948
1635288828.2237952,3792575,33896932,228275500,3798736,33992223,72984,2650194,3699178,34812200,5474566,96835
1635288828.323914,3663689,33916373,228218131,3643585,33973814,72429,2637364,3652842,34861872,5275855,85775
1635288828.424033,3794966,33896680,228239904,3802409,33948091,70407,2490294,3722358,35566111,5414760,97573
1635288828.52416,3791254,33807465,228218860,3638211,33891813,70562,2630506,3451557,34820601,5391690,91587
1635288828.6242802,3769635,33873412,228124416,3789165,33812903,70208,2603548,3775869,34914488,5317296,84729
1635288828.724399,3648935,33839539,228206257,3781473,33946328,70238,2719897,3644935,35069594,5437774,91080
1635288828.8245177,3789369,34026841,228250768,3670739,33776079,69918,2275480,3422077,34445037,5353606,85002
1635288828.9246361,3803956,33866258,228264395,3784059,33895214,70420,2658438,3655637,34968156,5434927,90824
1635288829.0247548,3793738,33770526,228190051,3583436,33938386,70503,2454364,3603523,34746241,5457235,90457
1635288829.124873,3686752,34012685,228135426,3742130,33787963,70391,2689941,3658993,35007199,5300765,85533
1635288829.224991,3778549,33887073,228151940,3807674,33803397,71226,2526569,3667089,35217294,5438983,90241
1635288829.3251095,3695069,33724839,228210103,3715099,34050528,68505,2661712,3624267,34519777,5358000,86719
1635288829.4252286,3800896,33851476,228223293,3770316,33739171,70546,2646670,3672254,34992371,5409925,91355
1635288829.625465,3800824,33905331,228159146,3625340,33746262,70001,2636201,3637606,34685449,5414306,91268
1635288829.725583,3646690,33756011,228192961,3787352,33340077,65317,2240933,3684504,35282362,5344518,89305
1635288829.8257012,3653296,33810697,228580416,3801336,33913394,70365,2759428,3674588,35178633,5413300,96327
1635288830.025938,3626857,34857355,5415326,91756,3792132,33759753,228088551,3734912,33682003,69577,2695519
1635288830.1260557,3661518,35242153,5362416,90763,3776559,33771171,228038830,3785237,33933358,70924,2534680
1635288830.226174,3608355,34900208,5397016,88962,3733117,33792890,228161178,3558986,33779157,69086,2644271
1635288830.3262923,3627408,34985373,5280934,85087,3720676,33846840,228198358,3855700,33852618,70719,2461188
1635288830.4264119,3654688,35070405,5400992,91163,3720627,33789161,228261643,3725945,33913793,73642,2625844
1635288830.526531,3463961,34348203,5338464,85251,3799273,33871879,228230385,3683934,33812646,72534,2686977
1635288830.6266508,3658487,35097606,5366551,89925,3750339,33831953,228214106,3792760,33900851,72699,2465630
1635288830.7267702,3789232,33813586,228162778,3642411,33821644,72069,2698598,3587348,34404374,5341528,91812
1635288830.8268878,3607508,33852305,228148682,3787207,33845296,71449,2575986,3965995,35580117,3321336,83746
1635288830.927006,3677402,33821864,228170359,3739918,33871695,69891,2637607,3673728,35057499,5447235,90498
1635288831.1272423,3474603,34561695,5325752,84660,3682082,33887555,228096439,3828077,33984600,71396,2736968
1635288831.22736,3651924,35071093,5434593,90321,3812758,33833863,228136171,3581763,33784059,71299,2481304
1635288831.3274782,3570579,34620071,5454252,91491,3651391,33866877,228119478,3772863,33918801,70596,2672451
1635288831.4275978,3640604,35258897,5264035,87000,3659997,33665953,228033211,3757077,33841850,70001,2566010
1635288831.5277169,3670425,35054151,5431174,90581,4095268,33908562,228235422,3648976,33858632,70938,2694161
1635288831.627836,3650071,34614381,5347454,86735,3782768,33929171,228131660,3770008,33747978,70738,2612774
1635288831.7279541,3669108,35063344,5429864,90676,3479836,33843041,228228817,3784724,33823921,70210,2592384
1635288831.8280714,3780449,33978065,228239362,3648818,33792595,70771,2662120,3663795,34977658,5412248,92502
1635288831.9281898,3636916,33901893,228189947,3786030,33908798,71150,2502260,3244319,34946666,5317343,88436
1635288832.0283072,3785668,33691191,228170225,3636785,33838337,68779,2642176,3684935,35226746,5412682,90756
1635288832.2285433,3638326,34651310,5344768,87722,3374518,33831332,228262565,3791423,33718958,70939,2690204
1635288832.3286612,3664585,35344176,5451529,90994,3793524,33880170,228184414,3766037,33799913,70678,2646199
1635288832.4287796,3562160,34981385,5356905,90084,3637529,33852416,228125481,3595169,33693252,69599,2657655
1635288832.5288973,3624915,35218010,5412774,94680,3793246,33850940,228279843,3790271,33854748,71072,2720646
1635288832.629032,3726870,35095634,5435054,91302,3696260,33912930,228229215,3682253,33799910,67082,2649713
1635288832.7291548,4778374,30809966,3948941,90825,4019611,33974358,228258567,3644978,33946280,69249,2725598
1635288832.8292756,3633409,35255430,5388670,91742,3800977,33896192,228127193,3804109,33954698,70443,2501840
1635288832.9293933,3801408,33818613,228161501,3648659,33802494,73231,2702216,3684185,35031631,5501469,91037
1635288833.0295112,3708696,33869931,228101941,3802048,33884333,73834,2518315,3837346,36123283,5346708,86545
1635288833.1296296,3757855,33855428,228202784,3699752,33874760,71791,2753575,3501374,34827543,5444225,90405
1635288833.3298657,3485363,34467738,5349103,84992,3595144,33872390,228184617,3778941,33813944,71235,2681237
1635288833.4299843,3668571,35200160,5448696,77842,3805640,33897881,228275883,3674366,34010445,70465,2522972
1635288833.5301228,3559190,34726042,5422944,92004,3645388,33835038,228182719,3781952,33892786,68582,2672851
1635288833.6302416,3651666,35137199,5306866,88299,3793019,33769458,228242085,3569213,33848277,70657,2627389
1635288833.7303605,3671087,35155472,5434188,90378,3873390,33819811,228192604,3740402,33877074,70068,2672321
1635288833.8304796,3647233,34686900,5349889,86780,3348308,33885873,228208768,3784345,33700717,70309,2656989
1635288833.9305978,3656354,35210991,5441283,89823,3393680,33821527,228163844,3801131,33833464,70102,2643253
1635288834.0307162,3767577,33918495,228164951,3636092,33692548,69596,2636187,3676324,34957127,5380496,90352
1635288834.1308355,3631976,33872271,228129937,3775930,33832371,71068,2682670,3678215,35189556,5318087,87958
1635288834.2309535,3798848,33828862,228108706,3643859,33901270,70031,2700695,3476114,34971431,5427183,91443
1635288834.4311922,3667044,34986056,5376326,79489,3630525,33741505,228297976,3710150,33938381,71658,2618038
1635288834.5313103,3680234,35146455,5423480,91333,3761318,33606094,228401550,3726771,33859446,70327,2739675
1635288834.6314292,3642503,34883066,5355683,120863,3643258,33824706,228196868,3784898,33841860,70596,2531235
1635288834.731557,3675509,35291433,5443517,93890,3785527,34011159,228163678,3785132,33904367,70500,2741029
1635288834.8316836,3612031,34864756,5456808,91487,3681741,33797512,228176841,3581832,33871175,70146,2654219
1635288834.9318042,3637792,35232786,5386152,93749,3344698,34040875,228187937,3826108,33924777,70555,2603872
1635288835.0319226,3640508,34917444,5436441,90082,4208446,33894270,228209268,3651374,33926416,69996,2636280
1635288835.1320417,3656049,34971740,5370300,110243,3588262,33912906,228239586,3811618,33911767,71697,2560446
1635288835.23216,3661516,35205229,5379853,84460,3776455,33840319,228155608,3732869,33861696,74218,2691993
1635288835.3322787,3527964,34784638,5623965,88143,3801546,33979095,228110646,3770422,33842114,73847,2441154
1635288835.432398,3368821,34379226,5303008,83321,3647961,33827351,228094575,3810052,33994933,74101,2300388
1635288835.532517,3674306,35013262,5517937,90100,3802867,33983359,228183496,3647688,33887806,73700,2955651
1635288835.6326356,3594448,34865012,5377394,91332,3601620,33897107,228125925,3783409,33843753,72744,2493058
1635288835.7327552,3674436,35082609,5427313,91731,3800462,33885522,228140982,3682884,34064267,70109,2630316
1635288835.8328738,3628208,34782490,5458288,90666,3699722,33863855,228077341,3642645,33819323,71272,2665931
1635288835.9329915,3655281,34969108,5315587,88116,3754225,33812600,228226722,3765649,33994377,72041,2651987
1635288836.0331092,3694970,35086541,5446281,90506,4001809,33897670,228215128,3732977,33947096,70929,2771058
1635288836.1332266,3623294,34809180,5362674,80143,3361663,33912298,228199791,3756439,33878534,70430,2646833
1635288836.233345,3645576,35181551,5455123,86331,3784414,33963406,228291160,3807823,33905615,70657,2620979
1635288836.333464,3560791,34665876,5479988,100653,3728600,34186333,228139855,3646824,33827359,69068,2627763
1635288836.4335818,3654378,34948446,5311074,91398,3649996,33983716,228180831,3793516,33895142,69540,2641762
1635288836.5336998,3695227,35246177,5484385,90196,3793628,33915298,228261049,3634485,33879025,70940,2691910
1635288836.6338181,3643563,35046266,5434297,90935,3805957,33826111,228162900,3791415,33827629,70714,2441819
1635288836.7339363,3640678,34771561,5368763,95827,3643316,33780662,228108261,3748874,33800437,69241,2672692
1635288836.8340547,3663288,35130212,5419733,90771,3796329,33871822,228110416,3647172,33717243,68915,2632471
1635288836.9341729,3554810,34805507,5441788,90825,3655330,33857018,228200880,3798358,33869856,69677,2639962
1635288837.0342913,3635927,35417239,5397701,92094,3797954,33900917,228175214,3786880,33935581,70781,2635622
1635288837.134409,3739112,35130311,5455646,90854,3789537,33795686,228259746,3562254,33821901,69294,2746600
1635288837.2345264,3624781,35172652,5302024,93110,3737766,33940514,228227841,3808276,33190423,69972,2570038
1635288837.3346453,3644539,35148321,5401656,91049,3638859,34013780,228170175,3725153,33880181,69513,2690923
1635288837.4347632,3536252,34849398,5440639,89999,3799882,33924976,228262636,3674337,33810998,69862,2641283
1635288837.5348814,3639772,35143028,5375314,90562,3671351,33769874,228242874,3799384,33837575,70033,2644207
1635288837.6350005,3766570,35396336,5540644,99119,3803517,33845708,228276889,3651423,33822631,72563,2698786
1635288837.735119,3606599,34768446,5387717,85135,3794336,33950684,228232786,3802718,33821985,72839,2658178
1635288837.835238,3816470,35734367,5360700,95803,3682617,33860183,228259670,3703555,33849667,75118,2510020
1635288837.9353566,3593841,34864314,5428392,90220,3798255,33984771,228418528,3688578,33892518,74794,2785887
1635288838.0354755,3589655,34769828,5411445,90643,3635821,33736521,228136925,3731583,33770766,70112,2505635
1635288838.1355937,3665655,35114663,5419445,92908,3802954,33800593,228036408,3739151,34048792,70515,2659509
1635288838.2357116,3714959,34867818,5441101,90385,3797841,33847712,228165136,3781874,33929042,68466,2653027
1635288838.3358297,3671799,35102858,5297437,94747,3625317,33697640,228070203,3722880,33977214,69725,2437916
1635288838.4359484,3697095,35094396,5441249,90429,3951295,33752160,228127389,3666014,33897615,70137,2665807
1635288838.5360663,3618199,34683678,5351215,91720,3564733,33829681,228187056,3706165,33761709,70497,2561276
1635288838.636184,3657112,34964254,5320638,87382,3724150,33889070,228219537,3784953,33836438,70911,2627956
1635288838.736302,3707328,34783488,5582174,97137,3788641,33972494,228205410,3627198,33756796,69527,2690020
1635288838.8364193,3602684,34731435,5330876,89346,3792395,33876889,228269181,3788541,33923728,70340,2386136
1635288838.936548,4744680,32148693,5354415,93594,3597919,33894043,228317080,3797761,33876084,70048,2419032
1635288839.0366683,4873379,30810540,3953534,94635,3797443,33876603,228225426,3648668,33777494,71221,2643911
1635288839.1367867,3613949,34747748,5440699,91552,3686614,33843707,228105756,3802670,33799191,69292,2653280
1635288839.2369044,3696567,34961316,5307294,89609,3674128,33754242,228237820,3664573,33875327,72608,2517668
1635288839.3370228,3662085,35008119,5444079,91447,3772222,33973914,228033595,3779395,33946796,70326,2665163
1635288839.4371414,3632154,34667467,5331747,82951,3573514,33674493,228225809,3734872,33836056,70831,2690377
1635288839.5372603,3640984,35176307,5411342,95533,3779291,33834311,228066224,3787408,33974858,68828,2640412
1635288839.637378,3560683,34704493,5423677,91210,3795066,33924510,228050817,3638008,33824204,70362,2662284
1635288839.737495,3648815,35297477,5322563,92032,3572547,33731807,228191419,3663615,31037499,64537,1921520
1635288839.8376129,3631062,35321813,5387300,88463,3769240,33827283,228233475,3798453,33832536,72043,2359014
1635288839.9377303,3588195,34823933,5310846,106887,3778086,33767693,228229124,3639268,33800303,70448,2656166
1635288840.0378478,3587196,35123056,5477281,75009,3778349,33877220,228130860,3799854,33756473,72145,2654227
1635288840.1379657,3798744,35565115,5357695,90947,3686074,33804190,228181233,3730188,33855139,70700,2442661
1635288840.2380836,3582826,34744419,5431343,91028,3791864,33845886,228211976,3672303,34075369,75773,2899062
1635288840.3382018,3454054,34437234,5444869,87112,3718469,33798434,228255292,3720520,33803495,74575,2254479
1635288840.4383202,3641257,35136395,5443947,89972,3806904,33811513,228189301,3783376,33972260,73539,2470449
1635288840.5384383,3554833,34723240,5461462,91770,3804894,33874469,228273970,3725301,33790721,74409,2711170
1635288840.6385565,3672783,35189422,5323105,84790,3697282,33744075,228129069,3749478,33821577,70830,2550177
1635288840.7386746,3654736,35204339,5454694,89540,3915740,33881111,228164384,3701171,33849714,70670,2670256
1635288840.838793,3556695,34495387,5394638,87509,3565133,33812738,228106121,3701063,33801579,70414,2477327
1635288840.9389112,3668057,35007890,5378080,87890,4000225,34951760,235797062,3530946,33571932,73703,2733457
1635288841.0392082,3782597,36392647,5766770,99773,3498217,33807665,228198053,3757007,33998187,69901,2632803
1635288841.1393373,3587949,34473403,5326796,88649,3801677,33977881,228285892,3670024,33896923,71667,2665944
1635288841.2394583,3602945,35186945,5416690,89898,3650839,33922606,228155710,3801140,33943397,71283,2501838
1635288841.3395784,3644342,35160297,5434628,94262,3799017,33934319,228158901,3655487,33876161,68631,2969555
1635288841.439698,3731227,35066218,5439180,91119,3582994,34014911,228174703,3826418,33839182,69752,2283381
1635288841.5398166,3673606,35183157,5345199,94662,3770663,33801931,228260097,3587293,33947566,70761,2668573
1635288841.6399357,3710704,34875210,5463122,91055,3792838,34021466,228243814,3774157,33975464,70115,2654278
1635288841.740074,3669828,34827769,5367202,89855,3649690,33704756,228108100,3768853,33829647,70735,2526407
1635288841.8401935,3661886,35051444,5436298,91975,3815231,33934402,228130320,3777678,33977186,70636,2649499
1635288841.9903846,3424503,34560649,5498351,86507,3806846,33953071,228313872,3665493,33853904,70071,2581029
1635288842.0905101,3662259,35234158,5470424,91755,3780866,33970099,228243994,3796786,33792476,71285,2317220
1635288842.1906297,3578970,34911417,5494808,93109,3795099,33845775,228237116,3643386,33814863,70725,2657694
1635288842.2907498,3804903,33920227,228110836,3797515,33867109,69688,2521815,3681211,35332474,5293754,77871
1635288842.39087,3778484,33810752,228085534,3648500,33889173,69248,2678564,3719671,35039705,5455067,90232
1635288842.4909904,3806461,33876809,228123113,3749417,33812953,69446,2379018,3615586,34714665,5325492,88224
1635288842.69123,3638373,35073763,5444994,90740,3803685,33866907,228223266,3748759,33932816,72540,2632958
1635288842.7913494,3568436,34792212,5387588,91718,3661020,33873217,228139359,3557156,33795798,72078,2696342
1635288842.8914692,3658863,35182503,5383057,81765,3801962,33875411,228202764,3807890,34030605,73332,2556165
1635288842.9915893,3619040,34993514,5437410,90647,3794789,33962943,228181473,3699758,33973707,72717,2706174
1635288843.0917094,3651486,34980720,5315768,89272,3639787,33823237,228166278,3790026,33873943,71277,2603585
1635288843.1918302,3666172,35142209,5422836,90905,3561821,33837940,228189548,3720365,33921318,71168,2646762
1635288843.29195,3591664,34648578,5380326,79300,3809678,33991574,228260442,3694966,33911623,70557,2649275
1635288843.3920708,3587954,33833491,228240950,3799602,33983906,71216,2634747,3591720,34816378,5606977,95671
1635288843.4921908,3803723,33962997,228153127,3653920,33863504,68833,2660007,3482992,34767911,5450302,92905
1635288843.5923107,3653586,33896071,228101282,3816886,33918892,70502,2673286,3643671,35162626,5358088,89873
1635288843.79255,3682558,35245662,5454929,90778,3788774,33976103,228134917,3711309,33822311,70706,2632773
1635288843.89267,3661155,35127434,5361430,96135,3559651,32832307,218210317,3719281,32760726,68742,2471495
1635288843.99279,3479553,33766861,5166387,101781,3723790,33944499,226745987,3723966,34162547,64434,2564702
1635288844.0929096,3607087,34760824,5367020,128629,3708956,33689175,227978925,3728063,34049105,56072,2613318
1635288844.1930294,3594651,34891637,5335483,157529,1215622,11072872,74913769,1209622,10731437,24319,820538
