1635290136.4953225,3598902,32676797,228016609,3498337,32468706,51037,1964506,3440546,34797950,4998549,101823
1635290136.595454,3288841,33075991,227787953,3402653,32669145,62661,2685671,3203343,33330767,5004509,80364
1635290136.6955848,3199711,32850277,227663469,3440361,32524789,61490,2295282,3413515,33191013,4993340,92694
1635290136.7957194,3203226,32652013,227965679,3385968,32188849,61590,2319143,3347941,33053323,4974086,100894
1635290136.8958523,3474822,33304494,227786579,3380466,32225296,62630,2337927,3307946,33162171,4960558,66917
1635290136.9959834,3391405,32788570,227865241,3369594,32287445,61422,2326682,3398905,33391732,5066145,100677
1635290137.096131,3331685,32459747,228036384,3290711,32573800,63803,2324799,3273134,32605616,4886268,99834
1635290137.1962721,3465646,32556413,227832180,3302931,32451985,63236,2326095,3452480,33488813,5212187,90990
1635290137.2964075,3496454,32756978,227937667,3384633,32263734,64306,2242217,3350798,32589059,5099584,93205
1635290137.3965416,3188844,33160779,227946796,3418527,32819973,61424,2240408,3379920,33277004,4952864,103006
1635290137.4966712,3419101,32290786,227840730,3320960,32883242,60779,2327180,3322176,33077062,4947052,85512
1635290137.5968063,3418818,32418089,227837022,3399540,32629720,68132,2298691,3395764,32793838,4991725,85714
1635290137.696941,3340984,32555086,227891768,3455867,32011263,63250,2355540,3487105,32951444,4955743,94881
1635290137.797074,3394046,32399408,227773569,3315178,32563155,59912,2369726,3168343,32872045,4961349,90219
1635290137.897211,3479511,32708630,228007269,3341554,32938693,64596,2323050,3426927,32915306,5036503,110429
1635290137.997349,3404723,32739474,227860023,3443502,32547706,62677,2356764,3334211,32952544,4899049,72938
1635290138.097484,3415789,33136229,227865779,3411622,32775669,61227,2272574,3395295,32967924,5018250,93929
1635290138.1976185,3344281,31392983,227917723,3346007,32659658,62340,2381213,3479716,32948295,4992689,108396
1635290138.2977536,3348414,32682712,227845888,3462292,32685964,59715,2343273,3183774,33231340,5003549,88393
1635290138.3978846,3439476,32375974,227907196,3363299,33037994,65265,2117155,3374359,32990574,5114754,97002
1635290138.4980142,3180180,32687989,227872661,3443403,32501151,63116,2341831,3412235,33183131,5019565,102580
1635290138.5981476,3460312,32375131,227857035,3347766,32599566,65255,2373567,3245644,33077122,4970518,95918
1635290138.6982822,3378967,32776722,227838704,3402892,32245487,61683,2263565,3397701,32982131,5007571,94694
1635290138.7984185,3431688,32536058,227942310,3363698,32393992,58832,2201803,3255013,33070749,5104806,97058
1635290138.8985517,3248780,32375889,227872465,3456564,32040633,62785,2159714,3508162,33236047,5042786,100994
1635290138.9986877,3531683,32868165,227892842,3399323,32622296,62554,2373122,3430059,33117289,5047725,94091
1635290139.0988243,3454826,32628632,227732665,3418250,32250703,62598,2330187,3351251,33053365,4988835,81260
1635290139.1989582,3507091,32117156,227838775,3339541,32640757,64225,2323822,3441380,33132652,5050725,92824
1635290139.2990942,3360643,32568906,227778374,3416661,32599843,60889,2283798,3276949,33149656,5157574,90522
1635290139.3992321,3377980,32648464,228021389,3419572,32708001,61368,2266603,3187463,33419019,5018279,92995
1635290139.4993658,3459773,32509857,227881434,3379700,32525719,63232,2219948,3368455,32851902,5024606,112748
1635290139.5995042,3333494,32340067,227894032,3364574,32530491,63594,2282576,3258058,33199476,4869653,101743
1635290139.699642,3404139,32863349,227915594,3405748,31880187,61847,2358008,3627399,33409726,5103875,99359
1635290139.7997777,3427837,32490109,227821464,3409195,32043329,60720,2347475,3446855,32967403,5059789,92609
1635290139.8999178,3448051,32579340,227817954,3409687,32414002,60281,2204046,3270028,32855229,5142293,100375
1635290140.000081,3469450,32442566,227840187,3318055,32157585,62350,2283312,3197495,33063193,5002978,95702
1635290140.1002207,3565640,32358493,227857402,3419038,32529567,64897,2324705,3362094,33193165,5039751,94289
1635290140.2003582,3538410,32774150,227917116,3426575,32491751,65468,2348756,3378596,33073906,5008810,77835
1635290140.3004937,3342526,32314968,227923242,3372741,32410410,63883,2330878,3412482,33412359,4976669,94354
1635290140.4006236,3356828,32231689,227742037,3382420,32533470,65944,2438905,3580122,33300190,4974882,106993
1635290140.5007567,3479147,32586907,227946371,3404556,32617819,66390,2431891,3507054,33535481,5144985,93436
1635290140.6008902,3219342,32342298,227724954,3405461,32314279,65593,2146282,3409265,32828206,5021803,97727
1635290140.701022,3278819,32588714,227792390,3419330,32447394,65509,2284397,3392496,33296725,5158160,103162
1635290140.8011558,3445353,32594711,227894879,3407513,32486159,65146,2363943,3385072,32959802,5021458,95245
1635290140.9012902,3391956,32585271,227872497,3418785,32493784,65487,2313755,3399604,33105963,4986585,91493
1635290141.0014207,3416732,32725908,227855784,3389082,32584382,67377,2486737,3588327,33452576,4930090,98074
1635290141.1015518,3365600,31993810,227826057,3344507,32466080,61061,2121028,3507252,33216191,5043398,109857
1635290141.201681,3586356,32441496,227831523,3539033,32408611,64534,2268879,3374380,33270111,5058540,99731
1635290141.301809,3396147,32646586,227940219,3383524,32101427,63096,2449494,3323519,33243164,5108501,112732
1635290141.401941,3488176,32717337,227975843,3456245,32470406,62171,2365164,3477421,33427943,5120880,102166
1635290141.5020707,3457563,32775922,227931024,3433518,32413208,62828,2392660,3516712,33645806,5033413,103335
1635290141.6022031,3351609,32894167,229664115,3460402,32636339,61327,2290224,3468129,33484312,5107968,106594
1635290141.702333,3639553,32729468,227839295,3319100,31360779,61721,2469206,3402243,33219954,5079226,91560
1635290141.8024652,3421835,32576309,227887072,3417962,32407289,61323,2308381,3520899,33787663,5204191,126409
1635290141.902594,3540652,32282998,227862681,3410668,32374687,61644,2365600,3424798,33236795,5051220,100391
1635290142.0027246,3424990,32485686,227978829,3445157,32664023,60492,2304970,3327945,33196137,5153374,121740
1635290142.1028583,3425375,32209036,227757281,3456482,31869407,59499,2212631,3469759,32906137,5064960,104969
1635290142.3031163,3530174,33699070,5144809,108044,3229637,32849025,227858757,3517151,32324682,61231,2508267
1635290142.4032447,3511051,33466992,5103498,113204,3375547,32660023,227731532,3420294,32413968,63595,2462968
1635290142.5033715,3365020,33396913,5084505,115985,3435940,32568821,227870049,3368636,32366997,61943,2334374
1635290142.6035025,3435974,33278660,5003857,103227,3524875,32085186,227905566,3449162,32452666,61369,2289386
1635290142.703633,3417200,32794002,5154917,102336,3352847,32540416,227958038,3498021,32507626,64053,2390666
1635290142.8037622,3453689,33399003,5158034,106844,3641980,32781055,227882116,3444214,32422864,63256,2299096
1635290142.9038932,3486553,33386286,5160150,113598,3568379,32253111,228004245,3455378,32652165,63374,2380947
1635290143.0040236,3418506,32360327,228093923,3515804,32425010,64774,2393372,3411957,32656266,5115403,110271
1635290143.104153,3437239,32478142,228040855,3441586,32824169,63931,2492022,3101239,33075119,5301084,114461
1635290143.2042823,3466515,32736198,228030923,3462194,32630545,61920,2463001,3544100,33562741,5131925,103892
1635290143.404541,3523094,33660886,5049735,116097,3513102,32332624,228053254,3470262,32455216,60484,2456880
1635290143.5046697,3479485,33258088,5021443,111732,3599682,32567164,228245969,3428696,32626873,60505,2276142
1635290143.6048043,3493032,33215301,5113575,102744,3545446,32269016,227825748,3383137,32473683,59829,2363183
1635290143.7049334,3451486,33164448,5067990,103629,3441685,31874607,227860754,3514508,32469761,61122,2276248
1635290143.805062,3453221,33041737,5089777,106964,3723744,32440425,227972623,3470085,32477749,61642,2322524
1635290143.9051907,3463879,32879065,5085663,108356,3582849,32245805,227928650,3449778,32807014,62900,2475117
1635290144.0053213,3434435,33157179,5134422,112489,3583347,32182422,227943924,3452640,32365544,60566,2280917
1635290144.105449,3614578,32519951,227883866,3448371,32351094,60301,2367342,3392865,33029914,5189123,101613
1635290144.205615,3425966,32696049,227901949,3480227,32650645,60089,2380841,3329283,32454588,4951166,105025
1635290144.305755,3471385,32578900,228634369,3436312,32798609,60999,2472835,3458979,33353408,5078549,107833
1635290144.5060308,3638836,33840135,5291232,105531,3564033,32235974,227837024,3451390,32261951,63476,2486937
1635290144.6061645,3478554,33258345,5143123,97396,3612097,32830320,227898254,3396600,32007071,63156,2310727
1635290144.7063055,3526556,33332105,5062632,85428,3461722,32616084,227811294,3590911,32256692,61595,2408520
1635290144.806444,3424629,33248754,5230605,112944,3573611,32573591,227740611,3535927,32328132,62678,2332317
1635290144.9065793,3500984,33393289,5128334,101524,3647795,32208874,227759426,3436122,32310197,62266,2456699
1635290145.006715,3540070,33376308,5226323,113969,3494810,32591621,227959147,3502042,32328192,62185,2510575
1635290145.10685,3473857,33063406,5122756,99590,3568130,32158811,227924602,3442856,32454892,60514,2279474
1635290145.206985,3413406,32246409,227879416,3404261,32444687,60514,2471071,3433205,33380371,5261875,104909
1635290145.3071153,3601981,32143746,227823753,3449848,32476798,62213,2329106,3226332,32373343,5136568,113063
1635290145.407243,3447811,32368285,227894781,3585460,32280951,62113,2090588,3589268,33545079,5202034,111695
1635290145.6075068,3506921,33199255,5112046,109503,3442518,32425385,227949454,3515868,32685082,60437,2447324
1635290145.7076418,3351555,32914694,5108523,94665,3421223,32690726,227902224,3541963,32449525,59819,2284692
1635290145.8077729,3509004,33181845,5184524,110908,3498096,32674355,227746469,3594816,32201256,61516,2361059
1635290145.9079018,3509358,33449160,5092969,100539,3565472,31667726,227910616,3390392,32463029,61350,2462102
1635290146.008031,3361854,33052141,5246257,103346,3525722,32273772,227946302,3517789,32494545,62632,2495572
1635290146.1081603,3559176,33617402,5255023,113571,3181789,32517487,227902243,3615340,32502398,64479,2479761
1635290146.2082908,3486351,33463297,5181767,111278,3585869,32473636,227754755,3487832,32149127,63431,2476199
1635290146.3084695,3578617,32052006,227877076,3425570,32321779,60041,2468280,3443414,33485640,5284790,111278
1635290146.408635,3593710,32337588,228235842,3473071,32382129,58663,2444909,3812841,33714146,5202082,111416
1635290146.508775,3458712,32450876,227836863,3599256,32179313,60870,2458300,3382345,33442564,5192608,114537
1635290146.7090364,3508144,33612580,5206103,117029,3562461,32333967,227906667,3424664,32096586,62815,2457667
1635290146.8091652,3499980,33412106,5113075,112360,3610509,32387991,227889027,3478184,32448730,61165,2500861
1635290146.909296,3496830,32918556,5096163,114101,3623328,32403695,227792516,3382586,32406205,60031,2458191
1635290147.0094264,3396090,33057372,5290660,107841,3539572,32499285,227892105,3462847,32229475,59516,2490177
1635290147.109559,3495804,33357649,5209494,119424,3481618,32630609,227982555,3529698,32153343,60628,2434073
1635290147.2096894,3539509,33804615,5230838,113431,3134419,32320853,227973785,3573263,31902048,62118,2466727
1635290147.3098226,3487177,33248054,5169229,121084,3611370,32553231,227835442,3561840,31957234,61059,2441749
1635290147.4099529,3579865,32631691,227866324,3559710,32200595,63603,2392677,3500674,32915536,4712706,90696
1635290147.5100882,3496477,32341921,227798760,3442561,32183714,64662,2488586,3417723,33726945,5334487,99510
1635290147.6102202,3594731,32245886,227845865,3456465,32277610,61223,2468051,3946570,33170999,5144709,105785
1635290147.8104815,3337485,32981779,5151447,101571,3598035,32237627,227821480,3457464,32214970,63924,2462933
1635290147.9106135,3392335,33154541,5177280,90106,3615184,32382981,227859069,3472455,32792091,58514,2412269
1635290148.0107415,3423588,33132635,5166611,113700,3614842,32634947,227965220,3428891,32143510,63479,2393021
1635290148.1108723,3425410,33214604,5214691,111056,3539748,32371684,227723447,3477085,32138821,62905,2482431
1635290148.2110076,3612924,33348381,5165923,115143,3313246,32163224,227986577,3680547,32220785,63677,2499365
1635290148.3111389,3616373,33747586,3944147,112316,4523103,32535145,227956577,3589275,32270700,60536,2419087
1635290148.411268,3527891,33263246,5209592,110000,3176405,32359659,227885908,3596566,32049136,59731,2279941
1635290148.5114028,3534187,33267710,5232910,99087,3419738,32737667,228036755,3601065,32197883,62538,2355870
1635290148.6115313,3594799,33639608,5228406,114524,3510087,32758386,227878680,3616070,32270997,62253,2313583
1635290148.7116625,3543436,33420971,5239862,110496,3475889,32625911,227931151,3622245,32238105,62932,2482410
1635290148.8117929,3221536,33857854,5236472,115578,3410399,32503373,227791258,3599232,32101839,63977,3161257
1635290148.9119232,3737477,33724316,5280357,113633,3254005,32508069,227787352,3610173,32164079,63953,2123762
1635290149.012054,3426280,33317232,5240552,109346,3367991,32555234,227858822,3615585,32463274,61599,2306797
1635290149.1121836,3542535,33366444,5223657,116105,3421031,32431903,227797583,3525266,32178109,62840,2397600
1635290149.2123113,3550861,33605869,3265850,111454,3476148,32651388,227753777,3671181,32082251,64940,2295694
1635290149.3124387,3520934,33372301,5223011,113882,3516288,32528273,227914157,3756556,32291366,62706,2498040
1635290149.4125679,3548606,33732561,5221396,121346,3153787,32925961,227881686,3518439,32346692,63074,2310759
1635290149.5127017,3535909,33614586,5225871,111034,3152473,32489842,227857095,3606933,32050419,63142,2299788
1635290149.6128325,3533369,33409497,5256563,86501,3352197,32367527,227950337,3623381,32287410,63673,2363553
1635290149.7129617,3514274,33466514,5100046,132933,3538773,32593662,227850616,3594116,32136156,62559,2399312
1635290149.8130918,3571672,34033295,5455472,131417,3544647,32013767,227817037,3493802,31611518,60303,2434290
1635290149.9132216,3650449,33688633,5245436,108011,3388205,32621986,227864174,3630458,32271241,62338,2399296
1635290150.0133522,3495641,33330660,5177740,115299,3289303,32773813,227931951,3606629,32019165,63782,2113204
1635290150.113483,3480511,33337787,3900778,120537,3383148,32639285,227896127,3622956,32201712,58971,2317093
1635290150.2136154,3551094,33616287,5236198,118984,3490144,32549020,227858451,3603444,32141651,66095,2417570
1635290150.3137467,3471138,33211763,5187522,114719,3561554,32427686,227780109,3453907,32195570,61933,2491266
1635290150.413877,3528844,33670338,5203770,113213,3598662,32458644,227757653,3383639,32407464,62313,2488568
1635290150.5140133,3513212,33282495,5213362,116300,3403985,31760781,227959599,3575104,32421420,62777,2397595
1635290150.6141448,3454778,33457760,5229717,103728,3825698,32233393,227867761,3477322,32247329,60914,2521858
1635290150.7142751,3418972,33437749,5178601,124107,3614304,32490381,227881396,3485452,32331419,61580,2486226
1635290150.814405,3456520,33195301,5220013,105456,3590891,32431387,227812233,3478174,32413960,63212,2491233
1635290150.9145343,3506581,33003154,5014139,101411,3608217,32307157,227815121,3459823,32411711,62429,2514180
1635290151.014666,3538131,33400585,5228493,110717,3521997,32315817,227804918,3499853,32583100,63410,2507174
1635290151.1147954,3515233,33179119,5109765,106017,3635876,32544049,227857296,3566399,32176148,63798,2453334
1635290151.214928,3458029,33231705,5133418,116861,3573077,32620828,227936206,3594830,32180936,62392,2348505
1635290151.3150585,3556393,33523521,5155919,91482,3494356,32549569,227852944,3564037,31876911,62640,2463632
1635290151.4151871,3522895,33595224,5207063,101978,3472120,32650821,227864372,3597094,32484732,62469,2345929
1635290151.5153198,3490636,33348881,5199695,117169,3395241,32951254,228069187,3587007,32036668,60435,2470578
1635290151.6154509,3537892,33510302,5228634,115694,3334416,32202785,227992039,3684147,32084598,59605,2258024
1635290151.71558,3488441,33208056,5215964,117511,3555378,32532692,227853049,3451183,32069531,59203,2289136
1635290151.8157077,3455710,33117359,5202252,113596,3551340,32571304,227873259,3505200,32338038,57605,2381021
1635290151.9158373,3451827,33309941,5236569,110882,3580734,32321104,228009262,3453519,32360475,59363,2491514
1635290152.0159645,3439791,33520085,5075334,119203,3658899,32498594,227800014,3464307,32447196,58531,2481001
1635290152.1160917,3385869,33540285,5305509,105531,3614780,32380056,227837080,3449261,32301448,60659,2504159
1635290152.216223,3469417,33049986,5145931,102867,3613310,32544450,227931017,3394899,31789283,60623,2403845
1635290152.316353,3486595,33211347,5200402,97269,3633319,32562565,227862867,3449716,32401855,59336,2588130
1635290152.4164839,3552024,33324122,5189392,106501,3489892,32435300,227813325,3591605,32351014,61044,2364377
1635290152.5166209,3509584,33457415,5091998,100280,3462975,32196024,227854821,3508565,32370167,62057,2390951
1635290152.6167488,3506366,33489467,5162105,112323,3616199,32413372,227762424,3582077,31786475,62384,2101512
1635290152.7168796,3540681,33891353,5243075,112105,3461595,32473123,227933533,3748776,32118402,61898,2472483
1635290152.8170073,3528119,33694994,5220019,109627,3470991,32611060,227825362,3485368,31983643,62054,2312829
1635290152.9171398,3513928,33565994,5241985,110906,3403234,32701587,227842204,3591174,32217674,60047,2359769
1635290153.0172725,3573187,33642948,5233333,105562,3430487,32489125,227910452,3598763,32074163,60911,2374874
1635290153.1174037,3518969,33606201,5109978,127963,3533091,32441664,227842575,3565119,32160888,59533,2473890
1635290153.2175324,3615890,33958192,5391924,117092,3546558,32373628,227836461,3486541,32227611,60213,2262422
1635290153.317662,3459858,33146769,5248494,110517,3601541,31616390,227787501,3404655,32288988,58999,2317184
1635290153.4177916,3340769,33045834,5211746,115245,3581606,32274618,227879726,3473124,32609981,60423,2523483
1635290153.5179243,3486184,33597514,5245785,121382,3608474,32315628,227956870,3446258,31894887,55632,2500959
1635290153.6180537,3440785,33596264,5301798,118658,3601413,32098095,228040371,3442195,31993626,59669,2418654
1635290153.7181802,3353823,33317158,5290374,108164,3625276,32322180,228006151,3362051,32249769,60652,2479688
1635290153.8183084,3365702,32974141,5144402,105202,3601367,32027769,227879589,3566877,32379684,59371,2481808
1635290153.918435,3526554,33268868,5156376,111954,3643546,32677154,227856983,3367824,32403000,60906,2515175
1635290154.0185637,3499177,33203313,5135966,104142,3387168,32284437,227880056,3432649,32428035,61822,2477351
1635290154.1186924,3523808,33547955,5087591,107349,3416878,32112488,227842010,3504343,32475709,62159,2370871
1635290154.218818,3514579,33525140,5087595,111183,3591587,32433178,227904388,3570241,32268906,61332,2106007
1635290154.3189452,3562671,33618655,5288161,107502,3609996,32371473,227931857,3603712,32484743,61778,2510047
1635290154.4190738,3523202,33715186,5191331,113954,3268813,31230193,227875966,3525679,32223934,61757,2299549
1635290154.5192053,3610968,33392878,5205656,119390,3389516,32247998,227876410,3579080,32228985,60730,2422349
1635290154.6193357,3615377,33606768,5227482,116512,3467647,32484908,227812113,3574590,32288128,60478,2377831
1635290154.7194688,3458489,33237319,5220211,110022,3510688,32141968,227900982,3519043,32381617,62724,2382831
1635290154.8195987,3519396,33373609,5203089,117805,3568744,32016907,227784011,3370013,32251240,61196,2637234
1635290154.919728,3643343,33383688,5266838,115334,3573202,32113636,227762166,3547134,32209005,60589,2164463
1635290155.0198565,3451685,33206988,5245888,113366,3597340,32305792,227928266,3410556,32344114,60628,2431611
1635290155.12001,3489601,33472275,5199608,109791,3550323,32334897,227916543,3492405,32439947,58990,2466871
1635290155.2201393,3362668,33010534,5257534,110006,3558270,31894808,227873674,3440572,32293845,60130,2464089
1635290155.3202684,3383402,33084175,5226567,104473,3732081,32382002,227961605,3468638,32466572,59651,2471316
1635290155.4203966,3518719,33273754,5208461,101726,3409768,32095779,227844349,3433363,32453156,60240,2442239
1635290155.5205312,3493593,33063063,5116226,95551,3531430,32083104,227860657,3498103,32442425,62302,2461713
1635290155.6206625,3468850,33269298,5083267,134729,3599760,32281283,227922508,3576405,32346501,62554,2428501
1635290155.7207928,3653469,33840426,5117143,92782,3452136,32304474,227868465,3604865,32344986,60569,2300572
1635290155.820921,3473453,33395581,5177461,104680,3433662,32262175,227897538,3589608,32440787,65077,2171935
1635290155.921052,3465913,33350458,5212920,113297,3450944,32187749,227853278,3509853,32444873,60649,2682903
1635290156.0211802,3476700,33332479,5173603,119211,3134564,32366500,227776603,3806287,32170610,61644,2418681
1635290156.1213083,3560102,33586225,5234173,107584,3480329,32188230,227819488,3480286,32469246,60565,2301869
1635290156.2214417,3485059,33394539,5256234,117945,3491044,32385951,227823577,3532346,32370018,59909,2427373
1635290156.3215692,3439365,33421483,5261107,116612,3736940,31964956,227911388,3473033,32158440,58344,2448829
1635290156.4217103,3401731,33475898,5238031,114246,3593887,32441925,228107170,3472790,32135503,59165,2409382
1635290156.5218608,3197706,32478591,5041993,112819,3469642,32412298,227893315,3465601,32375293,58924,2468785
1635290156.6220098,3443377,33133765,5098618,102275,3610954,32349501,227851744,3453084,32309324,59509,2484446
1635290156.7221484,3435040,32805438,5105457,114326,3560869,32014290,227857642,3470673,32480787,61222,2509761
1635290156.8222818,3634940,33251872,5190122,118410,3553743,32082021,227808800,3455165,32377299,59578,2474722
1635290156.9224162,3460559,32902916,5101135,113624,3503551,32146148,227841474,3435563,32109224,60701,2444183
1635290157.0225513,3495357,32985067,5099924,109589,3400093,32177325,227858793,3473859,32338616,60218,2232168
1635290157.1226811,3482416,33263539,5121422,107140,3573752,32310357,227870728,3643776,32072871,60266,2466345
1635290157.2228098,3494308,33134492,5068305,119145,3496675,32228925,227998211,3475008,32096430,62459,2459836
1635290157.3229384,3501583,33431684,5137094,100134,3455280,32273348,227968184,3568731,32382943,62153,2357017
1635290157.4230673,3483785,33222369,5206704,101586,3332359,32024118,227747124,3578190,32056786,61404,2281907
1635290157.523196,3503167,33358985,5175774,118643,3594448,32189775,227833558,3583272,32203583,61824,2418266
1635290157.6233249,3514951,33431858,5167098,117449,3480250,32435501,227783076,3605995,32322290,60002,2421025
1635290157.723453,3511241,33190797,5167570,112285,3261527,32258445,227805391,3587420,32191402,60332,2282450
1635290157.823581,3359720,32280112,227812224,3594787,32300589,61068,2359397,3335559,32955947,5130885,118269
1635290157.9237099,3453537,32216809,227902243,3566225,32204150,58901,2462892,3619754,33251960,5113926,120870
1635290158.0238397,3469619,32216831,227826787,3540295,32031978,60240,2468581,3514845,33156091,5118136,120838
1635290158.2240956,3527794,33356363,5165466,118488,3632062,32505676,227911871,3337831,32122650,60010,2287630
1635290158.3242238,3421435,33254063,5177014,110730,3567035,32176137,227832582,3608045,32435498,60297,2422736
1635290158.4243505,3428609,33152603,5137458,119100,3490905,31945892,227890782,3373039,32393332,60055,2486728
1635290158.5244813,3371138,33039417,4821388,138057,3462378,31858980,227975967,3485414,32529233,59911,2462134
1635290158.6246328,3358014,33075502,5103598,123323,3639771,32282793,228098989,3451199,32364707,59415,2468409
1635290158.72478,3266890,33314459,5125548,101920,3597050,32341350,227847652,3458515,32207635,59826,2466904
1635290158.8249152,3437898,33141387,5113975,95997,3594018,32167486,227844269,3461850,32470410,59882,2475083
1635290158.9250467,3602813,32227292,227865666,3451637,32383903,61448,2444878,3438736,32826448,5084018,112179
1635290159.0251746,3587584,32375864,227908220,3441545,32523402,61318,2487498,3625452,33076899,5041097,103596
1635290159.1253026,3512032,32218003,227788363,3437474,32321442,61225,2479899,3503165,33283827,5053091,108209
1635290159.3256774,3507864,33359839,5112803,105248,3595351,32298567,227916056,3503838,32478474,62273,2472514
1635290159.4259584,3510236,33468472,5079019,108240,3441036,32421775,227893845,3716983,32104182,62313,2502571
1635290159.5262723,3517299,33418991,5120532,101838,3446437,32438854,227954173,3670466,32143040,62094,2343771
1635290159.6265903,3514560,33233762,5112930,109624,3503777,32736968,227924527,3545472,32300906,63350,2315676
1635290159.7269132,3489458,33311709,5134323,114251,3491395,32430621,227878271,3565580,32279887,60948,2502083
1635290159.827221,3532804,33342583,5152357,117932,3227111,32455738,227808417,3597358,32306234,61793,2274061
1635290159.9275131,3493741,33177418,5153306,119559,3214580,32483263,227871119,3591123,32194099,61568,2269642
1635290160.0278316,3475720,32361816,227831619,3555588,32435230,60190,2403725,3427430,32969972,5104048,122909
1635290160.1282537,3595868,32408248,227899286,3468157,32363845,62045,2484889,3328288,33049767,5113934,115250
1635290160.228449,3583889,32356009,227812169,3445261,32348383,61199,2472009,3424626,33003376,5104228,115758
1635290160.4290621,3250986,32794006,5054949,107328,3609965,32206294,227793555,3468855,32492957,60661,2473376
1635290160.5293415,3453228,32961553,5059433,106333,3598436,32210010,227898498,3507285,32286195,61847,2494279
1635290160.6296737,3486675,33202573,5104583,124691,3530246,32324999,227895744,3497163,32650426,61504,2492073
1635290160.7299848,3480173,33271223,5086709,104030,3447253,32268628,227759082,3418083,32361988,62283,2404963
1635290160.8303306,3440409,33526239,5068238,108311,3299420,32170320,227855255,3578410,32436763,62763,2156695
1635290160.9306283,3432195,33118395,5072817,124078,3614759,32526326,227969062,3597786,32256469,62512,2513218
1635290161.030944,3505915,33426023,5159746,117113,3663161,32587476,227880212,3590011,32414317,62677,2311677
1635290161.131242,3387516,32453100,227828776,3619230,32337853,60707,2349662,3498120,33181409,5217959,114273
1635290161.2316406,3443257,32315926,227895417,3568994,31619007,61371,2343617,2834784,33337435,5162990,120531
1635290161.3318691,3452125,32565941,227905517,3606306,32276172,60408,2456000,3558827,33304351,5212978,112777
1635290161.5324874,3547275,33155419,5191618,120240,3596372,32481765,227980990,3433745,32179773,60241,2205476
1635290161.6327693,3389801,32966125,5155128,119530,3608736,32576354,227840489,3531070,32339226,62050,2461366
1635290161.733131,3390648,33138414,5109899,114233,3601532,32291758,227735577,3381608,32560254,62353,2494812
1635290161.8334475,3398043,33115870,5217915,115205,3622645,32513763,227886276,3380703,32283409,60633,2468667
1635290161.9337697,3427156,32932944,5156560,109048,3408900,31901216,227824901,3510228,32432290,59969,2480365
1635290162.0340915,3477903,33069578,5117961,109081,3866335,32439280,228055067,3453978,32434330,61948,2560308
1635290162.1844718,3462636,33359513,5127091,111565,3612980,32557470,228272483,3573216,32554665,61825,2517585
1635290162.2846038,3551206,32449579,228375823,3581661,32519895,62313,2356716,3461925,33148360,4932962,98196
1635290162.3847368,3485397,32603316,228382877,3612982,32643876,61439,2283726,3559186,34108466,5369905,107956
1635290162.4848664,3471214,32390746,228415566,3621214,32338147,61240,2507790,3375118,33219985,5223943,120583
1635290162.6851244,3488024,33375711,5185777,123124,3298577,32632842,228282293,3581124,32464997,60918,2200707
1635290162.785252,3392000,33105532,5191107,118209,3567404,32379429,228060961,3488512,32523993,64809,2367043
1635290162.8853834,3411097,33121111,5242886,117539,3625813,32712592,227963523,3390647,32788293,64628,2449335
1635290162.9855156,3427962,33292876,5261349,107412,3597788,32272943,227909831,3485282,32482108,64403,2497938
1635290163.085646,3372363,33024045,5191900,110962,3664438,32466341,228054265,3475840,32564423,65138,2477134
1635290163.185778,3497745,33236727,5163031,103045,3228586,32316496,228108353,3452734,32513878,62387,2480411
1635290163.2859087,3507799,33479377,5131475,112327,3595722,32378646,227857429,3521189,32568215,63691,2528312
1635290163.3860395,3579773,32562377,228139427,3624556,32568532,65604,2348427,3491810,33505725,5154398,93065
1635290163.4861722,3457367,32458940,228367234,3594586,32497716,64135,2283986,3488284,33222849,5197473,113477
1635290163.5862994,3452443,32638252,228264789,3602729,32385094,63198,2489065,3111321,33324328,5171495,116657
1635290163.6864295,3374400,32684669,228305555,3630046,32438998,64079,2414691,3540831,33456174,5205249,120921
1635290163.7865613,3456680,32492639,228198607,3524082,32341115,64816,2130205,3451590,33275536,5192661,119303
1635290163.8866928,3490592,30992110,228323327,3568408,32443295,61106,2359374,3417226,33177023,5203240,115660
1635290163.9868348,3605629,32497366,227920544,3446144,32340957,63182,2388036,3462728,33249517,5240250,113478
1635290164.0869668,3605877,32437362,227897028,3547645,32598512,63642,2484467,3408534,33070847,5200370,115088
1635290164.1870978,3593481,32372852,228211030,3405508,32492084,63331,2511047,3315376,32757217,5113799,109646
1635290164.287228,3164882,32361036,228115045,3501683,32297596,62969,2489056,3499884,33142910,5165338,96483
1635290164.3873608,4012404,32402165,228121814,3459302,32373139,64126,2462426,3527533,33456769,5148891,132163
1635290164.4874935,3401069,32490352,228418550,3578068,32400048,64106,2383178,3517535,33437679,5117519,96006
1635290164.5876238,3508617,32361931,228240962,3576533,32128549,62156,2284708,3520502,33215632,4959857,107096
1635290164.6877508,3459876,32399367,228297588,3569150,32139702,62067,2239429,3624522,34210736,5276020,111862
1635290164.7878826,3606422,32534894,228069058,3580802,32282341,63976,2679444,3531620,33408887,5168562,127421
1635290164.8880122,3401220,32467173,227921602,3586333,32389067,61280,2132134,3480913,33260548,5193117,121315
1635290164.988144,3365592,32420660,227888341,3566717,31697451,59334,2334873,3583053,33603056,5205759,118130
1635290165.0882747,3489174,32342089,228023070,3589520,32359346,62010,2423559,3505002,33375733,5187071,123197
1635290165.1884072,3608615,32491581,228299029,3403112,32584388,61241,2487035,3626138,33636721,5230260,116432
1635290165.2885368,3614533,32729747,228331889,3382595,32420013,59674,2556353,3384343,33058561,5159146,116033
1635290165.388663,3636274,32081009,228299043,3557666,32435625,61447,2474223,3474461,33287430,5176288,91760
1635290165.4887934,3581114,32445187,228304446,3434038,32293594,60874,2487606,3508524,33117676,5132350,116149
1635290165.5889251,3561553,32391533,228164037,3436664,32194541,62234,2462551,3522727,33421533,5126888,94354
1635290165.689057,3583663,32224091,228010009,3433582,32113217,60153,2454069,3500616,32911274,4984051,123286
1635290165.789187,3536671,32206106,227970658,3425032,32170470,62324,2491460,3503331,33243992,5194130,104928
1635290165.8893192,3439898,32295405,228251631,3445347,32050548,61832,2455615,3500405,33334016,5096333,103749
1635290165.9894521,3577692,32316390,228269951,3475191,32239983,61114,2401528,3493234,33322389,5121777,115115
1635290166.0895839,3612794,32673699,227977498,3523708,32087469,62835,2454238,3525600,33295707,5094455,90246
1635290166.1897137,3464516,32300099,227955140,3562392,31913392,62769,2326967,3504642,33333029,5151863,102667
1635290166.2898448,3457132,32268289,228242241,3516765,31991396,63322,2324196,3526495,33577676,5200224,110432
1635290166.3899758,3603236,32189164,228349923,3575266,32250257,59975,2420689,3477405,32948984,5143039,114857
1635290166.4900877,3411861,32310210,228860058,3793322,32352822,63585,2489795,3537827,33583612,5229191,113248
1635290166.5902214,3454506,32169090,227985593,3473208,32026524,62100,2303387,3558911,33319013,5179443,118689
1635290166.6903527,3366715,32340877,227944085,3559273,31908170,60819,2339067,3551380,33310266,5180965,116335
1635290166.7904837,3367242,32377664,228033773,3555346,32051505,62230,2369903,3529144,33473294,5126602,117808
1635290166.8906147,3601592,32554828,228090854,3525945,32088403,62459,2458668,3634266,34019997,5395903,121628
1635290166.9907467,3584665,32460197,228077636,3455029,32041784,61273,2269682,3470534,33072062,5215761,107637
1635290167.0908787,3598949,32330098,227958451,3451139,32282486,61496,2332625,3387218,33244909,5178883,112168
1635290167.1910133,3550262,32134371,227901122,3444477,32313197,62540,2578745,3426286,33063405,5114093,122555
1635290167.2911494,3616902,32343696,227905945,3438442,32438889,60121,2544674,3439657,33184972,5227184,111519
1635290167.3912811,3608776,32535849,228297873,3481706,32529951,61738,2395112,3513160,33201592,5107379,105603
1635290167.4914114,3434746,32058837,227890979,3377068,32301102,62911,2468340,3471950,33303277,5125469,107215
1635290167.591543,3597870,32027641,228060696,3564680,32380952,61993,2474827,3491762,33469616,5061739,113433
1635290167.691675,3539288,32687575,228047078,3528572,32405631,63038,2460115,3506500,33483917,5124406,93784
1635290167.7918077,3402457,32283160,228095300,3587057,32294440,62410,2349377,3525392,33489431,5231979,106054
1635290167.8919394,3593394,32305739,228323846,3566818,32412563,63488,2296951,3523279,33379167,5197579,123781
1635290167.9920702,3374589,32237744,228195086,3571228,32277955,63198,2456533,3532079,33564616,5226188,117679
1635290168.0922046,3379880,32143809,228093835,3599723,32470339,61743,2199867,3468551,33086984,5226473,124710
1635290168.1923382,3400682,32045493,227945738,3506280,32442266,62533,2396337,3395912,33349339,5282581,112758
1635290168.2924693,3598879,32210648,228170544,3456540,32495355,61781,2461212,3475985,33225177,5208946,118496
1635290168.392601,3552993,32014674,228371172,3462679,32261224,60072,2438447,3452317,33335609,5219258,118975
1635290168.4927344,3571920,32077750,228446791,3458497,32410062,59818,2449561,3326011,32981703,5254062,112073
1635290168.5928707,3575411,32014702,228104264,3529303,32112621,60501,2603793,3434055,32979763,5144930,105072
1635290168.6930184,3561657,31807578,228025177,3359747,32400043,60654,2456909,3497387,33092916,5143140,99158
1635290168.7931943,3559623,31879982,228085233,3350558,31987482,59939,2490328,3542407,33348419,5163720,116054
1635290168.8933315,3481675,32192904,227929321,3492375,32387265,60688,2487580,3514567,33317941,5075001,103643
1635290168.9934697,3580762,32065805,227999957,3450721,32519003,62062,2488479,3493888,33438914,5137424,105649
1635290169.093605,3352410,32142884,228200318,3505422,32576475,61914,2331095,3502927,33476333,5175452,101291
1635290169.1937385,3484846,31938071,227995820,3577880,32528940,62463,2455465,3503977,33123397,5074206,119639
1635290169.293873,3559178,32227647,228216625,3585460,32304956,63794,2427989,3554423,33895952,5254538,135307
1635290169.3940053,3349244,32184384,228199023,3593555,32334475,61639,2397252,3619151,33306041,5159197,104739
1635290169.494137,3418006,32062374,228197409,3596406,32339694,63218,2297624,3469003,33168470,5149484,122187
1635290169.594269,3343471,31173124,227968296,3591184,32281633,60717,2188189,3486162,33368520,5190352,119484
1635290169.6943967,3415461,32425729,228378018,3666768,32576366,59344,3228403,3510087,33419841,5217657,115787
1635290169.7945256,3197970,32364454,228129182,3509824,31586696,60080,2261295,3494930,33214169,5231391,111819
1635290169.8946543,3388295,32170958,228334703,3520187,32266928,61458,2291828,3503313,33344318,5227237,117581
1635290169.9947834,3441284,32077223,228149591,3540190,32142660,61060,2352264,3457332,33224441,5211735,114191
1635290170.0949128,3693283,32278536,228035656,3530571,32449882,61755,2526440,3519997,33413621,5226081,113839
1635290170.1950405,3582346,32136107,228032948,3472423,32442936,60277,2450003,3355937,33063112,5148607,116193
1635290170.2951698,3531500,32070317,227906783,3458496,32339931,60875,2456943,3418252,33218093,5119643,92387
1635290170.3952985,3541086,31938989,228062781,3443621,32363065,59475,2446952,3442722,33105115,5154470,100277
1635290170.4954276,3565545,32137385,228163563,3468102,32416442,61171,2464910,3502599,33038991,5182474,121713
1635290170.595555,3581701,32416446,228107137,3464999,32354074,61238,2470045,3545989,32919925,5104644,111230
1635290170.6956842,3541946,32180000,228177991,3456318,32464847,63847,2485806,3487408,33063586,5095823,110022
1635290170.8959675,3505513,33347319,5120885,107033,3584462,32260753,228014640,3549163,32329311,62157,2472055
1635290170.9961221,3461483,33059100,5057045,116175,3493538,32375271,228164079,3511878,32374440,61930,2487843
1635290171.0962627,3530290,33495248,5160538,96065,3436941,31923212,227916576,3615867,32346015,63326,2358415
1635290171.1963947,3502305,33164052,5179438,107763,3514614,32581037,227934746,3658166,32449893,61653,2306828
1635290171.2965252,3502297,33148345,5142116,119996,3402770,31477928,228046521,3545367,32067178,61072,2361114
1635290171.396659,3537324,33530846,5160287,125548,3556499,32232438,228086157,3582711,32094954,59676,2454891
1635290171.4967916,3554208,33357351,5159311,114899,3329760,32586750,228044854,3596385,32103003,60778,2268668
1635290171.5969288,3344027,32325391,228049359,3608197,32276575,59695,2341194,3482253,32926262,5089641,120461
1635290171.697066,3518507,32483763,228181355,3542776,32356995,60135,2474907,3345690,32974157,5122426,120401
1635290171.797197,3571975,32345329,228224394,3492553,32424393,61575,2461929,3594452,33458369,5198594,116314
1635290171.9974632,3469919,33209120,5153940,117937,3623714,32437114,228185280,3519122,32619841,59417,2393710
1635290172.0975978,3411114,32967163,5072277,127020,3616264,32589323,228236332,3412659,32324208,59843,2462519
1635290172.1977305,3431426,33222985,5081526,116430,3590717,32382744,227957468,3406772,32159697,59855,2485591
1635290172.2978656,3502588,33230217,5051057,116753,3644093,32410796,227967730,3544311,32369613,59185,2470841
1635290172.3979993,3515369,33008837,5059275,109395,3302060,32402493,228122073,3442424,32217832,59313,2448985
1635290172.498131,3507236,33217350,5103030,109580,3598085,32243861,228199502,3451701,32376136,61805,2465964
1635290172.5982623,3537897,33570988,5128140,121625,3612574,32320262,227896861,3572555,32523376,61777,2466970
1635290172.698396,3581129,32511136,228088681,3618774,32340379,61099,2352209,3514408,33341263,4885134,101086
1635290172.798528,3463073,32582441,228390513,3612649,32248347,61176,2296937,3156945,33082424,5117965,111214
1635290172.898661,3469402,32542790,227845496,3583109,32266368,61826,2484911,3548998,33432272,5131303,116119
1635290173.0989232,3500368,33235413,5141851,125215,3283822,32460820,228121227,3554572,32381229,61598,2249957
1635290173.1990542,3463789,33123071,5160146,116258,3549536,32334136,228081191,3448972,32387257,60659,2277878
1635290173.299184,3454481,33131969,5222448,115278,3568678,32231288,228148649,3617176,32282293,60802,2408152
1635290173.3993137,3442308,32940673,5086391,120544,3591545,32311757,228189451,3388009,32103273,61270,2462239
1635290173.4994438,3340035,32716672,5144253,119650,3391415,32338403,228326883,3496261,32611168,62056,2501827
1635290173.5995739,3358546,32830564,3780113,101649,3820694,32466474,228437011,3448321,32473925,61954,2469955
1635290173.6997037,3434132,32933355,5115421,96911,3614817,32294526,227995300,3472821,32712817,61553,2472529
1635290173.7998333,3583818,32198703,228062797,3442706,32314100,60711,2477394,3481497,33131803,4987148,115325
1635290173.8999646,3524578,32222072,228012495,3498115,32449391,61296,2393158,3296430,33072049,5149495,103436
1635290174.0000806,3472567,32708136,228224372,3593354,32310745,61584,2167730,3481745,33539186,5041532,108264
1635290174.2003372,3435719,33456251,5134523,114052,3648384,32589297,228050437,3586705,32380477,62848,2464964
1635290174.300466,3482738,33429412,5209085,114974,3390564,32386316,227891018,3568836,31892637,62286,2305910
1635290174.4005952,3468079,33345421,5144459,108495,3427558,32100535,227897167,3647363,31962835,62629,2338675
1635290174.5007217,3482172,33227582,5173558,119253,3461705,32280963,228271830,3579575,32305750,61852,2416889
1635290174.6008472,3432330,33413088,5195964,115098,3404413,32324793,227867723,3554781,32382786,60470,2464267
1635290174.7009785,3538372,33128935,5192586,117033,4118826,32378174,228196254,3510625,32155260,60038,2166638
1635290174.8011088,3383763,33000258,5173698,114213,3513122,32309240,227951472,3483571,32289914,60742,2391003
1635290174.9012396,3596409,32142407,227984185,3434447,32270176,60674,2455149,3392577,33097940,5180422,117607
1635290175.0013702,3603985,32333656,228209408,3451658,32449203,62576,2504315,3317704,32294359,5142830,119562
1635290175.1014988,3588667,32254842,228255025,3448528,32384791,62469,2544099,1700940,33284760,5263495,115419
1635290175.2016263,3596511,32290139,228155850,3456453,32422613,60789,1898914,3318404,32933203,5107288,105835
1635290175.3017566,3618529,32537788,227963036,3413399,31870142,59423,2486279,3437231,33022911,5163351,92366
1635290175.4018865,3615333,32481286,228070413,3488818,32612139,61191,2551123,3402621,32848823,5116038,112461
1635290175.502015,3495493,32523961,228186220,3580667,32514886,60694,2403149,3457722,33376066,5088598,104144
1635290175.6021433,3465600,32501663,228040779,3525588,32376307,62502,2347011,3508249,33447859,5030327,111069
1635290175.7022717,3478845,32312630,228149984,3586927,32279337,63474,2085584,3468062,33369637,5111536,118330
1635290175.802399,4777458,32494989,228381914,3644406,32353039,63589,2502073,3449198,33466943,5202099,112567
1635290175.9025261,3171046,32251307,227939799,3587014,32083577,61778,2339530,3446105,33205783,5189747,95676
1635290176.0026562,3365848,32345949,228349883,3593659,32432839,62286,2375895,3461795,33439435,5141415,114963
1635290176.102784,3492953,32328888,228235570,3598813,32470929,61998,2349148,3525869,33517443,5100631,123791
1635290176.202913,3451030,32364558,228014866,3631739,32449110,61090,2475623,3691370,34126666,5369434,112638
1635290176.3030443,3472182,32441450,227965754,3555667,32308608,62734,2215209,3330305,32875603,5168804,118232
1635290176.403174,3589688,32173091,228548650,3476900,32357318,61031,2084702,3401589,33176393,5268203,107720
1635290176.5033026,3600549,32474014,228349057,3469852,32354874,63676,2564644,3411072,33136723,5163031,116075
1635290176.6034334,3588474,32227182,228060485,3487033,32476391,63716,2399381,3389857,32968297,5221433,117303
1635290176.7035644,3594433,32186320,228088340,3399479,32537475,63203,2477565,3231230,32928354,5283852,112173
1635290176.8036928,3593713,32135078,228129500,3385092,32548376,62804,2478838,3343107,32922072,5128058,108872
1635290176.9038224,3690891,32050427,228042799,3552677,32283471,62379,2495863,3449701,33276573,5134366,94293
1635290177.003952,3558527,32229974,228076918,3435432,32132422,63986,2504375,3497896,33047297,5123855,127865
1635290177.1040823,3577872,32297210,228118095,3437647,31972643,63223,2458995,3518591,33102753,5067551,105438
1635290177.2042115,3564745,32382425,228211508,3451321,32399236,63291,2489912,3508009,32891759,4954802,109168
1635290177.3043413,3597542,32327261,228152672,3448709,32571799,65432,2490724,3478118,33386958,5179173,110270
1635290177.4044733,3449067,31980050,227925502,3445635,32225498,63660,2449889,3467228,33049672,5053579,107473
1635290177.5046036,3581757,32084435,227979725,3486906,32195934,64511,2475576,3467052,33267123,5132584,113740
1635290177.6047335,3579073,32212580,227939574,3492758,32190833,62429,2392859,3499762,33367294,5095786,124200
1635290177.7048633,3439463,32104336,227914301,3521135,32144440,66289,2540316,3491939,33215526,5024631,110558
1635290177.8049939,3448999,32370092,228002680,3553507,32199295,63230,2312345,3483385,33179896,4984684,112805
1635290177.9051216,3411058,32028119,227734295,3501970,32226307,63331,2202645,3492831,33314869,5094614,111863
1635290178.0052495,3615761,32246990,228065604,3575517,32264087,64616,2483300,3480316,33270788,5117077,118833
1635290178.10538,3566775,32287826,227911514,3641444,32144320,64279,2453151,3510954,33387502,5168316,95790
1635290178.2055087,3419393,32257674,227854083,3545849,31368633,62624,2360250,3481498,33245526,5086852,114392
1635290178.3056343,3379779,32279755,227984029,3585693,31999095,62546,2278912,3470046,33144337,5051512,105463
1635290178.405763,3472039,32372666,228013090,3596262,32225783,63346,2171481,3482543,33064216,5077201,106050
1635290178.505889,3588774,32447319,228046230,3583258,32245105,64116,2494716,3353402,33383359,5119057,113588
1635290178.6060188,3622752,32302887,227946877,3595866,32286141,64323,2395151,3753294,33833381,5298123,120344
1635290178.7061486,3370342,32137274,227828938,3581233,32077651,63369,2293337,3469023,33423675,5207146,119224
1635290178.8062775,3440722,32139068,227764172,3583847,32091460,61678,2293034,3525899,33454007,5168492,127350
1635290178.9064052,3439040,32330722,227889157,3515176,32094927,65073,2366300,3520448,33439736,5194719,116873
1635290179.0065334,3471158,32251474,227787969,3773623,31921649,63386,2537302,3476792,33200130,5190275,115940
1635290179.1066616,3343651,32267277,228014109,3597601,32052409,63169,2443402,3512615,33039595,5162803,120392
1635290179.2067916,3424638,32088064,227927476,3513446,32154422,63939,2292491,3550718,33384152,5200790,121748
1635290179.3069215,3365621,32092840,227886373,3591276,31919149,64029,2350021,3548062,33345776,5160087,104374
1635290179.4070494,3367851,32204675,228058905,3599439,32121280,62958,2327083,3483747,33274756,5038986,128544
1635290179.5071807,3532405,32250268,227908000,3580895,32022043,65338,2491529,3490196,33559211,5374982,116789
1635290179.6073112,3363540,32449985,227942437,3609354,32256908,64173,2237136,3480566,33012202,5172832,113309
1635290179.7074406,3192739,32199691,227911302,3564322,32168300,64643,2305434,3382045,32880460,5163161,120453
1635290179.8577404,3466148,32345042,227986909,3550905,31999456,63815,2297808,3451550,33152877,5170326,115342
1635290179.957877,3521885,32141486,227806049,3522881,32015825,64548,2447695,3407350,32954352,5208729,117455
1635290180.0580058,3532349,32185887,227965468,3504967,31981548,61150,2423362,3565845,33538793,5211948,116082
1635290180.158136,3533430,32296332,227914266,3397073,31857079,63171,2472077,3622268,33509497,5258186,115955
1635290180.2582674,3551104,32184583,227847075,3376144,32119210,61833,2163307,3410236,33128394,5219165,115320
1635290180.358397,3597461,32070320,227946601,3570508,32120922,62813,2351387,3419594,33172474,5201853,109186
1635290180.4585288,3578049,31831346,227939067,3444092,32223425,61985,2405899,3433329,33195435,5229425,118897
1635290180.5586612,3580046,31951422,227824695,3451345,32212683,62865,2474392,3370630,33034264,5202678,113511
1635290180.658792,3569209,32030392,228040027,3453223,32200984,62734,2473084,3284919,32954782,5078308,114142
1635290180.758921,3599799,32112654,227896205,3460911,32041427,61164,2446751,3379554,33303951,5116930,113311
1635290180.8590508,3579580,32406239,227932932,3444013,32023258,62793,2478274,3471409,33099618,5153317,99169
1635290180.9591815,3593216,32256664,227940759,3438163,32051418,63284,2468571,3225415,32438999,5061226,116622
1635290181.059375,3573153,32109328,228011926,3452365,32082445,64188,2474301,3413290,32972792,5184093,120200
1635290181.1595423,3599658,32130606,227947703,3443851,32166968,59225,2446451,3235701,32824767,5295415,107290
1635290181.2596908,3592723,32121389,227940543,3530944,31891103,63689,2621196,3323105,32921546,5112660,104259
1635290181.3598278,3566017,32185827,227899107,3375742,31838120,62117,2510721,3419686,33013439,5111222,99180
1635290181.4599633,3568141,32155694,228007301,3355516,31988514,62358,2488936,3476537,33076945,5128419,118574
1635290181.560086,3523132,32117765,227915538,3460772,31973454,63484,2471711,3502552,33201106,5161687,115236
1635290181.6602194,3744166,32133348,227883345,3448378,32215160,62888,2467169,3506685,32818388,5100985,111802
1635290181.7603552,3670893,32126782,227896349,3446516,32120187,63392,2465015,3503918,33030990,5169410,104626
1635290181.860488,3437814,32056662,227737079,3464980,32216530,62348,2455576,3476497,32965303,5066836,97974
1635290181.960622,3606637,32397694,227995033,3450953,32045740,62840,2483683,3464603,33048812,5046116,140186
1635290182.0607564,3593236,32399825,227931362,3449697,32190015,63598,2448605,3490797,33111343,5102108,113598
1635290182.160889,3519753,32385454,227893531,3470423,32226749,64003,2532201,3569927,33185657,5058932,102597
1635290182.261021,3465641,32259987,227889767,3504733,31971490,65836,2293520,3490726,33213930,5071415,109641
1635290182.361154,3395466,32216359,227931521,3468875,32158900,60987,2197862,3472053,33244745,5100750,109395
1635290182.461286,3601148,32270563,227882196,3597197,31979460,64494,2457477,3504533,33451093,5096067,114887
1635290182.5614169,3472844,32428356,227951678,3715675,32363366,62873,2454676,3492661,33264694,5138146,96520
1635290182.661549,3486223,32485973,227949521,3528724,32139128,61670,2341487,3493959,33186704,5186270,110837
1635290182.761682,3378767,32305031,227935440,3570677,32008955,61474,2312391,3503360,33384925,5190994,111647
1635290182.8618164,3484762,32341494,227864028,3575367,32123219,61574,2407874,3512214,33236532,5170633,126174
1635290182.9619493,3506830,32322777,227819273,3577827,32151304,61643,2457797,3550907,33568629,5256316,116164
1635290183.0620825,3197099,32219086,227973938,3562421,31848804,60777,2284905,3509785,33144354,5202824,91918
1635290183.1622362,3350718,32273802,227966410,3576694,31836900,60640,2322000,3440905,33089744,5200191,115618
1635290183.2623897,3435241,32188975,227876156,3586945,31591506,59938,2288806,3476225,33364666,5208514,115386
1635290183.3625247,3450889,32325339,227937907,3526615,31999943,61913,2659660,3487117,33402652,5212850,117051
1635290183.4626575,3474715,32391825,228037097,3496653,32008808,61426,2133056,3495232,33291291,5167385,119588
1635290183.5627956,3472178,32342595,228017335,3445878,32120213,59446,2108996,3427985,32990762,5195832,121607
1635290183.6629288,3603170,32237009,227735615,3421394,32154229,59978,2352526,3444246,33351912,5255263,113944
1635290183.7630606,3589861,32092890,227869097,3497415,32268336,61567,2478387,3410252,33120994,5219129,113919
1635290183.8631938,3539819,31980118,227771471,3445964,32199908,60765,2473890,3300183,33002162,5229080,111627
1635290183.9633296,3592727,32266160,228014192,3443208,32238726,61703,2477050,3221830,32840176,5092688,106667
1635290184.0634625,3566497,32358521,227923867,3399871,31994676,60973,2450407,3361212,33042829,5004940,100254
1635290184.2637312,3602524,32280596,227875829,3437685,32063254,59976,2438639,3461473,32881814,5084454,115935
1635290184.3638635,3586807,32096745,227900071,3432672,31859834,60682,2439361,3311497,32935452,5191281,119265
1635290184.4639947,3579371,32274784,227945401,3428382,32204602,60724,2475586,3371286,33116753,5169675,112068
1635290184.6642704,3427950,33073349,5134142,105372,3571019,32291059,227873287,3492657,32166312,61659,2474193
1635290184.7644038,3498363,33054853,5104041,111125,3566916,32077226,227771812,3355926,32239052,62269,2469866
1635290184.8645422,3513127,33108309,5107667,117936,3532776,32126943,227887830,3335738,32202139,60918,2488138
1635290184.9646738,3498053,33263139,5082472,105104,3522242,32043721,227818053,3460990,32114781,61547,2462356
1635290185.0648093,3513909,33275524,5069589,108688,3246202,32230715,227944758,3423137,32251378,63881,2445942
1635290185.164941,3466964,33377142,5111633,103630,3574790,32218158,227858959,3464695,32171940,61535,2458135
1635290185.2650719,3488120,33347692,5129622,113275,3575313,32229202,227869903,3457685,32052303,62116,2493079
1635290185.3652022,3595064,32268472,227949338,3485024,31931613,63273,2386219,3460027,33630102,5035076,96991
1635290185.4653306,3442116,32219101,227981779,3565474,32181277,62233,2313028,3675748,33265049,5022102,105719
1635290185.5654597,3442460,32113301,227836366,3555132,31968724,62484,2079840,3492261,33505383,5095586,109472
1635290185.7657232,3473500,33307658,5118184,120876,3574071,32246257,227888345,3449090,31958051,61399,2469498
1635290185.8658516,3512761,33436360,5185376,111954,3422006,32162687,227775404,3761607,31862544,60483,2444801
1635290185.9659815,3479996,33244969,5166430,99106,3435290,32191905,227897756,3560127,31870289,61304,2345587
1635290186.06611,3496951,33372615,5198103,107164,3478834,32480604,227938376,3529263,32006333,62598,2281883
1635290186.1662412,3503245,33383905,5185341,115081,3523846,32222995,227952180,3566956,32103799,63757,2330912
1635290186.2663722,3551541,33833175,5230771,113162,3497433,32211703,227930662,3558689,31940022,63706,2463152
1635290186.3665013,3522823,33447942,5195372,116197,3433231,32265265,227934998,3566570,32117654,64083,2295306
1635290186.4666307,3381060,32401950,227968068,3577915,32136552,61490,2327388,4408213,31172034,5160091,116349
1635290186.5667598,3455024,32361741,227950905,3560293,32036693,62835,2344086,2938158,33373250,5211606,114947
1635290186.6668878,3433045,32201189,227859214,3561127,32007555,61202,2452287,3508439,33481595,5197354,114017
1635290186.8671486,3534386,33550352,5197347,120947,3179306,32294784,227844153,3583781,32024967,62671,2371949
1635290186.967277,3541103,33303823,5203319,114930,3358220,32099967,227881084,3509524,31938751,61980,2316743
1635290187.0674067,3527362,33361650,5210610,119207,3477647,32278066,227822145,3540193,31880333,61962,2345622
1635290187.1675367,3495585,33302813,5200632,118911,3502075,32115386,227940504,3670557,32246912,61558,2455536
1635290187.2676678,3521773,33368199,5162325,118553,3487771,32094904,227702319,3429916,32175765,61462,2495639
1635290187.3677988,3500714,33435226,5182355,117210,3427364,32084948,228026333,3493956,32128425,61328,2102909
1635290187.4679294,3413061,33033534,5222363,115376,3468153,32247529,227917893,3477479,32202959,61708,2340917
1635290187.5680609,3552939,32184385,227821870,3430083,32036589,60434,2404559,3416320,33113084,5432896,116674
1635290187.668191,3578807,32180408,227812899,3430101,32272089,61874,2490309,3565533,32665924,5117680,118436
1635290187.7683203,3530425,32110034,227938447,3406250,32042741,61172,2501395,3349418,32978568,3234678,117135
1635290187.9685802,3517785,33273832,5209769,112421,3584881,32152198,227914920,3426845,31949690,59200,2291685
1635290188.0687106,3426025,33078476,5171890,116572,3603206,32291031,227859160,3479385,32298559,61248,2409886
1635290188.168841,3409153,33019089,5139316,114427,3576855,32157043,227807603,3333501,32070478,59959,2437087
1635290188.2689698,3391737,33008848,5203209,116558,3585993,32046995,227875724,3369136,32176378,61660,2459761
1635290188.3691,3359971,32966102,5200919,116394,3442665,31941702,227910466,3489004,32324864,62092,2472950
1635290188.4692292,3296385,32544866,5074297,108263,4220278,32061207,228058585,3428399,32232265,60492,2453697
1635290188.5693564,3383499,33113897,5135277,99469,3591506,32232766,227812371,3433700,31881255,59667,2461495
1635290188.6694865,3564192,31926211,227777041,3416479,31896839,60251,2444674,3368988,32975583,5283699,120228
1635290188.7696142,3583731,32369509,227851842,3434366,32171743,61276,2465861,3316859,32436708,5118729,117853
1635290188.8697453,3585468,32048924,227868429,3417947,32184536,60564,2458085,3358241,33206722,5233365,109150
1635290189.0700176,3375188,32804516,5105963,109284,3605681,32131424,227825695,3427667,32158098,58238,2469982
1635290189.1701474,3472041,33057163,5110863,98831,3604317,32185076,227966686,3447517,32213078,60728,2446672
1635290189.2702763,3467358,32992917,5088706,116191,3585633,32286085,227886529,3346200,32173851,59982,2451346
1635290189.370404,3462440,32922128,5043374,115661,3581323,32179640,227940322,3557863,32375965,60960,2468221
1635290189.4705336,3449122,32665521,4988372,107482,3554777,32128560,227989871,3364052,32294398,60086,2478963
1635290189.5706658,3469613,32823392,5075769,110993,3146993,31777577,227796804,3416285,32262706,60405,2498405
1635290189.670794,3495731,33143394,5106954,120643,3574479,31944412,227800079,3421569,32310151,61251,2469105
1635290189.770924,3485656,33142224,5115006,139330,3638805,32074287,228000279,3404880,32098199,62725,2456046
1635290189.8710527,3511675,33292723,5096423,114182,3461198,32067936,227774208,3396277,31975521,62225,2449636
1635290189.9711835,3531614,33464677,4933218,109369,3462101,32223779,227978155,3494439,32301012,63372,2314330
1635290190.071312,3273014,33430473,5083851,115146,3374161,32046956,227881564,3491123,32075277,62141,2053893
1635290190.171443,3484807,33243702,5075764,116155,3571602,31769980,227871660,3525878,32221421,58936,2644723
1635290190.2715735,3501162,33293645,5122265,112400,3537008,32088725,227844249,3542201,32024651,60252,2377568
1635290190.3717024,3484112,33331329,5095789,103301,3438978,32165616,227961252,3523151,32337980,60841,2374534
1635290190.4718316,3499647,33346798,5032057,103495,3451284,32247011,227826558,3562088,32106426,61361,2303649
1635290190.5719612,3486139,33323875,5115024,115376,3575500,31937374,227842855,3601610,32088240,61250,2166683
1635290190.6720905,3497567,33178239,5162975,118307,4421311,32173407,227946792,3586784,32013743,62361,2457957
1635290190.7722201,3498752,33264033,5180801,116712,3154190,32078409,227807218,3563375,32168339,62204,2401010
1635290190.872349,3514715,33451733,5237295,92196,3381108,32148157,227959669,3579067,32315133,62161,2343283
1635290190.9724777,3497538,33249904,5131820,113388,3492398,32057483,227900447,3572944,32234885,60939,2283460
1635290191.0726058,3520660,33213470,5014104,127404,3425526,31891213,227809442,3566868,32279219,61654,2471074
1635290191.172736,3698187,34180877,5364457,113246,3408479,31863470,227947863,3577010,32297397,61869,2588602
1635290191.272864,3534007,33358214,5179286,114896,3145047,31913265,227832797,3554386,32157759,62452,2096023
1635290191.3729916,3462951,33168667,5174757,135698,3355226,31999723,227935822,3554438,32142427,60364,2299308
1635290191.4731221,3494365,33182667,5196479,109986,3390223,31330627,227898995,3528018,32093319,59747,2393704
1635290191.573248,3456552,32980356,5158972,113541,3445545,31949174,227839035,3668301,32133150,60755,2285411
1635290191.6733782,3533315,33328572,5177623,116644,3365417,31898415,227917182,3551450,32094197,60547,2453858
1635290191.7735097,3542765,33570405,5215315,112147,3159746,32181122,227870062,3524886,32049745,62374,2344502
1635290191.8736382,3514788,33336551,5174738,114922,3085762,31799705,227832013,3576918,32231134,60966,2285595
1635290191.9737685,3482051,33178013,5191781,120596,3648631,32410959,227919920,3529786,32276809,61208,2344907
1635290192.0738993,3413508,33060825,5184987,120981,3454438,31946727,227915265,3471986,32181643,62231,2473448
1635290192.1740284,3623873,33336121,5167403,118565,3564464,32083985,227916385,3472136,32215824,60831,2435665
1635290192.2741597,3595012,33315560,5232735,113685,3586858,31900500,227912399,3430343,32201054,61792,2105008
1635290192.3742907,3322850,32844920,5151974,117295,3533433,31904152,227971836,3438647,32262644,59862,2602797
1635290192.4744225,3493288,33439545,5178343,113989,3560544,32083128,227950212,3449438,32313296,59226,2419009
1635290192.57455,3395150,32992345,5159231,111036,3575734,32132700,227953814,3442438,32454450,61031,2420361
1635290192.6746793,3412235,33093189,5211416,113886,3569363,32011010,227872181,3354938,32032295,60460,2494251
1635290192.7748137,3266268,32715271,5211831,114644,3581210,32216487,227725235,3518933,32236296,61184,2452832
1635290192.8749423,3365393,33087611,5166224,112237,3543627,31783602,227870455,3431687,32143690,60414,2488578
1635290192.9750736,3376269,33234476,5137106,95753,3505049,32084371,227852122,3454758,32161896,62211,2455324
1635290193.0752075,3416839,33105321,5109299,121039,3487616,30839657,235539487,3306678,33352264,62934,2401839
1635290193.1753585,4416036,32823651,5373928,114177,3436303,32161579,227927225,3493209,32047547,62179,2372337
1635290193.2755175,3489184,33196499,5092939,116871,3459683,32002158,227897417,3551271,32148094,61987,2462837
1635290193.3757024,3471639,32990407,5126208,120604,3351366,31981580,228074517,3556563,32004452,61790,2202890
1635290193.4758627,3525987,33562830,5268073,123626,3310480,32235459,228072343,3539189,32422701,62353,2381451
1635290193.5760028,3391878,33014963,5170370,119072,3531177,32217767,227973988,3477454,32383104,63151,2281244
1635290193.6761384,3421336,33170808,5224057,116882,3566288,32241245,227904579,3444794,32183687,61182,2351725
1635290193.7762713,3417198,33092950,5167944,119809,3566191,31955556,227946923,3478690,32365974,59817,2533123
1635290193.876408,3466361,33095055,5192818,119742,3471019,31922880,227714293,3488860,31939281,59184,2448003
1635290193.9765432,3596580,30403529,4641472,118885,3467674,31914446,227982669,3414399,32414915,61104,2089207
1635290194.0766776,3451370,33067874,5256570,113548,3473798,32276016,227925938,3484695,32104422,60579,2304799
1635290194.1768131,3440309,33195643,5243495,115032,3583444,31986233,227960141,3460928,32474135,61793,2442258
1635290194.2769485,3454570,33154324,5219457,120966,3756398,31909743,227895219,3423606,32185719,60310,2465855
1635290194.377083,3358453,32862852,5230737,125563,3499441,32144872,227850157,3451000,32420009,60175,2481171
1635290194.4772162,3280703,33003044,5085695,110157,3566098,32056435,227951939,3430614,32174073,59798,2473498
1635290194.5773506,3420056,32819096,5079328,112301,3554119,32113174,227960602,3446185,32274492,62589,2327861
1635290194.6774855,3265250,32809723,5165767,100683,3593905,32229606,227873410,3464108,32386986,61617,2674528
1635290194.777623,3479268,33288752,5108457,112528,3586451,32144548,227827097,3441306,31986934,61544,2438667
1635290194.8777578,3507632,33204837,5097914,113333,3556337,32113160,227847346,3480564,32441612,61473,2386849
1635290194.9778914,3517632,32931526,5064890,112162,3447974,31961661,227823521,3382061,32340699,60850,2463760
1635290195.078025,3505241,33204506,5119081,108597,3544132,32069605,227907632,3586605,32413597,61039,2483106
1635290195.1781638,3517932,33372401,5164976,112406,3625423,32195664,227925681,3375207,32457023,62176,2455743
1635290195.278298,3500378,33145357,5127201,108723,3390809,32469376,227958005,3529034,32318302,61863,2407473
1635290195.378433,3505928,33297640,5011700,108596,3323109,31728737,227964796,3526492,32115406,62615,2335749
1635290195.4786124,3498714,33576565,5035478,114983,3475114,31264791,227913016,3528939,32415612,62173,2251370
1635290195.5787618,3510245,33413266,5244200,116178,3375068,31880298,227919179,3538127,32285657,62052,2472730
1635290195.6789045,3520029,33293772,5050417,115862,3557458,32086142,227833441,3580003,32167439,61411,2482886
1635290195.7790437,3512402,33368909,5117056,118880,3400875,32064057,227885000,3567293,32025188,61377,2301728
1635290195.8791761,3486061,33181346,5192734,102817,3445910,32219113,227867129,3591349,32139545,61583,2431823
1635290195.9793131,3533204,33540004,5222361,109199,3418404,31911182,227776034,3583314,31988290,61657,2125930
1635290196.07945,3501948,33396110,5198175,120336,3534456,32315942,227995168,3581456,32287671,61380,2291024
1635290196.17959,3523135,33455761,5215582,114421,3315651,32232872,227730819,3603314,32312009,62100,2459927
1635290196.2797258,3509322,33364517,5187081,119923,3363207,32068157,227924697,3712783,32402219,62076,2284795
1635290196.3798606,3567772,33376379,5171714,116592,3522501,32162053,227904573,3544232,32457778,63115,2364022
1635290196.480026,3503757,33313888,5211619,117877,3352385,32151606,228087158,3617396,32266295,60680,2438909
1635290196.580162,3517201,33523110,5181020,119074,3361252,32063296,228030587,3598374,32421775,60754,2468182
1635290196.680294,3565782,33326232,5193677,125169,3498231,32269724,227804826,3506035,31579862,62245,2132887
1635290196.7804286,3435579,33014711,5170164,139024,3241212,32401470,227935452,3564144,32232411,62849,2276303
1635290196.8805602,3465219,33207158,5335897,94756,3437475,32257575,227817973,3532525,32192287,62011,2408792
1635290196.980694,3335577,32765270,5132817,123147,3535351,32114171,227923765,3481900,32172800,60010,2274702
1635290197.0808291,3466755,33303705,5199406,124525,3570444,32177631,227903882,3469260,32068774,56748,2408192
1635290197.180958,3547579,33226727,5168887,126453,3599701,32154670,227895589,3510622,32273636,60633,2798499
1635290197.281087,3471814,33162862,5185178,119124,3599096,32107767,227789504,3369194,32300031,60549,2366895
1635290197.3812149,3417129,33071017,5157635,111854,3553260,32037489,227902886,3388333,32321126,60495,2464681
1635290197.4813452,3360938,33179713,5144733,128809,3475113,31817816,227872787,3487857,32324755,61941,2462334
1635290197.581474,3410441,33166474,5264304,115158,3760955,31943057,227946469,3457751,32452844,61441,2459722
1635290197.681604,3381991,32857667,5149555,118289,3584072,32139055,228020766,3470086,32451463,60872,2475401
1635290197.7817366,3511859,32862191,5126816,111281,3471172,32050014,227727970,3455558,32233903,60899,2462824
1635290197.8818657,3494745,33090615,5066329,97468,3590328,32082988,227894221,3453250,32221308,61831,2455662
1635290197.981996,3415892,32784038,5066691,142031,3534325,31993263,227831373,3454377,32258637,60383,2485267
1635290198.0821247,3633675,33373325,5183889,121149,3522478,31911313,227861932,3468320,32553763,60462,2466381
1635290198.1822543,3488170,33071479,5090318,112987,3513227,32102453,227874512,3478576,32460431,63032,2424044
1635290198.2823853,3505269,33330769,5085424,108236,3427924,32235664,227916329,3474027,32262192,62255,2106597
1635290198.3825152,3501136,33183548,5124856,107636,3590017,32241518,227994170,3650335,32149601,62836,2476698
1635290198.4826448,3485027,33249554,5072440,119919,3547632,32152246,227999150,3486844,32219061,60592,2455094
1635290198.5827746,3496188,33238487,5065086,99218,3427425,31982318,227853641,3546324,32409578,62312,2377085
1635290198.682902,3500383,33338083,5113149,112100,3317092,31853242,227909593,3567173,32161464,61739,2283973
1635290198.7830315,3481793,33331390,5119188,115812,3576618,32189057,227842980,3593926,32361183,62012,2114119
1635290198.8831596,3536072,33655396,5246805,112373,3574624,32144661,227683560,3593663,32134282,63044,2457105
1635290198.9832888,3539612,33569053,5235736,110696,3647367,32489661,227954434,3594595,32208386,63159,2317884
1635290199.083419,3378149,32153540,227908493,3524251,32822306,65028,2501065,3487899,34028779,5147451,116421
1635290199.1835468,3474058,31723745,217845681,3488927,32409124,60223,2420133,3457602,32960658,5066582,105618
1635290199.2836761,3633846,33533962,226589684,3648059,33487101,54964,2483486,3597927,34336752,5277679,127304
