1635266333.9114103,5016568,49015076,354473361,6558403,46466112,95030,33363692,4955263,49456169,7665611,174693
1635266336.764343,35529222,323549744,2266226144,36138521,323933379,557465,25248553,33447198,343386101,50082867,1649853
1635266337.7153249,35755009,324885605,2263914635,35147692,323935042,590283,27175229,32166448,336169028,49898798,1733085
1635266338.6662967,34646909,323542187,2261775504,35346022,322424948,579505,27071167,33518930,337950849,49781397,1622223
1635266339.6172752,34604095,319188374,2263511312,34553208,322645941,610914,27250085,33395397,338972991,49795710,1492818
1635266340.5682614,35216267,325804962,2264179992,35696065,325628271,571901,25908051,32967770,338253300,49238199,1427985
1635266342.4700499,34852393,324639761,2262874985,35053791,325017433,577432,27220268,33770026,339412392,50171576,1406253
1635266343.4210532,35020719,325332691,2262201996,35194989,324969194,564753,26620187,33432023,339092885,50213759,1451359
1635266344.3720443,34678031,322144873,2265681368,35333341,325130418,575911,27723517,33573965,339943359,49736071,1540672
1635266345.3230479,35722511,325886314,2266215101,35633895,328117622,578322,26185383,33778208,341924746,50101978,1539788
1635266346.2740502,35682318,327441560,2262672683,35511035,327830064,565785,27502801,34224422,342312340,50073604,1533493
1635266347.225034,35305717,327114686,2263428512,35155178,327495336,571711,26726913,33655119,342632163,50720638,1500165
1635266348.1760254,35024054,322465618,2262732779,35143634,326220130,560622,26587944,34003404,339757320,50550160,1590220
1635266349.1270158,34787802,327490515,2264814834,35763092,324119615,565389,26432593,34679929,337799335,48224649,1398468
1635266350.078032,35289758,325944814,2265648197,35375347,327296990,567957,27559385,32764604,340154062,50385546,1640531
1635266351.0290384,35557585,326365053,2264475592,35721977,327421011,586380,27229668,33817250,341327150,50500142,1473586
1635266351.9800475,35831367,326373344,2263930702,35104675,325889663,570147,26777063,33674284,341011289,50016869,1543157
1635266352.9310336,35528489,327332406,2264962330,35360931,326527895,566012,26820192,33748744,334801578,45855299,1585744
1635266353.882018,34628228,323851254,2260387529,35787129,326139149,572879,26510662,33649900,341449307,48947277,1398271
1635266354.8330014,35716453,326948076,2265459954,35589465,327815581,569078,26589872,33490684,340048664,50320165,1587402
1635266355.7839785,35817495,328281540,2260875320,35563825,328068796,579605,27413685,33494245,340383075,49927440,1612476
1635266356.7349532,35596659,326603793,2264022876,35793953,327685663,586171,26887175,33901459,338606127,47076833,1504948
1635266357.6859221,35114259,326642151,2262512071,35715662,327794541,572054,26698650,33649511,341710947,50206915,1440483
1635266358.63692,35496539,327120119,2263426042,35446547,326856985,575846,27179262,33449822,341951032,50873632,1577504
1635266359.5879157,35659324,324380053,2265185946,34967954,326236541,557627,26759493,33912596,342371918,50764790,1538608
1635266361.4898934,36032284,329308797,2263925723,35547786,327448118,579145,27214337,34121338,338826448,46837359,1628009
1635266362.4400396,35697853,327808901,2267011304,35973092,329775654,563277,26308200,33525843,341544569,50648093,1513410
1635266363.391032,35361028,327817958,2262765832,35593576,329297296,565852,27418896,33868134,341025041,50204650,1560826
1635266364.3420138,36062512,328864711,2264657684,35844354,330034995,571864,26580940,33829032,340382823,50932721,1535613
1635266365.2930052,35859101,327855251,2260935014,35952612,328824111,570004,26733121,33657439,337826192,50120661,1585152
1635266366.243997,35712453,328134908,2263787378,35942240,328000810,575415,26552061,33916076,341343289,49970317,1437680
1635266367.1950002,35463392,326361054,2265547584,35852670,327594568,560576,27182455,33531222,342403007,50028840,1594707
1635266368.1459932,35644638,328952597,2264457088,35632574,327890195,577615,27652207,33718803,342695655,50256201,1478685
1635266369.0969937,35089349,324104938,2261292780,35179115,326017851,577482,26843628,33958637,343916984,50847649,1513832
1635266370.0479853,35763833,328657871,2260916143,34816411,320516978,556455,26274972,33608282,340142727,50606747,1552791
1635266370.9989822,35690239,331462481,2263446873,35513299,327818971,577791,26705272,33455650,343972393,50701336,1474262
1635266371.9499779,35127967,331634076,2261515053,35894322,330596270,586808,26593456,33442969,344332343,51293693,1527173
1635266372.900979,35655549,329758561,2266863443,35912542,331699863,574871,27620784,33540552,345261446,50272817,1433723
1635266373.8519557,35709873,329910276,2264642039,35601337,329764868,563183,26881635,33793931,345194908,51006053,1464335
1635266374.802926,35573815,330703916,2262044439,35657873,332209344,572179,27155196,33273628,344356483,51176420,1508005
1635266375.7539039,35922406,331178340,2262696979,35640123,330608100,573425,27227451,34143020,344836701,50432250,1460287
1635266376.7048805,35546795,329599530,2262341912,35621259,331089190,567526,26902322,33790965,344659483,51084841,1462345
1635266377.6558774,35496543,330237314,2263159584,35760545,330652206,582234,27146997,33777139,344995983,50009535,1368830
1635266378.6068687,35419758,326246631,2264954252,35321369,330295005,590412,26906221,33550740,345167527,50789441,1395019
1635266380.5088592,36221395,331118560,2261630668,35894806,331287472,587299,26775906,33290963,344410055,50505060,1468510
1635266381.4598477,35891742,331888039,2264385056,35906849,330903355,579987,26958157,33417079,345334524,50776687,1452058
1635266382.4100409,36282162,332281770,2265866765,35451343,324693834,571395,26109027,33873894,345241566,50300334,1379155
1635266383.3610365,35106835,330846799,2263528298,35534279,328344227,579348,27046178,34102480,342094283,47362714,1306215
1635266384.3120382,35846413,331895980,2261663075,36369679,331315891,585735,26824438,33715918,346940968,51176188,1415731
1635266385.2630396,36181491,332284740,2263236571,35865001,332135961,575072,26897915,34218367,345945965,51076085,1394634
1635266386.21404,35413586,332464624,2260732432,35873189,333100987,584198,27114681,33805957,346056442,50758861,1410694
1635266387.1650336,35631283,331553372,2260976942,35734186,330763859,575019,27378601,35624952,336474329,47813019,1647546
1635266388.11602,36391783,329755831,2260541788,35718939,331572597,588135,27229595,34282349,347659347,50437165,1631973
1635266389.0670154,35493753,327706018,2261558292,35456318,331888310,569949,26833166,33807698,345885610,49331043,1501922
1635266390.0179977,35538682,333239084,2262516688,35819465,332732770,578111,26592436,34251333,345990344,51131216,1374832
1635266390.9689848,35703586,333322591,2269891560,35900833,331932400,588075,27142652,33013929,339044423,46158881,1424332
1635266391.9199693,35580920,331554472,2261636890,35402589,332916692,574422,26983865,33836041,346805390,50955952,1502757
1635266392.870053,35372537,331298482,2264537916,35262336,329382803,566697,27272980,33345177,345300814,50900260,1664974
1635266393.8210447,35106788,330885910,2265010166,35845441,329979334,583891,26389933,33034463,345501966,51271462,1519282
1635266394.7720344,35981775,329014353,2264791166,35617498,328562522,570908,27029153,33558431,345369749,50504621,1481750
1635266395.7230144,35767176,330492493,2262507424,35669481,330933940,583440,26808969,33937045,344261005,50468800,1485689
1635266396.674007,35640502,331117146,2261962677,35645420,330376072,579745,26885837,33764246,342743276,50091996,1484304
1635266397.6249976,35264292,329997020,2261951475,35665806,329188398,585229,26719545,33401863,342995005,50750630,1504400
1635266399.5269692,35182434,327214057,2261939245,35787026,330312441,566515,26731589,33292469,340980802,47404116,1463283
1635266400.47796,35995624,327454687,2259292741,35345728,325398418,570901,26900080,33414470,342072796,50139200,1497968
1635266401.428957,35624146,329273982,2261430432,35413231,329694747,580131,26893692,33590433,344764497,50539870,1476072
1635266402.3799493,35815303,329909274,2262559569,35463391,331329489,574299,27118038,34211305,346347376,49984832,1609941
1635266403.3300474,35527111,331324302,2259305652,35622062,331069663,582355,26960381,33685440,344787032,51040867,1428796
1635266404.2810574,36139497,332612372,2263161135,35177024,326537421,584027,27092781,34489427,344983391,50814791,1448866
1635266405.2320652,35021001,331481464,2262778425,36131536,330933934,589901,26663186,32655309,344911432,51107450,1469352
1635266406.1830795,35988608,328675701,2261461352,35555581,330597992,571221,26413503,33918784,343908083,50934629,1491529
1635266407.1340723,35591178,330500247,2259649845,35503998,330397146,588674,26812999,33955429,343255284,50688981,1490480
1635266408.085075,34904702,325060005,2262779553,35454593,328134166,580416,26416161,32628778,341803674,50530998,1511918
1635266409.0360744,35170804,330250817,2261351531,35606773,330608668,587820,27124659,33917631,337456677,47121087,1506826
1635266409.9870727,35315579,331466158,2260524005,35686213,330609370,586573,27031638,33016212,343376502,50506773,1441340
1635266410.9380624,35459542,331566466,2260350111,35882795,330513354,586236,27311585,33234415,342072696,50140579,1350020
1635266411.8890626,35279507,326731604,2261810384,35346581,329112317,578863,26377935,33594808,343626781,50341822,1515449
1635266412.8400292,35531337,329438294,2261084974,35056098,329909346,572307,26746248,34152697,343892810,50190978,1394202
1635266413.7910237,35306579,326126601,2263128247,35052986,328776426,586859,27245893,32917861,343905794,50189466,1490927
1635266414.7420037,36578926,330106015,2263249985,35460718,330891597,584229,27001508,34319095,346419528,50467209,1581996
1635266415.6929755,35792449,332144600,2262751682,35800534,329783702,571939,26770996,33936737,346652953,50097235,1351107
1635266416.6439621,35669787,330070356,2260975336,35466629,331270468,576911,26845597,34202275,338560173,46854262,1476684
1635266418.5459428,35338156,331285140,2262682734,35599668,331681872,577995,27268662,33859593,344231764,50175871,1512480
1635266419.4969394,35804441,331053375,2259934672,35866801,330373459,586749,26684020,34364580,338284716,48472890,1441806
1635266420.447937,35591429,331369420,2263953580,35560322,331131358,594856,27118808,33485554,345889875,50587793,1603951
1635266421.3989284,35772506,329548473,2258457908,35811955,330823681,600909,27633108,32849916,343694530,50749738,1681115
1635266422.3499382,34776983,330016649,2260435411,35689014,329612309,593049,27113828,32905268,343737398,50715484,1488495
1635266423.3000395,35379574,328000167,2262430329,35502017,329894908,570352,26628792,33317099,342650458,50366326,1550922
1635266424.2510169,35930302,329458809,2262534960,35604541,329638062,578803,26805586,33649937,345534690,50382052,1517577
1635266425.2020016,35256541,328138249,2262058663,35467152,327833344,571884,26653925,34015325,341265237,49822018,1564853
1635266426.1529894,35823771,328107607,2260227404,35164753,328094495,579810,26721874,34512651,344012064,50525457,1497602
1635266427.1039917,35939415,326057323,2260600711,35209686,327721536,578335,26284130,33531668,343075998,50831900,1586281
1635266428.0549934,35035794,325936103,2259664771,35353122,328579661,577492,26690938,33720079,343652729,50824133,1461571
1635266429.0059912,35157420,327676216,2260706691,35208293,327712804,583276,26849219,34246907,338552621,48625196,1507265
1635266429.9569745,35525802,328148296,2263429140,35492326,325378593,572654,26447113,33550303,342405822,49681039,1499924
1635266430.907966,35338710,328683406,2262499263,35715767,327635478,575471,26547560,33126356,341948152,50518712,1580249
1635266431.8589492,35417590,328646135,2261869803,35583974,327257974,574782,26867424,33488813,342512370,49786946,1457428
1635266432.809926,35458989,326921958,2262155957,35333999,327170876,576013,26342994,33777915,342402518,50496953,1506414
1635266433.760018,35358444,326288300,2263749644,34704167,323839079,583656,26977409,32944077,342789027,50041359,1531453
1635266434.710988,35457089,328361744,2262767505,35350487,329108797,582774,27304354,34136176,345019023,50474337,1437266
1635266435.6619785,35320721,328644238,2260553950,35434462,329515150,579874,26571503,33307862,342502807,50226862,1452521
1635266436.6129675,35240736,329410047,2258675952,35776337,328520789,574240,26809791,33688273,342549652,49744171,1489204
1635266438.5149431,35780926,326039334,2261808289,35023290,326071183,584911,26477211,33138412,344407877,50258308,1620211
1635266439.465941,35557859,329458886,2263795528,35226483,328712581,579082,27205941,34154459,341312572,50275389,1528382
1635266440.4169302,35386958,328473924,2261473268,35434822,329057969,582455,26926896,33479955,344679429,50949969,1522631
1635266441.3679197,35520005,328246264,2261731516,35432224,329874587,580623,26847889,33541326,343605256,50452165,1518136
1635266442.3189082,35052225,323090149,2262227929,34513604,322176021,573841,26921166,34027241,344942701,50174380,1536414
1635266443.2699306,34443949,322939105,2262286476,35080107,328185220,565002,26422459,33120701,343980989,51243853,1496765
1635266444.2210133,35185155,328103061,2261662677,35537806,328398602,584363,26784309,33349049,343729128,50122986,1607020
1635266445.1720166,35397114,330893202,2261216477,35462455,330900256,599214,27452283,33367098,344023437,50371964,1508838
1635266446.1230114,35601045,329081705,2262243654,35738781,329187916,575532,26247189,33598302,342618787,50664290,1467823
1635266447.0740116,35553887,328010798,2260684795,35342312,327651490,575592,26867379,33628999,343187862,50439197,1560595
1635266448.0250142,36022185,328619325,2262273158,35214257,328696092,582175,26778623,34177352,344874662,50981980,1530676
1635266448.976015,35237745,329367128,2263748853,35284875,324723782,576891,26031008,33421218,341751042,50564917,1499708
1635266449.9269898,34558188,325194674,2238095641,35366485,323440614,568573,25643204,32567882,338540633,50247044,1416551
1635266450.8779745,34454575,329069939,2261385137,35437144,331675116,587744,24927191,33590910,337051339,47687332,1529940
1635266451.8289568,35483051,333978996,2269894005,34812501,329947612,675947,25148868,34018675,341261744,50835284,1512255
1635266452.7799425,35515589,331898743,2261325316,35119223,331941302,572900,24995788,34343021,339892473,50469940,1512035
1635266453.730036,34669282,331695049,2261447860,35797010,331432367,582916,24300277,33646182,339322088,50318561,1449752
1635266454.6810231,35129565,330397310,2262161094,35011341,330106145,575009,24677466,34483856,335424027,46177079,1568270
1635266455.6320126,34918317,328755125,2260751427,34940675,331773194,573031,25325984,33932140,340070462,50423795,1671591
1635266457.5340035,34298033,331721796,2258818600,35121644,330117993,599798,25490998,33242487,338699080,50888723,1545360
1635266458.4849982,35462915,329718585,2259266330,35282177,330370407,570183,23994938,33836957,339108858,50761665,1532613
1635266459.4359949,35044543,328189153,2261464115,34496709,326869550,581628,24621394,34679570,335967449,49001822,1518518
1635266460.3869824,35057824,331139131,2260399315,35074982,329729725,573090,25418307,33837009,339112074,50519894,1647891
1635266461.3379812,35072267,329211615,2260569096,35564319,329978667,582883,24095309,33479140,340019288,51746438,1568120
1635266462.2889717,34907975,329930532,2259328344,34872547,330614050,560713,24440886,34263544,338598641,50327068,1458422
1635266463.2399786,35127338,331906661,2262563937,35836233,330242967,585976,24846244,33656889,338675811,51028938,1515808
1635266464.1910024,35055400,330046663,2259727343,34662515,326997404,576378,24088629,34261340,339175367,50691538,1488769
1635266465.1420143,35107301,330424206,2261731447,35207151,329486562,581042,24718054,33610555,338802421,50479412,1547678
1635266466.0930076,34880950,330391939,2260034382,35213243,332551346,567307,25391169,33856695,338768795,50583360,1699606
1635266467.0439923,34724014,331462086,2259587925,35778488,329934472,582575,24008681,33839932,338837753,50520752,1539108
1635266467.9949832,36070207,328540446,2263173054,34453167,327721767,582215,24841374,33963401,340969497,50075191,1568207
1635266468.9459708,34696323,326243246,2262143164,34564542,330226433,581936,24649555,34337432,342627047,51590340,1547296
1635266469.896958,35517513,330825980,2261194643,35334917,330476851,595641,25438670,33547502,339072362,50364125,1708919
1635266470.8479354,35097099,330427025,2262647261,35177770,330587239,576082,24545892,33815990,340134163,49345817,1576703
1635266471.7989295,35565990,330295337,2260974091,35428808,329900854,585817,24372116,33686901,341226105,51343396,1552440
1635266472.7499113,34715729,331271994,2259860775,34733119,330040571,573834,24381274,34188961,339022952,50561477,1446654
1635266473.7000349,35420567,329464171,2263900817,35007246,328506866,595530,25081923,34234839,339248520,50136504,1573838
1635266474.6510243,35510572,332439310,2260742904,35002190,330621181,580986,24677197,33671510,340364785,50643803,1504112
1635266476.553001,35181173,330392072,2260506114,34982574,330620533,568649,24611753,34138460,341607051,50466292,1466407
1635266477.5039885,34517977,327761112,2259574596,34769446,330007501,597421,24958461,34055862,340687265,51224478,1550879
1635266478.4549835,35694591,331511006,2261544826,35392070,331823379,576465,24461831,34114861,340388534,50138482,1519031
1635266479.405977,34642748,325682649,2259623651,35032390,330902082,588450,25367480,33090600,339113276,50050434,1454583
1635266480.3569827,35236575,329533087,2260119292,35022577,331022129,576714,25001073,34960824,341244996,50809771,1659699
1635266481.307981,34715880,326279170,2262876850,34932712,329995976,592355,24890694,34324760,340377897,49625094,1478135
1635266482.2589982,35206317,332683904,2261339653,35085737,330937190,586033,24771123,33610447,339371349,51051181,1586180
1635266483.2100334,35166639,331272490,2261822991,35274314,330393070,583884,24105033,33999066,341560862,51647743,1554629
1635266484.1610248,35198188,331901631,2261687671,35171239,332952220,577326,24162231,34492336,341265819,50705953,1440789
1635266485.1120186,35184505,330261827,2260761961,35280208,332547609,582243,24777283,33841812,338805709,46728633,1386814
1635266486.0630054,34398681,330943146,2259760274,35456390,331632426,591788,24709348,32718189,338391327,51307790,1542948
1635266487.0140064,35282116,330347348,2263148571,35251209,329089772,576674,25187304,33862818,340339088,50242817,1480368
1635266487.9649975,35457302,329541297,2262455643,35137787,329599030,588942,26660851,33546106,344481622,49351860,1431881
1635266488.915996,34629276,326536602,2262106263,35681479,329567734,587133,26504563,34956408,336187507,45829798,1554796
1635266489.8669834,35382783,329709668,2259728074,35253050,327021364,600342,27384653,33697423,342540699,50008672,1540280
1635266490.8179622,35674229,328478117,2261727404,35354317,328388273,571489,26222256,33906839,343330947,50072472,1475626
1635266491.7689402,35505388,328578116,2259191013,35307093,328023976,583393,26765138,33447145,344241928,50665965,1439722
1635266492.7199147,35134446,328421705,2263235460,35328007,329440828,583846,27191650,34217196,344519710,50654981,1543615
1635266493.670025,34825050,327159295,2261643762,35302530,328239978,582029,26565455,34323401,335320064,48712365,1517816
1635266495.5719945,35154765,328969344,2260888948,35524767,329193291,593521,27395157,33624689,343211341,50309578,1524412
1635266496.522983,35013865,327641289,2261185317,36080289,329187461,575390,26678516,33174755,341575444,50247848,1614186
1635266497.473984,35811825,329618100,2262279750,35130511,327321118,582945,26230677,33352163,343028908,50231171,1531123
1635266498.42499,35173347,327789894,2259318978,35411636,325049446,583436,26551459,33107885,342918103,50339865,1655026
1635266499.3760026,35431704,325309535,2259941585,35459227,327635285,576731,26721338,33426005,340008653,47345291,1480630
1635266500.3270004,35089408,327451903,2262097677,35353576,329189927,581087,26824161,33530300,344243776,50976047,1597241
1635266501.2779992,35228074,328550282,2261013772,35403315,329539179,583849,27266350,33658388,343931632,50445364,1549161
1635266502.229008,35171551,327845815,2259538186,34791429,320912478,580182,26027232,33432641,341955392,50681047,1545846
1635266503.1800277,35604584,329140160,2261266676,35415429,328915332,586395,26703016,33303955,342373841,50308655,1498475
1635266504.1310453,35867041,329034807,2261210017,35137324,327620520,582566,26670384,33355341,342441067,50455203,1531920
1635266505.0820458,35214637,328409726,2261873028,35283304,329360613,587019,26365774,33193515,343279592,50792897,1491884
1635266506.0330496,34790591,325197389,2261671933,34775756,324811726,580309,26884201,33337914,343083483,50502870,1585936
1635266506.9840477,35266823,328309997,2262457836,35492122,329688974,593532,26950113,33296524,343153336,50614538,1479415
1635266507.9350514,35712195,329430939,2262197275,35526729,329408889,590602,27445690,33580663,342814491,49939314,1606277
1635266508.886046,35360672,329808459,2261834985,35386005,329332964,584260,26784961,33222207,335826126,46616667,1579396
1635266509.837042,35564981,329020234,2261032147,35498129,328712844,583316,27169031,33240324,341527041,50333488,1565720
1635266510.7880323,35749418,327073223,2261442083,34981661,326660046,582057,26569887,33278531,340985308,49773015,1591564
1635266511.7390244,35298352,327746258,2260170078,35540078,328150050,577521,26376509,33155239,341578268,49872789,1536490
1635266512.6900322,35584305,328626039,2271142816,35208612,329386346,574801,27069643,34352641,347100485,49306990,1553743
1635266514.592007,35081466,328149390,2262405488,35113043,328087586,581338,26580004,33199672,344292988,50566531,1506500
1635266515.5430033,35710779,324752493,2260988851,34812556,325584828,579876,27061327,34446328,343608377,49610770,1563175
1635266516.4940057,35293872,327354275,2262759611,35097826,328048467,584301,26695003,33632940,343909891,50818816,1487670
1635266517.445005,35123637,326699010,2259941844,35209350,327258347,575761,26702088,33073919,342890449,50342075,1626194
1635266518.395996,35043016,328171189,2260813762,35533570,328871393,585347,26548047,33019145,343009076,50206577,1478184
1635266519.34699,35023277,323296667,2262456078,35053082,328354180,591441,26983518,34837666,337070744,48362975,1432989
1635266520.2979758,35399378,328329776,2260451480,35371561,327401689,587883,26580543,33363677,342135271,50413747,1530181
1635266521.2489796,35013458,328892891,2262493903,35470393,328289071,580551,26714077,33178456,341481078,50581544,1531886
1635266522.1999757,35062130,329311631,2261663749,35449245,328746151,588684,26882670,33273315,341873423,48234529,1441795
1635266523.1510134,35310323,327460857,2261665469,35516926,327493582,582575,26476866,32931342,340745508,50236884,1557971
1635266524.1020236,35222756,325244250,2258983555,34878181,324932264,578669,26140587,33400242,342890493,50946647,1469813
1635266525.053038,35248172,327429858,2261280075,35267609,329752073,577461,26823086,34094263,345141310,50001247,1526155
1635266526.0040324,35165681,328489947,2262553861,35278184,329136611,577225,26601387,33150650,342368591,50251458,1582631
1635266526.9550202,35448597,327993145,2260968314,35795594,328868473,580725,26928854,33302958,342427212,50078586,1536767
1635266527.9060078,35309513,325578018,2261879102,35436680,327807397,579830,26224901,33176942,341971831,50001735,1602786
1635266528.8569882,35920149,329608401,2262810696,35233759,328807399,581399,26164203,34574246,340156350,49169250,1466242
1635266529.8079715,35064219,330466485,2260665247,34978026,328681342,606425,27205066,33678773,345209083,50616559,1441306
1635266530.7589471,35370588,329293737,2260684063,35665656,328889610,594611,26243826,32919500,343041819,50208741,1493437
1635266531.709921,35477135,327801537,2262203214,35514237,327777014,586379,26667642,32989677,337668575,47152490,1491577
1635266532.6600358,35152432,327973771,2261890651,35251521,328194601,595964,27354035,33472553,339689520,49590213,1622888
1635266534.562013,34983345,327346290,2261167184,34900642,322993522,581186,26569655,32896976,339239274,49892306,1589881
1635266535.5130115,35926072,327394278,2260805221,35210451,326142650,584091,26092839,33430910,340510906,50693871,1521886
1635266536.4640107,34955194,327181625,2261986305,35201005,326221608,571414,26418606,33633428,338743767,49212498,1529660
1635266537.4149938,35651226,325189791,2259864270,35110125,327265101,581604,26825267,35631851,340813174,49654754,1601101
1635266538.3659878,35114807,326654849,2261404773,35239453,326980625,582557,27266635,33290641,340620990,50348633,1603193
1635266539.3169827,35540308,327364271,2260712422,35240097,326962154,570026,26519530,34307269,335828456,49842822,1615775
1635266540.2679944,34827474,329168255,2261120464,35986744,329906257,571850,26694304,33550445,341824005,49488815,1491094
1635266541.2190053,35534811,329727419,2259569454,35097747,324449679,577248,25783349,33227509,342858270,50152472,1578888
1635266542.1700408,35753882,327806574,2258613391,35024047,326586479,586510,26959469,33504077,342785063,50107710,1550552
1635266543.1210513,36000182,328105059,2261462036,35100697,329083145,591406,26904069,33398455,344422271,51008666,1693119
1635266544.0720384,34968555,328223993,2261794464,35378010,327568106,580916,26780885,33646882,342755925,49641432,1464227
1635266545.0230625,35510187,325242523,2262076607,34546568,325206686,577021,26784257,33352884,343237386,48078619,1572478
1635266545.974044,35249487,329035369,2261603519,35606795,328532423,587307,27138167,33644026,344085079,50118171,1542528
1635266546.9250386,35494504,329597126,2259242000,35390414,328122802,585735,26517571,33773007,342528914,50957763,1510164
1635266547.8760204,35320511,328572620,2260548471,35353405,328418502,582030,26876393,33163350,343541504,50360315,1595870
1635266548.827001,35069324,324892637,2261677406,35150647,328630461,583342,26620933,33449027,344573527,49689291,1511612
1635266549.7779777,35454732,328195361,2260509155,35507525,328674175,586017,26215324,33478043,344176600,50755906,1529252
1635266550.7289526,35572227,328927746,2263379645,35409989,329765093,579211,26479154,33859921,342551598,50595884,1459930
1635266551.6799345,35348204,329961228,2260263818,35782554,329583012,580014,26530718,33324648,342170399,50144149,1480931
1635266553.5810235,35126414,329944341,2262882225,36073874,329098251,588660,26653394,33435674,344571891,50241882,1464752
1635266554.5320091,35312097,327139356,2262337295,34838226,327800811,579678,26565295,33721388,345189991,51066445,1490228
1635266555.483003,35423246,328945284,2261989784,35548891,327848470,579192,26643208,33777600,343328959,50158591,1519091
1635266556.4339952,35490358,328640104,2264265388,35132784,329029645,580386,27019199,33720158,345261919,50585691,1518597
1635266557.38501,35851669,329841858,2262058738,35344679,329028540,579091,27485694,32506124,342248553,50469647,1736430
1635266558.336004,34943429,327835754,2261789756,34618196,325726623,586364,27167379,34200974,344124613,49946119,1429812
1635266559.2870276,35953536,328853737,2262955948,34845412,324203559,589458,26493109,33702800,341976860,49031669,1523065
1635266560.238046,35083801,327150500,2260369641,35269492,328624751,580004,27451428,33918282,342743864,50247818,1547462
1635266561.1890533,35852713,327949462,2263509752,35631267,328781216,571429,26458421,33834362,342191063,50301151,1536368
1635266562.1400473,34826036,322758438,2260597581,34721675,328161596,577655,25794093,36270148,324139245,47492685,1473178
1635266563.091044,35606470,327992277,2261622271,35304392,326549424,572432,25505844,32642656,340332298,50281292,1538836
1635266564.042044,35361468,327314826,2259411205,35498114,327589849,582193,26458546,32875312,340278007,50325630,1527067
1635266564.9930365,35723230,328602587,2261652244,35668011,329162648,567783,26529842,33343367,342529392,50188325,1467264
1635266565.944042,34121625,320975529,2260705054,35119337,326386624,564009,26582688,33165437,340687264,49609562,1524569
1635266566.8950365,35183309,325831577,2263454530,35024115,326054139,590704,26819934,33063417,340223231,48361420,1506768
1635266567.8460336,34886761,326334233,2263635025,35259772,326487938,575075,26546846,33029006,342841894,50756752,1529273
1635266568.79702,35560734,326144566,2261071390,34710032,324943922,588246,26681966,32587544,341474305,50376267,1619162
1635266569.7479956,35351523,326297552,2259924923,35218165,328601695,573640,26857830,35558548,341334722,49604170,1544453
1635266570.6989741,35176839,325330797,2260213435,35891026,329413693,571902,25990149,33537862,342052318,48352156,1538555
1635266572.600039,35593794,328437827,2263971101,35373537,328171089,580394,26053839,33286494,342635689,50679022,1487821
1635266573.551023,35914061,328495900,2262681109,35258843,328383630,574804,26209741,34056094,343756259,50945485,1478468
1635266574.5020268,35100541,329794800,2271357677,34938442,328276375,585016,27522255,33979589,344772582,50703763,1569642
1635266575.4530218,35563282,329137794,2259745244,36274779,328862216,570413,26290634,34582883,336318595,46150997,1448062
1635266576.404022,36009842,328726516,2261512983,35365042,326883870,576837,26606321,33451106,342245786,50358553,1524754
1635266577.355018,35029434,326919731,2262438250,35317155,328235661,577265,26456004,33679728,343094860,51035505,1562615
1635266578.3059998,35407361,327409667,2260445080,35266250,328283019,582897,26898725,33791035,342989842,48976142,1518022
1635266579.2570035,35065758,323883031,2262600497,35130803,326117788,577801,26250130,34603511,339225030,50618337,1585118
1635266580.207989,35378005,327094828,2258674048,35000830,326387560,577620,26968320,34037808,342284457,49859006,1490176
1635266581.1589904,35753946,327385641,2261046102,35228423,327263423,585739,26932757,33766446,343580471,49885921,1591018
1635266582.1099799,35443898,327201493,2264319951,35135753,328248996,589244,26663369,33525361,344066830,51096444,1524853
1635266583.061012,35421503,326323042,2262333810,35387535,324809273,568795,26221614,33339739,342608423,49684496,1519902
1635266584.012002,35015249,327607700,2259729193,35222441,328109659,590600,27062523,33064647,342151692,50353116,1473090
1635266584.963004,35505951,328053758,2262087897,35289114,328597537,594352,27032872,33131976,341881881,49792089,1599104
1635266585.9139924,35346160,328829035,2260667057,35660246,327565789,579291,26463305,32960972,340819488,49873056,1572058
1635266586.8649764,36109293,329016106,2260991566,35957091,329546933,563545,26186471,33442512,342219631,50617051,1442181
1635266587.8159535,35482702,325800928,2259411637,34629730,325567478,574122,26547120,33284047,342071021,50280738,1550174
1635266588.7669318,34667693,324450036,2260549747,35328723,328373356,573050,26401742,33223886,343530544,50891822,1523697
1635266589.717908,35151508,330459361,2259198904,36199642,329478383,604421,27162098,33047298,341455252,50241298,1509507
1635266591.6198864,35938428,328279972,2261468354,35154362,328049375,569192,26391206,33793545,342393979,50145032,1604456
1635266592.5700362,35923877,324967013,2260690913,34765548,327332927,590861,26567759,32586119,341331279,50847818,1711933
1635266593.5210385,35507172,329253554,2261471943,35182298,327826486,584544,26530793,33176964,343649970,51216975,1534887
1635266594.4720356,35167577,329217533,2261342956,35266172,325474349,573805,25944782,35356398,335228981,50339511,1435636
1635266595.4230287,35203001,329241888,2262399819,35773385,329659719,576582,26394144,33233945,342411383,50441717,1468780
1635266596.37404,34940832,325256101,2261275321,35731017,329458245,578815,26418281,33276576,341479649,49587265,1466835
1635266597.3250294,35667438,328898830,2261879766,35456376,328429488,574847,26427473,32729672,342629719,51166492,1613646
1635266598.2760246,35413709,328312754,2262539929,35056301,326780283,590540,26766460,34060657,343046240,50264051,1624235
1635266599.2270164,34687365,325719737,2262369902,35004705,326442820,579424,26285419,33058837,341973094,50126681,1484130
1635266600.178022,34945190,328158482,2259129906,35771787,329529681,588760,27450602,34254590,344034258,49904750,1509483
1635266601.1290243,35499069,327084354,2259230281,34806473,329705522,566194,26542990,33640540,341865076,47340209,1456838
1635266602.0800476,35416462,330903249,2261625981,35411710,328791480,579547,26759256,33801333,344250474,50295941,1405077
1635266603.0310385,35450548,327758727,2260561741,35571950,328373370,584015,26710813,34407614,338900567,46459017,1498077
1635266603.9820375,36783007,329756455,2258077333,35074767,328416854,592157,26400894,34023789,344770671,50499421,1513749
1635266604.9330292,35233791,328745225,2261265629,35461265,330213751,577754,27627370,34256781,334998078,47138624,1646435
1635266605.8840146,36186118,330465340,2259555897,35367798,329604127,579236,27118358,33800273,343809062,49890422,1634020
1635266606.8349957,35690755,329670088,2260650948,35273439,329848610,589959,27103372,34171785,344968877,50476860,1454605
1635266607.7859664,35572200,329487917,2261443165,35422457,330118067,591540,27006005,34756687,341471887,48492362,1532015
1635266608.736941,34386481,328106934,2261326671,35771565,329121464,583560,27115293,34356138,332786028,43978374,1436361
1635266610.6389275,36361735,329040403,2263948563,35147090,330466168,572941,26743765,33377096,342240878,49642873,1548799
1635266611.5899322,34789808,327447687,2259425006,35356207,327071513,575122,26399715,33011134,341859149,50541719,1656310
1635266612.540047,35050434,327716425,2261860569,35274662,327917938,588941,26591369,33454302,342863661,50590815,1515944
1635266613.4910445,35600398,327484964,2262183955,35065521,326152300,575333,26467442,33703146,342561782,50693491,1544932
1635266614.4420345,35882106,328262270,2262340924,35102694,328446334,582064,26854700,34049421,344476588,50323454,1525905
1635266615.3930304,35268022,327587685,2260679532,35197968,328643021,583360,26396176,33793888,341976612,49147720,1465082
1635266616.3440225,35216846,327037019,2261209551,35216275,328517751,583200,26800031,34731313,341679829,48631017,1642427
1635266617.2950273,35175324,328765261,2261866283,35484505,328930081,576850,26622368,33407800,343606548,50863372,1566487
1635266618.2460191,35554363,327873881,2263633836,34746884,324162068,566713,26895231,33699907,343120522,50023444,1530298
1635266619.1970243,35060746,327512384,2261741954,35171365,326657031,577887,26454126,33187833,336641495,46501809,1502915
1635266620.148024,34995173,328291686,2261404455,35522981,328424145,575410,26558881,33234633,342586303,50772410,1568288
1635266621.0990164,35203085,326360203,2260937820,35392787,329185110,583899,27062956,33685069,342920470,50105980,1550802
1635266622.050036,34986855,323200226,2263414374,34706988,327139823,577453,26570497,33554344,336769951,43509020,1585062
1635266623.0010295,34897505,327321066,2260503912,35355057,328800192,585792,27126994,33285696,341813421,50714649,1579188
1635266623.9520378,35315917,325573217,2259793291,35462135,328753521,582481,26374985,33362759,342156401,50879900,1568124
1635266624.903041,34982569,327436574,2261394835,35549673,328479396,575301,26555512,33356970,342345359,50186085,1558828
1635266625.8540428,35082192,322584867,2261531603,35146780,328440966,593384,27227559,32961454,342448568,50615851,1623869
1635266626.8050334,35778391,329780907,2263435016,35772247,330031932,581879,26682154,33447951,343385612,49503589,1615818
1635266627.7560194,36138480,327990656,2260251759,35585698,328149511,576119,26243112,33276915,342064991,50492980,1482425
1635266628.7069995,36132910,329444085,2263809348,35700292,328176973,565758,26687822,34810419,340122360,49837896,1578134
1635266630.60898,34859214,328913107,2262679939,35616237,328578992,575709,26545655,33771610,341664707,47391389,1455572
1635266631.5599718,35756565,329523490,2261794416,35502596,327935629,575190,26442573,33355185,342934930,49872349,1585183
1635266632.5109851,35236504,328740075,2261375646,35408575,327920062,588874,26722523,33580333,343073339,50593810,1574760
1635266633.4619806,35045507,327750965,2261585860,35359417,327161502,585986,26583448,34488798,338046799,47064073,1407877
1635266634.4129882,35299744,327656384,2261804272,35419977,327416860,585255,26844911,33314719,342466442,50396909,1563706
1635266635.3639865,35051796,323592521,2271293118,35084385,326690316,573888,27290856,34216470,342183191,46112931,1535544
1635266636.3149934,35676977,327436099,2260197577,35078413,326045946,584287,26620906,33321553,342839311,49890128,1557439
1635266637.2659926,34909173,326484664,2261195467,35445877,326422112,583382,26818786,33349371,342273991,50181592,1535103
1635266638.2169936,35490837,326185509,2256901978,35359368,327305675,584538,27276526,33401641,342586747,49995357,1559766
1635266639.1679883,34563788,325755149,2259484119,35469572,327362113,582120,26420486,34293690,330885536,44894111,1492494
1635266640.118972,36344705,329670963,2262507467,35750270,328599750,579280,26202365,32675607,341213284,49893917,1556190
1635266641.0699697,35119326,330204931,2258536328,35613417,328769873,573747,26695545,33709411,343057833,50187572,1423724
1635266642.020037,35320557,329444744,2262324520,35248492,329047096,589440,26643404,34211910,344122124,50979735,1509442
1635266642.9710321,34509341,327727143,2261822154,35808280,330317516,588292,27134567,35307446,336419806,48166882,1483221
1635266643.9220183,35582678,328758825,2261944673,35498787,329197415,585035,26348936,33405811,342183560,50502832,1555087
1635266644.8730133,35640638,329366012,2260617763,34863389,327362016,578954,26271842,33600420,342207040,50027193,1461604
1635266645.8240037,35195037,329813490,2261692433,35090353,327540712,586081,26950096,33612773,344600277,50805011,1408417
1635266646.7749805,35645888,329151652,2261240956,35465774,327850899,581166,26732362,33477988,343354154,50345175,1488657
1635266647.7259536,34965524,329476115,2262498482,35408437,328313149,590299,26642156,34761848,335442720,48599017,1521480
1635266649.6279266,35212896,328254123,2260650176,35370962,326899612,578387,26996843,34575640,341393053,50303999,1490596
1635266650.5789115,34944174,327760589,2259361258,35616191,328742376,587775,26629547,32679151,342128479,50367134,1513521
1635266651.529911,35655473,329404211,2263186945,35997152,329306183,581213,26185327,32818885,341083409,49994732,1511552
1635266652.480039,35202241,330832483,2262365145,35395060,327506748,568883,26236497,33551508,344229637,50667094,1428420
1635266653.4310453,34883022,329423411,2260980230,35521622,329066928,584764,26841960,34207361,344038663,50549142,1426806
1635266654.3820462,35502880,328228297,2261426910,35549301,329700490,575810,26330687,33648019,343455879,50320089,1511552
1635266655.3330522,35484158,330977905,2261296566,35712107,328748438,581728,26327025,32890250,342395549,50627204,1549302
1635266656.2840548,35569489,329108123,2263150214,35073058,325564278,589286,26723338,33310745,342723904,50225969,1593316
1635266657.2350466,35837063,330610543,2258495285,35179292,329429330,586703,27115802,34318137,344786540,50474882,1549527
1635266658.186042,34586715,327767784,2261185299,35284264,329335149,583207,26628830,33943470,343228448,50401118,1472429
1635266659.1370416,35067802,327074127,2261984042,35019969,325589710,558049,26898742,34965983,340499393,47701178,1485308
1635266660.0880494,35536516,325904153,2261021702,34720782,325022445,575480,26445074,33552053,341376773,50187129,1549978
1635266661.0390444,35502390,328197738,2259230252,35210076,328953597,578230,26361226,33511075,341966327,50150403,1551093
1635266661.9900427,35608108,329107040,2260226217,35579993,328059150,577323,26789996,33299793,343017345,50627365,1537461
1635266662.9410264,35367723,328845945,2264774455,35575520,327493175,580129,26918274,33018503,343432250,50304709,1634163
1635266663.89202,35273906,328782337,2262177474,35995221,329433909,581261,26623115,33779779,343605553,49749094,1507374
1635266664.843006,35550551,325549603,2260259991,35292097,327269849,588028,27109174,33279931,341286411,48177539,1556473
1635266665.7939825,36160157,328184173,2264631718,35080867,329115866,570972,26392686,33433315,342878716,50048356,1551590
1635266666.7449608,34679755,329107531,2260062914,35340577,328243741,598228,26905479,33134999,341335064,49957606,1557957
1635266668.6469407,35754783,329205572,2263153765,35834659,330283636,583728,26770195,33779770,344555870,50024537,1545033
1635266669.597934,35314788,328957773,2258996918,34644629,324546229,581308,26858320,33725989,342085784,50257726,1547365
1635266670.548943,36175843,330163640,2261594202,35711137,331114646,573976,26693718,33388351,343743562,50427105,1503367
1635266671.4999387,35592312,328195269,2260700783,35544391,328979007,571499,25935140,33302750,343084552,50633053,1544395
1635266672.4500403,34900880,329592296,2260919402,35324931,329239919,576754,26949798,32662773,343440615,50607411,1531792
1635266673.4010382,35580689,329155988,2263119273,35150485,327391081,580204,26666656,34578030,336245438,47082992,1540081
1635266674.3520303,35352777,326914260,2262011739,35346281,328335344,581891,26559919,33530990,343852541,50169830,1549731
1635266675.303036,35023713,327487461,2261292223,35592497,327244011,571949,26501437,33388941,343223637,50197687,1490037
1635266676.2540312,35901435,329319748,2263617118,35537340,328754515,586579,26819940,33380126,342687225,50313179,1547388
1635266677.2050405,35562119,329964003,2261812409,35464630,328009624,583487,26491551,33214458,339439519,49890581,1550296
1635266678.15604,34926715,327402912,2260400405,35459889,327935257,585210,27187869,33201225,339503024,46744419,1611889
1635266679.10705,35202135,326444683,2261297226,34725131,324952482,583735,26622793,33176678,342579553,50762583,1525200
1635266680.058049,36186892,328976391,2261664447,35237229,328716740,584725,27082452,33748830,343811725,50907706,1680656
1635266681.009048,35454878,329384120,2260604719,35056435,327943349,599422,26616987,33501307,344628291,50933316,1517850
1635266681.9600267,35240752,327479158,2259504710,35469569,328587905,571770,26480280,33927573,333970787,44890862,1402394
1635266682.9110155,35294993,329958089,2261363406,35175937,329132272,573806,27149551,32880684,344352895,50990690,1699840
1635266683.8620143,34888271,329878041,2259457702,36022543,329321093,597469,26801252,33081562,341800407,50032343,1510413
1635266684.8129914,35513183,329470612,2261583347,35726425,330995470,571042,26654049,33931579,342260291,48816409,1489852
1635266685.7639673,35587636,328026598,2261657031,35338089,329800710,569935,26227121,32676465,340456273,50131497,1486166
1635266687.665941,34818776,328875302,2262738626,35398260,328145204,602786,26534749,32538176,343474199,51072765,1526040
1635266688.6169264,35230808,328186973,2262413858,35494816,330938871,576302,27184755,34160264,345162490,50713154,1384061
1635266689.5679235,35077934,325491761,2260112185,35376472,327321251,588293,26598827,33751375,343654426,49866948,1500978
1635266690.518917,35354249,324056111,2258136462,34757740,327934314,570329,26518675,33351997,341053285,50499331,1559518
1635266691.4699116,35145614,331245119,2260954799,35141254,330682676,601294,24901970,33920503,341323375,50700241,1507893
1635266692.4200423,34971100,331192712,2261227324,35295435,332146865,586897,25944853,33947514,340521908,50651996,1661175
1635266693.371038,36070792,332464965,2262214014,35333032,331941573,583968,24940867,33852729,339528758,49845679,1574064
1635266694.3220427,35470632,332609713,2261480051,35034243,332243478,585458,24504127,33752837,340590212,51239469,1546541
1635266695.273042,34374875,326299124,2260024683,35183236,328505350,586266,24722384,34485314,336076322,50488543,1515329
1635266696.2240472,34519597,330331054,2273234061,34997704,328667686,594661,25025345,34040295,341354209,50887610,1596697
1635266697.1750457,34681636,328346156,2261640734,34985947,327899151,583564,25040537,33862787,336784363,48762381,1635764
1635266698.126048,34609570,328992838,2263828940,35010728,328903241,589015,24857756,33842457,337728648,49782786,1642299
1635266699.0770516,34737153,328503230,2262906568,35244287,329563542,582710,24282278,34240079,338559404,49425069,1571700
1635266700.0280404,35688217,331535482,2260538912,34974819,330478700,573697,24317370,34511389,341110032,50753800,1536046
1635266700.9790308,35157638,329860581,2264650862,34907355,328476211,594743,25260383,34172833,341206384,50233109,1540578
1635266701.9300308,34353607,328809541,2262885243,34842026,331680452,581045,24514864,33874761,339658136,50819333,1562100
1635266702.8810291,35135430,330448587,2259131367,35360320,330144786,582654,24287812,33160544,339168326,51182468,1600917
1635266703.832025,35318906,329951989,2261537786,35071735,330779175,580905,24518609,34983169,342132075,49990533,1439012
1635266704.7830124,35846916,332188271,2260858793,34936163,331946277,575254,24283234,33491775,338742122,50835537,1532736
1635266706.6849792,34526101,333672962,2261826880,35257214,332136996,587654,25081131,33976890,343463569,51591649,1633317
1635266707.6359718,35302425,331844624,2263426114,35874939,329459670,592799,24828991,33571724,339705581,48049811,1594213
1635266708.5869594,35039256,331898297,2260335526,35250416,332974656,574172,25468632,33715124,338679930,51146892,1668088
1635266709.537954,36346569,331681867,2261390486,35453031,330698470,579014,24316671,34659754,340592321,50743762,1572651
1635266710.4889488,35265183,331586177,2261756379,35065833,332941232,573852,25595003,34250075,342211078,51156827,1594094
1635266711.4399579,35064785,332981073,2258019257,35105896,330638178,553825,25066690,33810216,342434107,51020925,1593635
1635266712.3900373,34728415,329534083,2260693114,35241613,329833399,606747,25802907,33806786,340969876,50763590,1488548
1635266713.3410432,35291651,330541221,2259365954,35570569,330843568,568842,24212062,34763326,340577200,50296117,1589691
1635266714.2920423,35547213,331590437,2262987643,35251804,331330253,593437,25157986,33434402,339550472,50644179,1504605
1635266715.2430427,35027722,332993616,2261438196,35315018,329958247,582749,24469498,32965907,339302703,51366152,1604894
1635266716.194042,34479326,330678069,2260274891,35384936,331226388,587744,25038354,34188243,341339099,50593285,1455040
1635266717.1450315,35417649,331031814,2261593016,35349355,331418618,584053,24920502,34695033,341010273,50524598,1480393
1635266718.0960228,35073519,332845993,2260717326,35251774,330722483,579209,24846978,33133675,339193096,51148632,1534180
1635266719.0470088,35706123,330563028,2261207508,34911758,331282528,579564,24651442,34196946,339509388,51100737,1524232
1635266719.9980085,34235420,331851143,2260706253,35191776,332032430,599145,25529461,33574987,340854468,51282996,1463649
1635266720.9489968,35953882,333754925,2262081628,35866852,332682616,596485,24813215,33719727,341312886,51569004,1664391
1635266721.9000142,34849620,331471248,2260895130,34985980,331145411,592276,25063863,34980974,343102169,50429958,1398272
1635266722.851005,35603172,330087611,2258674852,35671421,333371569,569625,25006950,34484860,342080857,50532488,1525163
1635266723.8019848,35150911,332922433,2260483283,34866759,331658537,577538,25591414,34069459,342268711,51495093,1721524
1635266725.7039506,35042637,330627999,2259655348,35510191,329872418,599308,24501089,34250037,341821170,50899191,1486784
1635266726.6549544,35543866,331400154,2260884246,35414893,331922966,587123,25284193,34392636,341569494,51296126,1542556
1635266727.6059427,35912456,330810513,2260175547,35077703,332916765,561910,24324014,33740151,339705987,50631456,1648246
1635266728.5569487,34791902,334001891,2261000028,35243156,330878328,604765,25910040,33762888,341483551,51795404,1534776
1635266729.507946,35620364,330772143,2260954914,35207661,331026827,578881,23803125,35008410,338513986,50694768,1560211
1635266730.4589546,34724083,330280744,2259452672,35590374,331784087,595167,25027007,33759471,340995440,50460352,1481571
1635266731.409947,36091917,331300255,2260324395,35137090,332173704,565913,24106366,35513351,342332454,50286803,1406939
1635266732.3600507,35002437,331436881,2260258845,34964214,333824179,594525,25597091,33805566,341473587,51375519,1587875
1635266733.3110409,35545153,329068730,2261855280,35301386,330680682,575774,24876710,34762830,341474316,50251584,1507206
1635266734.2620292,35562142,331187528,2260857619,35090984,330188849,601952,25324406,34326806,338835348,50177893,1556502
1635266735.2130272,35820209,331466134,2263290545,34823299,330050720,579266,24873312,34899814,342960764,51034153,1525699
1635266736.1640258,34794268,331344488,2260356121,35671431,331185929,610557,25094566,33439730,340072122,51511680,1508190
1635266737.1150475,35135693,330096605,2261969973,35316104,331257337,572293,24798071,33997072,340876452,50119214,1526420
1635266738.0660486,35933124,331621721,2261141338,35656137,330476946,576253,24705660,33918286,339496383,50991247,1535313
1635266739.017055,35223889,332189874,2262950532,34973245,330270362,596427,25259101,33861455,340471733,50955828,1554758
1635266739.9680457,35892258,330090859,2261984976,35047289,330020221,582507,25285876,35132471,338729824,48975856,1728492
1635266740.919045,34665767,329001436,2259123212,35257799,331285589,578663,24949206,33939218,339828315,49972957,1600662
1635266741.8700426,35185632,328353122,2259272515,35313500,328489312,584511,25671338,33684146,337939198,49999150,1578400
1635266742.821043,35599346,328185337,2262481688,34814746,328392288,583976,23947054,33312641,336905925,50866811,1625987
1635266743.7720304,34884764,329771771,2262726404,35067307,328804478,573570,24787012,33833155,339499473,50046510,1457562
1635266745.673998,35597041,330061967,2263024271,35199439,329657686,579576,25492871,34364199,340703331,50500412,1501833
1635266746.6249905,35400508,328759532,2260647188,35481011,329359177,591079,24964493,33951414,339553164,50871119,1553382
1635266747.5759974,34366031,327313551,2259788493,35167100,330919187,566417,25530550,33721964,340240867,50207013,1525127
1635266748.5269926,35404295,330273454,2259586902,35421922,328302879,588179,24299386,33443871,337883382,50781454,1547860
1635266749.4779963,35661784,331554491,2261421112,34979754,328904971,590851,26175005,33827488,340842903,50203616,1561100
1635266750.4289913,34889295,328799983,2259070780,35132019,329518373,569563,24235181,34246309,340206411,50300876,1688801
1635266751.379979,34973820,331550183,2261547678,35650043,330567269,592501,24913044,32992567,338306447,50872733,1435287
1635266752.3309994,35151107,329210312,2260974844,35480155,328061006,589252,24406070,33986369,339541625,50625680,1564330
1635266753.2819874,34994916,329214023,2258435792,34976291,328675741,582599,24754939,33595370,338984409,50460443,1571816
1635266754.232983,35143024,327543104,2260495623,35319021,329696772,569527,25080444,34324620,339339679,50652417,1537014
1635266755.183972,34899671,330362096,2261640370,35322334,329562730,588321,24692644,32844824,338413477,50810802,1567967
1635266756.1349647,35731052,329114712,2261145804,34572545,328565537,574383,25445208,34975355,341542961,50658668,1653111
1635266757.0859506,35757216,330502952,2268043432,34836836,328445469,572998,24789456,34030264,340835518,50928942,1534631
1635266758.0369449,34929696,329864854,2261458937,35503560,328955135,591594,24392170,33933656,340278706,50673292,1535232
1635266758.9879348,35612475,328940253,2261167618,35270815,329251371,581011,25390823,33583242,338760564,49736695,1628660
1635266759.93892,34963489,328967740,2262615525,35115394,329929656,584902,24779574,33390733,338464356,50349964,1491063
1635266760.8899126,35329431,328296533,2262825597,34868187,328743451,579565,25026057,33677888,337804823,49764711,1583331
1635266761.840023,35192513,330481086,2261993184,35119594,329511141,584470,24354689,33252276,338374434,50517950,1567825
1635266762.7909994,35101710,328950066,2262172335,34976801,330714716,570477,25011890,33933127,338299814,50477828,1579349
1635266764.6929758,34354897,328832532,2260894736,34961785,330316736,592761,25376044,33595426,339633091,50694795,1546653
1635266765.6439667,35875070,328294056,2262161409,35300872,329876103,575014,24896564,34769963,340489097,50366734,1595743
1635266766.5949712,35089616,330049222,2259547253,35130845,329416865,582384,25273529,32854463,337799499,50552181,1790942
1635266767.5459633,35193501,330793274,2262374953,34888147,328201121,578369,24822215,34742637,339939667,50406309,1641486
1635266768.4969654,35313285,329433291,2264988311,35294235,329851645,585757,24871240,34195683,340595375,50535624,1549275
1635266769.447966,34936678,326493387,2262595769,34858482,325206730,576870,24370701,33274882,338246322,50925217,1511687
1635266770.3989534,35335396,329917429,2261529705,34915930,329946996,577279,24792474,34117185,337804656,50834513,1525516
1635266771.3499582,35275241,332002599,2258563684,35312667,329258390,595497,25237358,33568930,338295605,51359323,1479205
1635266772.300046,35434751,328962843,2262854684,34932941,328844547,566396,24217210,34388014,338754338,50414879,1557789
1635266773.2510562,35060335,330769086,2260292505,35494609,329889187,593353,24927598,32979467,337180581,50129225,1481910
1635266774.2020519,35057049,329791537,2261729061,35207351,330439376,564238,24738783,34281825,338854135,49990210,1523657
1635266775.1530445,35142913,329519938,2259234188,34965493,330717197,578107,24258026,33774112,338517631,50826950,1532304
1635266776.1040401,34742501,328753795,2260374830,35032554,329186124,585819,25077184,33832361,339764869,50372696,1542634
1635266777.055038,34683591,329270967,2261218299,35260318,330563983,591972,25577141,33583655,339858209,50979434,1540897
1635266778.0060382,35963260,329457985,2260309663,34909992,329250473,575776,24619868,33893202,337202456,50307758,1615965
1635266778.9570315,34406013,324501143,2263863938,34615092,327210881,563177,24924178,34161450,337831942,49968159,1575871
1635266779.9080298,34850072,327850986,2261881784,35010306,328538301,574971,24530321,33579110,336559202,50239589,1499427
1635266780.8590133,35552689,328631176,2262780645,34762447,329205702,569967,24131805,34014035,336663312,50232701,1540007
1635266781.810019,34999848,327838857,2259122018,35208230,327873919,584869,24985025,34535221,334146788,49280614,1533354
1635266783.7120183,34947282,328159249,2262345934,34961527,327542340,564832,24448630,33768900,337145166,50009653,1582504
1635266784.663013,35300764,328676487,2261274879,35595060,329412075,589896,25273210,33024143,336752534,50354650,1646169
1635266785.6140177,35390713,328579631,2262359599,34853134,329907104,567497,24320520,34075959,338531548,50316004,1501742
1635266786.5650222,34534591,327576244,2260053350,34870508,327507759,590656,24634138,33072919,336685663,50644364,1500545
1635266787.516015,35178153,326033897,2260394354,35009795,327343883,580644,25142158,33714540,338583614,50076307,1556545
1635266788.4670265,34742651,326665916,2263383258,35144965,327127034,586196,24635572,33368511,337794541,50582972,1485720
1635266789.418023,35287196,326848415,2261421412,34721810,328010152,573202,24090894,33723773,336563787,50029533,1659302
1635266790.3690324,34637188,328912564,2259428197,35322427,328296623,583034,24693808,33178952,335669924,48841723,1489129
1635266791.3200316,35868106,328312161,2259977717,34918162,327662814,581717,24623104,33901294,338502180,50721117,1530046
1635266792.2710261,34879291,327927513,2260388077,34955405,328014769,578483,24903087,33471176,337311857,50950952,1623825
1635266793.22202,35062485,330069027,2259327052,35019076,330193566,563739,25137879,34744030,339107999,50182674,1573117
1635266794.1730251,35113830,332268368,2263296751,35468596,332234871,591898,25339446,33040883,339907644,50467250,1678485
1635266795.1240256,35471182,331754751,2260091612,35284764,331769219,563148,24770253,35215900,341291219,50554110,1561208
1635266796.075013,35331664,332684048,2260469083,34996622,331404118,599779,24719457,33727627,339825000,50741060,1561669
1635266797.0260088,35753895,331320441,2260547657,35138698,332446925,567704,25090075,35145309,340538541,49535514,1524393
1635266797.9769883,35252991,333558842,2262173602,35265242,332325951,587513,24111050,35403346,335025879,51404731,1640626
1635266798.927975,35304936,328847572,2258084479,35125922,330697009,584334,25615993,34738440,339733789,49917744,1566103
1635266799.8789613,35354054,331286735,2259107275,35238682,330529419,581888,24718835,33549849,339041935,51202781,1749283
1635266800.829946,35250252,330154617,2263430050,34949973,331740242,580381,25564718,33896637,340300038,50271951,1648420
1635266802.7310166,35587435,332398658,2259564618,35331574,330730946,599473,25358225,33482358,338174168,51191580,1692578
1635266803.682018,34806242,328344018,2262292273,34942534,329450451,566289,25021758,34603793,340150988,49898354,1474690
1635266804.633004,34710204,326975547,2259329140,34990093,328824691,577021,24319363,33692209,339074248,50823091,1580101
1635266805.5840054,35173065,328208265,2260848192,35373621,328278810,589381,23754889,33656583,338629724,50673277,1478581
1635266806.5350008,35601734,330807772,2259934046,34732537,330065792,581352,25438147,34058695,337867572,50735007,1561918
1635266807.4860022,35569025,330882156,2258437095,35155543,330047966,603173,25169017,33524935,339629869,51259270,1626234
1635266808.4370005,35848618,328457851,2259968271,35307296,330956786,571823,24559842,34729849,339643332,49114500,1467849
1635266809.3879855,34892872,329988149,2261055716,34651159,331713472,568838,24157947,34404649,340350262,50474630,1520800
1635266810.338976,35347078,330523132,2257903861,34765688,328357626,572946,24676523,33983874,340612159,51037988,1599439
1635266811.289979,34863180,333094438,2260030783,35157902,331706562,599159,25662842,33202310,341342902,51711538,1559917
1635266812.2410026,35521105,332196990,2260211311,35536386,332257527,594511,25338785,33561492,340244949,50794319,1646709
1635266813.191998,35886352,331454573,2260884846,35168308,332718167,574586,24220335,34141843,341294541,50766102,1487153
1635266814.1430025,34774765,331479638,2261368499,34652444,331216220,582037,25075737,34225818,339819862,50623632,1425559
1635266815.0940018,35279186,331396263,2262986608,35420195,331636866,588096,24304672,32789435,337809357,51260398,1671379
1635266816.0450068,35199115,330375815,2260656850,35355874,330936020,581518,24865855,34656964,339433872,49715952,1526806
1635266816.9959993,34480758,328948888,2260904153,35262459,329642195,588083,25039190,34366054,336580786,48862746,1483020
1635266817.9469883,34960618,330222943,2269058184,35673603,329010264,917018,27907488,33935933,338670955,50963232,1642269
1635266818.8979704,34492336,326784019,2259888003,35216201,329398122,578696,25702169,34627818,337898870,48632878,1562475
1635266819.8490045,36678122,329263021,2263086791,35190253,329665302,584900,24561035,34572524,339439956,50294088,1547041
1635266821.7500176,34652523,331084022,2259841652,35330280,329010454,600225,25403609,32609316,336852702,50135468,1612158
1635266822.7010121,35057466,329661013,2259499086,35250049,328920341,582175,25371032,34387574,339566217,50652063,1631781
1635266823.6520042,35261478,328523141,2260781949,35451665,328559307,583141,24033743,33229689,338211040,50310921,1471473
1635266824.6030083,35056276,329707532,2260697995,34986265,330033398,582664,25731142,33485475,338814793,50533003,1675344
1635266825.5540123,36349421,328692392,2261304024,35118873,329519652,572350,24713716,34285590,338680791,50463688,1708710
1635266826.5050185,35135058,330450749,2259708370,35177504,329167516,597792,26288684,33290712,338917742,50497225,1710107
1635266827.456033,34854872,328445955,2261014250,34947851,327888576,583352,24724162,34148651,337785700,50297671,1555356
1635266828.4070315,35637409,329144429,2261669704,35058551,328335848,584303,24787015,33588539,339783739,50366774,1580180
1635266829.3580394,35338052,327506384,2260373228,35135232,328017309,580744,24054219,33206025,338079919,50367510,1576754
1635266830.3090372,34634344,328948725,2264088334,35157003,329037748,585199,25216123,33333321,338490908,50555785,1598786
1635266831.2600973,34562326,328699264,2260196566,34861757,328066267,586012,24548789,33741928,336385296,50039508,1424646
1635266832.2111044,35186313,328376331,2259643801,34887731,328355791,586987,24631317,34056484,338260328,50343250,1569963
1635266833.1621296,34903559,326693683,2261600020,34898142,326924707,578126,25011946,33489196,337888225,50273781,1553745
1635266834.1131341,34765567,327481283,2264508004,34866234,329125177,586736,24618283,33730025,338111253,50236841,1506248
1635266835.0641305,34170132,327853134,2260823204,34812860,328449864,584108,25482419,33634901,338045903,48690945,1515553
1635266836.0151174,35863644,328119963,2261746035,34796168,329437873,565448,23949450,35216351,336107736,49978595,1660694
1635266836.9661021,35090393,328523363,2260484123,35247482,330141730,570416,24308524,33953742,338304796,50324621,1461380
1635266837.9170852,34477569,329809331,2261845738,34908879,329458908,598424,25517188,32727962,337783226,50782264,1682587
1635266838.86806,35474199,327290484,2262689097,34922767,327105154,574172,23977963,33696344,337053310,49890250,1521794
1635266839.819043,34714669,330302808,2260263617,34977685,328585886,578228,25237904,33657377,337321386,50904760,1527489
1635266841.721027,35540296,328901550,2260495445,35044406,330147115,576519,24801819,34096165,338628782,49638822,1505039
1635266842.672019,34641290,327629785,2261504612,35242720,328950896,592279,25789320,34049419,336087392,49096272,1718165
1635266843.6230226,34953588,327579464,2259162953,35012941,328210872,571965,24553491,33615425,337705477,49789844,1659634
1635266844.574014,35213381,329200574,2258821258,35235579,327434336,596968,26094086,33624624,338891213,49992561,1613119
1635266845.5250652,35389962,329791684,2259999036,34813194,327840579,577227,24510635,33915074,338470813,50390588,1603903
1635266846.476059,34385399,328843907,2261346460,35586528,328582667,582953,24840041,32655429,337598078,50727039,1511511
1635266847.4270563,35401695,328733376,2261280302,34861816,329150629,568209,24506929,34055263,337160378,50912322,1505084
1635266848.378057,34631485,327206970,2260717799,35161301,328885865,574441,24824632,34247167,337559432,49317726,1485520
1635266849.3290553,34675832,328938978,2261838230,34978342,327142849,582461,24680235,34211623,336246755,50582826,1531611
1635266850.280055,35152566,323354162,2260962998,34783426,329576822,583775,24661061,33583282,338387122,50503686,1627106
1635266851.2310457,34957861,328995520,2261753707,35236543,329417031,587372,24293602,33272887,336490935,50124717,1445241
1635266852.1820433,34992560,330018888,2260377932,34991686,330055613,580792,24381599,33828631,336988856,51015678,1539559
1635266853.1330292,35234852,326704107,2261213917,34744060,327486004,583336,25296176,33724117,336079062,48716288,1556819
1635266854.084011,34519079,330065989,2262129009,35112271,329223365,580824,25225365,33839894,339211824,49926457,1501834
1635266855.0349922,34790772,329110599,2260506962,35070326,329227924,572705,24726846,33493291,338496936,50407587,1679297
1635266855.98597,35428658,329679790,2261298976,34524052,326311408,584092,23820900,33742142,337872991,50435375,1540202
1635266856.9369671,34835595,326103554,2260861887,34726940,326873685,574780,25218320,34650336,336124410,47805102,1572002
1635266857.8879497,35264574,326683839,2262025550,35336430,326634525,585211,24580686,33006464,337968410,50301818,1610318
1635266858.838933,34503648,327384474,2262866799,34864835,327358347,581148,24269451,32404381,334808544,50636571,1634622
1635266860.7400284,34873021,328232028,2259796206,35052308,329519036,581695,25452933,34301355,338618393,49800537,1548098
1635266861.6910107,34343045,327031653,2260294441,35139562,327536699,585903,24515913,33147739,337530620,50520964,1490098
1635266862.6419878,35380973,328228987,2259515416,34905270,326162462,582788,24200083,34031555,336877926,50165423,1540660
1635266863.5929725,34933401,328247794,2261288016,34727362,327206110,574623,24565912,33743480,336841570,50386989,1529894
1635266864.5439577,34894196,328452830,2260741086,34696081,327653685,575141,24902965,33532093,337138101,50213958,1562867
1635266865.4949555,35443844,328001223,2260649380,34686272,327225418,576479,24500497,33965214,337041568,49998243,1575929
1635266866.4459465,35028016,326937748,2260648828,34713288,326728695,572865,24254282,34146329,336099395,49712959,1478340
1635266867.3969486,35098947,328413728,2261965843,35277452,326773129,577808,24977120,33562166,339182242,49760514,1518405
1635266868.3479419,34826194,328372398,2259108131,34946133,329053036,585339,24965863,33429116,338149192,51369876,1593264
1635266869.298937,35359138,327980588,2261575289,34969439,327815661,575349,24010446,34507100,338234937,49459781,1494650
1635266870.2499323,35207603,329770426,2262446313,35257914,328338995,584008,25483118,33055276,337976812,49751897,1593638
1635266871.200081,35883509,328407636,2260602940,34660972,328293096,592250,24306520,34455459,338161018,50131732,1496220
1635266872.1510768,34224792,329894979,2262024490,35116081,328885262,586985,25411916,33207416,337696845,51081831,1632080
1635266873.102067,35018538,327647497,2261201659,35634676,327017654,586965,24384744,33743042,337030266,49797239,1568476
1635266874.0530815,34887303,327967668,2262986751,35033179,327868410,573705,24820285,33377108,335371698,50734392,1700713
1635266875.0040781,35000387,327525849,2261034203,35099614,328789455,570510,25043599,33956790,339417900,50208378,1571283
1635266875.955068,35006630,328124579,2260109067,35400895,329365710,568479,24853097,33925563,338226145,48631614,1507349
1635266876.906048,35398462,327999219,2259921940,35071529,328151860,585573,25242785,33893830,338699594,50008531,1620746
1635266877.8570309,34688769,327885174,2260751720,35091300,327766085,581675,25358789,33293832,336014853,50188294,1536925
1635266879.75898,35476787,328426403,2273529601,35261175,329639851,584518,25278433,32411506,336587344,50234631,1691161
1635266880.7099621,35157437,328231425,2263529918,35013927,328463098,579074,25111057,33767846,337266368,50177281,1628166
1635266881.660026,34434566,329664287,2261202132,35162839,329781819,571794,24158272,33441637,336942143,48505439,1505246
1635266882.611023,35640316,331276004,2261084476,36030684,330606733,602526,25743914,33854358,340366397,50738893,1609731
1635266883.5620077,35731559,330341833,2260877676,34602034,328707113,579986,24199931,33589465,338813373,50512735,1425477
1635266884.5130017,35242881,329601170,2258316667,36047137,329598626,579222,24075992,34614310,339384426,50253985,1462458
1635266885.4639947,35198700,326481104,2260396811,34831567,329898344,571842,25138748,34208226,339197626,49957235,1685646
1635266886.4149907,35164230,330290403,2260313014,34861892,330063541,567938,24686262,34128609,339137848,50688707,1525973
1635266887.36598,34919237,329279403,2259898513,35410023,330016291,588032,24319019,34100650,337429495,49841266,1550658
1635266888.3169556,34982865,329886115,2261310258,35413632,330218302,596013,25270180,34330451,339914936,50063073,1476747
1635266889.2679396,36058205,331183078,2259220021,35377220,330478185,566868,23999354,34279214,339905077,50112408,1385309
1635266890.2189226,34790819,329498771,2261275837,35018013,329909136,585647,25501117,33483324,338433938,50868552,1615548
1635266891.169927,35458922,329692717,2260109958,35104989,329748463,587523,24904689,34167620,338194985,49994602,1566191
1635266892.1200345,35188828,331110390,2258647917,35739422,329379975,598934,25496606,34256791,339093168,49933534,1392791
1635266893.0710287,36049823,329797237,2263452193,35031887,330969160,574760,24273360,34498460,339578063,49936088,1445610
1635266894.0220137,34743697,331684289,2262407293,35354498,331542460,598220,24938594,33127640,338162975,51400379,1481253
1635266894.9730058,35377529,330200554,2261117829,35873154,329478172,578584,24356129,33851365,338577818,50505042,1487004
1635266895.923986,35724724,329570961,2264059582,35148555,330735861,572796,24536861,34727499,339360147,49109755,1474046
1635266896.8749664,35246467,330838489,2261031156,35085868,330259315,587651,24660848,33418300,336598482,50987070,1569731
1635266898.7769089,35110498,330788796,2261624275,35795005,329841452,581641,24605793,34002844,339490901,48652186,1363657
1635266899.7279017,35232537,329823341,2262589939,35210269,330239969,593338,25495113,34738270,340193814,49561255,1478733
1635266900.6788924,36331761,329038156,2259521320,34881361,329050779,561182,23826098,34850042,339465764,49918156,1447515
1635266901.6298916,34987638,330589676,2260834316,35429950,330353720,588119,25064464,33676955,338692227,50452165,1504863
1635266902.5800514,35702397,330458665,2259949224,34994566,328889751,583093,24993619,34317516,338466885,50479438,1544691
1635266903.5310736,35305083,329297978,2261969679,34971324,328501617,582474,24656597,33763306,337137741,50488629,1547126
1635266904.482086,35134867,329713147,2260679640,35246503,330146725,593614,24201231,33053225,336996610,50052064,1534139
1635266905.4330757,35232018,329194032,2261589346,35155406,329002275,573466,25860850,34605966,339064729,50260210,1680627
1635266906.38408,35199663,328633468,2259557518,35847661,328872358,579964,24058284,33372336,336195259,50218566,1482174
1635266907.3350885,35138724,329250334,2262596284,35198610,329804076,582090,25271604,34485442,340662353,50582325,1538083
1635266908.2861028,34637014,328512187,2258913714,35265945,329494739,571123,25069165,33461441,338850668,50244382,1632895
1635266909.2371023,35829811,327769521,2259215436,34982115,329888995,576531,24684987,34927885,339236210,49758468,1491916
1635266910.188108,34864990,330714463,2261952446,35462690,328893072,590572,25157157,33866759,338023213,50687500,1527666
1635266911.1390986,34677103,329019827,2260093191,35254956,329177053,583045,24757996,33654840,338751893,50756383,1516344
1635266912.0900826,35334970,331316938,2261633431,35099287,328330921,589133,24615257,33562737,338240388,50720556,1554128
1635266913.0410721,34839830,328773842,2261348797,35258757,328558692,579098,25712471,33317517,337395801,50162078,1550838
1635266913.9920614,35910682,328491005,2258009543,35082174,331214509,584726,24443768,36056777,336180803,47545116,1531115
1635266914.9430478,35288227,332439789,2259303554,35280667,333969706,580277,25986758,34778461,340771971,50968844,1583737
1635266915.8940241,36450625,333217665,2262652279,34573047,335004870,600530,25994478,35956256,341871286,50143852,1446924
1635266917.7959816,35802899,330597155,2259257618,35572673,331915737,567803,23656239,34896874,338170076,50458031,1483553
1635266918.7469602,35182162,332888414,2262732406,35107130,333292665,570542,25579640,34433335,342383569,51361182,1574133
1635266919.697943,34629287,333370045,2262698321,35539608,332373149,582692,24590460,34096929,342160690,50600941,1543510
1635266920.6489398,35975888,332409964,2260978640,35257669,333333457,589989,24658339,34809315,339467940,52267778,1586181
1635266921.5999253,35007114,331807347,2261005150,35694293,331897537,591283,25004731,34798038,340700079,49923737,1484998
1635266922.5500324,36129293,331744850,2261113128,34928701,333494498,584974,25009146,33862454,340651149,50749479,1680013
1635266923.5010319,34736525,330828246,2262115296,35059610,332597750,570248,25274190,34607826,342349115,51362626,1605674
1635266924.4520307,35186069,333525449,2259789298,35598870,332161808,583281,25414704,33814243,339583349,51480447,1590107
1635266925.4030447,36228692,333790886,2263258217,35548212,332390566,595976,25110576,33774196,342941190,51154175,1664165
1635266926.3540437,35828929,332617077,2261126703,35890519,332316138,592683,25809858,33865775,341795634,51141790,1597837
1635266927.305048,35724972,333746972,2259597028,35662022,333293416,617591,26410685,33330081,341067405,51714507,1580324
1635266928.256035,35536870,332581584,2260388015,35946540,332532865,594652,24628051,33408081,340623394,50946535,1586799
1635266929.2070363,35568429,331286071,2261290040,35542690,332188493,593179,24501980,34704186,341381684,50790460,1475293
1635266930.1580243,35070064,333979235,2261051766,35067096,331446870,586652,24869663,33885207,339942307,50780654,1487837
1635266931.1090038,35345040,332059321,2259897132,35326079,332910175,586592,24489381,33945953,341409419,50730202,1527397
1635266932.0600052,34642919,333651442,2263506601,35410801,331566761,605734,25748107,33250768,339853628,51204494,1530204
1635266933.0109944,35964146,329449390,2259250851,35178775,330784694,568135,23901082,34604234,338675187,48719344,1488475
1635266933.9619827,34695296,331425147,2261922006,34983484,330999882,581925,25508553,33890444,339721022,51923330,1581438
1635266934.9129643,34914343,332888675,2261641313,35955537,331629760,608474,24636969,33472281,340416313,51069596,1531365
1635266936.8149345,35753438,333164634,2262257475,35303626,332431358,593282,25051803,34180719,343100244,50269425,1492170
1635266937.7659142,35669412,332969317,2260796625,35664111,334020927,568713,25078173,35157365,342705635,50548319,1446842
1635266938.716903,35571487,334556072,2259784054,35312179,332790260,584730,24971681,34486809,339738976,50756997,1693630
1635266939.6678824,35314557,332367480,2261206510,35473798,333072434,617221,25896354,34650473,342084142,51456271,1539181
1635266940.6188703,35576779,333202965,2268406558,35178744,333265092,574206,28150475,33034981,344641983,50474552,1549699
1635266941.5698535,35746285,332258157,2262856245,35714997,332812178,597481,25833994,33222713,343003593,52399781,1713203
1635266942.5200415,35040769,330847691,2259610106,35142973,331593881,582971,24798513,34674524,341297525,49708304,1369106
1635266943.4712458,35102867,329742209,2261131819,35460981,330395939,587825,25197630,34412758,339224788,49920332,1656532
1635266944.4222653,35088068,332454938,2259373024,35383294,331287422,588018,25044430,33412876,340133863,50964829,1697521
1635266945.3732684,35180680,332342355,2264664905,35158993,330982266,601354,25677889,32883231,340573281,52024103,1600892
1635266946.3242722,35572369,330814534,2260713354,36152856,331550566,584776,24431651,34231449,341226562,50498657,1621604
1635266947.2752652,35243401,329025530,2263085262,34654427,330875944,566142,24772897,34768574,340260573,50269147,1548960
1635266948.226253,35913423,330732346,2261709342,35322829,329658671,597569,24609702,34176286,339892007,50908248,1511377
1635266949.1772456,34694558,330799136,2262182026,35016687,331460850,579031,25829917,33854581,339361962,50826572,1605270
1635266950.1282349,35553045,331329539,2262185624,35589105,332069726,580939,23422514,34558303,340250163,50487650,1515149
1635266951.079233,35057553,331008983,2259078295,35221465,329863706,583988,25244607,35192723,337498785,49747606,1521058
1635266952.03003,34798000,332557249,2259553897,35467607,331712629,607236,25496442,33125102,338680789,50666674,1542370
1635266952.9810216,36121152,332404849,2262742575,35737473,332002836,592066,25132601,33724475,343309805,51601440,1676650
1635266953.9320056,35208398,331137134,2260877328,35487877,332174630,597052,24766691,36177833,339681103,50143982,1471276
1635266954.8829908,35205965,331969969,2259887774,35224227,330331296,579762,25339597,33557149,339728589,50950268,1710881
1635266956.7849488,34490483,330961487,2261057346,35231281,330373656,597536,24808181,32914402,339346986,51241690,1504340
1635266957.7359293,35049610,332551954,2259549591,35127986,331097335,583492,24692933,34290243,339446854,51035312,1533937
1635266958.6869113,34676054,332533752,2261553841,35582478,331057092,579746,25182677,33446057,340506699,50888081,1511401
1635266959.6379101,34760753,332581406,2262060385,35524214,331913404,607088,25082119,33019909,339861740,51092070,1449975
1635266960.5888984,35016637,331705576,2262002602,35822825,330089770,582958,24430610,34578146,340972119,50510151,1531488
1635266961.5399044,35240576,332582419,2261623456,35191448,331147066,592323,24865694,33838552,341643488,50876818,1565463
1635266962.4900343,35161182,330849535,2261120505,35137719,331578971,578016,26038781,35515970,339976940,49918327,1610141
1635266963.4410312,35658879,331954138,2261573878,35592627,331541517,589547,24663590,34887520,341145308,50072808,1546595
1635266964.3920183,34903423,329919107,2264497046,35378786,331419777,595326,26264806,33592428,340249080,50442338,1698769
1635266965.3430028,36918440,332099819,2263260546,34809846,330862088,567832,24047981,35051994,340891148,50606249,1508020
1635266966.2939856,34166222,332013001,2260365800,35125330,332525429,577272,24913666,33872380,340998386,52267039,1529435
1635266967.2449687,35423043,333393592,2258805675,35985996,331895786,605328,25135570,33520176,340725770,50824017,1586054
1635266968.1959665,35684783,332556130,2257881269,34764050,331635873,586228,25329616,34127155,343009960,50619334,1501602
1635266969.1469567,35255380,333009271,2261087020,35699793,334157641,571408,24923919,34689355,341913733,50848049,1449580
1635266970.0979536,35043483,332890735,2261069569,35548618,331498202,599132,24963380,33153423,340478945,51327153,1442354
1635266971.048943,35398908,333057453,2262038826,35864543,332354297,596478,24763353,33524580,341064529,50927293,1569434
1635266971.999932,35700476,331665337,2262492394,35006051,332538027,600302,25829642,34852805,342348162,50240572,1584388
1635266972.950026,36243869,332241350,2261615769,35387387,333946324,563803,24565716,35234844,342281281,50231584,1466713
1635266973.9010067,35605412,331925492,2262240117,34764567,334419367,575589,24906745,35822561,337276772,45051993,1483105
1635266975.802955,35542974,334050709,2263267404,35329113,331695559,602125,25864276,34795856,338885417,49528432,1580922
1635266976.7539392,35959434,332774267,2260706748,35524172,331481276,582478,24070641,33806712,343028555,50705546,1471232
1635266977.704926,35621892,330073978,2262534749,35393775,331509648,581656,25437728,35069049,342396222,50378706,1531050
1635266978.655938,35246490,331830368,2260450811,35249811,330364491,587037,24782127,33781851,337956167,49444005,1545141
1635266979.6069357,34956524,331120163,2263900228,35222105,330314335,581456,25501217,33728787,341201542,50385624,1541141
1635266980.557929,36446577,328617749,2260477367,35011345,329756610,574987,24838486,34645825,340280524,50669977,1668984
1635266981.508923,35060066,332062184,2263092126,35416212,330924404,603470,26091407,33275125,340596982,50600051,1709072
1635266982.4599116,35183988,331506940,2261679803,35414194,332415457,587534,24805100,34318229,339691347,50940414,1498639
1635266983.4100466,35447211,329542088,2260429762,35281085,330929420,569816,23886662,34326558,339418361,50263367,1516061
1635266984.3610492,35262473,331095587,2258583149,35839283,330797742,588277,24958731,33301963,340310038,50892361,1549326
1635266985.3120515,35203768,331498261,2260305750,34880864,330763125,579287,24719281,34120708,340701567,51695768,1573758
1635266986.26305,34999468,329559691,2260795203,35277170,331620239,597848,25684072,34489037,340597048,49538610,1489038
1635266987.2140582,35469404,331595801,2263551558,35436855,331784968,577630,24765548,34066403,341082446,50583246,1659458
1635266988.1650589,35423913,329803627,2257968687,35190039,328871261,595713,25437204,33105874,339577909,50691552,1642947
1635266989.1160614,35099131,329557028,2260379983,35035295,331568780,601902,26205970,33700422,340237197,50942138,1695829
1635266990.067048,35471059,330584731,2260537569,35329895,331180955,573673,24527007,34611180,340412729,48866233,1569647
1635266991.0180333,35276781,330981894,2263806162,35770173,331268351,570212,24829832,33969144,340120774,50856412,1459939
1635266991.9690106,34693012,332359896,2262227714,35754626,330735912,592937,24589860,33384877,339705009,50915546,1558837
1635266992.920015,36359199,331217254,2262269723,35015780,330668661,575601,25383108,34058457,341675983,50685180,1653391
1635266994.8219647,34379330,329196561,2260090447,35030101,329947741,565626,25457665,34452648,341144299,49157866,1615722
1635266995.7729437,35340792,330131712,2261291961,35158667,329702767,595272,24488053,34354966,339568420,50509556,1535130
1635266996.7239275,35171049,331087364,2259267426,35279867,330771026,589701,24778800,33645296,338596859,50804724,1542106
1635266997.674923,35223681,332387890,2260406393,35645213,331562558,574780,25016214,34201755,340215121,50853915,1552597
1635266998.6259143,35244761,330762887,2262883297,35316187,330580927,587530,24486695,33795908,341452717,50004773,1445081
1635266999.5769145,35734348,330203403,2258912731,34703263,331486756,578794,25341336,35247806,341819453,50500582,1516558
1635267000.5279026,35391888,333636962,2258339904,35710715,331075159,590634,24992082,33546547,340607669,51567073,1544134
1635267001.4789054,35679237,333005075,2269884367,34863014,331965633,699121,26678230,34389277,342581153,50481951,1522607
1635267002.42991,35202661,331378784,2261126648,35242467,332140763,592660,24808784,33570228,339023358,50834430,1533457
1635267003.3800364,35144944,330756986,2261291631,35281869,332625539,564425,25001894,34777654,340771144,50225360,1510950
1635267004.331041,35176489,331005117,2263194946,35249656,328654766,593846,24067046,34178616,342013384,51076655,1483527
1635267005.2820344,36132382,331984793,2262041143,35267078,331202081,583017,24910646,34007953,341402335,50882958,1562029
1635267006.23303,34753428,331313254,2260936555,35223631,331066803,586975,24952837,33785355,340244008,50875814,1519717
1635267007.1840208,34940926,330897277,2262491366,34878284,331332211,578406,24919571,34588103,339819097,51227758,1526537
1635267008.135007,34398428,331833961,2261249073,35915213,331150369,610215,25541870,33482597,339184713,50704673,1532545
1635267009.0859935,35722976,331066038,2262867142,35133624,330562530,572294,25283783,34085324,341815598,51063056,1676465
1635267010.0360656,35711435,331967565,2260780785,35524608,331941097,606297,25877662,33565009,342244538,51004073,1671485
1635267010.9870489,35626810,331106294,2259099204,35231186,332824357,577162,25470051,35105991,341436419,50962144,1560678
1635267011.9380224,35713437,331946833,2262955178,36067567,331593081,580128,24464651,34049150,340547096,50203096,1640188
1635267013.8399823,36134647,331997235,2262911705,34459402,331630326,574861,25010198,35160218,342663938,51217181,1554153
1635267014.7909849,34862919,333790265,2263393338,35382221,332715279,600901,26334568,32895206,339024038,51137189,1678522
1635267015.7419674,35599444,332024499,2259254759,36148035,329668909,581991,24491611,33676782,340847017,50263127,1455452
1635267016.6929526,34515556,330753217,2266389540,35180296,330851757,581216,24672493,33792527,340190846,49588188,1584367
1635267017.6439383,35377469,329655194,2261013420,35122956,330373513,580730,25252139,35042284,341414263,50139556,1586196
1635267018.594933,35039276,329640268,2261695192,35636789,331353997,595025,24445143,34001190,340181182,50461828,1477030
1635267019.5459292,35388802,331191993,2261569277,35494811,330141362,589968,25956780,33036647,339122061,51305533,1768714
1635267020.496921,35461188,332450267,2261597974,35302765,330910028,606659,24472180,34052839,341515507,51017077,1499104
1635267021.4479287,35442659,330919494,2259287769,35407245,331124888,579937,25390013,34656431,341075459,50390590,1529521
1635267022.3989239,35258351,332872759,2260879615,35273442,332186095,582309,25334153,33401207,340117250,50993769,1568351
1635267023.349926,35346535,332733296,2261736071,35429896,332672981,591097,26079909,33557561,341666020,51584861,1703817
1635267024.300031,34915223,331728400,2260927025,35626297,330041584,598578,25489776,33002492,338606702,49654826,1594907
1635267025.2510192,35871824,331018999,2260651546,34927733,332089622,576415,24462748,35269271,342339920,50439146,1452483
1635267026.2020137,34726558,334155303,2260553059,35413739,332589033,613340,25883175,33548967,339267386,50950267,1463473
1635267027.1530037,36227793,330924960,2263419324,35539796,332635701,569556,24023091,34279617,340808468,50630223,1552458
1635267028.1039975,34911499,331086747,2260406345,35050676,330346357,596835,25245242,32851060,340073974,51545440,1588112
1635267029.0549824,35713693,329397799,2261122714,35444967,331136232,588453,24909212,35113427,342083492,50026151,1466940
1635267030.0059733,35215723,332565715,2261867421,35349633,331230093,585289,24831734,33512051,339911828,51280421,1601756
1635267030.956965,35572537,331827407,2263362247,35274407,330501510,609164,25183261,33756375,342651100,50725745,1516193
1635267032.8589373,35301823,330683955,2261266620,35496766,331211397,578295,24302228,34409379,340518995,50405675,1542086
1635267033.8099186,35212028,333923634,2260854165,35702375,330640444,597182,24495534,33184452,341212647,51456082,1502050
1635267034.7600245,35963716,330717964,2259579713,34787487,331301129,569082,24899742,37122754,333105374,47450753,1520184
1635267035.7109978,35140746,333651568,2260529992,35388315,332521799,612542,24993233,33156319,339072645,51395278,1560147
1635267036.6620011,35732147,331078486,2258325122,35782369,331823689,565058,24925663,34965038,341280256,50278304,1473307
1635267037.6129973,35681167,331895375,2258352359,35388963,330869299,591744,24452730,33225575,340416256,51671135,1674930
1635267038.5640073,35713806,329615417,2262565533,35099521,331743897,581684,25174570,35724640,342995237,48796918,1551322
1635267039.5150082,35221032,332578952,2260949126,35314810,330213476,581155,24589187,33738583,337862273,51089798,1544149
1635267040.466014,35559317,330010159,2260371641,35044466,331806491,564533,24612099,34053875,340651318,50035104,1533384
1635267041.4170167,35007514,330273563,2260304785,34906195,332085721,586849,25418574,33803966,340358392,51282367,1684461
1635267042.368007,35432069,330486623,2259994935,35701991,330888366,591441,25325761,33432872,341129548,50144720,1793061
1635267043.319,35415146,331164599,2262088665,35066155,331194329,615592,26619715,34182315,341516774,51320786,1582943
1635267044.2699842,35460714,331319341,2262528986,35705691,331956319,565133,23655912,34459335,339933835,50214971,1464843
1635267045.2210083,35285693,331495554,2262362537,35197414,330533814,575489,25184791,33635606,340499036,51755235,1548575
1635267046.172005,35349794,330970985,2261020155,35049470,329244632,582779,24828402,34338573,341040977,50843358,1547618
1635267047.1230059,34812174,332852867,2261551840,35717751,331151964,595968,25461774,32876584,338583804,50779293,1612507
1635267048.0739934,34364900,332819383,2261387120,35144327,331372514,583996,25335647,34354430,343341472,50990210,1590685
1635267049.0249858,35976402,332548891,2261241736,35222206,332595788,565725,25274265,33969636,340615782,50142925,1513913
1635267049.9759703,35166086,332343271,2259209985,35063517,331043258,598407,25530111,33251376,340741766,51720302,1589783
1635267050.9269524,35937297,329901571,2263980116,35237498,331768889,584770,25289941,34822278,341242308,49987161,1503397
1635267052.8289132,35497298,332244851,2260485066,35387149,331260275,582488,25172493,33324422,338856564,50706614,1734221
1635267053.779891,34513291,332091228,2258902407,35278605,332446040,606888,25180680,33406907,340472535,51951586,1561371
1635267054.7300289,35300147,331930412,2259341767,35672696,332661091,587846,24414890,34014317,341741668,50677563,1578102
1635267055.6810262,35019944,332780215,2262308868,35148936,333252503,592531,25318634,33940664,341450707,51005149,1490423
1635267056.6320312,34971539,333369550,2262340027,35544195,331565458,579844,25182292,33635033,342186037,51782657,1514596
1635267057.583042,34735354,333101504,2260592277,35479167,331903914,602507,24930157,32908805,339813752,51395301,1464370
1635267058.5340385,35958081,333081134,2260012627,35695950,331923829,596305,24815560,33412612,341461545,52169673,1482173
1635267059.4850326,35062717,331042441,2261478820,34943127,332239595,577035,24578608,34988507,343268859,50811130,1436966
1635267060.4360254,35157860,333942593,2259364062,35804777,331790821,611633,25979303,33611400,340961009,51160934,1550133
1635267061.387011,35864931,331280743,2262384871,35623479,331899438,574309,24223298,34145174,341598227,50634127,1604723
1635267062.3380027,35344491,331869744,2273182780,34894734,333164571,603583,25516969,34758218,343909224,52154448,1549171
1635267063.2889915,34953791,333626797,2263739524,36102455,332897090,600870,25240531,33844215,341439885,50239560,1542178
1635267064.2400317,35146315,327881844,2261180137,34486955,328718754,572660,24581667,33988683,341306841,51041331,1598055
1635267065.1910203,35964746,330876801,2260016916,34764189,331486728,580370,24689551,34854678,341724808,50786693,1448899
1635267066.1420188,34649223,332609371,2262310245,35184842,332014757,600167,25917855,34094849,340506712,51306538,1538416
1635267067.0930083,36162292,331918390,2261670436,36173711,332171570,566181,24162259,34682208,341723167,50291527,1605160
1635267068.0440063,35118571,332727515,2260026440,34666804,331410064,563370,24815556,34854630,342428660,51012321,1522468
1635267068.9949927,34691453,331016119,2262966151,35552028,330592839,597603,24836519,34135022,340519099,50441665,1492886
1635267069.945979,35873046,333061598,2259144001,35321152,332902509,570398,25457005,34223368,339593396,50622184,1608665
1635267071.8479319,35157013,332113840,2261007828,34916450,332443285,584710,25766955,34049969,342553826,51847458,1595715
1635267072.7989106,35914378,333100418,2261667760,35266866,333817831,571230,24865785,33853880,339632423,50513557,1426244
1635267073.749896,35268558,332566534,2261622498,35227909,332087356,603760,25065128,33858735,340619065,51924522,1619417
1635267074.7000449,34743995,331324695,2261919994,35926661,331249066,597777,25305160,34786814,338965419,48612852,1538952
1635267075.6510386,36047565,331617521,2261189457,34718885,330989351,586747,25227185,34707847,343645917,50342351,1655178
1635267076.6020355,35267349,330353233,2261685351,35044252,333434894,562070,24909621,34540908,341896082,50569549,1572746
1635267077.5530312,35343186,332267150,2259130634,35582325,330814151,585766,25441339,33769710,342261300,51348954,1683962
1635267078.5040157,35256804,333818420,2263346100,35482988,332628436,599064,25157052,33473966,339385631,51486157,1568640
1635267079.4550047,35494492,331833731,2261243939,36134759,332037206,585874,24738108,33704153,341447067,50578055,1587271
1635267080.4059944,35497522,332472474,2260291378,34756503,331654288,567288,24788080,35951321,341385192,51037649,1584356
1635267081.3569965,35695347,333354198,2261258918,35550680,332395535,594850,25835094,33971322,340345692,51011103,1557781
1635267082.3079858,34497794,332090124,2260079121,35116247,332528829,599257,25910236,33661843,342907602,51875053,1629167
1635267083.258993,35790433,332884491,2261439494,35872111,332008797,606489,25629335,33233869,339683133,50976140,1662418
1635267084.209984,35337409,331573712,2263070178,35402212,332138741,588744,24945309,34299759,341843551,50831545,1504513
1635267085.1610053,34825920,332649757,2259841125,36145456,331411269,599388,25485315,33961934,340794197,49978151,1562625
1635267086.111994,36229875,332326241,2258669826,34717191,331212588,592653,25851173,34674212,342903491,51007928,1558053
1635267087.062972,35652985,330799866,2262558265,35036206,331669924,572303,24989570,35014878,341345522,48671304,1603308
1635267088.01395,35684939,330638800,2259601679,35801311,330281294,582765,25319267,33386498,339361602,50719851,1600568
1635267088.964928,35665905,330577927,2258932136,34326962,330369483,559819,25284237,35326702,342325894,50684779,1548572
1635267090.866909,34687377,330578905,2262711889,35337469,331925770,619365,25149732,32985686,339900441,50693804,1532364
1635267091.8178976,35883796,330376581,2261905086,35309137,330777451,558810,24929741,36171919,338156841,48503589,1521894
1635267092.7688742,34456640,330983657,2262293559,35127388,331001309,587899,24769215,33327450,340773078,51530099,1721683
1635267093.7198827,34646614,331144472,2259687666,35874243,331232147,609693,25443801,33458861,339194486,50665486,1471208
1635267094.670044,35970851,331011952,2261499962,34876248,332775461,560442,24078249,35396944,338795895,50366996,1600045
1635267095.6210294,35259243,329870896,2259284102,35316760,330036952,601629,25577603,34044134,341355976,51147815,1622615
1635267096.572018,35226852,330585227,2262246099,35023141,332150738,588547,24992067,33746558,339643906,51544843,1677384
1635267097.5230074,35047397,330483084,2260851525,35354509,331850447,574800,25148236,34795654,341326286,49828947,1502591
1635267098.4740114,35075710,331235407,2260609795,35810998,331150842,587783,24872576,33454428,340362740,51184462,1526756
1635267099.4250069,35152797,331698966,2260990780,35029341,330311036,581536,24530424,34032157,340082882,50884181,1556003
1635267100.3760068,35247408,329817197,2260156529,35353727,329204254,582599,24236750,35120340,342458635,50772086,1497015
1635267101.3270025,36035163,333910865,2257277745,35027110,326782826,588210,23991793,35389091,338031824,50079580,1558692
1635267102.2779999,33647888,330679008,2246775757,35276302,339215545,605507,24360740,34448658,346034770,50306441,1193833
1635267103.2290046,22821486,220573677,1406974467,22633041,220331123,411796,15917850,21980878,222247274,33260190,467851
