1635270047.743432,6111120,55747721,400113188,7286157,54833493,81975,46349924,5071668,47029961,7774346,249635
1635270050.5963683,33648021,328744226,2268916363,35601107,324415574,582034,24082414,33606365,337806028,50355781,1559423
1635270051.5473554,35302472,324802940,2263744537,34335960,325740653,609045,24473158,33707170,334549871,50092288,1633880
1635270052.4983456,35421419,328551667,2262724644,35253150,326125388,612331,24893971,34191821,335859953,49906211,1591350
1635270053.4493372,34763977,322049820,2261050287,35058598,324200061,595754,23384731,33622452,331269342,47101759,1588160
1635270055.3510406,34870913,325278724,2263686316,35063382,326797584,631261,24523571,33360498,334627415,50320839,1582495
1635270056.3020494,35171095,325251489,2262065784,34801060,326245722,623529,24503743,34980462,333302806,50284053,1616780
1635270057.253067,34915681,327752180,2262350818,35108022,326295449,618583,25002852,34063786,336626846,49760058,1573081
1635270058.204066,34299056,325580897,2261010357,34764316,326349052,626384,24249630,33657958,332633097,50723647,1598607
1635270059.1550636,35537020,325448282,2263619191,34991054,327201169,607228,23267527,35597383,328876642,50440693,1567253
1635270060.106043,34777545,326733768,2261006668,34997805,327150286,623548,24331888,33797738,332902063,50699730,1595518
1635270061.0570211,35251850,327559681,2263221610,35274524,327736721,615990,24504367,33418839,334781449,49993326,1598193
1635270062.0079944,34799363,325471611,2263632345,35240587,326769044,608019,24573328,34539864,333344620,49571591,1583964
1635270062.9589803,34673400,325438339,2262513075,34956709,328076079,607877,24424133,34834730,333370754,50297528,1646275
1635270063.9100163,34602224,325870780,2264484280,34969501,327092561,618820,24696575,33977519,335150488,50421239,1691687
1635270064.8610141,35063509,326894852,2263598777,35083053,327579176,629392,24799568,33838651,336241140,50584286,1576492
1635270065.812024,35190767,325295683,2258033819,35006609,327423770,630503,24302147,33814962,333756727,50466182,1669173
1635270066.7630293,35023819,328127080,2261183231,34551974,325636848,625694,23671810,35671506,327380065,48549883,1635513
1635270067.7140217,35298418,326423293,2261552992,35193573,326983908,628409,24614358,33452199,335189792,50638865,1640676
1635270068.6650143,34974755,325744196,2259913602,35253907,324167139,619359,24572277,34520095,334503344,49699481,1573205
1635270069.6160038,35223490,325618915,2263633157,35267251,326376685,619083,23821625,33748103,335137788,49316887,1590654
1635270070.5669966,34687928,327320571,2264513500,34844937,326949000,611103,24572719,33108733,331272207,49877302,1554809
1635270071.5179853,35221586,327167934,2262048108,35179579,327081110,626803,24527415,33272984,335345194,50059789,1586828
1635270072.4689772,34692588,325245576,2263888528,35248364,326791993,611384,24664423,34503622,335147469,49720405,1613849
1635270073.419964,34740253,325778833,2261320592,34873910,327329460,612152,24324077,34078627,334807059,50307749,1626061
1635270075.321024,33686212,326118572,2260114955,34851402,319896164,611257,24518961,33488060,333284970,49997753,1572813
1635270076.2720275,35309416,325656526,2264322763,34871683,326240310,624803,23994756,34154050,335356913,50194622,1695149
1635270077.2230093,35599527,327213107,2262190303,34437020,325804106,610125,24960695,34296383,335385558,49969154,1658135
1635270078.1739905,34863061,326161496,2262089296,34951648,326095041,629944,24405910,33659933,334696840,51118920,1606030
1635270079.1249642,34523314,322929719,2262652230,34364632,318521670,594264,23482735,33966202,333979118,49591342,1535643
1635270080.0759299,35191453,326081458,2262290569,34967520,326900855,624253,24734355,33574746,333753257,50264408,1702657
1635270081.0269055,35192402,327366926,2262092437,35131842,326694976,629785,24315146,34354336,334608712,50116251,1617037
1635270081.9778845,35051515,326611564,2259124007,35003930,327898960,621482,24193555,34486986,335531282,50098387,1508983
1635270082.9288833,34377368,328541181,2263999429,35260545,327149418,623979,24418611,33904913,335583524,50759554,1622475
1635270083.8798704,34203171,321703693,2260806050,34386642,321740659,635947,24896817,33729770,335253019,50167432,1519808
1635270084.8300438,35583717,327015710,2260783060,34802907,327059998,627286,24130215,34910297,327599739,46679918,1587916
1635270085.7810373,35095734,327146744,2262927183,35241046,326518888,619247,24735560,34139128,334517779,49900885,1590107
1635270086.7320204,35229910,326468102,2259703881,35268519,326925244,610560,23769975,35041199,332779139,50616093,1549095
1635270087.6830087,34054497,322929094,2263085269,34829438,325056002,622507,24576605,33360358,333673956,49726545,1514020
1635270088.6339955,34812187,325802917,2262113556,34610961,322991400,609729,24969991,34583150,335437780,49397983,1548004
1635270089.5849934,35024148,327589442,2262668585,35192405,326317789,620349,24126927,33216004,334232379,50757816,1630859
1635270090.535985,35285337,327345453,2261170120,34897462,327250323,611575,24418947,34529370,336204570,49941961,1517884
1635270091.4869807,34999117,326106447,2263856161,34927147,325649111,614851,24098656,33694306,335405396,46693021,1643572
1635270092.4379654,34991424,326807317,2261880268,35467328,327597625,624000,24565000,33834526,334948980,50192031,1622520
1635270094.339949,35002213,327774824,2263759682,34870677,327000404,612227,24929848,34732454,335717394,50012159,1577559
1635270095.2900417,34882263,326791140,2261082671,35147731,327875114,624194,24406603,34094056,337037330,50861041,1654380
1635270096.241025,35157371,326759458,2261814105,35220355,326646737,629007,24359897,33471078,334267051,50598591,1633513
1635270097.191996,34781203,324496835,2263177068,34737557,326923156,623940,24449337,34650484,334402454,50230018,1637264
1635270098.1429758,35684012,327189723,2262510080,34800173,326568507,632943,24509665,34054260,336699809,50555088,1559964
1635270099.093947,35017954,325480150,2260436553,34216207,323558941,629744,25336489,34181949,332730020,48929730,1553662
1635270100.0449195,35075227,327586966,2261778200,34923543,328068297,624719,24369623,34258679,335862637,50094345,1609923
1635270100.9958897,34591809,324096520,2261844945,35139729,325007674,611920,23165552,33669700,328227414,50427370,1537272
1635270101.9468849,34337781,316031435,2262459257,34490738,325258555,622473,24515502,34088841,335359280,50551601,1639535
1635270102.8978775,33555782,323841395,2261435076,35121168,326708256,631353,24545385,33813410,335655041,49394044,1534193
1635270103.8488693,34912076,326123514,2263342383,35160981,326831646,620988,24452309,33997711,337655621,50535261,1513395
1635270104.7998586,35360292,326844762,2272740194,33768287,318328443,654263,24691942,34907260,331835255,49951739,1671454
1635270105.7500374,34992955,328097256,2263682404,35160938,327299638,627552,24523373,33749021,336241424,50924503,1544554
1635270106.7010384,35098970,328829197,2262774388,35075540,326632536,625779,24872942,33582104,335583597,50351607,1591545
1635270107.6520271,35115603,328249872,2261091739,34948101,327355928,624225,24528947,34984415,335485892,50031220,1564356
1635270108.6030354,34842984,322337225,2263186079,33848920,320286037,615137,23998004,33925374,335197792,51005370,1509276
1635270109.5540283,34888378,326210666,2262219389,35044534,327336528,633610,24497217,33619692,336168004,50440125,1583719
1635270110.505022,35177449,326790614,2260957040,34571015,326050270,627834,24624150,34568451,334870435,50113183,1610080
1635270111.4560068,34701793,327843994,2263371134,35032984,326610797,629196,24332414,33971367,336419185,50682178,1630839
1635270113.357976,35433533,326747469,2265740100,35072769,327510592,635320,24577746,33973750,337089302,50492762,1692622
1635270114.308966,34924311,326333364,2262647995,34978518,325181008,619893,24073655,33884070,334663284,50706550,1510723
1635270115.2599504,35226349,327585729,2261473828,34926648,327392026,620713,24431033,34019648,334949999,48603172,1588693
1635270116.210026,35786464,327688716,2260893943,34567140,326696301,622043,24725694,34265340,332633393,48635427,1608580
1635270117.1610036,34845101,327570302,2262994104,35073215,326181377,635434,24445148,33787247,335137370,50503989,1580838
1635270118.1119776,34118938,319752296,2264101114,34901289,325836695,634435,24643839,33513561,335382467,50478923,1515769
1635270119.0629559,34719106,321629976,2261691874,34763527,326669142,614295,23486924,34313191,335754924,50055824,1470172
1635270120.0139303,35070071,325888878,2261359362,34920986,327436526,626009,24470365,35065170,331124921,48924326,1659389
1635270120.9649117,35168600,326776762,2262034388,34663251,326723304,646243,24402518,34390214,335169426,50161041,1571235
1635270121.915898,34445210,325815345,2259585441,34917977,326930244,621265,24463617,33416181,333035066,50538985,1588650
1635270122.8668835,34772328,327265461,2261986697,34647542,326336663,618728,24549247,34166615,333888895,49864048,1529430
1635270123.8178897,34416523,325256583,2260869561,34854260,325118806,627430,24991076,32954016,334592461,50222027,1706055
1635270124.768883,34627488,325911929,2264443399,35260194,326397016,617998,24763589,33573031,335256591,50187255,1717509
1635270125.7198837,34628040,326204096,2258978405,34519078,327806278,632891,25402049,34153117,330289513,50099823,1671960
1635270126.6700306,34261615,325011386,2260559940,35004702,326528426,619762,24934227,33698745,336044003,50081115,1545583
1635270127.621033,34383855,328399522,2259780026,34564328,325302394,623725,24878568,34155067,335236287,49551857,1468765
1635270128.5720255,34235268,326335926,2260786029,34781309,326059108,625411,24606971,34200880,335274134,50027438,1447083
1635270129.5230165,34472672,326266718,2258794999,35027425,326330012,628571,24926282,33831190,335324792,49728762,1406181
1635270130.473999,33833227,327818106,2261596902,34314949,325424431,620136,24280403,34043151,335177826,49785560,1485529
1635270132.375982,34552483,326844749,2262623713,35238666,326884732,617784,23651369,33584955,335934772,49902819,1410006
1635270133.3269918,34524440,326493002,2260320614,34410106,325255709,621901,24080958,34078372,333983695,49782799,1546992
1635270134.2780035,34392026,325834913,2261060908,34474795,327001680,621551,24469790,33798997,334804006,50297214,1406827
1635270135.2290003,33945536,324722488,2259491273,34581447,323884382,629659,24635307,33187791,333260275,49924800,1564974
1635270136.1800196,33818758,325750635,2264809363,34918662,326003946,621283,24881432,34179287,336293333,50345539,1479660
1635270137.1310062,34216042,323547642,2260459570,34383835,325444935,627861,24155509,34372859,330402850,48812657,1555255
1635270138.0819983,34192638,326655978,2262862742,34990521,326348080,637119,24499794,34210746,334653575,49854979,1601607
1635270139.032979,34741269,325734488,2260698574,34183169,325244850,637959,24435467,33722167,332801616,50528350,1598957
1635270139.9839582,34385045,327635149,2264265759,34987970,328898397,619733,24208561,34128073,335117645,50373651,1571860
1635270140.9349473,34247601,325614827,2263544879,34875573,327134194,632047,24992793,33290902,334737784,50464957,1569380
1635270141.8859339,34774791,326978276,2259720986,34816823,324834087,620652,25106741,33838961,335601791,50042943,1665349
1635270142.8369365,35409344,326057547,2261087206,34424254,327254220,624913,23766763,33469757,334152112,50329064,1607933
1635270143.787933,35025247,328175207,2263399119,34834903,326613771,625473,23470846,33530609,333470831,49747831,1539457
1635270144.738931,34624935,328017344,2261436532,34652369,326899574,610880,24143431,35665639,334225253,49840734,1461858
1635270145.68993,35250727,327192980,2260477103,34698896,328416782,628250,24961341,34988478,334798043,50111876,1571822
1635270146.6400704,35548615,328576071,2261220194,34852338,327118386,626525,24759895,35050636,336526599,49813443,1599828
1635270147.5910597,34683780,325779063,2264066413,34844572,325291367,630938,25484426,35967308,332730006,48393569,1572850
1635270148.5420394,35337124,327139110,2262332419,34503249,328173997,630747,25433162,35353215,335108099,49666419,1566939
1635270149.4930215,34917677,327116843,2261894256,35011059,327528535,613672,24860474,34761186,337248484,49783575,1599995
1635270151.3950102,34797953,328896740,2263100858,34638913,327798536,638390,25287614,34875485,336456497,49781421,1549797
1635270152.3460026,35085114,326076403,2261447044,34564400,325103532,625982,23803337,33474427,334561768,50590172,1593613
1635270153.296999,35178796,328269291,2264240239,34964406,325098825,627671,24166930,33586530,333357663,50026696,1692615
1635270154.2479897,35578456,326364556,2260827553,34387211,326417568,618827,23843818,33498701,335208965,50293861,1678193
1635270155.1989708,34699872,326408864,2261086098,34811843,326580623,626943,24187666,33046161,333533457,49996072,1573919
1635270156.1499553,34474150,324517147,2262488045,34624248,324691585,621464,24074458,34073063,334741481,49926525,1489547
1635270157.1000292,35132818,326244683,2262913792,34213834,326495388,635536,23886604,33369502,333249306,50060166,1587695
1635270158.0510204,34676005,325488895,2260992718,35064408,326140206,618960,24286478,33424490,334356060,50221249,1736992
1635270159.0019996,34849891,325762935,2262719342,34517344,326127876,619009,25029216,33512430,333140807,50128951,1687348
1635270159.9529974,35213484,326933339,2262967338,35023377,327992934,631144,24076172,33585845,337661030,50702988,1708105
1635270160.9039855,34794215,323877936,2263868576,34705082,326178932,613283,24295029,33278605,333894723,50199485,1674021
1635270161.8549821,34698419,329052635,2261451266,34584260,327782690,628433,23920105,34342608,334791279,50278068,1524774
1635270162.8059697,34724002,327500062,2261152382,34429289,326476227,619003,24011804,33736613,335709766,50012499,1373489
1635270163.756956,34485866,328149471,2260475206,35033869,327367265,633214,25217957,34106720,335672717,49571893,1443281
1635270164.7079408,33893836,325066276,2259358686,34545608,325393484,620170,24246373,33713210,334645196,49992220,1479198
1635270165.6589274,35225700,322664407,2273042460,33748119,326690732,618167,24062117,33758633,335136543,50108384,1493799
1635270166.6099296,35120770,328318530,2261554533,35065260,327055204,618992,23485321,33845876,334828804,50007914,1562287
1635270167.5600238,35791900,327771301,2260026513,34478561,329298162,642398,24113230,34576977,332260397,50766314,1710840
1635270168.5110254,34449236,324873897,2263908388,34957830,327297318,621982,24066758,33815165,332274468,49676281,1583995
1635270169.4620113,34438709,328263140,2259830659,34653471,327327913,629389,24305974,33892181,333787665,50056628,1493270
1635270171.363995,35208529,327744298,2263658004,34572359,327379713,629535,24831616,33986729,335469445,50822794,1550200
1635270172.314996,34933278,326435209,2263327937,35068773,327295862,627445,24116204,33972760,336092523,50398110,1631918
1635270173.2659872,34914824,326764552,2263035715,34932274,327558847,619659,24408379,33781899,333586170,50295764,1664467
1635270174.2169676,34405761,327884258,2260896366,34790527,326587029,630907,24714822,34148432,333653001,49593902,1545981
1635270175.1679559,34665212,327837230,2263532472,34725347,327490298,622226,24250942,34273270,333513086,50490076,1549575
1635270176.118938,34764940,329002300,2261387541,34610700,327386636,619947,23898355,33598805,333897216,49805305,1456769
1635270177.0699246,34550772,330403496,2262159495,35039466,327659643,621640,24368304,34233219,333592058,50122949,1528984
1635270178.0200248,34112841,326765552,2261076302,34646414,325423371,626531,24918183,34071095,333942227,49510113,1412489
1635270178.971017,34513118,328264345,2264196917,34963613,327552993,629200,24265959,34221582,335854977,50328896,1500387
1635270179.9220047,35334450,324208235,2262235453,34879610,326954616,615822,24622928,33686063,336192993,50504975,1775202
1635270180.8729918,34017817,328160745,2261302670,35065734,327263440,634788,24291408,33637786,335200020,49725589,1394628
1635270181.8239834,34612611,326163122,2261042868,34289511,325084676,629876,24535305,33793722,335188197,50055893,1447280
1635270182.774032,35213086,327685873,2263961280,34811716,327144315,625623,23864529,33437546,335660534,50095531,1452016
1635270183.725023,35590007,329236763,2262798788,34677603,326330829,622468,24738715,34705591,336324721,49706483,1548502
1635270184.6760085,34866309,328430887,2261896840,34590459,328437987,629032,23860993,34064488,336660646,50281985,1625058
1635270185.6270068,34971424,325598799,2261512151,34636681,326271938,622353,24544178,33850480,334077702,49815957,1638768
1635270186.5779977,34833238,329547257,2260828449,34808324,327218432,637815,24991128,34614600,335673607,49925621,1587883
1635270187.528997,34781284,328036670,2260504779,34671356,329215179,633877,24073800,33829647,335499162,50387132,1568928
1635270188.4800158,34947402,328439000,2261313609,34795200,326440026,612985,23963630,34021604,334034218,49705290,1563954
1635270190.382013,34839151,328633715,2262667841,34737336,327649644,623640,23929240,33686521,333758764,49604070,1654430
1635270191.3330286,34928075,324290486,2260707427,34430450,326611616,639696,24737192,35290877,337577591,49392738,1620595
1635270192.284032,34792731,326782250,2260674925,34366407,328333375,610380,24305954,34232490,335706013,50422606,1552101
1635270193.235016,34150677,326446183,2263799262,34614055,326556936,627804,24360936,33588058,334384512,50473653,1549737
1635270194.1860182,34856944,325706278,2261501905,34496299,326104762,629322,24774681,34104420,335392034,49820513,1624551
1635270195.1370077,34929174,326240912,2259529404,34384659,325985532,606947,24921369,34548505,332232515,49168238,1458157
1635270196.0880003,34554017,328681682,2262896045,34819226,326730593,629045,24166551,33688563,334624833,50357305,1539231
1635270197.0389931,34339582,323551836,2259676371,34162637,327302515,610573,23951163,33955936,334869695,50525775,1485044
1635270197.989982,34232659,325984661,2262350023,34509183,325610229,634169,24742841,33558735,332288157,50105494,1577139
1635270198.9410121,34951652,323974748,2261941079,34491300,324339534,590238,24351645,33715156,332706318,49184473,1633435
1635270199.8920128,34447962,326741666,2261843117,34707785,325100454,603254,24798800,34110978,336685524,49790100,1487150
1635270200.8430066,34750481,325869514,2261152563,34768321,324676915,618089,24066391,33172408,335621926,50382283,1557262
1635270201.7939978,34411184,326039885,2261323529,34801716,324875094,612097,24440451,34013026,333361076,49613386,1521992
1635270202.7450056,34689065,324427885,2264035159,34144675,323318534,611617,24963782,33548828,333064482,49815427,1664412
1635270203.6960068,34553591,326881305,2262676959,34505313,325325244,631132,24566272,33409272,333367906,50152892,1508364
1635270204.6470027,34541976,326624090,2260385281,34732926,326488188,607783,24175811,34552096,334059613,49671476,1583670
1635270205.5979915,34503151,326359612,2262625145,34532192,326933138,609559,24158041,33689052,333183109,50208245,1626999
1635270206.548992,34774158,325809125,2261630567,34836719,328292922,614271,24118931,33491182,334423816,50231104,1516815
1635270207.5000186,34507329,324927315,2264482630,34515014,325083722,618748,24778439,33842632,334476054,49657950,1521483
1635270209.4019914,34578273,325569571,2262114782,34708280,326909385,620629,24612504,33981768,334733134,50115691,1577145
1635270210.3529787,34847700,326749670,2264418728,34160142,326886784,602591,24861036,34611898,335597543,50036076,1564517
1635270211.3039784,34541479,327030247,2259531139,34781639,326475563,628542,24712799,33877879,336555477,50579796,1562157
1635270212.2549772,34466278,323652343,2263231210,34690844,323668468,610896,24380376,33287407,333931006,48674852,1572580
1635270213.205975,34388037,326440298,2260504716,34709211,324796318,611162,24273017,33883078,334115273,49738190,1480194
1635270214.1569626,35030010,327567281,2260612194,34738824,326055068,623073,24365063,33719623,335118460,50447203,1543693
1635270215.1079457,34884092,329509882,2263315782,35139258,327234751,613406,25343474,34089456,335379743,50161327,1589483
1635270216.0589254,34618506,326563488,2261037405,34695549,326512692,635383,24558526,33834735,331254869,50527055,1561760
1635270217.009905,34398048,327584265,2262688710,35019963,328367545,621146,24354582,33887628,335994621,50721500,1585908
1635270217.9600306,35266972,327277609,2259780252,34591437,328640412,607726,25145991,34362355,335797977,49841980,1506374
1635270218.9110157,34353753,324219941,2264966846,34472063,326950269,617360,24023611,33940851,333443550,50690057,1594742
1635270219.8620143,34777117,326098101,2261019253,34936971,327216425,612947,24178473,33706888,331946230,50274756,1548518
1635270220.8130052,35073681,327392847,2262142214,34782770,328249516,609951,24631278,33975452,335384903,50550755,1618974
1635270221.7640047,34855559,327747285,2261298496,34668422,327841350,602624,25088766,34385967,337164455,50001274,1546113
1635270222.7149942,34872249,327300032,2264347362,34723751,327769601,610977,24638061,34515745,336103230,50692144,1586423
1635270223.665991,34444705,327536318,2264034170,34859747,327563967,615750,25075134,33467168,336001402,50235897,1570066
1635270224.6169775,34779565,325238942,2260124257,35093866,325687188,620869,24176154,33586543,332919281,49702733,1520871
1635270225.5679662,34971900,328724478,2261649055,34667036,326929464,611745,24614219,34619340,335812893,50191055,1522848
1635270226.518952,34104139,327484269,2270385842,35218054,324371227,803114,27742318,35127309,332919951,49234178,1596330
1635270228.4200463,34423746,327058961,2262644222,35191329,327881768,626643,24530656,33592388,336352376,50625889,1434110
1635270229.3710413,34905240,323331650,2261797820,34065678,325870500,610565,24077943,34267560,333261601,49465773,1489245
1635270230.3220325,35072938,327670584,2262907168,34629385,327636857,630889,24858487,34333883,335220641,50447194,1610029
1635270231.2730176,34620331,326745367,2260357311,34919490,327327350,615820,24855585,33764520,333653410,50136184,1559935
1635270232.2240076,34544773,326794358,2260603949,34689747,327096012,622723,24727326,34132811,334700373,50258502,1598237
1635270233.1749942,35301471,325378130,2262907458,34307817,325607398,606409,24620654,34479579,335765820,50223698,1634828
1635270234.125982,34576556,326688376,2262803223,35041139,328740821,615455,24529897,33876790,335994313,50939358,1575730
1635270235.0769634,34793276,327552647,2262588992,34795022,328937210,618683,25219546,33678745,336598339,50360995,1622278
1635270236.0279436,35135707,328256541,2262237763,34928959,327250974,622322,24448939,34248626,336331708,50339065,1528704
1635270236.9789422,34424707,326735625,2261097487,34755575,327547537,618720,24686740,33948921,336102824,50646118,1541926
1635270237.9299295,35068618,327957870,2263737707,34672035,326710744,623265,24720196,34614670,334478737,48543332,1544079
1635270238.8800414,34491634,328319218,2262617255,34835739,327264791,605381,24964266,34164952,333680942,48374285,1397464
1635270239.831026,34620382,329333447,2263256443,34863511,327548391,610758,24534440,33887591,336941314,50694076,1606085
1635270240.78202,34432648,328449503,2263760578,34948866,328175382,619502,24726186,33862138,335761129,50696057,1565244
1635270241.7330036,34733317,325158024,2262056994,35049707,327605371,615844,24571444,33430636,334664878,49959324,1576765
1635270242.6839926,34752847,328569040,2261715738,34886420,328719833,620196,24559190,34488329,336942936,50533739,1580687
1635270243.6349742,34863857,328219303,2261827562,34656949,327255722,612317,25141289,34575972,335434552,49871792,1520512
1635270244.5859528,34948277,328846099,2261790343,34828666,329415833,618471,24901534,34104535,335995191,50175448,1573422
1635270245.5369382,34591555,325864173,2262519393,34880524,328031969,619249,24446794,34030163,333659150,50678972,1617585
1635270247.43892,34532386,329310852,2265844922,35050129,327939252,624255,25177953,33904782,335183808,50270763,1546504
1635270248.3899095,35019854,327992656,2263876348,34740125,327352988,631500,24666068,33802505,336778589,48788082,1556162
1635270249.340043,35348624,325407639,2262365962,34155258,325114040,609754,23627335,33835577,328405549,47670640,1646282
1635270250.2910361,34397865,324440400,2262941995,34624587,326525324,610043,23987256,34426877,330015891,50194140,1608309
1635270251.2420146,34362462,325098877,2263648840,34844320,326050913,617570,24689664,33319550,334049522,50038297,1570675
1635270252.1929946,35253464,326033082,2261722799,34803916,326178188,612622,24307468,35466604,333535586,49755363,1496151
1635270253.1439695,34732222,326796043,2262546684,34655579,326062009,602841,24405635,33917088,334953053,50307150,1533308
1635270254.0949566,34161724,327446811,2261819569,34640120,325404989,613236,24669523,33397734,333682669,50554991,1568788
1635270255.0459404,34579407,325084163,2263659789,34690265,325668454,618328,24787211,33490184,331982663,49775259,1602454
1635270255.996932,34849318,326845327,2262624815,34688512,327581521,615540,24872104,34489361,334458998,49606391,1502397
1635270256.947916,34581773,323004391,2260873372,34253818,325604523,605249,24372755,33737504,333562803,50475294,1572518
1635270257.898902,34290921,327458599,2261915220,34836327,326970331,612045,24604992,33850002,333329378,49890623,1538384
1635270258.8498914,35163549,324565897,2262821843,34053473,324339137,606041,24433445,33939288,332379074,49462942,1610030
1635270259.800034,34665064,325620569,2260499025,34725844,326787385,606614,24988287,34053526,335995299,49672901,1525408
1635270260.7510166,34511288,325506172,2261864367,34484246,326911332,619199,24489337,33370565,333178914,50677254,1528580
1635270261.701999,34340544,325794563,2264529655,34655835,325658422,610061,24254242,34125297,334334059,50111714,1568153
1635270262.6529908,35149217,326755982,2262058287,34154317,323052872,598985,24295561,33345717,333372628,49749478,1632681
1635270263.603981,34756909,328413454,2261351686,34860059,326053801,615528,25046152,34004153,334193580,49016504,1588814
1635270264.5549626,34496099,326308327,2261558491,34548986,325757381,622148,24388956,33892164,333799240,49749752,1574534
1635270266.4569452,34867329,325962154,2260065236,34492220,327031932,610697,24444535,34291085,332910061,49517125,1543453
1635270267.4079442,34134644,324801789,2261708363,34704336,324178058,613564,24502665,33748317,332070206,49713946,1516962
1635270268.358935,34717322,325892865,2261714496,34804694,325807385,612988,24505427,33642743,332598600,50022248,1621490
1635270269.309946,34350503,326033445,2261073747,34875053,324882057,615084,24431805,33439133,332003840,49762566,1511461
1635270270.2600546,34797984,325065339,2261549768,34469400,326191399,603654,24510443,33765264,334925500,50199458,1571853
1635270271.2110982,34497791,326240601,2262481545,34717369,326818832,607791,24950112,34076911,335673944,49555221,1558182
1635270272.1620946,34551940,324357539,2263320973,34664583,326314271,615499,24477158,33039690,330877014,49912458,1511086
1635270273.1130924,34310265,325864207,2261065691,34853339,327144885,611458,24367543,34246924,335237774,50234719,1541036
1635270274.0640776,35086949,326067621,2261285807,34578081,327649086,608445,24877753,34125525,334998694,50060386,1538754
1635270275.0150661,34849950,327797791,2260558968,34636094,326393772,608321,24589024,34011706,335691984,50163941,1530698
1635270275.9660666,34201641,326874909,2262485715,34713805,326073573,619930,24383855,33297561,332158602,50233015,1566309
1635270276.9170487,34853874,326537504,2261277734,34626538,326231938,627424,24844951,33931624,333987634,49990951,1635508
1635270277.8680468,35495162,325907436,2261742966,34622420,326418886,612428,24147800,34675680,334164761,50032331,1536843
1635270278.819041,34447122,325765460,2261489352,34681606,327285316,614913,24133828,33703532,331598463,49160526,1566982
1635270279.770046,34220427,326876705,2263975124,34933175,324873341,616077,24465514,33678781,332555450,49897414,1466607
1635270280.7210386,34927218,326465928,2261751681,35072861,326740575,612727,24411059,33465377,335153962,49852331,1548262
1635270281.6720374,34581444,326586265,2262208822,34455762,326061341,606314,24372354,34538972,335107693,49749767,1591382
1635270282.6230242,34821349,326798311,2262626917,34564849,327647541,603068,24659574,34236908,332944906,49893510,1464267
1635270283.5740151,34641848,325975940,2259918765,34471715,325998972,602395,24193834,33558030,333859262,50195001,1559082
1635270284.5250003,34601294,326945321,2262867997,34821331,326308769,608667,24963119,34418112,335158104,49670699,1519330
1635270286.426972,34517952,326132577,2263866953,34816621,326987349,615213,24093701,33729291,335251448,50363533,1559562
1635270287.3779569,34990373,325331203,2263878254,34474715,327108203,600745,24746923,34184779,335160361,50258987,1607244
1635270288.328968,34009630,323467766,2272388206,34844567,326298296,618756,24750700,33342168,335397328,50459499,1502959
1635270289.2799695,34947589,326480376,2263139995,34354887,323921302,617342,25185575,34535877,333670946,49302621,1528471
1635270290.2300472,34543372,329395356,2261912101,34772053,329576085,625346,24678370,34161397,337577896,50877192,1627173
1635270291.181042,34477792,330221841,2259988254,34846169,328724075,625138,25044550,33819782,335617066,50356786,1585153
1635270292.1320336,34847991,329162734,2261103337,34666417,328287185,636752,24310722,34122934,336988733,50854691,1556756
1635270293.083028,34344899,324384579,2260162982,34811380,328742252,632529,24484528,33519786,336071929,50241856,1506672
1635270294.0340133,34169470,328956214,2263082715,34858295,329479877,631100,24603007,34277822,337330705,50487326,1588156
1635270294.9849992,35331860,329638043,2261219403,34453034,329333814,625493,25174288,34100534,338010052,49938399,1580107
1635270295.9359858,34657890,329872866,2261095879,34805825,329706445,636284,24655602,33797249,337303183,50890447,1577852
1635270296.8869998,34199597,326403717,2262038294,34610891,328921551,629422,25091756,33758186,336210996,50092887,1600909
1635270297.8379977,35081572,330428357,2264675820,34771021,330252343,640981,24270312,33936676,337148519,50825023,1519826
1635270298.7889953,34544781,329476459,2262312129,34705300,329063205,630647,24660701,33911144,337383131,50741717,1570300
1635270299.7399836,34025074,327822593,2263500589,35076702,329841997,632779,24828496,33576892,337587598,50649065,1596845
1635270300.691016,35085137,327896910,2260871868,34617483,329616219,629325,24877727,34300100,338523825,50351592,1567989
1635270301.6420038,34569147,324932108,2262548490,34141029,328299814,619607,24455607,34144505,336741101,50403817,1595041
1635270302.5929816,34312239,327656883,2262599722,34658359,328691324,633021,25267474,33733376,337069794,50579859,1540068
1635270303.5439615,34787092,326244430,2261376479,34521247,327217814,628062,24635507,33664594,336383874,50787121,1582046
1635270305.4459283,34852762,327436164,2261666249,34504858,327880544,623404,24324722,33803483,337100932,50662341,1611013
1635270306.3969154,34268341,326925021,2263425856,34822862,326590879,611333,24073311,33964816,335588599,50256406,1515735
1635270307.3479187,34423815,327438903,2261466234,34484666,326329394,624546,24663480,33637153,337053588,50728468,1538600
1635270308.2989268,34934844,328817033,2259702014,34727228,328456292,627615,24450708,34101536,337834258,49283021,1596337
1635270309.2499208,34414721,329871592,2263371669,34519595,326721787,623450,24809286,33382843,335754654,50538864,1562838
1635270310.2000263,34681541,326625279,2261153856,34609289,326845682,614165,24833523,33740331,335661562,49696628,1603600
1635270311.1510108,35373920,329564086,2262720559,34618736,329481723,626163,24519998,34204376,338393106,50305081,1540168
1635270312.1019893,34320033,329074389,2263789804,34770573,329174933,619869,24449185,33687058,337519818,50640516,1612792
1635270313.052966,34608541,329385721,2263742925,34616699,328834531,624010,24594302,34077947,336396437,50236497,1641413
1635270314.0039694,34738844,330068839,2260945271,34752154,327149310,619374,24934981,35030121,334878215,50289574,1581971
1635270314.9549572,34692339,328847518,2261252843,34760582,329021000,635407,24704499,33601874,337434950,50488869,1588611
1635270315.9059522,34319531,329076801,2261407776,34652299,329066201,640816,24955875,33588996,337007321,50593424,1597386
1635270316.856938,35022143,329041134,2263191754,34821801,330379721,630518,24640116,34226981,338544797,50539906,1560743
1635270317.8079298,34772759,330002517,2262808993,34433546,329751458,625459,24705086,33630669,336323702,50739135,1566945
1635270318.7589169,34597291,329441820,2263565888,34294937,327946347,615632,25312645,34150272,336163690,50057896,1606462
1635270319.7098923,34729834,327836495,2262570843,35084090,329034161,633400,24804864,33903878,336095355,50149985,1496209
1635270320.6600282,34560859,326534848,2263325469,34864880,326930128,615163,24630015,33262969,334019257,50295273,1538639
1635270321.6110077,34277490,326123709,2263486941,34744235,328023361,611349,24927489,34662121,335925638,49712384,1567207
1635270322.5619962,34924069,324826553,2264333503,34352402,325667002,601154,24251558,33894625,335970784,50329228,1586556
1635270324.463984,34832540,327878269,2262683218,34781839,327200475,625527,24974651,34089344,336371709,50528948,1595483
1635270325.4149742,34734214,324616501,2261630036,34947508,326169536,628835,24141387,33619675,335657955,50751369,1534536
1635270326.36597,35112414,326200827,2261748591,34958867,326753402,607826,24308574,33951492,335222711,50372020,1464554
1635270327.3169675,34976808,327645890,2262872362,34952454,325240597,608618,24365254,33659813,332469975,50379265,1483839
1635270328.2679563,35111052,327053898,2261678872,35048232,326458474,615314,24229825,33583509,335429295,50237464,1586190
1635270329.2189498,34390034,326248753,2262118424,34838347,326845815,614240,24603350,34005740,334496274,49655093,1503061
1635270330.1699314,34906859,327103894,2262686779,34637491,327671916,612337,24565134,33683783,335012707,50025977,1588193
1635270331.1200356,35059120,326628672,2261693293,34943072,326799563,615118,24580503,34254353,335182711,50039656,1580986
1635270332.0710194,34756321,327352698,2262388103,34543615,326020366,615169,24191688,34112287,332800612,50657243,1564029
1635270333.022014,34399398,326770291,2264015938,35005670,327862360,616842,24383407,33610527,335249441,50380254,1513792
1635270333.9730105,35117228,326118120,2262357115,34591432,326601882,610699,24290544,33965889,335425052,49768758,1518947
1635270334.92401,34608261,326993324,2264570121,34829681,327960173,610805,24562865,33949808,334371481,48711972,1554389
1635270335.8750012,34487566,324474470,2261199468,34496462,323410748,626035,24536246,33706362,335352287,50461214,1561628
1635270336.8259993,34608972,326243429,2262275964,34925451,325634152,612819,24521131,33905692,334690681,50187811,1525539
1635270337.7769942,35328996,327378461,2263020559,34612823,325789521,618909,24567126,34073237,336538486,49910772,1579110
1635270338.7279897,34697190,326432072,2261453377,34840100,325720777,622624,24399876,33666618,334284082,50732139,1535813
1635270339.6789935,34705527,328385394,2264631211,34764205,323301599,611767,24579956,33460448,335686288,50220974,1559281
1635270340.6300142,35528787,329447299,2262194908,34934171,329218073,616581,24411301,34314716,338840570,48862979,1550718
1635270341.5810099,34664926,328841982,2262407761,35055674,329467015,621739,24493215,33810837,336817749,50645804,1505561
1635270343.4829915,34685709,329185734,2261377503,35013612,328014171,620175,24801021,33896486,337288421,50587325,1562748
1635270344.4339821,35331386,328021899,2262531276,34559503,326817250,624402,24610825,34405162,337621769,50294412,1494713
1635270345.3849657,34939828,329789234,2259834864,35004219,328468162,624643,24177996,33629419,336741574,50971968,1468870
1635270346.335957,34850240,329707483,2260722830,35012841,329074467,616876,24698298,34014682,336835966,50628004,1594202
1635270347.2869449,35265551,329688641,2261080193,34978965,328826708,619383,24661869,34780205,337875894,50711821,1600925
1635270348.237936,35165443,329863776,2261179290,34974403,327903065,622546,24689876,34640132,338088762,50206094,1524983
1635270349.1889257,34915558,326989267,2271786979,34879834,328246660,619145,24566025,31259862,336847799,48505158,1476616
1635270350.1399124,35298620,329491793,2262439793,34928285,327704001,613948,24639610,34243283,338583472,50440658,1576988
1635270351.090034,34583867,330188657,2263225649,34627413,329073330,620012,24402072,34230764,336613031,50800643,1498064
1635270352.0410223,34633482,330892276,2259411302,35397532,330845826,639663,25159743,33843382,340343733,50775017,1450640
1635270352.9920092,35931717,329202496,2261783340,34893949,330861978,611487,24425796,34057460,334851392,49482098,1479063
1635270353.9429963,34617634,334375890,2263612354,35169632,332875362,627653,24478035,33593179,341659767,51360158,1530851
1635270354.8939857,35197912,330852643,2263185211,34965964,332839500,620077,24327494,35422281,342168129,50454589,1489980
1635270355.844974,34544381,334002638,2262198753,35930751,333144073,644289,24684827,34078523,341654627,51009049,1400621
1635270356.7959764,35295520,329455579,2260119203,34929539,334019537,609499,24438105,35392941,334919457,48876670,1555394
1635270357.7469661,35456601,333972743,2264010405,35225274,332101504,648196,25634640,34577198,342465196,51089903,1561085
1635270358.6979587,35595965,331823101,2261012380,35336381,333416137,609255,24102593,35537989,342406890,50062916,1375336
1635270359.6489437,35386109,334543806,2262345322,34727063,334241972,615517,25331677,34583271,342826854,51634431,1622530
1635270360.5999398,34360532,333342439,2260594099,35184854,333913676,654016,24815778,33370048,340812374,51336869,1376315
1635270362.5010092,34055931,325095262,2238994179,34675757,326107665,616886,24220362,34345796,332731077,50121890,1489820
1635270363.4519956,36068689,330297491,2263035335,35235992,331535033,628320,24308456,34798173,338025132,50465459,1555293
1635270364.4029827,34394215,330091935,2262759390,34934373,329731179,624065,24326315,33780029,337261028,50607925,1615295
1635270365.3539925,34557990,329935678,2260709085,34457882,329262939,626427,24340045,33872998,338207327,50731738,1540853
1635270366.304988,34987076,326258123,2259856770,34273501,327434602,620959,24339877,33187468,334948758,51127334,1732380
1635270367.2559898,34926879,330354225,2262338997,34423033,329664335,622097,25052696,34562154,341113248,50345166,1588493
1635270368.2069826,33989684,329390627,2261330932,35204239,330577660,643021,24409072,33753097,340351013,50330650,1587742
1635270369.1579792,34820178,331019643,2264561905,34640883,330614916,637640,24229308,33332102,338539561,50884734,1476608
1635270370.1089602,35383927,329953405,2259475803,34586031,328701875,624970,24105057,33884160,337186381,50517791,1497267
1635270371.0599377,35036958,331661352,2262642473,34708754,330357743,623060,24493583,34580078,340108429,51279364,1513670
1635270372.0100296,34733366,332565553,2261608496,34596881,329213096,636479,24699352,34440059,340905656,50838341,1526540
1635270372.961007,34729560,331391389,2264692849,34489671,330808512,642077,24475125,34117379,341170239,51183459,1539042
1635270373.912004,34347148,329563972,2263449402,34351390,327416067,630118,24177040,33653785,340472212,51077577,1467319
1635270374.8629909,35276619,330008492,2262238008,34733902,331064472,645731,25059147,34917382,341142119,51095564,1630154
1635270375.8139834,34710115,329780681,2260226731,34578802,330136363,639219,24801612,34425861,339601738,50577602,1536358
1635270376.7649665,34750017,329418622,2260845060,34706010,326299553,619868,23937861,33931927,338545896,50666642,1579895
1635270377.7159595,34268989,330026860,2261531201,34625747,330651006,631140,24745421,34083755,339856662,50831049,1585974
1635270378.6669466,34346195,324857327,2262539009,34298964,328550452,622328,24576055,34104202,338753993,50227079,1541458
1635270379.6179264,35109980,329436807,2262702848,34689660,331290892,630525,24599497,34697682,340579253,51041300,1542192
1635270380.5689073,34658675,330939554,2263588746,34827134,330799119,632270,24097893,35388161,337168672,48622226,1528246
1635270382.4700527,35223301,330580687,2261637336,34849278,331056625,639680,24679079,34308587,340302418,50726818,1562696
1635270383.4210455,34048569,328133370,2261750400,34503189,329526892,629195,24701180,34101095,339325353,50780649,1493234
1635270384.3720503,34994678,332304553,2262481825,34547514,331634055,625577,24556665,34371352,340599691,51365421,1467931
1635270385.323047,34607151,332562082,2262627215,34643204,329928083,628006,24631438,33862147,339958277,50984930,1625154
1635270386.2740543,34295358,331729730,2262022462,34747158,330318284,636726,24611961,34306738,340495793,50447658,1448598
1635270387.2250535,33834437,329163096,2262772000,34736841,330525939,634000,25386645,33460165,340193038,50376003,1608892
1635270388.176035,35004872,330727314,2261780075,34932251,331598794,630473,24461702,34460785,340548520,50789025,1580910
1635270389.1270125,34390842,331257131,2261070684,34843793,331406362,629941,24712410,34130388,339851955,50772337,1416053
1635270390.0779874,35064544,332250810,2261966924,35044501,331598379,640762,25330159,33985487,340560981,50135793,1689064
1635270391.0289733,34714745,330212216,2260797461,34607903,331682542,631949,24505882,34351499,336618481,50393352,1404635
1635270391.97996,35619554,331407890,2261945480,34619680,331172029,634644,25231850,33867065,339555214,50610886,1678570
1635270392.9300466,34492104,331555073,2263489719,34828099,332021370,632812,24378718,34119807,340188065,50963346,1460094
1635270393.881036,35072316,331185097,2262250565,34526832,330755141,622164,25003678,34786134,340152092,50960247,1554667
1635270394.832039,34785663,330620975,2262072503,34440393,329771241,632831,24445885,34476836,340018573,50458173,1555462
1635270395.7830403,34884561,331363077,2262832692,34623003,329513026,629605,24284602,33805294,335899167,49421197,1468933
1635270396.7340214,35333271,330523889,2263238762,34673292,331218693,643063,25320995,34664083,340388525,50850296,1568297
1635270397.6850095,35071356,329602090,2260518329,34919149,330812553,623760,24355805,34627334,338994353,50332525,1509344
1635270398.6359956,35067764,332260177,2261264979,35435575,332070342,627922,24858874,33857922,338681594,50745030,1484523
1635270399.5869794,34392293,326893161,2260876525,34957202,327844343,619331,24502286,33655464,334959249,50105810,1508568
1635270401.4889615,35113414,327171450,2261699881,34594113,327828230,621543,24269841,34226234,338052873,49743798,1556727
1635270402.4399586,35005236,326435556,2262807888,34411164,327577883,620819,23929651,33792516,336750934,49454792,1509351
1635270403.3901286,34503109,328778596,2261437519,34836649,329014481,614750,24541037,34190938,338959652,50049353,1516188
1635270404.341134,34815729,326925071,2263352945,34834968,326332256,623576,23751944,33599436,337235093,50194853,1454081
1635270405.2921307,34711217,326658754,2263199131,34998463,328862206,625098,24022471,34052169,339551345,50923628,1557732
1635270406.2431283,34284225,327601935,2263200810,35139099,328065618,626431,24443258,33210356,338571776,50627997,1531703
1635270407.1941123,35020094,328726836,2263319023,34989103,328695577,625663,24422685,34268205,338709661,50201459,1488965
1635270408.1451068,34881633,328378201,2261007800,34815408,327483114,622082,23481056,33434984,338732186,50521695,1470911
1635270409.096093,34830625,325395674,2261814542,34744554,328356597,624828,23516076,33463594,336195368,50341797,1494780
1635270410.0470753,33906879,323824530,2274161641,34778831,329320795,623491,24784926,34091864,341256085,50554863,1590143
1635270410.9980652,34771773,327540906,2262887959,34764847,327952613,631298,24072585,34051366,338636944,50502915,1540305
1635270411.9490652,34711586,327614228,2260698762,34745187,328378112,631241,24455815,34571809,337436953,50676618,1572265
1635270412.900038,34785803,326584658,2262828650,34577381,323740275,627517,24485521,33914810,337737713,50325855,1440133
1635270413.8510935,34466798,326757811,2262709183,34882067,328090609,622035,23542002,33764566,339178493,50947079,1445437
1635270414.8020897,34508662,327000321,2262350787,34725768,326791287,622529,23804298,33391245,335840200,50287431,1513048
1635270415.7530844,35387843,328368313,2262329931,34708403,328967316,620429,23769899,34264216,338703850,50452189,1491900
1635270416.704087,34482770,328289204,2264619363,34301692,323953839,616706,23925524,33308491,337040893,50470457,1577032
1635270417.6550875,35012653,328505411,2261977599,34360641,326098451,632218,23950792,33766829,337788452,49840136,1497809
1635270418.6060882,34515583,330189788,2263682294,34771646,326591790,622886,25318043,33937795,336978854,50286204,1483293
1635270420.5080783,34991728,331387510,2263542461,34982511,330742636,617314,24656271,34767820,340492086,50720922,1553210
1635270421.4590783,35030927,327691741,2263169285,34842363,328912352,622078,24649800,34125754,338715889,50045619,1617755
1635270422.4102135,34587894,332406783,2263476074,35634598,331782220,628737,24664375,34103477,339669076,50159604,1530351
1635270423.3612216,35626506,330659670,2262416311,34933045,331148098,618203,24596840,34542699,338758182,49289853,1468570
1635270424.3122218,34863569,329977017,2262578285,34969834,332969976,603237,24059419,34371778,339158159,50738000,1580550
1635270425.2632456,34834781,333286494,2259969726,35086832,332615153,648735,25357997,33708872,339769986,51815596,1473491
1635270426.2142582,34627465,331528312,2261342398,35525469,332470818,630932,24088003,34035860,339313130,49873336,1471288
1635270427.1652687,35865876,333514058,2258751153,34714664,333129220,619854,24508508,35962180,342724281,50939745,1359479
1635270428.116261,34789458,333152114,2261558011,35039735,334159815,623696,24870994,33992431,340437113,50877471,1502642
1635270429.0672457,34896504,333891066,2262423028,35061153,333175348,643109,24559374,34164545,338664558,50342611,1546683
1635270430.0182343,35148273,331854808,2261888935,35593526,332805363,635717,24820058,34410698,339608737,50398972,1503031
1635270430.9692225,35615729,334612330,2261174521,35051300,334518013,628882,24857237,34798155,342261906,51124067,1356467
1635270431.920033,35050707,330602954,2261122589,35457249,331892218,618391,24078610,34486653,340423330,49843397,1494487
1635270432.8710268,35084215,333374941,2262888151,34913975,333784576,618843,25248650,34227285,340154128,51183240,1678284
1635270433.8220296,34730191,332755495,2261366186,35122322,330535720,637723,24114779,33595180,334795145,49807457,1406887
1635270434.773017,35104037,332866142,2261722115,34824011,333899642,622012,25151319,34238187,340195289,51411771,1559126
1635270435.724008,35864209,332443000,2260768603,35329522,330924074,631611,24311122,34619751,339125091,50890961,1476405
1635270436.6749947,34908085,333443181,2261121696,34703720,333259958,615090,24530377,34056164,339298156,51358343,1498373
1635270437.6259806,35128716,329188049,2258217946,34767412,330519739,629941,24485350,34824883,335548036,49600722,1481913
1635270439.5279396,34356710,332123707,2260248363,35524452,330810014,643236,24451089,33315805,340206856,51438537,1482520
1635270440.4789286,35084693,333832180,2262364367,34807856,332130761,628348,24511090,34773091,340129919,51091451,1445948
1635270441.4299183,35241024,331554854,2260756529,35069043,332736103,610723,24423227,33886585,338897617,50359276,1544013
1635270442.3800826,34908660,331818391,2261103815,35350117,331380761,634517,24931662,34977904,340574820,51223480,1588714
1635270443.3310823,35210202,331021885,2263025846,34895056,330990055,637278,24407918,33502373,337110259,50552110,1510792
1635270444.282222,34712295,330137236,2260830473,34979698,331946908,611747,24425373,34721687,340146769,50029597,1641938
1635270445.2332122,35059832,329908796,2258742801,35397387,331225103,617735,24170712,34388182,339464993,50370384,1507429
1635270446.1842108,34947463,331684241,2260540753,34915046,332010819,619745,24134616,33478062,338834224,51390494,1607534
1635270447.1351998,34520026,329813619,2261078379,34523063,326865895,614839,24124109,33591528,336200729,49947434,1511004
1635270448.0861833,35108111,332640157,2262232775,35273585,328714268,642762,24865367,35385209,337934833,48747903,1544307
1635270449.0371637,34700786,329502798,2259799406,34969887,331726938,612295,24903851,34614429,337099805,48787645,1687842
1635270449.988149,35119507,333748039,2260676931,35166970,331356993,638424,24629569,33483239,339932966,51358472,1551336
1635270450.9391553,35116543,329189257,2260243819,34790671,328704944,611511,24497841,35047146,341249152,50031984,1380984
1635270451.8900359,35648608,332582473,2259690054,34956915,334574572,619288,23956646,34029534,339753275,50824888,1475617
1635270452.841036,35290872,332664167,2262002140,34533909,331624514,614497,24435263,34411175,340609460,50863264,1606077
1635270453.792027,34584222,332767091,2259994163,35338375,333673820,619280,24669638,33285200,337866009,51231636,1474444
1635270454.743027,34882503,331996179,2260205988,35129247,331953586,643919,24461050,33891026,338331578,50153315,1509670
1635270455.694023,34337168,330824072,2261239619,34760181,329268834,622803,24976385,34195852,340917679,50981542,1524015
1635270456.645008,34758069,334098548,2260931252,35499355,333948417,638532,24406189,33121650,339952175,51696329,1619970
1635270458.5469851,35017605,330167883,2258607323,34846904,331103526,625462,24129591,35116616,340938757,50111386,1462242
1635270459.4979823,35246175,331747555,2261518375,34881400,331793521,635528,25000917,33685363,339246947,50957590,1667729
1635270460.44897,34109276,328131961,2261395180,34952135,332744361,624166,25092803,34062748,337541855,50214067,1618537
1635270461.3999674,35623613,332995396,2259966486,35092182,331442313,647991,25096409,33232496,341191700,51434482,1694326
1635270462.3500488,34319092,328707582,2262364687,34553884,327040648,631373,23517076,33675016,338140738,49452106,1618536
1635270463.3010783,34113692,328937568,2263372132,34752575,328309092,623413,24153963,33813230,339160535,49972639,1426638
1635270464.252089,34520789,327279810,2260266279,34358876,326271206,621284,23762549,33294017,334842669,49973733,1507042
1635270465.20308,34342795,328223750,2259297585,34698890,328824853,602387,24465629,33602641,337915283,49863853,1615071
1635270466.1540678,34098978,326530440,2260940426,34520695,328817109,623056,24918611,33920272,338172096,50091250,1557772
1635270467.1050482,34864501,329598926,2261520953,35140868,329308788,634127,24481838,33626353,338717799,50432791,1541767
1635270468.0560353,34255064,328020866,2261576347,34261000,328347936,612063,24105148,33680059,334602382,49656274,1560207
1635270469.0070286,34393896,330129066,2261292295,35154729,329254744,645428,25048082,33634658,338724730,48945251,1500256
1635270469.9580266,34712507,328006914,2264699804,34687296,330417773,613030,23879635,34211441,338472873,49771029,1480609
1635270470.909024,33330337,323266634,2272904926,34366684,329596889,615267,24986731,33570284,338308883,50619028,1538433
1635270471.8600483,34493848,330972133,2259499641,34606583,328781507,634747,24130377,33704693,339126687,50892056,1550311
1635270472.8110428,33918166,329479546,2260863102,35041100,327951471,637230,24896335,33114924,336608729,50030848,1460434
1635270473.7620294,35408414,326910749,2260291067,34311230,330181114,597857,24060314,34359986,337531040,50033785,1660198
1635270474.7130203,34132248,330236085,2261321647,34754362,327489469,625307,24544713,34175936,337512219,49964861,1551851
1635270475.6640046,34503575,328082252,2260769778,34491718,327716794,628026,24849586,33314631,337913536,49990086,1558018
1635270476.6149902,34727556,326642240,2262566489,34517745,324627263,615557,23958316,33724900,335495182,49178077,1530798
1635270478.5169692,34563043,329057419,2262656823,34452395,328074110,609154,24159710,33650058,335826399,50438441,1544919
1635270479.4679615,34250464,326356036,2262684510,34311450,326190262,602704,23937215,33449037,334829746,49322653,1454146
1635270480.4189665,34938468,327020297,2257246870,34492324,326229442,622889,24564163,33751443,335700447,49728762,1638903
1635270481.3699617,34395158,326912942,2262961282,34345866,323295551,617502,24634397,33480232,335306486,50022075,1601377
1635270482.3200488,34926565,327464259,2262028840,34290214,325932873,614761,24117624,33891730,335724419,50027136,1541778
1635270483.2710495,34407815,325937205,2260282804,34250508,326126890,612982,24568945,33525613,334801822,50003933,1509836
1635270484.2220316,34356521,326995195,2259589707,34495942,326688852,615941,24343657,33652835,335001433,49998949,1584083
1635270485.1730216,34764611,323902412,2262068486,34116205,326539092,613193,23752912,34014183,336537602,50009904,1578462
1635270486.124001,34222004,328440616,2260513206,34318321,326195538,630512,24634952,33658385,336482553,50080671,1634132
1635270487.074986,34899261,326925583,2260893313,34506923,325978075,619349,24166598,33837503,337579988,50590974,1544175
1635270488.0259707,34669198,325525152,2261738967,34560585,327286308,613115,23958984,34118630,337059159,50076244,1573217
1635270488.9769642,33804670,325365917,2259392098,34615355,326243737,627406,24245447,33005740,335015612,49987122,1582532
1635270489.9279547,34027546,324667478,2258992241,34489410,324159381,606543,24427073,34144523,335131775,49280383,1560230
1635270490.8789449,34485414,328055973,2262203629,34791487,326130428,621767,24466634,33649983,337481631,50214464,1591192
1635270491.8299303,34494771,327804416,2262953160,34608491,326274877,619803,24388003,33196762,336477752,50054268,1543336
1635270492.7800338,34674782,329068829,2263116770,34512270,327078048,619041,24351312,34149928,334751068,49697221,1513308
1635270493.7310197,34412806,326069917,2260808808,34623177,328785889,623031,24735323,34269182,337565809,49631818,1527810
1635270494.6820004,34932115,331044938,2259484539,35020878,327850454,640608,23815915,33821323,337733699,50651410,1531781
1635270495.6329858,34815074,330645709,2261675491,34666488,330364800,611376,24531615,34334475,339544909,50242143,1444241
1635270497.5349603,34361478,327896545,2260397408,34584573,329127964,629786,24411334,33965650,335328841,49404139,1566790
1635270498.48595,34139038,326396274,2261350136,34694602,328619585,617381,23977294,33700403,336423508,49410616,1461647
1635270499.4369292,34479223,329722397,2261605499,35308419,329859019,631241,24368938,33266983,337368823,50048472,1462664
1635270500.3879225,34801473,330108115,2262865129,34658614,331019507,617398,24410664,34490558,338921152,50333006,1424142
1635270501.3395455,34522832,329339184,2256740743,34639791,329427303,624876,24950516,34864309,336030124,49106384,1598023
1635270502.2900512,34387478,326371845,2258772215,34612708,328657802,613204,24120048,33975280,336635931,50254549,1641553
1635270503.2410455,34017256,327651145,2262379602,34454103,328618817,610063,23833405,34034828,335028971,49204434,1559511
1635270504.1920466,35065953,330227929,2259969726,34715775,330271902,629030,24753040,34105087,338383116,50442092,1594667
1635270505.143032,35075045,331391688,2257119279,34680628,329789905,641993,24513205,33836936,338230198,51374322,1605108
1635270506.0940206,34868118,328559739,2259914796,35175225,329122528,615644,24691218,34805219,339615241,49452430,1611900
1635270507.0450025,35209543,329861416,2260523819,34968992,331481416,610198,24124033,33758060,334068606,49858079,1696715
1635270507.9960117,35172924,331969551,2260487681,34905067,332567494,612004,23893779,34912229,339493921,50711266,1557734
1635270508.9470158,34486094,326695528,2262769376,34745679,327071680,626249,25111400,33437428,339075531,50641271,1616872
1635270509.8980122,34874132,330545218,2262135319,34725118,330112120,635254,24231143,33109363,338994020,50279069,1434241
1635270510.8490124,34235035,331643437,2261150303,34997295,328624057,610806,24623766,34414204,338271493,50178743,1456681
1635270511.8013048,35032864,334180046,2260140211,35047327,335667648,645472,24712852,34362757,341703734,51596226,1509282
1635270512.7523115,35405652,333926235,2261334963,35303700,334831200,636749,24212959,34320469,341182675,51064586,1538013
1635270513.703298,35418639,332416960,2260480879,34933686,333389586,636344,24905221,35253688,340718152,50573078,1561345
1635270514.6542795,34668433,331399574,2265502270,34951713,328677232,618263,24738203,34272490,340102126,50553205,1502404
1635270516.5562708,34893158,332380692,2261709688,34886616,332534758,626604,24553302,34307640,339233942,50837568,1496486
1635270517.5072706,35967446,332709496,2262424446,35209558,333597058,629898,24262855,34551637,340416580,50859234,1583867
1635270518.4582646,34595391,333316617,2260769001,35165661,330849216,646554,24288004,34018444,339759726,50531852,1462804
1635270519.4092724,35200433,331958414,2262781380,34723982,331568187,621545,24718667,33608143,340563505,50498967,1628341
1635270520.3600428,35407007,329760477,2260690707,35065323,330595820,628745,24688878,34592816,340985813,50530287,1613447
1635270521.311064,34647508,332750576,2263572429,34949996,331896889,642015,24582352,34537260,337680279,48969707,1486671
1635270522.262064,34348589,331522854,2260307220,34662219,331817995,642044,24566932,33459010,339737594,51108533,1514227
1635270523.2130685,34639871,331360917,2261684066,34862820,332718910,622552,24718927,34576655,341354978,50865774,1518254
1635270524.1640637,34342108,328706771,2259696244,34502709,328465106,626852,24456114,33695992,338980963,50966471,1600775
1635270525.115049,35079445,328876581,2261797404,34827935,331735520,626830,24354389,33930351,339371586,50328213,1615638
1635270526.066028,35005295,331760318,2260989835,35056060,330623476,635900,25019150,34536872,336677652,48831321,1567591
1635270527.0170166,35137012,331971174,2261628352,35221614,330805191,626753,24531868,34577492,340222662,50376450,1555272
1635270527.9680207,34929974,330884667,2262267227,35023872,330693339,624890,23932651,34432655,339126557,50555449,1471389
1635270528.919018,35387085,331823639,2261733247,34757987,330601145,629707,25988139,35321881,339139701,50727588,1644052
1635270529.8700457,35125211,332571488,2262055005,34667906,330529247,626182,24600423,34424952,340647606,50711767,1519329
1635270530.821042,35628861,330319781,2259822252,34835184,329737034,630203,24714846,34230650,340190827,48871484,1616236
1635270531.7720504,35573177,328922675,2271698235,34996964,330210416,782780,24365937,33593383,335490724,49703585,1663979
1635270532.723045,34681828,331214721,2261600797,35354620,329328222,627743,24401445,34070980,339687380,50374834,1536394
1635270533.6740372,35229903,330238779,2260983750,34779741,332334847,626588,24837445,34419810,340384574,51311125,1577029
1635270535.5760138,34898070,330312928,2260415343,34758473,330903206,612487,24398903,33998273,339404727,50025517,1659389
1635270536.5270045,35626660,330791396,2263282756,35269314,330803653,636930,25270892,34591853,340307510,50567333,1712660
1635270537.4779937,34247522,329871260,2262244726,34938643,330228791,632788,24584552,34106846,337161874,50616102,1531077
1635270538.4290056,35105870,332169340,2259584461,34755341,331011384,634581,24471454,34005426,339959930,51081991,1545345
1635270539.3800368,34457369,331259498,2261192743,34644776,329660519,638729,24889461,33568962,339292249,50785528,1605092
1635270540.331045,35206557,331947717,2261072460,34634749,328853430,617410,24943552,34663028,339764852,49922656,1554702
1635270541.282058,34802873,326924003,2260836570,35010435,330507039,622361,23860400,34027987,336549702,49131120,1517712
1635270542.2330585,34233640,331441383,2258553581,34985491,330693145,633483,24615241,34645981,336475160,50784750,1510306
1635270543.1840422,35117770,329351426,2260450934,34793203,330147096,613273,24590802,34562176,338355545,49997917,1592535
1635270544.135024,34426359,328986105,2260748686,35115359,328896476,633508,24572524,33597446,337569236,50510112,1528635
1635270545.0860152,34925487,327996166,2264479567,35049838,329532666,621207,24983028,33845898,336332325,50062349,1798156
1635270546.0369976,35068099,330730058,2261489220,34976559,330502136,631357,24362910,34141193,339304199,51046548,1557430
1635270546.987993,34487708,328142849,2260827922,35121608,330530784,621874,23961420,33837144,338795976,51003669,1566990
1635270547.9389844,34516443,328277511,2259968642,34564350,329405806,621076,25268740,34102171,339044573,50898209,1647243
1635270548.8899846,34746150,329866032,2263179752,34825889,330158420,623968,24490735,33881060,336910502,50218497,1604524
1635270549.8410006,35065266,329898792,2261542904,34963714,328303280,613934,23955258,34044286,337722503,50533688,1498659
1635270550.7919905,34971223,329869408,2261785280,34872711,329718006,640483,26095999,33521938,339584583,50552605,1793884
1635270551.7429743,35142559,330856905,2261433872,35007028,329545226,624303,24345941,34384450,338041785,50582826,1544400
1635270552.693954,35202787,329847081,2260250127,35028451,326955210,619355,23986240,34242325,339178452,50422738,1574005
1635270553.6449354,34164081,326947479,2261232440,34389830,327648565,619937,24305235,33915710,337763007,50661350,1556337
1635270555.5469105,34884081,330431307,2259976743,34792169,330581543,626190,24527324,34058599,338625021,50485385,1554663
1635270556.497898,34604369,329998417,2259311261,35128687,329905120,622917,24095612,33550951,337022101,50964136,1614235
1635270557.4488993,35256149,330548867,2261583494,34851562,329857308,636224,25839254,33831721,338768627,50264381,1760410
1635270558.3998992,34548898,326008373,2260267858,34816963,329184619,623845,24434654,34620017,337708673,50687692,1531659
1635270559.3500497,35342636,330182369,2259739853,34692019,329425250,631643,25378926,34141162,338792328,50465172,1664903
1635270560.3010557,35214562,329722316,2262583474,34849080,329871222,620555,23823650,34625350,338871077,50297228,1616220
1635270561.252044,35315993,330536390,2261876161,34716148,329269165,621651,24799769,34737146,339388080,49990107,1538487
1635270562.2030299,35329076,326621328,2261089897,34630578,328766874,626969,24686682,34436643,339240098,50174498,1685939
1635270563.154009,35590787,330217498,2261158192,35036394,330143192,621975,24299975,34465038,339105800,50261544,1491460
1635270564.1049976,35349807,329164066,2260720477,34717786,330850102,617599,24158058,34569197,338700101,50487752,1609003
1635270565.055984,34835499,330692002,2259938267,34844023,330139162,625635,25035953,34406277,338183665,50099164,1584162
1635270566.0069852,35580219,330384727,2260111950,34981689,330426166,629690,24952843,34317767,338762780,49981970,1642527
1635270566.9579825,34400010,327212472,2259971150,34967134,328446818,628834,24005619,33810437,336729030,50066218,1567032
1635270567.908974,34595415,328995249,2261097607,34867956,330493234,624818,25416492,33884758,338122007,50017874,1637676
1635270568.859961,34503151,329806288,2261566734,34754541,328272460,624756,24666975,34285641,336998883,50408378,1618861
1635270569.8100412,34279159,329600357,2262240975,34822668,328697773,625954,24414766,33865723,337968448,50825719,1569198
1635270570.7610304,35164229,329266178,2261080677,34864767,328419019,622740,24265639,34373264,335654269,49486354,1619195
1635270571.7120094,34637875,330963408,2263248009,34805281,329633658,632297,24356202,33654036,338023888,50981005,1635802
1635270572.6629903,34543990,329799316,2262290894,35114417,328635346,617302,24953275,34215996,340135176,50139414,1570609
1635270574.5649679,35606334,329806955,2260038481,34597107,329472721,623914,24070650,34699485,338971145,50070735,1525851
1635270575.5159569,33744131,329303045,2260635111,34879404,330168345,629492,24541562,33151448,336400232,50271419,1504583
1635270576.466948,34965971,329671389,2259934509,35213127,331882121,637698,25133646,34135903,338384150,50890997,1665427
1635270577.4179401,35557271,330091860,2260709648,34759495,329504403,612126,24916511,35548883,337024517,50321026,1597247
1635270578.3689253,34774994,329992190,2261210010,34719860,330449500,622154,24713209,34077634,338917433,50296692,1629246
1635270579.319922,34605704,328900561,2259074043,34709812,329577777,622799,24155035,32907272,336587753,51016241,1653751
1635270580.2700386,34512213,330437671,2259833074,35099573,332195837,629698,24375109,35678398,338166626,50543177,1525116
1635270581.2210305,34744138,333740587,2262959439,35105984,331615497,657379,25262977,33782855,340867883,51020736,1460141
1635270582.1720154,34525576,331129400,2257850814,34874221,330827437,620179,24151678,34291534,339877752,48630015,1575246
1635270583.1230047,35182401,330142720,2263329826,35331734,330112419,637811,24266524,34309435,340761667,50790817,1550692
1635270584.0739856,34729086,329424826,2261869020,34575096,324758448,624501,23584348,33642440,338095272,50515915,1469715
1635270585.024976,35339121,331669315,2262749431,34948068,332786033,613653,25286341,34882026,340073592,50519045,1635921
1635270585.9759638,35110941,331753911,2263399505,34940108,332642757,616477,24811905,34270342,341367117,50108777,1586930
1635270586.9269485,34504824,334061203,2259207173,35329620,331775123,648159,24754664,33651784,340644842,50668768,1511977
1635270587.8779314,35162314,329019983,2261440031,34657136,329920074,619271,24140733,34459230,337327662,50236532,1557463
1635270588.8289173,34521982,328291275,2260898175,34735856,328297995,625344,24486736,33144033,336020426,49970865,1632539
1635270589.779905,34312410,328416985,2261088754,34640246,325860953,627051,24276114,33668421,336755737,49735605,1446020
1635270590.7300231,34333255,327012654,2260445162,34609430,327830423,629231,24003688,32911113,337462447,50538468,1610277
1635270591.6810038,34889601,327597834,2261732267,34827379,326886554,635397,23448035,33316533,340183565,50274512,1484417
1635270593.5829704,34674066,327011874,2270897324,33609709,329191776,628991,25075100,33460892,340583980,51226663,1582702
1635270594.5339556,34694144,326041430,2260801697,34511465,328506397,618248,23579696,34045569,336787474,49589313,1604295
1635270595.4849424,35073459,330477197,2259640902,34625609,330412593,618088,24280895,33995859,337765836,50234157,1503686
1635270596.4359472,35433740,331273690,2259935961,35400141,331038998,640660,25095729,33596541,339081921,50581047,1657444
1635270597.3869388,34551978,329049172,2260589999,34560291,329579740,644411,24175815,34099237,336464657,48221131,1473291
1635270598.337949,35453252,331145422,2259849856,34878053,332393336,612288,24866457,34654298,339470333,50386629,1458684
1635270599.2889473,34517492,332061261,2262092379,35057575,332431595,634931,24945753,34110683,340604980,51285569,1533783
1635270600.2399526,36049894,333217628,2260869822,35349366,331571740,653723,25051805,35093052,341559212,50776816,1627381
1635270601.1900396,35006134,329773759,2261277654,35047300,329919630,631920,24685730,33747726,338177844,50273887,1610775
1635270602.1410306,35372507,330826887,2259077631,35222832,331384780,633019,24268640,35258671,340096819,50106887,1521559
1635270603.0920115,34905195,331032802,2260115362,34517114,330665873,618061,25340589,33770359,339436650,50565123,1701651
1635270604.042995,35243327,328845913,2260625830,34611336,329545381,624809,24954209,34266350,339728871,51033512,1498180
1635270604.993983,34958945,328946388,2261515328,34724848,329173168,638367,25390755,33493808,338272185,51092741,1683621
1635270605.9449708,34757032,330698262,2263038398,35077830,331694846,623691,24492531,34072848,338022005,51240551,1623629
1635270606.8959699,34988428,331019419,2261282636,35703505,329614657,636707,25358482,34476122,339405323,50443034,1652054
1635270607.8469613,35409587,330635250,2261326093,34860591,329547689,625590,25387606,33646739,339217091,50937186,1701497
1635270608.797952,34895541,326443753,2261652502,34111505,327083493,624652,24302941,33531971,334527016,49927925,1643268
1635270609.7489333,34515827,329227728,2260460841,35120068,329021907,627841,24751289,33829749,338177041,50432801,1495765
1635270610.6999235,34711109,327761747,2262746554,34879364,327517620,609780,24455546,34019713,336786178,49588704,1601121
1635270612.6010122,35244191,329496440,2261291735,34901492,329282364,633275,24351199,33662650,338597290,51507580,1553196
1635270613.5520012,34248396,326260850,2261294424,34483573,327497288,617996,24036004,34066949,337388291,50518589,1537355
1635270614.5029898,33796942,325775459,2261150484,34722230,330224252,626774,24424229,33599305,332437475,47234202,1537900
1635270615.4539926,35026195,328866777,2259594560,34778528,330530054,626496,24547670,34436413,338399017,50396070,1574816
1635270616.4049885,34544042,328605243,2259675383,35407002,329475616,629706,23747341,34044823,337539342,50738840,1525294
1635270617.3559964,35218011,329742421,2260518548,34641518,326591452,637064,25042387,33911907,337878868,50768621,1612308
1635270618.306993,35029587,328590992,2260697381,34738517,327933021,629468,24163676,34188152,335393260,50587194,1632966
1635270619.2579904,35172996,328796150,2259162981,34778927,329184606,613294,24028902,34164156,338428889,50409335,1561797
1635270620.208975,34715188,328326882,2259479482,34962702,330296666,636667,24752493,34566710,339639620,50758331,1543274
1635270621.159953,34871088,331202928,2262463941,34730742,331317687,624696,24444683,33922490,337442504,50732015,1544300
1635270622.1100252,34436550,330230858,2260723573,34966296,325189360,624568,24329508,33627817,336880239,50324797,1458170
1635270623.0610034,35112310,330769404,2263103518,35663177,330397508,643152,24641828,33941607,341090236,51128143,1571925
1635270624.0120027,35082191,329633557,2259191093,34812204,330903908,620685,24199543,34168835,339604602,50701057,1565933
1635270624.9629927,34791052,329674811,2260553040,35108709,329017717,632284,24497179,34876079,340539601,50342742,1469720
1635270625.9139948,35169963,331783835,2261673761,34654750,330885687,626074,24335091,34539573,340993438,50419660,1531633
1635270626.8649797,35456610,332846307,2260979540,34681584,330339312,606610,24358585,34432049,338679774,49948643,1493264
1635270627.8159616,35145956,332749784,2262435416,34913475,332429489,629810,24483080,33905282,341066333,51494483,1565145
1635270628.766938,34321407,331165913,2259764321,34846710,330093210,641792,24745795,32840425,337096879,50348396,1672110
1635270629.7179217,34965963,330955853,2260515726,34968121,331603903,601966,25108796,35032214,339594284,50485399,1657065
1635270631.619886,34621772,327160788,2258870349,35356995,327878762,618892,24579945,34306934,338641275,49993058,1550919
1635270632.5700502,34968505,329706507,2260712849,34834690,332840815,626986,25040048,34996069,340296633,50673675,1711333
1635270633.521042,35767791,330511025,2259503914,35099126,331579115,614485,24891780,34687101,339978118,50515875,1520364
1635270634.4720483,34974870,332482318,2263930209,35120201,332256734,628993,24390357,35561630,340590489,49794245,1427796
1635270635.4230397,34323834,329261346,2263102465,34557809,330128014,616349,24772635,34008298,338166653,49765425,1602923
1635270636.3740487,36105784,332727540,2261580774,35119292,332806646,625701,25015452,34535284,340219179,50544216,1584270
1635270637.3250463,35011212,331119326,2261794621,34834771,331042392,631329,24613173,34339227,340772226,50763477,1529884
1635270638.276047,35472469,331505868,2260235753,34948555,330772344,628519,24657402,34142259,339881210,50514774,1622403
1635270639.2270346,34270711,327186005,2261087020,34548411,330682687,612063,24252999,33549822,333135837,49888939,1529724
1635270640.1780164,34625856,333599378,2257956415,35057444,332585216,632342,25552231,33032221,339457051,51597319,1737345
1635270641.1290023,34756975,330388388,2262073111,35081281,330720763,608567,23969985,34613089,338611218,50353603,1525348
1635270642.0799804,35587013,332154056,2264195438,35166971,330376546,632963,24672017,33692905,338362485,50438583,1615329
1635270643.0309904,34360561,328459492,2261507978,34837509,331276259,613930,25281176,34781347,338858718,50641439,1632976
1635270643.981985,35253878,329391038,2261065543,35137931,328393870,622213,23889217,34355983,333455481,49255274,1603413
1635270644.9329824,34868847,331145537,2264081497,34995196,330640987,633156,25951625,33762403,337328495,49888170,1709146
1635270645.8839707,35027709,329677291,2260062992,34920895,329103742,622892,24306418,34650642,336781167,50844373,1545793
1635270646.834957,34978852,329979626,2259642258,35341624,328620069,618615,23788741,33952698,338093992,50455620,1557449
1635270647.7859533,34768225,329777565,2261586740,34805951,325599281,621127,24064944,33710990,334708922,50352466,1626148
1635270648.7369373,34564030,328432090,2259864333,34805385,328211106,620227,25312652,33635117,337710453,50064767,1609681
1635270650.6389103,35509450,327110385,2261288196,34636626,328641544,618116,24528773,34305485,337292575,50081916,1637711
1635270651.5899115,35079117,328496492,2262663378,34779180,329005193,619815,24767275,34142590,338523098,50344175,1633269
1635270652.5400364,34319049,327369931,2261047071,34814985,325458424,613220,24191359,33777486,335268746,49652521,1594872
1635270653.4910333,34851347,327913397,2261123364,34728288,329567538,616299,25218001,34893752,338209047,50721341,1779067
1635270654.4420319,35297365,329361678,2271947173,34945149,330390823,630618,24918275,34524928,340021195,51015972,1674280
1635270655.3930266,34927920,330393140,2262167913,34857192,331772022,610769,24913524,34073199,338607402,50263799,1659927
1635270656.3440268,35093006,329363663,2261992202,35028715,327267168,642305,24216312,33552138,337801290,50920297,1538914
1635270657.2950208,34265007,329912712,2260870101,34703797,331694545,612510,25116587,33939970,339988351,50921661,1735812
1635270658.246017,34569029,331263756,2260012572,35614474,330308808,648286,25189849,33719221,338997442,49952046,1513789
1635270659.197001,35569197,329908149,2261701233,34456149,330295343,614921,23819903,34887172,340068410,49905042,1561657
1635270660.1479962,35227368,330520279,2259121175,34884480,332070552,633254,24311711,34785972,338658480,50192955,1555188
1635270661.0989785,35195574,330291965,2262083685,35222822,328154303,632461,24413549,34175958,338483605,50103404,1513773
1635270662.0499737,34657613,332758508,2262892924,35253295,331899089,654348,24177771,33728637,340351246,50520695,1502818
1635270663.0009875,34719243,332830893,2261903945,35762241,332205821,637453,24075743,34243749,340568987,50202667,1442747
1635270663.9519763,34758330,330030338,2257464753,34598165,332237638,609580,25051627,34461817,340744748,50450511,1635436
1635270664.9029727,34520601,328088383,2259832109,34518837,328861169,616557,24476200,34059201,338259876,50246019,1569747
1635270665.853959,34431405,332109532,2262975966,35108554,331123228,657960,24452383,33291711,338608386,50539668,1608482
1635270666.804953,35311436,329598532,2259469064,35318634,329202247,623654,24339496,34142105,339946311,50142879,1509136
1635270667.7559338,34395874,327969674,2262800904,34839317,330870577,621537,24136565,34308802,339270669,50810299,1558986
1635270668.70692,34406189,325880623,2236681544,35045642,321201828,613042,23866848,34045954,332422691,48533361,1548913
1635270670.608887,34174455,327252403,2260574030,34721076,330929443,606187,24137934,35750336,336914349,50466614,1604414
1635270671.5598774,34979130,329846865,2259838202,35227466,329545007,624434,23902425,34480452,337198822,50137637,1576928
1635270672.5100338,34714687,330598360,2261420432,35010956,331770781,623278,24619149,33641641,339372307,50575081,1518215
1635270673.4610255,35358335,333362796,2260474491,35164666,331703624,657632,24487338,33545386,341022182,51373681,1586969
1635270674.412015,34236815,327644558,2261898300,35406342,328903986,622436,24878335,34263581,341330713,49942616,1457280
1635270675.3630168,35464421,330448366,2259919053,35191027,333265070,621127,24087626,35347118,340732046,50392679,1569646
1635270676.314023,34475135,333661311,2261003287,35142168,331835272,641625,24802633,33802984,339878894,50552650,1568641
1635270677.2650414,34855589,331627113,2260005078,35662572,330875049,637302,23748532,33759950,340740506,50921166,1522503
1635270678.2160366,34325492,328238040,2258385683,34922190,331333168,617402,24357139,35008020,340436045,50851520,1569300
1635270679.1670253,34931067,331293302,2260029410,35097732,330352488,637360,24092756,34124006,338793686,49711879,1505293
1635270680.1180117,35411223,331713530,2261030665,34763232,331315218,621228,24293717,33624592,338902673,50264164,1629569
1635270681.0690012,34928807,333880674,2259272597,34806656,330828917,644257,24520721,33401733,341599836,50830526,1539864
1635270682.020015,35173779,327049606,2259263362,35208346,328402286,626455,24017506,34670923,339943428,50051706,1454525
1635270682.9713733,35463445,331071765,2260907721,34333722,330910488,614185,24987453,34761993,340152310,49894726,1552307
1635270683.9228797,34593602,332634310,2262274823,34982324,331187210,649687,24502884,33240285,340083283,50980330,1583582
1635270684.8738787,34669703,331821515,2259092572,35526495,331425116,618709,24578323,34579526,340583486,50518823,1387836
1635270685.824883,35386100,327660153,2260109512,34772227,331669051,613343,23933990,35379367,339492122,49873025,1545831
1635270686.7758698,34461546,332844215,2261812858,34922480,331038848,650513,24838602,33826743,339047108,50222254,1462876
1635270687.7268565,35777989,329341523,2260018661,35217760,330390470,603868,23680790,35378406,339740132,49723408,1449166
1635270689.628828,35038255,331612356,2261754638,34765601,331661266,631829,25177238,33531113,340421918,51530677,1686686
1635270690.5798295,34830159,329569796,2260783904,35234581,330441192,633286,24106351,34826338,339082607,49604958,1446002
1635270691.5300426,34353831,329798712,2261670454,35008957,330234436,636959,25055710,33364745,336967942,50258013,1647633
1635270692.4810727,35218821,329951866,2259595580,34991593,329624048,642694,24248989,33246770,338786188,48884952,1642617
1635270693.4320834,35043073,327999212,2262271874,34481071,331005230,613886,24952764,34610541,338693297,50371037,1628513
1635270694.383089,35311600,331224920,2261090110,35263269,328997909,623600,23813048,33715820,338082799,50317298,1615599
1635270695.3340762,34854333,327097055,2260166963,34464905,329875716,613413,24566941,34920682,337079572,49766192,1538403
1635270696.2850811,34535622,332415493,2260670183,35063788,331163323,650521,24715374,34037753,336157895,49435007,1547219
1635270697.2360654,34557840,329250796,2262979410,34956195,328549055,625970,23933143,33904974,338403018,50618865,1465345
1635270698.1870456,34850691,328216273,2262033555,34704751,328088544,630079,25587414,33323033,336114393,50337682,1643951
1635270699.138032,34419358,322799264,2262702424,34075494,320742637,615878,23056247,32831071,329275057,49413206,1625848
1635270700.0890067,34238591,328328449,2260122826,35136419,327965798,638335,24352302,33090580,335959289,49908840,1630672
1635270701.0400293,34966357,330114494,2258847696,34905037,327524080,635240,25040590,33277494,335997281,50019880,1646001
1635270701.9910169,34701581,328426287,2259862296,34606832,327325098,623457,24272513,33599705,337254820,50476102,1729770
1635270702.942007,35391149,326597245,2261947190,34031286,323552366,618682,23507506,33893844,337042104,49998742,1592726
1635270703.8929994,34239847,328025715,2263895234,34958071,327179814,634792,24306320,33800475,336369930,50240451,1556619
1635270704.8439991,34705252,328160180,2261587187,35321837,329857433,600594,23817622,34404071,338117619,49823470,1483659
1635270705.7949908,35539708,329366797,2262212394,34600164,330358792,614818,24220562,34372077,339564039,50742726,1580159
1635270706.7459743,34658488,329857783,2260819512,34906507,328597295,634870,23824906,33879345,337832356,50235771,1438945
1635270708.647933,34593509,327597142,2260687460,34881638,328008543,635926,24999507,34356258,338377818,50250633,1672546
1635270709.5989294,34763458,331012712,2258804241,34739085,328944436,618523,24803647,33379128,335559614,50090973,1683262
1635270710.5499177,34365276,328227227,2261484362,35128852,328984815,625561,24350959,33898484,337907063,50361154,1522191
1635270711.500051,34740328,328899654,2261119580,34928569,329241186,627120,24472128,33262746,338715819,50409986,1627435
1635270712.451042,34190959,326884437,2261567813,34738741,327910057,629365,24088334,33115247,339422525,51010600,1583833
1635270713.4020424,34533051,327296885,2262331037,34908070,329690071,615373,24365311,34936889,339126877,49921037,1470507
1635270714.3530319,35458394,328892707,2258943138,34136678,329883746,615488,24145591,33913247,338956127,50224791,1663441
1635270715.3040411,33687677,330878706,2276476930,34852617,329332210,618137,25142743,34081001,340260638,50194744,1542501
1635270716.2550395,33967052,326569150,2260721416,34934831,327193089,626984,24148291,33079671,336148748,50592106,1454850
1635270717.2060251,35256084,329320846,2261328843,34813843,328451904,628249,24341810,33359992,338133992,51534707,1663006
1635270718.1570144,34867189,327927512,2261155279,34536629,327156769,618969,24455575,34918249,335672705,48581239,1595108
1635270719.1080015,34194329,327922599,2260785097,34304146,326895217,630261,24942753,34289136,336935771,49408081,1482408
1635270720.0589929,35691392,329666769,2261189110,35134349,328830233,625088,24350987,33995415,335840848,48045721,1588551
1635270721.0099823,34884485,327863349,2263811856,34956896,328474015,623960,23860089,33083442,336217208,49906977,1627304
1635270721.9609997,34875649,329867667,2263198542,34738878,329881870,615712,24736325,33870028,338864625,49776767,1563742
1635270722.9119859,35123290,329084227,2260130123,34493876,328203914,630572,24690464,33960351,338631834,50006560,1622509
1635270723.86298,34928771,328953749,2259435418,34635487,327764254,630539,24551389,34012993,338828249,50050851,1453410
1635270724.813973,34146086,325541414,2260862175,34628536,330071352,610522,24892514,33858403,336402798,50021105,1599992
1635270725.764957,35235850,329474040,2261531419,35438550,328684447,634831,24278992,33097567,338352221,50165091,1708392
1635270727.6669354,34969602,328984985,2259257895,34275438,330036267,610573,24627985,34354549,338607273,50805522,1539664
1635270728.6179502,34372057,330564197,2261837086,34795140,329435277,653493,24278663,33445641,338432543,50342326,1439106
1635270729.5689487,34499953,329210850,2260460245,34684984,329456958,631990,24655746,33575516,335109212,49837642,1561421
1635270730.519953,34860436,331441122,2262477664,35241541,332018216,626663,25085348,33939722,339167874,50914404,1590466
1635270731.4700375,35917629,327661375,2262713953,35380537,330350814,608090,23498768,34372578,338612895,50355323,1593202
1635270732.4210353,34696430,331779378,2263115478,34746851,331143992,624635,25074296,33873631,341004420,51507921,1707909
1635270733.3720388,35128767,331116088,2259947450,35847452,330599992,653121,24791651,34256437,338368223,49782569,1635071
1635270734.3230295,35354172,332302392,2261692984,34812832,330982590,626414,24426473,34656864,339600994,50659296,1505961
1635270735.2740228,35592545,332008840,2260060526,34421086,330130437,620241,24417709,34461223,340316152,50597848,1559430
1635270736.2250094,34172031,331943750,2259881852,35074531,331298470,646867,24937590,34219651,341931408,51172717,1523803
1635270737.1759949,34595082,329631282,2259891148,35021279,330985781,627480,25384761,34192031,340246699,50284364,1584018
1635270738.126979,34709311,329943716,2261912043,34872428,330563913,606468,23909954,33198591,334760802,50000300,1615464
1635270739.0779655,35504157,330418166,2258074123,35287910,330158310,633009,24596156,33673084,338077825,51013906,1515588
1635270740.0289533,34589835,330468423,2264005743,34775401,331205167,619596,24471796,35045647,340317217,50098798,1573849
1635270740.9799354,34679811,331249213,2260837608,35030892,331162214,623838,25158237,33262659,339096391,50699521,1562362
1635270741.9300454,34882184,330107555,2261272167,34991033,329265652,611303,23726733,34008605,337884469,49870059,1432921
1635270742.8810425,34695119,330622821,2264065437,34817078,330678632,630437,24413267,33476553,340649156,51126571,1553837
1635270743.8320487,34835209,331820314,2260639794,34932444,331865609,633034,24466188,34389381,340409827,50946110,1583016
1635270744.7830324,35252394,330053936,2262707237,34738490,330221900,632908,24533791,34526274,340858918,50068707,1503622
1635270746.6850123,34552120,327675358,2259948015,34757673,331072804,604799,24482641,34656725,340354588,50519626,1498002
1635270747.6360056,34215493,331920680,2261804536,35298829,329975016,642013,23996319,33692100,339918343,50168437,1464336
1635270748.5869985,34718186,329546409,2258315168,34412733,330496969,613858,23809370,33929323,338620137,50935684,1536436
1635270749.5379891,34743932,327685173,2259369014,34949207,328476227,632247,24389362,34292189,340148706,50470146,1600785
1635270750.4889836,34366397,328498130,2261710006,34730314,331750430,629134,24406437,33713757,338166221,50776095,1624327
1635270751.439964,34550025,329626035,2261592997,34659752,328823890,620365,24342531,34116107,338864374,50764313,1459054
1635270752.3900495,35204302,328934607,2259341856,35255116,330329005,605896,24527116,33930451,338501944,50051517,1629708
1635270753.3410482,35153740,330337032,2262902014,34904378,329682711,621606,24204918,33521276,339157978,49967658,1636181
1635270754.2920504,34607922,329209617,2259518730,34778691,328478992,628776,24538426,33394178,338184664,50816913,1537380
1635270755.2430487,34891159,325193139,2261892380,34349069,326938196,616282,24291921,34426230,339025799,50057516,1605231
1635270756.19404,34529786,328706093,2259895224,34873370,331130593,607773,24457353,35186300,340636766,50702427,1508993
1635270757.1450253,34052781,330711571,2262656599,35175366,329871267,628718,24166317,33654217,337977204,50529906,1607501
1635270758.0960104,35155365,331156740,2262650064,34890147,328619627,634249,24891286,33448322,339978468,50187247,1706316
1635270759.046999,34573210,325728657,2261232196,34406635,325226146,619446,23698522,33631763,337094552,50067842,1660885
1635270759.9979897,34667465,330097125,2259141875,34695383,328698006,633025,24160062,33587361,338398788,50754112,1520553
1635270760.9489872,34880496,329121125,2259782370,34317304,328081429,609660,24473240,34895023,338657657,49795123,1627055
1635270761.8999763,34941137,328589758,2263163572,34339858,328014058,618804,23906235,34000320,337649179,50119498,1486386
1635270762.8500373,34042190,328321873,2261295959,34758994,327747395,633875,24499631,33361618,334756641,49466056,1560281
1635270763.8010225,34808188,330993415,2262851755,35051344,330110962,619304,24773588,33684382,338212457,50981024,1602541
1635270765.7030082,34766726,329349675,2261036002,35002230,327824917,615434,23721003,34009075,339378441,50255893,1529776
1635270766.6539953,34506886,328378016,2258622879,34367547,329054926,608515,24159035,34216068,338032687,50583626,1531991
1635270767.6049907,34173062,331197432,2260600299,35218155,328830955,644132,24672355,32924782,337234330,50522123,1521150
1635270768.5559776,34542289,327778671,2259034516,34405428,328927222,614149,24136150,33122521,336692642,49920201,1674149
1635270769.5069833,35392688,328788971,2262124563,34392230,329473863,615252,24782387,34695531,340541843,50535873,1573254
1635270770.4579773,34207705,331593628,2261930874,34707699,329031137,643523,25301979,33553445,339266410,50327241,1577112
1635270771.4089804,35001550,330177908,2257525587,34998957,330478315,617520,23879470,34167068,338556868,50287173,1589930
1635270772.3599708,34671929,330260594,2259442547,34774586,328770552,612386,24170012,33559396,335451498,50043388,1423394
1635270773.31006,35655513,331242160,2261452751,35125527,329883081,634539,24468132,33573565,340196155,50894819,1479871
1635270774.261058,35156360,329684120,2260437777,34616846,330379073,626361,25347446,33358055,339731706,50677226,1792297
1635270775.2120423,34508277,328300864,2261233746,35001397,330539327,614922,24946767,34666417,340482433,50274673,1692705
1635270776.1630354,34179534,328108977,2274074687,34427329,326493592,624893,24469202,32963882,338861285,50695599,1546999
1635270777.1140156,34595358,328802527,2260672858,35018760,330133732,603603,24356825,34627334,339681471,50055125,1594453
1635270778.0649989,34630584,329383328,2261192336,35093817,329562845,627703,24393190,33808918,337653795,50439442,1487339
1635270779.0159943,34875564,329829449,2262940400,34968118,330214662,621583,24435523,34187563,338155618,50142567,1644697
1635270779.9670014,34385443,326634350,2260328770,34751110,328021235,618105,23649979,35276831,337144919,50513988,1532374
1635270780.918002,35207972,330941505,2261155749,35184327,329810704,626193,24438693,34148271,339534397,50719128,1604182
1635270781.8689923,34707441,331713387,2261560097,34849233,330201672,633007,24377121,33569012,339866863,51117461,1618788
1635270782.8199713,34735453,330776940,2258597236,34609096,328584126,615656,24245836,33779124,338799457,51197707,1511653
1635270783.7700338,34647461,329303184,2260669812,34642086,328885042,618894,24273101,33904802,339285376,50739650,1716103
1635270785.6719942,33986205,327659848,2264139740,34588199,329168371,620574,23819659,33806164,339206623,50468338,1537142
1635270786.6230018,34771388,328422441,2259887581,34470236,330300962,619842,25098021,35649810,337828432,50244256,1561569
1635270787.5739975,34743514,330906644,2260594871,35216912,329901002,620499,24289865,33335208,337057373,50691200,1545137
1635270788.5250037,34289901,328956929,2264348567,34893083,328814788,636048,24204336,33659850,340716172,51010602,1512064
1635270789.476003,34587052,327436004,2261007872,34744258,328795738,622668,24296078,34063619,336462432,49553733,1520875
1635270790.4270072,34269327,329065969,2258133775,34689040,330846755,622898,24141936,35274475,335976188,49377607,1533250
1635270791.3780053,34321449,327597954,2262436232,34792504,328736914,614565,24976922,33791912,338581911,50133016,1676042
1635270792.3290124,35606829,329988698,2263158461,35363410,329967938,628180,24047847,34014462,339117762,50196677,1700563
1635270793.28004,34172914,331616211,2260284362,34659948,327920080,624312,24224229,33166779,337997878,51160129,1549825
1635270794.2310286,35062560,330806481,2261187378,34565080,330683229,617804,24495018,34437280,340391600,50906741,1544449
1635270795.1820226,34172161,329791780,2262349128,35565368,329351619,639849,24698079,34294950,340167081,49391861,1501774
1635270796.1330106,34859509,331242037,2259403663,34879357,331427776,616468,24611449,34099782,338829679,50203222,1656062
1635270797.084001,35264372,329966086,2263477634,35103440,329418524,619017,23410137,33987428,339499957,50118400,1583506
1635270798.034992,34234654,329856820,2259334264,34615862,329530683,631601,25521842,33538573,337226596,51134760,1638716
1635270798.985984,34766316,327397075,2259671042,34851858,329809616,608724,23881917,34261721,337276279,49669465,1576953
1635270799.9369726,34692094,328774663,2261963847,35128100,330084081,627868,24389571,34040357,338162123,50261195,1490995
1635270800.887951,35148382,328719822,2262913270,34943856,329449927,624839,24466115,34653569,338708645,50041159,1698541
1635270801.838925,34906760,329075646,2262303104,34499778,327210545,611449,24573781,33990658,335689384,50228132,1532037
1635270802.7899055,35138164,328581049,2260954988,35306317,330397083,615675,23368863,33915128,337177332,49774547,1474581
1635270804.6910357,34696055,331504070,2261262018,34651380,329917328,622294,24754328,33740788,339657935,51554357,1568890
1635270805.6420414,34898053,330063836,2262137356,35245315,329130591,632300,24464176,33598582,338742253,50324145,1596007
1635270806.5930355,35471769,329534322,2262318506,34979105,328813703,623779,24059519,34007333,339394469,49986398,1563906
1635270807.544041,34660665,331826648,2262206350,34701823,329673093,643170,24313222,33098581,338344799,51080464,1666201
1635270808.4950402,34220531,329126775,2258719529,35516629,329608194,627704,24233411,34113037,339237226,50160541,1422882
1635270809.4460225,34947395,332603708,2262905409,34932197,329973509,629707,24339239,33382817,337010331,50360345,1534837
1635270810.39702,34673783,329477604,2260269372,34780738,327819593,613709,24190971,33255133,337357097,50116653,1612937
1635270811.3480067,35209707,331267499,2261214834,34971943,329618651,627677,23758417,35770930,337818006,48849771,1530729
1635270812.29902,35476666,329098615,2261555852,34334665,331086242,604553,23614929,34797911,339849740,50692772,1486980
1635270813.2500467,34469979,331395945,2262000494,34787383,330427759,654439,25312840,33894995,339992410,51239536,1515586
1635270814.2010558,35355077,330481282,2260706133,34823254,331884197,609396,24480076,34622494,339740068,50161768,1534454
1635270815.152046,35103556,328866392,2260693339,34821126,328497963,621538,24187891,33813761,337355598,51185226,1702784
1635270816.1030354,34187148,331825455,2252805720,35170033,332802995,619116,24315824,33857598,338101709,50613282,1486402
1635270817.054022,35311118,338614894,2247407871,34594631,339556381,662059,24014577,34832903,345240151,50759233,1301595
1635270818.005003,36014354,349272025,2257501815,35582152,349167693,698435,24998606,35452220,353095284,53499159,684920
1635270818.955982,25637831,243501175,1587489634,25865092,244277374,475871,18062614,25232899,247799367,37654603,629471
