1635341415.851084,9998270,59880308,689855918,10266913,82774061,288282,7675878,10126857,76548491,8370108,283687
1635341415.9512043,10419888,76013024,688438284,10193235,77907550,364320,7513191,9589952,98079560,12972756,323724
1635341416.0513253,9196250,79470160,614618568,9279292,84679546,310075,8102913,8920043,86254488,13639589,326417
1635341416.1514473,9657541,87089623,608237036,9659178,84614830,276664,8466518,9734543,91432222,14649729,349984
1635341416.251568,9698372,87351784,609961958,9742488,87548092,200282,8594389,9945056,92790763,14718959,349708
1635341416.351689,9893038,89150552,625530242,10102162,90216846,221516,8945425,10011997,93818988,15033550,350108
1635341416.4518096,10148590,90515292,636107202,10154584,91493929,228975,9032658,10376799,97039041,15278751,354877
1635341416.5519302,10183092,92114520,641534472,10161414,92593960,204343,9126749,10293011,96392389,15411678,365871
1635341416.65205,10264672,93733313,648525661,10268746,93191754,223571,8957215,10388643,97636147,15542466,372029
1635341416.7521708,10208216,92480119,642141493,10172893,92753998,231358,8988409,10225193,96001448,15303638,360649
1635341416.8522916,10423709,95864551,663686193,10449602,96288285,232246,9053042,10655337,101075887,16010117,377933
1635341416.9524121,10669490,98099638,679351706,10759046,98600312,226980,9290163,10924364,103200275,16365755,391665
1635341417.0525324,10821771,98994908,687926238,10888358,99600450,242827,9312367,11078695,104579756,16575913,394387
1635341417.152654,10955254,100470798,695952073,11022883,100886130,245971,9565612,11160215,105525688,16752778,391294
1635341417.252774,11118710,100671119,698877554,11091932,101395387,252063,9716287,11291085,106339972,16884302,401967
1635341417.3528948,11145582,102366225,714337231,11381082,102705642,247506,10164388,11472896,107610268,17252939,419889
1635341417.4530158,11337800,102360412,712899361,11341879,102938944,229416,10116993,11480156,108420654,17195372,403997
1635341417.5531366,11326660,102042245,710792936,11299428,103155068,247153,9907560,11416317,107944444,17208748,412817
1635341417.6532571,11299374,103322358,716941977,11424683,103030179,255123,9982070,11528362,108347134,17208589,411352
1635341417.7533777,11253279,101456213,708997867,11242987,101128264,249500,9961536,11699497,106624064,16889710,412116
1635341417.8534987,11488734,103363297,723590481,11506811,104036190,228592,10027624,12328506,108250816,17426079,410357
1635341417.953619,11481722,102532685,720760951,11465526,104632953,257886,10246931,11606410,108950625,17248086,408445
1635341418.053739,11602967,103949881,726454071,11558772,104565175,257522,10281871,11591548,108603683,17357915,419959
1635341418.1538596,11574051,102378422,725054697,11536856,104598409,242751,10406686,11670930,109360701,17503107,413171
1635341418.2539797,11474054,103789344,722301499,11461514,104065149,242350,10115761,11575852,108661965,17233748,410531
1635341418.3540995,11486632,103832269,724245800,11503995,104070950,259727,10188579,11617131,109102865,17341535,409212
1635341418.4542396,11497231,103287978,721554698,11457900,104109844,258135,10100900,11608283,109014393,17239056,415964
1635341418.554683,11576051,104005342,727047306,11525393,104255354,251355,10267546,11694285,109669388,17503533,417769
1635341418.7052677,11568234,103291998,726393600,11589888,104581727,248261,10427448,11678211,109490667,17488845,409540
1635341418.8053892,11377667,101817681,713491213,11406007,102503107,256328,10126927,11452943,107359057,17091120,422637
1635341418.9055095,11681043,104022311,729418261,11621945,104625678,258648,10424734,11731327,110017161,17641507,413788
1635341419.0056303,11642379,103924633,730759239,11596574,104708435,251933,10382206,11736902,110074071,17561096,424647
1635341419.1057506,11711108,104925392,732366106,11741145,105117629,261345,10523833,11755368,110018508,17557320,421373
1635341419.2058706,11693007,104798384,730757132,11636800,104483521,258815,10342398,11754947,109913168,17519434,421872
1635341419.3059907,11580808,104205986,726051080,11536414,104018048,241172,10421872,11660568,109374940,17388868,415814
1635341419.406111,11548742,104193455,719907882,11560542,103620509,267463,10210944,11640425,109479195,17391789,418026
1635341419.506231,11535941,104060045,724943657,11523458,104192683,242477,10272129,11639962,109689011,17458685,414939
1635341419.6063507,11618144,104390814,728717129,11620590,104341838,249833,10472045,11706948,109903853,17509562,415532
1635341419.7064705,11516388,103963783,724581950,11563141,104115689,254773,10280521,11713255,109914042,17385283,422208
1635341419.8065906,11403714,102174242,712375411,11316655,101657152,243470,10105672,11349006,107245957,17184081,409576
1635341419.9067104,11628114,104508085,727595776,11602635,104231161,277538,10268693,11620460,109699472,17519850,416352
1635341420.0068297,11588427,104402271,727422113,11638855,104406279,260476,10284848,11668738,109731072,17492293,419049
1635341420.1069496,11556450,104325062,724120252,11622277,103877878,254602,10315614,11666663,109904313,17431363,411609
1635341420.2070699,11437685,103746304,720378485,11481377,103679883,253646,10109937,11515782,109079015,17333464,420943
1635341420.3071902,11608800,104236676,727395489,11626001,104118316,283959,10266720,11721626,110493077,17518905,418177
1635341420.40731,11629792,104593578,729108827,11628728,104795644,262356,10403046,11600081,109198164,17468831,419084
1635341420.50743,11657017,104870037,731082883,11671290,104597787,258235,10409385,11683425,109587433,17551461,422679
1635341420.6075504,11579120,103897979,724791796,11571731,104192642,262877,10282389,11604961,108873467,17440805,411865
1635341420.7076707,11541186,103706877,722577741,11538395,103581673,263517,10275920,11681320,109824046,17417682,417552
1635341420.8077915,11306353,101746740,708205945,11349357,101911722,244622,10215653,11348124,106527271,16971116,409174
1635341420.9079123,11508629,103831362,722717671,11511765,103449375,250757,10394786,11589586,109124897,17483263,417105
1635341421.0080323,11542638,103881522,726519465,11622379,104540734,277084,10460408,11600268,109190994,17401124,415557
1635341421.1081514,11505208,103865962,719231081,11411953,103082801,256881,10112914,11469084,108668084,17316330,417955
1635341421.208271,11417058,103325169,718295178,11471661,103343831,250543,10195476,11502440,108645627,17326062,415219
1635341421.3083904,11529193,104431802,726299138,11631293,104356485,258785,10372627,11562407,108696154,17386462,416980
1635341421.4085126,11557008,103967883,724005858,11607076,103958381,280989,10341060,11574161,109159787,17450099,420779
1635341421.5086336,11186263,100496943,720771348,11275668,96414861,240299,9384717,12501473,104300000,15372900,415948
1635341421.6087563,11515451,103522881,723437077,11568510,103922922,256335,10479496,11596701,108568886,17402934,417608
1635341421.7088773,11604567,104655500,727328253,11639651,103276086,291688,10357980,11648959,109313007,17507736,420207
1635341421.8089972,11324369,101245558,705329863,11295535,101318111,248306,10076052,11328567,106731314,17076710,404427
1635341421.9091167,11528342,103991420,724069900,11558656,104179782,255298,10355293,11618150,109163122,17351816,420082
1635341422.0092359,11568921,104314386,726261720,11626323,104366715,256990,10428043,11573986,109014381,17467937,416267
1635341422.1093557,11536373,104213981,722659244,11600590,103720000,257854,10322996,11613335,109279260,17458376,419002
1635341422.2094753,11595095,104328844,726787117,11595965,104193317,253694,10448467,11621346,109507137,17427755,422196
1635341422.3095944,11592005,104263668,727791501,11642440,104375547,279421,10493006,11628708,109391183,17542741,420267
1635341422.4097142,11627054,104445192,728322822,11674819,104918007,261626,10462150,11653385,109337446,17517400,421752
1635341422.5098336,11544661,104205232,724606300,11598336,104384939,248070,10286357,11566424,108930690,17464529,417710
1635341422.6099524,11562690,104470816,727305215,11645282,104355569,270561,10403508,11588586,109175807,17415643,421305
1635341422.710075,11536389,103960278,726312046,11614094,104236348,259514,10405855,11603954,109447518,17548094,425067
1635341422.8101945,11279912,101671645,709919820,11350879,102080934,231226,10300966,11350799,107030450,17007087,407759
1635341422.9103146,11582275,104698104,727901198,11668279,104503301,270364,10587353,11619279,109295445,17451916,421290
1635341423.0104337,11567222,103859899,723922916,11558526,104457628,259137,10345588,11583467,108947284,17364875,419499
1635341423.1105652,11616932,104178494,726747137,11505730,102418695,265883,10111807,11780312,108295770,17610847,440552
1635341423.210687,11556365,104033565,724511630,11611898,103801025,243317,10423766,11664522,109478442,17437551,419881
1635341423.3108087,11705353,104358312,726969612,11650714,104369287,261962,10513728,11708092,109099873,17483844,426920
1635341423.4109287,11616078,104279311,727225475,11651117,104385379,241137,10500147,11642259,108483388,17524035,422930
1635341423.5110488,11675574,104427178,727387079,11676420,104544154,242236,10564966,11617814,108638931,17442359,423719
1635341423.6111689,11693285,104300627,727449195,11663933,104174606,254057,10512587,11760561,109734908,17557540,420327
1635341423.7112882,11538625,103933701,724837392,11645455,104303126,245160,10425579,11651873,108900850,17402853,419865
1635341423.811408,11322677,102198382,710503410,11383395,101281514,257819,10123475,11400079,106432729,17066011,407347
1635341423.91153,11638288,104001411,726297938,11638989,104424711,238753,10451843,11592320,109643790,17465310,419538
1635341424.0116498,11591911,104330232,726535133,11603287,103991028,264706,10425821,11703658,109283597,17485546,421705
1635341424.1117697,11676750,104750409,729333836,11673543,104137380,265871,10500172,11728650,109441254,17545226,423208
1635341424.2118893,11719347,104363803,728182681,11690164,104166181,260379,10524334,11707853,109578900,17528224,421570
1635341424.3120139,11527965,103673381,725468821,11615039,104285493,248468,10393914,11675881,109600667,17452648,422526
1635341424.4121335,11576063,104108477,725105535,11581385,104248101,233579,10400353,11606447,108640054,17436674,414696
1635341424.5122533,11596069,104220656,724299191,11647931,103981994,259934,10425661,11641405,109336923,17473447,420967
1635341424.6123726,11676440,104365463,728938758,11638017,104305802,254133,10620557,11680643,109311070,17481787,429436
1635341424.7124927,11576475,104354319,727739918,11633476,104117961,250302,10462317,11638195,109386977,17413902,416870
1635341424.8126123,11348414,101592663,709841537,11367117,102025921,237154,10207389,11270183,105825323,16961235,405999
1635341424.9127324,11559561,103615832,724041205,11519907,103393478,253480,10344966,11707838,109119599,17469536,424526
1635341425.0128527,11455441,103352826,722562525,11566981,103667293,264723,10401699,11635599,108954150,17352268,418135
1635341425.1129727,11524687,103413049,720900575,11506711,103192852,261163,10169572,11482915,108555072,17352139,421202
1635341425.2131011,11492945,103301617,721602936,11469281,103183804,238948,10365354,11596768,108657657,17391425,422766
1635341425.31323,11589924,104232694,728583639,11661791,104508408,258632,10582562,11673899,109246506,17490254,421855
1635341425.413353,11574684,104035043,726120185,11637657,104294726,271201,10365968,11575916,109630962,17446950,422455
1635341425.5134735,11550742,103412185,727412116,11674742,104600338,247853,10565658,11677763,109455207,17459877,421693
1635341425.613594,11597728,103926772,725484942,11657210,103804245,238579,10461484,11671593,109077717,17510277,424263
1635341425.7137163,11615614,104246966,728286736,11651039,104392237,267297,10463162,11619267,108675682,17410389,422068
1635341425.8138363,11257857,101418637,707665776,11363682,101507793,250821,9983343,11318125,106599526,17051402,406392
1635341425.9139564,11604172,104429356,725045903,11586182,103605378,249665,10462200,11628789,108833055,17396452,419280
1635341426.0140765,11594550,103917966,727038364,11635678,104228112,253790,10538296,11736656,109009190,17482228,422705
1635341426.1141968,11615187,104147321,725384725,11640322,104216079,243796,10310489,11603535,108924037,17454941,418369
1635341426.2143168,11555029,103952934,722069858,11550760,103470641,255469,10424034,11622491,108994028,17340183,419315
1635341426.3144367,11631354,104218474,725882225,11612763,103900869,254505,10405858,11602977,108892675,17486757,432520
1635341426.4145577,11553115,103978614,723747311,11553016,103828204,257440,10269901,11692446,107380657,17357958,421053
1635341426.514678,11571918,104200006,725746256,11583489,103453016,237267,10591723,11621891,108664322,17432725,416595
1635341426.614798,11564148,103227861,725885085,11674094,104552731,248401,10432489,11681439,108935546,17472892,415762
1635341426.7149181,11654321,103812826,724238168,11619004,103848753,256298,10373887,11613675,109019577,17432774,415274
1635341426.8150384,11363593,101485131,710501686,11369796,101876951,254774,10161316,11398529,105988239,17129455,411135
1635341426.915158,11584622,103927936,723738972,11539816,103652789,253797,10386756,11585925,109221793,17389638,421933
1635341427.0152776,11524192,103645421,723020624,11579628,104047367,232398,10442204,11598006,108491792,17323502,408825
1635341427.1153972,11574074,104250104,726028504,11634338,104021316,256495,10379974,11618524,108299018,17271651,417434
1635341427.215519,11614155,103757960,723863266,11565238,103695335,279900,10242831,11578375,108474505,17450619,422310
1635341427.31564,11633216,104055057,728056303,11623677,104145028,258413,10493313,11709011,109676395,17528045,423340
1635341427.4157598,11553872,103742374,724911433,11643988,104254234,237047,10409756,11594860,108752799,17315131,417199
1635341427.515879,11579807,103913872,725769763,11623697,104090508,258038,10399691,11662780,109189240,17381566,423610
1635341427.6159992,11609596,104278695,725585691,11598585,103726116,275140,10465144,11612879,109477935,17408985,416708
1635341427.7161188,11546217,103994664,723752427,11568203,103853266,237769,10466050,11573076,109214966,17412362,417869
1635341427.8162384,11287442,101542294,708068605,11360891,101639523,239554,10151898,11332275,106302066,16982367,407528
1635341427.9163587,11640351,104069362,724601600,11590138,103808822,271001,10305419,11621685,108631628,17485012,416972
1635341428.0164793,11537866,103972692,724549768,11558753,103859151,268098,10418985,11552399,108548292,17407515,422510
1635341428.1166003,11494073,103556963,721524091,11580032,103826605,227449,10356984,11573450,108756903,17355868,414264
1635341428.2167199,11591354,103971420,724406062,11574676,103481851,274658,10190117,11632156,109234998,17493176,421382
1635341428.3168397,11596042,104069193,726080126,11599044,103983994,254967,10483646,11623945,109086564,17461266,421990
1635341428.4169598,11600188,104287676,727406235,11641401,104598697,249175,10469141,11654132,108289927,17387342,422676
1635341428.5170796,11616853,104395068,724977119,11642930,103541921,268256,10293375,11536246,109049746,17484387,418960
1635341428.6171987,11612722,103998534,727356427,11626690,104788046,258637,10592042,11638378,108976615,17477096,418358
1635341428.7173183,11565596,104309262,726060191,11663090,104383016,255074,10351790,11579794,108909963,17346584,418643
1635341428.8174381,11362350,101605749,712492171,11430644,102189398,249912,10172302,11375758,106719125,17167295,410408
1635341428.917558,11593905,104048025,726883117,11624219,104573650,248315,10564190,11634877,109252923,17445602,427223
1635341429.017678,11560989,103655137,724136019,11595937,104072334,256100,10454155,11611332,108578641,17423891,415645
1635341429.1177988,11601213,103607890,727611896,11596182,104495628,257829,10449607,11666257,108953209,17450000,427601
1635341429.2179193,11617483,104208035,725177102,11610556,103717807,264759,10441070,11638460,108978310,17410828,417297
1635341429.318039,11620692,103696476,725171679,11593040,103781700,248631,10467233,11639226,109868348,17577216,423546
1635341429.4181592,11683720,104324375,727026008,11648148,103985082,256073,10412084,11673960,109289115,17460270,422747
1635341429.5182786,11655815,104210427,726898942,11644019,104163031,267801,10431700,11676132,109204062,17489147,423299
1635341429.6183977,11560426,103086446,723633737,11545196,103866381,251996,10370305,11630896,108668081,17393611,425014
1635341429.7185173,11475393,103288469,720664255,11521082,103847277,256598,10269752,11587118,108521981,17328249,414161
1635341429.8186367,11391847,101926372,711390488,11407820,101617820,235942,10209627,11338537,106713519,17092773,411804
1635341429.918756,11633944,103797024,725213570,11652061,104339847,264717,10397556,11656563,109159567,17513699,424092
1635341430.0188756,11580640,104276782,725029649,11579537,103681248,265889,10333433,11662950,109171898,17446535,423553
1635341430.1189947,11603797,104256065,728876692,11624082,104227089,255592,10456537,11707771,110150605,17580451,419928
1635341430.219118,11661495,104384589,731690843,11717106,105042851,233013,10546985,11749623,109699935,17524160,426402
1635341430.319238,11665658,104462154,730331063,11703753,104661252,264498,10454313,11695701,109479813,17555912,428513
1635341430.4193575,11638774,104499151,730207377,11670802,104774726,265715,10510077,11678317,109101487,17548410,424207
1635341430.519477,11685124,104721415,731721331,11711830,105027077,262786,10437945,11713512,108220163,16504127,423776
1635341430.619597,11668684,104395023,730145601,11621434,104404046,263741,10577370,11766357,109895294,17573995,425137
1635341430.7197185,11489559,102889622,720512578,11574966,103678467,259347,10318856,11523309,108185267,17211694,420232
1635341430.8198378,11594927,103295289,724955496,11610753,103593226,264845,10494848,11546865,108533732,17403189,418002
1635341430.9199579,11644045,104359319,728129507,11599127,104208666,252232,10385248,11704850,109500104,17479147,425732
1635341431.0200787,11623674,104442183,730004920,11651013,104170936,258433,10405877,11735092,109779493,17527235,424734
1635341431.1202207,11639814,104238368,727538140,11614161,104379422,253713,10433364,11628657,109287628,17507185,423497
1635341431.2203405,11644176,104394483,729044528,11682186,104872065,259525,10438719,11697590,109779699,17379966,421300
1635341431.3204603,11684931,104747954,730101223,11697931,104653812,272226,10471025,11682259,109304243,17543441,422721
1635341431.4205801,11602310,104110188,730038258,11679551,104868020,260880,10397721,11668318,109518742,17400427,424862
1635341431.5207002,11271481,99668980,720200313,11278227,102088286,260954,10417416,12944112,103589605,13625405,403580
1635341431.6208205,11567690,102684041,725252647,11359971,100761365,262797,10105652,11537145,108194884,17384350,421518
1635341431.720942,11407996,101862188,731329285,11544272,102550537,271371,10308477,11380092,106669771,17031301,410429
1635341431.8210623,11704010,104588214,744127314,11746939,105451463,297238,10490675,11669152,109929189,17276191,422224
1635341431.9211826,11763218,105078083,745855772,11798978,103287696,271966,10359579,11597704,109790326,17574673,430867
1635341432.0213025,11796192,105694642,744258909,11753734,104260976,273753,10480310,11733986,109640415,17497764,426015
1635341432.1214287,11735083,105112423,731238526,11666243,104669733,278234,10406484,11698033,109631941,17411118,421830
1635341432.2215657,11708562,104619415,731889355,11689717,104674078,261174,10646488,11788280,109843840,17658713,429399
1635341432.3217068,11139619,102161582,741800328,11875081,107085318,268170,10124053,13226096,103041482,13750118,424120
1635341432.4218433,11488504,104178258,718975821,11406003,103302842,272676,9650006,11057898,107063753,17274712,417484
1635341432.5219796,11422463,103474736,720685451,11368682,102697269,285257,9701670,11574924,109019946,17266114,413433
1635341432.6221144,11411912,103242077,719506683,11364707,103512831,269901,10015936,11425505,108243131,17211731,415378
1635341432.7222495,11094820,100903618,701839235,11107416,101051091,254025,9686392,11274425,106625793,16515243,396586
1635341432.8223855,11319581,103299146,714192493,11342234,103344567,255864,9975481,11462289,107972214,17211044,405631
1635341432.9225397,11319250,102589531,711405628,11349522,103360079,270315,9905180,11434309,108710802,17167608,411350
1635341433.0226765,11374524,103918560,717971918,11384327,103843081,260103,9686544,12525805,106545874,17229759,416554
1635341433.1228135,11359573,103610898,715972037,11404567,103388722,254292,10034669,12439043,107234752,16059509,416480
1635341433.222949,11446722,103334192,715343802,11391923,103795492,240263,9858172,11488706,108779264,17221357,409215
1635341433.3230839,11390899,103873331,718014596,11401621,103551245,260787,10185068,11568557,108299968,17239376,415131
1635341433.4232187,11399333,103527506,716275635,11457271,103339037,259122,10025575,11518681,108941339,17257290,414168
1635341433.5233533,11444432,103378470,716305234,11404593,103600878,251822,9807634,11516239,108577820,17298183,416669
1635341433.623487,11359575,103435408,716890074,11319052,103448377,268669,10170456,11534391,108723415,17340904,413118
1635341433.7236218,11128150,101065383,701039185,11216350,101287711,252319,9838665,11235322,106144434,16892272,403447
1635341433.8237562,11385980,103117294,716019927,11370076,103597512,241960,9875389,11510059,108178965,17235515,411358
1635341433.9239109,11369489,103400363,714321761,11344507,102860202,260057,10101931,11482690,108749163,17257437,411447
1635341434.024038,11356780,103458371,716540899,11466841,103558762,258355,9957023,11521678,108560255,17266016,412837
1635341434.1241581,11429051,103614375,717324497,11430403,103725070,254367,10053654,11546886,109012831,17282625,416502
1635341434.2242782,11432843,103867492,718357298,11426106,103717765,242360,9973026,11548363,108823506,17321439,412710
1635341434.3243973,11351976,103173721,712739096,11419801,103187833,254776,10071864,11487152,109158022,17189714,410844
1635341434.4245167,11390832,103740652,715646221,11370454,103720854,260706,9783333,11460310,108666366,17217240,416720
1635341434.5246353,11334917,103597947,714849955,11304350,103472716,249913,10125828,11481704,108659440,17213235,409602
1635341434.6247547,11347039,103297393,713444527,11408957,103828323,241347,9918218,11482774,108954044,17157473,407711
1635341434.774934,11162870,101498100,699766176,11111722,101442003,240082,9755125,11252793,104822478,16545900,400111
1635341434.8750541,11397459,103300611,713342471,11352798,102878914,272863,10012204,11435967,109183745,17227542,410121
1635341434.9751742,11354442,103439063,716597918,11404572,103847250,251497,10044301,11466552,109143483,17201745,414602
1635341435.0752933,11412446,103804379,716613470,11406675,103736267,245858,9578279,12562764,107178510,17247910,414690
1635341435.1754127,11392077,103717522,716260890,11409253,103766243,252555,10071269,11493744,108217304,17172578,411304
1635341435.2755327,11408843,103756649,715501315,11399086,103271200,268135,9897953,11475162,108895907,17249444,410372
1635341435.3756611,11195545,103898240,722113766,11472123,103568742,261718,9996469,11631646,106037628,13661878,412419
1635341435.47579,11398432,103486948,715709571,11400635,103799618,226144,9891464,11494691,108603940,17216218,414382
1635341435.5759106,11458377,104172703,717398630,11408666,103299968,257553,10072306,11503963,108466135,17256719,411590
1635341435.6760304,11386908,102599054,714496143,11440997,103624160,251241,9865653,11517478,108631500,17301089,414314
1635341435.7761502,11144338,100463503,700269525,11108647,101256259,247136,9857253,11298937,105635081,16969375,405173
1635341435.8762703,11355601,103697619,717045248,11422399,103385332,259207,9994089,11533027,108710145,17268321,412136
1635341435.9763892,11442788,103584173,714445571,11419411,103258501,235696,9989200,11494571,108603265,17207436,411394
1635341436.0765092,11436355,103826425,716350597,11374481,103453352,260840,9891497,11485387,107943883,17312106,415483
1635341436.1766293,11297020,103064167,712871554,11344868,102898687,252514,10044928,11473207,108581452,17226640,411551
1635341436.2767494,11375426,103053343,715235158,11426732,104025477,230147,9982379,11497877,108404699,17230976,407473
1635341436.3768682,11506212,104238184,716627544,11408041,103683165,254693,10001545,11465057,107598138,17155147,418405
1635341436.4769874,11343894,103198724,712696974,11318943,102669441,257378,10030952,11448651,109041614,17317979,407712
1635341436.577107,11345698,102834414,713993655,11378751,103398457,238117,10039783,11488920,108929853,17277071,414800
1635341436.6772287,11419562,103598729,715925047,11446062,103821224,261430,9951926,11445042,107698302,17244061,415205
1635341436.7773478,11143826,101248934,701635484,11222653,101390822,255313,9929457,11263125,106794568,16950558,402392
1635341436.8774676,11387184,102980725,713479771,11374014,103290541,247958,9839281,11449949,108588991,17261895,411903
1635341436.9775865,11364161,103528856,715630386,11400987,103558089,257076,10160464,11504068,108519731,17168234,407957
1635341437.0777056,11375926,103403101,714769113,11415155,103436474,245151,9976500,11482044,108505169,17252783,411265
1635341437.1778252,11396760,103628720,714271377,11392281,103315577,253922,9916300,11441784,108399468,17190450,414170
1635341437.2779443,11390910,103473231,716850933,11384917,103652288,251812,10108477,11498933,108043653,17300454,413091
1635341437.3780632,11367371,103282120,714945748,11392614,103226490,249910,10043910,11457583,108864039,17183698,412585
1635341437.4781885,11409986,102973581,714188000,11382154,103437800,260002,9906783,11481001,108554576,17291315,410323
1635341437.5783148,11245747,102663549,716691012,11372924,103619704,240650,10054058,11547549,108370535,17290504,411930
1635341437.6784358,11388783,104016819,714500263,11400395,102856544,259677,10055450,11450408,108532873,17175385,406192
1635341437.7785554,11176628,100828934,700564832,11191725,101310658,258246,9615658,11231816,106692220,16945219,408309
1635341437.8786752,11403340,103433223,715514794,11273597,102783822,240018,10044200,11552904,108268897,17206035,415044
1635341437.9787953,11321029,103191748,714681707,11358105,103325925,251668,10026684,11474994,108127785,17243140,408182
1635341438.0789156,11386028,103331276,714402185,11441509,103631187,249070,9896202,11449228,108256691,17141027,413699
1635341438.1790345,11436288,103581753,714635512,11308472,102911308,251613,9915011,11511100,108016975,17277146,416719
1635341438.2791536,11339293,103382291,716039700,11370741,103554836,252478,10105750,11541126,108835891,17220940,409563
1635341438.379273,11315054,103091961,712723929,11361232,103153458,243250,9942551,11413782,107836273,17142576,411049
1635341438.4793923,11387216,103606768,716770341,11389584,103606530,260435,9845831,11504764,108333882,17218456,413532
1635341438.5795114,11348843,103678018,714876010,11360099,103187876,251036,10001544,11470109,108030426,17253107,409918
1635341438.6796303,11311373,103015533,713808185,11332530,103227108,251760,9977133,11471672,108677833,17243899,412601
1635341438.77975,11121665,100896732,698934372,11169401,101048643,243479,9683245,11223897,106194503,16800590,405325
1635341438.8798692,11366226,103489960,716081401,11395924,104014246,238791,9886851,11478890,107493609,17151372,417132
1635341438.9800074,11397625,103567247,714318456,11355121,102708211,265105,9949495,11443674,108098859,17238994,409283
1635341439.08013,11401983,103044521,715575178,11402553,103509087,247758,9969338,11471467,108661898,17291846,415453
1635341439.1802502,11301233,103155376,713793252,11376592,103772276,249872,10013615,11467502,107962315,17149286,412333
1635341439.2803698,11494111,103793907,717759650,11447801,102985079,269707,9865537,11518294,109374123,17358066,418614
1635341439.3804889,11365913,103016861,715707943,11446238,103846570,246108,10187347,11520418,108612910,17177851,411655
1635341439.480609,11376178,103015253,713504798,11367470,103532267,246159,9887701,11465452,107957609,17093833,417224
1635341439.5807326,11450423,104514735,721312397,11480351,104409021,264772,10135924,11597532,108607951,17308162,414820
1635341439.6808558,11358194,103601454,715772852,11380678,102867824,246835,9959690,11504168,108509118,17332102,410136
1635341439.7809763,11190504,101854172,701176630,11170073,100522998,249728,9845540,11217111,106342051,16821474,407713
1635341439.8810966,11479032,103691410,719151952,11483944,103532395,262394,10057316,11546330,108663888,17329116,412922
1635341439.9812164,11419734,103386154,717087561,11353523,103924027,244977,10114696,11510752,108316638,17293432,413611
1635341440.0813358,11372587,103565595,717632580,11492775,103471150,252821,10025994,11518027,108916967,17247216,411754
1635341440.1814556,11484774,103534535,717780872,11448996,103815358,246088,10097502,11512160,108574242,17232997,417470
1635341440.2815754,11433835,103752505,718059656,11481299,103629879,253914,10108895,11567428,108601725,17306128,409687
1635341440.3816955,11447767,103799895,718694294,11404122,103192678,258871,10142588,11525647,108866432,17343522,415437
1635341440.4818146,11349217,102444646,713816347,11375401,103313027,245413,9971407,11496645,108425877,17164360,414761
1635341440.581934,11414218,103607980,715962078,11419713,103518989,248006,9874656,11412228,107679409,17235761,411709
1635341440.6820538,11420320,103421107,716694249,11351604,103080792,254851,10095926,11494791,108582493,17241441,410517
1635341440.7821736,11125231,100821102,700416764,11188553,101224098,247276,9884795,11200537,106173689,16865013,408856
1635341440.882294,11436587,103722391,718141640,11455673,103542425,255941,10027282,11455280,108222552,17278640,419009
1635341440.9824138,11462437,103634318,718611642,11429136,103500685,256315,10181924,11513762,108685383,17285499,417490
1635341441.0825338,11424638,103171150,717657701,11481042,103990563,248638,10188882,11517924,108244994,17255771,410327
1635341441.1826541,11394352,103675163,716791579,11476784,103610401,249114,10001608,11486061,108326685,17221709,411379
1635341441.282774,11429212,103618943,716602299,11423902,103435412,252378,10018688,11398117,108020067,17172647,419245
1635341441.3828933,11469661,103479408,717915465,11397240,103301690,256816,10068219,11541612,109002794,17313553,415208
1635341441.4830127,11234963,101784157,725602681,11624476,104874018,246002,10235319,11642703,109723154,16217467,401636
1635341441.5831332,11537635,104076778,724552891,11576057,104617661,260341,10189669,11604538,109618690,17433152,421365
1635341441.6832535,11543995,104324038,722456629,11520088,103892674,270700,10080389,11602730,109073275,17380727,420870
1635341441.783373,11393897,102575347,714421872,11381585,101330407,249621,10234751,11378421,107214907,17075612,410756
1635341441.8834932,11547172,103640581,721733497,11554934,104554080,227102,10296749,11608594,109123137,17319234,419175
1635341441.9836118,11513223,104191159,720498557,11461654,103257045,272013,10068173,11538446,108833986,17309368,414757
1635341442.0837312,11544057,103514013,723100896,11574607,104169459,253950,10070880,12682115,108751970,17522664,417204
1635341442.183851,11572239,104123774,724703142,11613826,104339963,250056,10139987,11610043,109437368,17405955,421428
1635341442.2839708,11546737,103675572,721489061,11561238,104239377,275332,10240087,11557004,108916797,17412524,417412
1635341442.3840897,11546600,103357253,719491810,11501216,103458468,246195,10022877,11575283,109524981,17434164,414371
1635341442.484209,11542691,103467883,721385827,11560156,104212633,249450,10255234,11496595,108823490,17389925,420823
1635341442.5843284,11503719,103875103,720157217,11543576,104026144,247815,10292074,11518961,108590964,17279936,414830
1635341442.6844485,11628487,104357650,725570188,11653210,104754771,261197,10438444,11632111,109623859,17457902,421006
1635341442.7845683,11272157,101375537,704407102,11204602,101413040,236911,9884565,11287202,105603070,16924603,409328
1635341442.8846881,11534338,104017545,722638148,11536260,103958273,256502,10308553,11602842,109205763,17429459,416622
1635341442.9848084,11536088,103831001,721762036,11535327,104287600,242093,10334930,11581567,109234559,17280992,413880
1635341443.0849288,11552262,104266584,722696105,11589302,104083210,266857,10171266,11612932,105389434,15533291,420723
1635341443.1850486,11526139,104057703,721096679,11478922,103644141,251427,10134401,11537222,108878273,17407849,411558
1635341443.2851682,11505039,103578609,720478690,11545241,104037091,253861,10175225,11535765,109397276,17348304,416974
1635341443.385288,11367287,104501173,726423186,11612060,105023578,245676,10311831,12086386,104178242,12405308,408627
1635341443.4854114,11671558,105126588,729419142,11683231,104718590,257874,10275854,12344707,105856083,15731987,420655
1635341443.5855439,11463696,103332425,718710575,11455288,103613873,253312,10132145,11537293,106651232,16279093,410892
1635341443.68567,11542622,104082140,722941525,11560462,103782188,258519,10283680,11624413,109394302,17333581,414711
1635341443.7857966,11215277,101074897,706235249,11325469,101797960,238766,10034764,11321088,107113905,16970812,402470
1635341443.8859236,11586067,104364471,723978503,11616662,104412200,247716,10299540,11624722,109139655,17386569,416521
1635341443.986051,11602348,104507181,726592982,11602707,104597985,271951,10440136,11610337,108269241,16433809,414523
1635341444.0861785,11650923,104356238,726659127,11652913,104762600,261001,10480116,11664629,109144614,16979940,417488
1635341444.1863062,11688503,105063244,733016090,11448000,101832724,220281,10467512,11968049,109332318,16818741,425394
1635341444.2864332,11872519,101236764,751289914,11831102,103903230,260892,10399472,12107832,110168121,16519847,424412
1635341444.3865576,11881552,104536037,753072620,11975973,105845966,271994,10685206,12631622,104684398,14490267,396330
1635341444.4866781,11723106,105374028,732913176,11666241,99830486,238626,9873105,11946383,108967662,17585921,422183
1635341444.5867975,11544479,103718604,723283049,11601297,104453146,255846,10354889,11609191,109002033,17349241,418249
1635341444.6869173,11535717,103537913,720798747,11519913,103781413,253203,10305017,11543965,108290997,17175717,418404
1635341444.7870374,11259004,100771937,706273758,11225730,101656041,257533,9945950,11347810,106435040,17040952,400726
1635341444.8871577,11589067,104308445,725961446,11589842,104377195,253684,10513492,11673023,109258986,17469319,421548
1635341444.9872763,11522700,104007814,722298409,11527810,103638940,248867,10090438,11541593,108627404,17297801,407680
1635341445.0873961,11567763,104335816,733836419,11602803,104217270,275916,10215899,11439942,107542595,17241048,410164
1635341445.187515,11717770,104109961,739353929,11661789,104770594,284650,10492731,11589859,109004842,17482374,402718
1635341445.287634,11592554,103896668,722658520,11568207,104122995,259777,10304176,11642317,108898091,17367965,418864
1635341445.3877528,11483317,103948265,721551727,11495130,103915162,251988,10161684,11594306,108418077,17307954,420601
1635341445.4878728,11519811,104213572,726516503,11623054,104223435,261667,10460630,11625163,109022324,17410742,417920
1635341445.587993,11565746,103691205,721424187,11530753,103674345,247695,10291460,11648586,109287690,17412928,418176
1635341445.6881118,11555825,103860292,723686506,11585172,104361414,265171,10308634,11653221,108873864,17415815,419823
1635341445.7882314,11250180,102181891,708467681,11337561,101747313,250714,10109353,11327539,105968469,16954964,405947
1635341445.8883514,11602998,103927538,723412078,11541918,104309892,248207,10223817,11585664,108756524,17471930,422423
1635341445.9884708,11480215,103433354,720350939,11461496,103955376,254822,10293531,11653509,108552234,17361618,414896
1635341446.08859,11579094,103774161,725460181,11650671,104513557,244545,10430361,11636773,109394792,17425260,422971
1635341446.18871,11665060,104308058,728424036,11664050,104469808,264137,10481954,11700500,109593111,17471282,418514
1635341446.2888298,11584862,103948808,725061589,11591472,104002632,253831,10347729,11707491,109100224,17513697,419921
1635341446.3889492,11501779,104039709,725099697,11560742,104035299,243554,10439705,11629306,108832907,17434115,418990
1635341446.4890678,11562232,103634724,720466733,11524259,103904306,257588,10320424,11581852,108352709,17317886,418747
1635341446.5891874,11606388,104309724,726935539,11669518,104360097,261629,10332775,11631475,108392281,17460171,423835
1635341446.689307,11550547,103767507,722702420,11528809,103711453,244517,10152738,11594123,109227636,17385383,416524
1635341446.789426,11294295,101271309,710240653,11347144,102164810,251863,10127522,11371652,106974675,16975702,408286
1635341446.889546,11488105,103964600,724313618,11544685,104525317,270531,10532598,11619980,108009447,17315201,417984
1635341446.9896648,11638876,103998189,724861821,11565382,103959179,253472,10288779,11610075,108371404,17390516,420521
1635341447.0897856,11432394,103142574,718471432,11490691,103780825,252235,10067643,11607214,108577054,17287881,415300
1635341447.1899054,11582723,103928630,724258995,11586450,104249824,246434,10246455,11630797,108975482,17478963,424626
1635341447.2900157,11458522,103919547,722811648,11472935,103884206,269026,10262189,11593851,108263866,17331125,417164
1635341447.3901353,11521676,103672994,722126511,11541495,103760470,254452,10296315,11636946,109139220,17483079,415762
1635341447.490255,11598913,103816822,723798641,11594323,104362274,242122,10442559,11586343,109058613,17447976,422327
1635341447.5903742,11629368,104212444,727079474,11563712,103310661,260227,10385384,11652081,109102359,17494702,422695
1635341447.6905107,11573383,103877994,724924013,11573151,103250927,266296,10456150,11549002,108240103,17352385,423396
1635341447.7906394,11331068,101386442,713316686,11428995,101973266,252014,10181546,11398238,107042735,15978818,406126
1635341447.890761,11547826,103690903,723354501,11592093,104342053,247000,10156081,11554301,107622535,17361713,426231
1635341447.9908807,11598180,103909781,723843290,11527322,103745574,280450,10588077,11593637,108587150,17390821,418987
1635341448.0910008,11431238,103506566,722901469,11608041,104426277,250448,10091493,12392185,107403913,17446672,420503
1635341448.191121,11643470,103951442,722545628,11542272,103784271,254036,10286941,11424882,108725929,17537234,414832
1635341448.291241,11609047,104054957,725415910,11572617,103585939,249591,9792655,11578148,108925240,17501216,423656
1635341448.3913612,11604217,103649326,725784046,11572085,104274343,251327,10499150,11661796,109055266,17447700,418767
1635341448.491481,11705893,104240248,729399035,11698474,104782343,257483,10587975,12485995,108101369,16262327,423168
1635341448.5916011,11681284,104629446,725492223,11640136,103857464,246288,10406685,11594458,108902683,17510047,416976
1635341448.6917202,11524529,103966468,730876946,11676631,104686643,254648,10544669,11632096,109339820,17550586,425943
1635341448.7918403,11353593,101974385,710236222,11347444,102138984,251275,10249837,11354848,105911819,16979438,409606
1635341448.8919604,11476986,104854959,720204675,11292519,103303760,252251,10208527,11549159,108301082,17346111,414019
1635341448.9920805,11468299,103557291,720365887,11518967,103882544,252327,10264511,11411805,107592488,17119811,421234
1635341449.0922012,11562459,103986942,725162194,11608218,104145149,235097,10261037,11561495,108869592,17448688,419776
1635341449.1923213,11553954,104333218,725776383,11615936,104169808,259880,10485277,11610548,108647092,17429056,422529
1635341449.2924414,11589001,104183249,726463912,11630595,104440775,259368,10286211,11550850,108670807,17382070,412412
1635341449.392561,11610448,103904893,722816194,11567434,104280928,236389,10066722,11535023,108497071,17370975,419299
1635341449.4926827,11693479,104418946,729709721,11696142,104732920,260704,10394194,11666996,109048152,17560408,421398
1635341449.5928025,11611083,104299090,727518282,11695953,104427762,262234,10463687,11669197,109348361,17485192,422382
1635341449.6929224,11592539,103291787,721431517,11522463,104136930,253170,10286084,11541323,108776156,17402966,418539
1635341449.7930522,11356410,101589851,708411889,11307972,101096729,231488,10180462,11332283,105932294,16990701,412175
1635341449.893186,11588707,103991192,726064980,11624220,104823497,264155,10457201,11628504,109069775,17431812,422442
1635341450.0434322,11611727,103805610,722042490,11621818,104071598,252858,10251371,11524353,108571505,17389489,418120
1635341450.143555,11658509,104428488,727431252,11659884,104616521,259048,10339712,11591049,108683234,17456988,420757
1635341450.243675,11606355,104431722,726388552,11607944,104136969,253429,10441321,11581735,108572935,17446828,418360
1635341450.3437953,11512078,103260391,721569329,11586073,104309735,257169,10269652,11576896,108874913,17425552,415775
1635341450.4439158,11639214,104209586,728403304,11683180,104741384,249089,10545389,11664134,109133271,17427235,421493
1635341450.544036,11604436,104032951,725816988,11693557,105003304,256708,10425570,11559911,108431066,17400391,421114
1635341450.6441557,11583619,104092191,724213691,11602420,104141342,249755,10392430,11586366,108678459,17411088,417346
1635341450.744275,11571785,103997321,725490402,11566061,104211309,248349,10299114,11555553,108641011,17483498,421099
1635341450.844395,11202448,101345580,708633394,11328968,102027011,249877,10144566,11324763,106544801,16529594,400539
1635341450.9445145,11545971,103656999,721914707,11563314,104084320,243780,10181682,11441720,107963984,17326186,417453
1635341451.0446348,11664883,103720735,724040213,11633157,104370095,257551,10427595,11633564,109166667,17433562,420038
1635341451.1447551,11617761,103451566,723779456,11537453,103850767,250754,10377171,11611237,109098611,17475634,418475
1635341451.2448742,11557696,104279163,725414180,11573624,104306007,248970,10419185,11549513,108499809,17375027,418198
1635341451.344994,11377065,102863630,714697813,11328584,102551992,259126,10007377,11488878,108751036,17297922,414274
1635341451.4451134,10047793,93560193,646499712,10125150,92824338,216339,8967005,10166556,94882063,15154233,363143
1635341451.5452325,8391001,74279466,531794869,8376375,76680744,185101,7120632,8769306,81878895,12882580,300556
1635341451.645358,6797854,62219191,426744949,6741578,59413393,150064,5764471,6642090,63202724,10434725,236280
1635341451.745478,3535667,33103837,228186352,3547493,33291520,74568,2992979,3653041,35004156,5536456,126423
1635341451.8455973,3548014,32961404,228182317,3509939,32732037,71833,3040650,3663620,34678000,5535294,149219
1635341451.9457164,3656728,33039834,228122751,3546004,32932663,64580,3156063,3649331,34423780,5442236,163115
