1635341001.0199466,9511659,76101451,601348926,9664644,74460180,202292,7623912,9599875,81406590,13848515,314453
1635341003.423017,8742441,76540168,545771219,8769274,77840599,175967,7765575,8496105,80248586,12930532,304187
1635341003.523142,8914510,77887785,553572627,8870266,77396578,198526,7950361,8673754,80616907,12946940,307108
1635341003.6232677,8987372,78281816,563361685,9025821,78132923,186524,8099668,8971233,83142412,13329209,310489
1635341003.7233925,9186510,80785996,573630317,9239267,80601779,204619,8270402,8986168,83712589,13485771,323144
1635341003.8235173,9262096,81113781,578732561,9269889,81541701,187667,8427221,9092155,85366489,13695770,326692
1635341003.9236426,9464479,82978807,595691808,9542801,83490548,211869,8556958,9435088,87615249,14086248,331715
1635341004.023768,9428260,82089278,588158496,9467406,82439205,211015,8538446,9308528,87124785,13915270,333893
1635341004.1238937,9829260,86092574,610622077,9838982,86978406,196292,8866229,9800130,91412023,14577416,349951
1635341004.2240312,9994480,88692814,625862187,10123647,88989206,201325,9119568,10034256,93254365,14904012,372641
1635341004.324157,10227176,89896718,635284533,10271329,91011112,195774,9261959,10195570,95602954,15294419,367065
1635341004.424282,10608158,92430265,655791535,10610171,94109163,201934,9620694,10576944,98668031,15643285,388010
1635341004.524408,10692762,94139147,663093470,10684677,94743359,203289,9713383,10688254,100034637,15907176,393081
1635341004.6245334,10744907,95535105,669771835,10834887,96058199,211571,9768914,10811590,101021193,16084010,391080
1635341004.7246573,10958893,97128558,682489567,10991007,97789171,209287,9823313,10975613,102723561,16406673,393836
1635341004.8247817,11196237,98807687,695863725,11250445,99796948,208375,10217500,11146471,103957553,16565331,410890
1635341004.9249053,11126302,99209389,694563711,11147896,99340700,217503,9904396,11183374,104686523,16596900,405294
1635341005.0250297,10908549,96974427,680728116,10941643,97820005,211572,9772107,10924471,102564166,16379982,395026
1635341005.1251547,11324939,101345431,708440968,11358605,101655855,219990,10084506,11376146,107233024,16929356,417684
1635341005.2252898,11310753,100942094,701872732,11199338,100847323,215867,10011841,11402225,107412865,16978605,406690
1635341005.3254158,11378892,101632519,707885687,11382863,101711351,221798,10048397,11404788,107336959,16936812,411740
1635341005.4255412,11517849,102723795,717206085,11510291,102709846,223786,10175986,11527264,108443765,17135046,414526
1635341005.5256658,11769114,104086914,736003497,11712629,103618031,240263,10421490,11819715,111729244,17662373,432335
1635341005.6257904,11692131,104251449,736505102,11683702,103829136,252282,10430534,11443296,108224958,17148219,394970
1635341005.7259154,11891652,105893475,741716641,11697912,102752110,259587,10517811,11605605,109034141,17331907,414344
1635341005.8260393,11726394,104803979,742710929,11874933,104615532,244397,10573081,11775186,110119461,17535811,422488
1635341005.9261646,11757236,104182175,728962321,11720839,104155990,222915,10511779,11754306,110017561,17555346,430897
1635341006.0262897,11473699,102446973,711483196,11394264,101138690,222629,10133094,11455066,107054554,17071143,413446
1635341006.1264107,11836847,105384100,735087652,11848627,105348676,228178,10735709,11831079,110742687,17628557,429974
1635341006.2265325,11936947,106010546,738567166,11868659,105144206,227294,10564248,11878240,110969182,17743514,437187
1635341006.3266525,11788099,105060337,735105282,11818975,105562772,223857,10322096,13022597,106555838,15772126,428145
1635341006.4267726,11818942,105370387,735635668,11817216,105080868,233893,10767904,11832442,110661607,17610766,430980
1635341006.5268927,11775840,105147088,731348645,11783084,104878645,225278,10457476,11715750,110069235,17580374,423273
1635341006.6270123,11760145,104669824,730486277,11766451,104469608,225580,10446151,11761508,110491954,17528653,432667
1635341006.7271326,11739569,104981399,729970369,11764493,105034928,220843,10321270,11759971,110326593,17530621,420072
1635341006.8272521,11846518,105396170,732926011,11805393,104850192,231295,10626981,11801047,110161012,17585453,428136
1635341006.927372,11815348,105098879,733756147,11809282,104907531,227714,10612313,11770005,110531223,17624779,431775
1635341007.0274918,11527519,102763170,714429214,11493316,102288081,217255,10211809,11457907,107702808,17135000,413651
1635341007.1276128,11876676,105660449,735553969,11892565,104526210,234522,10372178,11785498,110559107,17560158,429573
1635341007.2277389,11682375,104303493,728525873,11733422,103768746,224980,10490097,11683609,109444516,17421128,425587
1635341007.3278728,11822978,104823026,731637566,11806125,104867360,225170,10657580,11731744,110519180,17623664,422249
1635341007.4279969,11807610,105374727,733006566,11804411,105058015,225687,10535125,11803454,110513748,17488048,426261
1635341007.5281188,11824630,105265008,732823249,11839757,105008628,226366,10463852,11754998,110283793,17541910,422688
1635341007.628239,11833272,105680632,733895557,11854186,105111306,223883,10525279,11801627,110458462,17637961,429656
1635341007.7283592,11836197,105334224,733679988,11817381,104659011,219618,10519578,11835956,110751422,17615080,421161
1635341007.8284793,11825424,105120446,733121857,11858395,104897066,231841,10566033,11771181,110785994,17621320,420376
1635341007.9285989,11813046,105347647,733207952,11839146,105242508,224476,10621349,11811009,110844381,17558035,428110
1635341008.028719,11610672,103204729,715837112,11523200,101914708,216865,10292296,11479416,108175667,17224485,413477
1635341008.1288395,11881581,105607735,735658668,11875970,105333217,229696,10675784,11830880,110813708,17661566,435696
1635341008.2289624,11817380,105255283,732180259,11827596,105358125,227813,10617718,11755919,110358052,17545012,425060
1635341008.329083,11808511,105069172,729728753,11801644,105022640,225906,10551453,11730121,110141569,17611043,425376
1635341008.4292037,11976495,105793234,738688657,11961549,105540048,227575,10691907,11863071,111365751,17831696,431214
1635341008.5293238,11795106,105205097,730593015,11745469,104573701,223645,10572001,11756845,110566257,17607593,421493
1635341008.629444,11853975,105224537,733688685,11890845,105429142,230556,10784037,11747854,110295624,17583903,430334
1635341008.7295644,11727472,104816654,727029038,11774320,104943136,227131,10532237,11669408,110345614,17471686,425195
1635341008.8296843,11845839,104956556,732076409,11860335,105417100,222480,10621399,11779305,111009012,17713544,428354
1635341008.9298046,11797140,104491999,736494089,11920496,106003098,232346,10874823,11835328,111587054,17720495,430496
1635341009.0299246,11495714,103074585,718592994,11649589,103253435,224218,10501278,11507859,108280861,16129869,411618
1635341009.130073,11746595,104716284,725658174,11750182,104750439,228609,10586277,11693920,109981650,17478241,424757
1635341009.2301953,11706535,104517622,723495075,11666400,103941898,224888,10388148,11632044,110315564,17478261,422775
1635341009.3303173,11670399,103944088,723161103,11651463,104918737,227134,10574788,11603507,109687774,17404536,423277
1635341009.4304507,11724719,105276676,725614321,11756343,104776646,230404,10516494,11637617,109659299,17419896,426105
1635341009.5305746,11685355,104496556,722578643,11682832,104137173,223944,10397843,11625505,110884011,17517870,424283
1635341009.6306956,11665481,104621672,724595715,11715359,104869529,226485,10520642,11634808,109894674,17419532,426575
1635341009.7308176,11693194,104674035,724702921,11734600,104806803,224075,10502831,11648934,109787503,17413260,422586
1635341009.8309383,11869661,105398286,732160534,11839352,105178305,226252,10737801,11709631,110382087,17623654,442003
1635341009.9310586,11743289,104565893,726441207,11720963,104818030,226320,10327134,11694288,110364420,17505620,424061
1635341010.0311787,11473257,102016112,710630732,11479918,102675178,224258,10361666,11408934,107589104,17114757,411435
1635341010.1313004,11775728,105147705,729421826,11753030,104677421,224572,10603268,11706945,110164513,17596753,427210
1635341010.2314212,11811121,105237118,729881965,11796936,104908114,226814,10386763,11609502,110489992,17590103,427209
1635341010.3315418,11840136,105150548,732609616,11824287,105792339,232327,10919619,11740833,110369550,17641894,427544
1635341010.431662,11819044,104970878,732010507,11847166,105602248,226287,10750129,11744952,110482838,17620642,430937
1635341010.5317836,11785735,105034596,729723498,11826877,105313908,226300,10654400,11704066,109696466,17534396,420167
1635341010.6319044,11878054,105371042,733613387,11883452,105372846,236329,10773557,11775863,110544111,17695214,429804
1635341010.7320237,11832483,105188252,730661669,11796130,104916687,225131,10738351,11708234,110480391,17610083,424812
1635341010.8321438,11790796,104833689,728922249,11771503,105128307,226702,10518271,11694909,110205602,17564458,417985
1635341010.9322639,11870817,105469591,733830080,11917615,105631998,233645,10816680,11782804,110865661,17683234,429999
1635341011.032384,11522895,102562310,713815065,11571792,102935344,222289,10415138,11428659,107577411,17154624,416200
1635341011.1325045,11843340,105196866,731779622,11820788,105165507,227822,10595803,11707469,110270164,17609607,422119
1635341011.2326252,11907138,105418846,734799923,11940424,105806365,230399,10932595,11792708,111308451,17688397,431982
1635341011.332746,11923697,105334703,733624041,11889262,105467909,235988,10661708,11760240,110677777,17677622,429979
1635341011.4328666,11847980,105415478,732094644,11854674,105102748,233628,10693098,11752405,110450038,17628462,426402
1635341011.5329864,11449646,104232257,727025157,11757010,104882459,227784,10548649,11727055,108855693,15500692,418605
1635341011.6331062,11856254,105561126,733683265,11864425,105367396,227717,10847606,11758365,110738845,17645158,427389
1635341011.7332273,11708643,105180012,726730336,11725697,104986758,229659,10465998,11643591,109381962,17489569,426703
1635341011.8333468,11691047,104457734,725392094,11679924,104464434,222987,10562506,11619426,109860754,17513399,426834
1635341011.9334662,11646343,104363477,726955488,11723479,104887257,227499,10443563,11670483,110115142,17531251,422156
1635341012.033586,11483719,102498468,711047863,11466034,102472423,222452,10305867,11373087,107029186,17127784,411366
1635341012.1337056,11715852,104756649,725973909,11694247,104592172,224284,10420297,11654308,109577205,17475448,427227
1635341012.2338274,11665453,104436286,725039440,11660151,104519172,228777,10592564,11656814,109799875,17486253,426922
1635341012.3339498,11674113,104430098,723747030,11674971,104485204,218199,10494670,11628908,109608171,17459770,425076
1635341012.434069,11673823,104454504,725946682,11730775,104936516,230535,10481414,11642589,109376341,17404697,423393
1635341012.534189,11694149,104657879,726448862,11710609,104802106,232608,10436656,11647422,109773711,17466172,429322
1635341012.684593,11722215,104563684,725377902,11684374,104593915,221537,10476730,11639809,110143977,17496195,426640
1635341012.7847173,11695169,104716484,726802889,11700362,104757435,224329,10586448,11665051,110118679,17527404,429061
1635341012.8848372,11652239,104684241,723531488,11668026,104749941,233947,10409652,11634234,109316758,17455310,420651
1635341012.9849584,11700050,104592467,724926538,11702466,104489672,229640,10451312,11671397,110177004,17519434,424335
1635341013.08508,11500806,102541690,714473305,11558550,103072180,222542,10392849,11434801,107270538,17177425,414103
1635341013.1852002,11749436,104692182,726331168,11766802,105258647,227853,10572776,11721452,110113464,17604227,420644
1635341013.2853205,11844836,105261682,732453176,11869560,105663772,229053,10679362,11845338,111067206,17642388,434260
1635341013.3854406,11816786,105172744,729818665,11755915,105089944,233087,10621888,11679437,109686369,17553648,422595
1635341013.485569,11804666,104828809,728820483,11783863,105104537,233131,10680116,11725648,110325630,17639879,423580
1635341013.5856984,11765671,105317556,730896871,11661542,104381888,231737,10523628,11731477,110184118,17696300,426973
1635341013.6858215,11752245,104863462,728408891,11809530,105197418,228957,10568750,11726244,110101032,17571540,425250
1635341013.785942,11874468,105344363,732368865,11872989,105722931,229905,10718836,11749529,110836038,17685009,428094
1635341013.8860624,11856642,105369239,731092240,11879692,105587244,228519,10630281,11772721,110582429,17658805,425199
1635341013.9861891,11751819,104105627,723699712,11716212,104456125,226192,10685407,11672375,109479389,17438929,413682
1635341014.086318,11564424,102770772,715085696,11580739,103138326,229140,10428890,11473700,107998606,17276055,427456
1635341014.1864522,11792359,105142772,727866284,11805663,105280398,224756,10626316,11721839,110184094,17542262,422179
1635341014.286581,11818995,105051831,728815108,11730718,104696602,229202,10580783,11769471,110349742,17638247,432744
1635341014.3867066,11885347,105482344,731636369,11872770,105401157,234172,10828607,11810736,110818667,17652318,426061
1635341014.4868326,11908961,105251842,735800839,11949450,106044524,238643,10808816,11832543,111162247,17778418,428006
1635341014.586958,11858696,105749802,732988443,11889742,105786067,235680,10726779,11784543,110575594,17635048,427690
1635341014.6870828,11929475,105449855,732249520,11961615,105617615,222677,10824017,11793329,110814998,17733231,421548
1635341014.7872074,11799389,104892973,730894691,11860793,105998836,233046,10578031,11789631,110584066,17629574,437529
1635341014.8873327,11771581,104865496,728496682,11797451,105001295,246041,10635502,11793259,110833051,17628682,424826
1635341014.9874582,11799867,105420250,730132477,11829568,105298846,226335,10547914,11739194,110178342,17571759,423060
1635341015.0875835,11493500,102572755,713307445,11521665,102805481,224318,10377456,11463117,108294351,17222531,423227
1635341015.1877162,11797700,105176715,729847685,11812817,105526309,235551,10561784,11723567,110166792,17559639,424401
1635341015.287845,11788165,105352766,728846638,11799058,105338480,231674,10684719,11692843,110403693,17578995,429425
1635341015.3879704,11711558,104856312,725992899,11747699,104880064,227921,10552591,11700465,110164023,17534115,422044
1635341015.4880955,11689116,104463431,723895223,11688726,104762935,225510,10429799,11654162,109988603,17466824,417053
1635341015.5882204,11684276,104538919,723835510,11703140,104976025,228725,10364193,11643038,109630259,17507452,421093
1635341015.6883755,11712738,104486633,722662831,11688149,104426506,230578,10495630,11659005,109772366,17442502,418547
1635341015.7885027,11767726,105293474,729418891,11818209,105196047,223762,10517400,11714176,110265430,17586402,428455
1635341015.8886244,11849990,105513440,730418009,11714665,105157291,225588,10662818,11682900,109834524,17591235,417930
1635341015.9887447,11732006,104888082,727227737,11805275,105332547,232999,10532793,11733800,110248322,17568626,432200
1635341016.0888662,11438807,102302589,709679748,11494856,102664717,219662,10274257,11431753,107629646,17158888,412836
1635341016.1889882,11688536,105099525,723959363,11680567,104499663,227055,10323040,11671845,109626154,17439482,416708
1635341016.2891135,11656094,104558531,723413047,11685635,104771458,229260,10317504,11636850,109944404,17500454,422116
1635341016.3892348,11649893,104474032,723756755,11649305,104858860,229935,10406565,11647575,109705852,17395715,416620
1635341016.4893556,11697069,104735782,724458561,11746853,105106159,228379,10269745,11627122,107788768,15864444,416627
1635341016.5894754,11694284,104798476,724766569,11677382,104600615,223439,10316438,11651487,109930225,17495982,418634
1635341016.6895964,11690067,104414372,725830353,11606115,104454822,226940,10380289,11690859,110261917,17562455,421598
1635341016.789716,11651570,104611038,724210106,11690482,104892725,229244,10441003,11659950,109642787,17407344,423703
1635341016.8898354,11729498,104584193,725593069,11726561,105010417,227912,10407986,11645008,109964819,17545497,420787
1635341016.989956,11765424,104864946,726189831,11716265,104882037,224616,10414435,11661796,109553486,17511496,423759
1635341017.090073,11452801,102439580,712809262,11508339,102827784,225447,10159273,11450640,107929137,17164641,410947
1635341017.1901946,11761382,105088729,726928090,11718377,104951749,229691,10485243,11678491,109928093,17520817,418765
1635341017.2903163,11747338,105010089,726552379,11745154,104555920,227094,10237897,11672699,110059321,17494194,421575
1635341017.3904374,11770535,104814709,727471361,11753147,104772292,227898,10567339,11695279,110432519,17585740,428129
1635341017.4905574,11842468,104091007,729444131,11700777,105290904,238952,10691432,11760833,110767332,17654841,427115
1635341017.5906804,11822373,105345643,731338176,11871201,105595550,227187,10594949,11774069,110251264,17661083,426695
1635341017.6908014,11788724,104883421,728587480,11766627,105181145,227725,10558064,11739232,110419002,17576560,424399
1635341017.790923,11746335,104512390,723535800,11722949,104948827,225088,10473288,11643659,109659179,17447263,422535
1635341017.8910441,11766360,104774742,725987449,11705365,104666820,225355,10411139,11601709,110366235,17573997,417928
1635341017.9911659,11727445,104667538,724872731,11700884,104859188,226858,10518575,11689491,110348321,17491592,422548
1635341018.091287,11491428,102083443,712287018,11431069,103153948,224911,10283049,11383272,107414583,17137374,420518
1635341018.191408,11826185,105621460,732673082,11888663,105758360,228750,10685805,11722997,110175467,17590266,429410
1635341018.2915297,11754911,104729052,727603209,11738434,105223000,228893,10435861,11677490,110064435,17553349,420452
1635341018.391651,11794079,105039522,728794339,11768192,105036969,226597,10617197,11766318,111024841,17642004,421601
1635341018.491771,11844240,105226542,731108822,11830210,105436402,238405,10828997,11786238,110684521,17580299,424475
1635341018.5918932,11745224,104807922,728251261,11813590,105724644,228244,10597542,12455943,108459332,15799698,430723
1635341018.692015,11721842,105226279,727781388,11757145,104910278,228715,10478138,11670093,110025853,17503874,425313
1635341018.7921343,11771949,104782114,727482419,11759677,105082191,229648,10565304,11687131,110352732,17653816,423227
1635341018.8922548,11746733,105107682,727521031,11727215,104919689,223674,10627728,11713759,109966207,17540816,427368
1635341018.992376,11742462,104914933,728039390,11778939,105248313,228298,10477946,11698287,110186462,17593711,422035
1635341019.0925198,11573326,102427630,714081149,11525277,102940468,221194,10433881,11482081,108113708,17230849,411337
1635341019.192648,11871794,105712475,734574171,11912166,105825905,230463,10817180,11756679,110587311,17722055,436171
1635341019.2927701,11711586,104919524,726866773,11779944,105276533,228436,10525946,11615340,109406134,17445793,419920
1635341019.3928912,11833921,105342874,731999519,11892374,106163647,230033,10737283,11764440,110487570,17576263,426256
1635341019.493012,11993331,106026151,736280906,11924377,105755025,233270,10862124,11801822,110990661,17736687,432333
1635341019.5931346,11842237,105563834,733041131,11885001,105836055,234850,10675038,11768283,110746203,17667482,425924
1635341019.6932554,11891604,106076419,736139968,11512080,102097476,227180,10274004,11816885,110944076,17742714,427970
1635341019.7933936,11664528,101931030,736674349,11461905,106212330,230527,10703989,12264471,108966282,17069774,429210
1635341019.893517,11801802,105627665,732874928,11841971,105497593,227876,10679547,11783162,110755673,17623429,429581
1635341019.9936397,11681198,103369831,737703208,11748370,106434235,236868,10670367,11855239,111618560,17737195,429489
1635341020.0937614,11611242,103334607,718690651,11678721,103268566,230135,10507364,11515823,107560196,17300538,418840
1635341020.1938846,11875346,105464617,735628744,11897538,106063334,231607,10842083,11810684,110659286,17736296,429237
1635341020.2940059,11673780,104086004,724722821,11739099,104349703,228950,10635114,11809364,107370303,17054734,428461
1635341020.3941271,11772288,105036417,730032088,11758330,105142160,235162,10487576,11663735,109800079,17596516,424316
1635341020.494247,11852340,106110864,732394552,11742430,104858361,234134,10671894,11743984,110339796,17625925,427810
1635341020.5943677,11654891,105032960,730391787,11704862,104889587,231833,10558459,11735544,110249742,15446085,417458
1635341020.6944885,11731173,105155255,729132390,11739527,105152880,235840,10370063,11684422,110143830,17490036,425133
1635341020.7946086,11803510,105212152,731790882,11813396,105436755,238801,10498505,11752355,109327081,16573822,425306
1635341020.8947294,11800091,106087760,732588807,11819312,105132849,233879,10546856,11737496,110172486,17604466,423921
1635341020.9948502,11794155,105254641,730644301,11817188,105610580,232098,10611068,11698936,110103657,17624801,424153
1635341021.094972,11579426,102935375,717264030,11600979,103651852,225473,10461025,11421685,107446135,17145598,416221
1635341021.1950958,11736302,104706510,730633675,11788573,105477896,234111,10483234,11701344,109545315,17527841,423405
1635341021.2952216,11795323,105232268,730790343,11803919,105181955,234659,10505379,11751660,110180002,17609193,425502
1635341021.3953524,11671105,104130352,726224574,11721770,104755497,231663,10397066,11618333,109872422,17516781,422036
1635341021.4954772,10851706,97789301,710940190,11474535,101989901,225899,9892324,12642494,100616125,15764516,407052
1635341021.5956073,11822234,104899550,729458811,11802937,105051083,239891,10473694,11702274,109639443,17531597,421954
1635341021.6957383,11760643,104814117,728471138,11749520,104824873,225710,10602469,11697791,110321288,17568208,423400
1635341021.7958632,11757827,104980076,728242302,11746138,104893387,236316,10639027,11699872,110293872,17564210,425261
1635341021.8959968,11722415,104635772,727665556,11740355,104896086,230919,10570747,11661485,110029009,17511688,424585
1635341021.9961283,11826552,105119327,732014122,11851500,105503179,231190,10629394,11724217,110036709,17576675,425700
1635341022.0962553,11515776,102613048,715033336,11548798,102643918,226560,10473142,11457840,108081561,17200402,412996
1635341022.1963933,11680725,104320225,724562137,11667721,104581676,231171,10395727,11597433,109652188,17457134,423254
1635341022.2965202,11761194,104888630,728693788,11786492,105348345,231898,10546137,11679661,109879184,17553298,420803
1635341022.3966453,11794631,104742164,729132059,11796031,104819426,237184,10676879,11737628,110623805,17610960,425849
1635341022.4967701,11746854,104709342,729501131,11756866,105249529,230421,10526728,11694036,110585810,17518844,424998
1635341022.5968957,11742834,104921627,726721114,11735296,104671615,238257,10420423,11693152,110171399,17482732,421597
1635341022.6970215,11799252,105399006,731819655,11796616,105012853,236988,10570514,11710047,110741831,17633325,425169
1635341022.7971458,11704913,103870190,725350509,11718311,104854571,228125,10470227,11644353,109827004,17467437,416663
1635341022.8972714,11748300,104846532,728707147,11765593,105457927,229777,10557209,11683759,109045812,17446114,422225
1635341022.997396,11654527,103754464,721083870,11630212,103021773,234187,10502667,11590601,108751187,17342754,418742
1635341023.097521,11967278,106209387,741196151,12011157,106386787,236360,10858658,13943566,105011297,17413136,434208
1635341023.1976616,11774198,106455393,741677354,12005528,105342469,224610,10289435,12520058,109047731,16515843,429520
1635341023.297794,11713476,104796047,724175723,11694084,104604624,231497,10423720,11613365,109396200,17514439,419550
1635341023.3979204,11736814,104806367,727875114,11743805,104968598,229269,10558374,11677628,110060337,17543948,423994
1635341023.4980462,11753878,104445204,729051694,11772421,105304202,228707,10418439,11691327,110018108,17569943,423536
1635341023.5981705,11735843,104744381,726688901,11759842,105302146,232420,10583054,11623271,109647042,17475131,421858
1635341023.6982956,11789363,105256640,731529492,11818097,105320766,233628,10682644,11799058,110379192,17627822,427530
1635341023.7984207,12076909,107378107,747296510,12089367,106635933,224993,10037227,13815701,102800170,14661301,433293
1635341023.8985453,11813177,105322066,731841953,11826224,105357120,231720,10362419,12699674,107342857,17101605,426026
1635341023.998676,11476597,102530983,713522179,11537654,102937920,226148,10337037,11437538,108164437,17287060,416650
1635341024.098806,11730882,104771580,728027158,11775318,104935272,230550,10382640,11693556,109935543,17586389,423664
1635341024.1989443,11743176,104619169,727585249,11728623,104372195,231300,10582012,11703042,110164804,17589147,419296
1635341024.2990723,11750934,104565803,730064682,11786411,105303187,235212,10595657,11771377,110734179,17626145,425332
1635341024.4493034,11815807,105281016,732461026,11844479,105584972,229529,10662916,11722590,109851844,17561605,427062
1635341024.5494304,11694122,104456280,724543780,11709500,104614102,231027,10455823,11678508,109537209,17464761,421762
1635341024.6495576,11747749,104888132,727544686,11750798,104765504,232533,10539787,11690315,109776780,17526893,421429
1635341024.7496831,11799140,104936135,730456550,11806531,105068987,236963,10702284,11707613,110097752,17617977,425745
1635341024.8498082,11876032,105429796,734537218,11858773,105513874,234985,10749926,11843136,110897254,17659378,430636
1635341024.949933,11788168,104945373,729507237,11830712,105107802,233785,10688227,11749882,110623009,17637014,424151
1635341025.05008,11546332,102348459,714050003,11502385,102549379,227823,10424949,11457327,108322670,17212776,412241
1635341025.1502106,11809009,105043712,731823681,11852463,105514156,236222,10609303,11771775,110432533,17605178,428510
1635341025.2503421,11829039,105180934,731548304,11842018,105400543,230215,10717439,11721334,110399986,17570288,427588
1635341025.3504703,11841920,105462238,732979531,11836879,105577706,236883,10655401,11688921,110132130,17609239,421972
1635341025.4505951,11825143,105184029,731481256,11815669,105351216,231968,10712516,11750665,110708030,17615894,421400
1635341025.5507205,11815772,105417179,732071686,11813416,105786331,232930,10672892,11725568,110252176,17585730,425563
1635341025.6508462,11821797,105398330,731417649,11830459,105320652,233314,10693987,11753953,110382261,17577462,430098
1635341025.7509713,11833526,105036675,732042109,11849019,105444368,236731,10791811,11794579,111021290,17653205,422518
1635341025.851096,11729977,104518442,727406252,11765263,105324230,229934,10478518,11688739,110676124,17541225,421691
1635341025.9512212,11717009,105080569,728940331,11723633,105128242,234813,10521118,11659993,109331466,17501486,424522
1635341026.051358,11307850,101096144,716450710,11589775,103352754,227047,10354479,11464955,107567301,17182185,415212
1635341026.1515007,11561908,102059706,740599291,11622080,105327669,235123,10673267,11839023,110904134,17690085,426574
1635341026.2516332,11763898,104892351,729324859,11787854,105224581,229393,10672028,11741133,110241759,17595859,419237
1635341026.3517606,11783202,105362566,731716406,11827407,105155859,238116,10652116,11726894,110493786,17606950,428140
1635341026.4518874,11835656,105265835,732808494,11802087,104995287,233347,10725185,11735837,110803867,17687359,427603
1635341026.5520127,11808940,105180752,730774207,11848274,105137278,234389,10666357,11723100,109997817,17632680,425163
1635341026.6521387,11769426,104905641,727184675,11769473,104907057,232183,10476994,11659715,110122864,17514609,421137
1635341026.752265,11744924,104816119,727955781,11757461,104986474,232699,10577225,11696461,110401845,17564626,428942
1635341026.852393,11823134,105418958,731439412,11825674,105313442,240439,10612082,11743275,110749900,17611126,429145
1635341026.9525192,11883922,106000154,734971978,11874899,105312953,230733,10847923,11734753,110597878,17693838,430084
1635341027.0526445,11556166,102765965,715674918,11591668,103009248,222338,10500632,11434749,107737304,17293590,412692
1635341027.152776,11816051,105321665,732649118,11851387,105426275,231353,10646695,11710545,110338851,17602836,429536
1635341027.252908,11744783,105005078,732988239,11861629,105262285,229503,10703301,11726132,110555289,17731281,423404
1635341027.3530338,11739914,104372316,727320732,11756431,105202675,228325,10499815,11644030,110021436,17556756,425082
1635341027.4531581,11809802,105028218,729359535,11787038,105080310,220423,10693285,11723239,110440854,17515003,419850
1635341027.5532844,11824603,105391522,733353724,11890385,105410769,226616,10824397,11692693,111058644,17651916,428852
1635341027.653411,11904898,105633771,735986462,11900565,105694371,231038,10909048,11779448,110754768,17719639,433076
1635341027.7535362,11896709,105322501,734393366,11861631,105513531,225602,10704773,11668052,110403782,17701939,422302
1635341027.8536634,11759938,104916242,729871683,11816367,105374581,232607,10689063,11546460,109736415,17518767,424744
1635341027.9537892,11872767,105184996,734004565,11866790,105471829,228989,10541517,11725105,110413934,17667847,424086
1635341028.0539145,11516785,102159952,714648877,11593654,102912404,221565,10448561,11391519,107727007,17277213,416755
1635341028.1540513,11805316,105256830,732003662,11820612,105422583,225815,10683124,11662916,109941871,17569691,428153
1635341028.2542074,11873481,105952201,735356928,11869253,105593554,233501,10845366,11694226,110272150,17550311,428477
1635341028.3543396,11928713,105247131,737341193,11805658,105596789,229226,10735111,11801767,110828470,17731721,428056
1635341028.4544663,11827905,104985778,732505320,11871488,105326138,226593,10769964,11677890,110310782,17634526,430455
1635341028.554592,11791362,104784181,729865831,11791996,105389625,228196,10553911,11623545,109809779,17507783,418224
1635341028.6547167,11807126,105141408,730681289,11803503,105675249,231510,10678535,11703436,110172032,17604628,425220
1635341028.754842,11723337,105082202,728324085,11757887,104973343,230181,10503480,11581032,109455878,17468852,423576
1635341028.9550936,11799597,105164102,732234148,11835240,105235695,230447,10405353,5083342,110872947,17679399,428553
1635341029.0552197,11556332,102725459,716690645,11599922,102841991,219375,10500665,11475616,108047409,17253977,418386
1635341029.1553555,11845293,105238995,732671202,11869513,105661670,226326,10666545,11673072,110287704,17637178,422283
1635341029.255489,11821728,104797793,732567602,11827979,105454810,230187,10758346,11744089,110582287,17703150,424398
1635341029.3556159,11831168,105351494,732377478,11849356,105298973,230208,10510657,11643566,110022783,17635479,429728
1635341029.455741,11823513,105015700,732108328,11835038,105769326,234253,10774768,11747714,110614358,17612774,428909
1635341029.5558667,11951924,106198120,736154222,11917802,105920406,227639,10766106,11695316,110300368,17647734,426244
1635341029.6559963,11866766,105226896,732960986,11855946,105091527,226998,10858559,11725767,110666432,17680301,425633
1635341029.7561212,11822556,105070035,732012759,11830868,105238548,228737,10739621,11591703,110709443,17594022,430591
1635341029.8562462,11798937,105126680,731576665,11821424,105167224,222707,10827380,11674734,109856196,17427357,426572
1635341029.956372,11773065,104966436,729672957,11793754,105210951,226370,10588762,11613825,109687243,17457955,423028
1635341030.0564969,11483928,102564373,715845020,11561074,102873544,232643,10534667,11453165,108294266,17190593,417906
1635341030.1566331,11782523,105198291,731012597,11839152,105706715,223260,10699774,11619496,109697154,17498854,426938
1635341030.2567663,11832981,103729457,728878942,11752603,105169867,228489,10584913,11611421,109728848,17488973,421554
1635341030.3568912,11864464,105404780,734473800,11834681,105037553,227801,10813721,11689894,110516441,17435328,425941
1635341030.457018,11835139,105458557,733397334,11859799,105487424,237056,10724591,11566184,108031495,16564942,426721
1635341030.557143,11728154,104691558,728753568,11775942,105441810,222076,10583306,11632257,110166957,17483374,425718
1635341030.6572692,11616858,104865157,732065789,11851878,105590547,230656,10708615,11715496,110265482,17648411,426714
1635341030.757394,11807996,105062344,731270083,11853484,105458235,229439,10684161,11727322,110571283,17219217,431229
1635341030.8575187,11816127,105247607,731869660,11834772,105548150,230030,10614852,9862915,108654194,17477073,430173
1635341030.9576435,11861932,105513169,732941637,11888462,105471683,228226,10730183,11782508,110670531,17615727,431527
1635341031.057768,11496813,102719155,714165214,11506936,103090389,224648,10458968,11450390,107640656,17063306,433902
1635341031.1579044,11801354,105076557,731666719,11847840,105297471,236211,10745901,11747132,110657735,17542099,434669
1635341031.2580378,11806611,105267719,730725430,11838389,105707735,224585,10699147,11691234,109907355,17324202,438045
1635341031.3581636,11898088,105649375,733320980,11882753,105682965,224240,10831561,11776684,110797723,17551642,442704
1635341031.458289,11820604,104934607,730628127,11810239,105358395,230916,10748180,11742336,110640226,17504811,430899
1635341031.5584142,11924630,106078772,738868789,11452014,103029405,234020,10801836,12365231,109970104,16768817,442948
1635341031.658547,11789698,104778075,727958366,11826324,105303462,226419,10604897,11732280,109627124,17482611,426133
1635341031.7586713,11812637,105084031,731154005,11810625,105312027,226858,10617039,11706589,110046462,17450918,431465
1635341031.858797,11815266,105257176,733148169,11893910,105780414,234807,10860919,11777742,110334683,17454669,436182
1635341031.9589221,11819303,105277667,731309198,11844176,105626519,223907,10762793,11698967,109799698,17446371,433731
1635341032.0590467,11558241,102723053,713904014,11560674,102858099,221473,10426205,11512707,107621511,17142361,425388
1635341032.159178,11826044,105431813,732046879,11838666,105258763,229095,10837671,11749319,110183212,17553522,437686
1635341032.2593083,11848634,105088979,732683003,11868529,105680874,228405,10749364,11797878,110667327,17480976,435029
1635341032.3594522,12065881,106895911,743887069,12038144,106192754,227587,10803143,12941080,105612367,13987076,435590
1635341032.4595845,11856366,105394684,734245106,11879362,105629018,232500,10774352,11749160,110074548,17555431,429962
1635341032.559712,11867699,105277141,732786682,11891289,105481265,227766,10851519,11796339,110872512,17644530,431032
1635341032.659836,11854381,105402486,732348514,11857728,105543036,231988,10794468,11738324,110377574,17517418,443384
1635341032.7599611,11866960,105542862,731260942,11848737,105153345,226160,10714991,11654770,109543006,17529385,435991
1635341032.8600826,11891311,105434115,732450297,11831326,104980158,222603,10787067,11733940,110533807,17615519,433181
1635341032.9602063,11856035,105420145,733779241,11867206,106024088,231699,10851342,11746290,109718515,17571256,433826
1635341033.060332,11615720,103184002,716389221,11583699,102912089,220764,10460429,11428456,107585904,17123785,429438
1635341033.1604662,11779931,105243697,728965897,11759162,104785883,224896,10532304,11682519,110061419,17520967,430008
1635341033.2605982,11753443,104662760,729303610,11803025,105395909,225302,10578303,11716250,110143187,17546836,429966
1635341033.3607237,11807394,105081308,731050246,11858827,105441508,230659,10800649,11714250,110329298,17532996,437434
1635341033.4608486,11761648,104829416,728450627,11755575,104901213,232432,10637034,11684417,109962089,17412054,432788
1635341033.5609746,11745388,104768842,728394015,11721960,104610590,225303,10691660,11641479,110027477,17475341,429375
1635341033.6611009,11826870,105029636,731216891,11819179,105022104,220171,10817294,11761859,110429604,17529312,432326
1635341033.761226,11789183,105236029,731650592,11867447,105335111,230237,10833502,11756337,109841207,17576940,436283
1635341033.8613517,11752644,104791183,727317589,11738179,104581177,230336,10602128,11653923,109582071,17479830,431032
1635341033.9614758,11894665,105444559,737325046,11924093,106226726,230647,10871419,12155472,103874827,10759147,423052
1635341034.0616105,11491745,101937336,711784745,11501211,102853337,214939,10361470,11455907,107352260,17062613,418867
1635341034.161748,11797601,104617064,730137417,11883652,105893490,234350,10680776,11713468,110102851,17523970,429759
1635341034.2618809,11859115,105088593,731472469,11854837,105069308,227713,10758577,11733909,110473403,17559428,436183
1635341034.362008,11856111,105300971,732724056,11867214,105305240,226750,10737081,11726035,110593828,17539843,439265
1635341034.462144,11845936,105000517,733149627,11726079,104792691,232661,10709662,11806725,110574920,17598433,427791
1635341034.5622795,11818446,105074568,730496502,11812265,105674963,224098,10710363,11743687,109969856,17585911,428876
1635341034.6624074,11812236,104856663,730762035,11844604,105262278,226477,10870222,11750304,110668357,17623519,427597
1635341034.7625322,11785507,104941974,729942104,11801565,105256195,229906,10709772,11668958,109481560,17456353,442691
1635341034.8626573,11861747,105314078,733383895,11857187,105425556,224219,10741260,11810074,110952886,17620208,434267
1635341034.9627824,11853354,105455638,732819825,11838093,104794025,230474,10788622,11741756,110513463,17591521,430481
1635341035.0629075,11556474,102870617,716641660,11586485,102872094,222532,10524203,11459560,107900340,17126772,426551
1635341035.163046,11757049,104882437,729385724,11781674,105279648,229283,10637480,11698666,109959990,17445534,439821
1635341035.2631757,11751857,104539599,727502022,11785140,105118135,231858,10653050,11677809,110339848,17479804,428518
1635341035.3633003,11831533,104916071,730805488,11810507,105122558,225089,10724240,11737094,110323660,17581995,433054
1635341035.4634256,11904765,105516423,734378961,11896955,105570595,228744,10837254,11750879,110120687,17516689,441634
1635341035.5635505,11782251,104951122,729575989,11808439,105107327,227101,10645675,11672061,109570230,17500470,436636
1635341035.663675,11820639,105083389,731918229,11826555,105284914,238784,10738187,11709151,110480454,17567266,435272
1635341035.7638,11764288,104448229,727904511,11795114,105280278,221664,10688981,11721294,110476664,17570783,427206
1635341035.8639243,11835833,104802014,732093843,11870438,105443796,230592,10795329,11721891,110540982,17545773,437319
1635341035.9640489,11858126,105289568,732854656,11861232,105248603,226613,10743490,11715165,110509607,17638416,426932
1635341036.0641744,11482293,102623383,712898520,11498396,102724050,220090,10325407,11390626,107281298,17035519,421329
1635341036.1643054,11775246,104741707,728287033,11783029,104994177,228955,10637710,11710326,110250434,17520435,431609
1635341036.2644343,11777554,105130303,728699431,11805053,105122006,223779,10649019,11654405,109759207,17342919,435403
1635341036.3645606,11845358,105351806,732036281,11813916,104955451,225321,10717502,11700976,110127178,17520600,432635
1635341036.4646873,11836592,104922483,731032132,11834098,105279688,230215,10827191,11740446,110518228,17524142,433787
1635341036.5648134,11649917,104688784,726782766,11720950,104780662,228635,10455553,11586242,109154040,17409381,426356
1635341036.6649387,11719803,104811379,729722082,11785430,104924558,226400,10662364,11665715,109561403,17431850,431604
1635341036.765064,11787846,104451263,729204987,11785650,105099417,218168,10698414,11697692,110218846,17595439,432613
1635341036.8651893,11792779,104754231,730785318,11813862,105162151,231839,10711053,11727759,110280861,17510998,431341
1635341036.9653146,11564044,103901562,727525070,11776030,104995325,224277,10605880,11650322,109231511,17478705,427173
1635341037.0654397,11544164,102578573,713858502,11518425,102805231,217784,10402880,11407881,106653341,17061007,424206
1635341037.1655746,11713631,104004916,726653396,11714164,104919836,226889,10350975,11679843,109682724,17428764,425485
1635341037.2657058,11645641,103984998,722457660,11676809,104711618,226347,10499245,11615638,109408563,17335777,431877
1635341037.3658319,11768904,105011668,729857575,11802307,104835592,219296,10720951,11751370,110411077,17419576,437296
1635341037.465957,11857746,105079601,732423014,11871734,105300491,226833,10786933,11728136,110010736,17513629,436168
1635341037.5660825,11859540,105226503,731395348,11824197,104624711,220813,10826178,11736605,110377005,17632201,432485
1635341037.6662073,11790480,104912904,731019779,11775988,104774096,228739,10760315,11735554,109957189,17504978,426910
1635341037.7663314,11905689,105675253,733831751,11851199,105123869,233890,10699335,11720359,110382946,17569646,451998
1635341037.8664553,11846316,105369298,731795274,11857746,105102534,206732,10660621,11727468,110327759,17586029,429491
1635341037.9665756,11766334,104335509,726153677,11774038,105224078,228179,10553614,11696731,109993385,17465624,427286
1635341038.0666947,11583284,102312572,714291288,11544951,102863787,223386,10486196,11470663,107971610,17042024,452187
1635341038.1668184,11786868,105089622,730006382,11812159,104766124,226649,10552616,11764626,110615785,17589010,432054
1635341038.266939,11828182,104871008,730974570,11864111,105771180,227243,10861299,11774310,110311545,17553488,429560
1635341038.3670585,11805863,104911497,729963824,11810712,105765803,230690,10695747,11734443,110204090,17510065,430210
1635341038.4671779,11782587,104945737,728717715,11783092,105033732,223106,10600167,11656586,109665779,17519739,425583
1635341038.5672977,11476473,102684428,734409019,11748306,105610358,224902,10290864,12357018,109302571,17752809,416180
1635341038.667428,11705409,103858299,722463091,11596771,104456061,218239,10419002,11625813,110252617,17452145,440225
1635341038.76755,9007717,81006876,563139066,9064421,79127708,171712,8046469,8983191,85467126,13530868,353511
1635341038.867672,6381535,55351522,393427192,6355874,55045620,128833,5690972,6242645,57606727,9423094,239680
1635341039.067913,5560151,52188895,8364931,221527,2999774,25061267,189634468,3157501,27641187,58631,2959961
