1635290216.8087852,3135388,31243300,228805872,3492505,29563146,36375,1122848,3313743,33121377,4835715,130357
1635290216.9091277,3144985,31176072,228175332,3184699,31009121,55966,2916598,3116537,31375564,4716297,134727
1635290217.0092864,3048504,30658116,228198713,3242648,30756982,63965,2572903,3094725,31543187,4628725,107662
1635290217.1595623,3186418,30933466,228239644,3156211,30231694,58955,2526144,3108296,31124708,4798338,142865
1635290217.2597237,3201204,30657693,228183614,3101578,30299304,61518,2190119,3152245,31382215,4695688,139925
1635290217.3599107,3171620,30818418,227916707,3152857,30739020,62587,2223112,3060863,31495260,4735936,133922
1635290217.4601178,3199353,30988007,228182840,3187450,30405581,61026,2102281,3264898,31054198,4695902,143240
1635290217.5602863,3296772,30078416,228099555,3100831,30603454,62038,2349954,3153765,31254035,4714705,117844
1635290217.6604528,3065365,30465610,228079802,3193900,30248228,61360,2244494,3066893,31481817,4712381,125156
1635290217.7606316,3206015,30717417,228035986,3250988,30543308,59782,2210742,3231867,31385958,4732589,154631
1635290217.8608305,3222748,30659657,228147673,3186474,30286693,59304,2272803,3137234,30997992,4635707,149071
1635290217.9610012,3261363,30449712,228021369,3128248,29869024,63733,2482798,3228363,31169452,4689398,156963
1635290218.0611713,3353645,30475591,228084898,3124153,30969707,59857,2109866,3097476,31088772,4724219,141148
1635290218.161354,3317241,30535751,228008517,3050898,30472538,60423,2298095,3143540,31350850,4652726,133233
1635290218.2615268,3223024,30804180,228107192,3234013,30297067,58532,2210334,3149788,31399939,4624403,129344
1635290218.3617067,3177657,31190420,228154048,3148673,30145020,58208,2252061,3119025,31383765,4669229,144007
1635290218.461876,3093138,30646019,228104533,3230899,30329786,59656,2231795,3196245,31363488,4657388,151866
1635290218.5620518,3278566,30892358,228173645,3247796,30122148,61107,2109299,3259205,31486106,4795012,145718
1635290218.6622367,3045914,30781511,228126314,3243835,30296703,60864,2136359,3172335,31558948,4688002,159916
1635290218.7624137,3050848,30851278,228107887,3257109,30286313,59584,2245149,3128325,31310267,4901344,131488
1635290218.8625846,3203400,30758202,228090405,3258369,30411013,58389,2159202,2963248,30679462,4687893,164169
1635290218.9627614,3154467,30796405,228050051,3260759,30341774,59921,2275955,3289939,31476842,4693865,152796
1635290219.062943,3158675,30939189,228115119,3229870,30210248,56289,2075678,3282001,31558320,4702594,147643
1635290219.163119,3026463,30550179,228200177,3233005,30345549,61408,2377240,3154845,31287301,4626630,163349
1635290219.2632835,3095534,30575656,228178632,3193326,30189535,59621,2373867,3090522,31515696,4648304,129931
1635290219.3634803,3300248,30716073,228200719,3140680,30258771,58588,2218654,3179996,31378652,4633552,143081
1635290219.4636595,3244569,30485659,228120306,3140710,30397466,60099,2252942,3187527,31217847,4755668,155070
1635290219.5638428,3218278,29948804,228061351,3126009,30449009,60908,2279714,3181687,31152447,4731939,157745
1635290219.6640172,3301467,30783075,228173279,3247039,30395872,60643,2066706,3320212,31635901,4798963,149656
1635290219.764193,3014046,30654369,228185172,3256382,30363941,59531,2415987,3129949,31335415,4732056,156152
1635290219.9645512,3194250,30511046,228123725,3234875,30474240,59863,2179937,3033491,30940276,4757320,163612
1635290220.064739,3213925,30619831,228166779,3253614,30321291,58813,2223915,3346174,31204341,4707999,159137
1635290220.1649263,3085184,29689739,228039142,3201375,30182832,61930,2386370,3118421,31301055,4665775,155354
1635290220.3652782,3069631,31027460,4648722,158596,3000067,30657009,228049126,3322821,30051118,61224,2080699
1635290220.4654553,3160430,31101445,4758871,160360,3317042,30266106,228039368,3086797,30602958,59268,2228939
1635290220.5656404,3134627,31478211,4655976,142609,3225593,30267996,228074518,3223601,30533246,61160,2244168
1635290220.665822,3114722,30941011,4686074,163672,3235375,30857218,228105410,3249356,30358864,59056,2227839
1635290220.7660053,3013677,31028938,4866703,144284,3229418,30473770,228098155,3242466,30388015,59615,2062104
1635290220.8661907,3206518,31003374,4715358,160244,2992427,30479017,228211925,3258571,30405225,59087,2394278
1635290220.9663725,3148071,31228084,4649133,144934,3471349,30655585,228160422,3258344,30418786,63398,2272206
1635290221.0665603,3269235,30646846,228122548,3232056,30733032,61855,2287893,3091812,31158418,4817611,152382
1635290221.1667435,3274464,30372820,228091441,3272417,30757198,60394,2238896,3463416,31137831,4734899,154560
1635290221.2669058,3264043,30380665,228026104,3215262,30732351,60620,2217708,2979999,31129567,4780066,156564
1635290221.4672685,3246696,31213695,4762892,160076,3381059,30379615,228136675,3270529,30391477,58907,2373080
1635290221.5674546,3225017,31102487,4684727,143516,3342443,30393034,228067544,3255635,30507420,60527,2361679
1635290221.6676254,3143187,31111735,4615630,148931,3203825,30716143,228110193,3224389,30357383,58513,2244687
1635290221.7678068,3191430,31203384,4482034,154863,3278538,30395959,228205107,3166413,30448723,57388,2276405
1635290221.867992,3230717,31364621,4749741,173099,3086653,30562398,228264507,3292948,30521337,56313,2413570
1635290221.9681728,3163612,31192092,3534732,155829,3469275,30961177,228099451,3283083,30618227,57029,2381825
1635290222.068351,3087401,31258739,4716628,151017,3424093,30696010,228282157,3279392,30420616,59022,2352616
1635290222.1685402,3320566,30303766,228156116,3222084,30522953,57539,2237300,3139057,30853816,4529922,157075
1635290222.2687287,3168802,30383908,228063604,3197915,30538100,57844,2368809,1931465,31205985,4692532,161114
1635290222.368913,3199309,30486570,228130501,3254415,30479221,57833,2401842,3405541,31558671,4721813,169405
1635290222.5692785,3234412,31511916,4759793,168613,2968419,30480748,228121208,3277406,30384000,56376,2267018
1635290222.669467,3257194,31483252,4855208,166372,3209271,30813726,228212422,3365278,30972198,57810,2245551
1635290222.7696512,3261081,31538148,4833308,163120,3239394,30311768,227996234,3050549,30306551,58076,2279456
1635290222.8698332,3176815,31490036,4766101,157779,3255358,30419848,228181594,3289719,30698849,56851,2328784
1635290222.9700425,3336134,31384915,4655249,173035,3035338,29527432,228036626,3257069,30646923,58294,2094491
1635290223.0702238,3300039,31541435,4778859,173360,3680985,30406973,228143397,3286861,30402156,58741,2362467
1635290223.1703978,3154557,31353202,4800181,158512,3411209,30589452,228138127,3294003,30488928,58344,2352992
1635290223.2705774,3196042,30317753,228085228,3213650,28845119,56152,2216736,3100867,31356321,5192533,182979
1635290223.370746,3239902,30498224,228049137,3283903,30449240,57575,2220132,3041953,30606193,4680085,177920
1635290223.470923,3249824,30721876,228254430,3290526,30451905,57765,2394998,3294196,31361978,4765716,166355
1635290223.6712754,3187224,31021229,4729527,165655,3364494,30901752,228112789,3292537,30537401,62042,2050397
1635290223.7714686,3207480,31422957,4742826,193658,3343515,30400145,228073382,3235583,30196666,57656,2407049
1635290223.8716424,3173473,29700479,3475066,157266,3265578,30302817,228106377,3265283,30524135,58262,2293446
1635290223.9718175,3095988,31167757,4878444,176525,3298011,30459601,228235886,3333777,29656745,57849,2233727
1635290224.0719905,3156215,31038048,4797004,162616,3158032,30083946,228236568,3199860,30372168,58325,2426634
1635290224.1721616,3170348,31377448,4773791,165940,3674347,31198104,228172437,3269993,30637512,58522,2059365
1635290224.2723308,3142182,31352986,4786823,169222,3422006,30289694,228100099,3286091,30614241,59045,2402924
1635290224.3725107,3201147,30421359,228174063,3290325,30587875,57566,2293788,3222724,31019784,4553594,181291
1635290224.4726915,3279493,30568461,228175710,3290125,30479772,60434,2367856,3301574,31223549,4980580,168577
1635290224.5728714,3282556,30506563,228047476,3280335,30338030,59848,2170249,3069265,31403727,4691827,171805
1635290224.6730437,3305519,30713682,228210925,3277351,30572964,61417,2054035,3101742,31187296,4801434,168852
1635290224.7732215,3401524,30667348,228101128,3271016,30432256,60788,2229195,3189295,31088086,4783155,195581
1635290224.8733878,3225516,30726972,228042797,3230588,29342331,58127,2274431,3190753,31313082,4792342,185077
1635290224.9735696,3273766,30373052,228061069,3158433,30553168,59079,2307708,3194491,31141332,4734343,161950
1635290225.0737443,3287223,30687586,228136752,3396984,30417928,61049,2249533,3076386,31141298,4900434,169046
1635290225.1739292,3177449,30130580,228172378,3203542,30473424,59794,2425481,3284996,31619170,4747431,178318
1635290225.2741034,3066237,30224628,228111344,3318653,30577655,60444,2437112,3238662,31366865,4833074,153383
1635290225.3742838,2994351,30536183,228228637,3301574,30499820,59289,2347928,3170623,31054232,4738510,141166
1635290225.4744525,3215934,30068867,228222435,3282701,30413960,58966,2301709,3295380,31535771,4756317,158811
1635290225.5746355,3317132,30377282,228099776,3294531,30589660,59674,2221013,3234523,31596377,4802483,162588
1635290225.6748195,3260962,30420956,228152117,3381491,30600059,58822,2135781,3191314,31070387,4774411,172683
1635290225.7749915,3342117,30518474,228233992,3303806,30879512,57941,2068232,3047658,31716318,4800730,163210
1635290225.8751652,3421395,30422770,228118513,3241621,29997328,56961,2112400,3239533,31644660,4939640,170029
1635290225.9753485,3398500,30280838,228164870,3300824,30714790,56998,2230989,3302089,31637471,4839183,166669
1635290226.075535,3341154,30275981,228092485,3245617,30336204,58321,2376443,3300770,31676500,4782359,168938
1635290226.1757174,3261654,30484411,228139120,3556881,30169667,59022,2243114,3146143,31338635,4862802,171127
1635290226.275899,3370173,29868518,228300711,3241641,30505104,59606,2348239,3132687,31391205,4821040,170053
1635290226.376073,3474110,30119400,228124204,3208014,30803622,58243,2084341,3244215,31506472,4921083,176667
1635290226.476253,3367065,30642273,228206738,3299352,30535033,58345,2230416,3226213,31547061,4795832,155835
1635290226.576441,3173515,30027199,228160152,3305135,30642033,59042,2311575,3271392,31527675,4795170,157439
1635290226.6766264,3363257,30098307,228105942,3254147,30334963,58851,2214567,3229044,31555974,4788633,179630
1635290226.7768054,3283091,30430895,228133652,3301244,29979576,57877,2365335,3255787,31514996,4783364,163129
1635290226.8769774,3399891,30243682,228642547,3279980,30274832,59825,2416687,3255444,29191935,3077604,162537
1635290226.9771605,3229336,30489182,228211080,3335621,30334522,59471,2424736,3239213,31108394,4831000,158436
1635290227.0773442,3247768,30338332,228199579,3371722,30608293,57597,2256648,3227753,31132825,4823533,179771
1635290227.177532,3319683,30296166,228072641,3369672,30254344,61111,2410809,3237848,31306043,4860272,171415
1635290227.2777061,3318426,30488414,228147287,3333621,30334182,59526,2278758,3191043,31277950,4892971,163868
1635290227.3778841,3232072,30765999,228071965,3305562,29420954,58511,2048640,3108226,31060836,4812356,161863
1635290227.4780583,3004664,30252865,228216601,3559571,30615185,57380,2406878,3149852,31148984,4798890,158237
1635290227.5782297,3323255,30422404,228078485,3251980,30318431,58394,2402351,3131528,31261470,4821889,178409
1635290227.6784105,3206830,30205575,228163639,3291034,30316685,59873,2347321,3166870,31335002,4952972,167430
1635290227.778588,3303112,30300567,228292540,3370701,30444425,58910,2291456,3117629,31387834,4900823,183348
1635290227.8787599,3233945,30201732,228207933,3385664,30499598,58320,2092284,3211204,31562472,4904519,168755
1635290227.9789355,3276510,30272810,228166736,3377287,30202560,58713,2389699,3201170,31299733,4845149,160230
1635290228.0791204,3265961,30208588,228145635,3322882,30211335,59084,2453596,3337672,31387004,4836899,155565
1635290228.1793067,3374289,30368542,228141286,3291551,30375607,58379,2237632,3225369,31109005,4801268,177111
1635290228.2794895,3290756,30332210,228070294,3284381,30368936,57758,2298230,3273042,31722399,4759302,162668
1635290228.3796709,3275301,30297059,228196561,3331838,30485361,59063,2357652,3273780,31518152,4748672,171515
1635290228.4798465,3399096,30223182,228029161,3204594,30240652,57494,2418674,3394327,31619887,4918687,188574
1635290228.5800464,3073853,30350723,228270733,3417464,30417849,57619,2368727,3225858,31414227,4866180,169713
1635290228.6802123,3202393,30226770,228171175,3299590,30514759,58199,2409590,3246421,31215198,4851715,177612
1635290228.7803915,3392491,30102895,228227352,3338142,30577825,59506,2282601,3254415,31502621,2950607,159227
1635290228.8805625,3204812,30210287,228203388,3296766,30532321,57973,2226828,3276399,31620971,4793665,167081
1635290228.980737,3359658,30138758,228077681,3294257,30459486,57676,2433416,3313888,31799563,4903562,172448
1635290229.0809004,3395068,30367644,228174600,3282769,30476574,57030,2357004,3237560,31219948,4822285,179519
1635290229.1810672,3042948,30679632,228216261,3427202,30408371,59375,2411788,3236280,31594218,4830390,164935
1635290229.2812414,3428855,30435393,228094121,3291465,30238636,59240,2249346,3161348,31168686,4809657,187150
1635290229.3814173,3293929,30446159,228143273,3319151,30752117,57468,2434005,3364051,31821449,4736893,166924
1635290229.4815936,3285841,30681383,228147386,3382681,30335811,57259,2568007,3335397,31452743,4830967,179311
1635290229.5817635,3410051,30602464,228187424,3251823,30684597,58987,2044005,3200072,31187528,4789830,164906
1635290229.681936,3423429,30229685,227937201,3408721,30562370,58830,2438726,3245257,31538547,4727398,184452
1635290229.782109,3230737,30314904,228077686,3273537,30449789,57071,2338047,3160016,31084265,4780058,188873
1635290229.88228,3379311,30742239,228121310,3395463,30199604,57739,2332786,3205863,31159422,4829015,169708
1635290229.9824593,3407631,30318130,228174905,3302920,30395526,57957,2241198,3211660,31377630,4724384,174331
1635290230.0826259,3224759,30413260,228207517,3291251,30631224,60485,2428301,3250397,31220722,4821641,168610
1635290230.1827898,3340959,30533531,228051140,3435565,30491261,61209,2421189,3267758,31492139,4882706,169538
1635290230.2829583,3443652,29589948,228296523,3256764,30521139,60105,2248951,3374673,31375599,4879975,183174
1635290230.383123,3337258,30494377,228099021,3277873,30378778,58012,2349005,3154178,31183516,4795960,153748
1635290230.4832928,3292623,30376914,228145757,3404984,30270614,61131,2392451,3181236,30981186,4859288,179323
1635290230.583464,3440885,30283564,228084697,3283322,30492903,58563,2068676,3247508,31027677,4813361,165906
1635290230.683633,3408847,30217684,228217788,3319218,30642319,57396,3123453,3253469,31588572,4868235,176134
1635290230.7838042,3139628,30375650,228177148,3299960,29993772,57208,2455435,3148070,31329899,4842495,155900
1635290230.8839824,3422671,29834556,228182878,3173098,30456818,58434,2301188,3247526,31532139,4798410,178428
1635290230.9841626,3316955,30231781,228171458,3339707,30254745,56832,2308519,3209630,31323110,4879100,176752
1635290231.0843377,3426512,30064002,228180173,3315890,30548472,57867,2363416,3252361,31337732,4844309,168882
1635290231.1845107,3195290,30254738,228154382,3288892,30611836,57487,2451225,3295208,32122877,4801883,173227
1635290231.2846746,3613586,30207295,228245998,3309014,30685997,56826,2449837,3159318,31459891,4923447,163433
1635290231.3848412,3062027,30397454,228092403,3388375,30326946,58271,2280268,3280519,31599414,4872591,152076
1635290231.4850173,3379923,30081122,228137441,3315006,30704083,57249,2384598,3203145,31392213,4785697,179104
1635290231.585193,3283287,30715288,228237543,3460439,30388451,58677,2239009,3232034,31380931,4797800,188460
1635290231.685357,3274014,30304074,228125393,3296738,30354278,57252,2441360,3293591,31928466,4763498,163431
1635290231.8856902,3224424,31116726,4793389,186944,3437392,30266701,228113794,3177898,30302110,58213,2380509
1635290231.9858623,4029297,29667387,4766434,159253,3270035,30487154,228050735,3359194,29891905,57553,2233713
1635290232.0860322,3234670,31385608,4821029,155013,3411886,30341072,228174590,3233214,30568860,58528,2438262
1635290232.1862047,3138362,31255503,4925565,176357,3250667,30545245,228078366,3329600,30469858,57938,2256263
1635290232.286373,3246563,31436923,4790276,169628,3462884,30594874,228224585,3291050,30556854,59202,2445589
1635290232.3865347,3054927,31350129,4863821,162065,3285939,30409480,228271906,3332843,30400290,61083,2396847
1635290232.486705,3278692,31671056,4861730,177045,3430869,30179891,228182115,3282050,30336591,59234,2422027
1635290232.5868707,3210576,30389562,228145053,3414871,30123201,59623,2301653,3206786,31055924,4816777,181426
1635290232.6870356,3303790,30151566,228082100,3270105,30304907,57464,2423661,3365175,31882660,4800129,169745
1635290232.787204,3295064,30485733,228071470,3401882,30235394,57261,2057166,3249356,31280368,4894593,179015
1635290232.987536,3274703,31149616,4825670,169184,3450604,30052117,228171658,3293504,30443898,57586,2072000
1635290233.087707,3203387,31247002,4877818,182144,3409190,30334883,228221434,3248812,30355124,57584,2420033
1635290233.1878734,3241824,31353619,4843182,173895,3263433,30168150,228187254,3395697,30309166,58278,2296593
1635290233.2880402,3311717,31550546,4824257,172309,3304351,30378899,228054872,3204421,30318361,57349,2409471
1635290233.388199,3142993,31307323,4911614,176809,3034857,30501507,228161460,3404911,30330324,58077,2299753
1635290233.4883552,3305828,31492262,4805796,178150,3418941,30405339,228194415,3315616,30442023,57133,2206669
1635290233.58852,3210514,31358479,4852691,180023,3098811,30518181,228188576,3433962,30233747,58660,2427097
1635290233.6886811,3415326,30556751,228169962,3291078,30354458,57130,2314710,3236024,31390840,4777917,167408
1635290233.7888362,3290678,30374290,228196501,3371889,30361415,57340,2296917,3111322,30834208,4794545,181279
1635290233.8889933,3440242,30175169,228085281,3273099,30189719,57677,2423100,3225286,30983453,4778882,172734
1635290234.0893297,3168812,31169595,4764160,185400,3128426,30461499,228162182,3399176,30242439,57237,2440829
1635290234.1894984,3125575,31102568,4784151,163644,3429600,30235345,228031347,3292455,30309547,58702,2269567
1635290234.2896647,3219472,31233501,4794188,166575,3249294,30224095,228071173,3297180,30491313,58504,2319004
1635290234.389833,3178959,31053017,3002780,175761,3416254,30016528,228077858,3375467,30326973,60574,2295340
1635290234.4900208,3233255,31034686,4793472,170289,3512243,30303238,228289926,3334009,30535130,60583,2470112
1635290234.590174,3272009,31586489,4868438,181825,3226683,30412281,228243662,3279717,30391181,59610,2435930
1635290234.6903312,3196806,31434175,4850536,152140,3339750,30694004,228130580,3286502,30227068,58579,2237475
1635290234.7904918,3327016,30549102,228106775,3283279,30505105,57707,2427722,3144569,31335264,5104219,160813
1635290234.8906536,3384515,30453221,228035551,3343806,30271317,58749,2250470,2864028,30795239,4860961,174904
1635290234.9908123,3242671,29581141,228193203,3270415,30227018,56849,2432879,3540463,31794723,4764624,167685
1635290235.1911304,3330843,31265864,4904866,181230,3355127,30045974,228193813,3276417,30326703,57182,2429255
1635290235.29129,3284121,31319044,4835135,171428,3191464,30217490,228063478,3332320,30448013,57218,2229301
1635290235.3914535,3226009,31254582,4900384,161817,3381575,30255080,228194674,3244638,30176090,58656,2414349
1635290235.4916115,3245173,31467211,4865479,184552,3266731,30343830,228104413,3311030,30099119,58578,2252227
1635290235.5917652,3258882,31227161,4747658,177563,3227793,30680682,228037698,3280173,30448692,57314,2432788
1635290235.69192,3148437,31173272,4780953,180887,2855535,30562428,228232207,3417357,30282806,58498,2431548
1635290235.7920818,3275256,31391555,4746572,182985,3445388,30309865,228104888,3245990,29799243,56694,2347265
1635290235.8922431,3227191,30443701,228111482,3435959,30324291,58411,2305749,3224557,31017447,4660067,176702
1635290235.9924061,3368985,30344234,228112961,3290969,30426275,57362,2434138,3318344,31847454,4879093,166516
1635290236.0925632,3288070,30287788,228140742,3400910,30416935,58320,2112102,3144366,31054836,4848830,179148
1635290236.2928925,3240701,30945691,4815070,170269,3421058,30199906,228255911,3294715,29482324,58870,2129825
1635290236.3930573,3183834,31146849,4859953,185806,3195604,30302525,228269898,3419753,29933089,63292,2385687
1635290236.4932199,3115272,30986162,4769899,181988,3262041,30266001,228122141,3196026,30076663,60473,2288091
1635290236.5933814,3239774,31348994,2947980,164620,3299108,30446655,228024378,3457313,30515918,59801,2465911
1635290236.6935325,3389161,31596262,4885926,180009,3407328,30210360,228217000,3370780,30372215,58400,2021919
1635290236.79369,3253067,31052932,4823306,165955,4384349,30392142,228281368,3318679,30508863,56239,2031882
1635290236.893847,3206912,31310439,4911261,179287,2998853,30186132,228125544,3375827,30456581,59349,2429963
1635290236.9940038,3264630,31240161,4841886,178422,3412729,30362343,228158162,3280671,30432496,57201,2287191
1635290237.0941594,3244006,31310993,4816813,175910,3304876,30190840,228037440,3260308,30392479,58847,2416353
1635290237.194318,3137788,30942652,4943643,176427,3404404,30125146,228076322,3277752,30179243,56809,2442674
1635290237.294476,3078942,30850093,4766817,181258,3266114,30059875,228141418,3266626,30225791,56847,2048204
1635290237.3946648,3232436,31253720,4783114,188192,3064128,30742855,228187519,3434849,29954473,59324,2538224
1635290237.4950578,3208241,31082446,4792955,198342,3428570,30523675,228149637,3287209,30229159,57901,2433714
1635290237.5955088,3279517,31488519,4807764,168191,3295657,30883877,228142493,3363087,30247768,58414,2349491
1635290237.6959186,3225614,31271220,4848819,173779,3285988,30247207,228095820,3423642,30908795,59146,2220715
1635290237.796316,3258047,31511930,4684003,177364,3203762,30229968,228169863,3427765,30263101,57121,2422460
1635290237.9470377,3157351,31221352,4782449,179835,3597143,30670130,228238487,3358051,30215869,58242,2466401
1635290238.0472178,3261109,31392917,4771676,191242,3030303,30563904,228279457,3314596,30512260,58712,2401744
1635290238.1473956,3163865,31262245,4790788,178779,3220649,30679285,228226439,3439444,30360338,57957,2306433
1635290238.247587,3219135,31382617,4790715,156578,3391893,30343927,228029314,3293827,30481859,60989,2462908
1635290238.347772,3227285,31273486,4827076,179296,3294680,30492578,228139617,3423876,30118132,61674,2103081
1635290238.4479618,3287402,31605311,4878308,176910,3290514,29995698,228167837,3278345,30285183,60956,2016177
1635290238.5481496,3123665,30698883,4755281,179521,3218075,30511914,228242685,3423296,30659387,58464,2424571
1635290238.6483443,3287194,31482121,4907859,178954,3412582,30050045,228189588,3284083,30527607,57334,2422878
1635290238.7485263,4061296,29878893,4810660,203456,3303061,30510386,228177777,3415547,30387979,59813,2264859
1635290238.84871,3222141,31270560,4879400,177562,3443998,30245954,228111179,3190755,30527668,59152,2246611
1635290238.9488893,3246899,30960634,4792542,169574,3386476,30484203,228110480,3402175,30591813,56737,2483132
1635290239.0490777,3307687,31598133,4902862,177898,3380007,29986900,228155209,3389517,30440503,58785,2429685
1635290239.1492627,3274279,31122418,4824715,185295,3352295,30313664,228185253,3323735,30533435,57491,2218125
1635290239.2494438,3200579,31061890,4874568,176450,3189276,29899924,228032310,3326747,30435478,58522,2382919
1635290239.3496315,3283539,31246633,4780104,176975,3358926,29864317,228169741,3289431,30237884,56766,2262341
1635290239.4498117,3292156,31491721,4823578,188986,3281538,30203755,228104036,3284403,30302673,58236,2417685
1635290239.5499806,3040873,31382853,4847843,181643,3313827,30478911,228042143,3362783,30305871,57637,2416230
1635290239.6501825,3201904,31116713,4705089,163148,3436158,30373156,228120441,3283824,30360666,58410,2320354
1635290239.7503586,3306205,31490032,4753778,184162,3189091,30378832,228073078,3446192,30171023,58235,2393839
1635290239.8505387,3241746,31418287,4748546,184745,3285357,30318749,228081885,3273766,30239885,58494,2381686
1635290239.9507208,3252602,31360201,4768216,166158,3238636,29850945,228067461,3333503,30570479,57731,2377073
1635290240.0508895,3185530,31257832,4855723,181021,3443842,30361241,228047367,3410964,30187287,58540,2020074
1635290240.151074,3237747,30951983,4809374,164335,3441097,30291598,228198089,3427702,30348880,57847,2053599
1635290240.2512574,3177094,31063520,4849682,184944,3253477,30277224,228041589,3244751,30484357,60512,2440567
1635290240.3514352,3235205,31130260,4790863,184448,3405247,30285753,228141350,3289371,30182051,60261,2300985
1635290240.4516127,3312895,31410284,4763681,175154,3401841,30039352,228225491,3221125,29722306,59148,2420357
1635290240.5517867,3135742,31282928,4915238,175790,3171080,30290315,228138506,3413590,30041162,57387,2191462
1635290240.6519496,3278354,31194718,4763947,170957,3252631,30236506,228150504,3293927,30259872,57538,2114700
1635290240.7521236,3210531,31381757,4908231,168552,3047998,30456185,228079924,3417830,30226932,59049,2472888
1635290240.8522983,3251183,31430187,4850535,182935,3429697,30512017,228118743,3277276,30166346,57804,2380025
1635290240.95248,3266178,31270674,4817354,180212,3282247,30147450,228096500,3327699,30268029,58647,2137133
1635290241.0526545,3213506,31298058,4862252,190008,3416415,30036735,228023429,3282345,30184253,57594,2394835
1635290241.152829,3266175,30888576,4771700,172275,3370319,30159471,228104019,3415546,30258999,58016,2428063
1635290241.2530081,3305113,31542610,4857593,179671,3283747,30317630,227883805,3076646,30477822,57808,2458725
1635290241.3531969,3210148,31323763,4824747,157814,3314463,30341552,228083478,3429616,30391385,59410,2230488
1635290241.45338,3308257,31620115,4819889,154686,3378481,30151455,228148924,3227181,29807294,59186,2434147
1635290241.553543,3209019,31157840,4795909,180462,3070969,30412604,228158321,3469408,30505952,59418,2271073
1635290241.6537151,3255989,31270418,4724430,181559,3339167,30258426,228257481,3304045,30612686,58554,2437468
1635290241.7538993,3226020,31076375,4735828,167283,3231178,30522604,228138750,3445100,30387448,59082,2409693
1635290241.8540745,3258210,31297302,4821860,196165,3420464,30314362,228195975,3295843,30497994,58403,2327820
1635290241.9542518,3191242,31435557,4830204,182982,3220797,30530157,228156072,3445598,30127977,58529,2236264
1635290242.0544393,3101119,31337962,4850391,184122,3400904,30443281,228171496,3311021,30398011,59229,2397687
1635290242.1546159,3297055,31356385,4759741,175694,3297824,30511615,228098830,3450008,30536152,61955,2436275
1635290242.2547855,3367781,31753489,4891591,181801,3425397,30678628,228209958,3358421,30560155,62359,2024469
1635290242.3549693,3303294,31298245,4847807,167035,3237688,30543065,228092310,3269836,30247906,60063,2015483
1635290242.4551506,3239512,31487344,4916649,179710,3421046,30191934,228188414,3366409,30432992,59690,2424926
1635290242.555329,3285033,31278915,4629308,192837,3351933,30305161,228154382,3335691,30306338,58774,2309823
1635290242.6555047,3261559,31591920,4894138,172713,3397369,30372610,228089973,3328791,30277988,59763,2343652
1635290242.7556849,3255493,31040919,4726995,179930,3218946,30414863,228207511,3278415,30444502,59534,2454559
1635290242.8558557,3306450,31513597,4815933,172711,3708693,30258939,228138307,3306098,30539814,59499,2468842
1635290242.9560375,3313924,31531537,4974205,160346,3405705,30411032,228191334,3313200,30638619,58883,2223516
1635290243.0562139,3261513,31144882,4895678,172996,3223519,30538676,228234055,3349026,30420741,60045,2406375
1635290243.1564,3279875,31644488,4886177,159827,3417265,30205957,228150889,3302603,30582189,59332,2227696
1635290243.256569,3246785,30986853,4784929,174567,3278755,30300940,228060203,3303059,30602137,61658,2629416
1635290243.3567402,3276521,31479028,4829668,173560,3193317,30407232,228153086,3434289,30370060,58276,2064528
1635290243.4569156,3212264,28943841,4288501,166696,3427492,30323999,228183705,3339117,30642332,58676,2443247
1635290243.557084,3291186,31520316,4808786,184219,3020305,28953102,228165565,3353073,30750450,59438,2444357
1635290243.657245,3241968,30214344,3451197,141417,3395353,30369721,228084750,3229586,30774442,59218,2444092
1635290243.7574174,3257257,31510990,4858526,172641,3436495,30451534,228114618,3309528,30670775,58988,2438102
1635290243.8575952,3160010,31582286,4907031,175006,3072081,30734013,228283994,3414258,30453591,58046,2390981
1635290243.9577777,3189554,31449660,4756436,173499,3428978,30317783,228110001,3301672,30386868,58680,2307485
1635290244.0579612,3189374,31353167,4756782,186533,3036975,30485032,228175245,3440453,30185167,58060,2459736
1635290244.1581426,3413322,30180209,228095003,3276532,30147606,61245,2314058,3256329,31361675,4771474,188736
1635290244.2583258,3298045,30293093,228106831,3370462,30528030,59998,2333776,3142425,31150210,4868085,187439
1635290244.3585064,3437879,30351272,228004231,3284471,30213846,61213,2412902,3270819,31103169,4756619,176506
1635290244.5588725,3286008,31663566,4876723,188804,3055212,30329493,228109766,3274639,29405907,55886,2504755
1635290244.6590579,3179904,31171323,4821297,171130,3414880,30520019,228119022,3396581,30118757,58179,2413549
1635290244.759226,3292257,31702289,4848949,172391,3346394,30313453,228194019,3306258,30316979,58602,2433962
1635290244.8594139,3208584,31394554,4907923,179782,3338964,30319587,228118584,3316229,30127755,59341,2243124
1635290244.9595811,3253743,31339104,4774944,179109,3304577,30293080,228123986,3271654,30443943,58876,2464905
1635290245.0597599,3137074,30944831,4811036,182464,2991630,30197507,228113759,3419562,30497558,57910,2416512
1635290245.1599429,3265049,31422901,4823453,179954,3360945,30081488,228131670,3276298,30374353,57812,2288363
1635290245.2601411,3171289,30012525,228129772,3420164,30418071,57744,2284528,3199860,31326321,4828545,181127
1635290245.3603103,3398347,30156605,228212506,3295659,30429463,59364,2430592,3677255,31032145,4766647,170618
1635290245.4604747,3246907,30194709,228158500,3324108,30237319,58758,2263361,3236141,31517081,4815616,176317
1635290245.6608179,3268523,31273570,4768796,167530,3408387,30375284,228153266,3257012,30092905,59235,2394642
1635290245.7609866,3319864,31412675,4797703,178638,3375417,30203125,228238021,3308818,30327761,59562,2396982
1635290245.8611684,3208415,30927701,4740914,183154,3278272,30251064,228089927,3421829,30070232,57711,2294763
1635290245.9613383,3281780,31778820,4705361,177741,3272490,30215882,228144315,3226573,30363037,58970,2448495
1635290246.0615044,3099024,28941421,3015297,176966,3324003,30292448,228166824,3422498,29999551,59291,1985583
1635290246.161695,3269170,31273137,4804446,176675,3472424,30388963,228227444,3294954,30207325,57693,2083148
1635290246.2618725,3158526,31167961,4863133,179899,3459260,30645557,229161437,3365405,30383183,61001,2457505
1635290246.3620641,3421756,30180467,228445069,3280313,29540875,59655,2247705,3251484,31218546,4872318,187992
1635290246.462235,3286588,30183915,228234296,3268406,29906208,59571,2427494,3545252,31323706,4680370,179063
1635290246.5623982,3292230,30101030,228141247,3397325,30090759,60730,2089113,3100721,30974065,4861404,180308
1635290246.7627609,3259489,30912768,4794805,168907,3407928,30013490,228141993,3265196,30156896,59038,2008305
1635290246.8629375,3968777,29739027,3645446,178065,3230880,29651066,228179086,3239331,30043811,58712,2420508
1635290246.9631138,4006871,29954256,4817001,184859,3286844,30090932,228095092,3372585,30305601,59020,2311211
1635290247.0632846,3280962,31541755,4705437,167776,3285824,29965019,228261147,3384824,30363676,59465,2400241
1635290247.1634684,3192011,31084909,4880214,183770,3222382,29795131,228087544,3347013,30159670,58816,2005412
1635290247.2636375,3260042,31170934,4776145,181018,3785456,30029110,228115658,3289697,30298487,58284,2034569
1635290247.3638172,3185074,31370780,4921777,169442,3343972,30367705,228128785,3407342,30606341,58528,2438407
1635290247.463984,3376816,30084785,228190745,3277583,30038228,59146,2288661,3254731,31288136,4859054,185208
1635290247.564165,3279441,30304687,228194739,3291522,30544007,59991,2463425,3139344,30610867,4830455,163932
1635290247.664337,3420832,30318911,228225243,3290355,30467052,58956,2416849,3246344,31667345,4885849,170468
1635290247.8646955,3323114,31807095,4896828,172619,3377416,29978787,228082311,3283190,30180242,58421,2393103
1635290247.9648767,3247527,31168620,4784062,154148,3378303,29919744,228106930,3279239,30399229,55622,2241313
1635290248.0650444,3281781,31276466,4724702,175993,3281547,30121458,228171209,3431641,30412954,58350,2415895
1635290248.1652155,3172611,31260580,4904016,182261,3391587,30069737,227989216,3376389,30034837,59139,2246031
1635290248.265392,3248344,31097977,4762554,174331,3408482,30438448,228082365,3264284,30166472,59409,2439250
1635290248.365571,3277358,31406903,4863418,184992,2946474,30461103,228220415,3294345,30179616,61792,2415660
1635290248.4657347,3160987,30968420,4791249,171569,3222961,30001584,228228986,3350621,30064245,60296,2305676
1635290248.5659122,3255188,31293607,4782977,267375,3389887,30217888,228250916,3282482,30065959,60922,2284938
1635290248.6660883,3206282,31162803,4806555,163746,3307774,30309918,228182209,3387900,30048269,60508,2249082
1635290248.766265,3237310,30849371,4833890,187587,3425213,30070710,228232297,3246513,30088198,57412,2417821
1635290248.8664525,3047783,30966045,4761804,174118,3393869,30245304,228198073,3253084,30055217,58100,2056056
1635290248.9666362,3280907,31369576,4896265,181911,3141620,30103556,228262701,3362434,30243073,58592,2481297
1635290249.066821,3165417,31142855,4795439,172557,3439305,30026843,228131043,3221121,29472758,57131,2273366
1635290249.1670015,3264791,31415342,4789703,181809,3288426,30074174,228126950,3322595,30224741,59286,2290084
1635290249.2671762,3181662,31123758,4924799,175598,3334069,29213023,228031934,3355455,30232519,58004,2251790
1635290249.367355,3254339,30800768,4762018,179542,3221895,29832381,228139704,3197027,30041181,57407,2403524
1635290249.4675264,3315684,31636476,4797449,180009,2995437,30250093,228074464,3369338,30379579,58732,2430076
1635290249.5677094,3204624,31214614,4825854,176756,3315936,29768904,228184392,3414445,29808710,58440,2426583
1635290249.6678896,3260571,31209036,4783984,227622,3193601,29920373,228216062,3267310,30008492,57018,2233265
1635290249.7680733,3188541,30920050,4726648,165224,3322886,30088132,228066610,3270271,30196456,56947,2421101
1635290249.8682494,3099429,30934005,4978478,179428,3268595,30250603,228100773,3429568,30142795,58392,2126801
1635290249.9684293,3298188,31410103,4803270,176362,3259798,29961277,228226816,3288887,30330509,57986,2049953
1635290250.0686061,3119129,30805953,4712910,173564,3397062,30285187,228170911,3377398,30299143,56688,2382630
1635290250.1687906,3242589,31396192,4889080,183593,3427136,30305680,228126606,3284553,30074314,57883,2413866
1635290250.26897,3249654,31138475,4775028,175743,3292362,30194737,228138255,3280009,30171250,56229,2233827
1635290250.3691385,3245115,31190160,4694888,172257,3284923,30099627,228141051,3409267,30153211,58050,2424376
1635290250.4693048,3088599,31069796,4905095,179543,3366948,30089234,227924929,3252760,29753176,57967,2017370
1635290250.5694823,3226589,30907280,3516154,173127,3412915,30050294,228263010,3388431,30294905,58133,2149916
1635290250.669661,3211371,31212684,4871461,177610,3384704,30080105,228138163,3289834,30097128,60333,2405069
1635290250.7698386,3131086,31013470,4803186,184920,3167447,29824909,228141306,3348704,30429286,59803,2305163
1635290250.870041,3264270,31467878,4755315,188338,3343680,30140721,228272293,3295634,30200650,60000,2415446
1635290250.9702008,3307669,31417632,4850251,175598,3301054,30016032,228097409,3398530,29903836,58860,1991563
1635290251.0703738,3276110,31311338,4886795,187575,3405056,30056049,228166082,3271450,30149336,58058,2301601
1635290251.170542,3239613,30894742,4696283,182876,3443303,30301598,228268323,3269648,30125462,58698,2323617
1635290251.2707086,3344212,31317420,4933408,180797,3279024,30141549,228208747,3374454,30136108,58210,2397693
1635290251.3708768,4134171,29894191,3658792,182322,3284453,29958146,228026728,3270324,29961601,57108,2242244
1635290251.471036,3293386,31485206,4759889,172353,3284076,30098863,228083346,3331757,30181087,58556,2517568
1635290251.5712042,3324007,31380227,4907164,187103,3420989,30028428,228049553,3389990,30237349,57653,2056940
1635290251.6713672,3257037,31036215,4793389,175856,3419360,29988199,228220158,3389005,30106604,58761,2262940
1635290251.7715394,3267398,31318874,4874433,186702,3245844,30085746,228165771,3231068,30208062,59099,2415520
1635290251.871711,3250797,31164293,4811726,176978,3401107,30107603,228111273,3260074,29753679,58254,2289431
1635290251.9718788,3297894,31488434,4751229,166769,3377507,29998114,228121496,3269345,30151634,58811,2428916
1635290252.0720448,3110637,30935628,4814665,183492,3180212,30244710,228102020,3433003,30207771,57577,2137382
1635290252.1722198,3276840,31158017,4782395,171513,3252612,29951184,228069196,3282940,30349606,59308,2057960
1635290252.2723913,3216983,31523191,4885210,187068,3269702,30044164,228202996,3395809,30210682,58182,2467726
1635290252.3725667,3264831,31393228,4781391,181703,3428493,30123509,228179092,3292634,30361143,58828,2238323
1635290252.4727373,4582698,29042328,3550451,174099,3283371,30302093,228223665,3285674,30380474,58328,2424545
1635290252.5728962,3243362,30563468,4461915,180838,3297390,30261370,228093352,3474458,30704354,59491,2391037
1635290252.673066,3110148,30988879,4920349,176474,3245876,30382748,228185335,3212090,30424238,59427,2308461
1635290252.7732396,3247948,31419707,4788672,179999,3025993,30169182,228181095,3443497,30693713,62321,2275546
1635290252.8734016,3186709,31134303,4831671,179985,2268244,21924587,227768631,3393407,30074518,61329,2449647
1635290252.9735668,3247304,27622339,1986273,139399,3177082,29421533,228059032,3222655,29510707,59374,2348183
1635290253.0737262,3206556,30803954,4726377,180042,3407033,29071405,228052453,3213524,29765587,58920,2381626
1635290253.1738894,3247634,30913362,4837213,183771,3212359,30129053,228235266,3410216,29814124,59219,2066193
1635290253.2740538,3215169,30482230,4624795,193960,3423907,29792952,227969350,3257826,29788482,57213,2407621
1635290253.374222,3245329,30896271,4882861,169210,3402167,29840440,228154413,3240205,29740771,58192,2200008
1635290253.474386,3183007,30961820,4842484,197756,3191053,29758259,228039859,3243468,29676880,55157,2293923
1635290253.5745547,3118346,30788618,4779830,189878,3279101,29858452,228042361,3382306,29930062,57121,2372341
1635290253.6747181,3088922,30811551,4895998,196917,3301455,29783903,228157484,3243500,29711779,57518,2001445
1635290253.7748852,3290238,31487951,4751835,176522,3408450,29892853,227977342,3308133,29782522,56063,2624739
1635290253.8750446,3241922,31168101,4835389,193681,3153511,29862666,227996239,3288858,29931942,57855,2424202
1635290253.975213,3125271,30746783,4761864,173377,3378951,29379867,228022878,3159980,29982633,57531,2292382
1635290254.0753832,3275432,31237437,4758612,200007,3292999,29305795,228114929,3295502,29769761,57741,2259890
1635290254.1755476,3191602,30833821,4777643,182904,3185644,29702456,228042990,3247895,29920503,57294,2408587
1635290254.275715,3091820,30587679,4830839,181676,3361760,29681544,228001274,3399670,29732399,56585,2002724
1635290254.3758836,3201587,30438406,4771629,187760,3267941,29699137,228072723,3258138,29950734,56378,2409620
1635290254.4760478,3297931,30872863,4646099,203225,3436960,30088856,228089319,3208443,29207293,56239,2285550
1635290254.5762334,3229565,31344971,4873142,186259,3134267,29416715,228201585,3225653,29389238,57935,2409705
1635290254.6763995,3158158,30942357,4759539,194995,3300528,29858081,228096217,3333265,29765660,57417,2240518
1635290254.7765703,3127869,30675472,4807723,179532,3252098,29167005,227998388,3205015,29808015,56265,2363873
1635290254.8767383,3253424,31139861,4699142,181113,3216213,29832101,228097591,3281042,29965312,57080,2047069
1635290254.9769092,3249354,28898609,2350012,177367,3032328,29919021,228018336,3388902,29678495,57504,2317851
1635290255.0770743,3169730,30785975,4756345,188068,3383633,29896997,227956103,3178376,29845306,56856,2426152
1635290255.1772382,3194376,30514209,4701824,188168,3251205,29699141,227817271,3396807,29942644,56784,2281343
1635290255.2774036,3240625,30841263,4595662,190087,3314204,29550803,228143245,3254371,29977122,56998,2399516
1635290255.377566,3249831,31201356,4827299,191175,3273033,29891370,228172246,3350569,29833247,57424,2145507
1635290255.477726,3140722,30579205,4742600,179378,3329109,29786777,228045607,3288012,29754396,56985,2467411
1635290255.577885,3242630,31384247,4836750,186921,3404053,29885796,228058660,3266976,29972112,60373,2226097
1635290255.6780477,3182188,30016260,228076263,3337141,29793739,59141,2347055,3186341,31274453,4936692,186606
1635290255.778206,3406817,29953307,228061593,3271865,29855978,59592,2211632,3229260,30733242,4758481,184906
1635290255.8783739,3281669,30107045,227943846,3261625,29811598,59713,2447586,3241205,31181842,4641205,181787
1635290256.078705,3220998,30959394,4822690,186965,3406703,30010496,228052417,3163348,29858061,56880,2402376
1635290256.1788714,3221576,30777251,4747773,162402,3396025,30041427,227845744,3386194,29894670,56612,2220941
1635290256.2790341,3278217,31095810,4716870,173168,3258144,29846358,228073811,3354859,29668989,57268,2363775
1635290256.3791997,3179981,30891095,4810410,190784,3317548,29876344,228006483,3284887,29779062,57304,2202246
1635290256.4793594,3239199,28739797,2948969,178420,3218221,29488467,228150564,3239064,29694494,56634,2409613
1635290256.5795183,3225948,31229324,4696315,183527,3401632,29939163,227948553,3252981,29928563,56898,2151007
1635290256.679683,3156446,30795997,4751054,187665,3143190,29823829,227983604,3361488,29990287,57851,2414200
1635290256.7798443,3379540,29903614,228044554,3281764,30094703,56987,2295153,3309963,30992437,4754058,188328
1635290256.8800287,3220179,29689821,228388746,3256363,29836143,57677,2398210,3093433,30536959,4580855,192374
1635290256.9801822,3253725,29982560,228093054,3378811,29952842,57608,2080059,3238981,30910053,4828477,183431
1635290257.1804967,3195849,30486430,4733903,174215,3405895,29794683,228044347,3289576,29978392,57230,2411470
1635290257.2806497,3230953,30996688,4733409,187453,3189750,29948266,228014296,3348086,28787753,57430,2217994
1635290257.380803,3166071,30844453,4833234,187059,3236838,29743113,228042669,3125628,29562006,57186,2408259
1635290257.4809592,3122134,30715773,4798253,190162,3320048,30156331,228040179,3377999,29805432,57343,2203663
1635290257.5811148,3264137,31069742,4671743,179486,3382041,29878650,227850640,3270760,30003970,57049,2428837
1635290257.6812735,3220083,31058093,4779868,185881,3382553,29761004,228052219,3244892,29873035,58069,2371297
1635290257.7814302,3955509,29497125,4709753,183864,2956701,29836938,227973569,3410482,29853223,57160,2391730
1635290257.8815904,3387879,29852812,227970403,3273101,29965719,57355,2290751,3180537,30790890,4659529,185353
1635290257.9818053,3271802,29999587,227919173,3268503,29931608,57707,2452471,3080394,31113706,4808211,176368
1635290258.0821059,3255765,29975008,228125350,3420292,29748971,57453,2123524,3044846,30714304,4824604,186906
1635290258.2831287,3229365,30747134,4726605,182066,3388321,29917841,227998360,3273148,29786200,53744,2189497
1635290258.3832996,3176773,30809495,4770261,205303,3191421,29237181,228006791,3287906,29999492,59971,2418185
1635290258.4837902,3162742,30837820,4773673,190198,3396171,29891315,227961565,3390408,29945971,59933,2293558
1635290258.584224,3201333,30710478,4690120,200527,3226361,29250200,228084457,3177636,29491196,60847,2226179
1635290258.684625,3230222,31132953,4627614,182217,3471558,29923748,228114186,3290133,29678216,60215,2424960
1635290258.785039,3325277,31197207,4880218,190282,2977965,29928565,228175873,3334412,29875382,59877,2424144
1635290258.8854625,3208553,30858951,4747486,166107,3315634,29823790,228052712,3253699,29811124,57840,2236650
1635290259.03633,3417273,30012595,227913829,3252737,29797845,58022,2302958,3207278,31157388,4842183,180100
1635290259.0864136,3256765,29898831,227967527,3318390,29718193,58180,2288846,3039473,30022159,4783370,188061
1635290259.1868098,3415934,30061827,227959369,3256590,29730196,57213,2421043,3358874,30797677,4781306,177653
1635290259.3876517,3255524,31164591,4729342,186508,3219281,29701894,228077539,3307416,29857250,59622,2095493
1635290259.487999,3164294,30779537,4823645,188479,3373445,29822318,228050349,3274977,29909513,57379,2391807
1635290259.5884585,3228424,30272721,4207808,187769,3246339,29839059,227979637,3203123,29903434,56966,2294483
1635290259.6888945,3236710,31213232,4695394,179749,3238313,29793913,228064858,3396810,29992662,57698,2400611
1635290259.7893574,3258735,30917553,4796735,199091,3342201,29567475,228087523,3264600,29805693,58128,2175306
1635290259.8897605,3195527,30566381,4755765,173986,4963220,29823544,227910835,3267454,29800936,58493,2378288
1635290259.990216,3219808,30998119,4736982,190025,3366140,29653866,227996183,3257769,29751041,58442,2223481
1635290260.090719,3156569,30864009,4829125,170435,3176692,29906586,228267481,3276500,29725609,59150,2386365
1635290260.1910644,3167276,30797567,4770371,201935,3325374,30011193,228079368,3340634,29911459,57093,2219629
1635290260.2915351,3257279,31006510,4749381,188916,3266083,29885461,228062275,3282630,30016534,58614,2396299
1635290260.3919625,4055851,31689062,4799564,181753,3426770,29899908,227900131,3254780,29746756,58550,2059908
1635290260.4923882,3111951,30586080,4732716,189347,3134180,29844706,228070992,3352464,29711233,57043,2515089
1635290260.5928495,3178750,30977477,4707302,164715,3390501,29826248,227947580,3263604,29849859,55760,2187009
1635290260.6932056,3203036,31037262,4707122,190670,3249925,29785952,227979243,3344662,29798081,62966,2279441
1635290260.7936592,3108786,30668961,4769755,180613,3247863,29857500,227789376,3201432,29379166,58366,2397686
1635290260.8940322,3071788,30644846,4815014,195564,3413317,29886035,228169042,3348122,29560426,57651,1981680
1635290260.9945033,3229982,30947590,4735318,177840,3828595,29737535,228011472,3312522,29471059,54863,2288818
1635290261.0950658,3211902,30912021,4712103,193520,2997787,30071244,227994738,3274610,29968275,60351,2398491
1635290261.195321,3129474,30639237,4752945,169043,3394009,29879065,228187363,3392489,29243372,58081,2226764
1635290261.2957451,3201175,30772149,4757076,211327,3329428,29801095,228043616,3265373,29725403,60020,2218400
1635290261.3961933,3248412,30826173,4626793,176628,3275139,29825364,228155156,3262494,29907043,60048,2419324
1635290261.4966395,3394299,32036159,4877964,178646,2743992,27300669,228007395,3312136,29762269,57723,2614621
1635290261.5971115,3228845,27921162,1937908,151861,3395891,29942744,227992768,3257447,29966646,57161,2038256
1635290261.7475982,3209781,31164388,4781448,197763,3205881,29984895,228061406,3269312,29747480,61241,2356193
1635290261.8477747,4024793,29575968,3634771,192721,3345631,29870223,227989126,3326079,29636994,58168,2349647
1635290261.9479618,3142950,30690346,4831091,194080,3219914,29119797,227914670,3154556,29863856,57410,2226359
1635290262.0481513,3221398,31017817,4732993,181580,3413703,29780986,227873046,3371544,29819363,57483,2412891
1635290262.1483622,3269687,31191060,4849405,190481,2958141,29808194,228033632,3193928,29989037,58229,2399324
1635290262.2485473,3153587,30950779,4811969,165850,3463855,29951176,228117824,3394326,30118441,57305,2303896
1635290262.3487372,4049921,29648579,4758926,190476,3381714,29816837,228026943,3276762,29975914,58326,2288185
1635290262.4489136,3188587,30885039,4837924,188913,3192312,30181413,228224119,3252050,30060117,57838,2425465
1635290262.5490937,3067136,30623587,4838630,169263,3317167,29747998,228015173,3342048,29933705,57372,2270330
1635290262.6492739,3231280,30867260,4834476,196497,3213310,29755254,227974798,3237004,29399581,56789,2016802
1635290262.7494524,3024649,30779628,4660205,179404,3408596,29885464,228021339,3255763,29853859,57785,2368022
1635290262.849636,3270892,30834597,4800686,202872,3210238,30063003,227940385,3390696,29602070,57044,2388460
1635290262.949815,3122591,30964298,4734272,205615,3329887,29876668,228019346,3267580,30109711,56485,2226868
1635290263.0500395,3219230,30798866,4645997,177189,3274588,29956817,227985230,3357373,30027289,57218,2479035
1635290263.150214,3205181,30877642,4752154,187738,3290400,30066870,227819797,3221889,29931855,57569,2445318
1635290263.2503955,3008817,30690996,4744293,170347,3379879,29773538,227928246,3292689,29859342,57570,2385080
1635290263.350576,3207556,30896839,4722108,197532,3275832,29848312,227940184,3301027,29890825,57184,2205832
1635290263.4507558,3139737,30791122,3580806,164557,3193546,29893930,228112097,3268166,30233677,58692,2410116
1635290263.5509362,3097894,30731138,4897569,183581,3204318,29325630,228037251,3427227,29954438,58286,2224465
1635290263.6511264,3266815,31156973,4785668,185294,3337035,29868733,227951001,3264737,30060726,58477,2407763
1635290263.7512927,3241199,31186026,4762990,187815,3372028,29394629,228070310,3223855,29572031,57926,2409090
1635290263.8514862,3162276,30518924,4751750,193043,2928449,29799887,228143387,3398181,29478347,60142,2496334
1635290263.9516575,3190669,31033695,4813815,185434,3407564,29847301,228049332,3269126,29743311,60406,2198714
1635290264.0518308,3175826,30574296,4743279,189493,3261344,29845716,228056590,3275571,29892000,60966,2405863
1635290264.1520078,3249246,31001827,4705652,179769,3286893,30209858,228032186,3363540,29983883,56779,2306660
1635290264.2521942,3123473,30711923,4856647,183960,3347063,29892247,228082137,3313892,30050574,57052,1994259
1635290264.3523688,3254032,31081970,4799448,171201,3449267,30062730,228107165,3398277,30013181,57107,2013021
1635290264.4525437,3174726,30992588,4844157,182575,3163015,29312730,227982593,3175290,29796654,57547,2410019
1635290264.5527127,3202663,31032958,4782643,183663,3336822,30110423,228020953,3309516,29774924,56877,2293982
1635290264.652881,3230309,31279609,4742289,172995,3417240,29845314,227922995,3251512,29912975,57059,2426826
1635290264.753053,3336117,31363869,4850326,184187,3174945,29654172,228100205,3311764,29915402,56642,2180066
1635290264.853237,3126288,30550408,4685583,176250,3409857,29837825,227906123,3250246,29903094,57056,2400647
1635290264.9534204,3241745,31210188,4823178,192143,3386901,29811071,228027147,3272065,30070205,57732,2379059
1635290265.0535963,3247737,31366230,4783423,185282,3180127,29835111,228030465,3406922,30023170,57322,2228899
1635290265.1537635,3107236,30835837,4808606,189093,3377109,29755515,228042161,3248059,29814890,56782,2397328
1635290265.253936,3268141,30972547,4696735,193166,3253674,29811380,228060646,3254348,29698714,53529,2013633
1635290265.354119,3221695,30959184,4669572,184154,3195921,29943312,228016632,3367672,30200281,59047,2531050
1635290265.454299,3160336,30919450,4769640,181242,3415076,29890288,227910587,3402651,30090857,57464,2399095
1635290265.5544796,3230201,30923758,4728676,183377,3292690,30197932,228146652,3218260,30182337,57359,2238887
1635290265.654667,3234883,30966195,4730659,164449,3339580,30187024,228056758,3313204,29955049,57380,2421727
1635290265.7548382,3152571,30888575,4836632,175166,3301231,29766178,228087918,3379790,29885974,57508,2239389
1635290265.8550277,3164703,30997618,4731398,181878,3164693,29912514,228145278,3266835,29829542,57226,2406027
1635290265.9552038,3156209,31076826,4044676,182172,3426615,29871450,227834823,3269360,29924844,56904,2409327
1635290266.0553753,3124516,30844172,3851759,203434,2997634,30033082,227994616,3414023,30030083,56543,2424606
1635290266.1555502,3159548,30749905,4475656,166032,3399157,29835047,228030407,3263654,29983040,57637,2317854
1635290266.2557201,3281658,30952087,4790826,186591,3288562,30087678,227982403,3264869,29889270,56520,2422436
1635290266.3559,3201250,31071969,4767060,169951,3279416,30007828,227894516,3428793,30110819,60998,2086874
1635290266.456082,3106865,30950108,4870380,185980,3338670,29798822,228005125,3278320,29725100,61174,2170671
1635290266.5562716,3247820,30990818,4757361,174831,3408695,30066579,228008437,3214084,29790347,58748,2186167
1635290266.6564577,3246278,31245462,4868739,177756,3341437,30033445,228112683,3230892,30251495,59614,2416173
1635290266.7566364,3128389,30964998,4774543,195911,3285719,29890510,228128897,3346195,29707743,56945,2264285
1635290266.8568058,3262570,31341116,4724521,176108,3095672,28907552,228646424,3207659,29199944,55679,2337483
1635290266.956993,3245288,31062904,4812396,187154,3385843,29849066,228079831,3186004,29205999,57717,2408265
1635290267.0571778,3209074,30986723,4808465,197807,3012023,30078506,228051049,3377540,29705564,58390,2395873
1635290267.1573567,3237403,30898274,4709526,165135,3418200,29843656,228128053,3247258,29758198,56268,2206782
1635290267.2575245,3281071,30924742,4801843,190578,3395322,29762068,228000673,3236192,29779829,56847,2317540
1635290267.3576996,3144766,30857292,4647649,176367,3257205,29735507,227998842,3298332,29768768,57530,2305126
1635290267.457891,3190654,30801236,4839157,197100,3401703,29736362,228013104,3256668,29879438,57701,2405584
1635290267.6582594,3249451,31116234,4752268,181216,3403407,29930984,228031564,3347204,29761321,56082,2013069
1635290267.7584438,3162800,30811367,4852640,184956,3192526,29575033,227910448,3138396,29708961,57823,2421114
1635290267.8586257,3151377,30711150,4716930,195765,3357443,29772601,228039414,3381225,29368935,56848,2256069
1635290267.9587984,3219105,30854010,4729013,174907,3275209,29638548,227995342,3284961,29710397,56002,2312133
1635290268.058984,3243792,30928946,4774783,183075,3299569,30017334,228153442,3274524,29975242,57731,2412758
1635290268.1591804,3099507,30746913,4730799,185658,3009865,30087247,228110934,3422970,29926334,56752,2416305
1635290268.259372,3215247,30721077,4736146,185442,3384193,29682259,228045384,3243968,29451202,56364,2187380
1635290268.3595529,3436269,30019878,228069932,3261022,29856290,56702,2316370,3191880,31057036,4620277,174180
1635290268.4597285,3223355,29468399,228051458,3313252,29884644,58314,2337775,3108552,30763998,4749862,187087
1635290268.5599172,3359690,29910528,228019074,3338947,29913492,56415,2388173,3127679,30634199,4752678,181517
1635290268.7603104,3144112,31080449,4706082,183901,3419823,29956129,227967800,3295298,29705955,56234,2020047
1635290268.8604813,3120655,30709370,4774464,182858,3206235,29954810,227884792,3418773,29958542,57369,2410965
1635290268.9606588,3119187,30868394,4761534,190583,3407790,29971812,227908667,3190725,29679948,57883,2283261
1635290269.0608292,3187956,30724165,4714179,177328,3293111,29993970,227958050,3383466,30045888,56913,2344555
1635290269.161007,3216798,31273111,4760488,181791,3353093,29742716,228112072,3264510,29902557,59510,2410700
1635290269.261188,3078323,30515898,4755853,185886,3000810,29987726,227967815,3400384,29871783,59664,2421580
1635290269.3613672,3237575,29609705,3546742,154676,3368678,29644052,228001684,3236861,29319071,59751,2215776
1635290269.4615467,3368472,29378373,228021385,3282762,29820363,59749,2282684,3161376,30512581,4616142,178696
1635290269.5617187,3261434,29933996,228133285,3267249,29806166,60660,2434157,2873457,31082084,4793147,188342
1635290269.661904,3263585,29375969,228111551,3353963,29902192,56421,1999444,3034826,30689613,4873880,184927
1635290269.8622777,3264069,30932865,4788673,175176,3433688,30135754,228018137,3262678,29714487,55901,2262576
1635290269.962452,3228202,30997062,4773700,186293,3183218,29850646,227916950,3338160,29699404,58713,2433440
1635290270.0626156,3143278,30920448,4748428,204976,3390310,29653125,227833303,3305037,29628199,56507,2279593
1635290270.162782,3221593,30733530,4709940,189018,3283678,29909688,227913932,3223692,29722934,57173,2213032
1635290270.2629573,3226299,31094624,4706766,178463,3619374,29610483,228031304,3292311,30123778,57243,2405132
1635290270.3631344,3313999,31059705,4844283,191088,3001433,29752953,228139073,3230993,29721624,58469,2375975
1635290270.4633143,3095565,30745069,4753303,167346,2989140,29638362,228048826,3386210,29906077,57812,2370741
1635290270.563481,3372773,29906140,227990799,3273991,29981897,58041,2286774,3223930,30841889,4571183,181475
1635290270.6636584,3231908,29582711,228067994,3220206,29664907,57870,2427612,3096008,30865127,4777164,184848
1635290270.7638345,3243034,29700711,228072795,3388484,29702638,58369,2040885,3071383,30726361,4802429,192957
1635290270.9642062,3232197,30637957,4737473,172806,3402410,30227460,228152885,3277210,29839172,56938,2408538
1635290271.0643816,3244989,31249775,4718305,184725,3191391,29953928,228127048,3319381,29990392,57084,2226658
1635290271.1645572,3160712,30843261,4844148,188693,3361827,29879749,227972395,3341730,30068695,57844,2352864
1635290271.264734,3213703,30983707,4753216,182827,3274339,29870679,228038298,3178917,29820114,56989,2198770
1635290271.3649163,3248079,31303451,4668976,181274,3449487,29670876,227991956,3353416,29731608,56890,2375930
1635290271.4650905,3217045,30957997,4759616,199775,2969171,29798644,227996027,3243435,29695089,56353,2397214
1635290271.5652587,3493420,24684375,1185525,152939,3363340,29537163,228010288,3260720,29751141,57302,2200482
1635290271.6654363,3407286,29827690,227942313,3268632,29943730,59292,2310118,3171486,30945293,4743559,185476
1635290271.765617,3258802,29898086,227973559,3321997,29940344,57811,2311477,3069821,30443065,4796402,201563
1635290271.8657975,3364639,29949849,227995987,3303484,29872499,56896,2307890,4274479,30452023,4744518,183527
1635290271.9659715,3314262,29831697,228154733,3278859,30068293,57057,3245841,4605112,28744824,3512837,180632
1635290272.0661478,3497127,30610512,235205496,3371233,30877642,60676,2087089,2572580,33533990,4159069,232430
1635290272.1663258,3238798,30126781,228200242,3297173,30135852,55708,2264963,3090040,30914936,4735314,168887
1635290272.2665007,3238712,29611058,228136208,3400250,30133906,58426,2437041,3105747,31109088,4897482,181297
1635290272.3666859,3391985,30066371,227941801,3410778,29969492,58372,2230344,3239567,31058696,4748408,179752
1635290272.4668627,3324150,29844604,228072831,3149149,29553425,56995,2434356,3233291,31163075,4776462,189779
1635290272.567041,3021333,30167168,228127074,3309035,30036628,59921,2413519,3153411,31000442,4780122,202244
1635290272.6672215,3003199,29579818,228174819,3416120,29972527,61265,2429230,3236978,30892484,4492198,170305
1635290272.767404,3389040,29350723,228190879,3274122,29772715,59928,2292910,3259753,31305088,4756529,183893
1635290272.8675797,3320260,29846814,227940313,3266338,30110099,60674,2417231,3361226,31400409,4698984,192253
1635290272.9677625,3284155,30033089,227955694,3350367,29886725,61214,2185020,3089327,30657750,4782575,184369
1635290273.0679345,3413575,29826795,228028462,3253601,29773989,57172,2823824,3342257,31053306,4726932,175783
1635290273.1681063,3337389,29276644,225195393,3134304,28247371,55003,2012742,3166009,30576695,4675204,211387
1635290273.2682748,3416970,29619156,227577816,3229164,29086083,53136,2335462,3259357,30404934,4655170,168828
1635290273.368442,3254230,29571273,228162725,3290837,29765411,57292,2209037,3125774,30375251,4769385,183362
1635290273.4686089,3259868,29611573,228039534,3385926,29313461,56541,2392298,3074243,30546201,4812147,189575
1635290273.568796,3307146,29720981,228143038,3194305,29420741,56344,2074183,3165441,30153121,4682540,185200
1635290273.6689782,3562323,29658198,228302745,3332060,29655187,57915,2427597,3224111,30840018,4721535,200390
1635290273.7691576,3219124,29625709,228265061,3167127,28881605,56844,2195334,3219568,30741046,4746113,167026
1635290273.8693311,3391669,29585983,228184548,3251751,29671557,57031,2346369,3165462,30797821,4865749,186845
1635290273.969516,3165574,29437446,228101309,3219195,29078020,56903,2386854,3079425,30628732,4837990,179198
1635290274.069698,3321949,29584976,228063654,3320514,29721496,56675,2193907,3217641,30728100,4798175,191094
1635290274.1698782,3300072,29364298,228222254,3262500,29776249,57598,2169923,4692660,28572338,4713158,172196
1635290274.2700505,3350336,29339294,228159491,3246972,29482447,56759,2364185,3259894,30745575,4696262,193334
1635290274.3702173,3156751,29424167,228149029,3249730,29459251,56915,2214977,3138163,30694828,4874804,186694
1635290274.4703755,3232799,29495489,228083507,3399407,29589626,56971,2408856,3127406,30650708,4848677,197959
1635290274.570546,3395829,29630809,228144874,3193284,29604026,58074,2234880,3198188,30338761,4690564,181745
1635290274.6707087,3163500,29160332,227938955,3407650,29794986,57045,2406786,3235927,31062132,4692470,184085
1635290274.7708797,3428391,29793828,228254206,3186651,29712148,57478,1981195,3134974,30652191,4851449,177309
1635290274.8710504,3288019,29451194,228140197,3274009,29605609,58043,2437473,3922370,29210233,3531686,199205
1635290274.9712112,3145573,29618638,228122850,3403271,29173783,55407,2252863,3241577,30669217,4640744,188580
1635290275.0713778,3382032,29720611,228187565,3265898,29573579,56750,2234941,3210239,30859324,4675062,188987
1635290275.1715567,3305534,29545607,228101698,3270235,29733099,57375,2441273,3198529,30318570,4656081,183503
1635290275.271731,3392081,29625214,228104743,3271448,29818747,57364,2405116,3187756,30946970,4782058,184664
1635290275.3719,2991829,29585641,228200956,3395398,29606501,57459,2251497,2941846,30225361,4727229,201420
1635290275.4720583,3401294,29726275,228174271,3282045,29585537,56329,2426132,3337195,30530268,4690106,205328
1635290275.5722203,3282510,29604286,228122292,3272720,29436161,56351,2288659,3212020,30946274,4716287,179677
1635290275.672386,3244801,29561188,228139348,3295933,29657311,57489,2451223,3139735,30820291,4777788,180031
1635290275.7725554,3261348,29813200,227989408,3298073,29623163,57718,2415146,4548728,28498739,3566951,181848
1635290275.8727179,3263604,29661053,228212327,3269899,29730865,57016,2439684,3113904,30556370,4749427,162550
1635290275.9728844,3455273,29510248,228110259,3359030,29714462,56992,2279432,3197808,30882104,4710363,198599
1635290276.07305,3198271,29835330,228160194,3276020,29601253,56706,2290653,3138268,30732309,4788740,176741
1635290276.1732242,3396936,29719965,228090321,3271950,29780664,59498,2449778,3060604,30349141,4805341,190172
1635290276.2733939,3170093,29532077,228043189,3368838,29572511,58955,2047818,3150410,30429834,4688184,177921
1635290276.3735619,3367938,29502643,228109660,3297575,29778958,58902,2371321,3209542,30677975,4814564,179694
1635290276.473728,3394564,29475166,228179378,3272686,29490830,57784,2220362,3192864,30518357,4699820,190650
1635290276.5738912,3303718,29789241,228130087,3259935,29378958,58265,2394884,3231815,30997291,4758163,166906
1635290276.674056,3245407,29539121,228220736,3319212,29550179,62617,2204189,3149687,30539221,4792743,197817
1635290276.7742243,3242629,29121430,228025513,3366533,29482665,56221,2410931,3045389,30294400,4823817,180587
1635290276.8743975,3407412,29421257,228237564,3175099,29571938,57845,2077462,3237372,30476115,4744004,178617
1635290276.9745684,3405805,29597275,228056053,3303519,28512025,56847,2448689,3230339,30948748,4717011,195290
1635290277.074736,3219600,29826828,228086738,3172666,29514230,55933,2245234,3162267,30677167,4791145,160867
1635290277.1748965,3348682,29611069,228066093,3251555,29557584,57232,2444353,3132706,30462995,4789809,193329
1635290277.275055,3197480,29645182,228101156,3364759,29350106,57688,2211852,3207104,30327175,4709811,175686
1635290277.3752239,3410899,29615169,228146288,3250841,29419835,56472,2311045,3207008,30779299,4220309,181224
1635290277.4753854,3143579,29399177,228081862,3228454,29387552,56028,2376658,3265847,30524814,3525970,166675
1635290277.5755572,3414331,29541459,228250696,3233423,29626224,56907,2184664,3157548,30692900,4799172,207163
1635290277.67573,3178655,29525816,228042362,3231687,29558278,58425,2337415,3035487,30179326,4711931,189480
1635290277.7758956,3275955,29512904,228138163,3379942,29491359,56125,2393166,3113064,30770844,4929980,184049
1635290277.8760645,3387528,29507357,228120934,3273451,29800474,56735,2034674,3190369,30424923,4738776,181063
1635290277.9762385,3162667,29327771,228109859,3290704,29626650,55877,2874060,3220796,30894943,4687268,190883
1635290278.0764036,3384637,29480306,228111820,3173359,29422565,55784,2012742,3160831,30492400,4832199,187464
1635290278.1765673,3156652,29497918,228171724,3396580,29644495,56556,2394736,3131962,30437955,4707455,196355
1635290278.2767203,3286219,29270003,228159072,3374353,29824005,58417,2309318,3206998,30521720,4709976,178384
1635290278.3768878,3376806,29593424,228148649,3264658,29629606,56412,2214130,3217421,30823712,4611218,188699
1635290278.4770498,3282613,29590404,228066906,3268139,29793129,57087,2411146,3262285,30886087,4793309,190783
1635290278.5772192,3434829,29640661,228022650,3267008,29401623,56605,2410902,3150385,30644317,4706151,188395
1635290278.6773949,2979796,29709496,228113059,3377096,29490683,57232,2428509,3176924,30767589,4678897,174076
1635290278.7775662,3231384,28291487,218189639,3313282,27866477,53897,2183236,3107320,29088257,4484362,178793
1635290278.8777275,3382305,29268381,228188574,3278821,29568990,55625,2201163,3189777,30032020,4614953,204031
1635290278.9778955,3285924,29165022,228150564,3259169,29476856,55903,2373210,3209429,30288289,4565372,190127
1635290279.1782196,3225922,30326527,4652867,191364,3402978,29176452,228161110,3210382,29311022,56189,2178398
1635290279.2783804,3176745,30174214,4624767,196161,3226189,29443813,227982042,3350344,29529695,56249,2210134
1635290279.3785367,3106130,30021959,4719920,173854,3248985,29019778,228175897,3176324,29462660,55867,2312776
1635290279.4786925,3112894,30210506,4726276,195569,3341901,29220918,228090570,3271648,29213653,55955,2412312
1635290279.57886,3060438,30120667,4697795,203217,3211665,29486574,228296180,3338691,29252432,56957,2214216
1635290279.6790242,3047821,29918255,4655650,189123,2959650,29487209,228033952,3394863,29146725,57029,2425658
1635290279.7791843,3164362,29934335,4654708,184161,3359312,29323938,228126450,3299560,29677180,56216,2239447
1635290279.8793485,3427486,29379591,228148554,3265791,29320468,53388,2236046,3122175,30373941,4717939,182754
1635290279.979513,3258898,29192147,228073816,3257358,29261682,54966,2310186,3388367,30989459,4659328,185012
1635290280.079675,3253966,29439677,228124049,3277058,29434979,54588,2416678,3156936,30692641,4618159,189895
1635290280.280032,3124380,30458720,4727008,189964,3429249,29620904,228269822,3323345,29010388,54312,2125237
1635290280.3801823,3098432,30313794,4785205,189536,3200738,29281360,228037368,3249468,29131735,56232,2426287
1635290280.480335,3081867,30241823,4721785,197061,3247984,29311767,228229646,3484634,29477196,55634,2325003
1635290280.5804954,3066365,30048188,4774926,203388,3297237,29351731,228069978,3286573,28823008,56886,2219242
1635290280.680657,3149676,30082216,4700924,186601,3512747,29510251,228145385,3299890,29210646,55160,2188517
1635290280.7808115,3155727,29947988,4664968,192153,3419367,29357377,228084394,3257057,29125713,55318,2446105
1635290280.8809764,3180856,30589479,4703432,202317,3424213,29432791,228170677,3261601,29142413,54866,2258103
1635290280.9811392,3385390,29329923,228092697,3260903,29403426,58858,2262618,3119690,30086691,4497028,178821
1635290281.0813057,3257756,29266891,228161595,3248771,29080080,57726,2394217,3034982,30431326,4745588,187805
1635290281.1814601,3205900,28819423,228019062,3245342,29047309,58400,2403009,3256033,28419847,2920668,187025
1635290281.381781,3202156,30352960,4784296,196403,2995628,29233066,228202008,3336729,29258013,61629,2392358
1635290281.4819293,3088211,30112968,4705953,186225,3090985,28924565,228127802,3396864,29350984,58610,2429387
1635290281.5820882,3806021,28575508,3253485,184848,3253827,29325941,227920098,3210233,29165611,58724,2384213
1635290281.682244,3103874,30347524,4766336,195193,3363525,29450537,228082650,3417341,29546583,58717,2236333
1635290281.7824013,3220277,30204120,4669789,182838,3222501,29230033,228142926,3286400,29456488,57862,2287471
1635290281.8825634,3179364,30095859,4682003,189928,3505552,29309506,228256860,3260199,29454472,56441,2425330
1635290281.98272,3259146,30520369,4708590,196221,3413082,29346892,228073633,3279603,29470846,58683,2230303
1635290282.1332343,3203077,29345180,228165723,3267886,29328258,58884,2369123,3119907,30095668,4681518,176437
1635290282.1833315,3274471,29683075,228065901,3261613,29191123,59872,2430664,3081237,30538118,4879953,190461
1635290282.2838218,3217556,28945694,228019619,3298575,28804656,58293,2209827,3028952,30271441,4793746,193708
1635290282.4845972,3009811,30299759,4740042,179022,3388885,29296261,228146175,3242749,29141010,54751,2403582
1635290282.5849802,3214194,30445200,4735691,175768,3390649,28902328,228070826,3244469,29353903,55725,2216975
1635290282.6854422,3194164,30648620,4702481,190125,3276562,29685480,228062987,3222067,29646279,57222,2270954
1635290282.7858183,3235816,30687627,4599202,185251,3271694,29341920,228008369,3368875,29486747,56668,2427718
1635290282.8862355,3268601,30625610,4751545,190247,3350781,29687978,228170360,3140972,29211333,55931,2417459
1635290282.9866378,3044770,30177974,4683520,197377,2978809,29257960,228152810,3249410,29061359,57498,2402251
1635290283.0870824,3086658,30140015,4692754,185216,2983193,29492664,228049323,3383438,29381806,56859,2393143
1635290283.2378223,3352110,29337165,228049267,3287654,28660479,54653,2245348,3191313,30239902,4562005,193315
1635290283.2879133,3419110,29393601,228097228,3252713,29331302,55264,2212631,3214906,30548481,4707522,195353
1635290283.3883648,3288688,29448353,228197039,3243655,29355335,54773,2416378,3082256,30582242,4678948,185186
1635290283.5891511,3186108,30598485,4696352,191157,3410082,29160007,228151889,3198694,28891282,57435,2010024
1635290283.68953,3119332,30303641,4780277,198900,3187651,29290250,228071428,3235073,29050717,57161,2347774
1635290283.7900143,3137339,30364944,4718425,197648,3253126,29353113,228292022,3397491,29508287,58267,2413838
1635290283.8904867,3097084,30341970,4840283,199450,3412520,29399398,228059148,3173412,29380887,55811,2234316
1635290283.9909682,3202706,30211183,4658892,185641,3263561,28976541,228062267,3374710,29364801,55729,2295284
1635290284.0912929,3177519,30443417,4676749,181861,2528372,28340902,228124027,3275724,29524003,54456,2402149
1635290284.191827,3289718,30589412,4123311,202869,3263452,28748248,228077799,3287577,29478860,54058,2209973
1635290284.3424218,3960941,29328102,4682495,267142,3338621,29238791,228162425,3259687,29389129,55575,2267140
1635290284.3925126,3192054,30507158,4738367,176584,3269333,29394098,228117337,3272002,29720266,56426,2399826
1635290284.4930162,3192125,30395209,4411404,185543,3251432,29230340,227987585,3238575,29416165,56484,2380664
1635290284.5934305,3223148,31131636,4807926,185330,3222847,29615039,228048938,3331401,29500739,57025,1956985
1635290284.6938417,3039716,30411346,4743516,192094,3010387,29642195,228212948,3389916,29484367,55123,2686431
1635290284.7943249,3192030,30577138,4714709,173187,3416808,32411701,223616161,3413428,32509598,58947,2237581
1635290284.8947594,3127570,30654213,4818534,140301,3619584,33233578,226383674,3625282,33168177,64355,2497340
1635290284.995164,3499228,33863263,5166858,140587,3007867,26996718,190306476,3081000,28176395,53720,2111244
