1635340173.341575,8194506,53626368,513726479,8322998,73308503,169444,7538665,8308714,77824325,12542119,305610
1635340173.441696,8444384,74106399,525373117,8407800,74715791,176242,7662180,8297961,77159696,12578445,313344
1635340173.5418165,8619442,75278063,534868149,8586601,76495826,170110,7749841,8610286,80601282,12896470,315685
1635340173.6419368,8694359,77252471,545858400,8735377,78391549,170463,8044584,8825181,82623829,13168873,324304
1635340173.7420568,9133601,80714917,568799231,9075367,81430058,191247,8203246,9176395,85580464,13717754,341244
1635340173.8421767,9111432,79990546,566597342,9083463,80628724,189126,8212767,9091313,85119424,13718729,335492
1635340173.9422958,9510311,84468774,596836259,9601680,85800398,198167,8611482,9373955,87707936,14224389,353327
1635340174.0424156,9806631,86962825,610042002,9705301,86461889,199723,8810174,9752651,91486179,14600475,358443
1635340174.1425347,9967802,88696735,625923464,10064315,89628773,204682,9092894,10081138,94479011,15075581,375684
1635340174.2426531,10217527,90782451,639104416,10273315,91519247,199811,9255245,11101488,94748220,15305810,370207
1635340174.3427727,10345640,91484128,642640065,10281663,91616790,217379,9435258,10547004,96110002,15496520,378030
1635340174.4428926,10431500,92904486,653151494,10457521,93566319,217605,9445125,10486690,98747607,15711465,393514
1635340174.5430112,10728772,95067084,669244132,10678043,96304286,204403,9642230,10747216,100710703,16137132,392038
1635340174.64313,11063893,98044997,686274643,10973162,98093532,217207,10015253,10961550,103100361,16428746,409743
1635340174.743249,11017016,98209347,690293403,11044603,99058133,232138,9949124,11051673,104659061,16680497,413692
1635340174.8433676,10909388,97624003,686871418,10958178,97920721,208349,10124712,11059175,103713149,16503786,401388
1635340174.9434872,11086226,89527469,714464834,11459878,103100470,230186,10338995,11448056,107569652,17168211,422682
1635340175.043606,11525416,102437866,720016166,11531873,103335409,236107,10486625,11574133,108415658,17235913,421136
1635340175.143725,11649070,103661293,726526250,11611060,103684367,230319,10419018,11642739,109514774,17465404,429924
1635340175.2438433,11585589,101754697,721197560,11612995,104227205,239656,10560008,11631604,109370156,17409894,428169
1635340175.3439617,11679168,104104343,727896816,11651184,104382128,235823,10636358,11684656,110067063,17523751,426378
1635340175.4440808,11647423,103925964,729253791,11680212,104760801,223711,10681220,11674012,109762930,17472655,435397
1635340175.5442016,11744112,104355805,731448983,11725527,105237688,241797,10654665,11735921,110451160,17583155,435973
1635340175.6443214,11691990,104143830,728557657,11670912,104394380,235594,10650941,11665438,109832585,17515290,436071
1635340175.7444422,11663404,104282764,728532925,11676950,104637470,225914,10550063,11719804,110035703,17564671,421423
1635340175.8445606,11456073,101756321,716035187,11544033,103107851,239582,10542043,11463227,107775917,17225594,429371
1635340175.9446805,11682961,104749256,731874735,11780117,105177728,239507,10673953,11717472,110352908,17567054,426999
1635340176.0447986,11621300,104763233,729746580,11699719,104707708,228546,10418447,11641137,109849818,17492052,429521
1635340176.144917,11656573,103928806,727499005,11716605,104769291,241147,10464440,11756883,110185858,17538344,425350
1635340176.245035,11685719,104560044,731839295,11717851,105070852,239686,10508556,11778965,110356432,17564582,430245
1635340176.3451538,11787677,105314169,734784200,11791369,105235629,233676,10235137,11760820,110079901,17657901,430534
1635340176.4452722,11831755,105109785,736235182,11842765,105600598,226160,10210279,12370189,109307081,17703481,428428
1635340176.545392,11764388,104547104,731052720,11697459,105166930,239836,10645826,11717202,110502438,17586445,432024
1635340176.6455114,11755281,104778559,732599449,11774942,105186539,240032,10705944,11711796,110378901,17611429,431734
1635340176.745631,11755307,104818017,734613751,11830818,105231219,244898,10746953,11802953,111187671,17694677,435640
1635340176.8457503,11481951,102612287,718607303,11566396,103262061,219388,10499066,11541102,108362659,17256598,418595
1635340176.9458685,11711476,104803503,733549427,11493945,101921217,266144,10620297,11697103,109184119,16432348,430682
1635340177.0459874,11620718,105109653,737880814,11693802,104619537,273954,10253369,11590966,109498408,17313417,405797
1635340177.146108,11854986,106684191,745106991,11815489,104828872,279342,10527178,11595141,109804331,17498816,409022
1635340177.2462313,11702266,105279897,743286804,11867877,106025364,240601,10792133,11912112,111282420,17681005,446117
1635340177.3463552,11718149,104993115,735787878,11760555,105116852,242345,10501017,11766120,110026328,17526390,428078
1635340177.446479,11824431,105798600,741840448,11862480,105625037,240155,10699550,11842585,110597785,17668980,435100
1635340177.546603,11762862,105487453,741093185,11841856,105239918,239761,10850264,11812413,110420824,17689941,445434
1635340177.6467268,11715219,104615971,734388900,11702532,105034795,241317,10605842,11852862,108816048,16072159,421329
1635340177.7468464,11742312,104997303,737986734,11795278,105688993,250415,10682626,11826506,111386131,17688293,441030
1635340177.846973,11505359,103414707,721245975,11517723,102727210,238398,10457484,11422174,106989222,17166300,422801
1635340177.947097,11738355,105424623,736509401,11754059,105284546,229287,10675254,11808807,110854611,17560134,437897
1635340178.0472171,11697815,104770714,734502198,11739756,105083139,246724,10774241,11755140,110383855,17628733,431665
1635340178.147336,11703584,104708535,734150970,11776514,104533222,242844,10587968,11765544,110384898,17638391,430891
1635340178.2474544,11548423,103789101,736790814,11707516,105384760,242788,10704053,11752205,110084009,17535106,441201
1635340178.347573,11661170,104598310,731499119,11706405,104693419,227640,10720693,11714926,110151669,17545617,427823
1635340178.447692,11615585,104719482,731741130,11717098,104601476,245435,10658741,11702587,109824272,17548146,435449
1635340178.5478125,11678246,104524338,732602165,11725929,105075947,241122,10620680,11694804,109547040,17557756,433204
1635340178.6479318,11665268,104800587,732981464,11706334,104299663,228000,10622848,11661606,109675907,17580969,435333
1635340178.748051,11599880,104567309,732107853,11707935,104775103,247435,10515102,11662162,109936305,17497641,433255
1635340178.8481705,11403539,102578955,715843610,11433338,102142171,247727,10310921,11477127,107353499,17125790,420168
1635340178.94829,11710110,104689286,736920068,11772921,104964158,227129,10709208,11838320,110639618,17735960,438768
1635340179.0484085,11765104,104989549,736310868,11637402,104372308,243008,10617931,11789400,110722126,17642685,428578
1635340179.1485405,11679410,104655752,733536193,11717272,104351863,249436,10676252,11754368,110689666,17612427,435590
1635340179.248668,11733584,104838837,735815484,11793450,105346273,236870,10791165,11720549,110197397,17635324,438758
1635340179.3487878,11631793,104622664,730536511,11667547,104276039,237684,10593000,11692428,110163530,17495376,424671
1635340179.4489067,11667527,104805630,733311574,11758672,105197991,251653,10756464,11721916,110423930,17607939,433599
1635340179.5490253,11633850,104405659,730902317,11694490,104955319,247105,10605720,11632184,109702116,17481140,430052
1635340179.6491446,11652378,104617903,733506989,11747343,104906220,242772,10710730,11699073,110403488,17623004,432531
1635340179.749263,11680161,104459803,732155448,11740765,104912725,236911,10625873,11724386,109919413,17533088,430934
1635340179.8493822,11415098,102408754,716991918,11472816,102554656,226673,10412452,11437464,107288517,17132814,424808
1635340179.949501,11614930,103961366,730708082,11658680,104714547,241099,10529087,11666902,109575924,17526674,430161
1635340180.0496192,11634860,104505779,732955981,11648245,104618049,238566,10539057,11737498,110316753,17601198,435466
1635340180.1497378,11655070,104689372,733118290,11642127,104691504,241839,10653902,11686687,110182760,17608292,431555
1635340180.2498553,11690768,104314253,732472261,11686235,104485664,234212,10732888,11730602,110527326,17663520,427815
1635340180.3499732,11530558,102798170,724782576,11524119,103453941,242644,10531148,11526348,108529446,17332466,434223
1635340180.450074,11718391,104893182,734042432,11703202,104770283,229118,10587957,11684601,109917298,17577407,429615
1635340180.5501935,11640311,104175047,731105015,11653903,104605367,243162,10564349,11751047,110492699,17605654,429999
1635340180.6503146,11763969,104883042,737929415,11767098,105233549,256621,10936044,11791060,110227592,17664957,438869
1635340180.7504342,11490124,103778567,730998153,11641635,104656223,244795,10625720,11636100,109534969,17478351,440521
1635340180.8505533,11366190,102016127,714472129,11367495,102146565,234161,10233402,11418296,107520586,17155639,418547
1635340180.9506721,11673646,104541502,733346110,11685331,104376334,243317,10470399,11788198,110449142,17576171,430506
1635340181.0507917,11581865,104320571,729388240,11622698,104555875,251674,10569663,11668615,109387983,17511300,433066
1635340181.1509104,11618626,104926197,730315992,11587359,104330028,239245,10565010,11688342,109259902,17499324,428857
1635340181.2510362,11248762,100515142,710687645,11138165,101738428,228678,10043577,11321647,106445048,16945358,403907
1635340181.351168,11325933,102280383,713407643,11281944,102160018,238895,9904154,11467813,108514707,17279657,411469
1635340181.4512906,11213866,101952949,709648376,11088849,101128386,233995,10015569,11358706,104928372,15655400,413172
1635340181.5514104,11043230,100720783,706822517,11202992,98326470,206729,9600797,11244087,105702484,14636327,402785
1635340181.651533,11401784,103322597,716596897,11347675,102263674,242557,10120377,11508356,108656440,17247349,415839
1635340181.751652,11333591,102339619,718690417,11414705,103500111,237523,10160914,11480070,108623317,17213691,418259
1635340181.851771,11135210,101004222,702046772,11119520,100507006,236726,9955904,11159464,105135796,16844856,401482
1635340181.9518905,11459318,103447174,720111397,11459726,103172273,218067,10265873,11526348,108824739,17288104,421281
1635340182.1022882,11582253,104455664,729033946,11535574,104916314,240796,10411717,11631485,108637384,17457485,427992
1635340182.2024102,11553109,103773092,724909739,11524890,103852681,243770,10389098,11582619,107799479,16190266,390424
1635340182.3025289,11467600,103277173,722498165,11504070,103577298,233527,10181456,11607044,110160331,17287114,418827
1635340182.4026475,11491420,103393424,724218400,11520394,103824801,227820,10395196,11563777,108915328,17422376,425819
1635340182.5027673,11496110,103352510,722661064,11481799,103095847,241206,10402612,11596959,109801845,17422644,422376
1635340182.6028862,11404351,103142438,719259758,11437406,103543526,234698,10246548,11489734,108905666,17316342,420072
1635340182.7030063,11525936,103877146,723829947,11516601,103976928,234308,10441437,11511708,108032935,17347551,424235
1635340182.8031263,11527133,103944484,725225323,11566236,104019365,235333,10496976,11558977,109241670,17448864,419963
1635340182.9032462,11325366,101747646,709471056,11284917,101721927,240179,10277399,11341785,106260874,17007110,412213
1635340183.003367,11599141,104101528,728220507,11623335,104493919,240498,10513786,11661045,109334675,17550038,421248
1635340183.1034863,11648465,104230261,728969067,11623677,104367590,250095,10556760,11700748,109654438,17522567,428180
1635340183.2036061,11686428,104932766,732093804,11668125,103932779,218489,10449601,12392238,104970389,16114449,425989
1635340183.3037271,11395483,104527771,727211359,11531090,104277420,234024,10031320,12678310,106069533,15794572,417602
1635340183.4038682,11682797,105107465,733319124,11509984,103292578,253886,9681995,13390165,105579743,16709565,427284
1635340183.5040035,11505491,104080819,724338046,11549390,103987976,246429,10406097,11532232,108412622,17353648,417483
1635340183.6041234,11604208,104294339,727987570,11574469,104013528,217453,10347925,11640812,108947133,17492391,421963
1635340183.7042422,11561262,103738012,726372980,11551409,104277463,250449,10456686,11579019,108837147,17393057,418841
1635340183.8043616,11553842,104112086,727151178,11623363,104648925,242389,10580671,11668321,109494389,17498688,422481
1635340183.9044797,11232587,101092122,706564075,11296906,101732501,234363,10085141,11301732,106766457,17029586,410952
1635340184.004599,11428588,102521433,737739106,11239018,102943621,234390,10452194,11815781,110708197,17694712,428922
1635340184.1047301,11350056,103939278,722456522,11471397,103504874,242299,10356938,11548899,108681528,17125313,459029
1635340184.204854,11569804,103959417,725604722,11529484,104166834,243877,10506264,11594204,109111454,17468774,427501
1635340184.3049736,11693001,105370769,733375390,11325039,100317120,232376,10617123,11670724,109524397,17614032,430262
1635340184.4050927,11598478,104103473,727889782,11572542,104181195,242954,10375995,11653044,109526415,17546745,422626
1635340184.505211,11563237,104436217,727395082,11561210,104352469,239735,10446721,11559021,108755220,17371259,421043
1635340184.6053298,11616426,104204913,727615478,11612688,104254391,244220,10547920,11609436,109468056,17555562,425289
1635340184.70545,11625645,104238782,727728096,11598324,104608478,243819,10495222,11638343,108923532,17430111,421606
1635340184.8055704,11497960,103316296,721217775,11480201,103183890,235301,10568629,11534662,108188922,17293755,418038
1635340184.9056904,11358800,102157650,715938366,11409757,102250053,243434,10328527,11470986,107674934,17238340,420567
1635340185.005809,11477529,104242660,729465413,11642445,104487150,238279,10539837,11666549,109919640,14767837,412085
1635340185.105928,11642625,104404963,728569218,11614682,104328905,243388,10577525,11593790,109111783,17403592,424647
1635340185.2060468,11641619,103952771,729588860,11587509,104050222,234099,10560281,11680848,109694352,17526342,424905
1635340185.3061655,11449358,102832485,728893924,11631561,104375715,247713,10534516,11685230,109702523,17502817,425392
1635340185.4062855,11599676,104039192,726906282,11630630,104183321,239895,10470871,11585534,109061333,17478967,423278
1635340185.5064037,11593875,104248403,729322241,11618821,104325767,245190,10377460,11621560,109753483,17584663,431411
1635340185.606522,11580077,103793168,725846108,11576847,104124095,248110,10411850,11628553,109564897,17528635,423557
1635340185.7066407,11639837,103932561,728282817,11666364,104699882,235911,10488308,11663057,109386823,17508959,421302
1635340185.806759,11226077,101480733,708989210,11306958,101684946,231578,10191912,11328105,106698584,17013239,410123
1635340185.9068782,11597333,104115333,726657274,11558656,103788754,240980,10557260,11595232,109183753,17495373,423215
1635340186.0069973,11554628,104036247,726825187,11613665,103727506,253310,10479271,11604700,109478070,17542991,427312
1635340186.1071167,11635486,104170806,727093410,11645904,104594476,233577,10526190,12154160,108322823,17432086,423390
1635340186.207235,11537967,103454091,724790288,11554465,104059025,237179,10490479,11539683,109468663,17485011,422201
1635340186.3073542,11620116,104099836,727282661,11613385,104386740,254098,10498948,11503781,109701918,17537336,425887
1635340186.407473,11602700,103959588,726215360,11576965,103769029,223638,10350917,11623692,109815514,17499230,421962
1635340186.5075922,11574534,104847133,728123949,11613341,104680423,238210,10468255,11607497,108918827,17454731,429172
1635340186.6077101,11572461,103884455,727423608,11602565,104196801,238895,10511318,11584600,109336540,17494999,425822
1635340186.7078285,11632466,104424372,728152128,11614803,104495317,234764,10591036,11584759,109323291,17432888,427849
1635340186.8079464,11379566,101965741,712592861,11354905,101437548,210795,10230396,11371562,106655877,17151185,418022
1635340186.9080644,11371317,103734887,726963648,11633069,104789021,245959,10514198,11635081,109265039,16212922,426676
1635340187.0081828,11264363,103215671,729466900,11629546,104550010,241801,10465043,11555875,109226702,17382521,412473
1635340187.1083016,11646716,103883441,728726467,11636663,104704772,242993,10458037,11583327,110258443,17552039,424781
1635340187.2084203,11655026,104384130,731312173,11684153,104842169,249317,10654421,11643076,110058045,17543022,427680
1635340187.308539,11577920,103693877,725128224,11565000,103858670,245720,10514863,11555476,109039846,17394911,424095
1635340187.4086733,11807521,105753178,741708138,11405200,100610518,229417,10751107,11814614,110879319,17767604,441878
1635340187.5088062,11613454,104170897,729462820,11648813,104724370,230255,10475858,11532038,109578163,17538251,425199
1635340187.6089268,11693367,104404000,731811249,11734782,105140188,253904,10687845,11648194,109742899,17508086,429331
1635340187.709047,11540215,103425642,723792950,11538087,104010696,239397,10298334,11540235,108950402,17370122,423546
1635340187.8091655,11419674,102139020,715056829,11435452,102025569,246280,10475617,11418523,107741655,17192742,424374
1635340187.9092844,11653180,104337286,729752209,11655105,104706122,225543,10624612,11598691,109628115,17502451,427058
1635340188.0094035,11623799,104100765,726429805,11575946,104337933,242702,10423874,11576144,109098479,17419830,426208
1635340188.1095233,11625628,103769100,727830949,11614853,104402352,244415,10402272,11577621,109112569,17458912,429107
1635340188.2096412,11594608,103949797,728974262,11663749,104597526,256156,10539518,11641893,109351481,17439582,428581
1635340188.3097599,11648523,104830670,731208231,11700237,105154033,247142,10543860,11583787,109250975,17466232,432949
1635340188.409878,11571807,103613050,725529104,11576640,104093373,234302,10535071,11547096,109929186,17414248,417089
1635340188.51001,11537791,103847269,726112746,11571435,104266936,244524,10477639,11542584,109122569,17395908,427671
1635340188.6101294,11572969,104054793,727153901,11567670,104109334,248301,10514380,11590746,109350522,17417203,425868
1635340188.7102487,11603719,104988110,730753602,11673627,104553111,246362,10621575,11584068,109029016,17384526,438583
1635340188.8103669,11369686,101719514,711111662,11336689,101392621,223021,10296680,11370924,106785906,17025048,425079
1635340188.910486,11591212,103442095,724565005,11540433,104091604,258929,10270021,11613668,109181463,17472032,426307
1635340189.0106058,11607604,103769184,729463177,11588432,104633994,245181,10583458,11655343,108988665,17461937,431330
1635340189.1107252,11619733,104089737,728671900,11609968,104087741,237004,10531882,11628085,109213715,17410963,434478
1635340189.2108462,11592341,103945809,726131750,11632155,104168412,246479,10608756,11607180,109378277,17415207,437368
1635340189.3109705,11551430,103551218,723875751,11546805,104093135,255536,10341286,11562630,109243255,17317827,430746
1635340189.4110942,11622314,103989683,729241709,11616117,104314721,234326,10497341,11560414,108582669,17395745,428143
1635340189.5112276,11583805,103672652,724932154,11583509,103674226,255111,10393151,12852620,107497357,17411492,434918
1635340189.6113598,11668267,104420185,728216786,11641891,103808106,237377,10570084,11596993,109389159,17447645,434463
1635340189.7114856,11536405,103615561,724117466,11544675,104099106,232069,10356235,11549896,108584703,17300311,447215
1635340189.8116093,11312447,101908895,712556246,11344245,101941420,249393,10279338,11302590,106276205,16960866,430196
1635340189.9117334,11577774,103975864,726143783,11580324,103985559,247976,10425295,11567838,109255261,17396667,434752
1635340190.0118635,11599887,103833734,726659121,11635305,103708100,225163,10434208,11600053,109337998,17412497,434041
1635340190.1119895,11550743,103969941,726139407,11596673,103751173,247481,10411344,11611645,109443008,17401414,446877
1635340190.2121134,11578299,103932466,727120056,11599142,104099079,250649,10457104,11632462,109270033,17380777,438568
1635340190.3122368,11623697,104199866,726862354,11637638,104070882,229411,10502954,11609741,109313570,17398622,430147
1635340190.4123611,11523289,103921806,726038225,11561867,104068706,251159,10339915,11553192,108894404,17310537,445218
1635340190.5124848,11648059,104173777,730212036,11670513,104274648,252493,10579280,11691442,110039799,17474802,435759
1635340190.6126044,11623787,104287419,727852271,11605055,104288286,242226,10575099,11610927,109330103,17358906,439291
1635340190.7127235,11680979,103581785,745221317,11583422,105372208,259749,10127549,13273233,105606688,17819453,453288
1635340190.812843,11395422,101887096,711634729,11390580,102326559,231362,10202135,11406459,106787908,17029219,423704
1635340190.9129627,11703951,104976583,732187469,11674860,104744523,232996,10518052,11690848,109970540,17464103,435406
1635340191.013082,11565775,103874711,725954916,11595663,103854699,245040,10455559,11554863,109584743,17419310,429109
1635340191.1132023,11614386,104200908,727978690,11650199,104324279,272294,10353244,11659311,110112245,17460067,433332
1635340191.2133214,11661232,104187726,729575966,11708650,105185328,231368,10530434,11611316,109758515,17470463,432392
1635340191.313441,11663542,104641426,730053650,11635632,104510530,236191,10584331,11682962,109775210,17532485,423505
1635340191.41356,11616278,103616259,726666616,11622877,104493330,248561,10418173,11600061,110652196,17438911,437964
1635340191.5136786,11580855,103676568,725779168,10879952,96563340,238262,10535416,12246449,104140364,15633015,434963
1635340191.6137972,11707856,104758122,730787775,11694523,104914149,249042,10484605,11608787,107608625,16190401,426860
1635340191.7139163,11626694,104623704,729363885,11636670,104428079,230696,10662660,11636120,109795697,17439062,429502
1635340191.8140357,11366928,101814431,711966263,11350584,101836674,239884,10261434,11402502,107968876,15448794,423562
1635340191.9141548,11656840,104392513,730394044,11661330,104535182,254848,10480200,11705461,110381362,17497079,449278
1635340192.0142736,11683925,104901128,730347306,11653038,104779054,237043,10511403,11590020,107949392,16084562,432561
1635340192.1143925,11631052,104126083,728105345,11637998,104138310,244183,10510418,11686974,110381782,17458702,431375
1635340192.2145116,11560113,104105240,727555078,11609743,104423745,267197,10634458,11568806,108787543,17356114,446217
1635340192.3146296,11565255,103569829,724062575,11579299,103881884,249532,10535533,11494234,108124228,17255956,435057
1635340192.41475,11593862,104010276,725550068,11581018,103639254,224308,10391227,11632069,109764321,17404220,438303
1635340192.514869,11603448,104068952,726335168,11587989,103993068,240120,10360130,11587440,109244870,17314036,451688
1635340192.6149879,11599285,104214197,729293429,11622373,104610183,249382,10395434,12570601,108324136,15916253,446323
1635340192.7151058,11683294,104356103,730303149,11695032,104855399,250350,10529941,11660058,110010563,17469731,434013
1635340192.8152244,11391352,101664564,711300215,11363570,101811830,228361,10277423,11424043,107276827,16917305,422476
1635340192.9153426,11547009,103011065,725132331,11577480,103963956,245297,10517751,11623553,109573309,17437017,441563
1635340193.0154617,11658287,104516580,729943146,11697596,104571116,264594,10650537,11612495,109760380,17387444,436269
1635340193.1155806,11656867,104189466,727669677,11671680,104697887,215438,10533432,12549477,108681922,16484812,438500
1635340193.2157001,11617497,104429822,728387688,11621608,104245886,242832,10493608,11609327,109482077,17361893,437063
1635340193.3158185,11665239,104856205,728410283,11629761,104395266,251202,10321320,12764676,106997466,17328709,436123
1635340193.4159367,11658489,104161111,729132443,11668814,104562139,250524,10559405,11668320,110296273,17480447,441428
1635340193.5160563,11667338,104161038,728202819,11653252,104351964,228978,10501399,11632984,110040900,17477328,435541
1635340193.666234,11649232,104516503,732455217,11711561,104893510,244612,10706962,11707061,109865012,17554463,440484
1635340193.7663531,11655457,104887195,731059890,11680286,104420088,255403,10684548,11624396,109640843,17492802,461954
1635340193.866471,11390085,102167498,712060378,11376220,101713655,238883,10361757,11354221,107081115,16975309,423370
1635340193.9665892,11676279,104711418,730338295,11656978,104411842,241008,10416810,11649875,110009246,17461045,444777
1635340194.0667074,11654254,104475709,730644143,11616200,104836384,237106,10559827,11661665,108346533,16363895,433049
1635340194.166826,11565216,103922246,727766948,11615398,104125960,256458,10614845,11618310,109260812,17357228,445413
1635340194.2669442,11650026,104324495,728240792,11614126,104180831,254195,10456139,11677180,109726020,17465571,435009
1635340194.3670628,11612770,104260065,728774330,11608116,104038504,238776,10502628,11654029,109565198,17389832,434818
1635340194.467181,11625050,103703863,731995322,11742581,105118315,251073,10621968,11731913,109784510,17446112,444943
1635340194.5672998,11653551,104331766,728899317,11645309,104316894,253900,10539182,11661483,109440989,17385535,433227
1635340194.667418,11660355,104411388,730866875,11695359,104832177,222271,10567072,11654482,109310041,17488976,442808
1635340194.7675362,11628238,104196968,728704916,11646988,104667030,241395,10478254,11649281,109495124,17444575,452832
1635340194.867654,11273059,101527638,711059223,11380609,101874180,241699,10311086,11348039,106578371,16997929,433378
1635340194.9677734,11668219,104122334,729571959,11663549,104270747,234491,10545230,11676211,109808005,17513982,434923
1635340195.067892,11669878,104512740,730574463,11647944,104380004,242176,10637361,11631694,109936574,17437655,432873
1635340195.1680105,11642567,104325518,730422994,11652928,104819745,249690,10594116,11619407,109429949,17478402,439640
1635340195.2681282,11609434,104319307,729882900,11668854,104362754,248207,10640481,11631178,109257543,17423998,463608
1635340195.3682482,11670699,104551434,730362110,11656056,104040310,224673,10548198,11634159,109766584,17458733,431683
1635340195.4683669,11657585,103696396,729036442,11678668,104753955,248324,10594585,11663909,109642381,17435124,441053
1635340195.568485,11616420,104158913,728779317,11612465,104175645,246865,10610246,11649819,109060323,17474144,447557
1635340195.6686122,11727634,103811991,737191955,10949740,97087815,227374,10729455,11760367,110370133,17638236,436983
1635340195.7687428,11635404,104110378,729424133,11465873,103764328,247816,10580770,11618306,109516902,17439754,433412
1635340195.8688648,11358508,101628369,710199718,11321289,101293451,234982,10252300,11321181,106946684,16943347,440431
1635340195.9689841,11638010,104120424,728606641,11614897,104184293,249265,10584770,11669737,109206442,17478245,441406
1635340196.0691028,11599887,104248840,729138127,11637030,104606193,253079,10678812,11626632,109286847,17411282,438402
1635340196.1692238,11548607,104041973,727155203,11611433,104130865,248550,10642964,11629936,109305765,17432197,432889
1635340196.2693472,11593141,104079966,727557828,11582576,103948926,244019,10490138,11597038,109024564,17391214,440474
1635340196.3694704,11608096,103866064,727203549,11608865,104004884,245281,10547000,11642087,109460862,17382858,445648
1635340196.4695938,11584322,103621133,726790072,11619129,104129744,252665,10482700,11642947,108792606,17420924,442384
1635340196.5697165,11591729,103574115,724562646,11583293,104134957,231143,10361976,11601696,109110378,17344675,441925
1635340196.6698387,11732320,104586374,732056701,11661258,104273955,245729,10677453,11619277,109329890,17507338,441336
1635340196.7699623,11615855,103830438,727610953,11608940,104110401,265513,10526439,11586658,109063033,17439605,433562
1635340196.870077,11420001,101581484,713037976,11418077,102493967,243804,10393961,11356885,106600542,17074188,435977
1635340196.9702141,11630010,104326483,728366096,11650402,104266877,242231,10579445,11566246,109184486,17433212,428798
1635340197.0703394,11586954,104006936,727081172,11596082,103719000,242192,10412242,11560003,109199409,17314249,437976
1635340197.1704626,11566068,103300620,726359157,11616148,104201770,253123,10625113,11629452,108991268,17392447,425964
1635340197.2705877,11527568,103932947,724423400,11575180,103960077,248002,10462221,11530949,108797025,17295322,432315
1635340197.3707118,11696625,104403805,732345481,11695420,104489020,233484,10652813,11663869,109724164,17531329,446496
1635340197.4708357,11621949,103818470,729416595,11631605,104359301,272166,10576862,11634497,109439689,17443443,445726
1635340197.5709589,11595218,103793567,727006679,11654321,104600546,260734,10631749,11600078,109279708,17460350,430791
1635340197.6710825,11545181,103427173,724986833,11544470,103847631,246673,10357824,11539808,108982656,17324725,441106
1635340197.7712064,11572310,103819284,726409314,11572858,103539304,255412,10495832,11556653,108827228,17397807,430496
1635340197.8713415,11376256,101500344,711429123,11382338,101496551,224559,10381997,11339100,106721291,17019607,420495
1635340197.971476,11614878,103823390,727720673,11590365,104076182,246592,10496858,11624799,109311419,17425515,441900
1635340198.0716038,11563052,103541834,724323434,11572217,103591660,244980,10469538,11585404,108942892,17378547,431110
1635340198.1717284,11621470,103913368,728212407,11631587,104244862,250087,10666871,11582710,108917320,17385067,434820
1635340198.2718537,11544928,103603189,724855292,11571002,104181318,246638,10495254,11597929,109587158,17335293,434610
1635340198.3719828,11608372,103801768,728505712,11639045,104273567,249603,10568823,11632004,109386703,17461014,431051
1635340198.4721074,11586065,104018239,728147966,11603256,104184586,250136,10501254,11605373,108920196,17394746,443205
1635340198.5722327,11644994,104386854,730388235,11652715,104356526,251993,10632880,11598698,109036926,17434748,440426
1635340198.6723573,11574307,103689882,726798938,11623019,104187781,251393,10684878,11606799,109238867,17386656,435608
1635340198.7724822,11633707,103710718,728964084,11660147,104469694,263991,10571006,11649993,109212944,17452459,440565
1635340198.872606,11411202,102097908,715729790,11417780,101686477,245564,10393945,11449137,106953533,17117703,435389
1635340198.9727476,11738093,104541542,731996161,11701389,104293111,236375,10734800,11655606,109442970,17488318,438547
1635340199.0728729,11624347,103840788,728221819,11670325,104100271,246124,10476525,11644670,109825555,17484440,431590
1635340199.1729975,11639082,103904760,729838568,11670536,104510841,241704,10590434,11606137,108897929,17410148,440865
1635340199.2731216,11657628,104108300,730512581,11672354,104642473,255733,10706400,11669301,109206515,17362891,460612
1635340199.3732455,11691859,104801542,732247208,11650797,103361703,237269,10775576,11684107,109553388,17492380,440779
1635340199.473369,11690379,104017586,730610812,11681636,104385687,255492,10674491,11717991,109626472,17453600,432839
1635340199.5734925,11662561,104163298,730180631,11646322,104202675,254879,10541790,11689972,109599089,17512420,471668
1635340199.6736164,11682166,104303430,731581798,11674718,104428126,238153,10696649,11598030,109528073,17570046,439252
1635340199.7737403,11624508,103923037,728535208,11602095,104086503,261538,10593546,11622680,109564011,17430921,434854
1635340199.8738666,11342745,101257010,710417397,11386901,101456634,239586,10231180,11305493,106167920,17065719,426325
1635340199.9740121,11616616,103748952,728055261,11634346,104081082,248717,10529219,11702518,108619106,17475744,437008
1635340200.0741374,11632807,103868358,727739946,11641485,104236596,276691,10544326,11628700,109561070,17438462,442982
1635340200.1742618,11746945,104466414,732138926,11732841,104674101,245597,10618458,11682031,109733826,17508578,445897
1635340200.2743855,11586676,103681874,728782355,11664566,104152933,245385,10633257,11691250,109798104,17499924,432685
1635340200.374509,11652093,104193229,729591746,11667387,104284185,253621,10521269,11596206,109511499,17475909,440945
1635340200.4746332,11468295,103127311,727762941,11613131,103935572,245840,10695099,11646009,109399648,17519087,436297
1635340200.5747576,11628155,104196296,731042790,11558348,103826732,247951,10509077,11553418,108573739,17233691,434928
1635340200.6748817,11620528,104199932,729112375,11621992,104083407,248358,10582889,11601594,108471744,17384672,440511
1635340200.7750063,11562844,103346110,725676530,11564073,103804598,244276,10591004,11597640,109736012,17440295,430882
1635340200.8751297,11387549,101666463,713028401,11381881,101990959,246467,10343810,11319983,106521358,17036444,430950
1635340200.9752734,11736192,104524609,733253415,11691689,104340199,240939,10688866,11686587,109462776,17493860,445189
1635340201.0753994,11647599,103785619,730528408,11644470,103987053,252735,10621507,11681845,109781451,17540861,439280
1635340201.175524,11620846,104088541,729500274,11617676,104293959,276406,10589108,11602015,109245272,17385058,438704
1635340201.2756486,11605172,104140401,730272497,11620253,103685174,228998,10620253,11628222,108912674,17461305,440479
1635340201.3757727,11629686,103843332,729235642,11643988,104119289,250652,10460466,11687785,109851955,17530829,434331
1635340201.4758968,11750863,105178001,737884511,11807085,104380887,230570,10395982,11735373,107120436,14711540,446109
1635340201.576021,11645161,104131786,729126609,11607884,103926964,227404,10373466,11633604,109301894,17427529,446016
1635340201.676145,11627344,104054903,729616427,11627235,103971510,255200,10711129,11637864,108946883,17417945,436692
1635340201.776269,11603060,103984634,728324052,11639923,104258228,256416,10607870,11594795,108857414,17343453,440240
1635340201.8763924,11348353,101172193,710525538,11301631,101982203,244517,10283313,11359619,106501678,16969300,437109
1635340201.9765298,11722963,104405685,731531179,11671569,104363178,231130,10249868,12776274,107377416,17447240,441077
1635340202.0766551,11688229,104085761,730601812,11657288,104334892,260069,10706800,11640436,109361582,17402216,442700
1635340202.1767786,11664804,104116080,729794154,11682856,103911419,245072,10320982,11661474,109620750,17505489,442503
1635340202.2769039,11632845,103810592,727716647,11641391,104103779,246318,10616259,11613685,108850243,17424916,434652
1635340202.377027,11654744,104253192,731385907,11635584,103901165,238802,10842556,11714622,109566716,17575136,434565
1635340202.4771502,11603201,103503704,726953390,11615815,104031917,266046,10603990,11637980,109329871,17434099,445670
1635340202.5772738,11628506,103836614,728035444,11663657,104279162,250889,10510561,11597524,108595090,17411097,437048
1635340202.6773975,11642040,103925552,729241523,11641082,104188240,226508,10643975,11617763,108704691,17432383,437653
1635340202.7775211,11639943,103733912,727466323,11628089,103881371,252054,10502567,11640357,109229127,17403553,440753
1635340202.8776443,11473978,101009083,713680105,11426525,102045098,245474,10306263,11402550,106706168,17115999,435278
1635340202.9777846,11639535,103920933,727779114,11642432,104158239,239143,10392938,11558895,108594664,17333736,443625
1635340203.0779114,11643569,103885342,729655431,11639735,103981905,246836,10762045,11646975,109102753,17431725,440369
1635340203.1780345,11619760,103916831,728221344,11606601,104032752,243405,10573137,11652258,109159337,17451879,433733
1635340203.2781584,11591186,103592352,726968532,11603332,103825544,241410,10522657,11616351,109170300,17367917,449679
1635340203.3782809,11609097,103846125,727741838,11616336,104274648,260920,10610817,11583465,108633622,17320790,445019
1635340203.4784048,11625546,104256343,730077517,11686496,104181816,243314,10772525,11651372,109163886,17449722,433548
1635340203.578529,11617704,103680940,726858476,11617078,103455917,245745,10659948,11653833,109566842,17363894,439126
1635340203.6786525,11666011,103768543,729148100,11637410,104020841,229490,10600167,11620557,109015735,17484326,436567
1635340203.7787757,11632747,103460959,726580593,11619060,103705856,249565,10589434,11616940,109193114,17374572,436377
1635340203.8788989,11385813,101667012,713668137,11373431,101534465,239891,10352821,11416687,107238988,17137209,434925
1635340203.979057,11681380,102566162,734298816,11309952,103247323,250063,10684043,11667532,109281265,17494096,443472
1635340204.0791876,11640627,103619669,730085815,11665091,104257242,234358,10766709,11714905,109663714,17454477,432317
1635340204.179313,11612547,103225518,728526157,11655093,104279052,266748,10599587,11662423,109587020,17428042,449793
1635340204.2794363,11658424,104068593,729539745,11651300,104149438,245442,10689579,11570373,108778787,17408350,436369
1635340204.3795602,11769423,104108756,728906344,11633927,103833434,226879,10644441,11640206,109479454,17477626,450606
1635340204.4796846,11615254,103590811,728185486,11631964,104062427,258059,10613570,11647625,109172998,17385859,445033
1635340204.5798087,11636099,103639337,728861009,11650803,104406547,260887,10656416,11652576,109077303,17495235,434241
1635340204.679932,11695273,104232355,730128391,11680442,104038223,227224,10643908,11628829,109104190,17391296,440154
1635340204.7800727,11407788,101468233,714350921,11429819,102105880,248500,10376387,11392447,106905041,16969967,426828
1635340204.8801968,11655201,103966391,729376066,11654846,104026532,249181,10675240,11650209,109119751,17478952,436902
1635340204.9803307,11642799,104305377,731671192,11671297,103885672,241184,10680027,11658710,109208279,17520116,429479
1635340205.080458,11605201,103537568,734463331,11561052,103708733,235594,10608639,11667677,109052957,17408797,435881
1635340205.1805818,11637430,104033048,725569467,11686161,104392493,242658,10622372,11635697,108996099,17460754,442030
1635340205.280706,11629387,103889504,728704192,11631106,103865514,255596,10715259,11662872,108854438,17436410,440039
1635340205.38083,11680018,103696023,727442268,11641357,103950455,228204,10547124,11615027,109031208,17417479,439601
1635340205.4809542,11673791,103519988,728021668,11628829,103984693,240094,10538094,11641747,109237221,17460370,451516
1635340205.5810778,11633510,103584724,728395135,11623700,104211372,246826,10615683,11626635,108942165,17407433,439809
1635340205.6812022,11590173,103362748,726113660,11647544,104113289,250432,10515763,11598367,108939387,17394054,433431
1635340205.7813263,11448226,101499254,712488830,11361401,101600561,222177,10370979,11373452,106604555,17056536,435772
1635340205.8814514,11658108,103842541,728611372,11656440,104164198,248904,10674182,13089218,107967943,16431202,437200
1635340205.9815855,11618629,103883105,728473102,11609274,103947620,247861,10604818,11564625,109063510,17441538,437414
1635340206.0817199,11603166,103661242,725166478,11568009,103351036,244422,10515342,11489816,107986072,17330845,442896
1635340206.1818573,11648733,103918127,729785599,11647888,103713876,243690,10656989,11656505,109205884,17445132,437168
1635340206.281984,11624960,103401018,727936072,11660682,104160941,245425,10551548,11625376,109294661,17385462,436515
1635340206.3821094,11585118,103619784,727809465,11648280,104075250,256656,10572245,11590613,108828796,17348242,444648
1635340206.4822354,11609852,103797870,726576826,11598087,103722587,237024,10596241,11479082,107498981,17425384,441486
1635340206.5823605,11627414,103709184,728490484,11641741,104314951,273407,10555015,11659145,109631241,17518217,435981
1635340206.6824853,11619746,103498747,727713936,11676959,104623013,253314,10567222,11601773,109001593,17461166,433872
1635340206.8326724,11424185,102028652,715460760,11442713,101893917,237434,10410049,11323229,105631679,16975433,426591
1635340206.9328089,11679328,103942220,728496749,11664602,104062622,240261,10667087,11623876,109135438,17377925,437382
1635340207.0329413,11691350,103913916,731307025,11698755,104219460,254826,10701592,11674120,107526930,16107584,441551
1635340207.1330674,11619509,103945098,728268767,11692053,104267223,240192,10558137,11571325,109110704,17365895,452364
1635340207.233191,11740996,104393629,731110680,11681365,103911502,238142,10633070,11648898,109535828,17574104,448662
1635340207.3333154,11686469,103993740,731004622,11673655,104370530,247415,10634996,11683265,109608250,17520035,439178
1635340207.4334402,11679236,103980337,729991088,11688993,104378661,250038,10746260,11606419,109221244,17424080,444596
1635340207.533565,11678390,103586956,729236256,11667872,104221972,245602,10582703,11597067,108878915,17400622,440330
1635340207.6336896,11661934,103838809,729843483,11688926,104214683,243349,10691973,11673102,109535888,17478712,449973
1635340207.733814,11669441,103887200,729117127,11660302,104251015,235744,10608177,11582903,108635924,17392429,444077
1635340207.8339393,11489967,101518459,713186174,11423242,101583066,244228,10468102,11381675,106959133,17089648,433120
1635340207.934073,11674773,104059362,729595867,11657022,104055616,247457,10748631,11650543,109666502,17444529,435896
1635340208.0342042,11694024,103798700,730168048,11700574,104411261,263684,10669601,11643774,109284466,17452269,441057
1635340208.1343322,11578264,103994215,729643177,11650789,104008223,245323,10715870,11569556,109085867,15718788,440065
1635340208.2344563,11633046,103893028,726485993,11588742,103266029,228025,10502278,11600975,109210958,17349423,437263
1635340208.3345811,11644147,103656216,730099424,11701119,104260540,251313,10583724,11652064,109345956,17458951,434471
1635340208.4347062,11791319,104225200,732191035,11711774,104409600,243049,10639016,11631076,109087038,17448596,458456
1635340208.5348303,11623448,103910496,728384987,11608063,103980412,246970,10617162,11491841,107787065,17313322,437758
1635340208.634956,11639565,104124742,728531116,11617226,103685315,246103,10650882,11618386,109645410,17450962,427710
1635340208.7350814,10995411,98989467,692063629,11008806,97839360,223938,10028134,11101664,104528963,16459724,402100
1635340208.8352044,8755525,78090503,552269274,8862304,78302688,185715,8029146,8643845,80193254,12958731,336994
1635340208.935324,8899316,77941061,556100289,8861569,78350106,189441,7936560,8975260,84642440,13472383,330649
1635340209.0354435,9052365,81896478,560833707,8888814,78523365,180984,7856519,8776472,82557332,13251317,348265
1635340209.1355627,5059572,43537686,317950881,5269067,48937703,120544,4718275,5249865,48714142,7636566,205010
1635340209.235681,2873506,24737706,179550841,2864769,24821124,86074,2490755,2808784,25285358,4179288,119570
1635340210.036628,351069,3408741,26728315,373841,3544196,6443,273847,395319,3617408,550446,24698
1635340210.1367533,364366,3443228,25723893,368057,3487540,6144,274378,397645,3624694,584426,19679
