1635289319.2368925,3786270,33891236,228217926,3588101,34180394,58311,2118714,3530440,36007697,5246732,78994
1635289319.337014,3554718,34391883,228434505,3584636,33943086,71430,2472097,3474888,34673772,5216899,53932
1635289319.4371352,3532055,34543004,227967829,3557844,33902587,72239,2486158,3531490,34560021,5163673,56562
1635289319.5372562,3663586,34507653,228261802,3565429,34361555,70622,2615563,3371796,34665055,5222220,54109
1635289319.6373763,3405398,34009401,228394390,3563065,34235483,71484,2364247,3497456,34513804,5306185,71461
1635289319.7374966,3428328,34379552,228032848,3550347,34187253,64777,2546142,3512584,35510137,5352472,49321
1635289319.8376198,3552727,34724802,228194433,3601274,34839763,68259,2513705,3552632,35144796,5387281,61081
1635289319.9377422,3566134,35094076,228364803,3574588,34903011,68592,2592966,3634687,35239872,5102653,59236
1635289320.0378637,3580838,34942980,228378384,3620779,34894059,68083,2648038,3362140,35175116,5317567,60587
1635289320.137984,3547153,35014808,228165243,3581011,34920003,69670,2593393,3701268,36009150,5547515,46743
1635289320.2381089,3419869,35160079,228004954,3600991,34879564,69060,2345976,3585486,35185647,5394521,65264
1635289320.3382301,3558817,34892907,227999105,3610440,34813501,66720,2572035,3640766,35261166,5359514,66700
1635289320.4383514,3606928,34878206,228060073,3646130,34957657,67700,2606759,3590548,35621106,5417298,64775
1635289320.5384724,3607117,34816197,227999667,3549042,34844314,68544,2504391,3448289,35211571,5465191,57972
1635289320.6385949,3737115,34958261,228106643,3598364,34851121,68763,2459296,3425383,35265488,5336826,53875
1635289320.7387156,3787833,35416279,228139176,3661499,34781272,69630,2693545,3526674,35287919,5348520,44019
1635289320.8388367,3341328,34499828,228025033,3617232,34807918,68585,2627518,3528617,35265905,5373984,68654
1635289320.938957,3739323,34952166,228018369,3610586,34822347,68296,2556892,3547858,35337248,5458960,64342
1635289321.0390785,3549215,34804732,228047017,3615827,34793350,67939,2491662,3546652,35245780,5430370,53511
1635289321.1391993,3594708,35097785,228086358,3611819,34785542,67470,2699382,3633142,35375270,5448487,56181
1635289321.2393227,3540776,34957137,228020025,3607654,34882874,69362,2398548,3448078,35000400,5310517,54642
1635289321.339444,3585499,34864793,227993206,3570444,34916715,69025,2646431,3726320,35420517,5441461,65933
1635289321.4395633,3710852,34912919,227974979,3594719,34896011,68901,2397962,3583091,35279340,5362163,43407
1635289321.5396838,3619725,34812287,227959229,3615835,34919454,70872,2607825,3565464,35267813,5384456,55149
1635289321.6398048,3610592,34739404,227950746,3643381,34586722,68812,2524118,3468085,35275356,5455128,57867
1635289321.7399259,3545731,34968016,227960531,3582533,34802566,68190,2648540,3614455,35201421,5352842,57000
1635289321.8400676,3733906,34724625,228068301,3561781,34917940,68751,2372849,3584589,35353115,5363498,62449
1635289321.940188,3622516,34610082,228138927,3637175,34782620,69866,2682044,3529506,35765905,5349946,68319
1635289322.0403092,3565435,34824305,228064880,3614690,34786153,67236,2558055,3650969,35370693,5366549,50657
1635289322.1404312,3688847,35019471,228176527,3617498,34828597,68162,2521140,3412627,35403774,5486368,46857
1635289322.240554,3660561,34851578,228041738,3619899,34863888,69340,2684846,3645818,35430481,5421808,63775
1635289322.3406746,3569267,34839935,228023756,3623136,34733967,71667,2439864,3582981,35123664,5483967,57931
1635289322.4407952,3725498,34768692,228106076,3618530,34816534,73442,2599170,3542498,35384121,5302843,63109
1635289322.540917,3547369,34767930,227925579,3604783,34811795,73618,2622124,3602682,35253674,5384442,68668
1635289322.6410372,3625673,34759345,228002723,3618924,34819206,70895,2500553,3593247,35379847,5311646,58600
1635289322.7411573,3621829,34866245,227966678,3660459,34772628,68158,2564594,3621487,35126690,5376182,59121
1635289322.8412786,3721579,34827322,227908099,3582282,34769390,68777,2562441,3592439,35305618,5419298,65644
1635289322.9413986,3734152,34770534,228128163,3550480,34846569,68444,2587429,3660839,35446708,5364717,68781
1635289323.04152,3595921,34842389,227979380,3686345,34671034,70285,2630276,3595512,35215363,5384328,66788
1635289323.1416407,3603703,34660518,228063034,3712609,34490099,69039,2543743,3589260,35140471,5444832,72630
1635289323.2417638,3673076,34617251,228076535,3688466,34657397,69990,2558811,3487653,35016564,5499631,57684
1635289323.3418844,3509804,34559582,228080007,3695269,34539758,69642,2468841,3457846,35216046,5373247,61752
1635289323.4420047,3601275,34566921,228073059,3669790,34502129,69247,2647577,3587179,34938224,5351520,65792
1635289323.5421247,3324066,34673943,228142823,3708271,34474464,69496,2701619,3586724,35410141,5421900,53559
1635289323.6422462,3612421,34532747,228093937,3702891,34550110,70421,2561945,3533336,34977662,5377252,67686
1635289323.7423668,3713137,34594400,228032420,3658529,34497245,69299,2531667,3626132,35211548,5360321,63003
1635289323.8424878,3693244,34489443,228090486,3632276,34541440,71464,2532768,3655239,35412844,5350467,65658
1635289323.942608,3573387,34693091,227960105,3525397,34420802,68828,2663779,3644589,35449871,5339238,71859
1635289324.0427282,3763661,34913586,228056169,3744813,34649645,69130,2321904,3597768,35141205,5484158,68893
1635289324.1428485,3710901,34422370,227876390,3672820,34528064,70644,2675944,3610407,35111163,5388557,72216
1635289324.2429729,3533188,34573878,227904394,3646805,34600248,71257,2540233,3702061,35535200,5277264,66169
1635289324.3430934,3759373,34509975,227951565,3618706,34527729,69156,2659031,3668892,35355744,5463727,71780
1635289324.4432142,3605859,34714709,228168830,3714381,34532434,70455,2421872,3652738,35265308,5311026,74654
1635289324.5433347,3723982,34425986,228026226,3624720,34639623,70447,2500821,3631974,35146777,5434818,57593
1635289324.6434557,3765227,34484526,228095565,3607029,34453018,69524,2671602,3606317,35478361,5374123,73027
1635289324.743576,3661139,34390056,228079020,3671908,34431150,70644,2575794,4030325,34749863,5399278,71165
1635289324.8436964,3608935,34544517,227990963,3612912,34393042,70834,2470016,4371975,33956664,5339976,67023
1635289324.9438167,3715837,34414869,228066449,3659729,34634639,75768,2650411,3465645,34884081,5490590,67404
1635289325.0439372,3713671,34589212,228106681,3692282,34616602,72359,2845958,3647118,35348916,5431970,72773
1635289325.1440582,3759687,34410637,228092358,3654361,34458866,74295,2700838,3653222,35460636,5399639,77682
1635289325.244182,3605284,34441192,228094235,3684199,34504411,69625,2585788,3573556,35126512,5450521,70552
1635289325.3443031,3686908,34481815,228048670,3658710,34440385,71505,2536612,3704076,35240178,5439462,74101
1635289325.444423,3672418,34501578,227945980,3686780,34445238,70422,2571508,3657112,35130552,5365490,70436
1635289325.5445426,3754122,34429511,228015371,3619354,34527384,68939,2670594,3497591,34890116,5402969,66218
1635289325.6446624,3624578,34340280,227920919,3620579,34414330,69609,2389699,3600202,35357565,5486228,73272
1635289325.7447827,3429261,34385026,228116815,3719053,34402163,70370,2479269,3721177,35072741,5453216,65104
1635289325.8449035,3547173,34369689,227947792,3765523,34334690,71681,2584305,3654271,35374309,5430179,78479
1635289325.9450238,3595098,34503361,228032205,3684697,34330490,70436,2548883,3618266,35094789,5371512,69255
1635289326.045144,3635386,34466308,228132887,3654011,34651866,70345,2513193,3678197,35116550,5307801,70886
1635289326.1452649,3612885,34337200,228138855,3656723,34334252,69544,2302251,3656252,35203423,5389067,72689
1635289326.2453887,3756811,34382118,228083353,3540821,34363463,69531,2656015,3681639,35214356,5405243,77845
1635289326.34551,3756214,34389921,228093591,3621132,34429019,69487,2655911,3678280,35126451,5415116,74562
1635289326.4456306,3753666,34535842,228044839,3647134,34397874,69408,2672532,3680116,35144661,5378186,68732
1635289326.5457523,3674783,34341032,228102948,3615243,34344455,68984,2666870,3695190,35062106,5387793,71841
1635289326.6458833,3624687,34245132,228072614,3591011,34316577,70322,2635452,3681898,35145339,5434944,69950
1635289326.7460198,3705866,34257886,228089170,3661597,34419418,70662,2658341,3667921,35245636,5423809,77460
1635289326.8461468,3770714,34287122,228008185,3763404,34300686,71248,2648827,3683853,35687554,5419293,40882
1635289326.9462695,3603688,34413213,228034622,3774290,34345549,70506,2550164,3700685,35320236,5427799,71633
1635289327.0463903,3606137,34324003,228025980,3763293,34446755,70519,2580100,3691834,35280463,5474592,75843
1635289327.1465113,3717312,34468473,228066114,3671820,34382466,70250,2706643,3749206,35313640,5467511,73577
1635289327.346757,3619222,34954815,5439210,74315,3753990,34321824,228069689,3746910,34372513,70309,2664170
1635289327.446878,3613077,35083696,5394245,60604,3778380,34327647,227962045,3542595,34357815,69958,2658801
1635289327.5470014,3684356,35254381,5388391,75078,3629761,34311101,228135529,3715305,34368157,70969,2580506
1635289327.647122,3681077,35589310,5463587,77243,3714019,34394116,228029079,3797056,34345478,71619,2529538
1635289327.747243,3666810,35438011,5512761,74778,3682666,34405577,228206427,3701890,34306608,70499,2642839
1635289327.8473642,3499765,35115912,5455658,69467,3746908,34497433,228012326,3633793,34403407,69864,2676962
1635289327.9474835,3657400,35355398,5452183,78227,3763569,34372353,228056408,3741370,34385001,70975,2640076
1635289328.0476043,3559217,34334637,228082200,3774833,34421862,70698,2554757,3639230,35455965,5555577,79625
1635289328.1477268,3781730,34327816,228154350,3638228,34365677,69536,2649505,3538355,34982456,5511510,76322
1635289328.2478502,3740752,34276212,227947331,3742533,34286284,70007,2398322,3695643,35087622,5420736,72790
1635289328.448092,3689611,35618181,5495137,74683,3777224,34434652,228067212,3689797,34346683,72003,2398440
1635289328.5482132,3616666,34999830,5516624,77661,3783381,34487569,227935730,3537992,34439908,72552,2677100
1635289328.6483338,3686755,35329779,5384132,63369,3693365,34329037,227979196,3886224,34324909,75378,2530268
1635289328.7484605,3678159,35393714,5494337,76055,3763583,34390131,227998093,3671124,34526516,72719,2655831
1635289328.848588,3496555,34852094,5513797,72623,3770185,34424183,228076687,3658314,34432198,73057,2573675
1635289328.9487085,3673336,35285626,5495775,75771,3673999,34326514,228022578,3768073,34378538,70454,2369939
1635289329.048829,3617447,35176925,5556433,77974,3784441,34356448,228115884,3632414,34363958,69182,2670514
1635289329.148949,3590074,34412592,228134908,3780993,34333944,70616,2547263,3618921,35341133,5681591,79795
1635289329.249072,3749307,34439497,228193629,3626564,34351151,69104,2639253,3538691,35196935,5512053,76528
1635289329.3491921,3631933,34489890,228038665,3762771,34319766,72988,2659498,3689086,35357897,5419480,73236
1635289329.5494328,3681891,35295799,5515860,75637,3784392,34370974,227943437,3794219,34368710,70564,2669917
1635289329.6495526,3694388,35326413,5426216,76395,3769325,34342264,228053292,3553359,34513970,71630,2448415
1635289329.7496727,3687469,35100914,5523897,75566,3616518,34391772,228100930,3767695,34362476,70163,2647644
1635289329.8497963,3715339,35481923,5375428,72422,3774601,34344329,227979865,3758630,34357938,70647,2562332
1635289329.9499187,3688798,35566610,5493191,75752,3480840,34272747,228077178,3619331,34369642,70055,2649508
1635289330.0500174,3682819,35576930,5422115,78779,3772406,34400046,228121320,3784098,34398433,71368,2381932
1635289330.1501803,3618706,35197971,5500396,79533,3747532,34475272,228163772,3623497,34261273,70736,2661492
1635289330.2506642,3563402,34353716,228116137,3757694,34395308,70031,2581706,3594136,35014155,5316740,79070
1635289330.3509948,3781730,34321237,228052090,3631778,34402227,70756,2642597,3411198,35041870,5558298,76124
1635289330.5012212,3622465,34273352,228102154,3768877,34316283,72672,2645144,3696486,35445737,5507032,78507
1635289330.701473,3541805,34920590,5466269,72183,3389902,34288004,228091454,3767266,34175726,77911,2659783
1635289330.801594,3697863,35448830,5490276,78057,3769360,34290811,228008218,3710038,34239773,72241,2670632
1635289330.901716,3641958,34974301,5434735,75651,3728011,34379933,228070320,3835913,34316374,71168,2541350
1635289331.0018368,3681765,35345306,5503452,76028,3714707,34273537,228034392,3544518,34311337,69861,2651965
1635289331.1019576,3702713,35100152,5383175,75271,3667723,34438863,228156650,3812717,34297498,70162,2604734
1635289331.2020817,3715649,35304335,5504578,76638,3981765,34316295,228146020,3605689,34400697,71146,2682952
1635289331.3022068,3682740,35244796,5426582,77512,3771755,34258798,227969319,3771743,34398494,70120,2475952
1635289331.4023287,3779116,34365591,227931953,3634310,34384738,70018,2676936,3720217,35311470,5410735,78721
1635289331.50245,3635724,34397406,227971679,3788341,34379182,69624,2638396,3558090,35440828,5597243,79488
1635289331.6025708,3787554,34406231,228039008,3726225,34373781,71399,2439416,3413470,35361711,5553723,72418
1635289331.8028126,3693330,35433920,5497841,77836,3758645,34460840,228060739,3780742,34322918,72757,2666938
1635289331.902934,3682058,35136676,5413683,80200,3776402,34424726,228103249,3667950,34407157,71571,2528438
1635289332.0030541,3691630,35413184,5478102,75689,3640851,34397504,228041731,3764904,34402541,71470,2676014
1635289332.1031759,3679993,35405219,5366162,72009,3767157,34343736,228083157,3544889,34484800,71291,2616291
1635289332.2033007,3734174,35539694,5533802,74706,3748927,34416454,228066445,3717516,34422714,71466,2654209
1635289332.303424,3667137,35420385,5488284,76942,3335872,34422406,228088624,3782837,34379243,73496,2653893
1635289332.4035459,3587079,35153420,5433938,62838,3769992,34399802,228071792,3761346,34340512,74720,2676396
1635289332.5036674,3675729,34342921,227966033,3693492,34395229,73018,2683792,3694282,35067462,5320717,78281
1635289332.6037889,3729325,34455689,228001205,3777362,34409284,70400,2533234,3752754,35852049,5472665,70345
1635289332.7039096,3775057,34389979,227961097,3632957,34382114,70256,2698024,3559522,35210356,5506780,76912
1635289332.9041505,3718889,35356235,5458999,79099,3777709,34345901,227992173,3626826,34367206,69576,2373478
1635289333.004271,3633202,35046770,5545138,76846,3556039,34380300,228057705,3788165,34389399,70241,2634152
1635289333.1043913,3691533,35377837,5487588,81560,3767543,34347576,228066783,3770527,34355261,69382,2642349
1635289333.2045171,3600625,35043967,5576578,72751,3728664,34322977,228070836,3619448,34247144,72462,2447701
1635289333.3046427,3726259,35469256,5513554,78311,3668477,34273891,228065508,3772803,34378516,70923,2676777
1635289333.4047647,3708436,35254677,5433830,71260,3274123,34289307,228147789,3787275,34335478,72098,2546429
1635289333.504885,3712292,35253621,5502781,77342,3887778,34369315,228094494,3633654,34323128,69672,2668757
1635289333.6050055,3693089,35429562,5466833,54144,3553182,34482132,228175409,3774854,34319192,70420,2610032
1635289333.705126,3592668,35159715,5446990,77331,3805431,34257060,228048109,3657744,34335391,70194,2603020
1635289333.8052468,3662677,35267237,5523782,76326,3632496,34325317,228039285,3774638,34339731,70490,2675992
1635289333.9053671,3465224,35303497,5498216,78664,3780487,34257786,227940043,3783958,34317150,73229,3780988
1635289334.0054872,3759888,35619008,5437419,71513,3786120,34279896,228011026,3634139,34366803,72715,2288134
1635289334.1056087,3620555,35096278,5511744,78573,3775412,34405872,228071520,3778357,34322875,76866,2654994
1635289334.205735,3691107,35491380,5399700,58866,3779170,34321154,228073188,3709085,34372881,72957,2585073
1635289334.3058581,3597875,35083909,5517787,77423,3617251,34353616,227951638,3750852,34385990,74693,2674202
1635289334.4059794,3673654,35369009,5488425,77551,3773994,34357165,228047200,3547800,34346362,71409,2668090
1635289334.5061004,3533125,34789084,5423163,71305,3339670,34563092,228043946,3855444,34356801,72247,2640760
1635289334.606221,3678117,35355167,5498063,77977,4228371,34404202,228085746,3617345,34482300,70954,2652444
1635289334.7063413,3690165,35305079,5385365,63211,3773059,34354196,228025271,3783210,34378279,72236,2511286
1635289334.806462,3664299,35189932,5600948,77910,3687235,34361208,227999133,3636415,34291491,71069,2652958
1635289334.9065826,3707160,34943366,5281395,73178,3631231,34358924,228104093,3784179,34328553,70197,2713837
1635289335.0067034,3513574,35233123,5509424,81504,3785392,34319405,228024304,3775546,34235628,72603,2860705
1635289335.106824,3667819,35514893,5478411,70715,3707127,34431231,228145125,3646427,34359232,69589,2632464
1635289335.2069495,3644276,35262617,5503202,79268,3729764,34483462,228053977,3781025,34272783,74043,2501534
1635289335.3070722,3684260,35483903,5407273,63529,3776193,34420212,227969367,3648152,34372173,69622,2612703
1635289335.407194,3617982,35088877,5497022,77807,3634942,34402485,228042404,3779044,34316182,70322,2680882
1635289335.5073142,3653269,35552489,5523748,78397,3783762,34244709,227971245,3761009,34439965,70089,2659934
1635289335.607434,3573229,34870604,5450015,71822,3394361,34219037,228132317,3723579,34334709,71940,2683828
1635289335.7075546,3673805,35456870,5483793,77894,4147517,34410395,228070393,3624595,34322922,74166,2664007
1635289335.8076751,3704753,35515842,5384553,63885,3781629,34299759,228055054,3792313,34365448,74084,2546829
1635289335.9077947,3627507,35188168,5513157,77529,3759746,34319638,227988500,3635820,34377648,73509,2646013
1635289336.0079157,3691041,35472735,5518948,76181,3628056,34345958,228082721,3785449,34370108,70732,2627830
1635289336.108036,3460558,34849512,5354289,79135,3769743,34557621,228110626,3774867,34364034,72460,2639630
1635289336.2081625,3720785,35174076,5546463,71078,3776928,34425884,228129437,3631607,34450511,70881,2697410
1635289336.3082862,3674004,35251816,5513767,77332,3734550,34360343,228058453,3757132,34339705,70505,2662584
1635289336.4084074,3685441,35393511,5400299,64234,3791075,34321160,228038037,3632576,34171840,69295,2590447
1635289336.5085282,3634793,34985730,5513465,77806,3629878,34372637,228083535,3765383,34299726,70353,2560824
1635289336.6086483,3706578,35266813,5498235,78613,3792060,34290747,227767388,3772666,34306747,70542,2647002
1635289336.7087688,3628166,34950713,5435495,72463,3790178,34247452,227937299,3769460,34365352,72131,2618117
1635289336.8088894,3736854,35488199,5479769,76575,3835951,34335454,228009795,3651872,34297473,69987,2696685
1635289336.9090102,3710865,35380582,5442247,65208,3561759,34294244,227892459,3784739,34298129,69628,2591560
1635289337.009131,3602828,35022635,5465877,75827,3760824,34457488,228108208,3712354,34317663,70095,2541893
1635289337.1092517,3665602,35532079,5402776,77560,3754489,34371487,228034802,3683059,34436524,70894,2666856
1635289337.2093754,3670129,35058525,5476587,78652,3585399,34315021,228101833,3771141,34408604,70263,2347968
1635289337.3094988,3651170,35478391,5514061,82067,3777051,34392231,228149265,3642476,34363034,73894,2719012
1635289337.40962,3566508,35120934,5464248,77408,3565506,34293520,228078875,3787482,34341940,75408,2553203
1635289337.5097396,3685704,35250396,5483513,80135,3783696,34337333,228019862,3776016,34362316,70380,2654982
1635289337.6098602,3667379,35195967,5440610,74044,3787092,34352148,228113238,3701921,34412736,71331,2502116
1635289337.70998,3676107,35663398,5520522,77750,3693533,34382923,228063011,3768531,34399272,69935,2673837
1635289337.810075,3681548,35388522,5469897,79301,3763489,34522891,228147177,3564726,34355175,70554,2514046
1635289337.9101965,3589145,35031021,5465052,76336,3609010,34449276,228009922,3801831,34313014,71539,2617978
1635289338.0103173,3698725,35295994,5500769,79666,3797343,34481324,228015111,3671317,34454746,71070,2649257
1635289338.1104379,3690918,35231894,5403492,73283,3772006,34408773,228040373,3773407,34584145,70627,2616969
1635289338.2105646,3761197,35233065,5541356,77691,3717394,34307471,227969769,3618250,34309780,70349,2662764
1635289338.3106904,3669018,35386996,5455432,79209,3627550,34353270,228055980,3787987,34320234,70098,2661616
1635289338.4108124,3625966,35105741,5452022,74469,3786876,34302914,228123334,3771261,34279794,72085,2553108
1635289338.5109344,3777304,35403726,5467706,66180,3780576,34291323,228100348,3631089,34321254,69297,2613711
1635289338.611057,3662853,35542575,5488688,78785,3634830,34552198,228069492,3787278,34363844,71776,2635513
1635289338.7111785,3680510,35431604,5428518,72125,3776658,34439127,228006779,3651173,34336606,70964,2611515
1635289338.8112993,3579472,35186524,5507737,78714,3686151,34354264,228134583,3741679,34504947,72955,2464700
1635289338.9114356,3661549,35368557,5494701,77197,3786022,34290334,228188342,3772117,34370304,73213,2665599
1635289339.0115695,3677123,35118285,5407414,80619,3798243,34318832,228179628,3751565,34431182,72884,2491270
1635289339.1116965,3684242,35159243,5521380,77632,3702994,34234235,228030759,3629883,34380349,73492,2638323
1635289339.2118218,3692798,35349264,5526362,79861,3602146,34214322,228092053,3784077,34318958,69330,2681836
1635289339.311946,3605330,34902720,5454839,73506,3771869,34347558,228129814,3773918,34299875,71512,2568743
1635289339.4120684,3706711,35520885,5511777,77374,3798794,34296624,228064877,3634539,34353182,69070,2673797
1635289339.5121894,3686879,35214065,5522977,80312,3809328,34455718,228007705,3785286,34309881,69454,2629011
1635289339.612311,3656637,35376758,5489241,80125,3765925,34401219,228047549,3741198,34220536,71126,2504817
1635289339.7124324,3361403,34921008,5436080,77098,3731028,34268866,227991950,3660654,34372229,71204,2630882
1635289339.8125536,3751996,35235653,5506239,79628,3677089,34396040,228087810,3775460,34364980,69814,2612321
1635289339.9126759,3687200,35191882,5345902,75715,3764070,34309383,228130899,3722735,34337039,70042,2764613
1635289340.0127964,3721079,35229865,5516505,79052,3395386,34367853,228054402,3771789,34385638,70602,2693823
1635289340.1129172,3694875,35421089,5491255,78438,3784071,34294131,228092191,3552129,34336621,71260,2675476
1635289340.2130418,3719912,35337862,5435333,79538,3709533,34347968,228137987,3844941,34355423,72417,2548225
1635289340.3131647,3683131,35317327,5518217,78014,3762302,34309346,228084346,3633635,34339073,71584,2647922
1635289340.4132876,3669188,35446078,5529507,77468,3781798,34420480,228200728,3789591,34409475,75815,2646655
1635289340.5134082,3516350,34839690,5502171,77872,3614686,34531442,228055014,3772393,34341775,76565,2661930
1635289340.6135287,3707437,35510616,5479974,81269,3786908,34397270,228099497,3632057,34498256,75088,2652921
1635289340.713649,3633391,35006500,5487338,63632,3712911,34408709,228021839,3786070,34559569,70881,2576452
1635289340.81377,3711485,35351476,5491706,65977,3800202,34385722,228007627,3698043,34471817,70875,2632484
1635289340.9138908,3651502,35268068,5551105,78887,3697885,34389785,228081504,3740436,34500557,71994,2646406
1635289341.0140224,3707779,35415244,5528887,79253,3732270,34436785,228096342,3669317,34372290,73242,2287467
1635289341.1141565,3720089,35096747,5452953,73287,3773215,34406460,228128216,3790251,34434279,72663,2487140
1635289341.2142818,3700014,35391277,5519761,79104,3561905,34392282,228206364,3779655,34384360,71327,2647713
1635289341.3144052,3704843,35315959,5515638,81105,3811096,34453395,227982600,3726081,34317447,71452,2670632
1635289341.4145262,3641906,34942726,5469253,77885,3738147,34321329,227997428,3784827,34264999,73825,2474522
1635289341.5146468,3719723,35277647,5503960,80275,3615679,34449738,228012819,3633192,34476935,71574,2664309
1635289341.6147678,3698228,35450648,5445763,72602,3895219,34396389,228065696,3788595,34536493,72079,2482126
1635289341.7148888,3610496,35128773,5488868,89179,3795202,34408602,228151024,3746005,34384278,72940,2653553
1635289341.8150089,3703638,35490000,5491459,70715,3707474,34320367,228054439,3693005,34358043,72115,2700280
1635289341.9151301,3696756,35744623,5491945,79524,3714083,34413631,228099467,3791222,34427922,71689,2587043
1635289342.0152502,3668279,35337897,5436261,72822,3794747,34399167,228044195,3635162,34349293,71807,2770787
1635289342.1153708,3780191,35472553,5531592,78125,3582934,34393474,228107785,3789253,34344459,77254,2353503
1635289342.2154932,3716976,35394044,5538366,75648,3759917,34473915,227981343,3772473,34438167,75245,2659536
1635289342.3156154,3689107,35184472,5455004,82691,3781419,34439260,227836559,3760665,34431362,73477,2492804
1635289342.415737,3735279,35192589,5526683,77597,3629443,34245970,228073803,3529131,34393925,71617,2664427
1635289342.5158577,3708912,35267357,5506334,80640,3759778,34334002,227808511,3797662,34499292,71879,2646101
1635289342.6159785,3494582,34892203,5589428,73701,3819508,34461434,228157716,3774723,34390915,72146,2354977
1635289342.7160997,3694826,34559442,5044822,77848,3700927,34366986,228108816,3661999,34420512,71104,2653254
1635289342.8162205,3723479,35382472,5500018,80524,3773328,34436590,228076613,3785554,34383950,72846,2446777
1635289342.9163451,3784405,34373668,228093937,3630343,34337510,72830,2651367,3657907,35014316,5519701,80369
1635289343.0164707,3616719,34368403,228110056,3796316,34347619,71400,2657694,3784113,35602020,5516480,79702
1635289343.1165936,3758281,34424940,228051917,3793848,34312798,72867,2658442,3672949,35106564,5434766,70886
1635289343.3168414,3698908,35421112,5508953,79156,3730537,34417543,228113106,3708948,34289640,72823,2666929
1635289343.4169624,3681431,35406433,5507275,80503,3789575,34309298,227949030,3766213,34466896,71933,2647687
1635289343.517083,3586391,35119092,5456654,77666,3771636,34310501,228062894,3784373,34327517,73198,2527019
1635289343.6172035,3696587,35458943,5519875,78976,3724169,34369431,228066249,3692494,34414573,74513,2664486
1635289343.7173238,3716180,35277421,5336858,75193,3638486,34405001,227977241,3784044,34421276,74952,2657609
1635289343.8174443,3769365,35341422,5560345,78365,3790123,34420746,228018674,3651002,34448058,75673,2681765
1635289343.9175644,3694236,35332968,5457022,77381,3406702,34360640,228139734,3782453,34427515,71675,2636596
1635289344.0176852,3774783,34482718,228071736,3783615,34439056,72991,2552813,3770784,35321684,5411483,78115
1635289344.1178057,3782507,34566959,228109713,3633221,34389235,71947,2684117,3540098,34984245,5486800,74039
1635289344.2179282,3633158,34351994,228021191,3769865,34437965,71957,2632087,3713973,35256368,5506828,80656
1635289344.4181714,3533400,34770747,5424024,71559,3791439,34309911,228118795,3669260,34432460,72734,2645063
1635289344.518292,3718253,35312454,5504996,78657,3699281,34400120,228051963,3785134,34320924,72198,2675434
1635289344.6184125,3741235,35418411,5435305,65883,3751652,34318855,228019583,3695021,34361298,72777,2567495
1635289344.7185333,3623615,35188948,5552890,78639,3622690,34352951,228086044,3575459,34323102,75028,2657639
1635289344.818653,3713122,35522680,5545223,78875,3737716,34339279,228080168,3757420,34352745,73034,2637618
1635289344.9187746,3504537,34982887,5430971,71815,3761862,34440702,227873509,3783994,34344699,71519,2645367
1635289345.0188954,3696621,35452657,5482954,79998,3786623,34340916,228010382,3625714,34507195,71561,2639075
1635289345.1190155,3751570,34466942,228022156,3778564,34476026,74312,2584147,3617795,34925992,5297219,59728
1635289345.2191396,3783952,34324031,228045339,3693996,34379917,75773,2559602,3256682,35119835,5514845,79118
1635289345.3192606,3681564,34347103,227946485,3740269,34404040,75650,2682602,3719109,35340872,5508262,78978
1635289345.5195005,3730267,35060868,5431895,74152,3796814,34376529,228009742,3634137,34308184,71791,2513712
1635289345.6196208,3725001,35254632,5515426,77762,3560170,34411606,228033976,3747184,34416911,73297,2658159
1635289345.7197416,3711574,35252843,5516449,83179,3778746,34512536,227927848,3779426,34347016,71524,2645659
1635289345.8198617,3634551,34937836,5504355,78671,3781979,34414170,228004787,3790596,34410880,72740,2473835
1635289345.9199824,3684096,35323065,5502463,78999,3827944,34557588,228148400,3655780,34476056,71406,2712839
1635289346.0200796,3715310,35350198,5425101,80948,3349817,34448163,228135679,3788169,34475246,71326,2450342
1635289346.1202002,3608723,35015055,5510699,78331,3797248,34568189,228061503,3729370,34345089,72717,2663131
1635289346.220324,3682005,34328769,227980196,3713818,34272234,72200,2671883,3716943,35328718,5489384,79226
1635289346.3204463,3715781,34329860,228025172,3792200,34368757,71522,2583479,3948978,36132571,5424168,73140
1635289346.4205675,3786496,34345636,227965745,3628777,34377200,70602,2655086,3536738,35414677,5514643,78259
1635289346.62081,3682502,35535617,5498849,78542,3750956,34448408,228053144,3777926,34255694,71755,2648787
1635289346.7209313,3627664,35022343,5428436,66607,3772525,34304071,228020501,3671676,34384428,72468,2577696
1635289346.8210518,3692188,35399014,5502914,78180,3637731,34376231,228009688,3772659,34297733,73912,2685047
1635289346.9211726,3715939,35313256,5361885,73310,3784243,34344683,228073691,3542962,34555294,74729,2680492
1635289347.0212944,3732049,34959460,5509430,78153,3602802,34334222,228037243,3773546,34374374,74828,2506211
1635289347.1214154,3722999,35262980,5522372,78263,3693012,34493201,228221772,3736180,34431850,70595,2623177
1635289347.2215385,3714384,35327245,5441063,79915,3770957,34310464,228041507,3786707,34364778,72440,2473624
1635289347.32166,3783816,34373833,228019127,3636776,34274563,70311,2648836,3715486,35314202,5342019,75946
1635289347.421781,3624658,34363442,228028870,3782594,34359095,71753,2683677,3538433,34585643,5594611,79683
1635289347.5219014,3770382,34495713,228035124,3787534,34351063,73245,2489683,3761827,35150162,5466036,74063
1635289347.7221437,3714336,35284018,5524373,77295,3796876,34346265,227975498,3775948,34410696,72169,2648264
1635289347.8222647,3718739,35290720,5477211,78458,3798277,34303957,228011265,3668392,34317362,72786,2602815
1635289347.9223847,3599613,35005871,5458926,77314,3752026,34318623,227984244,3784399,34364687,71980,2571563
1635289348.0225055,3716705,35395398,5484983,77531,3673477,34302386,228066958,3776007,34337687,71833,2665208
1635289348.122627,3695253,35359015,5339276,75497,3785939,34353538,228102044,3752978,34374768,70662,2623587
1635289348.2227523,3731625,35437839,5521602,77601,3823006,34268028,227969392,3634270,34328773,72428,2735854
1635289348.3228738,3679688,35387016,5483455,76223,3411814,34258683,228095894,3779955,34301864,74580,2672394
1635289348.422994,3659113,34952018,5409954,70096,3761442,34455925,228195030,3778748,34326857,75917,2545002
1635289348.5231137,3695400,35268236,5448227,75979,3789027,34343096,227990977,3619457,34358915,74398,2696013
1635289348.623234,3705774,35084600,5480002,77599,3628152,34308654,228040872,3766923,34411886,71648,2671174
1635289348.723354,4576391,35680836,5518248,75498,3783886,34312702,228069897,3666821,34387599,71855,2202226
1635289348.8234744,3530396,34787127,5423147,78105,3420513,34329881,228065363,3756107,34357183,70968,2658384
1635289348.9235945,3730450,35321514,5500773,77081,3774877,34323834,227954832,3780561,34237892,71066,2644163
1635289349.0237148,3718944,35171652,5413214,77237,3775145,34326250,228012772,3722980,34309807,72394,2550961
1635289349.1238353,3742028,35350813,5503121,78538,3623372,34377456,227914435,3623816,34444052,71271,2655860
1635289349.2239594,3707117,35286628,5498905,79411,3764557,34371007,227985347,3725092,34399435,71326,2683093
1635289349.3240807,3528430,34802705,5418636,70935,3322362,34451253,228133862,3851935,34402663,72677,2641825
1635289349.4242017,3712034,35311596,5501469,78772,4087726,34414230,228049049,3626547,34435376,71515,2637743
1635289349.524324,3722609,35315915,5401124,58713,3776322,34398076,228110202,3775056,34448656,71486,2561542
1635289349.624445,3638275,35040574,5534060,80049,3694145,34327693,228061246,3683084,34355476,72249,2600198
1635289349.7245657,3679591,35107625,5261297,73237,3694349,34345740,228069096,3725275,34372721,72266,2651402
1635289349.824687,3511964,35218258,5518991,79956,3703365,34327465,228030216,3779016,34327643,71096,2721531
1635289349.9248078,3812300,35407219,5466067,73152,3776055,34367870,228112532,3574800,33756955,74890,2662710
1635289350.0249279,3667902,35317311,5501538,76202,3570016,34342855,228075270,3787300,34319591,73900,2566040
1635289350.1250482,3697548,35430742,5502819,80367,3784443,34568973,228075114,3682157,34542653,76172,2686533
1635289350.2251725,3626634,35049591,5509667,77063,3786346,34465517,228010227,3765209,34540471,73896,2478091
1635289350.3252933,3715937,35426835,5506617,78927,3674663,34345921,228097540,3769959,34396925,71605,2629253
1635289350.4254143,3691146,35301919,5452706,79928,3942195,34306748,227934678,3712703,34501610,70740,2430241
1635289350.5255349,3623882,34960029,5492275,78922,3324044,34287153,227947988,3700309,34322143,72161,2664224
1635289350.6256561,3713707,35375216,5503485,85052,3811125,34381198,227946138,3731862,34312012,71890,2664646
1635289350.7257762,3724869,35330080,5389529,63410,3743368,34391896,227916779,3785815,34363084,72498,2550544
1635289350.825896,3731314,35575418,5509455,78110,3784688,34406718,227919111,3634244,34336454,71358,2654922
1635289350.9260154,3721568,35433640,5499241,76734,3694131,34388903,228076966,3789646,34360085,70785,2603572
1635289351.0261366,3635538,35255118,5469415,78777,3764342,34503909,228071949,3782680,34289673,74107,2670054
1635289351.1262643,3615261,34865553,5404892,65346,3791056,34424845,228109422,3628314,34415737,71537,2625794
1635289351.226395,3704867,35409329,5475907,79640,3640541,34364223,228068016,3778524,34408365,70959,2635527
1635289351.3265185,3695262,35460676,5435047,73377,3794266,34321864,228087469,3774843,34317310,71430,2672239
1635289351.4266393,3622905,35083990,5508267,77903,3699283,34450585,227953277,3602368,34295361,71944,2441275
1635289351.5267613,3719879,35258603,5502088,77207,3793578,34237540,228090547,3757189,34389479,73757,2684329
1635289351.6268826,3720424,35355527,5439266,81489,3735148,34266014,228024752,3804114,34305871,74332,2478945
1635289351.7270036,3664674,35214647,5518206,76888,3776565,34277031,227940791,3634407,34335398,74469,2680390
1635289351.827124,3703830,35297115,5517104,75889,3785676,34312644,228126319,3786550,34371283,70598,2662230
1635289351.9272454,3646929,34890371,5547381,80016,3645238,34396169,227964094,3786920,34366380,72569,2560265
1635289352.0273657,3732328,35041268,5379509,73064,3772109,34434621,228028470,3622313,34402371,71111,2653437
1635289352.1274867,3685489,35339180,5506256,79833,3736693,34478696,228151604,3774182,34475504,70659,2578072
1635289352.2276103,3687089,35214498,5503505,81276,3778660,34336052,227969508,3783128,34348990,70634,2656158
1635289352.327733,3623178,35056891,5429159,78337,3792353,34351794,228077052,3643274,34339185,72859,2604561
1635289352.4278538,3697119,35388166,5495577,78476,3647395,34394408,228053511,3709733,34268810,70160,2574485
1635289352.5279746,3707262,35306055,5369990,76249,3777604,34311716,227980219,3772526,34317764,70796,2651391
1635289352.628095,3710918,35218306,5507160,78269,3420667,34300935,228152553,3801667,34355442,72008,2677139
1635289352.7282155,3723990,35414005,5497043,76975,3903835,34493244,228108625,3697120,34339784,71385,2663735
1635289352.8283362,3714956,35163973,5416585,77912,3562417,34295812,227994047,3776459,34305081,71562,2537649
1635289352.9284565,3701945,35289333,5488293,84460,3769680,34471383,227990039,3627131,34251238,70611,2648724
1635289353.0285769,3697661,35286998,5402440,72245,3713043,34339695,228121781,3775224,34435900,74812,2687116
1635289353.128697,3523871,35051825,5530676,75981,3782426,34326706,228112334,3789338,34387500,75041,2661421
1635289353.228823,3713717,35395291,5505441,75196,3804775,34335940,228067257,3639713,34438964,74774,2713327
1635289353.3289516,3712168,35492973,5466319,81402,3693994,34355008,228054573,3785871,34391702,72841,2524567
1635289353.429075,3673250,35227563,5438498,66288,3785020,34309123,227992806,3685260,34276581,70333,2657526
1635289353.5291953,3606862,35141805,5505530,78600,3678542,34375979,227997855,3762631,34374809,71769,2595542
1635289353.6293151,3691391,35404763,5483442,78757,3673431,34528982,228084153,3776353,34377538,70123,2676556
1635289353.729434,3696894,35143644,5408717,72776,3779909,34505111,228087694,3654841,34408481,73189,2473953
1635289353.829554,3691117,35084574,5483533,78239,3573764,34516068,228078403,3667634,34366807,71523,2669084
1635289353.9296758,3698972,35294777,5483360,80554,3774532,34407590,228014941,3787218,34466590,71563,2677079
1635289354.0297966,3643328,34970446,5457767,78330,3763076,34316504,227987907,3785598,34381249,72625,2520998
1635289354.1299167,3727086,35263902,5517314,72179,3770610,34227341,228078322,3638903,34297827,71520,2638693
1635289354.2300186,3704893,35441445,5482080,79306,3754314,34345641,228059911,3787756,34274622,71369,2618629
1635289354.3803,3603783,34917971,5332992,80519,3780074,34313662,228169639,3768251,34268698,73277,2650640
1635289354.480428,3711003,35329259,5544371,65599,3752357,34277432,228129439,3659616,34314520,71947,2690564
1635289354.5805507,3690279,35392690,5513500,79833,3631050,34416218,227944023,3775620,34297228,71478,2649614
1635289354.6806722,3714967,35384437,5338179,73946,3789666,34342601,227970250,3647461,34275011,71975,2927254
1635289354.7807937,3756538,35126634,5505588,78891,3614115,34310086,228072963,3699547,34312897,75841,2275517
1635289354.8809147,3721004,35215314,5497875,78729,3634581,33347750,227940695,3771828,34537869,75208,2687939
1635289354.9810355,3716759,35092452,5411552,82410,3782738,34323633,228005914,3781823,34501393,72933,2524713
1635289355.0811572,3744272,35307721,5506548,79553,3733236,34431385,228178354,3668848,34433283,72215,2665220
1635289355.1812844,3713905,35470152,5498881,74017,3635682,34293516,228120552,3786981,34370971,72642,2679903
1635289355.2814088,3537554,34946318,5514808,77494,3688382,34412840,228046661,3781430,34343548,72206,2398675
1635289355.38153,3697876,35243031,5449794,72125,3860827,34293295,228013306,3641117,34331025,71859,2699825
1635289355.4816518,3700424,35093091,5500949,75974,3749613,34515450,228109801,3783053,34254823,72161,2503712
1635289355.5817735,3653709,35207367,5515972,86728,3778306,34454381,228052015,3645313,34291830,71165,2698160
1635289355.681896,3679557,35259809,5433543,79603,3660938,34320640,228104909,3745618,34369101,72347,2471225
1635289355.7820175,3625432,35108755,5488306,78624,3747574,34259970,228055417,3780158,34311331,71208,2646369
1635289355.882138,3686645,35049463,5364841,74941,3774894,34279025,227985179,3691413,34434262,70559,3120509
1635289355.9822595,3706816,35432882,5494428,79405,3790791,34289574,228004283,3789129,34341166,71551,2681347
1635289356.0823805,3714071,33968944,4065845,78112,3773476,34305802,228015206,3613504,34332064,70918,2626180
1635289356.1825078,3597925,35218158,5441161,74494,3664111,34351571,228026568,3853638,34307347,72491,2560027
1635289356.282632,3687483,35461550,5500622,77602,3768887,34331260,228008349,3638322,34372318,74297,2653107
1635289356.382758,3689009,35268037,5359808,76066,3748054,34368992,228046558,3774462,34331972,74349,2727894
1635289356.4828794,3729123,35078070,5537474,77962,3686717,34501796,228039327,3669657,34399670,75303,2641878
1635289356.5830007,3701096,35403413,5469412,78844,3558857,33370843,228119329,3640296,34506768,71027,2661218
1635289356.6831224,3628552,34711769,5369198,62021,3785126,34335073,228074848,3775935,34478033,72533,2566167
1635289356.7832434,3916345,35286871,5475692,78006,3785022,34351245,228056125,3630354,34378316,71630,2667183
1635289356.883365,3678996,35184356,5490570,77829,3636656,34402185,228038300,3784322,34356476,71914,2670025
1635289356.9834862,3694020,35361043,5496624,80091,3770961,34415560,228052538,3735721,34321026,71397,2309062
1635289357.0836072,3533015,35014626,5403234,71719,3786393,34503079,228090909,3636940,34313459,72485,2622302
1635289357.1837332,3707065,35304452,5509118,78752,3611724,34545679,228210715,3771455,34386551,72377,2655993
1635289357.283858,3689268,35330130,5444129,69487,3782026,34316772,227980603,3775764,34347041,70794,2609765
1635289357.3839793,3601672,34974026,5529036,78619,3770202,34448436,228035522,3724814,34357001,73184,2518374
1635289357.4841008,3713687,35456473,5486796,78816,3588804,34252066,228126999,3671334,34457562,70886,2656154
1635289357.5842214,3691206,35289279,5411824,74382,3786417,34288598,227916248,3788107,34445322,71754,2426297
1635289357.684342,3653317,35220095,5457405,78226,3784160,34305063,228009834,3629586,34301917,71583,2660341
1635289357.7844627,3548711,34259364,228019234,3782312,34313034,74517,2660303,3673813,35352030,5519497,80880
1635289357.8845837,3784303,34274785,227971955,3781948,34291327,75687,2465267,3613184,35096837,5472521,78262
1635289357.9847038,3777053,34317751,228047652,3632990,34407315,76622,2671730,3699801,35245743,5504309,77775
1635289358.184951,3669446,35404414,5452805,79601,3780649,34565912,228202904,3714052,34473258,71082,2540892
1635289358.2850738,3584063,34978648,5456752,74134,3731330,34355155,228022388,3738767,34484083,71904,2649266
1635289358.3851948,3689461,35326534,5494346,79387,3668967,34375508,228065238,3660205,34455188,71358,2661819
1635289358.4853158,3708038,35278034,5308041,73116,3719050,34413146,228014196,3755941,34366409,71053,2596565
1635289358.585436,3743639,35264446,5504491,77970,3892378,34450679,228177550,3622812,34341990,72460,2657312
1635289358.6855562,3705458,35343292,5491774,79474,3368331,34435057,227994622,3795881,34319212,71325,2651029
1635289358.7856762,3703133,35194172,5460751,80526,3788214,34334604,227968665,3783273,34328223,71331,2468170
1635289358.8857973,3777525,34335118,227974819,3636373,34339422,71805,2653293,3573783,34914004,5408684,77720
1635289358.9859178,3618614,34430980,227948650,3786997,34317111,73157,2708621,4099475,35621681,5465573,81128
1635289359.0860384,3784525,34411978,227963354,3774997,34441315,72446,2402036,3507825,34966419,5512323,73871
1635289359.2862885,3668686,35415399,5468973,78465,3759830,34259728,228250614,3850721,34408705,71040,2672255
1635289359.3864095,3694913,35500959,5452737,80173,3789305,34322973,228031535,3556891,34512026,74606,2621447
1635289359.4865313,3592919,35050760,5479614,80200,3737326,34359980,228135686,3785234,34359599,75409,2570422
1635289359.5866518,3702701,35466998,5497267,78975,3710655,34320832,228077056,3745708,34425984,73857,2709626
1635289359.6867728,3714076,35379165,5362732,75178,3672146,34378659,228007853,3774270,34346204,72252,2712437
1635289359.7868927,3774829,35195117,5537584,77645,3792547,34347974,228025147,3621496,34339394,72047,2689029
1635289359.887018,3686293,35293132,5467836,77476,3419213,34366798,228143670,3784126,34344199,72045,2662968
1635289359.987139,3786581,34454342,228039235,3766641,34273554,71855,2537146,3756694,35279570,5476623,78174
1635289360.087259,3777912,34374843,228105646,3625208,34480879,72152,2678094,3528918,35118575,5506519,78330
1635289360.1873848,3626721,34297937,227974520,3772298,34414533,71404,2671044,3694918,35263617,5509645,80421
1635289360.387629,3514067,34770017,5425559,71755,3786122,34324510,228129563,3639425,34355265,73787,2630843
1635289360.4877515,3713328,35458857,5484297,80346,3774236,34369949,228011439,3755181,34357201,71184,2644556
1635289360.5878723,3718669,35476422,5388900,66503,3779671,34361759,227904892,3783041,34390329,72425,2555020
1635289360.687992,3614645,35066339,5475392,78827,3647959,34429508,228126202,3763100,34371216,72554,2617637
1635289360.788112,3654115,35427995,5503876,78664,3687873,34275518,228024364,3671834,34285564,71571,2674800
1635289360.8882315,3679347,34968605,5426348,73501,3877639,34513353,228101125,3778384,34349010,71188,2592647
1635289360.9883513,3714589,35279482,5510524,78107,3797686,34477347,228091824,3642448,34577666,74653,2676404
1635289361.0884714,3570671,34316966,228119578,3777217,34478305,74968,2688698,3613643,35150889,5703098,82326
1635289361.188597,3774827,34388151,228148608,3783591,34349297,72974,2507469,3546297,34833191,5409344,78428
1635289361.2887208,3785852,34315062,228024387,3636168,34393597,72699,2668494,3759167,35171694,5507538,78689
1635289361.4889636,3724693,35489485,5444989,80569,3789296,34400669,227998200,3699197,34342616,70594,2459429
1635289361.5890837,3618256,34986796,5469017,78194,3663470,34453041,227959215,3791809,34385024,73125,2654585
1635289361.6892035,3702214,35250703,5493361,77652,3679697,34460223,227987266,3531908,34283465,71416,2670943
1635289361.7893243,3709086,35187747,5393262,72826,3788204,34315694,227944674,3791106,34390672,73386,2614847
1635289361.8894448,3731471,35247277,5535045,78895,3698342,34396713,228105043,3691970,34435521,71955,2667444
1635289361.9895647,3712183,35216944,5508184,79498,3281180,34339957,228154101,3786830,34383872,72587,2632682
1635289362.0896842,3674051,35046783,5409629,76787,3794342,34378493,228094525,3790931,34324826,73962,2497543
1635289362.1898112,3790573,34373338,228085171,3642732,34394484,71062,2669539,3692682,35284283,5254040,78562
1635289362.2899323,3637811,34395021,228129948,3786207,34382248,71294,2660419,3518641,35343689,5619966,81201
1635289362.3900728,3783015,34334264,227978286,3781790,34333912,73389,2387877,3475957,35263740,5534320,73042
1635289362.590314,3696500,35374292,5509179,77911,3790782,34457158,228030920,3780910,34237583,72543,2733839
1635289362.6904354,3693689,35371292,5420164,77811,3797663,34365868,228059176,3649565,34504771,77311,2513103
1635289362.7905562,3632845,34994508,5531337,79407,3705864,34321147,227958542,3745931,34445335,75012,2631881
1635289362.8906767,3697775,35354741,5528338,79203,3731132,34304209,227935671,3765176,34551827,70875,2683106
1635289362.9907985,3716485,35108560,5368963,73645,3808244,34219125,228056077,3739178,34387813,71972,2660400
1635289363.0909328,3699683,35344417,5498878,78776,3341580,34344136,228097622,3621532,34307786,71166,2651193
1635289363.1910636,3737325,35422288,5525002,79742,3530042,34421748,228051990,3783954,34353076,71122,2686584
1635289363.2911882,3788101,34389398,227937404,3784838,34293861,73694,2524013,3691063,35293476,5463003,77035
1635289363.3913116,3778855,34512867,228193738,3640530,34415186,72371,2669708,3708213,35128002,5474661,76855
1635289363.4914484,3630908,34466544,228106522,3775491,34295648,71193,2669527,4868377,35534754,5499322,74780
1635289363.5915937,3792117,34373878,228186947,3671916,34401767,71295,2176959,3566366,34864327,5423941,78092
1635289363.6917243,3494456,34499069,228512375,3746016,34618549,72403,2625894,3705182,35492812,5480813,76907
1635289363.791865,3798965,34503355,228442242,3801018,34492374,70930,2666561,3711578,35397545,5442719,74349
1635289363.891999,3791631,34458112,228389201,3736266,34489072,71550,2557384,3649484,35284897,5529882,75159
1635289363.9921339,3682979,34325380,228294507,3748513,34483316,72955,2620012,3737590,35679814,5520541,78817
1635289364.0922637,3698762,34249063,228363900,3546380,34354910,73791,2666343,3709328,35291787,5430106,70204
1635289364.1923935,3320322,34360783,228275589,3864263,34384997,74130,2480082,3689769,35164947,5499493,78150
1635289364.292519,3768208,34422132,228213920,3638127,34422761,75418,2676262,3692949,35294516,5514100,68910
1635289364.3926415,3767233,34465300,228265161,3769915,34405155,71685,2659868,3641749,34956333,5598526,89401
1635289364.492764,3701654,34361996,228170263,3783118,34477368,72702,2518135,3720229,35557335,5452706,79245
1635289364.5928867,3787158,34291214,228184121,3639269,34550047,71031,2636402,3524187,34356710,5419218,75591
1635289364.6930158,3628592,34444248,228281807,3794010,34368603,71586,2281771,3697117,35331555,5457521,80832
1635289364.7931387,3785660,34423846,228294355,3674568,34341563,70750,2705113,3668293,35185324,5523738,77683
1635289364.89326,3600721,34435073,228265149,3765424,34331847,70897,2670370,3722413,35478048,5502092,79558
1635289364.9933822,3748266,34401219,228212097,3672996,34237447,71888,2609862,3706490,35108563,5383900,70501
1635289365.0935037,3771303,34506314,228247550,3776296,34366909,72893,2491943,3718650,35321599,5504367,74489
1635289365.193631,3705122,34551918,228388913,3773989,34384560,72408,2643656,3698866,35457138,5494279,78892
1635289365.293756,3881819,34343194,228221776,3752785,34358394,71094,2634382,3635052,35096206,5423803,65124
1635289365.3938777,3725629,34312650,228196756,3777885,34352817,70247,2512161,3698871,35389423,5514293,82841
1635289365.4939988,3606864,34285787,228323062,3675107,34469329,70880,2672241,3687854,35405115,5411350,66205
1635289365.5941331,3777752,34382709,228173146,3795339,34409239,71668,2604330,3729922,35398791,5459160,77486
1635289365.6942666,3811287,34453754,228340519,3647555,34396822,75459,2645147,3745944,35661912,5508283,78609
1635289365.7943904,3645407,34393154,228219367,3790806,34433370,74375,2689166,3680637,35418296,5517349,79669
1635289365.894513,3786703,34397494,228223478,3799260,34384485,73618,2530861,3620774,35164689,5446876,69861
1635289365.9946356,3776574,34397213,228157552,3635225,34459533,71339,2589526,3707214,35246449,5497922,79225
1635289366.0947568,3634093,34611001,228344252,3790570,34481137,71374,2645052,3691257,35364851,5432337,71576
1635289366.1948822,3797129,34447957,228281730,3731105,34539974,70818,2678294,3551215,34980608,5548064,75687
1635289366.2950048,3730143,34403081,228157479,3763760,34454409,72439,2397353,3689221,35349044,5497352,77597
1635289366.3951275,3796818,34366264,228298420,3559402,34516600,71655,2650864,3706851,35242300,5435516,80892
1635289366.495251,3681988,34461197,228251458,3855897,34380111,70958,2467992,3675700,35232177,5537699,76664
1635289366.595372,3787794,34366424,228245727,3643697,34364928,70143,2675652,3719674,35551094,5491044,76502
1635289366.6954932,3771833,34462432,228318600,3790052,34402869,72482,2660030,3588400,34962180,5527683,78029
1635289366.7956145,3689814,34408752,228213681,3794993,34379182,72413,2464059,3705504,35616610,5459095,80233
1635289366.8957367,3784113,34371376,228228141,3640362,34438706,71625,2650880,3626286,35055023,5414292,73686
1635289366.995858,3786632,34514716,228187622,3781841,34375556,71161,2505077,3674846,35539184,5459447,79915
1635289367.0959792,3786847,34500629,228311645,3728852,34521291,71350,2613112,3652274,35357387,5492791,76483
1635289367.1961052,3724280,34374727,228221458,3723545,34500328,72442,2669065,3682539,35506236,5504614,78676
1635289367.2962294,3735901,34413081,228187387,3711250,34391177,77121,2568031,3708933,35136727,5390703,74238
1635289367.3963506,3795062,34392931,228206806,3730317,34517016,74386,2701421,3710766,35440877,5506417,79394
1635289367.496472,3671706,34458134,228402596,3790432,34489634,74144,2656873,3723639,35530424,5515557,77513
1635289367.5965924,3843099,34408406,228131923,3748312,34402752,70074,2636407,3606643,35016730,5424230,78986
1635289367.696713,3760265,34523352,228177588,3794107,34376308,72492,2526384,3697386,35430787,5495931,78853
1635289367.7968345,3584532,34309291,228244336,3641785,34500054,71212,2669922,3710877,35406684,5398628,72819
1635289367.8969553,3773646,34587120,228259582,3793725,34387791,72120,2647057,3764288,35337524,5513808,77827
1635289367.997076,3800673,34501973,228305488,3636948,34488824,72314,2658842,3716261,35322184,5504953,77940
1635289368.0971966,3420418,34633708,228425562,3781374,34497324,70788,2668481,3692331,35314647,5505995,76132
1635289368.1973217,3792972,34444943,228269191,3794127,34356791,72300,2577002,3797589,35345025,5443520,77248
1635289368.2974443,3783723,34338783,228198964,3636183,34369257,70461,2528977,3699556,35255448,5502584,77444
1635289368.3975663,3636347,34370183,228133304,3803182,34398299,70273,2675806,3741112,35702196,5487996,80045
1635289368.4976883,3788782,34425407,228101932,3762648,34487613,71595,2745963,3494277,35061055,5411533,70330
1635289368.597809,3696362,34355355,228017162,3807534,34424649,72913,2639979,3688734,35556474,5485780,78460
1635289368.697931,3781920,34377573,228221994,3548088,34470181,70927,2695226,3676893,35500406,5374027,65694
1635289368.798052,3731339,34537242,228167910,3836987,34401763,71595,2536752,3617602,35179019,5501790,77460
1635289368.8981738,3789198,34426448,228192135,3621872,34528242,75896,2672924,3704293,35396516,5499275,77169
1635289368.9982958,3779679,34485635,228391161,3803438,34578700,74327,2701906,3629378,34887246,5454846,77787
1635289369.0984166,3633800,34510996,228295900,3791316,34537033,72699,2579196,3738001,35515527,5501287,79064
1635289369.1985424,3790990,34424211,228355612,3640018,34512853,71743,2689967,3650312,34887468,5376893,66843
1635289369.298667,3573553,34433722,228299838,3786686,34416667,71455,2578525,3732882,35568444,5536991,82249
1635289369.3987885,3780572,34471855,228256619,3777442,34346849,71983,2661136,3614631,35254233,5549643,78086
1635289369.498911,3753975,34460325,228220146,3667042,34434439,70764,2643955,3717941,35406749,5506701,78896
1635289369.5990307,3600370,34615262,228262905,3719924,34345763,71438,2300121,3697781,35336545,5368332,80245
1635289369.6991525,3793074,34319075,228146039,3721047,34446483,72330,2374596,3652059,35137729,5543445,77396
1635289369.799274,3559769,34386194,228237011,3766288,34595309,72217,2662288,3713052,35452226,5500825,81965
1635289369.8993952,3818134,34356813,228030100,3740550,34510481,72251,2653332,3656766,35038647,5448276,75666
1635289369.9995167,3768041,34353483,228102948,3789858,34348250,73066,2504057,3719305,35559108,5483379,80246
1635289370.0996373,3552679,34379773,228293240,3639624,34565944,72494,2647302,3709224,35792433,5406806,78336
1635289370.1997626,4056938,34449683,228262972,3789757,34342064,71380,2648909,3557923,35232185,5509654,66527
1635289370.2998848,3797574,34402655,228316522,3756733,34359227,73041,2681226,3698723,35511051,5488722,75197
1635289370.4000137,3707021,34489370,228310462,3700130,34479929,74883,2662711,3697876,35340691,5493477,76907
1635289370.500135,3699871,34590205,228363851,3795297,34492269,74930,2575898,3711771,35308890,5357136,72260
1635289370.6002557,3791800,34373949,228202800,3632608,34543033,77364,2779525,3714584,35429772,5497403,78202
1635289370.8004978,3701374,35357684,5509726,78967,3800278,34448450,228354250,3766417,34546797,71784,2657559
1635289370.9006195,3645416,35021966,5439057,64848,3795601,34430696,228180613,3785756,34410039,73220,2560949
1635289371.0007408,3716230,35515861,5527428,79675,3650181,34378587,228299041,3604969,34424139,70232,2658203
1635289371.1008618,3718434,35587987,5425427,74358,3729531,34476563,228180423,3817719,34533861,72236,2640213
1635289371.2009861,3491026,35002432,5584368,74122,3865096,34571268,228370242,3770161,34445551,73479,2366964
1635289371.3011107,3695221,35382799,5510554,77645,3700638,34341290,228227685,3676060,34437493,72582,2667442
1635289371.4012334,3691875,35420854,5481531,80793,3794436,34593410,228194600,3792282,34429229,71721,2476984
1635289371.5013561,3807706,34418939,228194056,3642283,34525055,72245,2644558,3619372,35064075,5394999,78888
1635289371.6014774,3650648,34366847,228206437,3798559,34510297,71846,2658826,3930580,35585390,5480607,79690
1635289371.7015984,3805207,34416716,228249822,3800805,34389015,71611,2574783,3672398,35067485,5402950,74602
1635289371.9018414,3689591,35568204,5507200,78060,3832625,34535618,228334283,3875909,34360924,72067,2683106
1635289372.001963,3707727,35693673,5488167,79949,3793664,34447430,228224498,3578354,34426477,74490,2667160
1635289372.1020844,3573726,35106609,5456389,79306,3783249,34458586,228329107,3756476,34422291,76743,2549274
1635289372.202209,3702036,35412414,5514077,77216,3673854,34381522,228274616,3732079,34471545,74873,2711423
1635289372.3023326,3698747,35383466,5354832,75190,3694113,34599672,228254388,3781089,34474567,71515,2714753
1635289372.402455,3744139,35232342,5545341,77012,3801345,34446911,228286542,3648554,34514787,71948,2657334
1635289372.5025764,3695919,35443889,5502414,78182,3433460,34398274,228142592,3758882,34518188,71159,2722979
1635289372.602698,3810866,34579987,229368213,3802723,34576229,73029,2571665,3764904,35761171,5522071,76590
1635289372.702819,3745231,33900693,228313738,3641622,34365560,70318,2669104,3494970,35283562,5519162,78000
1635289372.8029487,3651023,34445618,228278118,3795898,34407146,71682,2668769,3730701,35604965,5422877,75246
1635289373.0031946,3627386,34956198,5480716,76937,3549242,34386508,228232844,3718849,34354890,74476,2647705
1635289373.1033168,3708459,35356570,5505006,76849,3783507,34553805,228317545,3746566,34398340,71776,2655773
1635289373.2034423,3708607,35274073,5373689,65691,3793717,34331017,228122997,3776019,34428901,71319,2563530
1635289373.3035655,3624619,35033525,5507834,79151,3705475,34312076,228312485,3716409,34481310,71959,2618841
1635289373.403688,3674029,35492163,5506461,78511,3686933,34276473,228205445,3663472,34383829,70800,2672396
1635289373.5038092,3689933,35169354,5441392,73937,3707627,34407198,228332188,3788494,34363616,71551,2442656
1635289373.603931,3667897,35295168,5509736,78161,3797280,34406267,228173696,3650987,34339978,74907,2661886
1635289373.704053,3594779,34413647,228305786,3771180,34452262,75322,2698924,3719068,35141185,5494504,80239
1635289373.8041747,3735979,34420845,228247744,3793649,34471127,72481,2538059,3946076,35958166,5462347,71610
1635289373.9045427,3785402,34485639,228228088,3634507,34444706,70850,2626189,3551724,35039925,5509916,77859
1635289374.1054027,3716621,35341657,5503728,79225,3792082,34454779,228224200,3784385,34480332,72306,2630417
1635289374.2558506,3715952,35247903,5435959,81300,3782323,34361927,228199854,3690277,34388206,71960,2480046
1635289374.3559778,3738026,35257735,5504366,78101,3644039,34458123,228207780,3788698,34523777,71010,2660262
1635289374.4560995,3711827,35285623,5495760,80182,3789889,34424387,228239323,3775933,34420049,70843,2688224
1635289374.5562208,3498724,34887049,5529660,74285,3577092,34348178,228573969,3753947,34385921,72822,2400707
1635289374.656342,3742695,35531336,5496575,82164,5167394,34336107,228320453,3636755,34393559,71352,2637912
1635289374.7564638,3693057,35578374,5422048,78775,3790739,34400680,228215173,3792458,34377210,71491,2593574
1635289374.856585,3779882,34474289,228248914,3721618,34354399,71880,2597526,3687510,35525444,5499870,79953
1635289374.9567065,3864658,35674911,236350793,3840620,35606555,73674,2777341,2808630,38567654,5673554,82082
1635289375.0568283,3798250,34381959,228261762,3702784,34502733,72076,2461431,2933589,35463145,5545423,82623
1635289375.1569488,3718389,34341715,228305896,3688119,34542295,74717,1515126,3684883,35452693,5523874,75604
1635289375.2570772,3794064,34468499,228375009,3792944,34408243,78150,2658686,3699218,35348385,5411096,80487
1635289375.3571985,3792388,34361471,228076911,3635652,34290046,70377,2541311,3659101,35236927,5503645,75214
1635289375.4573197,3640611,34373689,228091249,3765347,34461611,74238,2632103,3726680,35514793,5500439,80078
1635289375.5574408,3780589,34413824,228109036,3777266,34438869,71359,2677139,3583401,34946763,5476941,72717
1635289375.6575618,3785891,34340481,228277397,3780034,34474828,73060,2471504,3700243,35329013,5523817,77715
1635289375.7576978,5153476,34317981,228159950,3653689,34450123,70776,2674630,3703320,35306482,5420795,78817
1635289375.8578265,3339656,34547099,228089899,3776034,34379386,72244,2550848,3621100,34946608,5498725,72223
1635289375.957953,3781569,34417423,228122966,3674962,34430138,72342,2624843,3696449,35283277,5424356,78320
1635289376.0580802,3731447,34419582,228098073,3742781,34458781,71402,2675363,3692509,34990426,5520051,78147
1635289376.1582055,3720155,34389693,228087522,3786420,34369285,71488,2663096,3975598,36032058,5528862,71538
1635289376.258336,3786830,34322922,228084130,3642114,34423214,70645,2803803,3580336,35226149,5431506,78472
1635289376.3584673,3559162,34390772,228032403,3788795,34356617,72564,2422971,3727784,35570806,5511595,77329
1635289376.4585953,3777400,34387428,227992720,3787038,34275813,71396,2665344,3640062,35120020,5418062,78323
1635289376.5587225,3775535,34416926,227928232,3700097,34402769,72215,2603180,3696039,35363042,5497344,77354
1635289376.6588492,3636208,34478927,227950306,3763294,34347187,71176,2659356,3686187,35361595,5421355,75112
1635289376.7589793,3786576,34268203,227968435,3552007,34360114,74027,2654868,3704676,35062079,5506658,77493
1635289376.8591068,3341349,34334700,228017703,3741292,34423371,75130,2642117,3716704,35347056,5498760,76381
1635289376.9592342,3874877,34364347,228010086,3744706,34421356,73860,2708578,3697725,35026834,5413915,81324
1635289377.0593638,3776317,34350237,228118678,3789044,34387713,71761,2561273,3732979,35293770,5541415,78187
1635289377.15949,3719853,34419222,228116025,3638117,34379793,71984,2650169,3735119,34776600,4815196,74139
1635289377.259622,3634494,34325685,228037680,3781498,34331436,71504,2699180,3549248,34923952,5526211,77538
1635289377.35975,3772866,34369022,228094256,3762650,34300862,72526,2770944,3647468,35291026,5477669,69849
1635289377.4598804,3646358,34390832,228144830,3684159,34342129,71188,2717099,3663979,35211015,5496018,77451
1635289377.5600164,3783619,34487568,228092343,3775746,34302686,72377,2571660,3688516,35243173,5388386,69821
1635289377.6601417,3783490,34380269,228027675,3636171,34443495,71337,2559035,3668980,35112897,5497670,77690
1635289377.7602684,3634990,34309959,228065101,3767673,34311610,69801,2647733,3705244,35395871,5506356,79924
1635289377.8604088,3746738,34447910,228092211,3739343,34453380,69924,2640666,3585981,34790604,5443998,71582
1635289377.960553,3655239,33268444,220551431,3610460,33266613,67862,2535808,3544230,34079246,5257290,105381
1635289378.0606794,3702064,34124896,226848069,3720878,34221231,64532,2588980,3614185,34990123,5394370,128676
1635289378.1608024,3717254,34077805,227363637,3714002,34205947,55069,2643255,3612569,35115596,5344476,145529
