1635289556.6200337,3512316,34713893,227745989,3590207,34651506,71807,2538027,3408680,35070612,5285436,52642
1635289559.0733383,3642899,34527580,228080462,3539869,34932027,73782,2493536,3579077,34947841,5234410,65117
1635289559.27358,3603350,34756330,227854256,3563694,34604269,73360,2505409,3604317,35092132,5348871,39743
1635289559.3737001,3620355,34409864,228128217,3609370,34488742,73184,2454166,3577230,35032956,5363645,62489
1635289559.4738195,3571193,34600344,227901934,3585802,34674773,75335,2562788,3575087,35707807,5198648,57224
1635289559.6740565,3567447,34902762,5329090,55579,3582417,34747441,227986131,3646245,34820684,72855,2541549
1635289559.7741773,3590656,35089113,5321714,66210,3569400,34673654,228094176,3592408,34799897,73020,2485432
1635289559.8743255,3480861,35150791,5325201,61818,3616566,34729460,228101825,3572837,34396421,73773,2494874
1635289559.9744496,3510309,35123616,5295927,55577,3561579,34445958,227963334,3582006,34743877,72009,2535816
1635289560.0745697,3685088,35363468,5289168,58400,3630803,34700544,228144306,3606651,34628542,74013,2637721
1635289560.1746888,3584852,35266488,5344184,55424,3400969,34592105,227962256,3609138,34603432,73125,2530431
1635289560.2748082,3607655,35074780,5297028,65596,3575004,34648513,228013724,3632801,34567700,71214,2452586
1635289560.3749278,3564509,34469485,228044504,3619023,34460372,73238,2507369,3554139,34829152,5323077,67564
1635289560.475047,3612426,34407901,227774252,3622876,34534843,73863,2434272,3354734,35237597,5387298,66222
1635289560.575166,3626313,34741211,227771530,3621134,34509493,73933,2529179,3406199,35091404,5403862,53867
1635289560.7754033,3461211,35089717,5338502,53510,3735453,34684834,228100774,3644362,34652744,74725,2627636
1635289560.875522,3521398,35180783,5321859,42989,3570586,34484268,228063642,3558882,34570987,74304,2512358
1635289560.9756408,3541837,35265506,5323372,68894,3626957,34550494,228115717,3690378,34393026,74087,2526732
1635289561.0757596,3585048,35121817,5346526,65254,3663627,34621647,228082583,3590267,34621664,72847,2493899
1635289561.1758773,3590904,35147989,5353064,58273,3466553,34704465,228091197,3644342,34564834,74032,2657839
1635289561.2759964,3609702,35496337,5369079,57528,3492943,34605283,227990723,3610201,34611543,74516,2376327
1635289561.3761148,3558426,35115293,5353796,64307,3748670,34452879,228060749,3615021,34644889,74489,2599641
1635289561.4762332,3593441,34552447,228074582,3627214,34492858,72392,2517779,3644634,35513866,5366152,64916
1635289561.5763512,3628065,34488590,227977514,3648654,34557115,76556,2588159,3677519,34493322,5354835,63715
1635289561.6764698,3641070,34561042,228041452,3626870,34557144,76790,2348957,3665949,35128639,5273399,60947
1635289561.8767066,3427263,34969369,5352590,56826,3565743,34502360,228109199,3646804,34375576,73739,2510426
1635289561.9768243,3636432,35160177,5356593,68275,3669929,34599945,228010945,3556533,34664153,76511,2583921
1635289562.0769424,3559667,35026032,5339769,48175,3639447,34456770,227887037,3748291,34487417,74438,2520594
1635289562.1770601,3567099,34981080,5400599,67154,3635273,34525700,228113546,3566264,34533812,73332,2623824
1635289562.2771778,3742005,35392196,5262152,61161,3814683,34211039,228046508,3639928,34463630,75000,2463245
1635289562.377296,3533328,34861212,5361788,56817,3404659,34594050,228130200,3617978,34436494,73697,2309116
1635289562.4774134,3586772,34922209,5373219,66122,3733937,34287711,227981997,3635692,34426036,75718,2536812
1635289562.5775313,3578554,34465058,227985497,3699419,34435834,73893,2579484,3539891,35056344,5539708,66655
1635289562.6776495,3628769,34480961,228061931,3629231,34304579,72430,2672392,3933430,34894401,5360605,69406
1635289562.7777746,3619466,34349267,228147083,3636466,34355938,72909,2628361,3588678,34948760,5324039,63799
1635289562.978023,3530494,35037871,5281113,64210,3525386,34372676,228044404,3630126,34170141,74389,2683299
1635289563.078142,3551724,34898309,5316734,52958,3593123,34302573,228040693,3680643,34212140,74438,2558283
1635289563.1782596,3554919,34915477,5378768,58806,3642501,34331773,227978379,3570248,34302641,73550,2516458
1635289563.278378,3610413,35005854,5243537,65421,3674445,34184005,227986707,3580452,34264567,73659,2487888
1635289563.378496,3645798,35219556,5316050,65584,3629276,33903927,228026494,3677700,34296545,75811,2469446
1635289563.4786143,3611574,34793284,5338705,64478,3713785,34299345,228067690,3681245,34138428,74572,2662910
1635289563.578732,3568458,34817485,5341548,54864,3370891,34376897,227996371,3693618,34359135,73115,2629314
1635289563.6788504,3538334,34310568,227955773,3714633,34321258,71761,2602596,3559964,34942190,5492157,69626
1635289563.778968,3620268,34432357,228017825,3739460,34327120,70865,2551437,3495092,34357438,5376370,69662
1635289563.8790855,3671728,34396053,228001981,3698689,34332528,70625,2330770,3564996,35065182,5423105,66200
1635289564.079322,3563989,34753392,5364882,64539,3718143,34154874,228066347,3651057,34298890,73261,2672796
1635289564.1794405,3646145,35163545,5381095,77382,3753973,34416833,228093781,3652562,34362003,72607,2507646
1635289564.279558,3642796,35184240,5385411,69951,3638437,34401568,227941889,3560957,34194948,71834,2540344
1635289564.3796756,3621299,35057683,5377080,66370,3635188,34328835,228072060,3766550,34564434,70018,2664594
1635289564.4797933,3635720,35022450,5441676,73166,3592761,34175530,228141241,3645377,34343445,71243,2474782
1635289564.5799115,3512782,34948309,5369553,63443,4851377,34562515,228041506,3722251,34329256,73631,2653888
1635289564.6800158,3636208,35246966,5379346,73256,3747531,34353707,227930874,3634926,34304856,69968,2490132
1635289564.780134,3564279,34215368,227980903,3692798,34363283,71435,2590504,3580854,34999067,5405066,78432
1635289564.8802521,3713002,34212282,227961232,3690923,34255236,71774,2490893,3629519,35501589,5409255,71578
1635289564.9803822,3642120,34170162,228004356,3642959,34257850,70326,2664961,4047297,35280900,5315738,68532
1635289565.0805101,3621272,34341215,228156674,3774504,34205722,70826,2234013,3562686,35025345,5419932,72565
1635289565.1806295,3779238,34249696,228105882,3637828,34325180,69909,2662768,3635863,35133565,5374968,77933
1635289565.2807488,3577661,34240260,228136326,3770878,34254149,77131,2496799,3575636,34885607,5468608,77266
1635289565.3808675,3706785,34222777,228028554,3687288,34158050,75332,2580032,3651345,35258131,5328836,66821
1635289565.4809864,3647248,34254009,227949704,3591690,34230130,73359,2671952,3597411,35021093,5446098,73173
1635289565.581106,3707985,34246504,228000479,3770156,34310572,74298,2548110,3641742,35121076,5412172,75859
1635289565.6812243,3342279,34374753,228130966,3718780,34216303,72711,2657998,3643118,34997262,5403275,78579
1635289565.7813432,3747742,34141749,228073557,3628029,34289789,69824,2606908,3574564,34912390,5436087,65642
1635289565.881462,3666570,34235095,228098242,3697680,34095879,69991,2521948,3664910,35014866,5381571,73463
1635289565.9815807,3665145,34173122,227987127,3757230,34058624,70758,2485431,3661816,34821035,5441158,76452
1635289566.0816994,3650577,34278629,228043921,3636132,34161684,70194,2676338,3497054,35188618,5287270,71554
1635289566.181818,3798149,34203064,228047553,3642588,34233257,69185,2266368,3622745,34728542,5433459,69400
1635289566.2819366,3725484,34063805,228064790,3657291,34355439,71345,2618683,3562384,34963244,5405293,64801
1635289566.3820555,3554254,34239221,228078205,3792822,34179259,71072,2466717,3589868,34897986,5488290,75810
1635289566.482174,3628097,34138181,228001343,3686756,34097020,71596,2597173,3699222,35279562,5410683,78461
1635289566.582293,3634170,34335457,228006851,3764896,33909117,71268,2484124,3623674,35048633,5402795,70678
1635289566.6824117,3587177,34218967,227975171,3770553,34243566,70668,2373004,3644515,35087804,5312865,76429
1635289566.7825303,3781281,34240236,228111227,3634823,34145348,70228,2691292,3614338,34923801,5368492,78421
1635289566.882649,3830235,34174170,228085360,3641604,34304907,70953,2686863,3538275,34855461,5385699,82318
1635289566.982767,3796214,34211286,228050626,3642722,34206407,69545,2570192,3575575,35081785,5483937,72561
1635289567.0828857,3608583,34191586,228165653,3730240,34110161,70113,2585239,3677467,35383237,5482803,73815
1635289567.183004,3633277,34264558,228124791,3783920,34155114,71545,2613620,3687168,35333766,5461705,76014
1635289567.2831225,3772516,34545798,228086709,3765628,34051363,72111,2770623,3667556,35253755,5414673,75574
1635289567.3832412,3797803,34307717,228152549,3724973,34287485,71634,2665308,3645221,35142681,5400572,76481
1635289567.4833598,3799758,34271805,228024089,3676394,34129251,73463,2608732,3651083,35128312,5333545,61215
1635289567.583478,3687102,34214029,228027005,3634689,34067736,71600,2659588,3639864,35230382,5323329,71111
1635289567.6835961,3681713,34270932,228089931,3809908,34120259,72132,2599775,3685770,35246210,5344231,72814
1635289567.7837148,3613220,34358120,228051561,3648910,34176779,72063,2558788,3633935,35126967,5372204,72345
1635289567.8838332,3784490,34136570,227943030,3585523,34126444,71666,2660047,3656922,35016538,5369094,81392
1635289567.9839513,3763831,34250808,228091122,3648557,34248874,71806,2707058,3651923,35003144,5365328,75322
1635289568.0840695,3638531,34162587,228015207,3660917,34179473,71337,2626454,3663143,35045809,5327330,76962
1635289568.1841874,3846488,34243207,228128646,3666693,34060427,71391,2621728,3680002,35259134,5431230,69564
1635289568.2843056,3654333,34198228,227995364,3692051,34127275,71629,2520549,3657255,34933986,5358730,71531
1635289568.3844259,3594243,34158010,228113149,3736412,34059136,72211,2679050,3628864,35092484,5311339,80200
1635289568.484544,3791155,34349696,228109945,3769076,34025549,73054,2625119,3688120,35298870,5433433,77469
1635289568.584662,3575821,34198574,228007923,3773351,34135810,70679,2553904,3680027,35043305,5463534,82563
1635289568.6847804,3691355,33963722,228292363,3723613,34052012,74143,2487718,3663966,34961093,5474944,77320
1635289568.7848985,3788782,34085227,228030163,3721947,34217228,70490,2723173,3690197,34885660,5446433,77118
1635289568.8850162,3791439,33987425,227776802,3603716,34185285,71494,2683358,3561646,34872678,5392351,69645
1635289568.9851341,3790263,34071105,228012295,3567870,34064820,70704,2672852,3641884,35081873,5335279,78736
1635289569.0852613,3690844,34199409,228036454,3836220,33734765,71615,2633462,3646552,34995906,5434492,80434
1635289569.1853895,3562603,34205376,228084774,3778235,34013419,72185,2530649,3701293,35069705,5453770,73868
1635289569.285509,3806954,34160748,228057325,3744823,34213975,70648,2666901,3643281,34776894,5522232,83679
1635289569.3856282,3726793,34063301,228003646,3648930,34110303,71734,2677560,3634845,34663760,5380098,69813
1635289569.4857464,3787714,33992033,228054981,3686560,34094458,72642,2705830,3591904,35004134,5343859,74051
1635289569.5858648,3794993,34154963,228099662,3784139,34068943,72470,2552683,3910335,35369937,5475815,77312
1635289569.685983,3704098,34096735,228169556,3711428,34136599,71771,2529947,3632548,35075909,5458525,77981
1635289569.7861016,3788867,34200663,228266574,3650056,34074683,68641,2843624,3559005,34809816,5491085,78371
1635289569.8862438,3655807,34183670,228316290,3679585,34267806,72260,2596936,3651902,35194961,5282644,75221
1635289569.9863698,3596300,34122948,228211177,3994931,34119840,73002,2462867,3675448,35458984,5464585,77065
1635289570.0864902,3797816,34138970,228330032,3571277,34234638,70537,2413313,3588260,35011786,5453842,77255
1635289570.1866102,3848951,34137584,228233671,3753609,34185743,71520,2670076,3660842,35314118,5389858,78288
1635289570.2867296,3563878,34074786,228227894,3791908,34085695,73087,2561975,3654147,35536890,5467612,81562
1635289570.3868496,3793637,34174088,228275814,3799399,34136826,72232,2670852,3612997,35077415,5517182,77141
1635289570.4869702,3763178,34149564,228238719,3659418,34143578,71796,2671487,3671573,35063505,5395405,79586
1635289570.58709,3603388,34337929,228280835,3791656,34113755,72040,2636969,3700001,35197410,5372694,79154
1635289570.6872098,3722125,34046391,228308189,3669111,34256096,73140,2680358,3654801,35182312,5459518,80184
1635289570.7873302,3801179,34137368,228184073,3715655,34129629,75397,2572870,3571147,34678483,5410047,77823
1635289570.887449,3653153,34166959,228218578,3796095,34169852,77524,2675697,3682401,35209555,5449274,82343
1635289570.9875686,3796755,34115665,228253538,3657654,34117404,69264,2684639,3714979,35201277,5504343,79017
1635289571.0876877,3594684,34087083,228257110,3762970,34215219,74370,2715470,3674220,35382560,5377389,82457
1635289571.1878147,3711764,34067475,228262960,3824940,34102968,72306,2644030,3724534,35084569,5422353,80633
1635289571.2879431,3801964,34145322,228381695,3571969,34133968,70851,2680209,3638297,34960799,5404530,77345
1635289571.3880687,3737149,34272489,228290474,3777459,34074232,72955,2575661,3675614,35203120,5486897,81690
1635289571.4881883,3562411,34050980,228191243,3795296,34299085,71015,2656300,3615617,34683718,5510099,77647
1635289571.5883076,3787299,34097398,228282065,3629232,34120571,70613,2692100,3662407,35163170,5436034,79341
1635289571.688427,3803824,34132396,228174738,3798845,34053919,71501,2402584,3649852,35159766,5561878,92096
1635289571.788546,3804825,34066041,228221269,3656422,34103574,70928,2672009,3618886,34596162,5357629,65823
1635289571.8886654,3805129,34145566,228231657,3795733,34043611,72338,2610811,3811035,35595455,5417019,80194
1635289571.9887846,3713150,34247353,228206086,3726690,34116395,71642,2491088,3622904,34916051,5466666,78669
1635289572.0889037,3791268,34262683,228145608,3719167,34138212,71858,2871062,3571420,34627689,5449270,74365
1635289572.1890225,3630232,34186290,228298040,3855257,34252295,71351,2266223,3656714,35186329,5451841,78846
1635289572.2891421,3792008,34092813,228280659,3577553,34156153,71174,2608292,3571097,34818165,5423246,72246
1635289572.3892612,3632284,34208632,228282900,3775475,34127687,71621,2658412,3671343,35264670,5423161,80992
1635289572.489381,3756740,34041383,228303978,3750855,34125984,70235,2566784,3614340,35102212,5446579,79877
1635289572.5895,3713461,34213982,228290377,3652665,34248675,70535,2698908,3641832,35481108,5348074,76025
1635289572.6896188,3783297,34080322,228128406,3792865,34071759,71920,2673557,3647790,35407086,5464335,79826
1635289572.789738,3740910,34071604,228266931,3653817,34170378,72251,2735952,3644898,34971767,5326149,71824
1635289572.889857,3797992,34302219,228215085,3788421,34097262,73630,2594202,3667706,35596196,5481401,167222
1635289572.9899762,3740133,34107210,228221369,3675200,34287206,75274,2695920,3666831,35100219,5484106,79653
1635289573.0900743,3806621,34101691,228307862,3794906,34093969,75734,2475605,3627673,34738941,5383184,71924
1635289573.1901946,3706724,34029311,228189386,3751698,34156941,76612,2681389,3677526,35130754,5476655,80300
1635289573.3904347,3546852,34720417,5386218,72189,3421098,34223848,228318284,3782922,34073947,72280,2680297
1635289573.4905543,3677557,35332194,5476405,76491,3787785,34254845,228132356,3785761,34215706,71686,2684558
1635289573.5906734,3570179,34887159,5419181,78679,3651897,34229379,228278465,3786337,34182466,71849,2624131
1635289573.690792,3686144,35129726,5487244,81846,3753498,34102782,228202149,3718911,34154312,69470,2702067
1635289573.7909117,3467570,34736343,5553644,74398,3853023,34246228,228341900,3645584,34213327,70781,2636907
1635289573.891031,3674930,35230836,5476734,80011,3591892,34224267,228290799,3793916,34205922,71040,2560554
1635289573.9911501,3566827,34808368,5447105,71691,3791138,34197777,228190077,3693770,34056749,72486,2678561
1635289574.0912695,3576433,34097075,228187083,3803002,34052710,70024,2688689,3632120,35232537,5521377,81916
1635289574.191389,3801918,34139882,228252238,3750296,34052935,71913,2556478,3477614,35009669,5489009,79246
1635289574.2915082,3656063,34056698,228156831,3792296,34119456,73215,2689689,3683738,35224491,5465978,79380
1635289574.491747,3580624,34585130,5398920,73425,3530308,34328771,228285147,3811558,34226326,71754,2696994
1635289574.5918655,3680851,35243829,5474987,78307,3798848,34176984,228131056,3578005,34364482,71941,2716707
1635289574.6919847,3641755,35148263,5392516,78203,3790099,34142176,228178042,3801992,34377862,74522,2525635
1635289574.7921035,3665864,35356114,5484229,78726,3775628,34062786,228191829,3735127,34273731,71274,2691611
1635289574.8922226,3648649,35026964,5346647,76392,3696144,34088913,228246157,3795872,34072913,72488,2640590
1635289574.992342,3695929,35320551,5488274,78513,3788830,33945400,228209239,3656926,34060341,74331,2674180
1635289575.092461,3677349,35261023,5420329,81629,3802608,34111417,228170189,3803122,34121667,75378,2506056
1635289575.1925797,3783635,34110321,228159841,3649480,34100420,74535,2687481,3677728,35110131,5418725,78158
1635289575.2926989,3659697,34194744,228260717,3793927,33841924,68974,2527705,3538236,34974176,5419624,79201
1635289575.3928258,3796003,34088790,228303782,3644395,34196650,69415,2685889,3653287,35197432,5453389,80125
1635289575.5930655,3673879,35189813,5418380,82700,3804502,34143463,228222739,3648893,34008113,75602,2421419
1635289575.6931853,3599470,34830893,5488053,80298,3589668,34128291,228212459,3762124,34125345,70070,2687179
1635289575.7933052,3693076,35340808,5476730,84865,3795392,34085772,228032806,3783629,34037447,70648,2654615
1635289575.893424,3561846,35012623,5563093,79916,3636424,34082064,228232036,3770431,34078824,72527,2602304
1635289575.9935431,3687692,35204197,5495402,80099,3738822,34090234,228311135,3741180,34096924,71414,2691738
1635289576.0936625,3576380,34654091,5394090,72760,3833771,34248900,228332650,3780058,33992988,72619,2691841
1635289576.1937819,3676676,35202889,5469087,79595,3553971,34119068,228254770,3729698,34168206,71184,2678851
1635289576.2939005,3808479,34047044,228137211,3792372,34213900,71841,2549618,3668567,35080256,5262295,79912
1635289576.39402,3779794,33936126,228228666,3673975,34149874,69767,2699364,3471094,35316698,5499230,80666
1635289576.494139,3749457,34009449,228103445,3796517,34070737,72580,2650675,3700152,35270361,5352399,76820
1635289576.6943765,3671748,35542075,5472997,80771,3800037,34041580,228190974,3796730,33950561,71722,2678137
1635289576.7944949,3675566,35300937,5346870,81448,3787764,34118392,228232844,3724896,34047134,69826,2521449
1635289576.894614,3603545,34916172,5498228,77999,3652715,34158513,228206784,3756430,33991964,74921,2692159
1635289577.0450587,3653564,35137385,5389658,80249,3797851,33947421,228143910,3598934,34116860,73927,2701064
1635289577.145182,3693733,34951952,5467203,79200,3838950,34171475,228294892,3698717,34169473,74529,2708007
1635289577.2453012,3654018,35225089,5456145,80410,3348119,34000126,228285430,3790631,34186165,71108,2518767
1635289577.3454204,3589336,34807096,5456745,78624,3815608,34056613,228292830,3688816,34050362,71243,2666163
1635289577.4455473,3578738,34068829,228220949,3811106,34083995,70168,2698254,3608837,35082189,5655372,84053
1635289577.5456746,3800729,34095246,228198200,3762671,34025327,70947,2523704,3679229,34987656,5301558,79845
1635289577.6457953,3715557,34071209,228212008,3723519,34036161,71137,2677104,3489366,34878259,5466542,79681
1635289577.8460333,3652757,34864900,5386574,74672,3792715,34077688,228213312,3652692,34173663,70681,2679083
1635289577.9461527,3677485,35100031,5471614,80185,3792576,34123135,228215400,3802664,34176278,72481,2678042
1635289578.0462718,3664060,35028386,5338472,63816,3798161,33981539,228194137,3587530,34040911,71784,2520415
1635289578.1463914,3661872,34923069,5471577,80120,3656918,34038711,228244401,3788580,34075649,70000,2655361
1635289578.24651,3677486,35235127,5380299,77015,3799587,34017091,228080899,3784093,34003028,70651,2680725
1635289578.346629,3693609,35205052,5478653,79012,5807781,34068456,228307534,3653791,34080861,71247,2684801
1635289578.4467483,3669356,35437405,5468378,79311,3541988,34036032,228263709,3797391,34078620,70374,2692314
1635289578.5468667,3555121,35018053,5399180,86198,3781014,34225649,228294245,3778122,34000615,73559,2560749
1635289578.6469858,3694266,35297929,5434492,77955,3803563,34124274,228240317,3663888,34179093,73140,2682064
1635289578.7471051,3658057,34961378,5461854,78952,3667233,34136214,228380766,3797263,34253970,75970,2686435
1635289578.847224,4427182,35969688,5435532,77265,3805919,34092893,228230626,3653800,34286925,74192,2438799
1635289578.9473433,3503858,34682054,5398661,78672,3565272,34167698,228216841,3801820,34123501,72257,2702772
1635289579.0474622,3692581,35311357,5473659,78396,3801909,34056411,228195585,3794061,34116865,70580,2656931
1635289579.1475809,3585406,34797364,5397517,79605,3785751,34042540,228302734,3759993,34123538,73347,2585323
1635289579.2476995,3698427,35410174,5468047,79543,3706389,34187983,228072108,3578307,34046831,71994,2720861
1635289579.3478189,3682007,35275528,5340649,76255,3806588,34128664,228191024,3797210,34104225,71666,2677836
1635289579.4479382,3709772,35240920,5478438,78957,3856296,34255482,228228148,3702893,34068206,70218,2762779
1635289579.548057,3666513,35273490,5454011,78096,3761975,34260094,228252550,3807783,34082452,70184,2660359
1635289579.6481764,3572633,34885848,5372422,89260,3565948,34143592,228300655,3787392,34072443,71521,2549877
1635289579.748295,3668632,35217362,5309728,84804,3882610,34042280,228251331,3702357,34203190,69638,2661226
1635289579.848414,3669038,34781534,5596543,71288,3733591,34097879,228252531,3806348,34087067,71696,2673442
1635289579.948533,3767183,35822942,5464326,78627,3808760,33970398,228193499,3657082,34087393,70886,2840186
1635289580.048652,3673843,35311082,5434539,79753,3801236,34149064,228214061,3803548,34128056,72229,2289150
1635289580.1487718,3649931,35413596,5400285,81971,3811852,34140949,228178948,3648162,34159290,71391,2766784
1635289580.2488906,3581232,35075557,5465604,79948,3652382,34188440,228191001,3837091,34126864,73178,2645078
1635289580.3490098,3663216,35339269,5455747,82057,3810620,34295052,228172925,3745696,34085641,75404,2677790
1635289580.4491289,3506784,34700246,5487689,74276,3743668,34122860,228300813,3663580,34123317,76440,2310628
1635289580.5492477,3686108,35174222,5469440,79104,3847667,34035574,228216932,3771649,34327101,75559,2689550
1635289580.649366,3679466,35017581,5405466,82936,3784096,34133165,228272523,3802639,34268799,71866,2484182
1635289580.7494843,3688443,35116485,5469450,79544,3708686,33995084,228192350,3661266,34116340,70959,2686050
1635289580.8496032,3690737,35376347,5382304,82733,3687377,34159344,228271852,3804166,34148523,73211,2689673
1635289580.9497235,3695622,35168491,5470402,72600,3765229,33500999,228170569,3646188,34086005,73261,2680193
1635289581.0498426,3678262,35147744,5482172,78887,3780346,34334527,228260981,3811958,34135878,72685,2537831
1635289581.1499622,3674350,35215056,5514391,81045,3767629,34304909,228249046,3698433,34095460,73107,2627333
1635289581.2500706,3491074,34602365,5431943,75174,3613146,34212946,228252270,3786586,34265142,73294,2694255
1635289581.3501906,3695633,35363993,5486983,82540,3808712,34183379,228122207,3795938,34184056,73274,2662569
1635289581.4503107,3637886,34826527,5406121,78099,3781686,34008528,228249180,3732314,34093282,75035,2475119
1635289581.5504305,3685796,35306483,5459611,79566,3667823,34046373,228096572,3617723,34135049,71555,2682518
1635289581.6505575,3684699,34968997,5392169,74569,3794099,34072576,228383635,3782085,33652948,71006,2644200
1635289581.7506783,3739271,35283037,5483751,83134,3959636,34167689,228057990,3691179,34195181,74085,2690821
1635289581.8507984,3681499,35430139,5362118,65143,3560997,34113548,228146726,3803183,34128099,72865,2566923
1635289581.950917,3599274,35003212,5484948,85860,3804144,34294586,228072887,3655868,34134369,73371,2686640
1635289582.0510361,3683659,35058977,5389699,71639,3707189,34249256,228102150,3803391,34118583,75419,2668892
1635289582.151155,3488585,34840775,5492749,78599,3807444,34190937,228080674,3769621,34095540,76888,2714823
1635289582.2512739,3724318,35204242,5459702,75653,3623161,34108498,228080392,3717237,34276667,75785,2528413
1635289582.351393,3528597,34616614,5453286,76779,3808875,34105243,228107365,3806231,34169288,73615,2680202
1635289582.4515119,3765217,35156019,5396069,78804,3807944,34088771,228075091,3653910,34218442,71691,2664820
1635289582.5516305,3738876,35195746,5468385,78386,3661238,34203781,228015497,3846322,34101179,72643,2574083
1635289582.6517491,3711366,35357729,5356771,76392,3789852,34126002,227976722,3587550,34037757,71484,2682206
1635289582.7518675,3648337,34912653,5467501,77427,3457229,34314898,228158263,3827271,34149310,73514,2682439
1635289582.8519864,3674028,35149250,5474237,78242,3868688,34246852,228061126,3756005,34158515,72435,2675458
1635289582.952105,3626778,34819175,5407623,76967,3716200,34261808,227983271,3797587,34157000,74634,2529490
1635289583.0522232,3671894,35216251,5462307,82914,3703698,34203089,228163780,3658948,34318897,72477,2710909
1635289583.1523418,3687836,35029022,5375145,73072,3767653,34276509,228020306,3801310,34237144,73826,2686806
1635289583.25246,3665146,35312968,5396014,79004,3800986,34118790,228060430,3656252,34186867,72857,2740811
1635289583.3525786,3711567,35369908,5460658,78202,3744410,34197980,228058473,3801142,34086001,72492,2572474
1635289583.4526975,3508890,35057097,5449260,79884,3804282,34132227,228023464,3730787,34037303,73708,2666124
1635289583.552816,3585572,35190655,5413812,80032,3679980,34053783,228128849,3717270,33359540,72058,2648755
1635289583.6529343,3653627,35309640,5487590,79551,3797587,34019674,228112467,3738423,33719634,72264,2646985
1635289583.753066,3480454,34466469,5449945,74886,3603453,33943717,228164744,3793851,34003881,72010,2377161
1635289583.8531876,3646249,35003258,5453074,79554,3798485,33882605,227955132,3794895,33868831,75412,2634839
1635289583.9533076,3550338,34515994,5387957,65800,3576468,33710999,227873935,3703187,33890143,76051,2659252
1635289584.0534267,3652643,34916197,5439665,82318,3770551,33799445,227974904,3781413,33848577,73906,2590695
1635289584.1535451,3578299,34527037,5458933,78696,3789823,33820701,228045459,3647865,33813907,74968,2653100
1635289584.2536635,3687152,35055406,5426959,78598,3580139,33818804,228122549,3802017,33884956,71295,2647423
1635289584.353782,3695808,34859939,5450316,80743,3850140,33817889,228149503,3645164,33882674,71854,2622540
1635289584.4539003,3664183,34720751,5453419,79990,3784148,33947028,228073173,3798824,33812544,72042,2417695
1635289584.5540185,3684299,34944357,5490821,83050,3805376,33903478,228103007,3639343,34005679,71567,2574450
1635289584.6541374,3471320,34386141,5385091,78204,3652719,33846411,228033590,3790294,33897186,73557,2635702
1635289584.7542558,3679623,34992340,5342394,73838,3788679,33756139,228155304,3647535,33765257,69976,2873439
1635289584.8543737,3645313,34910413,5442261,78420,3596323,33959520,228087292,3728673,33827101,73113,2218974
1635289584.9544919,3655565,34833415,5335258,81988,3793212,33671777,227871974,3786267,33893955,71458,2491154
1635289585.0546105,3667855,34845374,5432542,79854,3792241,33790321,228089374,3647125,33754379,70878,2648468
1635289585.154729,3658620,34836965,5357263,77041,3685242,33924374,228000419,3831479,33693868,72823,2487581
1635289585.2548473,3661726,34850237,5436069,78358,3912198,33801633,228123219,3710742,33763125,71620,2684072
1635289585.354966,3600378,34389229,5362040,75071,3577021,34042594,228046094,3781358,33801468,72162,2262868
1635289585.455084,3656046,34963566,5374033,75031,3724850,33746425,228023757,3773321,33960692,71346,2637733
1635289585.5552025,3568105,34782061,5414095,72344,3801614,33773540,228067918,3749015,33903151,72914,2625595
1635289585.6553283,3694627,34963631,5427054,69953,3560681,33735472,228084510,3809756,33799715,70871,2536214
1635289585.7554471,3476426,34399311,5405584,80976,3799093,33816086,227987011,3686029,33793621,72197,2781793
1635289585.855566,3540655,35134631,5503935,78402,3646026,33774190,228032734,3791691,33776934,71031,2611520
1635289585.9556851,3656655,35097238,5447876,79930,3782659,33653384,227915253,3668707,33809851,74156,2284631
1635289586.0558033,3673470,34666662,5461583,78031,3802748,33967120,228064946,3778523,33761142,75281,2662793
1635289586.1559215,3623240,34802381,5344913,81778,3794832,33750616,228054078,3571882,33787023,75086,2434877
1635289586.2560399,3647574,34731123,5442539,78374,3721385,33859597,228108444,3761533,33989188,75361,2648713
1635289586.3561583,3668722,34731538,5356252,71790,3793269,33736872,228009737,3799318,33934437,73667,2450756
1635289586.4562762,3662697,34917408,5447389,79874,3728927,33755273,228047325,3652071,33901024,71794,2659326
1635289586.5563946,3636826,34611970,5359489,72546,3784516,33854096,228077016,3792397,33874284,72262,2658987
1635289586.6565127,3683515,35070392,5455499,77551,3787659,33742402,228170130,3663018,33891653,72235,2643409
1635289586.756631,3657368,34775258,5466634,92956,3801664,33956611,228065594,3796724,33775218,73466,2503172
1635289586.856749,3654860,34652029,5353491,76651,3738331,33933269,228061453,3713345,33828257,71125,2643719
1635289586.956868,3686373,34924897,5455796,79120,3804870,33835061,227839481,3771649,33760009,73184,2235909
1635289587.1571054,3650084,34878705,5448085,77613,3792733,33796101,228115451,3763050,33842885,71669,2642254
1635289587.2572238,3524927,34595310,5356040,65365,3583787,33744776,227964557,3603883,33619818,72638,2645068
1635289587.3573427,3647162,35114697,5401558,82817,3793675,33727193,228163875,3782946,33752741,71093,2543651
1635289587.4574609,3552252,34701094,5419421,78627,3726817,33797456,228077115,3674101,33760492,71049,2640324
1635289587.5575786,3644912,35006575,5334998,75372,3611201,33735159,228162290,3787556,33714344,73191,2654587
1635289587.657697,3684609,35008823,5428517,78584,3763735,33866308,227965930,3646861,33780785,72122,2645950
1635289587.7578154,3608542,35020450,5380345,80715,3792509,33745590,228138762,3780854,33796673,72769,2423464
1635289587.8579414,3796526,33671926,228128705,3644390,33859490,71057,2646419,3547684,34674072,5506818,77706
1635289587.9580681,3773409,33780495,227769970,3787480,33659743,72623,2428473,3736112,34751071,5312425,70631
1635289588.0581877,3696275,33710753,228072696,3745875,33753392,73079,2633075,3638830,34945855,5455571,78667
1635289588.2584245,3535056,34626435,5368419,71448,3482319,33775142,228005272,3858256,33650654,76945,2653790
1635289588.358543,3626764,34955222,5435605,76762,3779002,33831988,227981213,3588877,33820791,75058,2602853
1635289588.458661,3542138,34552161,5373775,79257,3643596,33735755,228102166,3775431,33776914,74762,2648605
1635289588.5587788,3636509,34886317,5406144,80875,3693218,33636959,228075515,3703918,33867938,71607,2621154
1635289588.6588964,3704217,34842840,5418557,79283,3814318,33812808,228069617,3645454,33916399,71106,2629714
1635289588.7590141,3632803,34857358,5365035,82203,3785681,33732520,228052064,3797030,33815563,71903,2385281
1635289588.8591325,3619241,34719416,5467998,79528,3781914,33654859,228151887,3655885,33852220,70706,2636577
1635289588.9592502,3798219,33820621,227870427,3798087,33723526,72004,2489986,3690884,35278310,5373291,79376
1635289589.0593688,3784654,33734429,228124447,3658161,33765937,70282,2672557,3464522,34742043,5437229,78767
1635289589.159487,3775762,33922405,228002322,3794528,33661735,73152,2317324,3649374,34472213,5332766,74358
1635289589.3597226,3643097,34816659,5427935,77615,3805962,33803247,228126734,3656249,33671274,71822,2625439
1635289589.4598403,3562504,34529053,5377264,64472,3579639,33777538,228059698,3846943,33890710,72762,2638104
1635289589.559959,3630854,35025170,5426628,81514,3792899,33784740,228015833,3769729,33779274,72914,2554295
1635289589.6600728,3567017,34823672,5431937,79403,3657818,33767532,228079989,3560172,33801648,72428,2649205
1635289589.7601914,3676708,35405510,5395265,78448,3748131,33734921,227882792,3798684,31728850,63092,2231714
1635289589.8603108,3664566,35363850,5447654,81499,3799398,34006990,228169252,3649425,34133874,73297,2685852
1635289589.9604294,3671365,35126911,5353699,83803,3780402,34174947,227977291,3788627,33999434,73159,2384165
1635289590.0605586,3793680,34018685,228013710,3645768,34168740,71800,2694173,3665829,35280898,5474987,79543
1635289590.1606793,3653140,34204452,228053707,3784579,34188691,72494,2580127,3780671,35771838,5330610,73605
1635289590.2607994,3794360,34121292,228072197,3651827,34112271,76019,2683010,3654672,34927564,5477542,78595
1635289590.4610372,3681492,34964712,5438133,81417,3811829,34078024,228068857,3650086,34112859,77463,2375225
1635289590.5611558,3607592,34954997,5485100,77317,3576086,34100086,228042402,3741583,34004535,73096,2693141
1635289590.661275,3670905,35229347,5478590,84187,3734380,33482955,227951363,3782818,34072744,72139,2696711
1635289590.761393,3579100,34707265,5526187,77394,3644080,34215942,228124925,3800434,34097602,73411,2644232
1635289590.8615117,3671895,35237420,5470085,81257,3681171,34098259,228120226,3689575,34163434,72875,2698655
1635289590.96163,3503979,32281470,4023673,71041,4073816,34275175,228128293,3677790,34134954,72965,2673615
1635289591.061749,3678280,35074790,5478138,79232,3403530,34116208,227938278,3798563,34250144,73054,2649801
1635289591.1618676,3800984,34138443,227957578,3794117,34031364,73689,2535459,3695764,35267107,5176364,79201
1635289591.2619858,3730871,34044868,227986036,3726535,34097527,71308,2675819,3493269,34832885,5604709,80382
1635289591.3621044,3776581,34170299,227933110,3794171,34072640,73560,2564521,3902867,35385802,5363992,75090
1635289591.5623415,3699680,35197296,5460652,78846,3779551,34219515,228042842,3798403,34004130,75597,2648939
1635289591.662461,3664153,35102814,5331837,81868,3796185,34118075,228021349,3680352,34135489,72193,2463708
1635289591.7625794,3638628,34905635,5442985,78481,3648905,34087688,228039966,3788863,34097033,73188,2688235
1635289591.8626986,3661707,35241928,5395949,74753,3799743,34022575,228066833,3564575,34188067,72864,2650856
1635289591.962817,3707837,35132462,5484802,78507,3837615,34233551,228090478,3735175,34090168,72486,2668268
1635289592.0629354,3681875,35219379,5486463,81076,3346701,34124785,228049650,3789948,34046780,75351,2487253
1635289592.1630535,3603797,34964642,5487045,78232,3793713,34049400,228006208,3659064,34009963,76083,2693706
1635289592.263172,3580695,34081469,228045718,3794420,34049142,75434,2685596,3547720,34814684,5848355,81609
1635289592.3632903,3796382,34091824,227954426,3729730,34060362,76882,2574164,3710824,35117063,5466469,78921
1635289592.4634087,3660501,34184169,227980048,3779642,34261954,72146,2739216,3490536,35029617,5470117,79988
1635289592.6636457,3547201,34680097,5410667,72303,3687349,34074496,228019414,3686492,34278937,72649,2694032
1635289592.7637637,3688438,35155011,5463723,77263,3797990,34110656,227998541,3797626,34030557,72263,2673874
1635289592.863882,3693923,34979178,5402612,77371,3790861,34047529,228133656,3573320,34114585,73517,2525948
1635289592.9640002,3729911,35201966,5480075,78833,3718909,34089905,227890650,3795012,33986673,71333,2676022
1635289593.0641186,3679017,35083958,5345782,75916,3778289,33847711,228052464,3792758,33999376,72447,2655709
1635289593.164238,3668169,35140046,5469078,78409,3308855,33889666,228144241,3654697,34087729,72243,2663934
1635289593.2643566,3646688,35158513,5341373,80772,3758930,34240471,228065757,3801232,34054100,72466,2504981
1635289593.3644743,3638811,34958731,5463130,72683,3781264,34141056,228101314,3642036,34107184,72240,2677153
1635289593.464593,3674859,35193320,5403202,76818,3663985,34076310,228025463,3774070,34150850,71715,2619473
1635289593.5647106,3727378,35229980,5232647,82537,3788102,34150185,227984476,3639592,34032234,71728,2659295
1635289593.6648293,3444047,34999068,5453597,74919,3768051,34145969,228097511,3790908,34028353,73688,2279262
1635289593.764949,3641877,35297367,5437374,80961,3779468,33963296,227939026,3633987,33989652,72902,2774283
1635289593.865067,3598583,35148237,5441037,77404,3582973,34000226,228013720,3794413,33943108,75420,2547677
1635289593.9651845,3653604,35385239,5470211,83269,3786415,34107650,227930918,3722193,34072402,75296,2703228
1635289594.0653028,3544927,34842992,5504638,77756,3631092,34115195,228142421,3840447,33996302,75424,2624635
1635289594.165431,3650438,35172378,5464043,81289,3797127,34000965,228223900,3572058,34084671,74741,2688842
1635289594.265552,3495858,34647213,5397711,71135,3352969,34134065,228109870,3816540,34103230,75737,2665756
1635289594.3656714,3670862,35130773,5463337,77131,3892499,34033241,228063471,3747270,34196413,72351,2688418
1635289594.4657903,3620009,34735668,5379314,84936,3566381,33989289,228067426,3782205,33996165,73413,2520321
1635289594.5659091,3666571,35277790,5331815,76725,3837976,34053522,228045987,3686362,34135912,71868,2680124
1635289594.6660275,3694156,34940487,5529564,75023,3718374,33970841,228114344,3789308,33977184,72975,2631901
1635289594.7661452,3791996,35736978,5470527,78606,3749685,33982248,228098282,3600142,34018855,74071,2427361
1635289594.8662632,3476964,34837281,5451774,78781,3706593,34242360,228049563,3740819,33955459,74171,2735659
1635289594.966381,3755380,35117521,5436643,82506,3725689,33978172,228055485,3680791,34109324,72367,2670833
1635289595.0665,3662026,35191493,5498477,82144,3749944,34032686,228028718,3690611,33815897,71617,2633685
1635289595.166618,3652972,34847929,5358661,71083,3780454,33895442,227934928,3747926,34190097,73568,2458424
1635289595.2667358,3684001,35019576,5474963,78774,3659990,33989454,227963951,3770071,33949431,71663,2687094
1635289595.3668537,3670467,34876069,5372991,74745,3665659,33782017,227998055,3754694,33987114,72685,2574724
1635289595.466972,3691518,35242307,5455066,79773,3902297,33989550,228026470,3643847,33984873,71974,2683864
1635289595.5670903,3659149,35293910,5324950,63254,3786184,33954013,227973688,3788800,34146020,71342,2530264
1635289595.6672082,3575176,34872779,5468885,80590,3746887,34032047,227947687,3640643,33978065,71518,2684602
1635289595.7673259,3647389,35109266,5431041,80161,3643637,34117099,228065269,3784942,33995185,74516,2678882
1635289595.867444,3675339,34626963,5426169,79212,3787871,33958408,228133440,3639728,34030996,75338,2718837
1635289595.9675622,3651932,34928991,5436082,78880,3676250,34074351,228101007,3791821,34150596,75137,2666418
1635289596.0676806,3655555,35063597,5450463,80338,3782794,33914523,228085940,3679178,33980794,79558,2545854
1635289596.167798,3580375,34751236,5405124,80535,3646519,34015628,228172207,3795467,34046032,72997,2695758
1635289596.2679334,3679960,35203011,5447083,81733,3804444,34038222,228460925,3766699,34041166,72667,2750612
1635289596.3680766,3489328,34842290,5485540,74365,3585486,33975989,228048949,3779781,33877400,72327,2416844
1635289596.4681993,3674430,35074730,5459288,78307,3773040,34141258,228053778,3699854,34110419,71870,2666888
1635289596.5683184,3618678,34676296,5382136,66652,3697171,34036207,227980256,3826958,34037047,74647,2598801
1635289596.668437,3655102,35052577,5470593,81284,3891764,33918737,227915496,3643984,34150700,72399,2687413
1635289596.7685554,3650995,34940440,5355368,75840,3564549,33994179,227974886,3787400,34026850,74104,2469722
1635289596.868674,3656805,35097896,5373546,75155,3836954,33940098,227911678,3644597,34077325,72126,2669731
1635289596.968792,3687247,34620888,5489115,78821,3636542,34087279,228060243,3807782,34052416,73119,2484053
1635289597.0689108,3735647,35325734,5447278,81023,3792711,34003876,228090467,3656126,34046609,72287,2560783
1635289597.1690297,3415276,34612861,5438305,79290,3696639,34049776,228068282,3800008,33966049,73431,2655206
1635289597.2691479,3785592,35494673,5398171,66065,3794648,34115094,228081127,3651514,34003022,70583,2720834
1635289597.3692663,3588834,34839218,5435198,78793,3653635,34188866,228097771,3799992,33932359,73509,2557561
1635289597.4693844,3626522,35227139,5456486,80584,3801007,34051758,227982269,3650947,34050593,72155,2721200
1635289597.5695024,3547176,34883689,5417054,77421,3429482,34041157,228146928,3814597,34181033,73434,2673691
1635289597.669621,3653935,35229074,5452640,76946,3888970,33964663,228044644,3721246,34110864,74718,2715756
1635289597.7697392,3608301,34714450,5387517,78204,3572792,33985234,228035519,3793076,33937488,76962,2551005
1635289597.8698573,3690744,35288725,5481639,77021,3893675,33981012,228102341,3693855,34058587,75054,2719019
1635289597.9699755,3699699,34912122,5387762,78045,3727129,33962803,227862533,3784112,33989231,73920,2574112
1635289598.0700781,3670932,35314817,5468955,78434,3776329,33920784,228037303,3649694,34106260,73709,2684751
1635289598.1701977,3596146,34770198,5347844,76637,3771349,34070362,228011293,3777454,33994468,73120,2505588
1635289598.2703183,3798691,34991247,5368333,80481,3780505,34045014,228022431,3637493,34097881,72384,2680688
1635289598.3705058,3654813,35019286,5475439,77368,3592925,34078840,228004936,3773126,34051622,72631,2625058
1635289598.4706264,3672517,35137612,3356834,73066,3787114,34010521,228023218,3663149,34091310,73035,2621082
1635289598.5707462,5437560,32733654,5468142,78327,3729411,34101000,228033407,3790196,34023687,72402,2681653
1635289598.670866,3675485,35030669,5442481,80123,3781445,33893068,228242787,3787766,33964406,72679,2435358
1635289598.7709851,3622146,34845989,5480072,76797,3580617,34023870,228090503,3560591,33996317,73131,2677616
1635289598.8711052,3682322,35156712,5459799,82238,3772764,34089621,228019137,3800320,34052428,71312,2682214
1635289598.9712248,3580788,34648187,5509259,78820,3792408,34066909,228010039,3727251,34014016,73559,2541000
1635289599.0713432,3679597,35287165,5482628,78937,3705327,34093204,228118082,3759670,34024910,73120,2689797
1635289599.1714616,3641253,34737959,5362010,81603,3731252,34057504,228039861,3790390,34074607,73949,2675432
1635289599.2715802,3664204,35149193,5442328,66929,3799370,33920769,228079582,3657403,34158068,71988,2713446
1635289599.3716986,3612395,35243418,5470545,81622,3796662,33958959,227909196,3790272,34025731,72291,2666103
1635289599.5220656,3801268,35451345,5409493,77791,3792061,33960149,227971047,3651272,34091531,72952,2456295
1635289599.6221888,3604915,34874979,5465395,78190,3649035,34022254,228022693,3783665,33978823,78343,2746718
1635289599.722307,3713507,35324680,5408503,76166,3782613,34037359,227967166,3737277,34102847,75703,2847963
1635289599.822426,3689151,34868268,5501496,77477,3769652,34230700,228059518,3348044,31632530,75252,2667846
1635289599.922546,3679649,35052960,5371444,80843,3797276,34022628,228117813,3787376,34138600,72405,2484376
1635289600.0226645,3598905,34766340,5492476,77091,3728006,34136219,228086693,3675417,34029294,71822,2682025
1635289600.1227827,3683046,35053243,5449908,81976,3671026,33891832,228081396,3785374,34137420,71861,2673621
1635289600.2229016,3597996,34675376,5473828,82857,3690520,34042451,227996469,3681125,34009320,72787,2558953
1635289600.32302,3654830,35149998,5414702,72884,3682288,34086003,228150691,3797684,34124334,71487,2695107
1635289600.4231484,3626592,35129986,5478292,74315,3784522,34193623,228129984,3799266,34065867,73696,2618084
1635289600.5232725,3735490,35122055,5471285,71106,3720440,34031912,228075374,3696676,34079420,71715,2590203
1635289600.6233916,3497419,34768252,5423153,81168,3699521,34261127,228074997,3790222,34007980,73858,2664065
1635289600.7235105,3751089,35370431,5364019,71890,3782632,34143329,228024977,3653893,34110749,71047,2764816
1635289600.8236291,3669433,35176908,5449446,78832,3674907,34144893,227992068,3799187,34110954,73790,2277335
1635289600.9237473,3662138,35303638,5400054,82137,3801248,33039868,227889356,3557487,34067846,73616,2318758
1635289601.023866,3581813,34860266,5488543,77153,3600216,34051804,228001804,3786292,34129581,71909,2687153
1635289601.1239839,3663446,35217007,5458863,80880,3821153,33958225,227828977,3746194,34016750,71982,2618253
1635289601.2241025,3570974,34872270,5486979,78029,3570446,33975575,227903986,3687443,34034047,73418,2613476
1635289601.3242216,3700789,35417226,5478330,76143,3776489,34044989,228094640,3810576,34063433,75610,2699448
1635289601.4243405,3588507,34628882,5429604,77383,3727389,34123855,228015962,3802273,34034075,76485,2675160
1635289601.5244586,3667278,35330706,5467226,77853,3771166,34053233,228103356,3667437,34159017,76151,2656130
1635289601.624577,3673469,35162396,5456104,76211,3781868,34227911,228083875,3785832,34131871,72628,2553687
1635289601.724696,3612037,34614248,5324849,66606,3801900,34183571,228046378,3645877,34222880,71694,2700632
1635289601.824814,3665066,35081121,5487698,77991,3652591,34095287,228095726,3803785,34216804,72439,2670359
1635289601.9249327,3684120,35147852,5470413,80434,3802466,34131816,228194067,3695394,33926976,71893,2352172
1635289602.0250509,3612993,34791207,5471814,78023,3417380,34108027,228161278,3787548,34084161,72884,2657492
1635289602.12517,3687142,35267354,5481101,78456,3790722,34062717,227966901,3798344,34018875,73226,2659382
1635289602.225288,3624079,34949453,5409668,78726,3739480,34083892,228103431,3855704,33982539,73743,2552412
1635289602.3254063,3688803,35167731,5479833,79746,3668099,34071958,227921099,3674132,34071133,72603,2698163
1635289602.4255252,3679982,34875580,5375067,74751,3818558,34294766,228090845,3799968,34053987,72928,2649073
1635289602.5256562,3671819,35169796,5483835,78445,3796126,34130913,228348669,3654458,34201449,72404,2702341
1635289602.6257908,3664468,35321668,5431223,81079,3801941,34201446,228086527,3795664,34208874,72102,2584086
1635289602.7259133,3795831,34064734,227957150,3724083,34116947,73447,2600379,3647041,34595622,5399819,78671
1635289602.826033,3682120,34073985,228022519,3777537,34036284,71907,2714337,3717926,35577944,5464177,79935
1635289602.9261525,3789345,34066894,228019691,3794611,34028842,73710,2412032,3588122,34629840,5424119,75063
1635289603.1263905,3682703,35312471,5481078,78416,3810524,34141205,228065600,3716590,34062409,76559,2696977
1635289603.2265203,3661421,35047390,5388595,80976,3786303,34112263,228058847,3787436,34160191,75927,2572031
1635289603.3266447,3696139,34974468,5470117,79757,3657681,34107513,228117761,3788434,34145074,75888,2684582
1635289603.4267669,3673900,35065606,5361436,73448,3694412,33983954,228087758,3697905,34148901,72091,2623540
1635289603.526886,3681322,35265598,5478173,78193,3892310,34035185,228113085,3642515,34157671,71998,2646514
1635289603.6270053,3687634,35065183,5450941,81352,3783700,34112395,228091519,3798550,34035841,71733,2539027
1635289603.7271237,3578921,34759822,5462530,72370,3804572,34031967,227944508,3695883,34002373,72575,2684264
1635289603.8272429,3583386,34083510,228004839,3796269,34031706,72866,2614075,4654127,32561004,5549884,81055
1635289603.9273615,3779972,34051822,228078896,3722113,33997096,73428,2572153,3256789,34818413,5543897,77657
1635289604.0274959,3644467,34141351,228055610,3800659,34049745,72397,2672242,3690254,35099835,5485145,79696
1635289604.2277603,3609720,34829424,5420909,72768,3692780,33932204,228196107,3693692,34205302,72105,2689592
1635289604.3278959,3675697,35173201,5455893,77973,3802619,34130219,228199214,3786494,34118522,72407,2685330
1635289604.4280226,3681070,35047762,5379571,75173,3794068,33909683,228091992,3630664,34133584,72867,2533995
1635289604.5281417,3696638,35081868,5428415,77745,3663815,34146058,227993342,3724178,33968899,71375,2684212
1635289604.6282613,3630123,35231117,5298966,75717,3775862,33520548,227839416,3763012,33907307,73109,2655365
1635289604.728383,3710221,35407598,5493338,77935,3798957,34027280,228185624,3645922,34003509,72839,2684797
1635289604.828501,3643927,35272081,5447432,80607,3816939,34083162,228059865,3794038,34067461,75101,2592204
1635289604.9286208,3778242,34067050,227940675,3634741,33953399,74622,2706346,3655373,34969855,5453504,76753
1635289605.02874,3652891,34022411,228095215,3789425,34091936,75117,2701414,3782047,35036159,5488604,80723
1635289605.1288583,3809481,33953569,227976891,3703594,34106796,75886,2493358,3418403,34598552,5533255,74146
1635289605.3290956,3665883,35136371,5459024,79484,3783461,34018019,227902577,3772805,34008044,71720,2653360
1635289605.429215,3590956,34709125,5392218,64416,3671248,33935703,227968719,3682141,33974091,74578,2647786
1635289605.5293334,3680968,35317194,5484423,78766,3772185,34072240,227823487,3735014,34208133,70953,2679159
1635289605.629453,3667089,34961279,5340708,69759,3778632,34145396,228083502,3764201,33989460,73493,2474488
1635289605.7295766,3681594,35200413,5453534,77633,3739343,34095860,228145137,3695391,34097141,71270,2684858
1635289605.8296964,3648892,35100260,5363968,80479,3372129,34252025,228119287,3786676,34037880,73044,2379602
1635289605.9298162,3627796,34853006,5475545,77893,3797876,34060305,228053487,3647693,34173147,72265,2689334
1635289606.0299368,3593118,34155601,228066617,3795301,34165534,71968,2604471,3597479,34908035,5684237,81383
1635289606.130081,3791155,34045899,228058529,3680807,33964142,73485,2606025,3577841,34650974,5382593,78045
1635289606.2302032,3647921,34019089,228106106,3798584,34013993,72246,2715977,3817640,35299554,5472285,79894
1635289606.4304461,3548946,34932824,5397819,69861,3570074,33974777,228112011,3724931,34037267,73007,2685900
1635289606.5305667,3668206,35298061,5470561,77189,3783973,34084215,227977047,3688475,34164306,72691,2721909
1635289606.630697,3670510,34987443,5398793,75920,3800355,34057298,228200493,3766829,34059272,73639,2547457
1635289606.7308314,3712998,35101994,5482466,77717,3646940,34078214,227935583,3785730,34058522,75392,2693537
1635289606.8309574,3660428,35015772,5352083,75241,3799073,33786627,228088848,3734839,34170530,75906,2667583
1635289606.9310791,3723908,35141026,5521445,78125,3768479,34117565,228245079,3656042,34178666,74910,2681905
1635289607.0312011,3680310,35118015,5480289,80374,3714630,34178304,228416590,3806585,34149683,73371,2620903
1635289607.1313226,3806327,34125409,228318173,3728649,34150650,73361,2651414,3679295,35278547,5439298,77136
1635289607.2314448,3679346,34049130,228081902,3780430,34154795,71651,2709246,3515509,34581470,5450067,79207
1635289607.331567,3796906,34170401,228149491,3791947,33983133,73741,2469376,5009879,34795521,5396674,72797
1635289607.531812,3700020,35095664,5491315,76821,3791228,34187015,228479668,3802460,34182440,71456,2673361
1635289607.6319337,3678773,35120105,5349590,80166,3797421,33963028,228334506,3650566,33889307,74221,2473299
1635289607.7320569,3644587,34860602,5464653,77812,3645102,34054536,228158028,3760027,34040957,71998,2692308
1635289607.8321776,3669583,35053242,5375752,72479,3793417,33965426,227862615,3772446,33954551,71637,2665201
1635289607.9322987,3754121,35020334,5459699,78034,3771987,33916201,228145940,3639682,34013806,71335,2687716
1635289608.0324197,3711486,35453136,5478730,80539,3358520,34082506,228077349,3773878,34013247,72597,2539456
1635289608.1325417,3592391,34911768,5416638,76377,3778705,34075778,228261494,3684925,34045801,71538,2684461
1635289608.2326634,3657984,35294457,5458291,62097,3781043,34163131,228425473,3804835,34065650,71818,2686679
1635289608.3327842,3562828,34865015,5603545,90857,3699820,34122104,228196011,3747808,34000407,72461,2529846
1635289608.4329069,3658192,34844759,5242680,73865,3695656,33998277,228370012,3744217,34181134,74456,2654416
1635289608.5330284,3501801,35204873,5465606,79812,3806064,34024633,228342411,3803366,34139939,75948,3166405
1635289608.6331494,3771406,35185373,5421800,71656,3786628,33948584,228197598,3647920,34023433,75261,2434461
1635289608.7332737,3610114,34937015,5479300,76646,3790217,34015764,228533986,3806201,34066356,75519,2583168
1635289608.833408,3688419,35135250,5416579,76832,3794946,33962532,228120537,3699574,34172303,71990,2584063
1635289608.9335325,3693130,35154177,5506540,78011,3653351,34107896,227951274,3747246,33907461,72419,2664653
1635289609.0336547,3662866,35126116,5314050,74716,3775190,34080133,228035618,3617192,34039298,72165,2732880
1635289609.133776,3679968,35075570,5474546,78063,4011801,34064125,228195743,3711292,34029082,72742,2683365
1635289609.2338967,3672573,35076354,5402710,80326,3776665,34051427,228103658,3783900,34109800,72937,2452970
1635289609.3340182,3607082,34869226,5530161,84434,3562408,34011608,227950178,3643362,34074991,71554,2711365
1635289609.4341395,3677281,35114201,5375390,66397,3735264,34027800,228001830,3794235,33978726,70814,2662624
1635289609.53426,3676737,34932397,5666935,83988,3777410,33955972,227951574,3644762,34007034,71987,2672776
1635289609.6343808,3745620,35356172,5479367,77529,3683005,34019252,228144111,3790782,33957113,72531,2276077
1635289609.7345037,3420538,34730356,5445848,79898,3792927,33956109,228088808,3478879,32169407,71294,3043027
1635289609.8346257,3669046,34884413,5386198,64530,3633374,34205787,228146612,3794825,34009553,72049,2687101
1635289609.934748,3690507,35121322,5430036,74726,3794342,34119044,228063162,3652897,34055404,71925,2534868
1635289610.0348692,3591548,34861926,5457853,77795,3657974,34116737,228067014,3782595,34029666,72207,2702232
1635289610.1349905,3655265,35214221,5477646,80910,3802331,34062218,227961155,3777820,34153686,71265,2661687
1635289610.2351108,3428254,34797413,5399630,71303,3508503,33888735,228109541,3772277,34018985,72563,2706178
1635289610.3352315,3648597,35328554,5449470,77238,3761974,34076498,228093490,3732203,34013290,75393,2678129
1635289610.4353528,3653518,35029570,5400315,77770,3792530,34005988,228052946,3795999,33940609,76145,2561299
1635289610.535473,3672149,35318028,5465545,78213,3820072,34011444,228194495,3661292,34092739,74616,2704528
1635289610.6355948,3654348,34931493,5433390,80030,3665788,34196702,228063593,3798015,34019529,73980,2709769
1635289610.735717,3699900,34887443,5301923,73489,3786317,34124213,227982270,3652129,34125789,73327,2706482
1635289610.8358371,3646948,35102632,5483802,77998,3815331,34055586,228000350,3789393,34134102,71807,2600092
1635289610.935959,3677060,35139857,5459070,81049,3802374,34093295,228046828,3665600,34170725,72169,2662355
1635289611.0360794,3613350,34858391,5480345,76993,3651396,34054776,227918659,3799419,33960065,73635,2515368
1635289611.1362004,3690539,35221989,5452400,79856,3795011,34127668,228044856,3732788,34072099,71202,2768613
1635289611.2363205,3479829,34656700,5502547,73845,3687041,34048432,227965800,3863558,33998543,73643,2332752
1635289611.336441,3702252,35369675,5476169,78146,3780693,33855302,228115999,3568252,34060520,71519,2735106
1635289611.4365616,3662568,35063139,5399074,80834,3664922,34272167,228061888,3873730,34055230,73224,2525966
1635289611.536682,3702643,35028816,5473333,78593,3787757,34169725,228147492,3656185,34080863,72285,2707783
1635289611.6368034,3671580,35222901,5343724,75538,3787011,34110895,228177547,3794835,33945043,72246,2697247
1635289611.7369251,3758696,35143768,5522553,81066,3717995,34020505,228002832,3648371,34129396,71786,2655943
1635289611.8370466,3663456,34757658,5348759,73836,3758962,34142177,228071678,3791382,34147020,71878,2549996
1635289611.9371676,3602352,35255929,5508604,83398,3801830,34020826,228081530,3693537,34014770,72978,2786200
1635289612.037289,3679744,35473032,5419775,76818,3574469,34024669,228016482,3813209,34031403,72393,2537363
1635289612.1374092,3638634,35131579,5463825,81812,3794948,34011391,227949664,3783241,33988347,79739,2662414
1635289612.2375295,3617990,34919253,5459326,78808,3729435,34025994,227991123,3757165,34011734,76836,2585670
1635289612.33765,3676524,35172827,5488457,78513,3745095,34175531,228090185,3781255,33996737,74287,2730424
1635289612.4377716,3675914,34886688,5388598,73669,3787160,34002774,228096183,3582895,34025809,73643,2686222
1635289612.5378926,3694853,35143673,5480688,78182,3771847,34091536,228192570,3737666,34233641,71831,2683069
1635289612.6380153,3688217,35104671,5367702,66427,3786076,33910015,228059615,3788158,34115097,70568,2541871
1635289612.7381382,3632055,34753382,5478095,80067,3592245,34034055,228059100,3651168,34030536,72289,2699548
1635289612.8382585,3675915,34986263,5321908,80644,3763346,34048696,228054442,3796368,34024214,72744,2672945
1635289612.9383945,3670271,35004968,5578058,77393,3778970,33886500,228142665,3657109,34007688,72620,2666546
1635289613.0385253,3675871,35153162,5466604,77278,3556227,34084739,228189042,3801506,34025460,70467,2670650
1635289613.1386476,3667903,35224921,5454718,79594,3782171,34145749,228100031,3742500,33987388,72036,2563006
1635289613.2387688,3480775,34569806,5413739,79477,3687212,34110787,228050663,3749071,34008181,72105,2693523
1635289613.33889,3676285,35167182,5446713,80472,3797483,34050907,227950400,3788166,34037658,72832,2680595
1635289613.4390116,3651615,34778200,5375080,74696,3776298,33904701,228005266,3582791,33981224,73346,2413873
1635289613.5391326,3669313,35206115,5463329,78293,3788908,33922292,227850699,3788603,34183176,72281,2684254
1635289613.6392562,3661604,35068444,5384240,82860,3797106,33960706,228021852,3788630,34033711,72643,2468322
1635289613.739379,3685606,35100752,5472751,77513,3731320,34026031,228039733,3676182,34022612,72629,2679258
1635289613.8395042,3675974,35357675,5395555,73284,3592698,34124393,228697896,3813399,34108090,75350,2697785
1635289613.9396284,3707983,35029424,5522152,76920,3793800,34079975,228485513,3651344,34110314,75921,2691344
1635289614.039754,3683267,35170776,5444638,78262,3855098,33918969,228394855,3804314,33842762,74958,2300012
1635289614.1398776,3585115,34793536,5615082,87766,3800147,33995019,228357329,3656046,33991011,74768,2663682
1635289614.2400198,3582298,34566857,5342388,65231,3656569,33935990,228447180,3802350,33976158,71718,2570967
1635289614.3401515,3676575,35120447,5455914,65811,3802631,33866122,228180143,3650519,33883502,70858,2641398
1635289614.4402847,3586685,34867941,5464347,77290,3643857,33875762,228299599,3791820,33875704,75967,2225723
1635289614.5404155,3642682,34898437,5366453,74523,3792974,33822577,228559701,3692692,33975604,70051,3199464
1635289614.6405513,3678957,35273818,5474381,77040,3807537,33945523,228235181,3786842,33764957,71841,2648874
1635289614.7406847,3632384,35097269,5366105,77981,3773449,33887373,228311974,3577049,33788967,72830,2421701
1635289614.8408134,3630829,34794812,5449316,77181,3705051,33941041,228324644,3744438,33883085,72074,2648268
1635289614.940941,3634887,34920041,5315412,71240,3743477,33924774,228133954,3784447,33833971,73889,2450630
1635289615.0410814,3670659,34937893,5476691,77480,3780464,33817285,228070678,3645959,33969818,71409,2628844
1635289615.1412215,3661573,34604044,5396606,71192,3737363,33879891,228396180,3800142,33828285,74077,2619978
1635289615.241346,3670487,35044702,5440491,76540,3559227,33865382,228283975,3734044,33798028,71759,2644923
1635289615.3414683,3558174,34810243,5268080,65811,3785349,33767855,228108198,3738225,33713069,72914,2555963
1635289615.4415903,3763117,34693835,5462905,79251,3649696,33793336,228182047,3797794,33813915,70380,2628926
1635289615.541711,3643357,35194103,5438185,80821,3795270,34094768,228381583,3671859,33863501,73617,2531867
1635289615.7419605,3646554,35110086,5451715,79750,3805434,33815970,228280826,3760135,33983031,72461,2407040
1635289615.8420823,3555956,34729109,5454728,77003,3609004,33847259,228173579,3580691,33734958,72177,2639852
1635289615.9422038,3643764,35095952,5448116,80181,3780391,34936829,236160292,4145941,35080568,75302,4183417
1635289616.0423262,2841200,37207533,5629540,84467,3751183,33789328,228265111,3680958,33784416,74400,2749555
1635289616.142448,3417635,34662300,5496821,73684,3870563,33912545,228396356,3691211,33799642,76703,2518133
1635289616.2425692,3673289,35130867,5465593,78370,3633175,33869716,228254631,3804225,33875472,74780,2486482
1635289616.3426907,3577815,34688439,5473583,77095,3793994,33786226,228072908,3641512,33865605,75557,2635832
1635289616.4428122,3587296,33929199,228333493,3791235,33864708,72413,2539534,3613855,35038665,5510842,81926
1635289616.5429337,3801766,33848438,228108247,3641976,34030039,73802,2628656,3485474,34575740,5457262,77251
1635289616.6430612,3649313,33772440,228081683,3794928,33888628,73616,2640194,3654390,34911240,5433179,80164
1635289616.843308,3723342,34741192,5478854,76893,3807828,33926468,228167061,3725777,33737480,73330,2635987
1635289616.9434288,3680194,35033213,5389851,79388,3779277,33744090,227860249,3753689,33841283,73433,2411604
1635289617.0435507,3595056,34820878,5463499,77811,3647085,34025616,228340522,3791520,33825537,73630,2656670
1635289617.1436725,3661368,34860128,5308016,71241,3680086,33858062,228272038,3739660,33809381,73735,2447285
1635289617.243794,3650599,35006517,5453351,77553,3874958,34065697,228413600,3665205,33910760,72492,2646298
1635289617.3439152,3636758,34822113,5368364,72963,3807470,33883948,228283274,3795051,33877765,72779,2622576
1635289617.4440367,3655926,35092173,5444618,76671,3746991,33824174,228400817,3672398,34007029,72467,2652256
1635289617.5441587,3803004,33867812,228317421,3805072,33903225,73051,2476362,3691622,35425212,5390924,78226
1635289617.644283,3750042,33797969,228388820,3714037,33875349,72819,2637725,3474440,35091610,5454514,80692
1635289617.744407,3807887,33806050,228243963,3781251,33746221,72770,2262964,3639561,34822374,5381078,74488
1635289617.9446507,3612904,35271567,5439023,79384,3776960,33918611,228116896,3699349,33714428,72372,2650485
1635289618.0447729,3534968,34830693,5381069,65027,3582696,33789024,228063347,3763915,33859249,73476,2640693
1635289618.1448941,3646775,35070121,5461488,83340,3698427,33431561,224359145,3732576,33276445,74778,2536445
1635289618.2450147,3502062,34185297,5363312,91310,3617821,32917884,220737535,3615292,32924201,71168,2495783
1635289618.3451357,3504918,33791357,5259906,107154,3715175,33750714,227095783,3743706,33769270,71690,2555640
1635289618.4452577,3583015,34568568,5354699,125670,3543613,31995689,215559049,3510546,31903051,51164,2454573
