1635289784.2984982,3384497,29117346,228167035,3413955,27912680,146592,2205317,2950088,30362633,4625836,111439
1635289784.3986714,3281753,28968899,228126870,3240793,27948806,146686,2329837,2954596,29147300,4517992,78822
1635289784.498841,3311851,28138792,228054643,3283236,29110977,147016,2278054,2955446,29262893,4509343,84337
1635289784.599012,3357500,27689476,228107377,3239756,28793201,145044,2354015,2970967,29278610,4554821,80010
1635289784.6991808,3354484,27803623,228190428,3264102,29150405,145799,2298969,2913889,29045323,4540634,105867
1635289784.799349,3298644,27708640,228187570,3316841,29081498,143057,2314725,2926610,29125495,4540249,106666
1635289784.899516,3287504,28719925,228245921,3276767,29190116,141705,2334552,2958461,29161167,4087013,85712
1635289784.9996798,3246045,28923246,227911702,3310684,29236564,143002,2326652,2829810,29214183,3972956,88578
1635289785.0998473,3309344,29161752,228051463,3396652,29068079,143933,2223505,3060634,27660851,4089272,85019
1635289785.2000315,3432308,29202423,228215416,3325139,29372034,144540,2351080,3052631,27979318,4008521,102392
1635289785.3001952,3463710,29157797,228220281,3294448,29432245,141779,2349480,3231599,28230655,4421739,75811
1635289785.4003596,3374979,29301128,228390778,3361229,29297873,145596,2354819,2793974,28947254,4396531,80243
1635289785.5005205,3299977,29212273,228089517,3365085,29221441,136207,2468776,3093741,28395029,4536020,90947
1635289785.6006913,3291583,29214995,228103554,3383111,29142092,138500,2211152,2920510,29487800,4529628,90753
1635289785.7008536,3230453,29344123,228130292,3417916,28053613,134216,2424024,2828292,29405512,4513963,86825
1635289785.8010192,3431364,29094123,227912241,3214683,27890482,137687,2518892,2915130,29543922,4513848,73255
1635289785.901184,3358832,29160284,228111765,3342239,28265728,141493,2380442,2975314,29438850,4549818,82946
1635289786.0013456,3316565,29028126,228425314,3272455,28337072,142061,2412675,3026121,29582162,4590469,97211
1635289786.1015096,3492807,28746319,228005756,3290551,28529024,142033,2457352,3039020,29714801,4555280,90700
1635289786.201672,3349183,28236548,228240843,3395559,29244655,143002,2278021,2949734,29528286,4565670,101620
1635289786.3018346,3217619,27952670,228526192,3378570,29367684,140698,2547589,3060011,29705537,4490039,101709
1635289786.4019969,3524848,28355200,228179273,3394023,29366881,140993,2397900,2958561,29510223,4689014,82536
1635289786.502162,3358667,28593835,228077419,3403681,29311135,141400,2452679,2980095,29793379,4575776,118634
1635289786.602329,3407959,29261572,228034993,3394076,29375826,138853,2441428,2878879,29461251,4204008,101500
1635289786.7024946,3333924,29360670,228070183,3426153,29338224,141344,2507367,3113682,28393965,3999822,101603
1635289786.8026607,3536900,29320829,228081112,3360584,29325655,135788,2660970,2912858,28105153,4230806,102894
1635289786.9028282,3401447,29328547,228110452,3475271,29208132,140841,2371377,3078460,28773024,4267836,115969
1635289787.0029938,3372720,29449325,228085207,3394879,29298419,136742,2385838,3087245,28513546,4630705,107429
1635289787.1031647,3449818,29329224,228132493,3341373,29294455,137518,2444501,3007681,29389213,4727924,102612
1635289787.2033305,3359269,29391167,228219715,3420992,29392616,137501,2419002,2914188,29724861,4745891,88763
1635289787.3035,3392531,29325684,228166973,3433121,28518117,135909,2206998,2922893,29497010,4576429,101979
1635289787.4036667,3645329,29246458,228049164,3398486,28554555,142056,2425218,2992772,29702574,4744118,109790
1635289787.503838,3550552,29189763,228108591,3375882,28487699,142596,2426272,2992834,29485810,4601784,55245
1635289787.6040022,3531640,29465940,228361378,3333739,28405168,140575,2435385,2891252,29558396,4592361,89502
1635289787.704168,3417833,28463423,228088526,3344438,29289067,140716,2547841,3082636,29978544,4620042,88005
1635289787.804342,3398752,28548506,228129908,3381600,29326318,144945,2418261,3156887,29994235,4622947,96250
1635289788.0046768,3158202,29957985,4677540,98821,3553700,29211871,228081671,3354890,29324200,141749,2287166
1635289788.1048489,2996203,29553108,4639152,105627,3535433,29198431,228286548,3432090,29452418,143250,2586406
1635289788.2050245,3014190,29939723,4256942,97664,3432099,29105711,228142060,3428674,29358136,145067,2462572
1635289788.3051915,3044280,29621968,4138887,112245,3498516,29322534,228468945,3428945,29281792,136115,2333741
1635289788.40537,2870873,27153536,4059390,104042,3309350,29113885,228219999,3421122,29002523,134825,2606153
1635289788.505558,3185389,27253206,4097578,105176,3297145,29151683,228407378,3412563,29017286,143932,2361983
1635289788.6057286,3157638,28455468,4392138,104447,3268150,29120898,228226503,3402478,29164384,136903,2385216
1635289788.7058957,3573338,29171100,228182118,3403155,29083702,133856,2459218,3017921,29946559,4579090,86817
1635289788.8060634,3406784,29117502,228176902,3409746,28319432,134808,2360838,2912615,29802903,4735741,97315
1635289788.9062352,3407933,29117484,228081888,3410345,28328192,131132,2520712,3077888,29376325,4610130,99424
1635289789.1065762,3087303,30016034,4617305,105281,3434127,29278343,228369553,3463917,28070651,135881,2638410
1635289789.2067468,2985856,29738198,4648913,89285,3527047,28584523,228228387,3316573,28750881,129720,2413686
1635289789.3069184,2994167,29614758,4678171,91809,3431895,28080601,228121072,3498333,29141607,134651,2463493
1635289789.4070883,3017310,29574847,4714466,111152,3314668,27958959,228123062,3315400,29079920,128484,2543761
1635289789.5072613,3100112,30349044,4635851,102980,3764729,28680709,228098544,3414039,29044716,135983,2166026
1635289789.6074333,2826970,29310501,4655058,104905,3497033,28746998,228302188,3405792,29229902,131307,2407908
1635289789.7076046,3075570,29702299,4678626,113051,3436423,28773363,228097363,3449797,29006803,136285,2131031
1635289789.8077695,2833466,24487324,228132604,3237199,29157520,137754,2462327,3019092,28532852,739595,95777
1635289789.907937,3400908,29003792,228177151,3434463,29234979,126487,2626561,3825904,27315604,3953707,124849
1635289790.0081143,3441483,29136962,228250380,3432477,29196638,134416,2606932,3167457,28290190,4033663,112643
1635289790.2084725,3195700,28074008,4338708,105912,3590062,29196029,228313457,3420684,29132021,128166,2535659
1635289790.3086514,3059514,28530136,4629749,121851,3559987,29050643,228204292,3368928,29162419,127744,2343569
1635289790.4088228,3093524,28822140,4618134,116621,3423833,28450895,228190350,3484178,28974686,129241,2459392
1635289790.5089927,2974202,29680094,4769685,112099,3478594,29139955,228181896,3303347,27909613,124576,2409952
1635289790.609185,3088033,29894888,4619198,103889,3798887,28320490,228508500,3328622,27531328,128744,2145502
1635289790.709359,2916178,29324640,4673934,112024,3239691,29034818,228091744,3443887,28184429,127859,2310679
1635289790.8095307,3047016,29821148,4665086,114636,3587743,29102147,228076276,3432496,28296985,134440,2582398
1635289790.9097035,3362872,28461249,228002102,3408248,28885566,126281,2512302,2990150,29123161,4833313,114980
1635289791.0098734,3446764,28190193,228062646,3408588,29088505,132452,2426236,2896926,29933961,4770104,100413
1635289791.1100318,3482712,28185121,228417190,3452321,29112815,133773,2180271,3200934,30126533,4624132,105747
1635289791.3103662,3042939,29372272,4648452,101802,3574201,29114815,228202095,3417781,29062078,124208,2512889
1635289791.4105337,2986884,29565432,4359163,115617,3577762,29150178,228074147,3417004,29292962,127893,2398198
1635289791.5106978,3031459,29622470,4248893,121579,3466318,29107209,228126261,3584890,29295880,133521,2481011
1635289791.610859,3098296,28487625,3987875,121040,3428740,29100672,228076555,3562179,28930966,137093,2396050
1635289791.7110202,3045107,27630663,4767841,118769,3563391,29174310,228306017,3294065,29088345,134329,2605130
1635289791.811187,3253844,28369170,4288842,117435,3164945,29175207,228453369,3428496,29000764,125015,2603092
1635289791.9113533,3244905,28975610,4674381,114233,3582319,29101232,228449377,3423619,29062711,128297,2550426
1635289792.0115173,3354174,29116097,228357060,3476783,28534833,123579,2531360,2997026,29561510,4738221,116036
1635289792.1116838,3435465,29018173,228427968,3423063,28196496,120984,2627710,3134520,29615113,4701091,111812
1635289792.211854,3434822,29090169,228135980,3423623,28140144,132478,2621371,2861686,29660156,4630655,108483
1635289792.4121861,3101469,29930431,4649068,104843,3254304,28626728,228145250,3497335,28556053,144564,2624528
1635289792.5123518,3091764,29476096,4648587,89510,3367909,28269625,228275675,3434388,28971704,126429,2626566
1635289792.6125135,3005991,29460855,4658769,111742,3447084,28256964,228213345,3349070,28894111,127810,2522663
1635289792.712673,2989189,29703709,4751880,103697,3443677,28327633,227980227,3463983,29162855,132252,2566493
1635289792.8128436,3112880,30027494,4608900,107302,3457747,29049418,228009724,3549635,29167933,136861,2676830
1635289792.9130113,3091706,29587368,4653595,103725,3147922,28725677,228284637,3444644,29035116,139037,2662831
1635289793.013177,3042130,29655237,4137798,99155,3134564,28936567,228310546,3460711,29104738,134904,2642212
1635289793.1133454,2983967,28393494,4242992,91447,3329490,29234640,228489502,3443763,29057451,128381,2494158
1635289793.2135122,3009241,28306866,3733549,96944,3452992,29048123,228354233,3437921,29152322,128791,2507931
1635289793.3136811,3275414,27164626,4440010,109600,3469018,29040219,228379024,3436887,29172792,136018,2612373
1635289793.4138453,2865869,29610116,4613478,114365,3474241,28897505,228099695,3492286,28993636,134048,2175787
1635289793.5140142,3248701,28117233,4686257,108101,3142199,28889504,228056049,3483253,29141333,129666,2759644
1635289793.6141844,3004701,29622945,4648422,101583,3344457,28983920,228041478,3431708,29063176,111602,2750080
1635289793.7143536,2971439,29410525,4640018,112415,3428453,29058900,228167915,3497356,27852321,123464,2364446
1635289793.8145206,2984653,29786030,4719391,105615,3419506,29263319,228204687,3378056,27820129,127469,2540489
1635289793.9146886,3056760,30072870,4552432,112003,3437164,28976272,228180861,3356505,28153487,138282,2621433
1635289794.014859,3068137,29854499,4623875,107357,3146174,28835450,228287996,3518405,28416690,133923,2636276
1635289794.1150258,3086835,29556060,4647300,97440,3673661,27995974,228231392,3475330,29024127,136597,2646513
1635289794.2151966,3118026,29647066,4638833,128822,3487805,27780000,228508657,3546922,29121297,137574,2487815
1635289794.3153641,3057662,29613757,4725263,122733,3344417,28268249,228364327,3490643,28236634,123885,2431346
1635289794.4155304,2903673,29346925,4704616,119628,3337015,27360079,228323488,3434540,29061574,126920,2616786
1635289794.515699,3287382,30078088,4815990,114001,3491649,29145769,228196569,3437911,29018308,124517,2179671
1635289794.6158679,2902775,29270793,4134714,123601,3554596,29376428,228213635,3434580,29029410,133854,2157632
1635289794.7160347,3085875,29705863,4232819,121026,3591590,29122786,228282675,3440992,29249362,118300,2628098
1635289794.816206,3076240,28437581,4204633,121212,3512596,28989373,228141463,3434072,29083039,146086,2378947
1635289794.916375,3238649,28549786,4557232,113331,3515217,29026463,228370915,3422723,29073908,139610,2400156
1635289795.0165493,3273077,28019858,4586691,113237,3326652,28899548,228151160,3581376,28878434,136278,2208050
1635289795.1167202,3038726,29221856,4634764,108229,3137881,28560709,228198376,3534799,29172965,128816,2625429
1635289795.2168918,2979223,29525449,4626909,112649,3489738,29025130,228435154,3509705,28699815,124624,2634006
1635289795.31706,3021831,29756964,4645167,117892,3356108,28867433,228122015,3430564,28228264,119015,2562550
1635289795.4172354,2991566,29497169,4715906,117063,3337320,29098211,228424148,3441281,28247320,127126,2636169
1635289795.517409,3128694,30028966,4699964,106410,3431249,28929722,228100062,3432443,28346723,135125,2642979
1635289795.6175823,3108269,29689699,4740425,109103,3413557,29146180,228069492,3440764,28148446,130408,2429320
1635289795.7177536,2958164,29775675,4551993,118492,3579755,27907204,228024673,3441553,29085591,135989,2514749
1635289795.8179255,3456065,30589677,4730127,119007,3565999,28169314,228201860,3415837,29203691,131487,2408342
1635289795.9180977,3030897,29600547,4673106,123309,3490077,28082704,228286839,3442255,29049032,148375,2406700
1635289796.0182738,3112620,29820059,4611267,107395,3542500,28214935,228131290,3289014,28458466,132548,2459645
1635289796.118448,3105771,29535327,4610252,113717,3369522,28780855,228029586,3584341,28262743,136999,2157956
1635289796.218612,3106329,29316652,4315749,106234,3136860,28809584,228131264,3665423,28944744,135701,2635970
1635289796.3187783,3077134,28642750,4299931,90313,3336722,28363841,228299523,3473125,29108299,135825,2633627
1635289796.41895,3042519,28744685,4205096,124881,3310250,26566568,228144186,2837777,25237256,126162,2477822
1635289796.5191317,3136771,28780529,4607096,109127,3357145,29019824,228470215,3445218,29118137,131501,2475804
1635289796.6193097,3114735,30043361,4642448,107035,3495092,29080271,228240575,3432856,29141395,132167,2634510
1635289796.7194793,3098633,29359115,4592833,107409,3380906,29026296,228240782,3431167,29103414,126869,2648147
1635289796.8196523,3146958,31040213,4752756,111675,3574916,29013186,228332754,3437537,28250816,127869,2422327
1635289796.9198265,3097342,29829824,4591374,119025,3536302,28966699,228142465,3427937,28185014,132208,2392800
1635289797.0200272,3088445,29669208,4654052,121225,3526078,28873130,228151743,3433276,28306036,144494,2395362
1635289797.1201954,3106543,29760418,4606704,109896,3553783,29012692,228190732,3455843,28164539,130498,2600340
1635289797.2203627,3108319,29615067,4628198,110001,3550634,27793121,228502504,3371908,29046656,136361,2538444
1635289797.320528,3155060,29911664,4678371,106178,3541785,27817388,228362910,3362239,29017275,134839,2633941
1635289797.4206896,3101829,29695007,4660257,111541,3518378,27898486,228068730,3597251,29010975,135095,2544376
1635289797.5208523,3118405,29550776,4657236,119763,3554784,27733386,228169840,3443271,29104472,135854,2486004
1635289797.6210184,3126168,29574684,4601959,118052,3510913,28709175,228313916,3477127,29084942,135538,2401765
1635289797.721183,3130788,29288733,4122127,103892,3523605,28856099,228146804,3495658,28963705,132623,2261365
1635289797.8213484,3107166,29272782,4313852,123499,3443141,28863233,228172149,3489795,29096354,135727,2658823
1635289797.921515,3124468,29874174,4401857,107322,3340292,28916234,228395324,3518281,29016488,135298,2645309
1635289798.021674,3092669,28167800,4079987,98444,3415608,28959134,228385018,3534832,29033586,135776,2374933
1635289798.121843,3237557,27865097,4332744,123895,3448066,29228728,228442599,3543228,28945383,130097,2639234
1635289798.2220085,3264235,28398481,4630910,120007,3490388,29001077,228390143,3520988,29253561,144007,2161515
1635289798.322173,3071433,29228315,4630588,112292,3179558,27318059,228193177,3506255,28902785,122842,2175090
1635289798.422343,3054865,29190189,4659483,104639,3140688,28754132,228039884,3611772,28142140,127638,2638348
1635289798.522507,3011963,29663219,4665855,98082,3353876,29164645,228192770,3730265,27889770,128628,2645650
1635289798.6226735,2997208,29500963,4662928,122104,3399451,28048845,228482464,3434896,28246809,131945,2542510
1635289798.7228405,3006600,29474462,4769969,119312,3279461,28224696,228304557,3468567,28164998,133759,2586244
1635289798.8230064,2891954,29269634,4782874,112149,3544404,28993394,228105561,3470652,28168628,129105,2505507
1635289798.92317,2891285,29135549,4684024,133365,3147608,27742636,228122107,3460845,28937498,131384,2634332
1635289799.0233378,3008692,29497514,4613811,111755,3180813,27748353,228104960,3465499,29096743,131884,2645229
1635289799.1235042,3019823,29241860,4613109,92024,3353264,28131434,228261886,3543711,29047834,132190,2537069
1635289799.2236729,3032531,30194502,4710902,120231,3426434,28152693,228119968,3562417,29030517,133871,2464210
1635289799.3238413,2922317,29262999,4770645,124667,3423582,29067599,228305348,3581911,29095222,151088,2173644
1635289799.4240057,2981370,29262243,4150928,116265,3362430,28807103,228168204,3533586,29214202,129171,2125491
1635289799.5241766,3039583,27878318,4312713,109796,3113778,28806832,228127312,3662405,29007624,136492,2643870
1635289799.624344,3092200,28644987,4238382,102426,3326122,28795596,228353109,3571741,28874568,136617,2652398
1635289799.724512,3140042,28715240,4312530,121700,2905254,24203642,227923094,3573791,28888358,111807,1938154
1635289799.8246775,3568817,16382203,1301166,107207,3350340,28886009,228318250,3420236,29143513,120633,2637600
1635289799.924844,3132446,30025117,4727253,110765,3504258,29006417,228180362,3431353,28962399,117167,2633380
1635289800.025014,3149787,30291257,4749348,119306,3528231,29103580,228176837,3423511,28119376,116222,2159088
1635289800.125177,3012180,29511123,4749021,115081,3514448,29292303,228286757,3437693,28223411,124036,2415939
1635289800.2253451,3360443,28954614,228309445,3434289,28273416,126656,2484303,2985288,29735381,4774347,91121
1635289800.3255155,3428906,28952364,228110834,3433116,28080165,125791,2622454,3041862,29624275,4757176,104905
1635289800.4256885,3428153,28260329,228285902,3438181,28860370,131203,2665504,3101960,30366083,4784959,108863
1635289800.6260254,3119633,29904067,4773393,119136,3554148,27826588,228177942,3499282,29098527,122811,2170172
1635289800.726193,3013646,29498205,4782808,115025,3359922,28234638,228300973,3353519,28823247,128215,2404337
1635289800.8263636,3010004,29606609,4770710,89096,3407076,28294554,228360711,3361357,29053818,124511,2474399
1635289800.9265337,3004779,29470352,4402581,111513,3476149,29027887,228171258,3478495,28913433,124035,2641738
1635289801.0267036,3109950,29945289,4225913,113313,3437085,28924427,228072465,3420386,29108157,127497,2650360
1635289801.1268756,3163808,28666001,4354921,125901,3540774,29063437,228095118,3435034,29120738,125375,2418535
1635289801.227047,3109100,28771340,4250039,130099,3546750,29077402,228131592,3439295,28988882,125940,2566293
1635289801.3272161,3326321,29084845,228084595,3438833,29009183,125535,2562868,3129480,27855689,4675936,109122
1635289801.4273872,3428264,28973228,228035449,3434441,29123537,117515,2604975,2871039,29681150,4771357,113913
1635289801.527561,3431467,29020272,228047895,3442410,28182285,112237,2596512,3005400,29440918,4770181,115508
1635289801.7279077,2947476,29696018,4706345,117258,3319735,29116522,228128262,3447657,27658638,127549,2583375
1635289801.8280804,3012126,29471536,4690231,115995,3343178,28947146,227956938,3526059,28526024,125812,2630572
1635289801.9282486,3010259,29518789,4676313,116606,3430433,28945591,228037019,3390017,28154503,128103,2638079
1635289802.028581,3008381,29519243,4780007,118060,3425515,28842208,228059954,3336788,28088310,126316,2654982
1635289802.1289158,2908074,29266123,4776676,117733,3548574,26757630,228016125,3426880,28961071,125943,2629156
1635289802.229246,2874983,29192597,4652613,117552,3140909,27556937,228091045,3448788,29111467,129701,2661264
1635289802.3296223,2980216,29499199,4671819,108635,3150570,27713263,228010014,3498380,28995219,132477,2644134
1635289802.4299583,3350588,28178090,228053805,3522472,28987574,132370,2555082,3007434,29587179,4776353,130876
1635289802.58053,3414081,29037117,227953707,3530134,28982349,139839,2461738,2699707,29090080,4213990,126873
1635289802.6306174,3419177,28889029,227991047,3540412,29078624,134259,2237165,2920160,28135864,4210536,118235
1635289802.8313348,2950100,27869144,4281585,113566,3142925,28843896,228031456,3581733,29118621,126910,2610821
1635289802.931626,3086687,28794228,4331384,106846,3344659,29066289,228033545,3536401,28911223,135874,2626973
1635289803.0319767,3086957,28599233,4650857,122388,3416456,28919858,227948012,3580358,28927627,130430,2474062
1635289803.1323192,3087362,28837688,4745212,119453,3464713,29048529,228086049,3739386,29008704,127857,2373157
1635289803.2827349,3040299,29279062,4678574,110129,3459821,28552232,228112447,3460770,28307605,129109,2188388
1635289803.3829072,3114335,29283072,4673606,102286,3428078,28917718,228112830,3518211,28202496,137111,2624524
1635289803.483074,3103817,29511341,4670090,87326,3471105,28838814,228151666,3462887,28262039,139067,2647182
1635289803.5832388,3516494,28922300,228056710,3462262,28068654,136456,2484387,3143011,30010893,4434876,121286
1635289803.6834078,3528691,28112941,228061913,3465720,28924470,134853,2404608,2875564,28389621,4627561,119212
1635289803.7835739,3505849,28165785,227964319,3476244,28983844,135068,2167833,3304600,29440883,4589079,110202
1635289803.9839077,3125633,29145237,4662755,106411,3338805,28820673,228137395,3521921,29043436,144818,2663805
1635289804.0840807,3112927,29512269,4674033,90728,3449790,28285620,228007699,3394293,28949585,133192,2619988
1635289804.1842499,3125900,29696592,4538223,131736,3546649,29058293,228041527,3595731,29257226,133822,2486585
1635289804.2844188,3138637,29743896,4088960,118568,3552411,28838307,228706622,3366780,29110997,136398,2418319
1635289804.3845847,3144701,27968022,4097153,115286,3406395,28648988,228091925,3518376,29248780,136608,2565599
1635289804.4847553,3310729,27999768,4314943,115234,4427293,28986792,228036494,3439438,29166302,133732,2658952
1635289804.5849288,3200486,28765332,4306263,116306,3573183,28938230,228083647,3449509,29151005,135783,2409512
1635289804.6850946,3561102,28947333,228043954,3433465,29330784,130295,2472004,3815506,27529055,4437296,121469
1635289804.7852635,3580764,28977900,227968752,3439096,28648697,125259,2343369,3083876,29999419,4700105,113350
1635289804.8854356,3587061,28950837,227990977,3438365,28338769,129079,2446500,3229414,28904612,4605126,110070
1635289805.0857823,3108185,29515988,4641365,108647,3568959,28830877,228002801,3435132,28388702,141113,2634365
1635289805.1859553,3117711,29717081,4665486,111122,3561156,28891815,228100924,3433262,28072408,134139,2449241
1635289805.2861269,3108048,29900125,4667188,121676,3456027,28111650,228104207,3355832,29011123,134831,2505471
1635289805.3862991,3136541,30147137,4611517,107343,3413987,28082816,227922734,3347591,29035233,133424,2386498
1635289805.4864717,3123306,29951373,4601717,111576,3371620,27023399,227892803,3569511,29170244,137094,2675014
1635289805.5866456,3111935,29950433,4662920,103467,3028434,28522910,228098241,3438444,29247849,133932,2635493
1635289805.686814,3112175,30077104,4663133,120573,3562612,28805142,228079137,3439826,29148370,135246,2399903
1635289805.7869802,3107541,30211800,4255891,118127,3556106,28973099,228077551,3436972,29091025,142935,2478220
1635289805.887151,3113965,29637643,3758674,126146,3444123,29121544,227973988,3430745,29245325,133915,2406262
1635289805.987326,3133396,29874639,4207302,115385,3431804,29196078,228054148,3445572,29119338,131028,2631620
1635289806.0874977,2864677,27192959,4092782,117255,3163009,28912723,228065389,3437070,29120929,133132,3959184
1635289806.1876726,3566356,29234542,3044963,108684,3566144,29069769,228123565,3436641,29053545,131949,2169288
1635289806.2878492,3130189,28606177,4655072,123463,3558205,29059473,228100912,3426920,29023870,132974,2376100
1635289806.3880215,3168944,28781740,4676103,123874,3419468,29065856,227997169,3508065,29147607,121992,2517777
1635289806.488197,3130981,29874494,4602673,107441,3428126,29117482,227968794,3349060,27903575,126697,2440389
1635289806.588369,3132341,30322066,4613285,112801,3354033,29195230,228063512,3364403,28059784,128752,2616920
1635289806.688542,3130042,30036734,4652595,114782,3648223,29510722,228066845,3478581,28203190,130547,2401948
1635289806.7887151,3081705,29798399,4651531,116307,3618835,29103494,227992127,3432544,28317738,128993,2389580
1635289806.8888893,3055834,29623432,4673191,116236,3356219,28159173,228058363,3440611,28965486,126696,2474545
1635289806.989062,3009796,29728672,4658743,97601,3489480,28255438,227981022,3431069,28984618,128186,2644653
1635289807.0892327,3123083,30015518,4640357,117047,3410244,28216998,228064910,3412179,28979371,126548,2646580
1635289807.1894062,3237884,30749492,4873047,106063,3537021,28829012,228145039,3430780,28975111,126082,2146029
1635289807.289579,2873539,29180163,4696669,119270,3555606,28964119,228125376,3433253,28991541,133057,2153249
1635289807.389758,3040388,29783871,4433004,120563,3448633,29046395,228069215,3431307,28992419,107261,2641546
1635289807.4899347,2988087,29421466,4258079,110654,3409056,28879797,228025048,3453020,28968475,130832,2379150
1635289807.5901175,3010358,28420296,3838724,117413,3413938,28956326,227910147,3357686,28826664,128327,2637197
1635289807.69028,3300321,28313432,4476404,119874,3449983,29099875,228122509,3527930,29041697,124763,2631304
1635289807.790448,3285601,28825510,4234502,121640,3640515,29469252,228035218,3379760,28928768,126112,2176639
1635289807.8906112,3080969,28506435,4722492,120624,3175150,28789617,227951792,3431775,28942154,117569,2379681
1635289807.9907768,3004539,29418175,4741190,101727,3382156,29084180,227946141,3441347,28739292,119723,2471752
1635289808.0909412,2998128,29506698,4586423,115453,3506865,28947855,227963051,3438876,28213431,119874,2622509
1635289808.1911085,3107110,30331611,5041428,112309,3418597,28974586,228045116,3438828,28164466,124646,2664683
1635289808.2912786,3122368,29860894,4745243,107738,3556101,29185942,228055746,3425566,28220170,124623,2172964
1635289808.3914433,2883498,29191516,4705760,120594,3564321,29036443,228024613,3438865,28198744,125288,2634023
1635289808.4916084,3101620,29868550,4766495,116114,3355190,28170477,227970306,3437673,28905794,127517,2393339
1635289808.591772,3006411,29533441,4789061,98290,3422867,27910690,228014467,3321564,27457053,128326,2424913
1635289808.6919549,2994057,29456326,4762467,110614,3399001,27397884,227972518,3200673,27974734,121145,2662509
1635289808.79214,3119735,29835099,4801679,107733,3357355,28770215,227890204,3350689,24792360,94888,2116280
1635289808.8923197,3093095,29246312,4636776,104340,3161108,28973070,228100167,3783420,28990197,135824,2625477
1635289808.9924853,3138396,29628074,4219651,89948,3488763,28805349,227923683,3450800,28946021,140528,2647732
1635289809.092651,3108923,28799465,4265596,124933,3385714,29050241,228012605,3543216,29012772,135774,2484913
1635289809.1928165,3131048,28417063,3931659,126615,3561608,29156095,228171770,3529990,28997060,134199,2397685
1635289809.2929804,3346629,27561174,4584341,122001,3440033,28954416,228057019,3510607,28992641,136936,2225699
1635289809.3931448,3133808,29023195,4561992,109427,3424920,28862170,228021382,3519181,28988332,136427,2635643
1635289809.4933083,3183842,27771195,4560496,111753,3439312,28903963,228049163,3481628,29155181,128333,2440391
1635289809.593472,3085102,29176051,4664840,92503,3531632,28991906,228059174,3475436,28223574,128079,2636661
1635289809.6936436,3175512,29602008,4644126,123278,3516251,28828531,227959702,3473608,26365342,116748,2296670
1635289809.7938101,3140414,29635854,4570587,121853,3042329,27579013,227958726,3498732,25199485,90884,1828461
1635289809.8939734,3647577,20841507,1094368,92723,3558222,28905866,227921483,3326926,28584044,127135,2607778
1635289809.9941428,3141080,29639098,4743942,120712,3581826,29228087,228209398,3531771,28080068,126428,2268955
1635289810.094314,3015701,29447125,4778754,115811,3409832,28051065,228113976,3373498,28803967,127681,2532381
1635289810.194483,3018030,29448948,4722562,116018,3343139,27825046,228313704,3438477,29077186,128098,2660313
1635289810.2946563,3009721,29456983,4739102,116194,3582504,28167482,228392767,3416961,29126561,128700,2641715
1635289810.3948267,2906709,29212670,4831810,132957,3330768,28227249,228215395,3441374,29075111,126298,2658949
1635289810.494994,2889862,29291846,4593359,116032,3493412,28993070,228023097,3429770,28929867,126636,2621534
1635289810.5951636,3013009,28946182,4309374,113943,3396424,29119640,228056645,3428464,28950235,128126,2503827
1635289810.6953359,2917195,29468244,4126836,119173,3361636,28998575,228071366,3440350,29120389,126509,2811775
1635289810.7955084,3082536,26825551,3581091,118335,3369685,28774059,227934159,3441220,29024127,125910,2639283
1635289810.8957121,3041626,27708663,4329255,117715,3340585,28474500,228005508,3441372,28797579,127693,2596614
1635289810.9958932,3178554,27045243,4592758,128616,3516091,29168019,227952154,3317959,28817193,124650,2634133
1635289811.0960674,3090096,29992541,4713036,119414,3588747,29251498,227985747,3582416,29193908,121838,2154231
1635289811.1962419,3022738,29186561,4729950,117712,3367518,28962951,227999512,3362896,29066401,119031,2398709
1635289811.2964122,3018990,29550423,4777532,95805,3323327,28941963,227910649,3451467,28346517,119550,2473897
1635289811.396578,3021529,29526226,4760561,109276,3559280,29183688,227971732,3446130,28232205,126882,2635301
1635289811.4967442,3182074,29764890,4750058,118107,3352224,29017406,228076666,3426711,28235602,125946,2638063
1635289811.596917,3160762,29726892,4801433,106430,3571371,29157123,228026660,3451847,28233565,129559,2368961
1635289811.6970913,3020978,29386107,4702754,119350,3587188,28078451,228069927,3436504,28915390,125299,2508962
1635289811.7972667,3075835,29965838,4837856,120246,3361123,28362132,227911665,3432329,28967226,126505,2603179
1635289811.8974383,2895980,29131930,4663701,115786,3418247,28223336,228050767,3440977,29139821,128882,2582573
1635289811.99761,3020924,29510124,4746648,119396,3427986,28203852,228057077,3441347,29079623,113486,3017035
1635289812.0977867,2940936,29275472,4747380,118446,3538892,29144141,228050119,3535568,28908072,134307,2260667
1635289812.197957,2898689,29449854,4215828,119611,3382986,29183106,227995320,3348694,28912337,125166,2626549
1635289812.2981308,3005897,28782588,4240307,113409,3356434,28894889,227998359,3408008,29071585,129834,2642767
1635289812.398303,3006997,28408543,4136997,121817,3503377,29087178,227997997,3436297,28963440,130011,2621699
1635289812.498479,3124897,28364640,4750467,123026,3326378,28854752,227955439,3457914,28952954,128592,2590950
1635289812.5986512,2936270,28843448,4748196,117761,3355734,29049691,228083178,3466198,29047590,131627,2538744
1635289812.6988263,2890613,29173523,4586700,118989,3453020,28913522,228024747,3470909,29101582,120194,2621630
1635289812.7989993,3016528,29676838,4739392,144180,3251994,29003301,228102984,3502557,28264974,128577,2616872
1635289812.899174,3063569,29427616,4578882,88610,3362404,29003437,227923647,3505534,28262424,123092,2439223
1635289812.999346,2888126,29210281,4685327,126266,3404963,29142708,227992382,3451445,28243846,123919,2866798
1635289813.0995188,3040100,29688134,4743275,121228,3423252,28959261,227987464,3487541,28319272,133669,2466962
1635289813.199688,2893304,29270241,4749092,120365,3348634,28309267,227960559,3489286,28275462,132398,2199490
1635289813.2998562,2863177,29128804,4637612,111504,3143711,27741081,227970793,3694290,29088778,135929,2667485
1635289813.4000316,3019558,29600788,4650561,100405,3375660,28338271,228072833,3577121,28887035,134376,2635827
1635289813.500199,3066914,29439497,4654467,121612,3457759,27645868,227963408,3516233,29064523,141778,2486629
1635289813.60036,3079670,29445534,4652220,120107,3458464,28149454,227945291,3590096,29027013,137653,2416077
1635289813.700523,3086707,29211089,4497881,114549,3433070,28950925,228052175,3588508,29041637,136196,2173907
1635289813.800687,3115368,29208881,4235599,109840,3170013,28901802,227937787,3576087,29062322,135327,2664201
1635289813.9008515,3110018,28585979,4081710,92441,3296263,28850731,228013559,3527268,29156145,137182,2641831
1635289814.0010207,3069803,29272254,4372626,114290,3475396,29004676,227971739,3524205,29126431,137961,2512882
1635289814.1011891,3420921,28930219,4249895,121364,3517191,29054007,227974048,3490062,29118708,133964,2411783
1635289814.201351,3284852,27643205,4578521,123273,3562601,29143241,228037249,3451613,29202456,140579,2314501
1635289814.3015187,3098363,29180736,4582387,113400,3584083,28936294,227990492,3441084,29484864,122966,4531297
1635289814.401682,3121275,29276187,4664918,109830,3598686,28968003,227983169,3376931,29148270,128485,2653778
1635289814.5018454,3115087,29734571,4653193,111071,3601251,29096054,227901119,3375177,27866396,126497,2465165
1635289814.6020072,3143763,30002285,4668497,116102,3466776,29326606,227950752,3592341,28400805,135108,2472944
1635289814.7021747,3133058,29937938,4592210,109148,3372950,28949137,227992199,3450020,28293272,137121,2395361
1635289814.8023436,3131778,29872281,4583859,112742,3378074,29062026,228097303,3448159,28454019,135635,2634351
1635289814.902509,3135902,29908747,4648678,110305,3582479,27810909,227886257,3447040,29138335,135645,2654253
1635289815.002675,3119508,30136835,4725888,122635,3645949,27973701,229420576,3409177,28128095,111037,2276721
1635289815.1028478,3214336,26304805,227888933,3264667,27380868,104525,2367068,2868003,27384223,4190456,150118
1635289815.2030408,3269119,26395896,227871926,3299941,27290260,111531,2267350,2784974,27815225,4234960,133115
1635289815.3032372,3263239,26891925,227776734,3350105,28401426,125896,2601173,2910216,27827818,3848800,137399
1635289815.503611,2851466,28232229,4204914,128632,3565855,28694596,227952695,3464990,28123634,110315,2136344
1635289815.6037924,2946828,28108083,4203196,127614,3600684,29057062,227942982,3365694,28530709,113492,2291794
1635289815.70398,2938808,27305864,4121309,112826,3478778,29286018,228044271,3370308,29086808,134780,2492684
1635289815.8041549,3181580,28984087,4621962,102731,3348413,29026402,227952913,3511408,29198596,132019,2415647
1635289815.904325,3054790,30008955,4615486,110319,3483321,29228964,227981502,3436323,29240325,125844,2611465
1635289816.0044944,3063380,29908488,4642288,106548,3612124,29133195,228055146,3449421,28267564,131829,2634021
1635289816.1046677,3114399,30201544,4692214,124343,3616298,29229814,228058915,3456699,28285520,126711,2412645
1635289816.2048354,3581983,29399054,228024751,3450493,28192793,128377,2481313,3060407,30172999,4615152,99265
1635289816.3050077,3455078,29173682,227972752,3443892,28306691,125509,2645788,2892347,29607712,4648196,106458
1635289816.4051785,3464831,29077962,227944494,3457011,28364965,134128,2625915,3076370,30199165,4698465,110512
1635289816.6055121,3083776,30365726,4746198,118925,3643286,28327794,228029168,3466911,28971843,130884,2158380
1635289816.705685,2993501,29618516,4764994,119258,3386118,28256863,227960354,3364503,28915078,130536,2439064
1635289816.8058543,2984210,29484158,4780214,87100,3460996,28274798,228012859,3595203,29181852,125384,2547378
1635289816.9060192,2985532,29625236,4766488,109884,3459976,28924603,227823291,3353373,29012922,126503,2610768
1635289817.0061848,2951770,29467836,4264540,114100,3533265,29122891,228034336,3453427,29045899,126419,2642914
1635289817.1063497,2887355,27882271,4302177,123767,3621880,29289512,228000197,3442710,29198390,125432,2617360
1635289817.2065198,3023804,28523413,4235887,125877,3322522,29026794,228033416,3479945,28978950,130945,2662489
1635289817.3066938,3380850,29024845,227978960,3475824,28935771,131203,2578418,3063719,27777229,4771157,118909
1635289817.406864,3446766,29224192,228174468,3521682,29080450,125298,2548161,2673994,29905580,4792786,117916
1635289817.5070434,3457934,29044743,228006614,3534768,29098841,123378,2364143,2900041,29286447,4806326,120218
1635289817.7073886,2889487,29259940,4672180,118971,3188067,29012900,228013733,3455674,27762120,117873,2676155
1635289817.807561,2987432,29633969,4671268,117523,3376102,29077264,227924518,3541766,28381298,132358,2677008
1635289817.907731,2978271,29535877,4664401,124736,3451524,29030305,227891027,3383343,28265103,131465,2624266
1635289818.0079055,2991679,29481834,4791975,121493,3451480,28894211,227907187,3417953,28136914,128255,2605909
1635289818.1080792,2889899,29268500,4788733,121065,3508053,26708899,228008410,3460462,28988523,128886,2584842
1635289818.2082553,2897171,29179503,4685123,118410,3133216,27515926,228077837,3485000,28971950,132277,2663915
1635289818.3084257,2970767,29487672,4656493,119940,3169055,27768140,227981208,3475145,29067550,131844,2647810
1635289818.408602,3378183,28165878,227958283,3492047,28972244,129665,2588553,2977159,29197619,3797899,126461
1635289818.5087748,3446798,28815066,227958508,3449255,29012174,127818,2636017,2878857,25013673,2678427,122807
1635289818.6089473,3431247,29079256,228047846,3442251,28961366,126185,2648273,2871917,29501913,4239068,121280
1635289818.8092933,2878943,27888023,4286049,125921,3560117,29078778,227953675,3450759,29041213,112925,2664946
1635289818.90946,3072335,28569267,4308605,129462,3370260,28994163,227984282,3511346,28885677,131692,2574304
1635289819.009626,3055830,28570862,4455142,109467,3449796,29106583,227899637,3358222,28815367,126337,2578585
1635289819.1097968,3055285,28559336,4779439,116490,3451948,29146151,228037964,3591225,29159090,119654,2570250
1635289819.2099714,2974361,29660805,4764880,117584,3698512,29138699,228031280,3333053,28254963,118912,2622605
1635289819.3101149,2915292,29445018,4681113,120921,3145084,28966105,227976829,3444857,28137483,119323,2443748
1635289819.4102807,2974145,29403971,4686746,118884,3609909,29274700,228052025,3442240,28064511,125573,2489507
1635289819.5104458,3377027,29017216,227967386,3422337,28159296,126584,2526012,2976702,29519259,5098347,105072
1635289819.6106133,3442913,28747485,228005910,3443818,28318190,126369,2634563,3154718,29717802,4688572,107667
1635289819.7107766,3437811,28037018,227984555,3190864,22059148,98465,1563234,2877750,29841753,4765545,114729
1635289819.9111,3809053,22599166,928259,95823,3416329,27975757,227964224,3500728,29004203,148274,2651806
1635289820.0112627,3096062,29473103,4652711,95002,3467656,28168505,227886391,3533748,29164686,129226,2608716
1635289820.1114302,3101998,29636693,4659678,126040,3491250,29162174,227901256,3519168,28845132,135322,2472993
1635289820.211593,3085332,29454567,4071867,125209,3489571,28963525,228029077,3492900,28836666,137043,2394065
1635289820.3117597,3083784,27937344,4089353,115909,3373331,28546855,228013974,3554019,29059701,136510,2152404
1635289820.4119232,3092328,27717194,4291985,113801,3463328,29161401,228004676,3574076,28960252,137204,2706616
1635289820.51209,3092788,28638581,4309245,104932,3113194,28903584,227980750,3576708,28935734,143698,2641057
1635289820.6122558,3353832,29002884,228049828,3382435,27627118,118414,2510127,2964872,28427313,4665071,122408
1635289820.712427,3387216,28408820,227896117,3393168,28234227,100943,2527290,2843116,27869516,4694579,119280
1635289820.8126023,3319194,27325929,227840375,3338544,27574360,121441,2365486,2714790,28453546,4449198,128086
1635289820.912785,3411889,28336835,227956511,3399654,26993589,122330,2186575,3051648,28651950,4588744,108950
1635289821.0129616,3139620,28827492,228003066,3478711,28158534,135517,2627700,2935650,29424215,4653497,102418
1635289821.1131344,3342876,28984612,228036167,3340560,26508305,116529,2736334,2986820,29389431,4659981,121602
1635289821.2133102,3307333,26425604,227941083,3163010,27905621,128723,2543651,2878308,28356247,4545203,124121
1635289821.313487,3382282,27483565,227740616,3418690,28567799,126717,2397861,3056438,29453757,4535408,112510
1635289821.413664,3358170,24972923,228017891,3159240,26538342,111692,2042316,2734430,27704614,4431265,139397
1635289821.513847,2939934,26972989,227978202,3308715,27220122,109788,2271898,2938394,28097668,4415159,148703
1635289821.6140409,3331268,26256987,227933405,3276576,27405725,130434,2614534,3040796,29459440,4563027,93265
1635289821.714234,3336631,29096797,228036162,3423391,28078496,129397,2551966,3010260,29373367,4335208,129039
1635289821.8144133,3467178,28962110,227927179,3390314,28077419,121130,2608407,2976614,29698359,4554611,138912
1635289821.9145916,3428918,29010169,227924134,3401128,28039804,119091,2589823,3599811,26985774,4316747,109067
1635289822.0147686,3527087,29286896,228028549,3410703,28140777,117916,2147336,3038626,27760592,4244688,127807
1635289822.1149468,3588769,29143494,227945234,3412707,28357369,122753,2146677,3095138,28444560,4270506,126012
1635289822.215117,3584396,29154187,227933645,3424535,28293534,122413,2366876,3145607,28594853,4648143,116462
1635289822.3152912,3465483,29079914,228008789,3488376,28814132,115477,2519150,3114766,30021006,4610628,103716
1635289822.4154627,3538367,29076858,227953619,3343475,27500442,114554,2302513,3129793,29505873,4612521,108131
1635289822.5156434,3578521,28997467,228095609,3360173,27214669,116536,2187022,3136272,29109710,4664040,103343
1635289822.6158187,3124752,28570043,228046694,3506032,27654270,122848,2617013,3076400,29455117,4667721,94902
1635289822.7159936,3238181,28871288,228075130,3548839,27756611,123161,2619030,2989207,29414971,4671297,120908
1635289822.8161752,3580574,29130612,227971532,3520615,27780364,116058,2479512,2975908,29327293,4810310,131022
1635289822.9163518,3332812,28093639,228033329,3420153,28844151,115994,2564143,2999128,29626891,4775532,116397
1635289823.0165336,3439445,28081406,228024457,3432130,28875422,118524,2605495,3276442,29965349,4812106,111694
1635289823.1167114,3570660,27920451,227986354,3438620,29053823,118676,2113654,2839108,29083121,4734322,120035
1635289823.2168863,3567713,29350165,228013624,3440049,29070933,117904,2193487,3078361,29808958,4776244,116565
1635289823.317061,3596790,29133529,227965413,3450559,29179694,118951,2551303,2965934,29277064,4208515,115508
1635289823.4172351,3447538,29201153,228038581,3462337,29019238,119449,2319512,3000085,29343494,4019666,112264
1635289823.517422,3484980,29037083,227929170,3359356,29117353,125457,2397785,3082416,28472814,4060291,112809
1635289823.6176143,3589389,28797951,227992411,3359919,29084126,129145,2649808,3216634,27780436,4161511,110378
1635289823.717792,3374878,28873303,227999833,3546750,29206972,140705,2546846,3075934,27789483,4504736,94531
1635289823.8179708,3578458,28889133,227881401,3497634,29011241,133449,2557433,2986827,27990590,4643707,119919
1635289823.9181511,3335060,28818769,228020438,3591677,28994058,127761,2415869,2830740,28618045,4781100,115281
1635289824.0183344,3337679,29053358,228007542,3513229,28258614,123878,2488955,2814798,28870151,4711899,118760
1635289824.1185126,3439506,28999970,228050992,3441220,28226167,120668,2574369,2855111,28058938,4586887,115935
1635289824.2186873,3579032,29170314,228071701,3441673,28175009,127455,2075785,2875451,28989693,4894905,119869
1635289824.3188605,3577834,29159539,227980785,3422912,28189403,127209,2556965,2826554,29114613,4616975,117021
1635289824.4190357,3481333,28422978,228034924,3425999,28958861,128782,2359142,2845700,28671251,4583574,93940
1635289824.5192156,3432680,28235249,227968568,3425996,28862926,126526,2365025,2876861,28718834,4570371,103347
1635289824.619407,3264807,26533613,227993269,3331721,29126106,129652,2500707,2903753,29036175,4557116,110188
1635289824.7195816,3383976,28758938,227913179,3509432,28777394,134289,2400591,2872380,28022051,4489590,108061
1635289824.819761,3127780,28933475,228005452,3800586,28994500,136737,2631350,3003739,28636805,4475364,109574
1635289824.9199443,3436967,28851208,227977702,3444803,29036559,134254,2631379,2884863,28653288,3981990,126726
1635289825.0201178,3321492,28929363,227980766,3470566,29001516,131765,2581345,2933928,27757748,3980876,123006
1635289825.1202857,3337401,29023607,228052628,3436251,29018495,129248,2650022,2792488,26759197,3804341,132551
1635289825.220448,3469838,29057985,227944127,3428072,29030480,126566,2649171,3103953,26151321,4026860,126864
1635289825.320617,3568276,29199548,227926909,3436115,28990248,128170,2169759,3169937,27861752,4764671,123890
1635289825.420785,3591169,29200258,228012551,3442199,29052433,121633,2442866,2901204,27737264,4408804,140850
1635289825.5209563,3585441,29291483,228046039,3444492,29070861,126280,2421574,3017928,28839686,4475015,98355
1635289825.621134,3403617,29104356,227952982,3426515,28249855,121947,2384370,3069063,29131165,4374760,109446
1635289825.7213047,3377318,28061379,228199840,3319359,28266134,131091,2480194,3105259,29296498,4391621,120212
1635289825.8214743,3231768,28493170,227974732,3589840,27240453,131022,2246401,3090773,28603306,4480938,120129
1635289825.9216573,3507621,28880553,228017229,3296649,26122639,113609,2598818,2959217,28904491,4475443,133880
1635289826.021842,3595561,28844258,227989394,3286356,27570420,109605,2294081,2839784,28230497,4426721,103009
1635289826.122014,3238742,27606602,227956485,3438337,28981992,134258,2486887,3104828,29815846,4441832,121786
1635289826.2221835,3312172,27803752,227974139,3432612,29149107,134221,2415124,3101136,29781795,4473967,120153
1635289826.322353,3452983,27816449,227944873,3427837,29173824,135960,2642439,3116152,29488116,4515333,119598
1635289826.4225209,3316016,27932530,228020666,3404394,29188180,137473,2631865,3150295,30444480,4691901,124426
1635289826.5226977,3249963,28824906,228022335,3544846,28974016,134696,2669189,3107679,29302344,3925348,108281
1635289826.622873,3275964,28473916,228050428,3594420,29013656,135151,2397707,3113962,29341024,4157650,141770
1635289826.723046,3332044,28475364,227919782,3513704,29053189,138393,2500374,3091128,28355719,3930147,141475
1635289826.8232183,3337367,28029582,227887727,3396362,27967232,128611,2638665,3127824,27527914,4703625,131783
1635289826.9233925,3410204,27917067,228039405,3318758,28125710,130780,2600058,3205219,27289963,3997938,129589
1635289827.0235593,3419907,27640981,227720633,3321322,28409101,129342,2434648,3228305,27769442,4373563,125419
1635289827.1237223,3227337,27022946,227956592,3518989,28129864,126481,2621743,3070650,28585562,4404227,146257
1635289827.2238898,3237969,27074701,227949984,3371782,27806145,117582,2495779,3028955,28455455,4494345,123478
1635289827.3240552,3246748,27621781,227921462,3387084,27410677,121763,2407189,3135275,29243746,4352777,108694
1635289827.4242194,3392563,27203389,227959740,3387302,27362026,133105,2125031,3112328,28548293,4423894,116689
1635289827.524386,3311793,27541822,227869651,3363333,27746515,128991,2638432,3004244,29634151,4562009,136751
1635289827.6245542,3216615,28264643,227936267,3423140,28259106,126775,2612294,3090856,29767097,4774291,93524
1635289827.7247238,2982980,25205789,227867107,3346718,28984201,127897,2523751,3101120,27738097,4698317,122473
1635289827.8249004,2900245,22003631,228957544,3082170,25058771,116777,2090176,3678799,16738043,715402,103422
1635289827.925067,3209383,23180420,227814553,3205732,24668291,118043,2332104,3322309,24272374,3238678,105183
1635289828.0252361,3302956,23620162,227977372,3091049,24712271,116810,2749255,3085216,24298645,3245952,100602
1635289828.1253977,3025202,23734898,227790496,3246501,24630694,120473,2180969,3202809,24564135,2921819,109124
1635289828.2255597,3299038,28235520,227979638,3372994,24672448,112026,2231633,3254212,23904179,3008969,127245
1635289828.325721,3481503,28872721,228324870,2892077,24520212,113046,2355695,3015152,28427206,4043842,110681
1635289828.425895,3342884,28060947,227970613,3247400,28003007,130174,2551240,3378925,28372364,4609902,119174
1635289828.5260675,3334469,28141489,228015698,3374309,29031870,133469,2650202,3266023,28812548,4355122,105925
1635289828.6262507,3437565,27944237,227935263,3363370,28916211,134938,2643242,3207608,28552103,4600163,98674
1635289828.7264283,3570333,27946877,228028304,3245434,27943974,127732,2452913,2978005,30203604,4555491,151614
1635289828.8266053,3556150,28429056,227900353,3330144,28078685,128172,2508058,3402066,29850735,4782434,114524
1635289828.9267845,3333699,28017348,227827686,3424376,27583852,121103,2463539,3047124,28585122,4375374,131246
1635289829.0269818,3050166,23528373,227985509,3116161,27318138,136794,2203754,2828783,28533317,4642626,119451
1635289829.127174,3349416,28912086,228100800,3344288,26982290,133972,3880665,3130447,30147066,4684443,103140
1635289829.22735,3606455,28564014,228071501,3232398,27333314,134195,2648201,3138886,30146616,4672499,117334
1635289829.3275242,3601897,28282947,228010615,3324406,28849083,136640,2413747,3132306,30150591,4665512,111041
1635289829.4276965,3447056,28144288,228046702,3430054,28385600,135878,2495354,3142180,30280560,4636003,102721
1635289829.5278769,3391827,28168714,227917115,3334943,28253180,136224,2419366,3121207,30052365,4626591,108037
1635289829.6280532,3414281,28374029,228021467,3334075,28374171,135890,2649071,3126712,29623546,4626615,109047
1635289829.7282345,3560176,28883577,228007846,3357001,28204275,131726,2650702,3142990,29760326,4574590,112216
1635289829.8284128,3590622,28950579,228065392,3353625,28143621,134843,2594608,3136519,30009312,4190096,156520
1635289829.9285886,3531856,29192402,227967343,3385623,28109456,134310,2488736,3117874,27561541,3973161,121491
1635289830.028765,3509922,29034973,227920377,3418636,28115424,135165,2390686,3143699,27416522,3979435,120514
1635289830.1289444,3445448,29022268,227939238,3486128,28029199,137312,2144594,3163073,27551199,4761520,113063
1635289830.3293028,2860951,29391939,4675510,108007,3139920,29110367,228014254,3515188,28532895,127382,2631235
1635289830.4294796,3069938,28566552,4665134,116997,3370051,29081125,227980107,3374732,27655959,115167,2602752
1635289830.529671,3007813,29472917,4668914,119053,3449250,28934234,228064691,3268630,27246141,114210,2572961
1635289830.62985,3008053,29579548,4798688,116593,3525876,29296564,228008063,3434092,27295946,111349,2573927
1635289830.73004,3016767,29491230,4783482,113728,3404778,29069561,228020564,3397673,27293848,122980,2529485
1635289830.8302147,3130772,29754717,4788017,116402,3603513,29300748,227973914,3403821,27514510,116756,2166989
1635289830.930396,3001966,29468644,4754244,113367,3582620,28136951,227939301,3421015,28251126,112058,2391261
1635289831.0305665,3386573,28266778,227967112,3401583,27870221,106033,2407582,3052454,30077229,4845735,89027
1635289831.1307366,3435718,28537742,228060571,3362662,27746070,113486,2271600,2952665,29457790,4619285,103615
1635289831.2309253,3450072,28302946,227999603,3425210,28583262,114489,2561489,3094323,29896704,4621856,109136
1635289831.4312656,3108704,29939701,4330319,101630,3595983,28931139,228051140,3369989,28584006,113274,2637395
1635289831.5314498,3114142,29804413,4187667,114550,3591283,29078411,227998030,3486767,28659668,119951,2444764
1635289831.631622,3108702,28253819,4230044,118188,3525612,29090187,227991218,3423283,28650114,122606,2428609
1635289831.7317924,3178426,28221632,4595912,118666,3494010,28944970,228022242,3490914,28768371,123835,2333605
1635289831.8319685,3177523,27624463,4732484,111913,3522973,29149647,228015649,3557607,28936657,125912,2156951
1635289831.9321437,2902841,29174145,4664257,108240,3120542,29094752,228038197,3589418,28995950,118960,2557735
1635289832.0323188,2901291,29073327,4692156,100735,3128620,29047865,227979578,3567545,29018511,118668,2523396
1635289832.1324863,3375260,29121038,227926730,3585488,28240164,116283,2432438,2949284,28525340,4712948,122061
1635289832.2326531,3448016,29106610,228022712,3500727,28209234,125717,2556950,2876669,29859312,4801460,118814
1635289832.3328242,3438817,29097981,227963017,3429303,28161729,122979,2681443,2878860,29110742,4781231,115015
1635289832.5331724,2888912,29120754,4670270,116024,3547074,28131037,228069687,3462209,28842742,122792,2319304
1635289832.6333487,2918147,28932169,4718019,112765,3371032,28280883,228020747,3387432,28779128,126976,2423081
1635289832.7335234,2885126,28766474,4735962,91719,3435704,28180167,227972417,3532001,29002802,125925,2458767
1635289832.8337028,2894040,28748864,4781271,104440,3446229,27736020,227954089,3342286,29041371,128320,2663948
1635289832.9338806,3018233,29535238,4788408,111477,3139157,29010931,227952825,3431095,28898851,128164,2652287
1635289833.0340588,3022361,29555640,4216380,113924,3588008,29131892,228014080,3444180,29001575,130829,2095176
1635289833.1342342,2902946,27821138,4192279,115914,3571729,29448670,227982755,3440895,29038312,130295,2376468
1635289833.2344046,3583558,29180221,227944318,3436069,29067870,132933,2494197,3080785,27148920,4412869,115150
1635289833.3345704,3470608,29101742,227987463,3441686,29068912,136718,2430828,2694774,29075572,4575376,104129
1635289833.4347434,3526693,29047491,228003559,3446101,29155169,138782,2661551,2962187,28631604,4565859,111694
1635289833.6350935,2926391,28159008,4537198,106628,3594427,28841799,227984227,3444838,29163343,130070,2623392
1635289833.7352688,3013915,28658583,4542209,98830,3496567,29012265,227980676,3426386,27672124,128779,2610827
1635289833.8354497,3042249,28820365,4538573,117342,3460360,29078241,227836578,3519581,27642473,132575,2504104
1635289833.9356275,3023687,28807594,4545343,114444,3431443,29060341,228025871,3813427,28162955,143531,2416545
1635289834.0358045,2883652,28215651,4600885,116252,3474849,28769358,228034959,3469688,28368495,134330,2205027
1635289834.135982,2829935,28222765,4548220,119041,3136286,28064782,228064324,3540412,28752628,133121,2655465
1635289834.2361572,2964948,28987636,4550462,118332,3130824,27707088,228040957,3492627,28980631,134259,2661289
1635289834.3363323,3369535,28229764,227904364,3421510,29041060,132012,2665120,2997527,29388427,4951721,119262
1635289834.4365003,3416655,28230047,227949421,3447668,29020103,128572,2665083,2897812,27764766,4510066,117878
1635289834.536682,3404789,28372426,227931845,3430852,29026679,132678,2644174,2878307,28648069,4438149,123186
1635289834.7370439,2968707,28841870,4237857,138811,3602760,29206064,228013210,3425691,29210005,115746,2309647
1635289834.8372245,2992661,28308886,4239028,135537,3472574,28963724,227934024,3487035,28935214,134684,2419526
1635289834.9374032,3083600,28250513,4214033,98025,3377137,29039476,227916869,3358614,28920569,127165,2490840
1635289835.0375829,3088701,28363845,4404606,120990,3359292,28841365,227923140,3354659,29129977,126928,2648423
1635289835.137759,3102072,29823707,4485029,122227,3224752,29376586,228024278,3521443,29124564,126618,2637970
1635289835.237932,3115216,29876392,4592431,120421,3617662,28995997,228108735,3435589,29259679,126399,2677647
1635289835.3381002,3094486,30058001,4596362,121795,3567811,28819353,227949911,3337341,27356365,128348,2519208
1635289835.438272,3451968,28665599,227979953,3496392,28153919,133655,2497275,3088747,29640659,3528097,131696
1635289835.538447,3444652,28608758,227954597,3522246,28386743,135279,2422475,2841454,28519481,4605368,133092
1635289835.638622,3415814,28546572,227914637,3550630,28282560,135437,2181136,4157081,29777376,4577122,117951
1635289835.838981,3043137,29331585,4637852,106676,3119138,27528385,227903767,3536052,29067393,140726,2673073
1635289835.9391632,3025132,29392069,4642827,94730,3270022,27402388,227928604,3444140,28880168,128521,2663958
1635289836.039343,2978053,29430305,4650487,142627,3364471,27387165,227936927,3669825,29118851,119908,2538652
1635289836.139537,2957492,29340320,4765622,129413,3356739,28114552,227993097,3356143,28898784,126500,2655462
1635289836.239924,2887810,29412767,4181480,124737,3514738,27861912,227731541,3348943,28943015,126561,2620659
1635289836.3402755,2893823,28923871,4304869,125813,2615978,29174215,227923323,3426865,29040051,125258,2326183
1635289836.4405313,2978428,28538623,4358325,131268,3551345,28431946,228015409,3435751,28979484,127194,2392571
1635289836.5408752,3074674,28576947,4350429,152011,3247029,28084701,228045240,3431460,28983808,126175,2487122
1635289836.641144,3065676,28562155,4722527,98663,3371028,28330008,227923901,3424897,29024513,128075,2619991
1635289836.7414618,3044232,29667399,4475484,109667,3371568,28299938,228009263,3416954,29143911,125405,2648829
1635289836.8418143,2838281,29848639,4559567,114250,3282519,27721007,227902421,3422394,28256278,126702,3075244
1635289836.9421256,3105674,30320793,4652301,107812,3386777,27474517,227967544,3416833,28097265,116067,2649895
1635289837.042446,3094229,29663940,4614367,123217,3481573,28171858,227966074,3402502,27920054,142213,2379508
1635289837.142757,3084418,29332106,4610068,117434,3505884,28108071,227943110,3332054,27397115,137105,2515914
1635289837.2430398,3083392,29593106,4604956,119599,3434194,28178139,227911421,3458068,27563384,134716,2402725
1635289837.3433661,3105362,29187967,4573744,112388,3315821,27343863,227950292,3704875,28779926,134188,2226029
1635289837.4436584,2973033,29221731,4639395,107613,3143787,26380191,228061317,3321988,28750866,132796,2615702
1635289837.544017,2963477,29499266,4644587,103971,3121989,26521913,227928521,3354070,28999640,128379,2633273
1635289837.6442797,3008975,29523031,4647452,96129,3333509,27269876,228043331,3362001,28839399,125868,2633522
1635289837.74462,3015554,29674579,4621976,122545,3355152,22744956,227922963,2477811,20167850,100126,2156494
1635289837.8449497,3054006,29328055,4737612,121339,3431691,28396996,227887375,3343814,28910683,135353,2650783
1635289837.9452612,2731320,30147122,3990335,118610,3571914,28228835,227908057,3360782,28580997,136324,3038283
1635289838.0456023,3371329,28695391,4272887,111463,3480692,28395621,227965716,3400348,28466943,131732,2642436
1635289838.1459064,3037361,27772623,4245100,107693,3426991,28847259,227984439,3450376,28345761,144206,2398734
1635289838.2461889,3210110,28481469,4268430,120127,3440773,28844610,227933414,3389936,27746553,132462,2521067
1635289838.396871,3086627,28525848,4680135,121334,3447114,28948645,227944851,3526303,28350692,126755,2465027
1635289838.4469647,2887539,29185827,4740494,120953,3457768,29132858,228043063,3470564,28529114,121124,2493567
1635289838.5471437,2893080,29394963,4644168,120476,3768314,29046795,227987134,3233255,27291801,116865,2410680
1635289838.6474211,3010563,29479660,4706663,119077,3150769,29029838,228024813,3355038,27293353,124936,2403093
1635289838.7477477,3002353,29554388,4780225,89436,3361119,29151373,227979979,3359001,27230958,124227,2488898
1635289838.8480983,3003976,29558590,4576648,101537,3547290,29022088,227921014,3348112,27156155,125616,2597661
1635289838.9483771,3135438,30083223,4909911,120646,3426016,28330629,227924894,3337661,28055332,131249,2645534
1635289839.0487268,3159330,29872400,4598781,103468,3259131,28658321,235827945,3492772,29177318,139195,2778912
1635289839.14901,3240039,33999811,3741584,222875,3140618,27697284,227961146,3524753,28203713,133646,2628123
1635289839.2493641,3081370,29037163,4624769,88548,3348304,28166984,227853601,3454068,28200339,131219,2482275
1635289839.3496592,3059693,29564453,4662830,138971,3415242,28709688,227981335,3375370,28113371,125978,2618368
1635289839.449855,2972824,29464519,4435033,127669,3411906,28961762,227891491,3561731,28608249,124320,2599251
1635289839.5503323,2893689,29172015,4194631,120689,3543057,29233278,227869620,3299859,27622162,121564,2544870
1635289839.650517,3001007,28067396,4278863,126773,3588596,29271206,228056054,3315634,28157056,118281,2230809
1635289839.7508554,3086344,28260566,4411588,133230,3309672,28952361,227946520,3427494,28242666,116062,2411070
1635289839.8512075,3065507,28418222,4443219,100027,3463286,29215454,228005412,3410526,28361158,117164,2432212
1635289839.9515018,3141191,28584172,4620115,114380,3449465,28999976,228008712,3423267,28246674,113949,2329019
1635289840.0518486,3143253,30192529,4739226,109268,3432236,28977298,228006636,3437441,27783458,114594,2458712
1635289840.1521544,3115929,29700850,4604533,106739,3453749,28971598,228009040,3427859,27574964,113181,2626226
1635289840.252442,3089130,29506106,4599779,107613,3560555,28793144,228051026,3422191,27552275,121530,2498898
1635289840.4028816,3122985,29131419,4693746,106908,3422193,28846612,227943669,3508730,27667656,118782,2495930
1635289840.4529736,3160885,29623944,4685858,118837,3400520,28871839,227911221,3528329,27909921,127795,2517185
1635289840.5534332,3019850,29336564,4747007,119484,3420926,27936646,227946076,3491308,28473995,118706,2336223
1635289840.6537187,2893835,29176034,4790995,116812,3437097,27554308,227933536,3342702,28497469,116854,2579710
1635289840.7540145,2916982,29280888,4683599,114966,3553867,27137075,228023797,3349416,28822970,115349,2347137
1635289840.8543787,2996290,29547694,4762813,114767,3391685,27887800,227969734,3478416,28897447,115455,2315224
1635289840.9546967,2977862,29311212,4785511,94343,3358519,28952732,227936739,3429681,28962337,125817,2413718
1635289841.0549788,2982275,29265806,4064842,115596,3329840,28871531,228010216,3432942,29058788,121335,2479244
1635289841.1553178,3135158,29163345,3937226,107808,3470925,29145444,227948169,3433648,29015079,124388,2632130
1635289841.2555947,3108924,27532191,4072416,110242,3335051,28879121,228018338,3442624,29124684,130890,2519956
1635289841.3559403,3015642,28684048,4189268,120177,3521424,28648513,228026598,3418516,29231058,132361,2372831
1635289841.4561727,3259720,29008764,4560383,122026,3565274,28905284,228001203,3429023,29081431,133443,2385955
1635289841.5565755,3121721,27551305,4630401,115196,3514980,28892904,227946947,3476595,29029260,141535,2329373
1635289841.6568909,3072124,28241210,4624707,113659,3434480,28967796,227981221,3438993,28833200,118970,2484320
1635289841.7571576,2939126,29083363,4712937,108953,3364732,28844084,227910055,3770465,27975838,127526,2160144
1635289841.857468,2757600,28985679,4639344,105883,3190196,28957731,228093593,3420359,27953909,129579,2502564
1635289841.9578323,2885231,28720598,4645928,112480,3387828,28917879,228014820,3326678,28063807,126823,2565121
1635289842.0581102,2878045,28773773,4638179,111765,3318079,28171720,227923815,3244728,26480892,108394,2380561
1635289842.1584668,2780290,27677503,4487368,105559,3451318,27100786,227970977,3357310,28530358,130817,2376057
1635289842.2587986,2972080,27532134,4354342,126877,3190732,26839976,227883983,3489663,28292695,119324,2137086
1635289842.3591125,2752174,28383397,4457093,136672,3365460,27204810,227996137,3407461,28789397,125615,2500876
1635289842.4593282,2896452,28214189,4549193,113454,3411307,28093381,227923310,3341077,28161848,119195,2368903
1635289842.559733,2863795,28604869,4652296,121914,3453450,27178638,227879825,3372688,28627706,124335,2354669
1635289842.6600459,2925213,28412261,4449876,146667,3420284,28202658,227943434,3450556,28109003,140986,2327579
1635289842.7603571,2967833,28280372,3950570,131435,3355838,27985766,227876989,3334383,28220826,122499,2576074
1635289842.860695,2695835,26616023,4145113,123359,3549903,28937019,228009924,3465243,28964363,121206,2628101
1635289842.9609923,3020415,26825901,4230053,135319,3556890,28734830,227816850,3355701,28825979,126810,2144971
1635289843.0613134,3026380,27723429,4070068,141561,3554338,28862645,227916656,3258657,28003161,122280,2386365
1635289843.161597,3144916,27973617,4287501,124971,3425980,28132640,227971466,3413973,28948335,128528,2448593
1635289843.2619545,3072708,28513907,4341331,137100,3380944,28708114,227998658,3444565,26688712,112852,2150947
1635289843.3622649,2851745,28386566,4600365,127864,3435295,28892894,228194642,3394440,27801117,102904,2589838
1635289843.4625773,4000353,24905682,2865973,129640,3366557,28777068,228145674,3407871,28077182,133372,2635767
1635289843.5630298,3109741,29762078,4564215,93534,3548516,28820397,227967852,3394498,27763328,134009,2609505
1635289843.6633153,3019837,28440700,4414339,134155,3330605,28685739,227983330,3415359,27416456,124203,2433269
1635289843.7636743,3051134,28470102,4550607,120504,3372876,27940698,227971844,3385306,28381949,126255,2582522
1635289843.8639753,2992429,29030744,4600966,126837,3295013,26911063,227795445,3340686,27966568,117622,2568882
1635289843.9643059,3061586,29367776,4621100,127649,3166973,25416033,227932441,3171441,27327274,117193,2884056
1635289844.0648184,3044112,28894269,4519589,117831,3301884,26368821,227845308,3301296,25353099,88447,1590219
1635289844.1649961,3279244,25432723,4377185,141468,3160562,26182254,228007079,3115183,26691187,114522,2488947
1635289844.2653043,2800497,27482263,3998190,137328,3308416,28160493,227968242,3264749,27258896,129395,2450397
1635289844.36563,3089904,29735735,4038344,111402,3496082,28466836,227953356,3359334,27932333,113236,2260138
1635289844.4658515,3031846,27039451,3957907,112600,3263119,27791370,227968809,3347500,28010837,117971,2456856
1635289844.5662646,3035858,26963138,4046196,138197,3654844,28536706,227961526,3380567,28231474,117095,2127030
1635289844.6665752,3012284,27450697,4195741,149223,3394408,27900630,227981800,3339759,28279002,130997,2365351
1635289844.766857,3147509,28409555,4618155,123984,3518503,28515650,227889533,3408986,28985265,135815,2503504
1635289844.8671708,3167310,29184636,4550047,117720,3557071,28795345,227952524,3426194,28406972,126789,2361047
1635289844.9674609,3045799,28985839,4587838,119301,3554750,28848962,228023136,3422146,28082490,128652,2136705
1635289845.0677629,3097220,29046322,4612728,108397,3534721,28722557,228002435,3378810,27881801,132023,2103510
1635289845.1680737,3115957,29083727,4661651,104078,3127003,28520195,227982912,3642271,28119861,124921,2634588
1635289845.268383,3055746,29388546,4667637,94871,3348372,28830138,228090921,3470960,28125647,132606,2631739
1635289845.3686981,2989958,29497229,4665591,121753,3431398,28447674,227922712,3430628,28330349,129035,2552881
1635289845.468972,2965811,29275253,4826656,118642,3164474,26523568,227842343,3366684,28811328,129152,2613919
1635289845.5693278,2867718,28357574,4486018,139175,3420382,26794190,227920432,3376625,28808788,122533,2618246
1635289845.7198045,3130006,29800517,4718905,124653,3608837,28224719,227895162,3382047,28589168,123685,2205872
1635289845.7699115,3015541,29403075,4753636,121355,3532395,28748422,228021432,3378931,28494889,133843,2380529
1635289845.8705633,3148874,29457976,4394828,75631,3544574,28600074,227909241,3376742,28815303,134350,2440551
1635289846.020954,3067410,29059482,3802750,127215,3481295,28531550,227910558,3419500,28158770,128448,2346184
1635289846.0710506,3107312,27029300,3925445,127112,3387645,28645273,227887195,3415187,28283746,128339,2413139
1635289846.2718036,3024632,27346058,4255159,125825,3514918,28388829,228045677,3419837,28056203,119482,2132415
1635289846.3721356,3041148,27926348,4626443,125195,3561672,28829806,227948334,3326356,28185155,121560,2288985
1635289846.472417,3065707,28218506,4568535,116848,3500677,28836184,227980377,3277895,28302017,123779,2449134
1635289846.5727983,3104206,29447659,4590918,105793,3489365,28202311,228032184,3400207,27874429,125841,2405421
1635289846.6731093,3040292,28534253,4541546,109444,3496383,28396486,228075660,3455145,28020259,134424,2132137
1635289846.7734256,3035567,29089760,4645745,103738,3205882,28749626,227971986,3530216,27912543,134924,2622133
1635289846.8737416,3030040,29447746,4565572,96109,3129347,28739652,228007371,3499399,27927346,134350,2630402
1635289846.9740605,3340233,28243439,228009247,3395788,27986111,113759,2559837,3410398,27475881,4425212,124684
1635289847.0745597,3367214,27800993,228007417,3395714,28706630,126528,2631052,2938596,28483171,4595747,119272
1635289847.1747286,3398552,27810019,227983098,3388258,28335879,129368,2583494,3083618,29618881,4699531,111699
1635289847.3753695,3043700,29391706,4555252,110588,3243387,28333232,227963076,3366059,28299886,121175,2554662
1635289847.4756367,3044729,28701802,4308071,99202,3313730,28417350,227900161,3493073,27929467,127405,2598392
1635289847.5760205,2937968,28803355,4169515,129514,3377244,28317935,227964118,3318659,28097566,121332,2559271
1635289847.676351,2941800,27802404,3999762,118493,2972608,23020506,227880923,3360693,28238649,119722,2599092
1635289847.7766767,3253395,27655007,4375103,116254,3185907,18375910,227935329,2719825,21727693,98328,1831718
1635289847.877114,2963010,27013483,4193811,119776,3162488,28431784,227936533,3381597,28378094,122750,2329619
1635289847.977334,3023286,27895513,4546224,120818,3530886,28629900,227986272,3389451,28327633,118972,2305594
1635289848.0776556,3512764,28539803,228014568,3343125,27928302,124598,2453340,3056117,29302522,4203938,122094
1635289848.1781619,3495168,28661275,228011846,3397461,27997650,126097,2381820,3040600,28195512,4561289,108175
1635289848.2783341,3421133,28084009,227988115,3480712,27808962,132212,2130358,3046656,28684987,4546697,116661
1635289848.4789112,2893675,28855194,4611544,107758,3222632,28116006,228008342,3296548,25914016,124307,2633455
1635289848.579274,2922868,29008728,4601957,117372,3509773,27584508,227935663,3306669,27600040,106126,2299562
1635289848.7297351,2859246,27903137,4387729,122797,3507864,27809006,227880125,3277371,28279223,135451,2446581
1635289848.779834,3064741,29459172,4573312,106951,3365239,26714015,227779616,3514124,28542559,133479,2385184
1635289848.8803391,3039413,28604212,4542782,113276,3490879,27698024,227710272,3428612,28224962,125476,2283684
1635289848.9806526,2828144,28686881,4551424,124356,3392206,27955513,227981647,3366125,28335611,119840,2167372
1635289849.080964,2929675,28884641,4181445,123933,3494285,28234590,227869065,3374950,28364911,125615,2363782
1635289849.1812654,3501404,28468221,229369938,3398575,28027435,116410,2394450,2985535,28866887,3775478,130331
1635289849.3319774,3342202,28266128,227945161,3383230,27737860,116859,2448890,2269590,24430983,3871139,133688
1635289849.4321835,3302877,27389304,228420704,3373609,28624462,127977,2599825,3111106,25880102,4526463,128045
1635289849.6325662,3092924,28698547,4429854,111595,3280287,28168640,227961228,3453429,28692763,136986,2568944
1635289849.7327583,3083800,27919909,4561474,98462,3342592,28910001,227937305,3502636,28257932,114805,2568582
1635289849.8329396,2895280,29008417,4614975,124633,3412523,28834426,227902601,3474340,27257002,125527,2500397
1635289849.933118,2987412,29463217,4725657,121126,3405660,28984998,228034764,3498006,27784563,122865,2546309
1635289850.0333,2886599,29129114,4755130,117805,3727678,28611276,227956934,3315647,27851257,125494,2583261
1635289850.1334841,2978147,29458835,4674177,121290,3049229,28372145,228063715,3414211,28145161,125183,2200545
1635289850.2336605,2983939,29376873,4764296,115959,3556131,28113013,228044216,3419661,28489616,126109,2368246
1635289850.333855,3411207,28052796,227911504,3427045,28802890,125268,2454799,2974543,28880811,4193571,100189
1635289850.4340346,3415994,28229618,227982240,3403972,28798926,131820,2441131,3140744,29898369,4504079,109039
1635289850.5342243,3412833,28077824,227871073,3429065,29099361,136199,2624006,2945501,28450328,4527829,116282
1635289850.7345765,3057695,29815574,4471251,108529,3568432,28892476,227972232,3366721,28137048,140175,2644334
1635289850.8347561,3088265,29908083,4214498,125535,3441012,28266200,228005228,3350883,28546413,125459,2489284
1635289850.93494,3085757,28140806,4179349,123547,3413671,28915307,227912542,3691089,28560849,133024,2457761
1635289851.0351214,3117425,28347562,4385343,123305,3396044,28632224,227970843,3525232,28414946,134757,2384336
1635289851.1353045,3003324,27150937,4740073,119306,3560927,28090337,228088284,3302868,28505863,126381,2489781
1635289851.2354894,2888612,28844081,4595594,122474,2886918,28308855,228030272,3373468,28465923,118024,2125474
1635289851.3356833,2985415,28575406,4646165,122574,3502133,28477736,227924949,3394785,28545840,117335,2359584
1635289851.4358745,3397490,27458078,227948323,3386064,27854255,121679,2457449,3082786,28925341,3919198,152503
1635289851.5360894,3243096,27607709,227897685,3475256,27612250,127158,2410810,2855073,27252456,4174865,142882
1635289851.6362774,3368339,28484478,227923897,3381820,27646947,113272,2618512,2286947,29099596,4694429,124531
1635289851.7364671,3524592,28962420,228077720,3425538,28077700,127141,1824922,3035845,28982452,4584652,121221
1635289851.8366542,3567501,27831578,227989746,3406626,28815477,135710,2119704,3008918,29270727,4778532,117519
1635289851.9368384,3364281,27725468,227981833,3369258,28450591,126545,2354544,2980467,29182202,4679813,100907
1635289852.0370243,3399027,27878072,228019621,3308604,28291467,126081,2452288,3073733,29354483,4548882,106859
1635289852.1372144,3423579,27634483,227888789,3272622,28284493,131087,2364779,3083495,29154305,4516884,115498
1635289852.2374039,3317403,28215681,228025949,3622933,28256445,128827,2231184,3041683,28494721,4208076,109199
1635289852.3375998,4163570,27906633,227979254,3368768,28220499,122753,2585222,2941790,28433281,4224208,112797
1635289852.4377885,3320630,27813399,227989902,3366939,28402351,119707,2396772,2906126,27201213,4033267,153772
1635289852.5379868,3370322,26986310,228004923,3277882,27819235,130462,2460326,3201089,28337242,4651308,132663
1635289852.6381826,3389275,28537016,227972688,3412679,28858771,134894,2404464,3149394,28445126,4225254,110402
1635289852.7383678,3459241,28613126,227930972,3470427,28774092,133361,2138352,2836984,27438583,4465799,120024
1635289852.8385532,3320728,28498740,227922506,3513950,28662134,122282,2114757,2891281,28357456,4545862,111089
1635289852.9387348,3307251,28417820,227963092,3260689,26785178,114398,2545184,3003677,29057151,4603183,117961
1635289853.0389192,3386210,28544516,227914086,3377819,27412478,104729,2336177,2959061,28863300,4627834,100760
1635289853.1391132,3366313,28538199,228011656,3385108,27848613,122069,2476796,3095353,29341478,4518162,106501
1635289853.2393067,3529150,28329418,228068232,3330569,27778663,135413,2363871,3090849,28665512,4423183,126029
1635289853.3395095,3292087,28314315,228082540,3492513,27211748,135053,2141575,3020898,28865317,4618181,105165
1635289853.4396973,3123101,27315614,228046999,3313251,27921007,129687,2614112,2998043,29253006,4653626,117864
1635289853.539882,3075949,27106089,227962676,3387410,28834494,127208,2627903,2986888,29285412,4659328,98023
1635289853.6400402,3326838,27469157,227969540,3387923,28750601,125846,2556521,3006931,29470506,4572568,142654
1635289853.7402122,3472594,27951626,227954691,3398114,28743415,125640,2605758,3154511,29701784,4823709,116969
1635289853.840385,3389412,27906158,227921766,3375296,28553601,123566,2612501,3157598,28992980,4596115,113958
1635289853.9405646,3335172,28735561,228012450,3383704,28776411,129379,2544116,3098263,28793306,3922990,118117
1635289854.0407448,3519146,28195740,227929359,3356046,28479365,132309,2104175,3062819,27618586,4231306,139453
1635289854.1409235,3435302,28328340,227983453,3412443,28392976,138264,2340154,3126548,27890122,4202531,127260
1635289854.2411084,3359908,28320785,228418043,3387514,28166453,121198,2546549,3075931,27721676,4648918,127374
1635289854.341295,3390522,28715614,227995449,3559343,28511978,126163,2505070,2860664,28605932,4687129,121521
1635289854.4414816,3567976,29091598,227943008,3312236,28278901,120844,2608834,3149256,29730980,4765300,120780
1635289854.5416603,3567702,28725457,228050214,3294537,28709996,119544,2162196,2994844,29287569,4776032,116633
1635289854.6418347,3393471,28579841,227943340,3394221,27905530,116764,2367974,2987091,29043215,4629127,97948
1635289854.742017,3312341,28352635,227799701,3381291,27627623,131104,2443305,3157813,29725480,4593023,93321
1635289854.8421924,3554391,28906455,228120859,3423559,28082351,136030,2395080,3133219,30112220,4733027,123499
1635289854.9423652,3422393,29166028,228127716,3428507,28219065,136013,2636989,3086694,29741031,4461814,110117
1635289855.042544,3236024,27415610,217916384,3322033,28055583,137653,2399471,2952002,28256081,4430552,83021
1635289855.1427064,3437290,27873802,226341338,3457136,29061899,142696,2482039,3055531,29148574,4618159,90190
1635289855.2428567,3461600,28266033,227551214,3457240,28869303,143516,2496307,3069424,29203429,4669548,108691
