1635340117.6733327,8696149,75455902,540467548,8710332,77283413,172520,7825996,8697954,80657106,13047970,323992
1635340117.7734606,8866852,76923445,549644412,8901690,78154045,200642,7942119,8838231,81469496,13194594,336971
1635340117.873586,8849696,77033550,553029797,8887279,77698387,202191,8001656,8854769,82310756,13402278,338035
1635340117.973707,8850488,77103393,551581702,8863123,77887586,229431,7929987,8842498,82184941,13229518,331724
1635340118.0738268,9131147,79744597,569109846,9188352,80924450,183086,8280394,9065489,84118245,13613041,340832
1635340118.1739461,9391184,82359851,583066632,9365657,82041283,239527,8479166,9362903,85934995,13846804,338669
1635340118.274066,9402988,81976492,588501155,9575481,83710801,204351,8568020,9405040,86939844,14082178,357237
1635340118.3741858,9649935,84113659,600068774,9683772,84767490,214825,8702543,9571346,89210789,14506299,356684
1635340118.4743054,9862611,86074258,612012962,9971799,86822215,202749,8699116,10356230,87787300,13004401,358056
1635340118.5744243,9855544,86656861,613956466,9876539,87132377,210034,8861396,9750670,90299857,14571055,380617
1635340118.6745443,9866973,87359971,615979126,9899044,87791296,214848,8886064,9834184,91357439,14691651,359903
1635340118.7746692,10193821,90033897,633464682,10216258,90249732,219618,9089460,10077906,93930469,15134540,372506
1635340118.8747942,10134648,89675989,632372196,10162502,89928754,207337,9100005,10062647,93876231,15159855,375506
1635340118.9749184,10198365,90097145,635768658,10195425,89876946,232180,9220193,10185911,94940896,15245505,374535
1635340119.0750477,10534129,93093400,657536622,10640874,93403312,226901,9501239,10508926,98125864,15779084,390858
1635340119.175176,10803246,95263208,673828430,10805482,95284010,221459,9778606,10782673,100502855,16164262,405242
1635340119.2753,10758871,94769723,671506456,10835291,96166952,232210,9734980,10763399,100584290,16191208,403695
1635340119.3754249,10986118,97098014,683517315,11039568,97232998,234791,9919562,10956209,102480507,16377711,404963
1635340119.4755492,11110834,98087487,689550757,11103961,98198650,235272,10022065,11004902,103096886,16552311,406728
1635340119.575673,11185925,99233236,699051967,11255412,99398392,248347,10183155,11158587,105237548,16819643,422775
1635340119.6757977,11275115,99955051,702433310,11309356,100287299,251567,10239784,11216780,105647747,16950694,417312
1635340119.7759225,11468244,101159309,713909921,11502937,102169177,230443,10380200,11421219,106682229,17115902,426381
1635340119.8760462,11446745,101705438,712192863,11503331,101967693,238508,10367905,11463944,106783333,17054824,418924
1635340119.9761705,11331914,100592031,704425181,11326003,100661016,255048,10214080,11290180,105219071,16915116,417338
1635340120.0763004,11613891,103073671,723225876,11667245,103360283,249124,10465392,11596887,108680633,17409411,431261
1635340120.1764283,11657867,103366831,726873770,11723531,103940599,252753,10553523,11662599,109187880,17447623,427595
1635340120.276553,11695530,103848806,727433371,11742962,104495956,239112,10609428,11658594,109213223,17426113,439250
1635340120.3766775,11692273,103983591,727424305,11755000,104128298,256956,10648464,11716129,109342348,17492827,435549
1635340120.4768019,12018709,106770980,748264974,11927461,102974936,225268,10087240,12706549,109781165,17860397,444150
1635340120.576926,11826048,105038077,735169931,11870916,104843159,263924,10667662,11757425,110201070,17624467,435373
1635340120.6770508,11793977,105270276,735894014,11848174,104965347,259288,10659886,11733676,110340792,17581737,441974
1635340120.7771752,11843852,105242300,736899518,11903057,105345548,245203,10755683,11796950,110305894,17720684,437224
1635340120.8773,11817438,105030197,735916086,11856518,105094951,248149,10737066,11802499,110138373,17642889,433017
1635340120.9774241,11649448,103235502,726821780,11745159,103978657,262393,10654120,11644375,108332649,17427691,437136
1635340121.0775516,11863478,105280430,738293892,11908202,105590786,272387,10793396,11802992,110406899,17690334,437422
1635340121.1776786,11799705,104790373,734352089,11845719,105228042,258508,10675600,11804233,110506830,17674937,438825
1635340121.2778041,11800348,104824900,742890472,11832559,104993676,245938,10588252,12533656,109566893,17627225,440780
1635340121.3779356,12058817,106942328,750674528,11897637,104066624,259119,10959851,12652620,107110099,15375209,453223
1635340121.4780638,11774935,102731446,746537508,11532484,103426395,243940,10369659,12809707,108147473,17775841,434341
1635340121.578191,11871962,105536763,739137806,11906301,105804451,260432,10795489,11803952,110966175,17783175,445702
1635340121.678317,11945102,106095286,742790493,11811493,105353057,249556,10862219,11872486,111070222,17753570,441308
1635340121.7784414,11904400,105573397,739863570,11988931,105997731,257222,10905987,11858560,111102141,17730359,435480
1635340121.8785613,11931222,106163972,742703071,12006678,106500655,262359,10835290,11811891,111002365,17814072,446791
1635340121.9786813,11689889,103498191,724132543,11706785,103624934,247016,10698036,11604810,108511735,17311046,430460
1635340122.0788012,11848590,105381865,738643667,11977875,106252953,244779,10832504,11813767,110969886,17676715,443441
1635340122.1789205,11854039,105462030,736962085,11935014,105607921,250886,10772982,11792612,110940441,17773334,431097
1635340122.27904,11884613,104997480,737756779,11921233,105148267,258673,10706684,11792818,110751199,17684360,435224
1635340122.3791592,11900888,105458737,739839922,11858396,105726895,259497,10819196,11845753,109748749,17431628,431953
1635340122.479278,12005921,105831604,742977476,11929277,106077353,247401,10968016,11895812,111567142,17933580,446661
1635340122.5793974,11990235,105959363,743054322,11986848,106453363,255984,10904574,11841820,111300547,17851956,447858
1635340122.6795163,11976518,105929187,740711125,12006146,106298065,252849,10923997,11838168,110868211,17702732,446239
1635340122.7796361,11906727,106215335,740308589,12038806,105417487,260501,10878630,11846605,111222632,17796773,448020
1635340122.879756,11772328,104464405,730937201,11797127,104174614,247326,10439438,11681116,109564559,17521629,434295
1635340123.0300837,11694563,104160098,724850445,11717310,104000692,246161,10595337,11596083,109368002,17438472,418900
1635340123.130208,11578686,105929540,753722698,11948849,104613556,232922,10854898,12065626,112767571,16425320,453353
1635340123.2303286,11656160,104293425,739789105,11729511,106377642,255114,10713829,12120984,107303534,13763414,430045
1635340123.330462,11938263,105735385,739189716,11981252,105705699,266647,10902741,11848179,110901350,17731842,436183
1635340123.430585,11910737,105537002,738932442,11960125,106168716,264556,10880373,11864314,111284905,17844069,436802
1635340123.5307348,11962740,105765102,742122095,12024409,106157595,255497,10503897,11888286,111310276,17764785,444521
1635340123.6308618,11948415,105949108,739887572,11970810,106553477,243898,10933441,11845147,111019894,17840722,438118
1635340123.7309823,11946906,105785065,740191212,11995381,106372792,267020,10953681,11826813,111290790,17793025,441960
1635340123.8311026,11898590,106073823,737889881,11934922,105730044,260683,10818353,11791958,110956858,17774383,446902
1635340123.9312224,10483088,95117615,727409035,11538689,103682049,250419,10666210,11560827,108183893,12566792,412367
1635340124.0313423,11398975,100445330,706693712,11436036,100764098,252614,10348645,11331437,105982912,17017786,420509
1635340124.131463,11534394,101425535,717951481,11507197,102181825,235104,10481411,11408568,106528111,17178577,421746
1635340124.2315826,11956522,105455701,746038555,11890070,104674988,281449,10963529,11740726,110608626,17818933,440304
1635340124.331702,11930437,105439939,741068664,11885728,104945980,262753,10846295,11855751,111141814,17791274,442392
1635340124.4318213,11811683,104906912,732505836,11819871,104710592,265652,10669420,11781111,110774031,17667005,437580
1635340124.5319414,11882903,105241747,735494946,11871339,105551262,239619,10840335,11728241,109843221,17652441,439417
1635340124.6320612,11738684,105220547,732088716,11841634,105185389,258571,10622156,11688930,110101921,17585475,432720
1635340124.7321806,11870813,105240525,736037124,11890357,105180843,259141,10808288,11808370,110431713,17748904,441073
1635340124.8322992,11878495,105292116,737937160,11916703,105868796,256929,10791823,11772132,110786304,17790598,435265
1635340124.9324183,11627221,102679003,720098554,11558185,102622842,263556,10617612,11505725,108038157,17406716,434909
1635340125.0325377,11884118,103960562,737073732,11946240,105921586,256804,10872911,11797107,110370329,17784643,440025
1635340125.132658,11947209,105116669,742210515,11960447,105896504,263509,10928132,11863096,110803548,17816291,447409
1635340125.2327774,11868579,105441247,735568063,11889020,105497913,263420,10842842,11669453,109724455,17653045,434924
1635340125.332897,11809778,104947331,733737221,11841474,104850901,263330,10775515,12960892,109498639,16591414,434155
1635340125.433016,11867832,105444734,737075595,11906892,105628500,246272,10741817,11759297,109790733,17687878,449032
1635340125.5331354,11938055,106550374,739567324,11932533,105601838,265775,10866180,11773048,110218783,17745595,438319
1635340125.6332538,11857214,104935191,735917559,11904017,105207517,287457,10852651,11777385,110754986,17775837,440325
1635340125.7333732,11871102,104961104,737923051,12002865,105262492,254184,10603240,11853143,110870402,17771266,444968
1635340125.8334923,11861094,104944157,736770464,11908936,105312606,255812,10846581,11805306,110755026,17763394,439634
1635340125.933612,11696517,103340674,721179907,11632582,102493301,248318,10516213,11473478,108161491,17410512,432932
1635340126.0337312,11861258,105272854,736756568,11953487,105517308,274827,10833939,11769179,110686257,17718274,435219
1635340126.133851,11911496,105365977,737986978,11987423,105357279,258201,10815101,11838282,110719003,17721820,439258
1635340126.23397,11866021,105315193,738863598,11969247,105961381,250727,10835961,11777991,110662673,17746693,446957
1635340126.3340905,11868066,105418678,737595039,11943382,105874037,243162,10876972,11759879,109526021,17692752,440316
1635340126.4342108,11910203,105490843,737050159,11935241,105366868,306269,10772538,11786383,110378809,17824315,439035
1635340126.5343301,11726135,105080131,735697277,11909742,105123953,256456,10828262,11810948,110274693,16587603,436513
1635340126.634449,11743276,104364313,731123847,11834445,105420703,237570,10682514,11749184,109846993,17604174,438219
1635340126.734568,11748012,105204046,732733764,11805992,105047862,255978,10734826,11677080,110143730,17583384,442414
1635340126.8346896,11826862,105262849,736023395,11913635,105573494,259682,10732919,11730529,110390272,17697047,441258
1635340126.9348083,11529455,102107071,716859999,11572763,102522852,244984,10546865,11501586,108120336,17273996,426024
1635340127.0349274,11805722,105165899,735078375,11884253,105672654,252503,10673692,11660185,109175888,17633125,442349
1635340127.135047,11851876,105792966,737273305,11949246,105393717,272018,10857411,11794507,110670490,17769870,438604
1635340127.2351663,11872253,105449418,736710587,11887046,105566075,257950,10704370,11793881,109616805,17727843,430005
1635340127.3352845,11909419,105411837,739098285,11964276,105881146,258649,10865091,11889202,111486108,17823871,433275
1635340127.4354033,11910110,105448504,738044831,11927846,105605139,260671,10827178,11826478,110535485,17820567,437501
1635340127.535522,11870047,105311782,739824742,11880626,106531390,266715,10906443,11851244,110801223,17903292,444771
1635340127.6356533,11674484,101713721,742969287,11989552,106440288,259120,9922057,15122370,100081530,15221833,443511
1635340127.7357745,11930851,105707913,739951293,11962904,105763649,259153,10898578,11861468,111128646,17751598,436497
1635340127.835895,11982410,105659858,740737166,11984921,105999012,260944,10886124,11916395,109888208,17812263,440801
1635340127.9360144,11731814,103350445,726126215,11738609,103864294,238238,10737794,11654785,108759292,17518574,429700
1635340128.036134,11889274,105268607,736659366,11959547,105643937,253562,10866869,11821605,110473261,17813341,445524
1635340128.1362536,12037075,106177450,743686341,12047054,106280135,263963,10900289,11873720,111075002,17829839,432499
1635340128.2363727,11864532,105008904,737067813,11939269,105910345,266125,10804407,11791946,110644742,17796090,438938
1635340128.3364918,11853418,105233542,736359313,11932861,105860962,248144,10692422,11807828,110238049,17699614,432663
1635340128.4366112,11866050,105232263,735884171,11906762,105364181,265577,10769726,11816848,110765192,17596957,439453
1635340128.5367298,11794593,104840677,733889971,11896145,105218022,260488,10721028,11835474,110816521,17734100,439961
1635340128.636849,11820915,105220666,734826815,11863503,105258208,269892,10665130,11722818,110157239,17648055,432171
1635340128.7369676,11967534,105818222,741332761,12011239,106294896,234264,10889969,11861018,111021983,17785650,440214
1635340128.8370864,11816507,104914253,732468162,11876825,105305305,253679,10501781,11778311,110382592,17611912,434592
1635340128.9372053,11617432,103109612,720290598,11637617,103371601,262030,10524699,11503662,107617243,17317213,435161
1635340129.0373244,11928378,105626822,738711704,11935174,105678835,288507,10815851,11810314,110794218,17854807,429663
1635340129.1374433,11851740,105074641,738038497,11812128,105599395,228393,10695733,11831700,110474110,17734670,444029
1635340129.2375622,11799391,104899857,734216558,11878366,105459825,269219,10710697,11807042,110234010,17662112,437732
1635340129.3376806,11877395,105555945,737113025,11938595,105732694,268097,10742532,11777803,109936057,17744168,438221
1635340129.4377997,11812269,104983609,734735772,11902510,105619583,231286,10684334,11736364,109708758,17645974,437208
1635340129.5379179,11858436,105116020,734396675,11879619,105496592,254662,10735910,11771205,108812470,16078351,433523
1635340129.6380367,11862977,105571175,737860479,11909318,105623151,262384,10758643,11806937,110875608,17756392,439999
1635340129.73817,11869564,104496762,734971296,11879971,105404336,269131,10818668,11797697,110397603,17727107,439423
1635340129.8383002,11853677,105067575,734333659,11890519,105487828,254955,10752585,11731161,110308743,17666874,437996
1635340129.9384222,11603502,103042583,720589800,11626081,102647964,224077,10543742,11576984,108112618,17310870,422711
1635340130.0385425,11972898,106256752,742812733,12035795,106698158,254666,10230561,12945384,108072489,17894389,439895
1635340130.1386635,11897151,105589540,736942279,11931146,105237709,254034,10812186,11778554,110371366,17729420,438484
1635340130.2387826,11932430,105794836,739492509,11998791,105911379,267283,10951420,11852204,110573534,17839641,435735
1635340130.3389022,11889754,105011276,738638348,12033952,106016459,261574,10894988,11854751,110693556,17740382,441814
1635340130.4390216,11862929,105336491,735774443,11933149,105226740,257402,10695497,11864405,109973915,17661886,432160
1635340130.5391414,11381535,101595295,755172044,11331584,103383610,264260,11023698,12064376,111059101,15100839,435343
1635340130.6392832,11989208,105985004,741455576,12030613,105945855,266859,10957761,11841930,110998363,17840631,442233
1635340130.7394164,11947190,105788669,740570163,12002507,105847389,257456,10918273,11880849,111161798,17892905,434476
1635340130.83954,11814697,105052180,734582561,11865571,105554920,235212,10688436,11700981,109584676,17603589,439745
1635340130.9396608,11683650,103180113,721923618,11749179,103620535,275272,10559301,11596496,108046192,17397702,425922
1635340131.039782,11918884,105481236,737374088,11976275,105749317,274004,10854627,11840876,110751291,17776638,438810
1635340131.1399019,11911441,104966819,735620772,11895761,105351366,241598,10750220,11831274,110221821,17761543,439910
1635340131.2400162,11851624,105636730,736668015,11896539,105565763,264156,10764679,11795657,110516137,17758841,440243
1635340131.340136,11935000,105581628,740110775,11980443,105447664,298620,10907941,11909183,111441519,17803430,442429
1635340131.4402554,11843168,105009059,734530533,11916607,105482631,236092,10480060,12492710,108845707,17612862,433044
1635340131.5403752,11489753,101337315,752438984,11261934,103010310,247307,10460032,12026584,112753938,18056957,451091
1635340131.6404972,11813111,105274942,733042476,11840125,105168193,283635,10718008,11735917,109954626,17656994,434480
1635340131.7406178,11915831,105772774,736166276,11917592,105653588,246394,10764574,11767279,110312061,17657886,433593
1635340131.8407376,11919974,105584030,738563117,11942754,106008793,244044,10769415,11812127,110661254,17711153,436630
1635340131.940858,11670953,102989512,723106875,11699901,103687667,254659,10596091,11525422,108294777,17365779,428802
1635340132.040978,11971570,106038810,741479088,12036447,106517980,270528,10921995,11815475,110279215,17818347,442914
1635340132.141098,11877353,104994879,735435117,11982765,106010986,249660,10901717,11830354,110556891,17682476,435215
1635340132.2412198,11923968,105816006,738927995,11988407,105808239,253766,10861946,11800777,110738239,17747465,442418
1635340132.3413398,11907935,105791311,739727081,11986167,105479529,260811,10869322,11861705,111440102,17797757,441448
1635340132.4414597,11894866,104982326,735670760,11915552,105805561,237288,10861169,11824315,110146427,17714051,440110
1635340132.5415792,11819965,105072504,735015617,11892945,105567922,249955,10724878,11761951,110013376,17675505,436877
1635340132.6416993,11960402,105909874,741001278,12013849,106302225,275531,10920890,11841597,110818253,17779504,435474
1635340132.7418196,11933308,105897110,739807513,11974957,105915998,270352,10762913,12595098,109185032,17828097,441126
1635340132.8419397,11961119,105731808,742230781,12027810,106258355,246219,10829575,12729050,109609393,17837797,440906
1635340132.9420598,11715406,103390470,725306926,11744404,103825101,252129,10649713,11617276,108074280,17426101,430206
1635340133.0421803,11915919,105759940,739333872,11938149,105492371,267338,10850091,11874819,110805388,17799810,442973
1635340133.1423001,11893744,105346144,737748622,11962635,105881687,257023,10859113,11824339,110439224,17710906,431095
1635340133.2424204,11856029,104981747,735400353,11923037,105696869,259917,10804142,11824666,110776092,17754454,439890
1635340133.3425405,11893384,105428789,735753017,11906763,105476817,269410,10663083,11776698,110835653,17773351,431322
1635340133.4426603,11878031,105380806,735727410,11897753,105511552,234088,10864417,11762218,110059001,17738112,439518
1635340133.54278,11861304,105165636,736472020,11957726,105743317,254673,10768896,11771091,110604082,17735703,438347
1635340133.6429,11969570,106127873,739963395,11968931,105890470,273247,10945820,11842972,110467823,17800017,436080
1635340133.7430193,11919847,105781049,739231911,11966296,105946601,276599,10679260,11817316,110836409,17782220,438422
1635340133.8431394,11771125,105306566,742294227,11490511,103988052,226557,10837859,11876990,110649503,15819065,435794
1635340133.9432673,11782361,104389547,729760042,11808647,102786253,255951,10727218,11608320,108470538,17363142,436665
1635340134.043389,11963279,106176821,739094299,11956326,105187512,266172,10939497,11887134,111128661,17887014,439932
1635340134.1435094,11995570,105751847,740513897,11997808,105649811,273079,10943500,11871498,110858302,17807714,441756
1635340134.2436302,11949396,105722363,738061941,11956400,105787336,248604,10732397,11803456,110787017,17761189,435333
1635340134.3437502,11978457,105787811,739602967,12051370,106018503,285206,10904631,11872871,111426469,17828291,439118
1635340134.443871,11947611,105806868,739687623,11998988,105660329,279399,10888612,11816330,110895733,17851931,440105
1635340134.543991,11979494,105957224,742338802,12046338,106076996,226100,10998080,11883262,111082580,17841025,440114
1635340134.6441116,11954310,105781957,739771633,12016991,106260377,262743,10919287,11830703,110818784,17793024,438103
1635340134.7442315,11932873,105488049,737341756,11919951,105709672,273321,10802239,11757865,110563382,17727467,442039
1635340134.8443513,11917190,105819540,739438107,11890825,105309615,266504,10792098,11837599,110713325,17823122,438099
1635340134.9444718,11671216,103120505,721830664,11696706,103664527,236604,10655807,11539859,108130627,17382014,430332
1635340135.0445929,11940678,105799568,737605097,11996478,105765439,259137,10882778,11844911,111161208,17826674,437115
1635340135.1447134,11909741,105522185,736911289,11927163,105355275,263889,10775124,11846400,110959050,17798915,431927
1635340135.2448337,11961339,105822125,739155816,11953012,105866387,248154,10831021,11843373,111029626,17810028,442133
1635340135.3449538,11894171,105245910,734425601,11931865,105530245,283231,10739153,11789432,110418870,17682863,438395
1635340135.4450736,12002785,105789999,743450119,12084753,106114251,262188,11001507,11892028,111638067,17970822,445723
1635340135.545194,11932019,105211474,739946516,12012718,105938572,259942,10840654,11872600,111240597,17885448,442954
1635340135.645313,11928787,105766264,739740954,11996730,106035283,246723,10769011,11875431,110552666,17801884,445880
1635340135.7454324,11923375,105558136,737292515,11937212,105679163,288951,10739811,11802486,110723310,17791003,436791
1635340135.8455522,11953872,105662883,738454401,11981795,105807863,246762,10882989,11825882,110693801,17733919,437036
1635340135.9456718,11696305,103325068,725531157,11730115,103370424,246526,10656838,11611398,108706564,17384212,431409
1635340136.0458033,11934696,105250206,738378865,11967992,106069167,269028,10908418,11842244,110810709,17841259,440674
1635340136.145926,11863871,105615547,735992231,11948352,105712165,267671,10737016,11769989,110182297,17702604,444027
1635340136.2460475,11791661,104973084,732048610,11851948,104827845,251697,10743648,11768699,110449608,17575006,432850
1635340136.3461678,11741055,104459705,728626160,11782697,104761854,241645,10618277,11702409,110124395,17509828,429314
1635340136.4462876,11777414,104996391,731165515,11786624,105761628,254619,10637380,11707521,109907545,17612414,433043
1635340136.5464077,11766869,104940937,728893308,11773458,104812349,246437,10619295,11656468,109937794,17550060,433556
1635340136.6465268,11776039,104520858,729985496,11769817,104923116,260434,10689106,11703715,109849631,17631181,431687
1635340136.7466462,11834249,105493993,735468406,11869645,105748354,258760,10696556,11791483,110530541,17666528,439381
1635340136.846766,11882961,105309194,735909739,11881114,105071689,237653,10689859,11824967,110580508,17743139,440039
1635340136.9468849,11557589,102601822,725927481,11707884,103798508,253587,10596325,11601914,108679501,17449710,428474
1635340137.0470042,11938280,106099308,739792450,11960065,105704073,274430,10768668,11840554,110694060,17823541,443286
1635340137.1471238,11950138,106023488,741914918,11979342,105911938,265732,10923362,11928052,110068203,16333831,437594
1635340137.247243,11930952,105687529,740253262,11965224,105852244,254168,10692499,11888653,111877506,17877375,441257
1635340137.3473625,11934960,105576607,739568673,11943650,106141020,255630,10788329,11829983,110854796,17825154,445326
1635340137.4474816,11967556,106150817,741378490,12018505,106257016,271721,10876025,11855232,110793037,17866896,439302
1635340137.547601,11941557,105306154,736696127,11897069,105442558,252580,10859518,11874655,111330633,17823081,438373
1635340137.64772,11902888,105544113,738075826,11939017,105969997,245439,10814408,11830698,110953828,17750923,435864
1635340137.7478397,11891779,105456671,736123298,11889633,105661611,267637,10812855,11855765,110305364,17749681,442023
1635340137.847959,11841022,105539739,733919844,11833618,105218406,257888,10689605,11763611,110310921,17673192,438216
1635340137.9480789,11707152,103811746,724457991,11631113,102960245,256133,10577360,11552229,108385448,17416336,422808
1635340138.048198,11902390,105001330,736582573,11937477,105993658,255954,10861484,11794211,110575929,17768156,428891
1635340138.1483178,11957101,105602617,738998830,11951802,105324888,230582,10751778,11886836,111640726,17821801,441050
1635340138.248437,11920733,105860422,740262698,11991266,106022943,267145,10896163,11860195,110914052,17808123,442809
1635340138.3485556,11907203,105428947,737110802,11855889,105414681,257444,10838400,11821970,110518842,17853123,436604
1635340138.448675,11849871,105533973,735596145,11869994,105506342,248408,10598619,11744628,109850641,17645524,440690
1635340138.5490587,11786015,105081993,731931110,11780446,105015488,254891,10644611,11758143,110420906,17655472,435402
1635340138.6995647,11710174,104325687,729013148,11757026,104978344,251742,10612335,11724794,110092887,17549130,433440
1635340138.7996898,11809740,105004205,731784773,11802946,104974538,258176,10570967,11630909,108924486,17431324,426927
1635340138.8998168,11768815,105092694,730604993,11763910,104661184,252487,10247730,11812029,110051835,17566205,426479
1635340138.9999518,11565655,102391813,717806161,11623157,103605265,242744,10267830,12069527,106728486,17325870,439423
1635340139.1001003,11951773,105798572,739209685,11984872,105935384,262468,10800073,11796418,110739781,17791605,435795
1635340139.2002342,12010677,106291258,743052352,11990667,105694006,269990,10949825,11916878,111566387,17930346,451130
1635340139.3003676,11901570,105505515,739010044,11968786,105675869,251992,10719734,11850103,110699017,17781102,437662
1635340139.4005008,11926985,105808224,740701829,11984313,106197584,258751,10883138,11847018,110763144,17821947,441043
1635340139.5006347,11954392,105676691,739789567,11984816,106117983,278794,10803307,11878606,110861280,17846578,439676
1635340139.600769,11948916,106061575,742021344,11977158,106260665,253674,10722226,12612711,109200850,17933835,437945
1635340139.7009027,11918360,105460171,739128357,11939285,105942308,270279,10810010,11881619,110766480,17762719,440554
1635340139.801036,11900538,105342570,738473474,11914299,105890996,236912,10883231,11817649,110687868,17730651,439191
1635340139.90117,11899871,105571519,736445561,11920892,105794131,259099,10844479,11819202,110575030,16371481,436929
1635340140.0013041,11650446,103055180,722370368,11643809,103571610,253150,10471153,11591568,108244829,17331820,421466
1635340140.1014545,11952324,105450353,739224722,11907540,105790421,250587,10810843,11840567,110450338,17762131,433424
1635340140.2016087,11699650,106299481,744882337,11843552,104754154,262219,10591410,13078347,101751540,14643374,437513
1635340140.3017497,12032429,105817047,742277474,12013361,106026191,258198,10875139,11915148,110938488,17959122,439764
1635340140.4018853,12020524,106041877,743992839,12030156,106349383,257773,10949698,11877177,110881768,17726550,446578
1635340140.50202,11973436,105725365,743190578,12026745,106404507,251237,10924814,11907769,110961308,17866705,439119
1635340140.602155,11984453,105888988,741268387,12008907,106142888,251874,10904233,11851062,110949914,17817132,435141
1635340140.7022898,11965359,105794657,741125340,12017512,106050970,261959,10943320,11852966,110608548,17769091,448115
1635340140.802425,11965356,105575305,740341897,11993456,106157286,260001,10874025,11883433,110984475,17835212,434815
1635340140.9025598,11920091,105539087,740253394,11941576,106069256,246028,10805735,11863776,110906672,17794389,448731
1635340141.002695,11719828,103398863,724749804,11730525,103353644,256842,10717804,11639710,108424743,17477060,426575
1635340141.1028407,11998056,106137693,742842375,12037525,106246282,255926,10943336,11935577,111186600,17861478,443518
1635340141.2029765,11936729,105659329,740488260,11992448,105957819,234683,10839363,11911743,111165323,17684601,437749
1635340141.30311,11952192,105404142,739269473,11943551,106128305,248685,10953644,11873175,111018619,17813870,436070
1635340141.4032438,12032680,106223155,742644981,11978564,105892430,256826,10954941,11883045,111301752,17923104,453636
1635340141.503378,12162775,106665017,756698387,11633904,103348015,240945,10545532,12113633,112709749,18182497,448781
1635340141.6035147,11985135,105703732,742689214,11988007,106283818,233222,10770232,12107470,110733070,17943656,446332
1635340141.7036521,11937516,105771820,739200305,11985642,106149138,264358,10922501,11876755,110669028,17858783,433135
1635340141.8037863,11968763,106314246,742501388,12009227,106117467,260181,10932767,11889188,110912377,17827648,444056
1635340141.9039202,11928114,104894028,736618362,11923258,105830912,245696,10776413,11848190,110814136,17797834,441224
1635340142.0040545,11745810,103664772,727111624,11773113,104098730,229366,10728305,11622134,108514440,17492332,436127
1635340142.1042,12019942,106298273,744057460,12005763,105511224,273523,11021210,11930251,111298115,17960196,449189
1635340142.2043366,11834767,108482791,762908507,12365860,108235767,257954,10323740,14212513,100510032,13980298,404715
1635340142.3044837,11752321,103446631,752398303,12061354,106463152,291413,10886663,11959813,111855431,17935936,430846
1635340142.4046264,11967613,105469982,744269670,11912739,104714856,284169,10852486,11802861,110746019,17864951,436573
1635340142.5047615,11887763,105272032,736712289,11894888,105771477,235323,10851839,11829492,110649772,17761163,441752
1635340142.604896,11840456,105003965,734520258,11887631,105734229,248229,10729134,11774449,110331693,17705614,437860
1635340142.70503,11877336,105323434,736296117,11890982,105476837,260756,10884693,11764820,110238212,17720208,434267
1635340142.8051658,11893142,105344140,737210898,11913426,105696663,244809,10804654,11761033,110076368,17730536,438718
1635340142.9052992,11945916,105669153,739786977,11965272,105739221,252966,10823354,11898667,111220373,17875184,435678
1635340143.0054345,11653491,103423132,724825500,11728458,103875809,239807,10575826,11605629,108312909,17428150,436899
1635340143.1055784,11898709,105662201,736574064,11874658,105479426,254886,10801478,11831413,110407779,17700330,443260
1635340143.2057123,11975160,105690714,741099242,11957510,105654476,251066,10950978,11905159,111193148,17900218,437129
1635340143.3058467,11979614,105952488,741428184,11908641,105278347,224172,10918258,11897715,110868158,17884135,442023
1635340143.405982,11986520,105877430,742179915,11973025,106208689,255305,10885562,11851398,110607080,17842130,438279
1635340143.5061164,11942814,105525979,739736572,11958701,106048328,260027,10893054,11861739,110846501,17878386,447960
1635340143.60625,11997511,106087229,743860783,12021326,106090293,259575,10974696,11906001,109072261,16369428,437151
1635340143.7063837,11946086,105596268,741680910,11987386,106285433,237535,10947543,11878746,110608185,17882233,446571
1635340143.8065174,11936617,105976801,741498999,11997073,106084747,252702,11010907,11901800,110881512,17889360,445631
1635340143.9066508,11907236,105061538,736134544,11912800,105348029,248805,10881926,11795104,109721353,17742423,433902
1635340144.0067847,11839304,104615264,731697729,11819926,104197784,256081,10748569,11723932,109789318,17650692,434581
1635340144.1069276,11945103,105775149,740601260,11988571,106038092,252014,10867529,11814372,110765129,17787655,440251
1635340144.2070634,11879763,105279737,737740831,11913213,105550266,245343,10937034,11853927,110936411,17798982,439922
1635340144.307197,11910465,105313071,737985239,11919661,105583174,251453,10771602,11843875,110605144,17822465,436780
1635340144.4073322,11818921,105175632,736302454,11853835,105425808,252247,10731984,11786237,109815157,17720915,440270
1635340144.5074663,11921365,105789371,738991927,11910720,105900789,250454,10871522,11810525,110525629,17766321,438126
1635340144.607601,11815537,104775557,733236660,11816140,104930643,247011,10810397,11745409,109958286,17664640,434565
1635340144.7077346,11897974,105440106,735947211,11865826,105466084,250248,10582792,11795887,110707265,17721888,431541
1635340144.8078697,11813866,104610737,733020871,11846192,105282967,255127,10668681,11756461,110318814,17670580,434312
1635340144.9080045,11617453,103303400,720095303,11608752,103146755,236933,10480979,11500873,107367773,17187607,423458
1635340145.0081396,11798752,105271397,736111464,11863650,105400274,249105,10737296,11752603,110165296,17752317,436218
1635340145.1082816,11784164,104557750,730676873,11777637,104717825,231268,10601005,11720217,109739884,17564420,431798
1635340145.2084153,11755908,104967208,731339468,11761042,104848573,253583,10612266,11722841,110353455,17631526,431458
1635340145.3085494,11750287,104937431,729896534,11751186,104830792,248248,10711567,11707599,109917674,17579261,427368
1635340145.4086833,11762735,104614641,729484526,11754173,104619667,251496,10740597,11672103,109290379,17598535,431724
1635340145.508817,11829977,105157313,734244706,11873004,105541474,242131,10630491,11738152,110543187,17702939,434036
1635340145.608951,11810042,104965608,730977482,11696769,104660418,258110,10792513,11737023,110063361,17657730,435978
1635340145.7090855,11766269,104909035,731430987,11781125,105092879,248014,10737413,11749857,109842327,17609346,429713
1635340145.809219,11786418,105014489,732629362,11831992,105177866,236130,10819112,11765098,110328199,17676192,431780
1635340145.9093528,11596633,102783232,718040370,11575292,102828035,232157,10425257,11499544,107769867,17255815,423120
1635340146.0094876,11825265,104920582,732637460,11818420,105129521,240245,10649659,11763982,110387962,17703772,437625
1635340146.1096294,11782168,105036135,732523901,11831409,105356953,249442,10818367,11702240,109937279,17638836,432579
1635340146.2097638,11827097,105322155,735089522,11851265,105436725,253306,10727964,11784352,110500577,17752203,439622
1635340146.309897,11757731,104593047,730225548,11784575,105080936,252877,10627004,11745437,110352684,17660888,435319
1635340146.4100282,11764335,104282394,731160121,11770271,102835121,222576,10214532,11745630,110325448,17643927,433148
1635340146.5101688,11938352,105372818,739164072,11930023,105547302,251177,10961418,11807372,110609199,17805113,435879
1635340146.6103036,12038590,105857745,741600019,12007335,105837302,251213,10920006,11846192,110882754,17869713,435806
1635340146.7104375,11955021,105309408,739383760,11977822,105776794,260624,10870610,11896070,111150062,17883512,439412
1635340146.8105705,11930633,105134367,738163249,11971897,106405539,239807,10900216,11860537,111013756,17810404,436592
1635340147.0108387,12007841,105849665,743607483,11986241,106024618,249347,10952228,11950542,111222635,17871592,443951
1635340147.1109784,12086008,106640654,747610804,12100203,107096133,262589,11037606,12526565,107280265,15347128,432647
1635340147.2111137,11953361,105970403,741697597,11965894,105794626,260593,10967170,11849368,110875191,17826225,442689
1635340147.3112478,11947821,105678539,740257797,11988813,106045704,257234,10734265,11834831,110507880,17769401,435557
1635340147.4113827,11904519,105626022,740340346,11970173,106106471,258108,10883526,11806130,110245449,17753165,442938
1635340147.5115178,11878314,104991173,735959740,11881985,104877878,241700,10961468,11819311,110365003,17706840,439252
1635340147.6116524,11781822,105277310,741831306,12010973,106455851,264117,10880044,11898675,111476297,16740414,437883
1635340147.7117867,12014057,106222012,743014424,12012327,105992428,270451,10970602,11871955,110861284,17847863,441024
1635340147.811921,11844023,105550885,739979331,11964213,105769044,268069,10864547,11864044,111201457,15902568,433224
1635340147.9120548,11711801,103066148,725089576,11651795,103189113,223645,10629367,11633810,108679452,17424736,429813
1635340148.0121899,11953240,105850207,740567124,11950995,106117028,260923,10848141,11880032,110922446,17824383,443901
1635340148.112333,11969671,105824476,740468385,11969879,106125192,278076,10656257,11816532,110652165,17833429,438349
1635340148.2124681,11931424,105604548,739806117,11949920,105679922,270029,10844244,11898438,111867065,17859212,442139
1635340148.312603,11936021,105721935,739775257,11942562,105977528,243811,10839088,11837023,110381203,17688201,437814
1635340148.4127371,11658509,104254751,738914296,11914991,106160326,262216,10827363,11833269,110453470,17771110,438882
1635340148.5128727,11859915,105196647,734260999,11844512,105162335,264151,10726407,11790003,110759979,17699274,432408
1635340148.6130173,11824933,104993572,733812159,11822420,105625592,252738,10556440,11708733,109438167,17635386,440003
1635340148.7131557,11847683,105262083,736940188,11903287,105929075,240611,10752534,11815515,110872624,17717849,441505
1635340148.8132913,11814608,104453217,731477777,11856245,105586670,255588,10690389,11787974,110124151,17679725,435486
1635340148.9134262,11716898,103826482,726613337,11748970,104094468,249823,10604347,11551618,107893634,17390843,437372
1635340149.0135615,12019484,106062339,742821057,12008131,106069425,266200,10944104,11929723,111009676,17933751,440789
1635340149.113704,12010494,105829432,742897629,12020688,106060144,263704,10914363,11903243,111138535,17936065,447365
1635340149.2138398,11995427,105875293,743467340,12037205,106398302,237462,11013292,11880541,110766444,17848035,437986
1635340149.3139737,11959253,105503924,742624250,11982385,105971944,277194,10920568,11920358,111197624,17903566,444385
1635340149.4141083,11982256,106041447,743072309,12024354,106255407,255967,10928892,11897966,110728603,17867417,440806
1635340149.5142426,12012911,106162336,742888481,12013458,105891463,258492,10937353,11886007,110651461,17887793,445638
1635340149.6143744,11975248,105751048,741015034,11981948,105867656,266606,10907173,11852648,110853991,17865540,440145
1635340149.7145078,11924243,105312337,738662708,11959741,105822314,253567,10918266,11854655,110791890,17835684,438336
1635340149.814642,11996633,105714375,740441579,11986844,106251459,260818,10935986,11869294,110364359,17843295,444709
1635340149.9147754,11640521,102849967,719619594,11632977,102817298,258338,10502161,11541138,107524372,17342273,422846
1635340150.0149095,11866533,105627955,737822087,11904753,106109373,275381,10693236,11784527,110194341,17737979,444574
1635340150.1150503,11751516,104618706,730834812,11781480,105009673,249834,10489124,12293936,108883962,17591827,431453
1635340150.2151852,11775259,105084374,731561056,11790193,104767197,238691,10466614,12768837,107892851,17563315,431102
1635340150.3653858,11835264,105300000,734161501,11830269,105373001,259516,10444158,13086252,107646045,17631912,441442
1635340150.4655268,11772294,104822359,730460344,11781866,104742353,255450,10685973,11701632,109688791,17600623,430983
1635340150.5656602,11780011,104986739,732106121,11793545,105034287,268014,10627856,11697374,109790256,17612844,436453
1635340150.6657948,11808485,105149476,732952268,11794084,105281131,235028,10650006,11772782,109918299,17648582,436713
1635340150.765928,11734541,104635361,728166993,11730742,104237279,250621,10433496,11631310,109136628,17560244,431221
1635340150.8660614,11690729,104347272,730989625,11766413,105308248,262829,10642532,11672254,109584845,17592277,433742
1635340150.966196,11559043,102405557,714803518,11447909,102280740,240327,10381768,11445069,107245325,17279506,421656
1635340151.0663414,11749849,104764625,729838310,11761756,104822162,262551,10573389,11704577,109870738,17678077,435980
1635340151.1664815,11728992,104561745,729157769,11736031,104721208,258131,10540060,11658352,109456873,17509711,436555
1635340151.2666154,11838345,105043338,733944317,11839143,105297285,248474,10656607,11722438,110049054,17654034,435303
1635340151.3667502,11828800,105010866,732653015,11827915,105028352,239317,10758030,11727486,109454131,17659281,437230
1635340151.4668858,11747947,104008905,727920980,11767267,104284054,263595,10688495,11695418,109276387,17546142,431299
1635340151.567022,11628076,102679216,721141979,10732996,96935288,253957,10477318,11509404,107637891,17339945,428408
1635340151.667162,11839867,105259936,735347309,11844002,105470147,237385,10782598,11735372,110010521,17639669,440425
1635340151.7672956,11819155,104976453,732230444,11829032,105236278,258893,10733798,11727661,109876431,17712966,432482
1635340151.8674283,11784480,104828440,731600358,11830997,105039867,260675,10670887,11711156,109992669,17670378,434599
1635340151.967562,11389224,100808779,722043628,11473187,103149463,243140,10500633,11528488,107990398,17333908,421752
1635340152.067709,11883449,105008464,738972605,11804052,105756390,258239,10832225,11841519,110779004,17763622,441916
1635340152.1678498,11822202,105105500,735102854,11858594,105192629,265233,10636341,11814001,110126859,17699859,438145
1635340152.267984,11900706,105198020,736529052,11895798,105407139,256816,10690502,11780562,110413884,17729128,438687
1635340152.3681183,11866262,105185824,736058126,11874392,105471501,244499,10768638,11734837,110041805,17690901,440977
1635340152.468252,11886436,105261783,736102424,11906345,105845439,264374,10848265,11802723,110374441,17735562,433337
1635340152.5683851,11845453,105151256,735917881,11881335,105575871,249452,10597896,11746374,109798483,17711458,447288
1635340152.668528,11847558,104916114,733418508,11852212,105218458,255048,10635099,11722703,109857158,17682058,437724
1635340152.7686684,11278495,103268728,756929715,11726087,106408340,245974,10180973,13832140,105993709,16387282,442419
1635340152.8688047,11760474,104376352,729502845,11789877,104936534,247505,10715447,11718154,109799873,17564828,430477
1635340152.9689379,11050087,98497707,692438687,11222914,99843021,232536,9961073,11116952,104207675,16540273,436469
1635340153.0690718,7882436,70994157,490879461,7713871,68210333,143764,6805154,7546835,71329169,11620921,300413
1635340153.169194,4352263,37518877,265791905,4200478,34741727,133029,3521475,4388607,40003031,6488246,170907
