1635339822.7342541,9486363,81600402,597596751,9546651,82309135,233597,8068312,9425344,89689499,13773107,297745
1635339822.8343725,8872128,75694545,557351233,8992997,76964756,238879,7918612,8699095,80005549,12968336,294394
1635339822.934491,8777534,76351013,543598513,8693412,74940606,193468,7867698,8983895,74052087,8565095,322799
1635339823.034618,8514290,75591660,543598876,8762443,75997936,161169,7632299,8754415,79276406,10795176,319405
1635339823.1347482,8844423,77262408,553448166,8977116,78941031,181338,7998466,8818308,80890970,12455633,327669
1635339823.2348728,8922259,77660035,553489799,9008286,78836601,174466,7950642,9014640,83192712,13312777,334103
1635339823.334993,9183301,79901538,564162204,9151866,80271913,187924,8225994,9036734,83588525,13595868,339039
1635339823.435112,9334454,81031532,573765792,9298249,81146542,177291,8350772,9172781,84526707,13754938,342206
1635339823.5352302,9185751,79455603,567031941,9299820,81035374,194717,8168768,9131985,84070655,13679067,339860
1635339823.635349,9682269,83357392,596971869,9671370,84325683,192144,8720698,9517495,87459272,14168714,338231
1635339823.7354686,9320343,84014425,600070476,9719289,84958702,203915,8531020,9592175,86402557,11426241,350052
1635339823.8355918,9740726,84829852,602511024,9766341,85556568,193049,8785068,9688090,89841542,14512967,362876
1635339823.9357312,10048593,87417589,618360668,10019038,87675164,201259,8947304,9904476,91447287,14810609,370114
1635339824.0358703,10168148,88392567,627126582,10210511,88968471,194689,9090224,10103518,93149139,15087647,379616
1635339824.1360137,10205880,89102770,630823339,10191630,89978362,202159,9196423,10205840,94607963,15256163,381016
1635339824.2361562,10336527,90271953,635384084,10323280,90955365,205544,9246886,10230123,94557815,15273713,370331
1635339824.3362892,10619545,92665088,653626233,10536322,92479491,203565,9577559,10472848,97478220,15756618,387060
1635339824.4364295,10737854,94076458,662391523,10729466,94399867,232545,9749221,10630674,98634439,15915997,398957
1635339824.536558,10621353,92792630,654637779,10643134,93296819,204637,9655403,10562638,97380563,15791780,385301
1635339824.6366768,11005632,95730825,675963876,10930984,96380926,219728,9830142,10838880,100711991,16218200,399984
1635339824.736796,11076703,96891916,682039113,11061505,97430851,229487,10103800,10945915,101700632,16423609,409517
1635339824.8369148,11068257,97598062,682865527,11100436,97978276,227287,9970508,10999506,102130098,16462369,404729
1635339824.937033,11179853,98156497,688946784,11150709,98886098,216026,10034074,11085077,103387699,16641199,411391
1635339825.0371504,11408756,100289117,705438239,11433666,100566301,231405,10403681,11303133,105123294,16993853,417954
1635339825.1372683,11460596,100719426,705645707,11504310,101078240,240463,10413531,11347778,105474775,17031869,424639
1635339825.2373862,11454840,101322395,708590531,11474274,101781736,233137,10402660,11399150,105805433,17058561,422696
1635339825.3375037,11703224,102361896,719714897,11672012,102875147,248619,10607507,11560873,107672137,17355638,435444
1635339825.437622,11812137,103473148,724629021,11800333,103991353,240799,10698471,11630715,108178855,17460024,430200
1635339825.5377402,11623376,101847344,711127937,11554773,101831436,219209,10493431,11361751,106002278,17057769,424942
1635339825.6378582,11890387,104360779,730869495,11869059,104366407,246471,10731225,11768877,109603416,17627238,441102
1635339825.7379768,11876495,104013062,729501559,11851822,104562270,245101,10834400,11747268,109434717,17647716,439289
1635339825.8380952,11947844,105667442,739096892,12010481,104661507,231843,10488472,11824338,109453826,17688304,434863
1635339825.9382129,12014161,105327404,736602472,11966010,105557969,251257,10809301,11862031,110203849,17781390,443110
1635339826.038331,11954602,105430454,736546874,11963571,106130049,228057,10933394,11871844,110189595,17746275,443018
1635339826.1384494,11954987,105211333,735802026,12000678,105733070,242600,10806931,11851278,110347086,17761006,441095
1635339826.2385674,11986466,105026029,733178062,11876161,105154429,235132,10684362,11739982,110220930,17747748,431369
1635339826.3386855,11918240,105314527,732371459,11813702,104838979,219361,10634002,11772456,109973146,17685771,430717
1635339826.4388034,11862721,104065155,730519146,11879597,105459550,245123,10810700,11776546,110065804,17638877,437845
1635339826.5389452,11789890,104041334,725217242,11688202,102961868,234843,10563198,12748735,101392170,13317184,420297
1635339826.6390297,11890857,104997721,731893719,11854537,105297086,235043,10635393,11745388,110036069,17684617,434898
1635339826.7391505,11990163,105593210,737981736,11991988,106054518,236157,10870691,11906625,111397838,17851093,439812
1635339826.8392699,12007403,105622023,739420812,12046508,106758618,240410,10890861,11887131,110717179,17834751,439788
1635339826.939389,12072935,106126854,742268416,12044937,106473104,238626,10915090,11933485,111172470,17899436,440201
1635339827.0395095,12058966,106082677,743084009,12053476,106659765,241865,10889605,11934647,111206796,17910278,449118
1635339827.139628,12008246,105710976,738074789,11966486,105854999,229466,10835702,11869492,110408782,17844806,442569
1635339827.2397459,12048067,105814824,741104519,12048151,106610895,246227,10867231,11947929,111302915,17892093,444458
1635339827.339864,11903831,105367454,735988900,11947150,105597011,237920,10776743,11849940,110600505,17836989,436010
1635339827.439981,11963691,105357301,734330374,11885695,105520968,235803,10702696,11850265,110733012,17778185,439820
1635339827.5400808,11569888,102505866,714504687,11575515,102897599,223777,10406230,11501732,107755957,17266727,427126
1635339827.6401834,11919694,105409856,736063242,11963553,105703868,250121,10858597,11908822,110830942,17775123,441506
1635339827.7403035,11973430,105898783,738229570,12020412,106149741,233237,10843058,11913590,110887986,17822745,442262
1635339827.840422,11964794,105612862,737298385,11967620,106082295,235256,10857957,11842044,110534925,17818006,437848
1635339827.9405396,11948484,105438661,734885499,11933675,105701157,227905,10816279,11828406,110259021,17740733,440408
1635339828.040658,12038721,106135330,740372651,12036479,106344200,248535,10611043,13445454,109186862,17896240,443202
1635339828.1407766,11999495,105890086,737089534,11951301,105592554,246344,10647700,11796205,110196343,17747458,445783
1635339828.2408953,12042951,105894731,740438707,12046440,106487005,238814,10887188,11895683,109553651,16196187,440185
1635339828.3410134,12029786,105920013,738677689,11971352,106200589,243934,11006401,11870770,110900074,17821563,444720
1635339828.441132,11945777,105483929,735207309,11923687,105624351,245473,10819431,11849005,110878361,17768510,440419
1635339828.5412505,11643447,103281953,717453149,11627168,103270205,228648,10426553,12915705,105271414,15664170,426101
1635339828.641347,11843083,105196045,728470344,11773939,104973917,225317,10583495,11657709,109474536,17517713,432458
1635339828.7414732,11901462,105464917,733210590,11871982,105546557,246090,10686916,11779604,110493842,17733128,432063
1635339828.8415956,12007048,105984295,740859844,12002429,105914972,257352,10945601,11942085,111535782,17953889,443155
1635339828.941716,11981159,105494557,735828342,11945477,105291315,232091,10895768,11827016,110204295,17771041,445845
1635339829.0418355,12008357,106276048,742020704,12049528,106145872,234895,10919717,11925936,110982852,17938987,442723
1635339829.1419547,11946221,105496567,735549165,11931826,105664813,229320,10810817,11817935,110206075,17807062,449941
1635339829.242075,12017534,105843554,738553965,12010088,106533764,238396,10851310,11878109,110734743,17900797,444928
1635339829.3421931,11764320,104394069,731411961,11852674,103421627,232116,9956525,12349012,107360993,17653979,436654
1635339829.4423113,11786136,103920003,723441371,11749192,103894189,238660,10655412,11666947,108824601,17489136,434421
1635339829.542432,11557751,102061567,712761500,11543420,102762836,229189,10385011,11393235,107178396,17204918,427621
1635339829.6425638,11852630,105658669,731830700,11863319,105157660,221210,10691572,11759057,110472300,17673880,442003
1635339829.7426965,11923579,105217512,733859798,11948521,105973636,236760,10482622,11810885,110382397,17781405,438114
1635339829.8428211,11990087,105997498,740397875,12040146,106692301,239477,11022275,11883841,110870483,17856434,445665
1635339829.942945,12062071,106189744,739111899,12028315,106187849,228696,10949708,11889714,110975679,17874613,439109
1635339830.0430694,12023841,105816258,738582180,11974390,106149231,240558,10971417,11864666,110795566,17829247,441520
1635339830.1431928,12332775,106278107,739215630,12047942,106220013,236136,10775743,11857780,110656111,17826358,432583
1635339830.2433164,12014693,105797479,737966628,12032747,106089828,235572,10808927,11827472,110650529,17846282,454412
1635339830.3434396,12007466,105623689,737860574,12040627,106367199,232490,10811845,11894601,111384688,17847293,445245
1635339830.4435627,12016342,105515035,735393760,11956949,105720067,233223,11073899,11880986,110091204,16791761,436195
1635339830.5436852,11666954,103229082,720238151,11708468,103741973,235845,10645954,11578959,108385460,17400567,434735
1635339830.643818,11889258,104937189,729932984,11898056,105577720,234875,10806865,11756739,110214405,17695585,436372
1635339830.7439504,12064827,106220989,740258790,12018231,106457006,223587,10879078,11907687,111147738,17916414,440523
1635339830.8440738,11943061,105089890,734097982,11892976,105481913,240959,10765045,11803385,110701473,17713114,444485
1635339830.9441965,12015603,105930340,737468604,11973690,106282365,246103,10932971,11853955,110724673,16154185,430510
1635339831.0443206,11994241,105841703,737426810,11991913,105423837,239759,10919536,11883511,111164300,17784702,445040
1635339831.1444433,11948509,105353408,734543890,11977811,106056307,223192,10726823,11816266,110451920,17769818,436661
1635339831.2445662,11990102,105862146,737020586,11963542,106127715,248246,10798078,11812044,110708709,17760073,440896
1635339831.3446891,11864235,105300590,731920823,11871165,105029594,250488,10832330,11764116,110037291,17660399,437877
1635339831.444812,11658354,95517725,752683958,11696944,106014915,241594,10984273,11913355,111761286,17915998,427667
1635339831.5449355,11621454,102817074,722869079,11268612,99824580,221515,10648146,11634071,109160722,17297913,424614
1635339831.645088,11810624,104671859,728875660,11835910,105165906,240885,10576641,11748368,110018317,17472337,423121
1635339831.7452202,11810024,105093918,731027250,11847248,105317989,220306,10716083,11743261,109727453,16227659,435125
1635339831.845345,11777947,105256575,730380919,11777794,104298270,233751,10552360,11727320,109990778,17535804,434398
1635339831.9454687,11783591,104873615,731660876,11922326,105354798,232408,10547942,12371116,108847688,16567023,424298
1635339832.045592,11795584,104787148,729741026,11831009,105005993,242015,10566926,11753496,110210647,17675874,442695
1635339832.1457155,11742320,104503394,727921785,11798290,104802611,236063,10478566,11707727,109781018,17598412,427126
1635339832.2458386,11776520,104839604,728172147,11814027,104523216,220262,10497487,11712441,110159130,17616003,437867
1635339832.3459632,11802637,104436462,730583237,11900905,105474491,237142,10701488,11787403,110525397,17643982,438880
1635339832.4460864,11765866,104682632,728030582,11840450,105193475,240619,10613694,11662881,109558202,17594013,424526
1635339832.546209,11525459,102445841,714510179,11573275,103008645,234008,10380399,11352176,107215641,17261386,426659
1635339832.6463413,11867694,104941533,728310088,11863528,105311267,219597,10482723,11711822,109824709,17584741,425420
1635339832.7464707,11863268,105331557,732134735,11849930,105663253,248753,10719949,11795124,110195189,17609974,434130
1635339832.846594,11831597,104772505,729935210,11788287,105378387,258760,10643599,11722372,110577112,17667751,423744
1635339832.9467173,11773792,104489410,724861697,11758694,104616011,227138,10522446,11648204,109685415,17570789,420041
1635339833.0471017,11887058,105538809,733486721,11925889,105419075,241229,10775664,11743889,110313976,17704176,441206
1635339833.1475315,11783107,104893333,727003176,11783085,104995154,233309,10512032,11642473,109629957,17579392,425274
1635339833.2480025,11759900,104772215,727632688,11825782,104832909,252560,10572563,11715218,108452708,16020914,429158
1635339833.348466,11910629,105568737,735715476,11982719,105806818,235056,10741179,11823222,110499553,17770075,439273
1635339833.448911,11928357,105489987,734623819,11970082,105701425,237243,10832423,11768800,110478189,17798104,433855
1635339833.5493665,11658713,103215611,720297904,11723412,103253864,243472,10641605,11596538,107323820,17319095,430242
1635339833.6498377,11930541,105442220,735246342,11980843,105884684,240302,10802050,11767739,110255379,17772484,431657
1635339833.7505517,12005316,105522630,737308758,12032560,105720401,217800,10782995,11861167,111185633,17861151,441757
1635339833.8508513,11985756,105891233,737561220,12039438,105575501,239488,10926597,11860623,111091520,17877931,437301
1635339833.9513128,11910927,105768763,735448562,11954549,105584523,241611,10839765,11795729,109990846,17734877,429987
1635339834.0518098,11937090,105986700,738365492,12023442,106047337,236458,10883477,11863404,110836706,17883879,437547
1635339834.2023067,11950604,105672304,737069997,11976554,105946438,235870,10823691,11812053,110457091,17816139,431274
1635339834.302432,11897244,105226149,736051254,12013923,106161330,238424,10765748,11774645,110613759,17748589,438078
1635339834.4025555,11954021,106057669,737470654,12023758,105970895,234900,10938675,11780743,110330647,17739220,430983
1635339834.5026789,11986666,106085103,739539867,12002801,106111246,245651,10859989,11838577,110825708,17848567,445996
1635339834.602802,11757031,103427948,724330183,11824538,104229401,241602,10729486,11619941,108352616,17560204,427265
1635339834.70294,11963441,105856252,738320498,11948379,105786529,244549,10964580,11783743,110614267,17764475,434448
1635339834.803071,11903094,105035824,734781550,11942824,105315914,243798,10925978,11814665,110680185,17747332,426470
1635339834.903206,11849052,104948369,727848855,11819444,105199172,233345,10637478,11700826,109855854,17606508,430896
1635339835.0033329,11848303,105290753,728822381,11812689,104980892,224604,10717191,11686956,109835524,17596821,436977
1635339835.1034575,11802670,104929893,726801143,11783483,104787457,237649,10614886,11708133,110075614,17611849,425828
1635339835.2035813,11847809,104837104,730917122,11910842,105561602,246860,10704669,11762922,110430900,17664587,430200
1635339835.303705,11838888,105003319,730062929,11898759,105874839,232126,10787302,11760186,110139059,17597918,429648
1635339835.4038286,11920765,105468477,734658042,11927981,105434161,243101,10840399,11802904,111152710,17805331,435618
1635339835.503952,11914594,105724680,735242319,11983708,105770992,232398,10850388,11780339,110714935,17723418,437176
1635339835.6040754,11551686,102436253,715040217,11623964,102934192,241821,10409435,11505469,107804719,17261829,417193
1635339835.7042117,11836409,105102098,730493180,11877675,105009816,222857,10568321,11724578,109852124,17689831,436293
1635339835.804336,11952702,105654455,734440202,11951617,105715061,235045,10838918,11749188,110684580,17800744,433767
1635339835.9044597,11815186,105148327,729459705,11851226,104996721,248676,10659223,11708395,109669086,17580245,426332
1635339836.0045834,11767415,105130097,727890032,11794331,104474470,232349,10722038,11699959,107817555,16433727,429789
1635339836.1047065,11802874,104897857,729857017,11856546,105431903,236186,10635881,11737823,110057462,17609227,429843
1635339836.2048306,11751710,105012962,728231881,11863863,104722351,248649,10598551,11695101,109813837,17587440,430640
1635339836.3049538,11792865,105126949,730558873,11869731,105534875,233911,10695306,11729249,109884702,17635655,434769
1635339836.405077,11757176,105195816,727343415,11817239,104291791,228871,10769970,11663129,109527658,17543704,428222
1635339836.5052001,11753768,104566330,727023035,11805441,104920639,234478,10673013,11681478,109613476,17572535,430193
1635339836.6053238,11650143,103055763,716750840,11702936,103521226,218336,10516433,11440030,107239672,17363414,427221
1635339836.7054613,11832975,105287260,731428647,11845813,105209153,240063,10805662,11744813,109920710,17680427,433375
1635339836.8055863,11771880,104689108,727357330,11818632,105142687,239963,10721708,11636596,109791570,17565392,429741
1635339836.90571,11914670,105541638,734138449,11923105,105532686,240378,10825657,11798635,110175952,17672512,432800
1635339837.005843,11930975,105098107,733967750,11949313,105504834,235226,10815394,11815199,110397738,17726287,433862
1635339837.1059687,11866929,105123067,729812534,11835866,104895653,230357,10788508,11759658,110662860,17709981,436391
1635339837.2060924,11817020,104898095,730468799,11834593,105184979,238451,10588964,11674401,109315528,17614225,421047
1635339837.306216,11917783,105574714,735125835,11968696,105666480,236153,11008721,11824608,110947736,17796312,436902
1635339837.406339,11944520,105697271,737667228,12051338,106042927,239403,10864474,11818702,110334439,17830226,442674
1635339837.5064619,11929182,106146825,737079501,11977498,105724237,241789,10816887,11829294,110497062,17781680,436409
1635339837.6065848,11649177,102813135,718858342,11680115,103162964,238512,10529884,11320142,107408590,17332911,428237
1635339837.7067208,12011469,105993360,739628315,12048734,106178634,220198,10942331,11846703,110671820,17851593,432710
1635339837.8068447,11951593,105322653,733911784,12023088,105928142,236333,10815010,11802035,110316865,17793776,439413
1635339837.906968,11927045,105679411,735470644,11959085,105645793,242724,10792932,11817160,110867409,17791578,438839
1635339838.0070913,12001490,105895269,738734807,12039981,106183190,229780,10841899,11845745,110218820,17865688,437313
1635339838.1072145,11916652,105423474,732986947,11823975,104841845,243253,10930948,11779827,110302322,17734779,439365
1635339838.2073376,11931401,105984632,737955321,12014513,105413147,236343,10896784,11847114,110942918,17804610,434508
1635339838.3074617,11988271,105693544,738093491,12017188,105962322,245975,10859287,11891660,110811411,17851281,440283
1635339838.4075842,11972404,105839921,737431363,11914921,105600096,218797,10905151,11851539,110752939,17781621,436159
1635339838.5077074,11914153,105143745,736902013,11862809,105876405,247279,10971875,11848321,110588061,17750393,438733
1635339838.60783,11703668,103320648,719346526,11717196,103430218,232304,10648975,11600503,108250793,17421948,432418
1635339838.707967,11954520,106102292,740057506,12073864,105892599,247980,10778580,11844824,110769795,17892661,435783
1635339838.8080902,12004030,105935633,738155132,12019402,105903455,246813,10986298,11828267,110652447,17820171,439897
1635339838.9082136,11906721,105286477,733787894,11929514,105753639,222111,10594305,11730168,110137335,17713443,433276
1635339839.0083363,11941514,105661708,736179992,11998171,106045770,247098,10843767,11815709,110793738,17769508,438664
1635339839.1084595,11845243,105131516,730788082,11886080,105188793,250389,10785175,11747950,110428168,17667234,435307
1635339839.2085826,11904935,105554268,734935096,11969086,105884338,249456,10913408,11780161,110933918,17777611,431840
1635339839.3087063,11943156,105797698,735919815,11972041,105720382,230101,10892776,11791339,110601675,17771389,437694
1635339839.4088287,11871261,106667727,733698266,11945475,105583925,242727,10739254,11810427,110832741,17772953,435366
1635339839.5089512,11852942,103527454,730278054,11812065,104642947,252680,10716390,11678492,110051136,17648212,433758
1635339839.6090734,11522416,102846726,711687064,11544888,102369362,221061,10406465,11369255,107337830,17176484,414980
1635339839.7092106,11791470,105282551,731003858,11891853,105367676,240339,10830813,11718640,110146692,17666387,431560
1635339839.8093343,11899643,105555118,734982884,11969041,105979039,239327,10862263,11780482,110368558,17779144,429893
1635339839.909458,11930094,105657693,735593483,11963843,105953823,233535,10701054,11801564,110705470,17797884,439969
1635339840.0095804,11946753,105660508,734852967,11997987,106172442,243997,10953025,11775224,110538279,17785820,436330
1635339840.1097026,11934789,105989891,737220958,11994924,105945772,242666,10991066,11802546,110596030,17813261,438561
1635339840.209825,11910806,105469744,734722711,11961301,106030407,248447,10674911,11804979,110496982,17740019,437008
1635339840.3099475,11852718,105052442,730708529,11876501,105088279,244589,10760198,11743323,110084053,17697925,425226
1635339840.4100816,11911159,105670267,734857728,11957997,105801442,243887,10785397,11790530,110974437,17788919,435451
1635339840.5102043,11754458,105314756,730384987,11899370,105202479,240707,10722641,11677881,109662924,17592432,436063
1635339840.610327,11582404,102820071,716392312,11699595,103487584,239247,10672839,11582177,108404089,17296682,426253
1635339840.7104626,11937719,105166075,733042633,11938470,105357923,230053,10804740,11800878,111041029,17758148,434459
1635339840.810587,11803761,105037143,730915681,11869129,105114113,245875,10858768,11724150,110129845,17682567,427451
1635339840.9107108,11847883,105520456,732244562,11878377,105679150,248954,10690264,11740692,110358134,17670439,433728
1635339841.0108345,11904499,105263420,731187566,11885819,104957437,230339,10801514,11800023,110347478,17667491,427579
1635339841.1109574,11880558,105763327,735479360,11886989,105398043,251542,10937751,11800874,110849152,17735234,440911
1635339841.2110825,11827358,104828024,728334193,11864413,105143337,233575,10905203,11709300,110432677,17608145,428838
1635339841.3112066,11849526,105561705,731697585,11846146,105425584,232350,10742439,11697726,110333646,17708884,435366
1635339841.4113302,11717797,104386433,724545729,11769523,104316969,239720,10636868,11669807,109702070,17566184,430473
1635339841.5114539,12102655,105307595,755836443,11794660,107412275,262135,10340342,12701496,106243312,15215591,474040
1635339841.6116018,11258296,99546773,699691548,11317418,100351298,230764,10317660,11276224,105393250,16972944,405979
1635339841.7117765,11730571,104179468,725806373,11791190,104560210,257870,10726873,11564956,108432997,17360060,429013
1635339841.8119192,11901885,105556908,735348714,11976551,105433991,230732,10834916,11787801,110678105,17704954,438568
1635339841.9120524,11843951,104792641,732465921,11922832,105551141,242389,10764074,11754722,110185782,17669970,432475
1635339842.0121806,11938082,105298940,732844420,11886131,105443898,240580,10883644,11763526,110791859,17779485,440995
1635339842.1123044,11832778,104842854,733676007,11916587,105479700,242241,10822618,11742467,109840253,17655310,432116
1635339842.2124383,12015249,105806613,743712271,11963508,105123057,248763,10901608,11730776,110496998,17745587,436443
1635339842.3125725,11862163,104636748,739030942,11976605,105977154,247509,10744178,11789667,110862152,17730197,443138
1635339842.4126933,11857708,105058312,737287300,11894081,105275802,251117,10743863,11778555,110831120,17713524,432861
1635339842.5128121,11762911,104447711,728731297,11826285,104564899,253421,10580349,11618507,109168097,17472609,428434
1635339842.6129317,11780322,104652720,724934375,11807599,102283327,220170,10644056,11659000,109567941,17582350,434228
1635339842.7130518,11768108,104836597,728529153,11823020,104744144,247945,10668716,11725009,110225709,17642704,436057
1635339842.8131697,11837287,105453154,732042445,11867789,105708380,247646,10723369,11691989,109740111,17640852,430684
1635339842.9132886,11774733,104476201,727406504,11834717,105583483,224193,10699874,11698018,109693348,17611443,434956
1635339843.013407,11918907,105860773,736194947,11922376,105516152,242918,10811981,11781053,110555625,17729390,441027
1635339843.1135418,11905133,105140097,734533008,11807469,104750102,243272,10762764,11817120,110702869,17716359,436171
1635339843.2136636,11917456,105627436,733457873,11924522,105463297,250306,10823624,11739689,109976553,17671464,434614
1635339843.3137846,11983193,105834514,737339970,11990722,105543037,239131,11036540,11822836,110945125,17859653,437564
1635339843.4139037,11910905,105272098,736439696,11999184,106089075,252224,10785695,11829762,110645768,17804377,436370
1635339843.5140219,11700531,103596998,721589947,11717779,103669259,243564,10529638,11560989,107687024,17218524,423693
1635339843.6141398,11918800,105502508,736431853,11995416,105916113,241036,10820472,11801902,110748263,17712452,437637
1635339843.7142582,11889861,105277578,732927708,11928317,105060565,246546,10727919,11738674,110052615,17701365,434302
1635339843.814377,11904045,105477012,736356574,12005238,105754556,245220,10725838,11770959,110283843,17763301,431675
1635339843.9144957,11893670,105476143,736400415,11959629,105707078,245981,10858643,11765161,110309744,17719869,440210
1635339844.014614,11986751,105859674,737335206,11995250,105844432,242880,10823861,11845301,110533716,17803847,437018
1635339844.114732,11931045,105300528,734549700,11937003,105578349,242110,10682931,11794668,110181267,17739539,443657
1635339844.21485,11902087,105175696,732988696,11943965,105497675,255991,10831480,11760912,110455541,17747833,435355
1635339844.3149693,11831710,104575225,729519076,11867414,105167369,243462,10605451,11718250,109956057,17648384,431792
1635339844.415088,11935595,105705174,735812943,11978855,105942124,245773,10741656,11786128,110280199,17676191,434596
1635339844.515206,11732433,103668484,722540414,11746586,102913343,229125,10498427,11579868,108400199,17500189,428074
1635339844.6153247,11968812,105899856,739457720,12041218,105932229,243750,10948130,11860736,110805708,17826414,440921
1635339844.715443,11974888,104700757,740168416,11974695,106257274,252123,10934555,11848576,110837677,17813164,435926
1635339844.8155608,11997171,105720254,738828897,12013195,106243337,246936,10797410,11835556,110854557,17816879,439183
1635339844.915679,11906658,105293015,733988458,11901493,105564491,245595,10749386,11780830,110140423,17783707,431904
1635339845.0157979,11905550,105362308,733491027,11914604,105220837,231344,10689008,11784233,110311079,17713803,436311
1635339845.1159155,11884986,105520097,735314133,11881394,105679636,251693,10785923,11763060,110166748,17737206,439566
1635339845.2160444,11913129,105570285,734840616,11928142,105266476,248950,10736706,11804095,110158940,17751923,432164
1635339845.3161752,11915093,105795393,738163576,12022024,106029893,244497,10819485,11792036,110885547,17794953,437053
1635339845.4162958,12040597,106073115,740787316,12040283,106230811,254012,10954740,11889487,111111315,17890359,436638
1635339845.5164146,11704618,103489630,721624973,11736556,103584486,233721,10671820,11553857,108459380,17439704,430415
1635339845.6165335,11907580,105494149,735650725,11995699,106037554,242437,10795538,11774734,110296416,17738064,439174
1635339845.7166514,12006377,105843489,738108394,11977385,105549416,243049,10930377,11827683,110790304,17898980,438096
1635339845.81677,11922827,105479828,734003295,11981104,105540107,242074,10760177,11773379,110750579,17809074,437992
1635339845.916888,11924089,105473114,734332674,11957245,105591261,234179,10712074,11804006,110517027,17738495,432937
1635339846.0170064,11838922,105197184,730253294,11871707,105145323,245083,10654270,12547924,108521829,16432808,434771
1635339846.1171246,11867456,105407425,733776018,11906919,105508824,248914,10674053,11745456,110250956,17751057,437226
1635339846.217243,11919905,105549956,733901966,11965120,105448630,244375,10784179,11716264,109489227,17663940,431525
1635339846.317361,11889477,105897856,738241694,12024507,106134968,241271,10830351,11807252,110764651,16606171,435193
1635339846.4174786,11790704,104804574,729709898,11891602,105161126,226331,10675960,11729573,109762850,17428037,437569
1635339846.517597,11656349,103132163,720035010,11681481,103154283,249845,10638727,11546355,108578460,17442962,432056
1635339846.6177144,12004108,105624808,738018860,12048735,106420835,248289,10866487,11865483,111206405,17853051,437839
1635339846.717832,11830443,104963328,729792464,11888786,105408509,244346,10566404,11657029,109275489,17493199,422664
1635339846.8179505,11919365,105649964,735738211,11931064,105500854,235819,10726968,11781187,110508927,17787024,431144
1635339846.9180684,11897377,105020146,733533182,11951110,105532134,247592,10831699,11749503,110362241,17729980,435899
1635339847.0181863,11837096,105130067,730707486,11943892,105368670,242629,10820597,11755094,109920807,17645939,429547
1635339847.118304,11857639,105376580,730455970,11833334,105113411,235838,10690469,11708300,109679585,17687663,440106
1635339847.2184222,11889899,105140569,733343522,11885327,105202596,245398,10808140,11754525,110573616,17705788,434554
1635339847.31854,11923659,105549383,736865772,11991898,105639112,249806,10904143,11822417,110726691,17841909,434845
1635339847.418658,11949676,105119792,734954942,12041623,105867716,239837,10863610,11792060,110324028,17745137,432489
1635339847.5187755,11757725,103687162,719188915,11645842,102997876,246264,10505303,11476512,106769067,17173181,423143
1635339847.6188936,11922906,105251930,734955147,11990940,105496010,241377,10866080,11821431,110843915,17836691,446060
1635339847.7190108,11939377,105620670,738102831,11997305,106035113,239396,10981604,11791613,110567228,17781533,435791
1635339847.8191285,11959909,105641803,738718627,12041705,106215847,242680,10940424,11864920,111066729,17847337,434014
1635339847.9192464,11915389,105610951,734716265,11912388,105333831,234770,10715368,11723274,109907587,17693215,441124
1635339848.019364,11916092,107773408,750073823,12218692,107137625,236134,10245024,12446527,108728962,13838370,437488
1635339848.1194835,11927751,105415303,734296980,11934084,105542908,246617,10838068,11763669,110075371,17746569,439315
1635339848.2196014,12029083,106440055,740609528,12053358,106041500,244750,10865422,11845041,111394917,17799148,435652
1635339848.3197186,12008159,106019686,739989676,12021533,106063922,232778,10860335,11858037,110844567,17871643,440166
1635339848.4198365,11992840,105740724,739373882,12057121,106347066,243222,10858981,11889606,111243928,17881411,438193
1635339848.519954,11747295,104138705,726240481,11812397,104079269,245652,10679871,12590588,107237568,15253088,429078
1635339848.6200726,11987538,105853724,738182053,12049202,106135039,233364,10886203,11873215,110837824,17820313,435054
1635339848.720192,11953018,105858699,738139480,11965768,106173481,249248,10910936,11801681,110219317,17744917,428843
1635339848.82031,11836975,104920506,732549747,11944870,105475448,243356,10835461,11788074,110492711,17696384,433026
1635339848.9204285,11991851,105860864,738430940,11969750,106105377,242399,10823047,11825808,110691642,17784018,442855
1635339849.0205479,11927256,105945333,737931597,11986490,106101123,246057,10842819,11792333,110335243,17809364,453914
1635339849.2212608,11940964,111410511,17842599,434212,11943390,105727755,737675742,11940913,105629006,244992,10887846
1635339849.3216944,11849376,111083621,17843607,435975,11942147,105668513,737364150,12009141,105700174,244891,10871487
1635339849.422153,11828117,110642054,17753466,431974,12011460,105939394,738541587,12032340,106176648,236776,10818871
1635339849.5226104,11852595,111074956,17876206,440975,11771402,103791243,725233301,11758399,103662899,251738,10772315
1635339849.6731024,11730249,109747852,17501909,431865,11929507,105397975,736837605,11973627,105660717,258882,10834798
1635339849.7732205,11822029,110737057,17758890,432762,11980421,105913621,737920416,12002902,105857341,241938,10898737
1635339849.873339,11847224,110926564,17824880,437533,12025526,106074893,738547999,12025565,105667806,239897,10828228
1635339849.9734573,11804162,110533163,17777551,443625,11998181,106060460,740931187,12007594,105589000,236792,10795923
1635339850.0735753,11881649,111332381,17873695,438199,11939767,105929652,739369729,11983706,105938745,264324,10960844
1635339850.1736934,11837506,110812141,17775899,437986,11901869,105437788,735090132,11966117,105608962,248905,10841779
1635339850.2738118,11795505,110635391,17693283,431892,11933344,105744798,737596095,11977845,105811196,228657,10816035
1635339850.3739297,11825908,110677551,17805024,434998,11897713,105247962,735403000,11946775,105538825,250848,10903707
1635339850.4740474,11858496,110942102,17725475,436028,11984050,106433982,740961165,12067233,106617557,256338,10889605
1635339850.5741658,11831677,110718598,17763367,432897,11698249,103288798,720949614,11699386,103560624,229641,10072305
1635339850.6742854,13281510,104764035,17272149,430343,11916750,105172852,735450710,11908295,105482847,252522,10770429
1635339850.7744036,11784147,110754947,17717393,439138,11915964,105510561,735301214,11962341,105843788,246386,10808675
1635339850.874521,11809041,111030493,17705607,431071,11934914,105607656,736470491,11976391,105809258,247833,10655707
1635339850.9746397,11839801,110765016,17713640,438621,11904630,105220381,733273974,11901414,105329826,240048,10694874
1635339851.0747578,11765121,110638447,17727545,433628,11849727,105194977,734774453,11975823,105701037,243815,10791433
1635339851.1748755,11788929,110704517,17634426,431779,11913141,105495021,733856039,11945759,105900167,243175,10701136
1635339851.274993,11692468,110751793,17640779,433602,11935967,105659739,737091855,11959776,105672866,231112,10858160
1635339851.375124,11857309,111187492,17814148,438903,11850538,105045604,732670642,11896706,105158836,240673,10905849
1635339851.4752486,11719028,108740047,17487900,433943,11972220,106011745,740281154,11897794,104512062,259737,10779034
1635339851.5753717,11759688,110632579,17882852,441505,11559518,102368727,714169525,11557893,102454755,249738,10461242
1635339851.6754968,11271658,106522998,17084662,419492,11903052,105430489,734862722,11942340,105790680,240951,10848162
1635339851.775617,11752608,110745161,17813161,433461,11867484,105440549,737241031,11982423,106062044,239778,10859542
1635339851.8757348,11802933,110857049,17810352,433454,11974168,106021113,738495348,12022606,106022811,227439,10900266
1635339851.9758527,11875137,111268601,17874469,439356,11927524,105386833,735876829,11993581,106162536,243068,10861089
1635339852.0759716,11841802,110712419,17745541,432354,11949236,105805735,737777736,11995714,106322697,242781,10936315
1635339852.1760898,11842527,111033901,17801916,436631,11926312,105627202,734099028,11978930,105764148,233449,10672730
1635339852.2762082,11780556,110360945,17725459,432806,11905476,105762029,734963773,11904276,105555826,237849,10891457
1635339852.3763263,11762547,110268604,17752263,438058,11860423,105366670,732625598,11935311,105607825,243774,10796958
1635339852.4764464,11777305,110363205,17732795,435736,11945450,105903624,737494494,12008280,106057017,247089,10850002
1635339852.5765643,11829863,110299743,17735987,434709,11598922,102796614,719139487,11670700,103411578,231655,10727373
1635339852.6766827,11560048,108388350,17451355,425102,11833968,105054728,729842825,11890751,105438804,233415,10721470
1635339852.7768013,11728903,110612365,17660447,431915,11764692,104881055,729972160,11888287,105598543,243717,10736101
1635339852.8769195,11715793,109937724,17645411,434023,11889005,105525331,732726873,11964458,105749772,244102,10877523
1635339852.9770377,11786905,110485162,17755875,429394,11844507,105265758,730640639,11776767,104780005,231683,10729062
1635339853.077158,11706101,110165007,17631292,433722,11946507,105843462,736354830,11976095,105535687,229071,10823340
1635339853.1772768,11822791,110978543,16895599,438810,11931837,105188992,734431049,11954818,105833339,241816,10851409
1635339853.2773955,11805068,110600587,17785135,434568,11921543,105741125,735826240,11991114,105911780,237130,10936899
1635339853.377515,11820686,110396590,17755149,438764,11844901,104973604,730912335,11903991,105433544,234339,10722736
1635339853.4776466,11748266,110326442,17593732,434224,11848695,105398904,730844457,11798278,104778714,251114,10685239
1635339853.5777833,11721093,110294111,17689839,429768,11699605,103429536,720684439,11783671,103563660,220321,10646464
1635339853.6779182,11537345,107857752,17314640,422342,11913391,105449886,735279780,11990866,105770518,240053,10899008
1635339853.778044,11798950,110633300,17742381,437687,11917112,105977886,737469047,11981301,106166970,246593,10894329
1635339853.8781638,11814805,110830364,17730514,430621,11991023,105689721,738552326,12034186,106335742,240738,11006031
1635339853.9782822,11859660,111773491,17850857,439640,11936201,105485926,735133630,11954394,105863934,257918,10961019
1635339854.078401,11817528,110807209,17765521,431778,11987741,105551550,738563181,12052242,106111166,244603,10884460
1635339854.178519,11844911,111095596,17843233,438516,12045695,106297406,740384172,12066118,105899392,241581,10843980
1635339854.2786374,11886601,111132886,17811547,445397,11938251,105746745,735579928,11979748,106220056,263458,10808247
1635339854.3787558,11785159,110577215,17716075,433523,11846513,105462774,731444919,11924479,105497912,234473,10816865
1635339854.478873,11748262,110820428,17672285,432553,11831052,105199872,733183751,11940985,105607191,247793,10812829
1635339854.578991,11751975,110326998,17669176,430705,11422722,100860327,703764101,11421087,101159738,241355,10306364
1635339854.6791098,11252503,105040900,16955274,416504,11859901,104874553,731731976,11886440,105075257,240358,10722637
1635339854.779229,11707989,109832467,17654064,433651,11976827,105659525,739230049,12043683,106115504,252833,10952062
1635339854.8793514,11866274,110768039,17871208,433070,11952509,105931714,737746940,11990913,105732266,240439,10876679
1635339854.9794748,11852564,110736459,17842012,442115,11906622,105523700,736503973,11965728,106045633,241755,10889831
1635339855.0795975,11849098,110721313,17742294,434880,11867522,105501278,734455219,11908120,105362630,226937,10739502
1635339855.1797206,11776622,110163362,17721107,434957,11830819,105043377,733035189,11928974,105364179,246062,10812732
1635339855.2798438,11817273,110196060,17743317,435789,11906675,105177526,735271319,11958338,105776687,241251,10903962
1635339855.3799696,11812096,110744901,17747850,432474,11974924,105788115,738566201,12026762,105993503,240334,10896898
1635339855.480081,11856088,111252758,17817473,436425,11989287,105638744,737127023,11983608,105798234,234211,10878157
1635339855.5802033,11857479,110831508,17797937,433423,11643797,103217423,718853599,11761385,103540561,235623,10592275
1635339855.6803312,11510053,108006192,17335910,425838,11821175,105195854,732843446,11885481,105343241,242979,10800373
1635339855.7804575,11755949,109874269,17622648,430371,11895770,105624105,736090175,11931757,105574536,239014,10799037
1635339855.8805802,11782070,110269862,17723354,439693,11882732,105174386,735213158,11942549,105948563,250342,10825261
1635339855.9807038,11840018,110269479,17796984,433251,11882405,104703315,733175526,11946264,105437429,230632,10887392
1635339856.080828,11789392,110423320,17755285,433309,11866629,105014807,735949891,11936431,105524482,238819,10785756
1635339856.1809518,11818836,110512412,17788720,441193,11710900,104773776,744350875,12076620,106618699,262705,10933571
1635339856.2810755,11928663,111545762,15628876,435198,11901520,105473793,735093293,11938667,105491641,236572,10859222
1635339856.3811994,11780097,110093743,17655138,436530,11912359,104957046,734434582,11915726,105932566,254570,10916091
1635339856.4813228,11817588,110471373,17773973,435561,11967636,105798528,737427332,12002917,105607802,251798,10875435
1635339856.581446,11804289,110388775,17768400,431661,11603922,102625137,718945250,11720490,103470487,238637,10545165
1635339856.681578,11513030,108364346,17354467,425504,11849863,105230954,732499437,11907898,105471403,228311,10810529
1635339856.7817051,11727497,109840341,17674578,431774,11938426,105573769,738222725,12012151,105823704,258120,10854205
1635339856.8818293,11814733,110674994,17808342,439932,11794472,104770363,732004980,11926100,105515744,245318,10741301
1635339856.9819536,11713744,109875358,17664860,423137,11873833,105261412,734358497,11907602,105611728,242830,10709861
1635339857.0820773,11782147,110415513,17721960,436000,11876423,105058536,733810660,11868801,105039432,228993,10814081
1635339857.182201,11809245,110239281,17741482,434795,11938694,105451162,738276200,11979245,105443548,256193,10862948
1635339857.2823243,11833663,110764348,17829690,437635,11966062,105707878,738504826,12023997,106114011,246687,10897309
1635339857.3824477,11834928,110404012,17841729,436429,11898688,105061350,732873188,11951139,105319435,212968,10883139
1635339857.4825714,11791336,110160857,17706432,434180,11823969,104564975,731133295,11957343,105714781,247662,10780141
1635339857.5826957,11767748,110492062,17701841,431085,11585828,102969179,719864855,11686705,103143219,255418,10464452
1635339857.6828256,11558728,108237097,17379834,414642,11937429,105617307,737930917,12018056,105922169,215105,11057694
1635339857.7829535,11840446,110828451,17793055,436353,11926811,105507746,734752875,11917393,105413285,244113,10922597
1635339857.8830771,11783456,110214877,17735416,435676,11853875,105388479,734243230,11914822,105591291,252223,10823810
1635339857.9832013,11768385,110553509,17726883,422225,11897736,105306628,733533204,11954511,105362897,239767,10781726
1635339858.0833251,11684670,110290392,17734282,433086,11874410,105031424,731691533,11887844,105400616,253819,10828440
1635339858.183448,11758300,110315105,17714727,433008,11900930,105507133,735719612,11945317,105502295,241024,10872476
1635339858.2835715,11796906,110361891,17723062,436574,11946901,105420870,736297721,11994022,105758427,253503,10899353
1635339858.3836951,11809074,110468821,17741426,432838,11841026,105297535,733688387,11913440,105070471,249044,10646053
1635339858.4838204,11763380,110421294,17702439,435692,11104225,100143958,694515825,11251753,101558358,217788,10059492
1635339858.583945,11071668,103171461,16435191,423807,6794690,60545466,422579680,6859664,59722053,139696,5814919
