1635342088.8247595,7730934,66871729,890388198,7445031,76049593,157358,7572933,8025975,77032089,12424514,257968
1635342088.924892,8146030,75605382,905680444,8180899,77149073,167677,14498697,8088988,73675585,11335997,276449
1635342089.0250175,7589958,71641033,898725304,7762342,74154626,160231,7016193,8125231,76904190,12064056,253600
1635342089.1251419,8388575,80678721,899664990,8073564,76874476,163017,6903858,8981302,84229667,12937207,277461
1635342089.2252645,8518676,79937897,900508115,8437085,79941583,162944,7026636,8561396,82239206,13021688,299512
1635342089.3253877,8458946,79429645,900150889,8407413,79989714,161042,7118178,8758352,82338162,12938479,294960
1635342089.4255102,8471122,79507835,900037667,8338617,78864781,160717,6993443,9707235,82242896,11898611,293715
1635342089.525633,8184227,77602605,901706862,8302063,77285762,160752,7391211,8684099,82407054,13120764,297493
1635342089.6257548,7670505,73489617,907300056,8256461,77662629,163382,7266186,9271553,80076912,12145057,309406
1635342089.725877,8289480,73352897,903578989,7776817,77409513,162594,6931612,9467014,80278271,12794791,314203
1635342089.825999,8281152,74953049,911025606,7754707,75009329,158957,6958902,8608785,81556705,13019532,322952
1635342089.926132,8108688,76369399,918139119,7804292,72165889,157427,6698719,9666507,79805142,12675067,319514
1635342090.0262556,8993014,87706343,917328024,8193000,74157914,166903,7069020,8640441,80901392,12808581,320134
1635342090.126379,8236883,77517809,916187626,7962340,72745097,161038,6893587,8472386,80184752,12602434,325976
1635342090.2265031,8477170,77471385,919790560,8151181,75435112,150257,6735477,8618716,80673461,12990177,331671
1635342090.3266253,8232661,76395762,915844015,8171078,76229901,153654,6733526,9297781,79412902,11579241,335381
1635342090.4267476,8132746,75472793,913851885,8082003,75647705,153455,6706548,8635562,80916165,12828326,325990
1635342090.5268748,8133136,75766068,916754671,8096067,75558297,156561,6417304,8005115,78252436,12536618,324875
1635342090.626998,8179395,75141488,914822434,8171567,76373826,161465,6644080,8021976,77831482,12714816,323351
1635342090.7271204,8260328,76138818,919333565,8245072,77650239,158172,6688588,7829439,76478986,12560149,327422
1635342090.8272433,8276964,75053542,919351554,8171837,77012804,158067,6975055,7702715,75951316,12150866,335005
1635342090.92737,8270340,76680414,927652058,8194434,76789560,157872,7648795,8360606,76383413,11913160,340769
1635342091.027494,8092537,75849976,917778929,8223764,76511856,163337,7035315,8460756,78086978,12008321,332260
1635342091.1276186,7765881,76277010,912973395,8179714,75661528,160790,6910048,8617223,80665306,12095904,328318
1635342091.227743,7780176,73368702,909549522,8095969,75914643,161621,7007271,9243999,79331155,11090578,330074
1635342091.327867,7908714,73083797,905851861,8244600,76496482,161297,7282530,8682077,81570745,12708840,338187
1635342091.4279914,7908127,72158712,907063323,8234730,77044985,161492,7079571,9135148,78413216,12815463,345555
1635342091.5281134,7463023,64696609,906208678,7566216,66981356,154971,6474394,10324775,73186087,10784791,326272
1635342091.628237,8008727,69877334,906333713,7201475,68200925,150081,6149578,9790611,79326619,11763895,333371
1635342091.7283604,7063131,63068528,904216981,7241535,70178597,161533,6698494,8230656,74833128,11579081,293653
1635342091.8284833,7313995,66283988,905331183,7180307,68769894,160021,7014179,7898226,73254655,11058016,299485
1635342091.9286118,7973669,67598424,912917723,7127932,70260471,159570,6703246,7539315,70778667,11331638,319671
1635342092.0287342,7521148,64231488,903363888,7192763,70710197,159433,6498370,7521807,71689514,11061119,324005
1635342092.1288571,8222391,72136735,903621736,7468571,69963241,156955,6192350,8600087,80436149,12801901,334658
1635342092.228979,8346834,72482203,899228598,7983847,79001986,172674,7645623,8804197,83319448,13125994,345263
1635342092.3291025,8531044,75422012,904063913,7953519,73929139,157686,7226256,8714514,81324779,12075203,342262
1635342092.4292266,8372922,77130553,905781562,8033527,73499714,161639,7182136,8647584,80945502,12800705,349812
1635342092.5293512,8389344,76712482,905049000,7944027,73798186,159916,7118843,8622315,80295132,12450454,342911
1635342092.6294742,8237352,76021246,908930410,7728393,72335903,157925,6872258,8504028,81128975,12810641,339480
1635342092.7295992,7828692,73213086,913041374,7737890,71021923,164286,6888649,9053013,79995134,12271772,332344
1635342092.829722,7908607,72959131,914404327,7678951,70392808,160033,7255686,9550327,77524248,11326875,336260
1635342092.929851,7919085,72307500,914637400,7664717,71037114,152161,6819292,8369265,78141597,11959480,332588
1635342093.029976,7931341,72757143,917227138,7718845,68548742,157075,6683115,8207711,76524728,12283676,334372
1635342093.1300743,7918969,73219388,911244992,7631427,70045391,164467,6878002,8103547,77430121,11274823,333544
1635342093.2301965,8017119,74543524,915167023,7947223,72053989,157823,6154750,7838896,76109036,12282125,338501
1635342093.3303185,8189681,74491819,915037073,8247438,77358071,157097,6732973,8212090,78540481,12646533,342013
1635342093.4304404,8239720,76745451,914761856,8275014,76158656,159487,7339403,8368039,77501201,12163540,347495
1635342093.5305629,8159154,76572323,913515395,8176936,74726107,160415,6781129,9805012,76158828,10556772,335817
1635342093.6306846,8309883,77030944,913104321,8186824,75007671,157446,6857851,8674581,76417866,10266271,346759
1635342093.7308078,8211499,75700387,912444101,8119478,75752447,157859,7160659,8522870,76145476,11950482,335745
1635342093.8309357,8122360,75753540,909837468,8184777,75631080,158092,6952071,8419058,76369019,12134288,348622
1635342093.931065,8050058,76525024,913078772,8186001,76109436,155586,7337510,8647711,79917964,11935123,340623
1635342094.0311897,7889087,76198769,915916231,8233125,76093660,154212,7447134,9375859,78962124,10450982,341813
1635342094.1313148,8001850,75942344,911614903,8203043,76632467,158337,7101984,8387065,79245564,11863779,342549
1635342094.231439,7991334,75328407,911976515,8117676,75643005,160121,6948458,8434026,79690459,11932467,343936
1635342094.331564,8009650,75666849,910905814,8209843,76507551,159144,7020857,8563296,80192329,11896912,346632
1635342094.4316885,7975291,76118128,907562718,8193360,75246209,155916,6940755,8569172,80642676,12132474,345937
1635342094.5318112,7900639,75289840,910353696,8109353,76051059,159488,7017238,9953866,79218243,10748360,349217
1635342094.6319351,8214803,76351799,907602973,8163269,75886066,161214,7246318,8583362,79343672,11313552,358408
1635342094.7320578,8205150,75989550,907467940,8163355,75776699,159288,7206542,8533087,80098008,11275660,359634
1635342094.8321874,8644951,79362738,911613357,8494414,79674200,168654,7131347,9560922,81042400,12507950,356663
1635342094.9323156,8378372,77735025,908562253,8365541,78566740,164771,7086769,8453565,79919278,12324859,361894
1635342095.0324419,8310668,78583488,915893060,8451052,79226848,160254,8719310,8695341,82701300,12738928,355916
1635342095.1325674,8503808,83895171,905456234,9713722,88116814,172133,7717996,9385374,87230486,12171182,351646
1635342095.2327003,9394974,91248829,907243184,9602617,87269641,179233,8191534,10622295,100430868,15162682,387609
1635342095.3328269,9802689,91463412,900599563,9716684,87167676,189766,8461239,10237769,95004612,14575399,399517
1635342095.432953,9452680,88989890,907198681,9551323,92159085,198879,9043199,10333495,100073030,13845674,399005
1635342095.5330787,9970450,93304771,906028365,9745813,90764830,199690,8624250,9538627,91424844,14554613,397599
1635342095.6332033,9692941,87408342,906696864,9097739,83370966,176223,8437187,10593226,95738560,14006771,379370
1635342095.7333379,10190626,90986040,904906338,10041492,93766382,190909,8865246,10433353,95675166,14680401,421999
1635342095.8334754,9304245,89605416,905518847,9860244,89225042,175780,8034713,10563059,96575852,13813840,390833
1635342095.9336066,9652586,88757132,903522195,9935982,89719954,184573,8063495,9261637,90175127,14596718,413489
1635342096.033733,8805167,80703613,903501843,9455598,90439176,190553,14273209,7850636,81317038,14215415,407324
1635342096.1338599,9555266,92490685,901439833,9939314,91769830,197418,8698420,10965046,95048413,14467695,397507
1635342096.2339852,8895098,82651323,903081594,8996801,83517377,175109,7746874,9437566,88795505,13598544,385683
1635342096.3341115,10279035,93389442,902088574,10076685,95740115,193258,8603189,10675670,97968954,14899754,425554
1635342096.434238,9345551,87024478,901670791,9204599,86607052,180207,7853192,9309667,90775442,14421677,391224
1635342096.5343637,9570479,90226019,900621680,9737302,90390135,193265,8800488,9433757,93131490,15067635,395883
1635342096.6344888,9286146,84181819,899833742,9607202,92208172,195503,8375064,9668254,95460470,15474720,409093
1635342096.7346141,9318097,87093185,897199270,9358464,85608376,183532,7582257,10497875,95542876,15891536,410766
1635342096.8347442,8844964,81074941,901931507,9373990,86561053,201463,9016321,10278252,94927653,14668861,393344
1635342096.9348745,12317041,98397483,808852216,9793929,91625014,223603,10495257,12495933,118781840,19022270,487838
1635342097.0350008,11942414,105509592,742361437,11983711,106156352,234905,11296488,11860868,110908758,17784226,445522
1635342097.1351273,11941061,105402060,738035647,11902259,105696060,225969,10874749,11773522,110136626,17720177,435068
1635342097.235257,11941416,105484772,739007311,11906236,105495104,229566,10946978,11868728,111132021,17808532,434912
1635342097.3353827,11488440,101312912,741665380,11674309,105752906,238795,10862160,11836932,109944591,17418258,434750
1635342097.4355085,11398595,102823991,723460317,11497239,103843281,214112,10281582,11620064,108859114,17089935,419566
1635342097.5356336,11579900,104501959,725343264,11505458,103517459,231454,10037774,11593486,109518453,17434721,422035
1635342097.635759,11396482,103246173,724607196,11454686,103245098,222002,10219722,11578566,107958171,17074505,414832
1635342097.7358835,11296643,100563446,708428429,11152290,102794748,226087,10182701,11292611,106206720,16732164,409842
1635342097.836018,11382866,102493822,712416638,11436014,101734186,220951,10016100,11238842,105968903,16854488,415604
1635342097.9366405,11317939,101963524,730303820,11560449,103782785,232061,10365447,11657267,109356376,17590409,413665
1635342098.0368938,11366088,103389807,728780230,11571801,104163343,227188,10379932,11681204,110827059,16966510,403417
1635342098.1373224,11604332,103020549,725309183,11452014,102143922,228203,10176680,11629154,109758644,17440665,422912
1635342098.2377715,11632769,104446412,725376407,11634107,105162798,221139,10466498,11437292,106374815,16829266,413662
1635342098.3882911,11601338,102014655,723420196,10853006,102514997,226690,10227251,11522791,108404368,17301948,420810
1635342098.4884174,11448324,102885967,726473965,11390328,103300760,220535,10421798,11616030,109906703,16977306,418892
1635342098.5885403,11393490,103423579,725011324,11616534,103435880,227548,10278036,11585460,108622394,17060590,415489
1635342098.6886637,11395393,103585839,725710001,11532368,101764643,223985,10218205,11607438,109568904,17432525,407285
1635342098.7887871,10924229,101434295,704610855,11289718,101779561,214738,10134464,11212932,105922388,16341909,391262
1635342098.888909,11231586,102844999,726663309,11466417,103621898,223383,10320394,11576870,108822544,16687350,396321
1635342098.9890275,11387448,104011107,721815122,11549184,104264145,219115,10297206,11547887,109399717,16517351,403443
1635342099.089146,11357416,103158603,726832590,11599226,104663837,220733,10402525,11566729,109755267,16905085,407445
1635342099.189264,11288534,102364537,721781865,11421584,103915332,222344,10321670,11556287,109373126,17360353,418902
1635342099.2893822,11638285,101677801,728122289,11272421,104705877,223938,10476881,11647347,109955130,17471344,423062
1635342099.3895,11347258,100280137,724210840,11357872,103101396,225167,10280850,11441798,108214656,17438398,414486
1635342099.48962,11494560,104190835,720641380,11423555,103320387,224880,10237323,11548749,107821848,17083157,409679
1635342099.5897386,11255576,104604259,726986141,11639399,104742766,225524,10472328,11645703,109868216,16331923,393187
1635342099.6898575,11398962,102944899,724281592,11405035,103094213,223256,10258761,11550394,109804625,16886717,404492
1635342099.7899756,11265197,101019916,711049744,11143763,99384978,225507,9413484,11222062,106373484,16888962,409899
1635342099.8900816,11576895,103565139,726188944,11431313,104143185,223930,10103864,11513031,108896143,17112652,424949
1635342099.9902008,11360326,104197279,723119046,11442244,103695141,225670,10286280,11446371,106916703,16203134,392401
1635342100.09032,11391966,103945253,726889194,11579705,104671013,218058,10140410,11548571,109517801,16794845,408083
1635342100.1904387,11341296,102231931,725626946,11530914,104476192,225200,10390382,11583294,109483162,17422854,406842
1635342100.290559,11568012,105036698,728833503,11335191,99364290,232997,10379579,11707531,110126031,16881404,417695
1635342100.39068,11473391,102993135,723497495,11394942,103916938,223951,10369672,11589626,109424225,17331014,415418
1635342100.4908051,11340274,102616719,722127196,11450827,103911334,225131,10198554,11484848,107665788,16872035,405341
1635342100.5909255,11425992,103210470,713785620,11394868,103112111,231237,10080186,11398853,107976916,17224740,414055
1635342100.7911627,11442434,108714197,17242017,408226,11107729,100316276,698423418,11133774,101916900,223701,9881298
1635342100.891282,11132319,105470491,16836782,403901,11468911,103076885,720503438,11371808,103952508,224322,10239573
1635342100.9914012,11502269,108524473,17311199,410438,11438380,102977432,716292174,11437295,103456291,225468,10175373
1635342101.0915213,11503095,108612795,17286842,412082,11454858,102837240,718005749,11284460,103520741,226031,10192286
1635342101.1916432,11488352,108350184,17292336,418979,11425418,103313003,716017516,11385407,103468311,228112,10302010
1635342101.2917638,11504492,109036439,17319492,411704,11391860,103587270,715357382,11412923,103216781,228025,10148539
1635342101.391884,11474848,108478456,17246631,415573,11445098,103821453,718110453,11462962,103707543,225658,10272070
1635342101.4920027,12196859,106833043,17377488,407781,11406260,101841885,718913148,11269626,102001156,221450,10109971
1635342101.5921245,12209996,107619711,17393330,414094,11550340,103254890,725329714,11432316,103982274,229591,10376287
1635342101.6922443,11489074,108432646,17272692,405035,11639676,104373993,734634788,11639814,104211517,256328,10132604
1635342101.7923648,11545014,109122764,17374948,415829,11398322,101770997,718508850,11399997,101740619,241482,10208395
1635342101.8924844,11286887,106729663,17016739,392151,11635905,103396297,732404444,11600128,104487590,236785,10303257
1635342101.992603,11539488,109010191,17327754,409365,11614324,104576908,736131954,11631754,104137343,245569,10420861
1635342102.092722,11581389,109116378,17222863,389682,11530330,103968137,726262119,11588642,104059200,232766,10355131
1635342102.1928408,11537541,109042046,17366601,415405,11546885,103281579,722613161,11589687,104165884,231802,10277300
1635342102.2929597,11582307,109221764,17452030,418344,11481105,103775147,719730872,11511810,103923145,230578,10219922
1635342102.3930783,11454394,108151309,17238553,418049,11522212,104508690,725924849,11559941,103659085,222809,10397369
1635342102.4931965,11561005,109602958,17391896,412457,11558203,103559842,723716902,11655972,104003324,234603,10351401
1635342102.5933156,11631092,109615354,17477998,418519,11747267,104886071,731093849,11725116,104597357,230437,10520194
1635342102.6934345,11721434,110006774,17577794,426110,11735526,104795741,733020502,11767732,105195467,236550,10646734
1635342102.7935517,11618008,109567944,17539573,426287,11542610,102616774,718395333,11531354,102310721,237393,10502303
1635342102.8936708,11502313,108292098,17293601,414481,11749738,104795123,731147300,11718346,104792652,232186,10631663
1635342102.9937916,11667720,109531487,17546694,426156,11560723,104196547,725027602,11562115,104169047,223016,10430450
1635342103.0939102,11571175,109060646,17355993,413632,11606816,104348297,725612545,11571097,103354467,235192,10306080
1635342103.1940293,11621035,109691124,17454751,420130,11542193,103591174,724675252,11598956,103611857,233004,10399885
1635342103.2941499,11605881,109229181,17350034,419279,11497833,104016331,722561942,11562926,103958535,232617,10308265
1635342103.394287,11491366,108241562,17271782,416034,11514967,103359939,719303870,11522175,103033692,223369,10305681
1635342103.494407,11568986,109261141,17377360,415412,11532473,103610047,721942430,11613409,104277931,227868,10313283
1635342103.5945342,11598797,109129743,17356878,416190,11628974,104769793,728203733,11254913,98522039,230201,9288546
1635342103.6946647,12154061,101365042,16131191,416013,11317602,102737424,729517079,11477147,104026892,234562,10437092
1635342103.7947924,11603264,107058172,15177001,418365,11434979,102712110,717154394,11238329,99978089,225017,10226008
1635342103.8949149,11325836,106747291,17204679,410155,11574459,103174663,723710970,11593097,104552888,232955,10415126
1635342103.9950378,11654956,109451884,17410857,420248,11444370,103456471,718065811,11487229,102930768,237236,10183754
1635342104.0951583,11435704,106716719,17000902,409479,11541760,103763538,722339546,11541495,103441401,234818,10123144
1635342104.1952791,11575664,108292848,17248088,414363,11548249,103838954,728087041,11647310,104274088,236123,10427971
1635342104.2954,11633707,109136700,17374430,418300,11528950,103877869,724283202,11589511,103694716,229708,10214054
1635342104.3955193,11593712,108893506,17266789,416557,11571876,103847329,724209300,11537797,103305972,240515,10263478
1635342104.4956377,11609752,109341206,17397362,414833,11619481,104440257,731058133,11659014,104112388,237078,10446311
1635342104.5957563,11673374,109629681,17341852,418007,11635957,104561806,728117711,11651094,104272849,233422,10426660
1635342104.695875,11627182,108395305,17389335,415519,11707585,104041079,727961925,11685977,103675385,233467,10578620
1635342104.7959955,11738717,109421652,17434628,419996,11394908,101381241,715606864,11449241,102310556,237919,10181499
1635342104.8961287,11494150,106148256,16791291,408546,11697460,104641522,733504993,11735408,104302344,238830,10489772
1635342104.996256,11855822,108202718,17162901,416648,11941430,106651985,753530877,12010075,105849730,275014,9976849
1635342105.0963807,11939461,108097775,16814754,406855,11913462,105380265,753554502,11856967,104443370,280171,10315867
1635342105.1965046,12011384,108914645,17259469,395583,12344310,105415413,779598747,11570862,97673493,251817,10341791
1635342105.2966287,12870539,103182722,14946153,413350,11489945,98755737,782962902,10972566,100063901,283296,10890334
1635342105.3967543,12234050,110613375,16289877,407134,11431417,104026188,733957301,11570430,102120883,270648,10101551
1635342105.4968865,12883749,101530005,13562070,387708,10232241,94765424,701750009,11068324,98523496,243938,9991715
1635342105.5970285,11063070,101475837,12133190,365950,11518886,102775693,717363166,11523377,102817864,233003,10323089
1635342105.6971738,11475365,107442817,17218226,411621,11534438,104474421,724538445,11479004,103963030,226778,10235921
1635342105.7973144,11504313,108555514,17295790,413584,11281131,99761085,701440224,11253632,100776604,222972,9966346
1635342105.8974667,11203803,105674742,16803918,403509,11597096,104394153,724751786,11597301,104012753,235565,10256819
1635342105.9976022,11598241,109058049,17373390,415323,11581908,104219501,724497887,11580383,104166838,232870,10368543
1635342106.0977385,11609809,109041909,17405505,418542,11620939,103422463,721865626,11597937,103738631,234908,10341151
1635342106.1978748,11600378,109542752,17439719,412886,11612360,104178122,724724163,11615350,104055541,242420,10404844
1635342106.298011,11541131,108679924,17376019,418421,11651665,104463472,726703687,11651406,104311906,228957,10363455
1635342106.3981488,11596066,109098998,17359293,418642,11808842,103193727,741861360,11466515,105077109,238997,10579768
1635342106.4982853,11858759,107745580,17014405,426253,11556493,102834076,723622793,11563377,102767048,226311,10356841
1635342106.5984218,11512615,106878546,16624386,415512,11750267,104742481,735597376,11825685,105446221,245211,10623930
1635342106.698557,11687654,109579227,17621640,423111,11412322,101988560,725486756,11600096,103230323,231593,10184652
1635342106.798693,11693780,107921711,17284658,406501,11369143,100952448,709165789,11411565,100577617,227052,9709085
1635342106.898846,11366728,106217819,17093253,413434,11704055,104797739,731240312,11567282,100306065,219771,9119200
1635342106.998983,11726259,109642449,17589533,422485,11774312,104823407,734288347,11821905,105396064,237430,10456237
1635342107.0991263,11774261,110109762,17595814,427369,11712075,104678701,730769367,11716652,104729815,234305,10560672
1635342107.1992626,11696733,109711110,17531863,418753,11851513,104998298,736348072,11846337,105332122,234958,10691271
1635342107.2993982,11752742,110361696,17675001,426949,11814458,104739036,733636365,11794166,104762533,232277,10763696
1635342107.3995328,11726437,110034896,17591251,423249,11800105,104986785,735028563,11839367,104885203,238535,10770212
1635342107.4996676,11726116,109928968,17571857,421972,11789993,104878436,732923016,11786860,105035456,232536,10626562
1635342107.5998013,11710341,109265168,17513371,422212,11797584,104871969,732363688,11777516,104506638,233564,10670859
1635342107.6999352,11767507,110299407,17610096,420809,11611458,103177668,723164202,11593117,103027098,237337,10567844
1635342107.800084,11542565,108225447,17404079,416894,11688703,103707232,724632908,11656806,103886590,233873,10413605
1635342107.9002333,11574574,108590821,17414599,418164,11539420,102932560,719704207,11529799,103131573,226310,10421038
1635342108.0003922,11472865,107501688,17299786,413800,11756462,104711405,732912182,11823814,104612622,235037,10707066
1635342108.1005337,12556991,108256010,16215653,424791,11636806,104025750,725472134,11652693,104219347,233603,10278043
1635342108.2006726,11604897,109627490,17461699,418469,11706525,104718980,728030266,11696707,104503340,232259,10532274
1635342108.3008091,11637358,109103944,17443800,421522,11715980,104577286,728818203,11699599,104760515,231719,10532618
1635342108.400946,11632445,109581900,17526075,419677,11669453,104191453,726197032,11669604,104299048,229638,10492309
1635342108.5010805,11697179,109913733,17521664,419804,11653749,104467219,727888510,11680578,104609381,233423,10521581
1635342108.6012158,11637604,109335540,17413127,423441,11680156,104653119,728693576,11704055,104627466,231424,10536063
1635342108.7013512,11583490,109104145,17501689,417060,11379273,102000432,710257515,11371734,101487002,228591,10215310
1635342108.8014863,11328447,106387646,17018132,407161,11622124,103981367,725514537,11635030,104172037,225701,10437304
1635342108.9016392,11619697,109366766,17420365,414749,11621112,103894992,724601351,11582766,104111711,231404,10373280
1635342109.001776,11624237,109575242,17417775,417329,11571845,103924486,723554533,11548420,104405545,231424,10338342
1635342109.1019115,11521014,108526997,17342208,415002,11571039,104356137,725108414,11637920,103865953,229273,10373549
1635342109.2020469,11600463,109255503,17407712,416549,11557629,103656115,723610885,11591203,103977618,229823,10292975
1635342109.3021824,11640417,109336628,17421352,416540,11568080,103956324,724503395,11605815,104197529,234157,10384188
1635342109.4023182,11563970,108439897,17374469,416604,11572865,103961396,724066699,11604411,103996154,225423,10440643
1635342109.5024529,11537951,108847527,17412340,416867,11616775,103906650,723507827,11633886,103876516,224652,10396503
1635342109.602588,11569097,109379679,17455380,416690,11581456,103978076,723746342,11573828,104006817,230756,10403061
1635342109.702722,11634452,109294004,17347376,419970,11326746,101479327,708493259,11352496,102067001,227677,10083966
1635342109.8028574,11300084,106350736,16977245,406705,11612580,104547042,726543135,11618493,103895622,233486,10364445
1635342109.9030132,11612161,109362940,17460889,418255,11643466,104028468,725367296,11620987,104175214,230309,10311759
1635342110.003149,11607995,109086366,17377360,422230,11645718,104344471,725939752,11625299,103893938,222059,10522153
1635342110.1032956,11604284,109375245,17456937,417791,11638090,103599706,725355109,11685050,104167399,234089,10547063
1635342110.2034378,11620131,109470114,17521076,418067,11765685,104649365,731012028,11749193,104819493,236040,10500173
1635342110.303576,11657438,109032521,17484042,423183,11756308,105499238,735952194,11863080,104877434,227587,10802183
1635342110.4037118,11719706,109792894,17643557,422882,11723259,104386390,728212304,11698335,104307238,230300,10631196
1635342110.5038426,11645465,109440164,17394363,417395,11669334,104087955,726224865,11657336,104204233,227589,10438097
1635342110.6039624,11560923,109036867,17374368,416900,11624759,103758727,725995182,11644854,104333245,233822,10412126
1635342110.7040808,11647968,109203808,17312461,419677,11449791,102129207,712169034,11427309,101492030,229839,10382005
1635342110.8042002,11336191,106522266,17092852,406516,11580600,103189000,723824935,11621555,104076160,229569,10421142
1635342110.9043202,11602069,109259640,17383550,419364,11621048,103931468,724769065,11634859,104094280,231285,10387560
1635342111.0044398,11511282,108678368,17325824,420593,11581962,103664536,723414056,11534681,103006475,229876,10404390
1635342111.1045587,11623573,109331026,17501313,415993,11575944,104229538,726104923,11609780,103544487,236941,10071531
1635342111.2046766,11600640,108991316,17426547,415291,11578226,103816328,724916924,11608564,104149195,233075,10456890
1635342111.304795,11520155,108597407,17387335,415455,11588961,103855261,723791490,11568027,103793661,225356,10402223
1635342111.404914,11539066,108492352,17365639,416589,11600455,103494180,723736996,11584644,103981241,238452,10463800
1635342111.5050325,11552759,109167487,17373729,415994,11650319,103506306,727140054,11676086,103852773,231776,10588227
1635342111.6051533,11562684,108669097,17416206,419343,11746934,104611927,732051699,11762438,104624855,229138,10671284
1635342111.7052732,11644282,109484241,17436229,423721,11339029,101663416,708678133,11356304,101009374,226908,6391888
1635342111.805393,11357078,107330951,17029516,408805,11686091,104563380,729637174,11593644,103840367,231351,10623847
1635342111.9055128,11609834,109365518,17509074,422175,11620018,104050637,726948360,11677084,104418779,228297,10644822
1635342112.0056314,11615749,109277545,17460685,421038,11701252,104596399,730068752,11706090,104433661,225614,10492104
1635342112.10575,11584730,108831092,17437237,422583,11672725,104472813,728602696,11678525,104052174,229867,10479087
1635342112.2061043,11638060,109172955,17446218,423072,11717854,104515426,729711401,11679250,104150985,236515,10508296
1635342112.3067596,11636877,109271979,17483726,419323,11710672,104370398,727746268,11672570,104185127,229476,10512554
1635342112.4071531,11599342,109054248,17408503,422450,11678143,104019730,728902121,11688688,104717945,225374,10646420
1635342112.5075486,11658027,109673985,17548866,419072,11680361,104185495,727786111,11676901,104024559,236871,10496886
1635342112.6079702,11645536,109565158,17450547,420268,11671510,103700697,727027541,11676260,104446356,235820,10592652
1635342112.7084212,11636187,109627565,17516500,421565,11458089,102453010,713594601,11448604,102182659,224796,10314721
1635342112.808875,11842734,104931839,735191829,11817436,105043545,232451,10881400,11856784,111079452,17713877,424835
1635342112.9096963,11634410,104182526,726489683,11661339,103312729,235015,10512582,11636670,109478777,17446599,419159
1635342113.0098295,11706106,104190675,729372961,11731333,104455502,226339,10376577,12395142,108889953,17577665,423706
1635342113.110341,11739247,104892547,731350367,11760577,104554999,230138,10594407,11596285,107279575,16221908,419011
1635342113.2107346,11701007,104962864,736639266,11847291,105567087,235791,10492761,11719986,110813963,15980327,425196
1635342113.3112304,11683596,104388780,730020499,11713584,103949913,240843,10667568,11631512,109560653,17551420,418551
1635342113.4116707,11798524,105581684,735226812,11804581,105332756,232288,10706233,11650279,109143235,17563189,424243
1635342113.5121224,11759761,104533314,731458085,11745076,104715856,233348,10687765,11665247,109680856,13981272,429011
1635342113.6125836,11788492,104498185,732528121,11795056,104947373,237189,10743132,11709025,110118495,17624046,423653
1635342113.7130268,11415394,101162911,711232412,11443130,102324335,228943,10497862,11448635,107520203,17146516,414994
1635342113.8635926,11764522,105618170,736373308,11743768,104837951,233219,10705850,11705317,109860730,17614248,424982
1635342113.9637403,11761352,104140877,731346955,11788315,105048058,230388,10753223,11668073,109599230,17516514,425116
1635342114.0638766,11674494,104238285,727425332,11703341,104153149,232112,10390591,11655258,109306843,17449721,420232
1635342114.1640112,11754673,104066326,731120690,11772481,104812247,241119,10670514,11721093,109804153,17550641,422108
1635342114.2641456,11694791,104458424,729633078,11701432,104637471,235009,10586620,11644541,109059875,17481577,419467
1635342114.36428,11846786,105097674,735964092,11865899,104943978,235267,10755267,11760285,110233770,17696422,428686
1635342114.4644334,11683385,103701415,727671975,11702535,104483726,229606,10482436,11662523,109959040,17517694,421540
1635342114.564571,11771373,104748376,732703871,11779966,104976056,237122,10711301,11695051,109897359,17631585,422858
1635342114.664705,11689867,104264908,728060226,11686397,104389439,225011,10670887,11621665,109355144,17426365,421012
1635342114.7648396,11515084,102923154,720708022,11590652,103000443,225705,10349466,11468836,107533178,17222163,414702
1635342114.8649824,11769907,104425272,732920115,11782912,104993200,232471,10692552,11743965,110699327,17563041,425175
1635342114.965121,11713786,104628996,730703319,11631036,104339863,238542,10573559,11607449,108980443,17454864,423486
1635342115.0652566,11743264,105243968,733530761,11767873,104342214,232927,10706988,11665336,109571582,17512174,427706
1635342115.1653917,11702123,104247318,731210295,11750968,104794386,232645,10685450,11700871,109903234,17538989,421453
1635342115.265526,11853891,104965798,737711018,11883822,105327823,233786,10780152,11748941,110569036,17634907,429274
1635342115.3656616,11786114,104664193,733138637,11767621,104482969,238833,10800265,11726769,110047737,17620900,423837
1635342115.4657965,11781338,104826185,734755480,11845984,105380111,231808,10812997,11722970,110012625,17627887,427656
1635342115.565931,11689537,104448171,729813564,11687455,104596960,234011,10534024,11637751,109556523,17553604,421454
1635342115.6660655,11831890,104752267,735207197,11846815,105094883,234134,10758472,11810377,110519723,17646013,427777
1635342115.7661998,11491026,102219600,715920281,11503524,102138032,231709,10442139,11433947,107436688,17171818,415931
1635342115.866344,11680708,104926350,732198327,11736614,104857071,235784,10504553,11639956,108968080,17491827,422820
1635342115.9664853,11607064,103841066,732121605,11752830,104552426,233602,10582605,11663533,110142919,17557308,422837
1635342116.066621,11847752,104982311,737737793,11804312,104861989,231088,10903040,11780680,110347791,17738552,428776
1635342116.166756,11663999,104507125,733763870,11785406,104991353,241775,10752418,11700805,110115598,16449337,424870
1635342116.26689,11805830,104688662,733763427,11816067,104514075,239403,10790606,11756428,110093647,17608442,424993
1635342116.3670244,11687012,104295710,730067569,11741055,104585706,231911,10607012,11665945,109508004,17530365,422267
1635342116.4671583,11768977,104979859,734308655,11772381,104698426,227220,10757215,11610908,109613674,17541236,422864
1635342116.5673099,11602376,101846741,732325948,11234812,102210069,236227,10725592,11635214,109362418,17494950,421513
1635342116.6674476,11702029,103823868,731136704,11798024,105147114,232542,10524481,11649760,109189511,17468687,423357
1635342116.767583,11522030,102244532,717201959,11541248,102592028,225734,10579569,11428936,106812470,17128147,414078
1635342116.8677285,11734432,104583290,731376438,11754427,104342891,228603,10646248,11677513,109783680,17541969,422359
1635342116.9678698,11629116,103956683,727766204,11664085,104223978,234187,10517640,11636311,109133564,17431604,421671
1635342117.0680056,11773417,105076336,733643385,11767175,104979110,234541,10747165,11657610,109413934,17535967,425720
1635342117.1681402,11839718,104996278,735930674,11867747,104873641,232974,10865842,11732291,109981837,17609622,425368
1635342117.268274,11766938,104743670,735030952,11797308,105013433,238054,10766235,11708392,110022782,17654004,425507
1635342117.3684092,11745012,104941636,733882507,11759497,104662688,228946,10806047,11654668,109474306,17539381,424774
1635342117.4685428,11773831,104572578,732349715,11778127,104786932,236612,10669912,11679492,109587907,17570101,427345
1635342117.5686772,11756579,104238983,731177639,11772109,104653124,230969,10709829,11697176,110005012,17613082,426983
1635342117.6688108,11740337,104439348,730090282,11736773,104660450,232618,10665843,11650145,109407129,17453051,421869
1635342117.7689457,11523627,102083409,718452016,11572390,102628061,233604,10507101,11495319,107859382,17258653,414359
1635342117.8690894,11749341,104507519,732705256,11757327,104561029,237063,10749330,11682463,109519610,17522884,424268
1635342117.9692311,11770611,105236991,734843363,11832064,104948388,234787,10737951,11702737,109593331,17597766,427319
1635342118.0693655,11813561,103259995,749881670,11453529,103974292,234355,10960537,11993614,111812168,17938216,434166
1635342118.169505,11750735,103941774,730830334,11642267,104864813,234445,10591324,11639111,109602649,17562677,427971
1635342118.269639,11853743,104996060,736376538,11887232,104973257,240463,10912224,11774776,110661624,17740564,426742
1635342118.3697722,11828693,104513449,732950476,11812528,105032498,238062,10865057,11744773,110233057,17674934,425962
1635342118.469909,11816918,104982933,733830367,11845506,104964729,231033,10781493,11740238,109905734,17628117,428781
1635342118.5700123,11719007,104304193,731452400,11760573,104868175,234576,10629088,11645015,109055695,17587155,422233
1635342118.6701589,11780807,104590262,733126491,11765174,104690994,234754,10762097,11713346,109619936,17600359,425769
1635342118.7702994,11594687,102568179,718620955,11598960,102929023,229768,10575200,11480858,107169065,17268098,413795
1635342118.8704422,11725562,104918132,731158087,11757378,104971102,234720,10646377,11659323,109112685,17513310,424727
1635342118.970581,11761420,104756513,732413367,11758679,104419922,227415,10680791,11709616,109986246,17594446,423520
1635342119.0707154,11814158,104828595,736186216,11869323,105750166,240408,10785304,11722701,109926277,17587365,426823
1635342119.17085,11739592,104756838,733136296,11814003,104938662,234021,10715719,11592945,109608283,17607900,426138
1635342119.2709851,11833509,105245147,734816626,11813011,104923917,231864,10629471,11639801,109512634,17605623,421109
1635342119.3711205,11743119,104455970,730658295,11737836,104729151,231978,10576679,11662968,109868012,17570243,422653
1635342119.471255,11781232,104772613,733171154,11788608,105097210,236451,10487902,11654419,109534040,17579528,429920
1635342119.5713897,11726983,104266988,730165242,11806472,104659565,233685,10629980,11674248,109619608,17562985,422736
1635342119.6715243,11814533,104763444,733976085,11802129,105252874,234253,10785816,11759277,109043863,15930080,426473
1635342119.7716594,11518496,102216171,716622140,11516680,102614655,227166,10549870,11476789,107320814,17223991,416159
1635342119.8718028,11782673,104681111,734501822,11816071,105243733,239789,10687627,11693885,109822016,17614736,427976
1635342119.971942,11603475,103598755,729462801,11726199,104555291,229374,10581867,11591535,109311381,17517464,419639
1635342120.0720775,11735390,104352348,730788869,11756986,104679269,231014,10621038,11658636,109701961,17583395,419240
1635342120.1722121,11840581,105173550,736145511,11813848,104860138,236294,10843393,11580902,110293924,17665814,426266
1635342120.272346,11777769,104596439,732435402,11795516,104651547,234501,10537281,11717524,109977868,17554260,421869
1635342120.3724802,11714814,104852397,732538724,11780947,105245315,235458,10611389,12061085,108688877,17491923,426334
1635342120.472616,11856793,105144555,735703402,11832256,105146833,230564,10781898,12153003,109288000,17641988,425947
1635342120.5727508,11722340,104137619,729574153,11776845,104782456,233418,10581935,11665842,109999434,17570930,423984
1635342120.6728852,11672068,104214722,729266808,11725215,104688136,231322,10530661,11663398,109930660,17560583,421448
1635342120.773019,11510247,102163752,716979009,11552340,102870534,233307,10289901,12414371,105849036,17199235,416497
1635342120.873171,11628325,102745375,742740960,11647411,105569854,237164,9961342,13958482,103973940,17785375,431878
1635342120.9733198,11797185,104625613,732345819,11808973,104674738,231079,10733352,11725182,110285744,17593065,424510
1635342121.0734556,11797946,104840001,732959939,11762391,104869175,231950,10681663,11704496,109735153,17590113,424743
1635342121.173591,11875549,105056743,736549198,11861125,105397558,234868,10935288,11723269,110339134,17642429,429477
1635342121.2737255,11745720,104157215,731139908,11761604,105316586,231041,10686107,11630943,109092433,17546693,425401
1635342121.3738608,11746318,104270328,729404386,11783413,105137380,233854,10687462,11679150,109619681,17548196,424326
1635342121.4739954,11817134,105279945,735516315,11799164,104431661,226397,10599745,12150074,105427401,14798652,428932
1635342121.574141,11660786,103382286,723761441,11675192,103257703,230748,10627262,11507260,108064724,15614968,421530
1635342121.674305,11017711,96846849,684130639,11047523,97979389,228604,10047667,10916367,102259080,16464890,395663
1635342121.7744575,11507834,102323353,717409311,11543987,102604394,228185,10467188,11412050,107220347,17169234,416144
1635342121.8745914,11858497,104922464,738027151,11807722,105600371,232584,10899331,11705517,110092228,17692454,427406
1635342121.9747198,11758580,104859174,732355181,11765290,104456182,231083,10731257,11673240,109368892,17588815,423149
1635342122.07485,11675049,104115924,729417089,11724427,104809247,234398,10532522,11620076,109461993,17512032,420745
1635342122.174988,11788680,104890361,734629795,11818897,104798960,236864,10727719,11679484,109590683,17600514,428082
1635342122.2751253,11778822,105171869,733076273,11806494,104947755,230932,10775436,11700907,109545801,17590657,425253
1635342122.375248,11844660,105019860,735296202,11822388,104738408,231594,10744198,11743331,110265655,17678541,424268
1635342122.4753673,11793235,104547035,733767858,11805310,105144342,239438,10760501,11664844,109974339,17596136,427819
1635342122.5754862,11704285,105536100,734053156,11759851,104914282,231825,10597539,11637335,109303457,17495359,427634
1635342122.6756055,11863819,105020437,736372171,11868292,105459119,239029,10830418,11639902,109192368,17751878,425212
1635342122.7757268,11542332,101967660,717509461,11527605,102614235,225441,10386073,11427709,107211401,17194726,416118
1635342122.875847,11708160,103999464,731484047,11759985,104465478,242314,10728976,11657817,109492690,17529690,425347
1635342122.9759738,11741700,104367873,730203579,11717638,104362227,236589,10634644,11675656,109439278,17549644,420769
1635342123.0761,11780681,104508871,735873868,11735105,104668889,228408,10532426,11695363,110337656,17603622,425323
1635342123.1762204,11700299,103589395,728451026,11724221,105129180,239062,10687729,11647792,109437527,17519514,433745
1635342123.2763393,11793212,105442594,736868903,11775480,104793656,234293,10793042,11673007,109650097,17681792,427000
1635342123.3764584,11732389,104480590,730965414,11767571,104614129,233882,10755737,11622252,109612816,17585962,420901
1635342123.4765778,11838661,104750429,734014022,11842412,104885789,235836,10797588,11714092,110050744,17628844,427441
1635342123.5766973,11838005,104821387,735110920,11905283,105171112,240983,10869476,11694335,109417259,17665989,429325
1635342123.676817,11757466,104684596,729771629,11694510,104205559,228275,10612589,11623525,109215679,17569958,422944
1635342123.7769363,11316338,101023674,710678507,11383831,101729540,224512,10334139,11368879,106839016,17137131,412896
1635342123.877055,11840237,105122554,734087982,11834738,104894243,236795,10804022,11467355,109195397,17619407,428546
1635342123.9771738,11837156,104921241,734418744,11849469,105490330,230877,10739803,11743760,109828877,17650621,425671
1635342124.0772924,11680584,101798279,730457452,11736198,104751128,233639,10651551,11657651,109897100,17598004,422991
1635342124.1774118,11812173,104704953,733223743,11798038,105023917,235932,10712265,11655019,109922841,17572925,425565
1635342124.2775316,11912658,105364841,737304051,11928480,105759874,234706,10819019,11745067,109856795,17677097,426923
1635342124.37765,11749151,104225446,728500074,11729107,104338580,234206,10563708,11699820,109790643,17548021,423468
1635342124.4777682,11725952,104471441,728432008,11662145,103957820,247008,10564717,11635682,109560442,17483623,421933
1635342124.5778878,11596100,105114362,732755364,11761561,104820787,235510,10584953,11597332,109107237,16439167,419607
1635342124.678006,11823271,105218182,735325343,11845029,105049850,235404,10858699,11712707,109757990,17642163,420594
1635342124.7781243,11494033,101828282,715135514,11580918,102388353,226598,10494195,11433683,107274072,17243408,413047
1635342124.8782437,11814119,104440833,731260408,11724537,105108438,240856,10728164,11659424,109449753,17540934,425932
1635342124.978362,11649717,104211956,728890532,11712467,104381801,231531,10644890,11620123,109179426,17542920,420208
1635342125.0784883,11365347,100251578,739979324,11643866,105283252,235139,10891863,11800341,110470647,17672521,426684
1635342125.178616,11877216,103707636,735843764,11697846,105431729,233801,10718226,11645065,110031992,17669700,426454
1635342125.2787375,11796538,104796591,732697934,11765832,104746482,235730,10781961,11568246,109641402,17612850,424340
1635342125.3788586,11721317,104616957,732283835,11761775,104734151,234401,10759330,11721335,109832052,17568794,421231
1635342125.4789782,11692619,103692574,725966875,11723671,104917775,236478,10663403,11556353,109379829,17507675,420234
1635342125.5790982,11660524,105141860,726908547,11710368,105028675,229170,10518196,11557125,108484191,17214935,417936
1635342125.6792183,11139144,100587501,704282770,11232552,103590245,230594,10159564,11395423,108506881,17140311,395059
1635342125.7793386,10234634,93589565,638061281,10069788,90420876,205937,8816772,10367800,99808287,15554950,330724
1635342125.8794594,7218338,67501853,460688699,7213286,66875173,138629,6257018,7428947,70751459,11121024,240052
1635342125.9795792,3580696,33352674,228235203,3577614,33333026,77521,3119989,3734334,35029395,5535414,103804
1635342126.079699,3581724,33387898,228094868,3573212,33354309,77211,3128283,3709783,35020390,5560615,102001
1635342126.179817,3582746,33311100,228435007,3585376,33383840,76964,3137546,3705211,35115566,5543530,103996
1635342126.2799356,3572025,33349811,228539898,3592186,33395686,76794,3121439,3711813,35016160,5543766,104639
1635342126.3800743,3575568,33273639,228235249,3580780,33262420,76009,3120087,3722178,35005422,5547150,104883
1635342126.4801927,3587955,33439281,228210671,3590737,33382161,74649,3135290,3679999,35131591,5552935,103061
1635342126.5803123,3592432,33414324,228256787,3587962,33384730,74807,3112496,3697799,34965846,5534828,103569
1635342126.680431,3580743,33302098,227742387,3580020,33317285,74100,3133189,3703761,34996842,5537762,105843
1635342126.78055,3578828,33195759,227613369,3576377,33307615,74735,3132683,3680080,34994571,5518417,113518
1635342126.8806686,3582129,33288952,227690393,3580364,33209059,66985,3153663,3705089,35038599,5494456,121562
1635342126.9807875,3582784,33472939,227676843,3605561,33499542,64289,3197342,3690984,34915975,5514286,145990
1635342127.9819872,743161,6925237,50817815,700622,7022300,14086,565637,757762,7194173,1184227,29006
