1635340353.1472828,7288371,69219080,594090007,8282152,65709590,170927,5133744,9787598,54039504,1481595,235223
1635340353.297594,8740953,83972691,765516206,8965037,74556062,253631,6495704,14162127,73791357,4346410,400786
1635340353.397733,8077428,69444897,706432236,10370486,88279841,289046,8337726,11712827,82875328,7865376,368419
1635340353.497861,10599713,88096100,690500424,8486251,73083891,217725,7727201,10780778,93381201,14316672,478922
1635340353.597982,8651293,81204064,707024863,9677651,88734034,244626,8650030,11057881,94446193,12385572,435517
1635340353.6981013,9370258,93193838,723456543,10438453,89952356,237873,8530117,11836414,82117541,10145026,415883
1635340353.7982209,10548496,95095186,738613328,9973779,92869073,256682,9908738,12473634,98033417,11647657,457540
1635340353.8983405,10550368,97569426,751651726,10890337,95212486,260613,9679212,12299930,90844507,8939329,442168
1635340353.9984517,10032716,87959141,785050086,10502500,95428936,230362,8344257,13126531,96323291,10035670,462509
1635340354.0985765,11007581,96110292,852576934,10226278,94398144,262312,8406746,14361978,101982383,12637478,508748
1635340354.1986973,10146768,98277257,829178484,10376892,95596282,261607,8800364,13696318,102200638,11117812,483414
1635340354.2988162,11357573,99185958,862432192,10482790,100137964,270298,9714001,14369051,105041825,10111922,526002
1635340354.3989346,10867938,102391724,868103623,11094121,101666449,264421,8472988,14362145,107913149,12244917,538519
1635340354.4990528,10363822,94049318,840360797,10210539,92683042,240800,8261869,15330960,97858569,9675508,500128
1635340354.5991902,11100922,105963603,876658296,11079200,98278649,266148,8832981,14144189,107039979,10272143,565532
1635340354.6993191,10580079,99279023,872064385,10319721,100807957,282823,10091420,14506115,105453926,12245851,526296
1635340354.7994397,10951855,100245484,872643509,10892283,102506956,274390,9957683,14230722,102488965,8214015,533053
1635340354.8995583,10779550,101546277,876287640,11178117,104506289,274291,8977549,14993037,99157146,11584806,544181
1635340354.9996774,11005032,103346429,871515240,11355662,103464538,252020,8705383,15024123,93607144,9949391,529002
1635340355.0997965,11603118,104392935,872684258,9913702,94455460,263668,8692642,14125011,105160723,12364623,548832
1635340355.199916,8493197,89490895,864678574,10685138,100148777,262247,9356859,13990532,104154921,12899299,505317
1635340355.300011,11204852,107869012,900053303,12571100,100904109,269005,10322700,12971212,104714340,6434707,502496
1635340355.4001303,15123634,105279842,913928422,14126951,102432332,270554,10497208,12711923,103685007,5431620,524346
1635340355.5002496,15253472,104446430,912477249,13953740,102478858,276410,10066340,14766046,99194386,6577177,530646
1635340355.600368,14484060,103248983,912870851,14107775,102796233,269943,9191091,14113487,103666562,7480000,509089
1635340355.7004871,13525481,102294884,915419991,14187978,102392376,265967,7130204,12119159,108536268,7478766,511396
1635340355.8006063,12446455,101164016,917504144,14249462,100997556,256433,9823608,12251611,109262158,7282280,509189
1635340355.9007254,12328571,105557542,918002923,13187115,99772448,260324,10301123,13783960,104255927,6763682,547939
1635340356.0008438,13596900,108152220,862432554,13483622,103746812,258610,10424010,12792366,108618835,10064972,523937
1635340356.1009643,13578124,96311746,842599116,13305797,103622616,259192,10167683,13084155,103229083,9296313,500123
1635340356.2010837,13123016,102089356,825209552,13162769,102759384,253721,10223930,12809686,100594517,2445044,465163
1635340356.3012018,13448104,107029801,845359433,13368335,105150359,267202,9684169,13613535,99383760,9698824,541348
1635340356.4013205,13508679,103297273,846834950,13970181,95942252,247827,10320518,13046526,109796709,14002530,514314
1635340356.5014393,13469496,103616456,851110737,13606286,103761367,259019,10415758,13000330,106489041,10212987,523881
1635340356.601559,13142416,105521529,833210849,12892884,107459240,275326,9562234,14000193,87297737,4868323,492786
1635340356.701678,11800406,103560892,817200874,10656293,97688953,244059,9250303,13216728,106212193,17261622,597809
1635340356.8017976,9605504,89237561,817292014,11079991,104037623,264826,9686113,12603163,112093402,16701733,548152
1635340356.901917,10618280,103069644,818682601,11613140,104948584,266200,10376523,12473565,110897540,11026029,505684
1635340357.0020359,11543944,105491498,815248520,11597149,102833321,257126,10278971,12677129,100649967,12765154,568207
1635340357.1021554,11080230,99523511,800485042,10935569,104693845,261849,9424579,12690329,103721158,14764228,556198
1635340357.202275,10627024,100599992,814611446,11564838,104682665,257437,9613392,12508049,108459193,15032006,545522
1635340357.3023946,11180798,99078447,816963960,10764671,97271671,238905,10168826,12606205,112281235,15227808,584070
1635340357.4025135,12135035,108005773,815214237,11252955,102158768,257875,9623815,13265826,100878613,11285330,607294
1635340357.5026324,11345516,101992996,817639806,11251959,103670310,260650,9217929,13367471,101853556,13127059,606411
1635340357.6027517,11344972,101426831,812806835,10403617,97038956,275746,10800655,12393563,118154232,17086134,582558
1635340357.7028708,11223888,103482580,812265693,11428456,103136728,263245,9741673,13045321,104303496,11602910,571486
1635340357.8029907,11675217,105439058,809392897,12035732,106173093,248256,10467685,12605736,108018036,12988382,573164
1635340357.9031093,11771459,107258572,813811794,10882029,98781781,261259,9704309,13336439,99408727,10941201,593497
1635340358.003228,10787806,100249297,812182510,11372651,102679174,257505,9650707,12738006,108779437,16734586,569723
1635340358.103357,10243634,98795194,790328277,10781306,87825534,234075,9599405,12070618,114824873,16454766,546598
1635340358.2034848,10256628,90690989,813032288,11491241,108453683,248653,10066873,13070221,104685099,14253646,555504
1635340358.3036063,11164037,104772752,806036729,11742700,105917844,239489,10111806,12851508,105159882,11482203,552597
1635340358.4037256,12054816,106812935,807184335,11321854,99790705,236000,10051633,13218755,101883818,14046481,586329
1635340358.5038445,11523045,104287582,806272164,11167065,97145612,248102,9710982,12962128,105372299,13783629,577665
1635340358.6039634,11434026,95946223,810154715,10630347,102626028,252169,9926252,12671744,108029779,16310514,565945
1635340358.704082,11116020,102125684,811134113,11443071,103968580,248396,10255743,12765806,106665416,13393468,562481
1635340358.8042014,11382157,105109464,812816802,11559604,102889354,232133,9965766,13046542,102788357,13933160,574839
1635340358.9043207,11923563,106104087,812911458,11156033,98590758,246756,9175581,12951817,105455390,14853590,579186
1635340359.0044398,11411034,100456156,812143533,11128583,101565514,252738,9489768,12893144,107419614,13888013,551017
1635340359.1045587,10138326,91922239,786704828,10532573,99870248,242567,9358011,13126187,103982381,15019154,533741
1635340359.204677,11294961,101773556,804985988,11592157,107673702,246589,10022599,12869584,103953405,12883454,549948
1635340359.3047955,11776442,104831899,800922556,11584246,104654345,235874,9898577,13152157,98938622,13525444,576153
1635340359.4049137,11539474,103706788,803467587,11332905,100319014,237965,9537572,13250680,102963854,13405164,574271
1635340359.5050325,11094251,105214183,806583118,10888314,100621062,245001,9165952,12829408,106380648,13920044,547916
1635340359.605151,11013023,98050547,799925271,10949833,100932004,244499,9719437,12535185,113416656,18393048,561858
1635340359.7052698,11247053,99610562,805689241,10819182,99913351,242186,9609500,13434599,106081728,12000786,563860
1635340359.8053892,9392277,97318821,802493354,11467455,103923494,248531,9789396,13021494,97953218,12909285,534382
1635340359.9055078,10762412,100490851,801737458,10993049,100508112,240314,10148030,12724700,106320976,13207761,541944
1635340360.005627,11718317,104038822,802922864,11305084,102639144,245873,10123727,12853311,103881621,14123336,566264
1635340360.1057463,10236501,94297094,798823700,11162661,100503697,244076,9498459,12591859,107243180,13487168,528859
1635340360.205865,10573025,97416271,811783197,10570426,101461541,239417,9338685,12814322,109017974,15214041,544949
1635340360.3059835,10487937,97392131,796696867,11155383,102933101,238529,10146597,12427869,107951611,12649358,503172
1635340360.4061022,11608495,105077161,800853033,10704415,95384303,224164,9771509,12638568,109175626,15570947,562825
1635340360.5062213,11711829,105694769,801939119,11127290,96249689,237779,9553492,12674045,108094610,14660796,576338
1635340360.6063397,11259703,105166024,845560203,10955414,96543923,237562,8827530,13803081,105920134,13468553,571950
1635340360.706458,10619384,98102856,874432836,10693619,101354359,244031,9142347,14297108,107217563,10657688,568519
1635340360.8065772,10198283,96354880,874865733,10791532,101057531,247865,9609343,15719381,101265882,11801023,544079
1635340360.9066954,10256028,101533098,875722980,10964516,103449573,260689,10392155,14270407,106419767,10112373,531535
1635340361.0068133,11558560,107383572,871638389,11423607,103685841,231183,10142485,14630447,93501401,8021396,551153
1635340361.1069317,10041386,100960971,856182956,11753190,94742234,235497,8069282,14159046,97029668,9688805,541949
1635340361.2070503,11352258,104431036,872633591,10177065,98961062,243103,9464988,13950940,106368379,11846928,548028
1635340361.3071687,9316932,98347305,873739692,11226768,104348030,241666,9299055,14093033,107686157,10441999,530566
1635340361.4072862,11679799,105692016,873453455,10959962,101572795,241617,10320965,14785507,94199003,6757767,556117
1635340361.5074048,10756172,94634250,856883087,10599736,96238298,217031,7188840,14138559,108034695,12184562,603724
1635340361.6075253,9914763,98235389,875452533,10539428,97282301,240012,8385701,14068384,108545247,13115879,553080
1635340361.707644,10752895,100981575,872779176,10110007,96662936,242328,9724745,13726492,110178897,11869195,547445
1635340361.807762,10463507,93500611,873986580,10679564,104108389,255745,10535628,14370545,103036563,10911256,560013
1635340361.9078808,10130142,102466006,874432313,11247731,103814474,254492,10306030,14331993,105062148,9322655,531133
1635340362.0079985,10915314,101372464,873456202,11370341,106856710,263976,9978655,15073031,84162631,6217837,570392
1635340362.1081178,10147296,102128274,851249388,11522408,94512606,209500,7215928,14457054,98759283,10995118,552474
1635340362.2082362,11708655,101452903,876162818,9891700,98279194,258978,10180767,14167621,101905000,9246341,581276
1635340362.3083549,11047844,99773217,876228591,10625702,99406554,252143,8811361,14406269,103051901,11836866,598255
1635340362.458534,11509629,106814781,898587178,12810259,102974471,232427,9382698,11950865,95501962,5189985,586825
1635340362.5586522,13689657,103133604,912489822,14023711,102895927,241602,9782168,11680806,107190642,8329756,568707
1635340362.6587703,13844658,100630468,908650144,14101765,103438144,236182,9561778,14229364,105324947,8379668,538664
1635340362.7588887,14297694,100481746,897162877,13286731,99315825,238431,10452690,14239517,104392305,7777272,501050
1635340362.8590071,14664827,105602015,908828935,13733307,101420233,241639,10169643,13850666,104854726,6855772,530296
1635340362.959126,13529732,103915673,908783856,15031796,101317508,240444,10022686,13044850,104253987,5544182,555587
1635340363.059245,12738263,98370862,910828053,14099437,104945425,237223,9349616,12962122,101720411,7202372,542179
1635340363.1593628,13207204,98294628,891398130,13798941,101827659,233414,9354288,12119945,107119664,9256303,502729
1635340363.2594821,14835731,107379140,913418390,13929911,103901240,239938,10219800,12496987,100455142,5746101,527831
1635340363.3596005,14427386,110024209,914491535,13450535,103282834,240705,9866769,14315493,94076606,2582561,539216
1635340363.4597473,12240484,99206598,889992516,13949448,100775827,235857,8543668,13967638,97374611,6368402,547648
1635340363.5598755,13283470,104210906,908320578,13620757,96621350,237242,9553509,13021606,106095097,7995153,600405
1635340363.660015,11807381,100612678,887528852,10911083,101916350,254144,9285874,14334531,107133506,10956766,540281
1635340363.7601345,10557395,98709504,878669767,10799579,102510801,252640,9242331,13796922,106378164,12155898,561025
1635340363.860253,10297393,100918943,879488777,11009677,102234959,264590,9706087,13845063,106543231,10982051,555664
1635340363.960372,11253171,102034516,875317015,10444750,97768659,231465,9489845,14087439,107697859,11524949,575230
1635340364.060491,10425533,96984442,882139824,10977261,106716877,259985,9068075,14445659,97959521,8311043,567030
1635340364.1606114,10048676,98637735,858591773,11543393,107458375,247325,8439743,14215538,94173392,7461726,518719
1635340364.260735,11978593,111463151,865437785,10555484,98073318,272045,10126340,14021793,98243940,7961421,556329
1635340364.3608608,11769786,97966768,882075874,10552885,103973231,246389,9046528,14736560,98429369,12367222,612414
1635340364.460997,10756943,102344408,875547601,10953344,100896118,236467,9340475,14129255,107324046,13563105,568204
1635340364.561133,10927172,101752070,879343179,10724993,100592783,253300,10060609,13773229,109837790,10708168,569697
1635340364.6612678,11225757,103455036,875271243,10711359,103434498,250195,9872990,14614235,102043181,9707712,574619
1635340364.761402,10484274,101294188,872524093,10806165,100143082,251997,10078748,14287933,106159668,10996956,561304
1635340364.861537,10554785,97512747,881105697,10473657,102930682,284220,9776494,14385592,99678028,8430575,578782
1635340364.9616742,9842223,97681344,877264499,11164297,106143196,251233,8417426,14374561,101818408,13389690,570039
1635340365.0618103,10604787,102511458,881440922,11485131,105738247,237068,9358444,14145960,104250206,10910114,558340
1635340365.161945,12299368,113078147,858476117,11245963,98855705,239272,8996467,14314755,96996298,8617937,607385
1635340365.2620869,11889646,104088378,878620432,10566919,98918651,249198,8937934,14873512,99633852,9535840,625207
1635340365.362229,10614394,101092097,875231415,10722808,100436539,247833,8243802,14696939,99917819,13930667,598496
1635340365.4623652,10542043,98994436,876939573,10697626,99711970,246184,9180144,13996901,112799597,14334260,577033
1635340365.5625002,10084248,98559710,877614792,10824510,103961697,257881,10082145,14086677,104926943,10118587,564074
1635340365.6626346,10747688,102229046,877232289,11245154,103874530,234819,10053013,14222768,102725734,8079739,564303
1635340365.7627697,11504110,103934564,878853616,10856635,101257338,254203,9746485,14421166,102176771,7867384,604354
1635340365.8629045,10655835,98595561,877553921,10884835,106664544,283447,8740429,14673091,98971932,11532863,583403
1635340365.9630396,10924680,103342649,872556653,10759892,100457170,259602,9496396,14554034,100142791,8804492,561353
1635340366.063176,10931445,101123559,877411277,11365275,105373334,249516,9294092,14587011,99371383,8960324,571958
1635340366.163312,10834640,103275791,858213794,11145302,98831523,215885,9216728,14185620,97716797,8371820,576807
1635340366.2634528,11569742,105507858,878330490,10692115,100319260,253102,9010921,14980538,95374291,9982421,613737
1635340366.3635914,10984622,98985573,873452036,10542448,100943738,249472,8359428,14877021,97787426,12981244,591190
1635340366.4637268,10151421,99084043,875368324,10898427,103049256,248491,9680166,14169493,111075175,13748331,557588
1635340366.5638623,10295431,98776859,872781222,10463540,98476470,257903,10081923,14401801,108687127,11085515,586869
1635340366.6639967,11036024,100541058,872273201,10607447,103641000,261190,9435717,14157023,103538593,10146763,578420
1635340366.7641306,10405223,102622296,871973701,11208127,101050797,228049,9179255,14301297,105506517,10383927,582515
1635340366.864266,10987479,101224870,873787987,10784487,101405450,258204,8889136,14440663,96997509,10061892,601184
1635340366.9644015,13253930,99769082,903194271,13792227,99708311,263758,8812010,14616116,106291452,10243738,552138
1635340367.0645368,13722116,98151340,910230659,14258593,104422698,262088,9655321,13104471,107640383,7859932,546686
1635340367.164672,13635031,96996423,889846196,14081713,104218635,262203,10307734,13863342,103818678,6001363,541406
1635340367.2648146,14636233,105689951,910612347,14087513,104300183,261138,10268920,12883108,102225698,4909103,570487
1635340367.3649547,13889120,104431200,908269495,13966855,103466476,262122,9558942,12616054,101416077,5966565,576258
1635340367.4650905,13895196,102103831,910362449,13909793,103470539,257053,9389050,13505739,102580251,6641678,549946
1635340367.5652266,14133291,100917107,908847413,13906182,103388038,259672,9855826,13174904,103888067,7758940,538944
1635340367.6653607,13536863,103179238,910229835,14077885,103026090,259572,10508205,12979376,106540614,8600657,523815
1635340367.765495,13756490,104259710,910987958,14073576,102864207,247791,10400207,13504873,107709750,6736298,546448
1635340367.865629,14448879,104285867,907556413,13840364,101126383,251876,9699115,13171221,103681615,6208981,572042
1635340367.9657638,14031647,98709635,911398689,14358025,101285299,263389,9685670,12518442,105167897,7835378,540220
1635340368.0658987,13409370,98511248,912709779,14175742,100449325,265583,9333348,13223535,104535148,7781683,529051
1635340368.1660328,13624274,100756718,911926830,14009058,104800321,266402,10310472,12888577,106053739,7876582,509305
1635340368.2661748,14284942,102651137,909890241,14388424,103672946,257778,10505100,13026330,107628942,5920754,536938
1635340368.3663146,14768003,103151233,908082409,14004280,104714056,264861,10479839,13603785,101935427,5582401,534990
1635340368.4664488,13594549,106877976,905713495,14233421,103228855,258124,9651491,12922451,102504348,4505345,538093
1635340368.566584,14068878,102889312,909318724,13821708,101779455,254707,9658102,12707356,101872908,6315706,545691
1635340368.666718,14000848,104156868,912536378,14018291,101242493,252062,9778596,12914064,103443808,7938679,520517
1635340368.7668526,13495320,102540074,913123382,13562069,100034057,237481,9948756,14286757,102918915,6640720,527691
1635340368.8669877,13252243,103020860,914134413,13468103,98718172,238054,9814895,13724073,101538396,6577404,547943
1635340368.9671202,14050396,99477678,915072230,13360801,97806455,249354,9342818,13076664,102011725,7875192,526920
1635340369.0672548,13521285,98825918,915374489,13372567,98166569,250344,9355068,13189351,105941381,8005666,507479
1635340369.167388,13095381,101555915,913146585,13767983,100566773,267005,9980265,13626129,105681888,8172626,509176
1635340369.2675292,13808316,100827769,911337998,14143757,104044384,270329,10568053,13584282,107552275,6313485,529583
1635340369.3676682,13854151,102846908,912290121,13942506,104980276,261348,10717523,12893844,104499399,5978567,537801
1635340369.4678037,14612689,104313119,910009034,14107366,105265108,255254,9993213,13869172,102322017,6414705,547437
1635340369.5679376,13832061,101842397,910162701,14111154,104002330,258811,9686492,13965864,103481443,6090691,519850
1635340369.6680725,13675113,105267298,910394118,14059157,105142491,255743,9525824,12465767,95706276,5032891,522237
1635340369.768207,14231033,102497702,909366391,14033578,99561261,233209,9334550,12724431,107394953,7885435,540878
1635340369.868341,13569683,102632831,909752548,14031858,100663253,262265,9973739,12785568,106912847,7773837,520631
1635340369.968475,14232167,105653019,912021745,13984389,100977773,254535,10232282,13238263,104963112,7686087,544350
1635340370.0686092,14451395,102896330,914528420,14298998,102486031,255888,9960854,13301823,107600423,6797006,575490
1635340370.1687431,13296849,96445658,889107912,13597505,101629400,253649,9253322,12431331,104101451,8221743,561246
1635340370.2688866,13889888,100731842,910849575,14172135,103041082,266391,9980694,12966367,105117424,6769447,513507
1635340370.369024,13895804,103697724,909406973,14172508,104154292,271718,10184941,11776655,100746335,6260375,540843
1635340370.4691584,14247070,103925117,909298379,13870944,104967286,257886,10697228,12647173,103678538,5837119,557621
1635340370.5692937,15321071,103222413,912204847,14515834,103547444,248986,9302486,12787832,101382074,6749099,556205
1635340370.6694274,14228583,100622758,908542811,14174148,102624883,254169,9644635,12604587,104009806,7219612,534278
1635340370.7695615,13702836,104556309,910526383,14402002,100374807,258832,9733980,13059298,104968378,7739766,529162
1635340370.869696,14188581,103727399,909359827,14022938,101796703,255858,10200077,12779895,106931954,6260823,538478
1635340370.96983,13800631,99310849,907793672,14021567,104705168,257497,10058717,12623579,103424207,7603238,534210
1635340371.0699651,14355659,102750031,911501655,13995244,102777860,259229,10038060,13034740,105596340,6688536,547850
1635340371.170092,13641854,101216215,888963153,13591088,100805207,251582,9897342,12429752,98612879,3852918,564774
1635340371.2702398,14257820,103577229,914138718,14151114,102902668,263001,9701315,12951603,101711677,7001056,576033
1635340371.3703773,14196740,103408529,915938513,14225927,101594981,241440,9524536,12041229,103622864,5012168,564640
1635340371.4705126,13364270,101035413,914253789,13996471,101889845,245887,9180922,13450668,102672186,7767104,539585
1635340371.5706549,13568284,100760967,901643751,13865896,100917466,261299,10717624,13692561,104340595,7012763,545000
1635340371.6707945,14924308,104918700,912553790,13970801,102433871,262613,10348564,12991997,104246992,6772233,549467
1635340371.7709284,14148748,103053081,911674068,14412108,104847034,256727,10197945,13068997,104758457,5771943,572640
1635340371.8710628,13878989,100602580,913528567,14128310,104237500,253810,9687907,12922639,102839874,6274891,568281
1635340371.9711971,13710046,100250866,909893034,14386323,105531284,265033,10184512,13102541,109061035,5928698,523478
1635340372.0713325,14324499,106514566,913438551,14054966,103975642,268519,10691060,12637124,96830124,4632630,531670
1635340372.1714678,13375443,101314673,887180980,13779051,100054065,231882,9387380,13563098,101521533,6827275,575839
1635340372.2716148,14617411,101721189,910496130,14189971,101365892,247139,9727220,12761257,105769159,8286496,569540
1635340372.371752,14162587,103690208,910368332,14150612,100862443,254615,9827380,13917850,108405382,8943842,584113
1635340372.4718862,13984914,103001376,912773635,14290022,101433628,253002,10271677,13170890,110754926,7456876,554797
1635340372.572021,13776000,101855394,911929958,13917394,101662827,255942,10431919,13246729,105749466,6245744,580478
1635340372.6721554,14377355,100016529,914857252,14553096,103082006,263361,10777788,12105274,106078531,7204902,573967
1635340372.7722893,14624143,102107260,914846760,13508361,104685934,254771,9804619,14000377,103422622,6797979,554426
1635340372.8724241,13567687,99150776,914920830,13568560,102796639,245932,9756633,13371207,102553032,5969203,504648
1635340372.9725602,13157266,100638532,913834028,13479480,102435258,240198,9452342,13818994,101376376,4601604,531383
1635340373.072695,12884532,102652507,912990491,13606581,101182935,243121,9669580,13191692,98684118,5897045,547564
1635340373.17283,14313014,107851085,908491406,13681892,102707459,249571,9887835,12348048,102752637,5754502,573204
1635340373.272983,14636557,103222138,907652292,13802413,102484945,242923,9568770,13130229,103034158,7158812,583188
1635340373.3731215,14463884,102488229,909848812,14210866,101910222,242002,9650797,13468377,104844822,8143408,611968
1635340373.4732573,14077601,102949300,908522402,13905479,100582805,250666,9806653,14303706,105782985,9133512,562866
1635340373.5733929,13750018,101896252,905257436,14191321,100678819,251428,10208677,12845949,110411356,7841255,554236
1635340373.673528,13809044,102079384,908776255,13898373,102027318,254131,10423720,12750936,106190096,6527129,569577
1635340373.7736628,14155228,98508620,910555986,14111957,103425753,258875,10823030,12544757,105046674,7311724,567242
1635340373.8737965,14993629,99709997,908899589,13938701,103508215,265344,10024162,13877579,105179792,6954233,568640
1635340373.973932,13925763,100210859,906339817,13992624,104051314,261818,9996118,13651328,105140414,7072606,530866
1635340374.0740674,13751573,101776756,908909055,14076468,105690868,255375,9728089,13175918,97645648,5022731,558444
1635340374.1742015,12910396,98724862,890248780,13806493,104514181,243471,8913066,12604176,101707597,7383904,532875
1635340374.2743504,13678300,108962872,910327571,13995366,98383545,256330,10677947,12862925,107552997,5669747,581184
1635340374.3744857,14837337,107244157,906892432,14087317,100361481,253226,10336951,13038691,102503116,6323083,590545
1635340374.4746206,14450843,99171737,909274281,14277987,102823175,253056,9713707,12661119,103175725,6229158,606178
1635340374.5747545,14967755,98055345,910499091,14313683,103472081,251428,9420975,13611367,106264832,10083689,557263
1635340374.6748886,13588136,100858453,910778418,14080630,103091989,253965,10008792,13503034,112998769,9168444,534129
1635340374.7750235,13527308,103463713,909588590,14031481,103172494,254685,10692312,13031055,110639224,4701024,549486
1635340374.8751585,14083539,104504355,910315346,14194700,104055358,258786,10947474,12866869,101179502,4231856,572985
1635340374.975293,15037915,103486421,907371469,13682316,103481168,258688,9905877,13328166,98812928,6041345,579830
1635340375.0754268,13942457,98611177,893115132,13287961,103902865,261944,9230991,12707801,100228917,6920861,561974
1635340375.1755617,13904117,100598566,905305324,13828911,104811929,243527,9551116,14365816,104234378,6074282,537917
1635340375.2757118,13292699,108860253,909517023,14333366,102098388,240473,10373623,13233376,107586252,6792750,567182
1635340375.375847,13870954,109415667,911101207,14081430,100223708,248864,10417991,12885227,105390217,4042439,590874
1635340375.4759817,14546250,104896305,909146236,14191634,101071885,251845,10034741,13006629,101895572,6122422,597131
1635340375.5761156,14081700,99634544,908278980,13960453,102053670,257503,9572158,13296218,101826677,10195397,546106
1635340375.6762505,14557319,98224507,909381765,14367590,102985103,255557,9721559,13520413,112488634,10009486,527577
1635340375.776385,14064897,100190030,908271656,14261757,102198871,250611,10375183,13174313,112569878,8081198,537344
1635340375.87652,13811245,104188014,912280099,14531010,103757659,253698,10781374,13287035,108156055,5443686,528482
1635340375.976653,14558575,103936326,908237990,14146972,102766796,263429,10336321,12853709,103231445,4139545,571158
1635340376.1270142,14273321,97812841,891738817,13585967,102332394,263467,9421161,13172263,94275229,6231186,564165
1635340376.2271636,14164254,102365499,907130412,13479414,105050732,246329,9906048,13798183,104454629,8301979,538050
1635340376.3273065,13903071,101949819,906204563,14147473,103000666,239004,9967554,13868575,107869707,6304017,546167
1635340376.4274416,13935832,106425311,909339540,14116443,103278754,253987,10481350,12319668,105826558,5588466,577458
1635340376.5275755,13800476,104729935,911700939,14628020,99563138,242293,9671694,12536071,100640250,6782269,552080
1635340376.62771,14056590,97584384,914122108,13612776,99472833,241235,9537126,13288417,103271426,7279974,530838
1635340376.7278435,13522629,100607272,914507753,13539776,99952617,242666,9531738,13153616,102841332,9163268,519007
1635340376.8279767,13444256,99370293,915748660,13612463,100965213,243513,9955606,13450090,106173634,8098642,530487
1635340376.9281104,13284145,101413225,915262924,13331652,100361748,246672,10132023,13027362,105151534,4995726,534533
1635340377.0282342,13130522,102939034,915284253,13464791,101590342,245909,9697095,12986982,98412960,6401756,541471
1635340377.1283529,14048126,100999575,913565313,13531722,100775815,249011,9844983,12826378,101971029,5656741,549151
1635340377.2284713,14523893,100771172,911223125,14103625,102415353,261035,9720862,12920857,100843644,5511033,533039
1635340377.3285902,14175970,102682405,911819866,13645657,104893552,252996,9975971,13302042,104119822,8447732,539455
1635340377.4287083,13749383,98108026,909626690,13614232,92548647,264203,9930592,13295671,104246671,9006189,545601
1635340377.5288274,13864673,102572290,914023904,14072447,104606395,255519,10480420,13070053,106776628,6910750,554113
1635340377.628946,13885690,104387142,915639523,14360786,102531418,243154,10256598,13321704,103371575,5483028,540124
1635340377.729064,13631160,103119850,915410819,13397842,100960397,240786,9616382,14028133,98159755,5167015,529627
1635340377.8291826,13400396,101757005,915807067,13519063,100375019,242103,9176127,13281688,98121699,7200333,551419
1635340377.9293017,13627280,99123164,915586096,13578112,100777857,246207,9306654,13321483,103875359,7413871,524431
1635340378.0294206,13378876,99267658,915051252,13411764,100297795,248987,9889824,13112001,103929041,7390290,522590
1635340378.1295393,13202518,103894428,913123079,13332965,99878938,251585,10204720,13855623,103668673,8086163,521949
1635340378.2296576,14219730,105255969,912443506,14130859,102809281,241972,10015842,13574475,108029350,6142426,555275
1635340378.329776,14224646,102626844,910643651,13918692,101362557,245711,9712887,13474609,103495606,6024941,557166
1635340378.429895,14211138,100772898,911589236,14142937,101325614,264238,9687011,13226738,103075742,8496402,532205
1635340378.5300198,13909029,100079650,910550536,13606177,103884050,256566,9864769,13398336,108362020,7755677,530124
1635340378.6301396,13744059,102849413,909382614,14087446,105917963,252551,10320080,12695809,107298389,6795122,546214
1635340378.730258,14378887,103540105,911336984,14109359,104615500,245875,10415722,12641887,104893619,5549777,578378
1635340378.8303761,13888877,103182758,909343086,14258952,101982407,253173,10008188,13778527,101053111,5967324,566159
1635340378.9304945,14184868,105270078,912166948,14013919,102810689,249991,9468058,13103535,101608887,6975066,548101
1635340379.0306134,14235061,101519926,914351860,13963321,101753177,241885,9475831,12842064,104576531,6855630,528293
1635340379.1307316,13982692,99790827,913634589,13511274,100220060,248544,10257275,13791946,102897663,6693058,533499
1635340379.23085,13803703,106109214,912820125,14393509,103582313,252335,10357042,13177395,104474121,8188057,554976
1635340379.3309681,14504171,104972726,913857269,14185313,102698573,242771,9953789,13119242,107383023,6427092,579543
1635340379.431086,14762001,102703014,914666037,14374041,101307771,243031,9650718,12021447,104670627,6087132,588342
1635340379.5312047,14589184,100547162,914737463,14351070,100556471,255535,9396656,13138149,103251862,8469907,553080
1635340379.6313236,14003353,99355284,914404753,13824371,101197916,254582,9675907,12692425,108066938,7645002,520569
1635340379.731442,13200980,102060620,914806265,13529572,103070925,246451,10260473,13101189,105000857,6867419,528130
1635340379.8315601,13929444,100228696,914298139,13420376,103265165,240399,10241200,13155420,101993049,5545201,552054
1635340379.931678,13515444,99114478,914779012,13737185,101178222,243770,9761655,12847270,99339025,5860682,552730
1635340380.0317967,13199721,102249375,914784227,13603497,100764805,243566,9313309,13654789,98912760,6687558,533136
1635340380.1319153,13506866,100904174,911024015,13390842,100965840,242926,9565308,14010626,103769829,6233747,529134
1635340380.2320335,13837934,102217438,910253534,14177648,103278861,252729,10571913,13605342,103127699,6238884,538773
1635340380.3321517,13999489,105493089,910879839,14134785,104677387,246362,10259953,12815718,99567292,7171278,594745
1635340380.4322698,14540843,103863787,907389043,13937368,102564820,243943,9784480,14106020,103246487,6585138,620943
1635340380.5323877,14303901,100550762,913092010,14042400,100476387,244705,9316883,12871286,104093929,8068305,585727
1635340380.6325064,13914509,100265859,908174970,14152713,101057410,256883,9592774,13670484,105840478,8215400,538887
1635340380.7326245,13973741,102734413,910377003,13899526,102059619,267798,10431133,12909580,107461330,7705625,544410
1635340380.8327436,13681527,102064532,910840709,14214298,105984724,262405,11475900,12982567,107086530,4130286,570790
1635340380.9328623,14530377,101856429,914678668,14158273,105194754,251449,10296724,12163439,102594079,5426326,623380
1635340381.032981,13521609,98537120,913882901,13798493,104029779,243818,9605319,12985664,100308627,5813249,565197
1635340381.1330996,13535772,102666681,912718037,13832203,100550823,244082,9241304,13387225,102889602,6872073,544058
1635340381.233218,14039534,101821905,910094352,14046396,105054817,261776,10254181,13557131,100127853,4317827,527961
1635340381.333337,13852825,105213532,911947863,14037714,103382784,243962,9974085,11864764,104406930,5807601,588341
1635340381.4334555,13851029,102894629,909465167,14150668,100795319,239830,9642921,13108653,101984298,7987081,607888
1635340381.5335734,14147871,101453474,912382050,14077057,100947569,252359,9625010,13382566,101303228,4419734,603594
1635340381.6337135,13835674,101623113,914041305,13580509,99279531,245742,9531346,13480601,106331621,8683348,533825
1635340381.733853,13514215,99552914,913611218,13598409,100347442,245572,9829131,13370205,107244308,6756409,537312
1635340381.8339887,13378168,98681978,913805733,13555064,100855007,255886,10026981,13277421,102164045,6260817,541560
1635340381.9341211,13042161,99565470,913795029,13351583,102635892,249170,10750596,13210148,101888350,6854035,536538
1635340382.0342567,13958904,100271544,914113053,13419915,104293574,244580,9803159,13175012,102330641,6190071,576177
1635340382.1344097,14247053,101177716,919587157,13714443,96946845,236666,9943819,13724642,102279359,6135251,526386
1635340382.234558,12816218,97111941,914270647,13791971,102998415,249572,9644315,13489792,98682443,3385147,532017
1635340382.3347037,13600591,111421500,889379227,13376659,97213609,264803,9957360,12790598,110047032,9854505,555760
1635340382.4348383,13113432,105600273,847239198,13448256,104840383,262782,10521228,12393830,103763838,8922276,562585
1635340382.5349727,13468377,105512344,846470347,13715642,102290735,262636,10098574,12941932,103565407,12816997,626500
1635340382.6351073,13377449,101939383,849822895,13521966,101401835,266994,10299786,12849161,110204054,12324608,541686
1635340382.7352421,13601996,98708368,853325201,13791367,104357647,280551,10649764,12915484,108230443,12099389,530705
1635340382.8353765,13948550,103696976,853431174,13730904,103778894,286103,11258619,12759511,107182967,6837094,477768
1635340382.9355116,13431978,105007695,852029994,13795125,104689582,283329,11127588,13201760,101543428,8671411,538968
1635340383.0356472,13543244,102255787,852112183,13541481,105836956,262945,10389788,13100969,101012897,9451828,560128
1635340383.1357827,13298425,101712476,823636248,13454234,98401866,253874,9791213,12995815,101161624,10235028,554009
1635340383.235931,13459222,108099497,852907901,13657967,98879323,227287,9856938,13186078,108728255,14462694,543477
1635340383.3360736,13598822,99508210,828947748,13133827,104256834,245227,10394468,12914970,108597757,8541363,485759
1635340383.4362097,12968134,107820466,835889790,13225067,105214435,238926,10046652,13286375,93583740,6497627,548076
1635340383.536345,13214145,100754955,833853083,13037004,102703419,239007,9700683,13385427,103133000,11514122,574832
1635340383.63648,11972901,99530298,864486105,12291701,100548668,252375,10561071,13393882,108677604,9624937,523626
1635340383.7366154,12734280,102081686,908650631,13402923,101443635,235647,9703841,14946127,103358823,6630426,556226
1635340383.836755,11301965,89125708,785233222,10801730,93188242,210751,8696670,12366810,90776411,8004469,483315
1635340383.9368901,9389514,83424868,684216017,8890833,84139344,180289,6995790,10979711,85261395,11030371,471777
1635340384.0370219,8891195,84145209,684208012,8939203,82615727,178458,7368321,10912730,87116646,11367224,508222
1635340384.137155,8886740,83187751,684620557,8753267,81939780,183274,7363660,10746662,87515277,10461800,474141
1635340384.2373083,8939409,83896057,684696654,8732526,82259012,177628,7557190,10647195,91748367,11380866,481191
1635340384.3374527,8955519,83502955,684560039,8693717,82839231,182019,7905714,10797042,88057003,10983690,472247
1635340384.4375799,8867689,82033408,684321874,8822432,83341624,178247,8620207,10680000,85707842,10980246,483319
1635340384.5377035,8498793,82166163,684070268,8780845,82876779,184769,7483405,10760186,86311992,11005528,489147
1635340384.6378272,8796503,83375239,684476384,8805823,83474852,181733,7508508,10671026,86291028,10825011,467878
1635340384.7379498,8775612,83902713,684421393,9063672,84784917,180322,7533673,10837658,86261001,10147867,459505
1635340384.838073,8958233,84022010,684888759,9057547,84451380,180939,7599173,10852218,85031516,10431383,465413
1635340384.938196,9128446,87590176,683739508,8858979,82345352,181759,7554476,10861215,84677111,10442232,471865
1635340385.0383184,9867624,85194309,684171067,8777952,82538556,178185,7030206,10883344,84814824,11020291,481579
1635340385.1384416,8913905,83438133,684468920,8869701,83021912,175932,7395955,10935345,86861667,11063653,501415
1635340385.2385683,8964816,83464728,684446813,8788041,81175544,178326,7393273,10718585,86021721,12742558,486070
1635340385.3386955,8809106,82592317,684835030,8766136,81939441,179855,7640223,10654181,91080332,12044464,471595
1635340385.438818,8915684,83438358,684548214,8704435,81931731,179032,7831662,10369630,89392280,10968016,466861
1635340385.5389411,9013696,81699179,684421478,8803773,84128888,179697,8286705,10876720,86554178,11059774,471495
1635340385.6390638,8317725,81005938,684301396,8864381,83577639,182649,7160904,11777791,85361594,11043728,468131
1635340385.7391858,8637705,82546400,684671117,8927035,84208785,176686,7279363,11572605,84229598,10960318,454698
1635340385.8393078,8748049,83411962,685053188,8984144,83911464,178079,7570870,10764074,86394752,10329499,464304
1635340385.9394312,8876446,83818086,684252329,9098540,84721459,177573,7451561,10739463,84397523,10201775,462103
1635340386.0395544,9087694,86809767,684540098,9039925,83589046,178436,7564308,10866670,83943104,10448690,487050
1635340386.1396766,9675534,86279711,684292935,8908786,83253360,180396,7268793,10934754,85045345,10815868,497029
1635340386.2398052,8930000,83906300,684453478,8883572,83588762,181512,7261575,10815878,86089437,10995248,498592
1635340386.3399315,8971004,84958848,684864782,8915771,82664446,177285,7443851,10821296,86548727,12216145,482232
1635340386.4400766,8950037,83327578,684258523,8789567,82042372,175810,7568553,10706204,89662865,12086617,472963
1635340386.5401993,8820131,83105054,684499079,8728140,81902931,178320,7810860,10864768,89768179,10928996,466032
1635340386.6403213,8883917,82266388,684315640,8662447,81673992,179128,7754134,10720274,86305951,11283001,473909
1635340386.7404444,8788674,81784913,683759367,8791961,83189977,179649,7604096,10835811,87819670,10995455,465509
1635340386.8405674,8733841,82704681,684318916,8878322,83418823,182992,7491773,10782505,86454618,11014771,480712
1635340386.9406905,8765032,83333100,684067865,8932117,83788152,184251,7634311,10762754,85871880,10761768,466583
1635340387.0408144,8888378,84400669,684086403,9023243,83664517,180358,7599124,10864067,86522778,10227165,470124
1635340387.1409373,9033174,85300391,683930471,9117295,84719800,179562,7552240,10895200,83935535,10491935,472641
1635340387.2410662,9324802,86316195,683723346,9080622,83800935,176551,7507234,10910784,85232809,10606018,475179
1635340387.3411918,8966215,84067635,683872062,8928631,84056639,179245,7336770,10903328,85227555,11057136,454731
1635340387.4413142,8913096,85148594,683325554,8997624,84810270,178949,7470037,10942854,87151134,11854443,454990
1635340387.5414367,9180060,84543655,679354774,8945651,82322354,177967,7573532,10822002,89129232,12166440,449574
1635340387.6415596,5686176,53582887,465056253,5710473,53677624,121455,4983152,7692056,54986756,5908870,315523
1635340387.7416818,5494630,51893089,455940193,5570244,51524123,116114,4658960,7253684,52729241,5773842,307239
1635340387.8418052,5629918,52682023,456058619,5625735,52211920,110696,4347182,7445757,53729339,5843920,315402
1635340387.941928,5517833,52095701,455764770,5597713,52164780,113623,4704312,7480706,53348539,5807824,319098
1635340388.0420496,5540517,52168083,455553393,5559134,51831933,112592,4737026,7453575,53312940,5780437,308432
1635340388.142172,5493589,51418733,455316171,5477910,49943915,113660,4687389,7421390,53162489,5808547,304870
1635340388.2422953,5495314,51931005,455024188,5575628,51936033,116364,4650318,7476027,53180974,5763760,306015
1635340388.3424177,5514977,52166736,455828313,5557633,51791359,117048,4771137,7459326,53712773,5810113,312662
1635340388.4425387,5505967,51173754,455825676,5548125,52481759,115818,4665962,7262598,53190180,5806010,300871
1635340388.542661,5496824,51942069,455601783,5603992,52572327,113099,4719151,7461172,53430395,5774069,299852
1635340388.642782,5527146,51810065,455766491,5567526,52265734,116805,4731512,7589382,51247775,3092413,303765
1635340388.7429037,5465392,51628408,455343021,5549623,51841223,117894,4711988,7484811,54214605,5849262,310973
1635340388.8430247,5594460,52438557,455625979,5563068,52103524,113936,4700480,7443362,53656786,5834425,306541
1635340388.9431472,5434084,52133403,455650846,5595567,52016132,116329,4732593,7373923,53234921,5821043,299899
1635340389.0432692,5472355,51522564,455567373,5563393,52331635,117144,4714023,7313010,50950504,4499657,299318
1635340389.1433907,5540648,52044479,455590314,5458971,51678996,117124,4766732,7507075,53595463,3838069,306013
1635340389.243513,5582528,52103615,455719615,5634646,52611825,117726,4725408,7468101,53680010,5822531,306599
1635340389.3436358,5622082,52772382,455751147,5597494,51796014,114452,4643906,7414063,53446318,5808431,309799
1635340389.443758,5554597,52328260,455759039,5623189,52700147,115694,4741794,7337903,53379054,4495963,310654
1635340389.5438788,5536775,51669051,455614850,5570169,52434126,116777,4710296,7417231,53558536,5798110,314155
1635340389.6440003,5611225,51879627,455607495,5412373,51119362,116249,4737969,7390518,53185011,5803677,314355
1635340389.7441216,5636475,52267095,455737169,5521264,52077864,116538,4722120,7285723,53315800,5808648,309879
1635340389.8442426,5579382,52866988,454813912,5531504,51232969,114052,4651338,9100089,50724485,3915241,297711
1635340389.9443648,5605026,52489771,454756863,5621186,52971805,114367,4816973,7378719,53861044,5849264,296444
1635340390.0444875,2656414,26602094,290895725,2823415,26476761,72596,2354191,4862405,31579158,3728235,194120
1635340390.144609,2187292,21076195,227587953,2188095,20951096,57844,1857568,3618044,19706080,584090,144188
1635340390.2447307,2169468,20760377,227821342,2200965,21019916,55446,1858050,3920675,20440593,600693,141363
1635340390.3448522,3431983,31246314,228183520,3426590,31106904,71516,2802464,3550470,33026205,5227604,174046
1635340390.4449747,3418938,31196229,227681028,3411754,31021384,72203,2885442,3509477,32826485,5204511,172739
1635340390.545096,3453173,31310231,227437966,3431717,31143534,72626,2890194,3472760,32699966,5195898,178441
1635340390.645217,3442835,31176010,227840496,3430047,31304054,73519,2900230,3496590,32790435,3888009,166513
1635340390.7453384,3306088,30035712,227727768,3440953,31244787,73422,2901298,3479409,32798204,5240059,166156
1635340390.8454587,3393782,30905902,227907437,3434881,31126361,73328,2882904,5202802,30219844,5203260,171037
1635340390.9455793,3345616,30803602,227809736,3438233,31105947,73340,2869835,3485535,32766664,5223413,169776
1635340391.045701,3443544,31145053,227694204,3426841,31175981,69666,2890341,3467410,32701325,5224097,172780
1635340391.145827,3439776,31314005,227805393,3453663,31364814,73033,2891786,3996138,31663252,4288665,172139
1635340391.245953,3455229,31328738,228197568,3430588,31282430,77566,2916723,3971130,32151442,4818433,175899
1635340391.346077,3437085,31402092,227954987,3425681,31282948,79101,2903312,3494461,32977386,5277872,172640
1635340391.4462,3444415,31217393,227513690,3402439,30173463,76152,2590257,3499331,32799186,5242596,171269
1635340391.5463252,3458208,31578138,227634305,3456594,30694032,73912,2379419,3500548,32882987,5274678,167755
1635340391.6965168,3471150,31731465,227515311,3472507,31690593,79101,2911281,3518124,33047165,5291569,166991
1635340391.7966433,3486782,31719588,227567140,3480302,31817636,80681,2929147,3541499,33262797,5309425,169232
1635340391.8967664,3494963,31826014,227289982,3481349,31692543,81980,2941587,3537857,33243601,5308829,168233
1635340391.9968963,2732849,25035793,177266599,2658450,24427493,61055,2235916,2731082,24711270,3847400,123493
1635340392.3973858,1026888,7920311,74689081,216067,5531449,12300,544478,1346476,5365752,769542,48662
