1635289242.7461028,3681230,34641544,228232590,3602115,32784941,63400,3105366,3514462,35422005,5337069,49288
1635289245.149085,3654054,34975839,228024716,3532976,35243150,67294,2557485,3582330,35433194,5266712,36775
1635289245.3493233,3575668,34969389,228089605,3602395,34873717,66336,2582293,3652185,35380817,5357074,61084
1635289245.4494429,3630396,34958682,228043311,3605452,34933565,66251,2542642,3582582,35369567,5363681,53611
1635289245.5495617,3623852,34823108,228111110,3620436,34874954,68744,2558571,3499783,35251177,5427157,54402
1635289245.7497988,3476939,35379362,5355668,50839,3571330,34840663,228112319,3642143,34637221,68936,2732310
1635289245.8499174,3543720,35271534,5338267,42539,3664860,34663021,228094977,3508021,34599936,68117,2501085
1635289245.9500072,3581176,35157546,5418808,62869,3588939,34592458,228005918,3570839,34718050,67140,2569654
1635289246.0501266,3564325,35088338,5343873,55532,3661792,34559978,227990120,3650063,34618261,68265,2513327
1635289246.1502464,3490259,34952170,5407629,57467,3504319,34362620,228100373,3613638,34698556,68200,2695268
1635289246.250366,3620359,35285237,5353172,57633,3536686,34524561,227926820,3621494,34625933,67669,2558551
1635289246.350485,3569618,35068628,5361588,63250,3722015,34684766,228000603,3611236,34573211,69258,2577455
1635289246.450604,3558741,34555877,228026340,3640644,34595582,67710,2585357,3582602,35016046,5325267,60904
1635289246.5507228,3607507,34527705,228091210,3608941,34604292,66915,2592438,3493635,35285650,5337348,59087
1635289246.6508422,3631384,34554154,228104674,3642830,34471384,66530,2398748,3620047,35354471,5312314,61291
1635289246.8510807,3543027,34904685,5338729,58051,3448848,34337116,227999311,3627394,34137538,65683,2667221
1635289246.9512007,3555714,34945234,5320480,54420,3546212,34262699,227999900,3562057,34122921,67347,2627888
1635289247.05132,3564927,35198036,5378305,74130,3590729,34301171,228090813,3631324,34304676,66153,2604170
1635289247.15144,3576156,34935181,5331129,63566,3627743,34439572,228100752,3590370,34217572,65806,2658557
1635289247.2515597,3637601,35253114,5275150,65766,3393740,34239654,228087144,3593674,34316531,68118,2685231
1635289247.351679,3648844,35285392,5311845,71475,3739152,34204198,227959195,3602273,34182389,65820,2543126
1635289247.4517987,3632547,35056749,5349416,69491,3717604,34165500,228076997,3597035,34171637,67735,2489824
1635289247.5519176,3699617,34223606,228026700,3575416,34338444,66764,2559566,3639627,35154755,5184740,57799
1635289247.6520371,3609393,34245302,228027437,3612407,34239033,66932,2689552,3396913,35255714,5273032,66480
1635289247.7521563,3599408,34292773,228046520,3591516,34307426,67643,2666750,3747158,35484198,5320280,67008
1635289247.9523945,3434318,34888429,5348509,63360,3605226,34089165,228127487,3630145,34311013,68032,2729645
1635289248.052514,3583542,34850029,5336724,60578,3738485,34111029,228075155,3529676,34009969,67096,2565494
1635289248.1526334,3634426,35108615,5340597,72793,3539677,33495569,227884214,3727093,34256684,65834,2553330
1635289248.252752,3582259,35141211,5394182,74376,3590038,34100504,228029729,3592674,34034061,67362,2698640
1635289248.3528724,3413912,34641599,5455124,66543,3529945,33960534,228087236,3681049,34006537,67192,2351199
1635289248.4529922,3621797,34779986,5330900,68077,3828495,34142578,228224369,3584627,34203567,67254,2349430
1635289248.5531118,3570592,34882032,5422715,70685,3714260,34163657,228039114,3624758,34038762,71850,2729187
1635289248.653231,3651538,34009711,228100701,3650237,34095543,70093,2571658,3681140,34734413,5459358,72827
1635289248.7533507,3585143,34053884,228089146,3576724,34254135,70111,2725515,3490531,35082733,5300366,68517
1635289248.8534696,3664403,33921676,228038447,3640995,34145817,66656,2680294,3404151,34711653,5415441,66597
1635289249.0537102,3621836,34974008,5296002,76493,3575243,33944514,227988270,3644444,34088766,69802,2681645
1635289249.1538308,3532383,34840951,5324392,58506,3576108,34056741,228040622,3644861,33979047,66269,2474509
1635289249.2539508,3654339,35131365,5365420,62976,3715337,34120997,228039382,3553960,33963312,67215,2644385
1635289249.3540704,3633129,34741874,5322876,65019,3585565,33979816,228130273,3740529,33967945,65395,2693143
1635289249.45419,3727434,34957926,5400877,74532,3670093,34004776,228012521,3629236,34010090,65831,2471177
1635289249.55431,3628879,34973861,5308889,78760,3324602,33965961,228071043,3622836,33871658,66735,2696960
1635289249.6544297,3647554,34999582,5327018,79901,3736145,33897770,227973491,3600745,34041714,66317,2713963
1635289249.7545493,3756443,34107625,228334370,3619407,34237883,66291,2624039,3573323,34928934,5466215,76628
1635289249.8546703,3666748,34186295,228148873,3679315,34133559,66883,2641726,3857257,34908952,5335966,78544
1635289249.9547904,3623386,34057856,228017623,3737757,34238287,67258,2672303,3471621,34826005,5443101,74501
1635289250.1550286,3663413,35030054,5447085,76089,3658440,34152026,228063841,3754945,33961104,66234,2648220
1635289250.2551475,3702401,35261784,5420296,75314,3533736,34071968,228052534,3747733,34060147,68130,2523365
1635289250.3552666,3683182,35169691,5428547,80525,3593890,34217977,228008871,3794303,34037751,68475,2531975
1635289250.455386,3673370,35067601,5396573,78889,3605720,34133483,228095405,3754374,33995968,68319,2474365
1635289250.5555043,3660604,35020974,5402911,78538,3551957,33898826,228064615,3708794,34150124,68050,2680790
1635289250.6556232,3638984,35054261,5415964,76037,3485250,34026873,228035967,3757480,34154489,68076,2297319
1635289250.7557423,3598593,34809390,5479714,74090,3638874,34027395,228108868,3668552,34178172,66478,2678302
1635289250.855861,3766884,34044747,228084295,3621316,34156370,67987,2694722,3635760,34966937,5156770,74940
1635289250.955997,3698989,33355405,227921426,3535864,32060190,68271,2692958,3588004,34873955,5517848,67100
1635289251.056117,3761721,34358899,229240827,3640285,34252174,67142,2706905,3508921,34279273,5283804,83475
1635289251.1562362,3616185,34015581,228040848,3672966,34069522,68267,2240278,3654755,34669751,5378217,74436
1635289251.256356,3773272,34137830,228066492,3766565,34036354,68499,2891458,3690854,35178193,5365426,79965
1635289251.3564756,3543403,34045401,228077576,3762591,34084162,70809,2518127,3665126,35204245,5403231,83015
1635289251.4565952,3644762,33927047,228017837,3653886,34032967,67923,2505248,4508567,33638948,5449546,79310
1635289251.5567145,3746825,34012707,227984845,3758180,34245795,68140,2686604,3645974,34889752,5442367,75979
1635289251.6568336,3733827,34112666,228068256,3547768,34065794,67066,2684714,3610436,34580825,5346732,71954
1635289251.7569525,4520827,34062640,228079066,3629485,33974370,69477,2667195,3640181,35003884,5336457,80200
1635289251.8570714,3337072,34084367,228118078,3739511,34038539,70213,2604270,3652134,35148313,5406253,62250
1635289251.95719,3526198,33993114,228182384,3766088,34059861,67811,2550919,3624492,34878603,5300866,99584
1635289252.0573094,3819293,33953980,228127220,3639041,34120026,66848,2681352,3441590,34984442,5865892,66829
1635289252.1574283,3773843,34015632,228078426,3615861,34104618,68119,2702506,3468461,33910085,5316394,75660
1635289252.257547,3605794,34060266,228012212,3757148,33965007,70043,3158550,3768244,35749293,5388499,73511
1635289252.3576665,3599549,34206549,228029901,3765353,34005949,67633,2253515,3608722,34919804,5422168,77398
1635289252.4577856,3760803,33877933,228047201,3594946,34152715,66166,2694987,3595399,34900897,5445371,77689
1635289252.5579045,3775121,34097451,228377862,3667434,34169343,71881,2608506,3571384,34767297,5492063,75584
1635289252.6580245,3617501,34124340,228059733,3738106,34070153,72512,2736173,3666013,35002030,5314268,74633
1635289252.7581432,3749483,34136901,228155656,3572351,34033170,72586,2606127,3637171,35115328,5388116,76279
1635289252.858262,3916346,33717030,228122707,3707901,34190420,70444,2709958,3627933,34816289,5395663,62996
1635289252.958381,3345562,34051228,228020948,3681299,34128263,71738,2728358,3660353,35039656,5461608,64699
1635289253.0585055,3746139,34080192,228121655,3769230,34035734,68093,2561370,3671954,34228333,5467971,93007
1635289253.158632,3713726,34082582,227988306,3619978,34258736,68165,2715289,3637462,34601977,5224845,71718
1635289253.2587504,3767630,34016735,227998281,3706456,34166776,68762,2362838,3692474,35438032,5446515,75029
1635289253.408936,3625092,34091923,228051411,3766385,34175015,68402,2241995,3440766,34535016,5418564,78768
1635289253.5090568,3769033,33987870,227992864,3616841,34086622,67069,2854472,3707679,34951032,5452310,75612
1635289253.609175,3765467,34131703,227979370,3760333,34100250,70080,2626709,3689330,35133463,5357347,63687
1635289253.7092936,3728155,34012421,228112057,3656394,34086768,68786,2505405,3721267,35045394,5449383,78588
1635289253.8094118,3732843,34171640,228032699,3751897,33971080,67277,2699352,3641218,34718225,5355791,73411
1635289253.90953,3561108,34216025,227953719,3724109,33857618,68934,2318718,3648806,35058314,5452970,78161
1635289254.009649,3768324,33995441,228222583,3754914,34087003,67731,2590194,3561793,34722290,5431044,65597
1635289254.1097677,3625080,34040376,228067663,3611236,34095755,68650,2715727,3665672,35036536,5418896,71039
1635289254.2098863,3647686,34065280,228034899,3770230,34086066,69032,2530675,3628777,34844665,5412759,75599
1635289254.3100145,3832021,33998473,228159034,3626337,34040364,68379,2675547,3670688,34954286,5378796,77513
1635289254.4101334,3644344,33988809,228042008,3767524,33918771,70118,2538324,3659165,34781501,5326837,74419
1635289254.5102544,3672864,33924039,228002891,3680986,34015355,67083,2686757,3630657,35370210,5440838,77765
1635289254.6103737,3741279,34010723,228118285,3722700,33929956,69209,2777490,3623353,34947341,5358628,67063
1635289254.7104926,3530545,34105862,228094043,3754376,34051387,68645,2559578,3660949,34941834,5421629,81178
1635289254.8106127,3765498,33866416,228025186,3603838,34074387,66301,2839412,3581485,34689014,5428619,78295
1635289254.910732,3619519,34027318,228087018,3695064,33937125,67908,2518661,3681189,34998812,5415418,80998
1635289255.0108514,3752226,33826642,228278009,3774654,34207703,68471,2694818,3736745,35190607,5483162,77491
1635289255.1109703,3785713,34025763,228106669,3739118,34052610,71454,2733238,3660740,35313100,5333728,80858
1635289255.2110896,3621136,34031510,228060552,3703227,34019754,72230,2464744,3676645,35001233,5456385,79074
1635289255.3112087,3885855,34054850,228090198,3628044,34059814,71714,2726677,3664285,34839915,5342785,69975
1635289255.4113278,3533421,34044493,228077366,3764776,33936731,69020,2463113,3673350,34938833,5311274,80529
1635289255.5114467,3762488,34039835,227958029,3681151,34006446,67909,2668307,3538168,34652287,5510156,69285
1635289255.6115663,3768429,33946239,228129758,3707786,34047560,67862,2679152,3697258,34831539,5433233,78309
1635289255.711686,3367017,34061323,228130551,3750306,34115161,67846,2489989,3501494,34449723,5410967,77898
1635289255.811805,3746752,33897445,228104987,3676299,33951273,70555,2791434,3590571,34804889,5380432,77830
1635289255.9119244,3621306,34111043,228046097,3766518,34003220,68698,2701813,3689314,35184405,5445893,78783
1635289256.012044,3755080,34103199,228136519,3645001,34116814,68047,2590532,3470420,34833058,5516409,69509
1635289256.1121633,3620235,34264615,228128052,3825870,34037247,69926,2551514,3664954,35006783,5462874,75020
1635289256.2122827,3755189,34167460,228142267,3736852,34041350,68107,2674751,3551585,34477824,5306018,58980
1635289256.3124022,3573473,34068893,228139267,3576129,34009075,69205,2703808,3664143,35019478,5446030,78165
1635289256.4125206,3759028,34019338,228014960,3763827,34150986,67867,2664175,3543386,34651023,5515166,75626
1635289256.5126402,3760308,33972715,228079708,3664916,34116403,68425,2667795,3683489,35127192,5469566,76104
1635289256.6127594,3539036,34041887,228097161,3771792,34003766,67247,2737953,3455335,34793925,5364702,68881
1635289256.7128787,3772757,34049509,228076247,3667286,34075479,70080,2704076,3654136,35356459,5429981,75323
1635289256.8129976,3557860,34091129,228214964,3715425,34115240,68390,2724046,3616685,35325905,5392544,74949
1635289256.9131165,3752417,34208418,228065388,3769604,34117814,69000,2460959,3542259,34892669,5396967,71966
1635289257.013235,3722357,34100916,228123053,3650408,34109349,67662,2715670,3688022,35186949,5442696,75278
1635289257.113354,3730516,34146581,228015284,3748497,34113528,73973,2734349,3649757,34823425,5350447,70175
1635289257.2134724,3772797,34026480,228050481,3578731,34078474,73141,2609137,3662201,35145344,5458544,74100
1635289257.313591,3780309,34150890,228000267,3702271,34374187,71495,2691556,3656794,35040959,5348085,75939
1635289257.4137099,3776566,34136662,228152868,3776371,34228933,68692,2473357,3677351,34930583,5477788,73755
1635289257.5138283,3729421,34108221,228105488,3647496,34243301,68876,2740445,3689835,35297472,5422241,75006
1635289257.6139472,3533749,34132662,228109428,3770164,34163978,68585,2713228,3612241,34945878,5404068,71102
1635289257.7140653,3768048,34244999,228124836,3654659,34152798,69489,2583471,3662495,35203589,5444421,73351
1635289257.8141842,3611836,34233587,228078353,3751026,34231809,67843,2676927,3677613,35003403,5471336,72124
1635289257.914303,3739555,34439884,228090673,3765321,34082796,69133,2467311,3756565,35215434,5471434,88270
1635289258.0144215,3768161,34229158,228089626,3605935,34202816,68510,2648331,3439389,34754685,5431717,75107
1635289258.1145403,3626616,34265959,228099899,3757936,34227109,68605,2725382,3780693,35234292,5446232,75354
1635289258.2146587,3772711,34102593,228050457,3711844,34066027,66725,2840293,3545014,34835966,5506476,69709
1635289258.3147771,3605898,34076958,228070619,3810240,34017599,68537,2246745,3700106,35328356,5445238,74838
1635289258.4148965,3779175,34145087,228023977,3550700,34123716,68873,2665294,3684722,35046830,5374517,75768
1635289258.515015,3769319,34081343,228046994,3762424,34080709,69736,2558174,3678457,35266407,5478344,74946
1635289258.615133,3658293,34167487,228107329,3690724,34164111,68217,2697049,3670403,35151846,5350117,66760
1635289258.715252,3741003,34069906,228114124,3765599,34111284,68050,2630105,3708963,35040410,5478266,75400
1635289258.8153713,3546113,34296350,228074825,3594431,33999088,71548,2675117,3674455,35132722,5387553,67170
1635289258.9154906,3942964,34272619,228115378,3759458,34338633,71876,2529214,3585716,34959174,5501153,82128
1635289259.0156097,3773009,34131517,228053763,3669834,34235779,72516,2685105,3680907,35164698,5424716,72206
1635289259.1157293,3531493,34153218,228099642,3777578,34199565,67710,2611746,3465703,34879350,5439150,76739
1635289259.2158566,3778342,34330872,228065564,3746630,33271206,71467,2670193,3761065,35041026,5441247,72335
1635289259.3159823,3706848,34280755,228089896,3690391,34245647,68446,2682016,3699614,35473529,5493150,74739
1635289259.4161124,3656200,34349941,228060067,3795752,34205013,69541,2211178,3674244,35175289,5421059,66963
1635289259.5162327,3740456,34332157,228004815,3536757,34137372,70105,2443623,3680405,34920674,5466347,71500
1635289259.6163523,3551531,34342839,228150457,3761561,34260051,68008,2701377,3693344,35111648,5495046,75840
1635289259.716471,3773702,34228232,228252164,3754164,34348222,68927,2699990,3628835,34835905,5468541,72205
1635289259.816591,3759375,34256684,228369231,3755734,34420943,69073,2493647,3690785,35241670,5514498,71065
1635289259.9167132,3780808,34212797,228224291,3631425,34382190,67960,2701917,3680443,35337070,5472988,73911
1635289260.016833,3609896,34325152,228097750,3774109,34248147,67505,2696344,3620283,35053514,5337478,57985
1635289260.2170713,3776765,34183510,228005571,3624410,34272743,68926,2734261,3635455,35345801,5510886,71982
1635289260.3171906,3615942,34199903,228021854,3772154,34152502,71303,2693544,3725454,35338115,5454293,73165
1635289260.4173105,3757786,34277731,228082722,3770060,34142376,73990,2363491,3477541,34665677,5538585,65419
1635289260.6175487,3665941,35159461,5461331,72795,3774717,34310179,228065110,3710266,34444496,74439,2697783
1635289260.7176676,3674574,35206575,5405655,72275,3771229,34135957,228004453,3755546,34338855,68456,2581425
1635289260.8177862,3605225,34811196,5490326,70636,3772298,34232975,228148441,3645161,34231432,69631,2613816
1635289260.9179058,3678910,35264185,5463686,72725,3755443,34249538,228298082,3673645,34345403,68919,2709307
1635289261.0180252,3714094,35125348,5319355,67109,3620059,34375807,228346116,3768888,34236049,69967,2685882
1635289261.1181443,3703286,35558567,5482491,69896,3762472,34213458,228194801,3628128,34310134,69246,2713340
1635289261.2182624,3687511,35410042,5436598,71171,3667966,34472657,228368039,3783774,34317022,70958,2704847
1635289261.3183813,3755332,34444250,228522708,3745329,34297518,71517,2582695,3738787,35336171,5386358,71051
1635289261.418511,3689205,34256027,228220944,3715641,34304466,68475,2694708,3537388,34009313,5228964,73319
1635289261.51863,3721083,34210176,228161248,3755573,34335958,70374,2676686,3681616,35017953,5339013,66877
1635289261.718879,3692547,35210508,5468620,72301,3789622,34410879,228309628,3830186,34151098,68622,2719437
1635289261.8189993,3674731,35350517,5464515,72467,3803693,34373867,228229495,3767314,34380085,68914,2692481
1635289261.9191191,3605665,35112063,5427573,69497,3786923,34411637,228407926,3580927,34339955,71780,2565378
1635289262.019238,3685832,35517474,5531186,71954,3646847,34368706,228279591,3759895,34335154,71946,2721034
1635289262.1193564,3690813,35291815,5466244,71831,3740207,34271415,228241324,3792874,34256672,71444,2741365
1635289262.2194753,3507518,34779250,5441228,63298,3750565,34375647,228210858,3770916,34338930,73073,2700812
1635289262.3195937,3699572,35197998,5477755,73713,3759671,34323166,228298610,3625887,34411345,69188,2687942
1635289262.4197123,3770338,34381735,228233024,3763868,34400851,67953,2585276,3637669,34692474,5191118,58190
1635289262.5198305,3789440,34208996,228273559,3644888,34309130,68961,2679766,3444519,35290787,5506088,72524
1635289262.6199493,3645960,34281174,228253643,3780381,34278804,69834,2704914,3737980,35319256,5477073,73966
1635289262.8201988,3658317,34989449,5430378,65471,3777508,34276090,228339123,3642681,34271821,69665,2650168
1635289262.9203181,3725714,35362277,5466559,71713,3567878,34405875,228266181,3744348,34301235,70347,2707033
1635289263.0204377,3687985,35331185,5491233,74234,3770032,34324700,228227951,3773786,34276336,69004,2724917
1635289263.1205566,3595960,34885927,5484180,71200,3782730,34319374,228257893,3772239,34182848,71346,2474877
1635289263.2206752,3681407,35374359,5495660,74140,3727007,34148239,228357593,3671243,34440944,69439,2675617
1635289263.3207936,3669987,35376769,5391515,74973,3349166,34409468,228413600,3778415,34420158,69856,2352184
1635289263.4209127,3608993,35027660,5507247,71836,3790167,34273174,228165411,3676589,34312562,70859,2691336
1635289263.521032,3608848,34289528,228216515,3765158,34299701,73283,2701204,3688767,35269379,5488958,73943
1635289263.621151,3768829,34289288,228253254,3796320,34277757,72458,2571195,3845766,35786619,5423255,63877
1635289263.7212703,3776890,34232301,228295106,3638665,34321327,72596,2724022,3523629,35155313,5504691,73447
1635289263.9215093,3680880,35387889,5504519,73195,3758353,34280431,228198546,3784786,34311201,69140,2702315
1635289264.0216277,3615638,34807375,5412336,57089,3779616,34230250,228205160,3649071,34389358,69520,2608110
1635289264.1217468,3685216,35229500,5481145,74093,3650601,34349556,228202972,3759618,34299582,68617,2699607
1635289264.2218654,3686607,35159331,5377261,66554,3774961,34221852,228271011,3718966,34351011,69549,2686908
1635289264.3219848,3684352,35093063,5498605,72002,3577917,34249042,228247110,3646086,34332220,70099,2518833
1635289264.4221041,3673031,35194140,5473239,73390,4198562,34204979,228271405,3741268,34274105,67771,2712268
1635289264.5222225,3701952,35104542,5410674,74812,3802188,34179084,228176314,3783694,34192619,68601,2501667
1635289264.622342,3783617,34168401,228255704,3640073,34218562,68378,2703927,3686430,35354321,5466985,74433
1635289264.7224612,3630867,34234147,228313262,3789592,34219380,69309,2694459,3536441,34702780,5495670,74564
1635289264.8225794,3783381,34335267,228375886,3786516,34224351,69178,2428938,3488588,34860918,5463203,68236
1635289264.9226995,3773593,34243268,228215964,3614647,34381104,69296,2214230,3638828,35415186,5456834,73287
1635289265.0228186,3770765,34202258,228409266,3778663,34347514,67155,2698215,3678736,35372722,5418529,73709
1635289265.122938,3789780,34215074,228437738,3686428,34277276,72006,2690622,3622796,34952530,5515575,73288
1635289265.2230563,3675488,34259598,228427789,3691140,34223017,73391,2585626,3694098,35354077,5484135,73759
1635289265.3231745,3777640,34209035,228091683,3789997,34259715,71116,2714218,3696667,34970891,5391277,67191
1635289265.4232929,3783892,34282044,228227931,3784483,34272963,69816,2697964,3687310,35476160,5492075,72650
1635289265.523412,4569455,34477990,228604045,3682529,34409240,69857,2687657,3708251,35275801,5488349,72739
1635289265.6235309,3558041,34322323,228190790,3788286,34251379,70073,2662384,3588042,34845225,5427912,101184
1635289265.7236495,3644006,34450957,228351882,3735542,34269733,70735,2578045,3701820,35294465,5391985,55158
1635289265.8237689,3848896,34362069,228517941,3634027,34445910,70162,2703499,3696764,34916186,5486606,72460
1635289265.923888,3641573,34389785,228337807,3776617,34412974,69554,2724340,3903587,35787611,5503417,70700
1635289266.024007,3799825,34292974,228507000,3678568,34380979,71067,2961686,3683204,35422282,5454280,71782
1635289266.1241264,3443304,34365009,228260710,3768945,34380254,69676,2556498,3644890,35118508,5488905,73467
1635289266.224245,3799727,34388721,228196273,3785726,34311367,71693,2533035,3695125,35273493,5411105,70926
1635289266.3243642,3801008,34306723,228375660,3685053,34360008,69887,2650531,3695014,35298665,5497600,73257
1635289266.4244828,3640417,34493524,228236495,3787812,34346476,69231,2728970,3652826,35544174,5497278,73923
1635289266.5246017,3805721,34482682,228506817,3788363,34531011,70481,2732848,3591899,34950484,5428185,65684
1635289266.62472,3769468,34453875,228274838,3762376,34430257,70556,2724329,3725857,35484276,5513819,73034
1635289266.724839,3427039,34386183,228382943,3645716,34420943,72618,2742331,3705912,35155707,5507764,62658
1635289266.8249583,3794409,34355687,228636130,3789943,34449046,73243,2693033,3602587,35000870,5540872,81030
1635289266.9250772,3777930,34239371,228179582,3784686,34378910,70385,2481952,3703492,35214032,5480413,72650
1635289267.025196,3790754,34294875,228490897,3646202,34443670,70564,2734063,3699524,35210872,5503305,73146
1635289267.1253147,3601914,34249468,228220224,3782062,34294114,70042,2335278,3617360,35140418,5432985,73496
1635289267.2254333,3786118,34309653,228260388,3640410,34283946,70656,2627056,3610505,34943056,5476073,69696
1635289267.325553,3561438,34414197,228607341,3810247,34375597,69293,2715949,3711722,35421814,5495814,73885
1635289267.4256716,3779061,34514150,228621711,3797916,34292151,69787,2692507,3679354,35077999,5418666,63684
1635289267.525804,3720168,34239104,228551929,3727820,34453248,69805,2529150,3717188,33598469,5286776,77977
1635289267.6259234,3660472,34244739,228149896,3628076,34258546,70456,2682477,3693595,34868515,5379806,66597
1635289267.7260425,3790377,34457911,228578768,3772845,34409134,70052,2497034,3698008,34984479,5492326,72173
1635289267.8261616,3657302,34208908,228348766,3687417,34307322,70838,2702855,3699677,35291457,5478272,73119
1635289267.9262803,3781644,34244982,228475971,3794043,34214673,70583,2700889,3635100,35039801,5444613,76810
1635289268.026399,3597876,34229423,228485335,3789191,34211780,71207,2464952,3686126,35512054,5374417,73015
1635289268.1265182,3858708,34164357,228245658,3644453,34252414,69520,2680999,3691276,34835472,5509184,65047
1635289268.2266371,3630300,34289232,228176949,3791165,34246017,72500,2370389,3649210,35241520,5491562,80148
1635289268.326756,3745746,34354235,228408357,3645403,34318756,74055,2810288,3672643,35187076,5456312,70645
1635289268.4268749,3583794,34313368,228215387,3752506,34345608,73769,2672209,3673840,35082933,5491760,72827
1635289268.526993,3794523,34231826,228195270,3767982,34364718,71277,2511618,3670394,34938693,5393771,63786
1635289268.6271114,3788776,34272209,228452283,3669698,34402265,69056,2579961,3682017,35281773,5496465,72664
1635289268.7272296,3706878,34287961,228351987,3758430,34373239,69325,2683377,3671998,35257728,5435798,73619
1635289268.8273485,3796885,34332793,228613281,3772934,34201536,70507,2546778,3607981,35028204,5469582,71361
1635289268.9274673,3610611,34259396,228438883,3672054,34322650,70563,2685822,3698970,35401892,5508538,71544
1635289269.0275857,3754934,34430901,228154218,3723358,34260429,70656,2684708,3696689,35026982,5398434,63408
1635289269.1277049,3771331,34338182,228203226,3785294,34221348,70724,2567161,3707882,35141199,5504961,71559
1635289269.2278237,3754563,34420806,228543399,3641049,34302183,70261,2691854,3679405,35176561,5469294,72905
1635289269.3279424,3785922,34427262,228224750,3775104,34298615,69916,2512759,3615887,35026535,5452265,86842
1635289269.4280615,3777950,34113514,228256408,3689934,34336100,71155,2694937,3653400,34861961,5436728,55959
1635289269.5281804,3628127,34226761,228275276,3743185,34385724,71276,2619427,3690216,35318011,5510207,72779
1635289269.6283052,3763071,33914699,228295510,3793034,34350879,71458,2670247,3724819,35322962,5373024,62764
1635289269.7284331,3785491,34295260,228253779,3638562,34279282,69543,2701310,3701153,35625708,5466640,73374
1635289269.828553,3753125,34404405,228415913,3714664,34246736,71517,2269733,3717135,35410895,5474386,73680
1635289269.928674,3777431,34261535,228240512,3782920,34281788,74178,2629737,3560668,34866888,5436729,57894
1635289270.0287933,3675796,34467606,228318709,3794358,34168524,72933,2709356,3677380,35291861,5484140,73291
1635289270.1289124,3787620,34294436,228264842,3694485,34540872,74231,2729289,3682796,35075581,5380598,64725
1635289270.2290308,3549956,34223859,228217699,3753868,33996688,72824,2450350,3705888,35197732,5521991,73796
1635289270.3291495,3770794,34230358,228358252,3634844,34359127,69666,2675355,3664688,35199894,5452419,69730
1635289270.429268,3872788,34368344,228303159,3790428,34309257,72416,2576366,3582390,35201575,5505856,79153
1635289270.5293877,3794033,34427770,228310807,3773163,34294686,72100,2681613,3734473,35501459,5501777,62037
1635289270.6295094,3779203,34338029,228183905,3640809,34392389,71103,2761870,3668371,35291194,5484104,71963
1635289270.729631,3635913,34454175,228236360,3769147,34332017,71600,2601094,3670440,35365170,5367894,65776
1635289270.829753,3769211,34457556,228259408,3787222,34369036,72753,2541241,3541659,34861802,5532879,65540
1635289270.9298747,3768085,34501724,228304524,3659890,34404106,71626,3199332,3695117,35323384,5505049,71691
1635289271.0300133,3722905,34533083,228267848,3766823,34483971,71494,2746079,3694765,35349777,5496820,70805
1635289271.130133,3789737,34293173,228291295,3778262,34428950,71300,2692900,3646268,35120256,5410643,71016
1635289271.230252,3796820,34270603,228221888,3751547,34362867,71194,2542971,3690448,35350091,5486491,71131
1635289271.3303707,3557904,34303374,228264091,3637650,34328745,69362,2680314,3677650,35263954,5453686,67758
1635289271.43049,3793529,34341810,228253722,3789847,34255505,74120,2752652,3519790,34939557,5448917,68150
1635289271.5306082,3785388,34284748,228276245,3791769,34280329,73204,2687667,3685439,35435080,5471029,70864
1635289271.78128,3710771,34431851,228222681,3774007,34235217,70002,2685255,3675630,35317116,5383132,55206
1635289271.8814013,3780025,34339574,228371358,3783687,34274864,69903,2480062,3530149,34818860,5508932,70614
1635289271.9815207,3786010,34260116,228186863,3625540,34382036,71097,2707211,3702501,35134755,5507061,71758
1635289272.1817582,3706863,35256814,5436630,73129,3792282,34380866,228245577,3731224,34376237,69772,2449150
1635289272.2818775,3629049,34931796,5513882,69415,3697218,34335644,228156906,3774549,34428745,70606,2684478
1635289272.3819966,3697224,35339329,5506585,72746,3683203,34364004,228304145,3678783,34424514,71002,2723063
1635289272.4821157,3714413,35398145,5347661,63843,3700602,34346807,228218222,3780572,34334447,70113,2694855
1635289272.5822346,3767436,35391415,5467559,72126,3905455,34321985,228375714,3661158,34351088,71821,2661939
1635289272.6823535,3705550,35375612,5498883,71508,3436019,34374412,228283817,3763829,34297736,70242,2727906
1635289272.7824721,3691008,35196327,5429680,73447,3747388,34451497,228267427,3788987,34356445,70916,2544078
1635289272.8825908,3787592,34466240,228285204,3686593,34456741,71021,2663354,3722362,35352048,5442488,71770
1635289272.9827096,3740037,34294823,228184523,3689303,34465084,73125,2700765,3524594,35008701,5520043,70229
1635289273.0828297,3685781,34421419,228165932,3794632,34481896,74334,2717346,3701538,35182816,5354971,66297
1635289273.2830677,3751898,35130733,5525691,70523,3677849,34314761,228373635,3709911,34460056,69946,2684054
1635289273.3831866,3711437,35460116,5494589,70861,3786043,34447887,228178759,3772243,34357423,70765,2677795
1635289273.483306,3721221,35408045,5398328,56010,3774557,34327734,228240831,3773400,34360512,70765,2606176
1635289273.5834255,3640380,34947226,5510708,70825,3630927,34303810,228197593,3621550,34385504,72209,2615383
1635289273.6835444,3703838,35230254,5516576,70652,3669531,34534631,228247722,3699241,34347676,72120,2715198
1635289273.7836628,3698056,35375687,5389080,71693,3781806,34565070,228252431,3778993,34441945,71308,2563226
1635289273.883782,3570961,34975483,5474485,56413,3797059,34419938,228345721,3759444,34473914,70925,2679293
1635289273.9838998,3791545,34355475,228148835,3638350,34533751,70486,2685228,3684525,35369696,5443358,71826
1635289274.084019,3648241,34462016,228219915,3792996,34409845,71065,2705236,4930721,36000780,5333298,64553
1635289274.1841376,3803064,34366890,228251315,3724686,34385241,70995,2451405,3556827,35093987,5476220,72327
1635289274.3843753,3693620,35652386,5477360,71646,3792972,34277844,228156921,3796668,34288983,70830,2760241
1635289274.4844937,3684003,35351848,5435133,72143,3767201,34351869,228225353,3739195,34322068,70186,2476352
1635289274.5846124,3625941,35132709,5531215,70863,3652481,34411802,228166037,3715946,34314152,74826,2730334
1635289274.6847303,3692386,35278990,5502083,71815,3779839,34270551,228256855,3579686,34344085,73664,2731062
1635289274.7848487,3709913,34999475,5393260,66268,3668237,34323174,228301960,3829876,34420799,70618,2727775
1635289274.8849685,3677565,35111008,5504137,71791,4059306,34304334,228438137,3646865,34447045,70938,2678749
1635289274.9850874,3702364,35212197,5512223,70777,3421917,34261704,228460155,3809065,34471518,70937,2690644
1635289275.0852063,3793651,34414191,228244768,3793489,34371624,71303,2543874,3723567,35460710,5511094,70634
1635289275.1853256,3781182,34349037,228147980,3642196,34388747,70552,2697809,3596850,34924811,5435365,70113
1635289275.2854443,3632020,34443728,228246374,3792341,34393699,71187,2677428,3865109,35443003,5503289,71252
1635289275.4856818,3682518,34838450,5418022,63203,3752009,34434595,228209978,3634550,34378485,68877,2638245
1635289275.5858004,3737786,35102193,5470978,71663,3557876,34368524,228286057,3824141,34463862,71962,2701501
1635289275.6859193,3695595,35458275,5484889,72013,3790306,34333571,228172803,3706728,34364374,70322,2680072
1635289275.7860808,3619593,34943739,5469973,72037,3758604,34349093,228388060,3645548,34484729,72155,2515623
1635289275.8862057,3714135,33947718,4991821,81159,3689347,34270977,228709670,3763316,34457626,70475,2692544
1635289275.9863281,3690595,35416625,5439233,72757,3339857,34428896,228631156,3804384,34404684,73718,2558940
1635289276.086448,3622579,35116396,5474859,66685,3788736,34396891,228510154,3793600,34342734,74602,2691370
1635289276.186567,3783492,34335552,228224021,3654216,34418381,73361,2715125,3702367,34054742,4461883,71740
1635289276.2866862,3632577,34434418,228250061,3783506,34294555,70789,2691888,3732976,34753986,5163300,66341
1635289276.3868053,3784560,34434636,228457450,3693254,34439135,70671,2560089,3449287,35275858,5516507,71304
1635289276.486925,3716156,34281441,228519135,3682742,34481616,71779,2231711,3685176,35247466,5521601,70779
1635289276.587044,3799681,34403834,228220616,3779033,34342039,70055,2681071,3721451,35267052,5382375,71852
1635289276.6871624,3791089,34378968,228417312,3682427,34346623,71550,2632756,3658783,35046166,5559670,71506
1635289276.7872806,3766520,34264433,228356678,3747948,34440397,71035,2567252,3705008,35226334,5444642,72335
1635289276.887399,3643125,34392962,228147112,3588391,34309209,70982,2696830,3717826,35401041,5377205,66929
1635289276.9875183,3782696,34327291,228364362,3783125,34333979,71271,2709428,3660760,35090072,5475701,71259
1635289277.0876372,3334041,34408854,228448554,3813844,34341821,71957,2697922,3709518,35393691,5492210,70230
1635289277.187755,3972661,34387943,228323872,3659010,34425932,71016,2709931,3702182,35404784,5432681,54239
1635289277.2878733,3763879,34452958,228387609,3788541,34302980,69966,2658774,3606818,35012710,5625785,71240
1635289277.3879921,3707019,34371041,228184486,3751942,34305161,70812,2526920,3706625,35464802,5476045,70919
1635289277.4881105,3790765,34250935,228253443,3628095,34338425,73775,2699019,3535004,34211219,5417894,67893
1635289277.5882292,3649774,34302644,228360517,3795812,34415871,73789,2254581,3683906,35244025,5461201,71592
1635289277.6883476,3791860,34259248,228512717,3752964,34374211,74764,2885745,3674078,35145919,5451625,70185
1635289277.7884662,3776122,34196868,228403597,3633648,34255659,69760,2680659,3722063,35445488,5478763,73766
1635289277.8885925,3641439,33862720,228355058,3825493,34248157,70549,2676157,3689757,35444074,5400652,66349
1635289277.9887187,3766938,34261244,228207935,3550787,34208836,72082,2666607,3741058,34945064,5494338,72361
1635289278.0888379,3601113,34375705,228349954,3770145,34214960,71053,2682511,3690537,35063873,5493724,73345
1635289278.188957,3823850,34313042,228212612,3754125,34227053,70685,2720598,3653289,34943419,5396889,70965
1635289278.2890751,3768348,34406702,228536954,3778104,34336925,72097,2577855,3677074,35225997,5465231,75045
1635289278.3891945,3699250,34253152,228421837,3634513,34395725,70590,2693830,3692780,35252957,5420515,73317
1635289278.4893131,3628769,34251375,228236406,3787226,34239269,70374,2665837,3641610,34951774,5456404,66742
1635289278.589432,3795304,34254048,228591361,3724401,34278365,71185,2436538,3692000,35278189,5451006,74300
1635289278.6895502,3672524,34282391,228204505,3713561,34240700,70171,2696890,3654853,35292778,5454390,74343
1635289278.7896688,3755408,34128747,228334658,3785589,34218434,71917,2630606,3758307,35388906,5401895,74730
1635289278.889788,3778131,34341301,228454217,3641070,34259239,70984,2537145,3611022,35080248,5492905,72676
1635289278.989906,3632397,34299354,228264411,3780823,34254277,71981,2638651,3661280,35283521,5511678,73182
1635289279.0900245,3794044,34298973,228530274,3701724,34312446,74338,2793448,3542407,34712189,5495955,68445
1635289279.190144,3786457,34159416,228225886,3769777,34166094,73892,2364378,3703825,35042809,5509882,73516
1635289279.2902637,3783802,34208179,228203463,3750882,34384996,73753,2688092,3682144,35164773,5394288,72148
1635289279.3903825,3643409,34218944,228391833,3701190,34323022,71047,2466862,3628779,34898624,5534769,72713
1635289279.4905024,3781975,34252921,228199206,3635620,34249621,71192,2707975,3702567,35374840,5498162,69657
1635289279.5906217,3758029,34452087,228329021,3795321,34377765,70994,2707002,3682941,35115506,5427720,74190
1635289279.6907399,3707963,34441395,228212126,3788970,34401896,71278,2647196,3685867,35470250,5459188,72815
1635289279.7908585,3759096,34521776,228443247,3651424,34362600,70082,2676217,3721894,35225439,5472122,69210
1635289279.8909786,3533157,34417233,228441480,3780930,34165443,70183,2553010,3528416,34647144,5446875,73187
1635289279.9910984,3774570,34223615,228285671,3766371,34215211,71370,2680999,3666579,35002706,5409538,74989
1635289280.0912178,3775184,34174004,228371731,3629545,34315804,70001,2684040,3702391,35095249,5474179,74189
1635289280.1913364,3656288,34242033,228245973,3816522,34193854,69647,2601883,3702715,35091584,5308652,69345
1635289280.2914555,3793802,34218006,228518799,3551518,34254223,70266,2677065,3781203,35330564,5509488,74723
1635289280.3915749,3493708,34242822,228300135,3770809,34261139,71604,2687861,3695843,35392976,5463908,74255
1635289280.4916947,3789918,34099959,228251670,3768921,34157588,70561,2728898,3624688,35004305,5419055,74469
1635289280.5918136,3757813,34152173,228251668,3779678,34153285,71671,2568286,3672000,35230562,5470898,73513
1635289280.6919332,3661440,34218772,228372808,3640552,34270150,73944,2716970,3676374,35247789,5333750,73645
1635289280.7920513,3660437,34363293,228429342,3772495,34224247,73689,2834948,3737957,35009302,5505970,66545
1635289280.8921702,3816870,34283827,228543928,3641838,34356063,74887,2658480,3680648,35124623,5481729,73205
1635289280.9922893,3400831,34308750,228368252,3759123,34399166,71284,2662238,3665345,35196000,5454693,77989
1635289281.092409,3787986,34242474,228291700,3789213,34353928,70266,2633728,3872623,35438895,5408790,74630
1635289281.1925278,3789795,34288277,228544798,3638205,34297426,71023,2476219,3627804,35056214,5459746,74168
1635289281.2926466,3641910,34327749,228390333,3787833,34312674,72412,2708412,3686935,35333403,5398831,69615
1635289281.3927655,3773840,34255123,228210295,3706674,34212687,71843,2919307,3662616,35061809,5494084,73506
1635289281.4928844,3376252,34348151,228185768,3806710,34239302,72397,2691472,3677654,35226453,5509611,75095
1635289281.5930035,3773006,34385813,228537456,3623999,34284269,71337,2678573,3691604,35098809,5435223,74986
1635289281.6931229,3684438,34361630,228317601,3797091,34312271,71907,2555905,3719390,35090531,5484196,74945
1635289281.7932415,3783123,34287156,228633034,3619952,34365026,70567,2688187,3697367,35411606,5508863,70845
1635289281.8933601,3784381,34295948,228527100,3785078,34338010,71966,2710036,3569290,34904514,5443709,73818
1635289281.993479,3671182,34238978,228191656,3795635,34306500,71004,2700654,3686595,35625310,5476113,73925
1635289282.0935981,3795502,34282066,228569870,3649420,34312426,70493,2721380,3647501,35378622,5400696,61298
1635289282.1937168,3690677,34260720,228328067,3787780,34253019,74836,2586690,3649270,34982492,5442160,59394
1635289282.2938359,3780609,34217197,228500388,3688954,34264869,74477,2706284,3663473,35292709,5479803,73696
1635289282.3939555,3645118,34186030,228166725,3760975,34230402,76927,2717393,3680508,35190237,5502327,73445
1635289282.494074,3735356,34309027,228275078,3786243,34274730,71555,2280796,3681778,34881058,5411155,66951
1635289282.5941923,3794979,34356764,228495358,3544353,34228407,71796,2617799,3729744,35015162,5481657,73607
1635289282.6943116,3635049,34257340,228448798,3765192,34321249,70555,2669107,3686920,35179182,5442193,67940
1635289282.7944305,3780651,34128389,228149912,3744344,34279101,71012,2632240,3626761,34720594,5476845,73126
1635289282.8945484,3768284,34213337,228255897,3719936,34232644,71308,2561058,3682812,35207622,5472324,73344
1635289282.9946668,3630799,34344778,228653840,3727755,34172414,71293,2717576,3708738,35070099,5403499,67102
1635289283.0947847,3770853,34265776,228271548,3784876,34210249,71084,2631352,3721137,35201122,5457119,71983
1635289283.2950215,3612267,34387940,228440971,3790687,34258185,69741,2660465,3649827,35179051,5459894,66872
1635289283.3951404,3783543,34298434,228419426,3731895,34329858,71895,2565256,3463538,34863385,5535287,73943
1635289283.4952586,3735075,34244927,228260252,3679978,34353074,71378,2733920,3689695,35272171,5455804,73465
1635289283.695496,3679580,35244597,5392881,67146,3795401,34340608,228461660,3715075,34346371,70230,2493029
1635289283.795616,3668914,35140982,5477694,75004,3559317,34222929,228285365,3781587,34300520,70570,2700245
1635289283.8957348,3678975,35329568,5464036,76414,3783644,34276536,228527548,3574576,34244129,73557,2690962
1635289283.9958537,3586301,35073090,5526331,73438,3686767,34337455,228325442,3877243,34258300,74255,2485748
1635289284.0959847,3696188,35356900,5489262,73785,3859169,32535777,228398552,3625718,33162621,73459,2740664
1635289284.1961036,3677406,34849218,5419064,67461,3762493,34341289,228299513,3775220,34268674,70258,2687251
1635289284.296222,3747907,35130530,5507857,74239,3766262,34375026,228490073,3632382,34354750,71683,2695671
1635289284.3963404,3639509,34254361,228229748,3763666,34312121,71999,2617787,3632766,34957990,5615126,67965
1635289284.4964588,3781517,34236800,228167051,3695979,34304430,71725,2580261,3538708,35064524,5474351,74047
1635289284.5965776,3702516,34280984,228219047,3724801,34243838,71003,2734924,3730187,35063177,5489300,73985
1635289284.7968154,3698005,34889522,5408302,67526,3780153,34315635,228201549,3648942,34297358,71560,2510683
1635289284.8969347,3722107,35020157,5431592,75241,3563607,34343104,228419962,3765642,34263437,71850,2692581
1635289284.9970536,3718796,35258751,5492994,77521,3765125,34288360,228472870,3781171,34315323,72913,2719246
1635289285.0971725,3619119,34993171,5475748,74578,3786683,34317691,228274163,3781955,34275175,70543,2492196
1635289285.1972916,3715446,35252351,5485600,74401,3496530,34201057,228514204,3656018,34455853,71185,2675251
1635289285.2974098,3692561,35423607,5389966,74472,3777542,34303251,228354169,3779117,34374543,71268,2332949
1635289285.3975286,3626424,34974175,5499143,74244,3799188,34234556,228254052,3660256,34320259,70862,2715759
1635289285.497647,3593979,34268109,228414341,3783411,34241596,72943,2731010,3682536,35196548,5569757,73263
1635289285.5977657,3805253,34267231,228431342,3790971,34248142,73717,2477822,4088514,35721849,5407169,67883
1635289285.6978836,3784597,34302814,228385832,3642730,34304359,74900,2723269,3551038,35093880,5493342,74542
1635289285.8981204,3714781,35376471,5520403,73642,3769527,34253622,228257760,3793079,34294464,71352,2713495
1635289285.9982388,3620177,34975812,5436626,58905,3777142,34295880,228307406,3685273,34431054,71869,2637158
1635289286.0983577,3695494,35339838,5504003,72813,3646067,34415451,228288137,3772666,34341136,70591,2708845
1635289286.198484,3704469,35454740,5383949,66943,3797287,34349498,228396251,3555879,34390195,70776,2709419
1635289286.2986088,3797601,34937247,5478198,74429,3676129,34443400,228266073,3708848,34386828,71346,2660131
1635289286.3987284,3690836,35372376,5487099,73272,3277975,34286167,228274465,3801448,34210854,69720,2688094
1635289286.498847,3653787,35033110,5409405,61921,3798082,34272067,228295087,3797644,34345018,70142,2534341
1635289286.5989652,3799530,34323273,228250402,3647654,34344314,71067,2701418,3679300,35220487,5199774,73812
1635289286.6990838,3638484,34345237,228242054,3791982,34299223,71441,2685373,3715496,35449592,5553398,68426
1635289286.7992024,3771915,34304900,228237511,3715640,34303584,71858,2455041,3534498,35165388,5470386,74856
1635289286.9994402,3685441,35369970,5477353,74107,3789108,34339166,228236031,3781710,34420467,71928,2759317
1635289287.0995588,3690291,35174580,5409350,76315,3798184,34333922,228271744,3654076,34310429,71004,2468392
1635289287.2498908,3679024,35269200,5500040,72522,3642084,34332343,228210949,3788679,34248848,72962,2737363
1635289287.3500206,3694867,35240779,5510281,74967,3795818,34159375,228015054,3783843,34307758,73548,2724796
1635289287.4501393,3484969,34817385,5555590,68816,3733740,34203080,228219721,3813734,34296963,73659,2352391
1635289287.550258,3722610,35515693,5489983,74384,3274848,34135087,228315313,3652584,34448391,71029,2711205
1635289287.6503775,3705398,35227325,5390426,75678,3764636,34309608,228179259,3787776,34349860,71369,2511020
1635289287.7504969,3666623,34923426,5501325,65201,3767167,34534527,228365398,3648606,34365711,70514,2709958
1635289287.850616,3693584,35388466,5443692,72968,3651501,34439561,228313272,3780880,34401900,70338,2691850
1635289287.9507344,3601075,35134271,5620803,73959,3789836,34382664,228285523,3780966,34450594,71233,2486719
1635289288.0508547,3754981,35081587,5433061,70430,3800206,34380017,228272558,3652189,34428394,71063,2248582
1635289288.1509738,3611464,34907757,5478687,74334,3788738,34329807,228245840,3792511,34357649,72091,2672744
1635289288.251093,3733335,35496493,5448572,72643,3792366,34381303,228126148,3705578,34296957,71156,2692067
1635289288.351213,3622929,35115960,5471302,74796,3694667,34348860,228270939,3836810,34354535,72107,2633256
1635289288.451332,3700245,35550062,5460203,73637,3736959,34322365,228174809,3560663,34169530,70885,2716198
1635289288.5514512,3686729,35224123,5392729,69898,3783134,34396926,228162326,3793190,34311859,71207,2689778
1635289288.6515698,3668176,35535357,5488081,74348,3990780,34522730,228293425,3711514,34337787,71791,2721372
1635289288.7516882,3663457,35419094,5472302,74094,3763643,34284765,228268339,3777610,34326998,73631,2714168
1635289288.851807,3576846,35047132,5402523,82685,3723990,34285276,228371329,3779487,34313066,74005,2566790
1635289288.9519255,3696882,35352445,5444057,75069,3772713,34245323,228192267,3643329,34398180,72804,2717328
1635289289.0520444,3701740,34731171,5338679,67190,3669379,34285432,228245343,3787578,34292822,71045,2753560
1635289289.1521633,3858129,36106286,5455521,72702,3797774,34278730,228282818,3646873,34348825,70179,2817919
1635289289.252282,3686675,35250111,5463522,73042,3554367,34355991,228278658,3797478,34339596,70788,2692364
1635289289.3524005,3687182,35213671,5500921,73470,3780002,34322778,228215860,3793752,34306177,72303,2473042
1635289289.4525206,3644113,34897950,5412164,73449,3777671,34368665,228217024,3652809,34306115,71642,2669035
1635289289.552639,3716661,35193752,5502435,73173,3636739,34357893,228202166,3756677,34223006,70408,2724446
1635289289.6527574,3702736,35109087,5384506,69615,3794820,34270361,228036903,3775011,34241985,71688,2716153
1635289289.7528765,3773082,34962999,5519455,74110,3481596,34123801,228486367,3617587,34394999,70937,2684464
1635289289.8529963,3715449,35216728,5484114,72336,3740688,34287907,228302729,3720541,34240851,71052,2689466
1635289289.9531162,3710846,33486987,4094137,73698,3783282,34256708,228200223,3790019,34253221,72649,2541096
1635289290.053236,3740484,35495814,5462976,72616,3781689,34289781,228309200,3636870,34267524,71359,2723989
1635289290.1533546,3702775,35550314,5475060,73549,3650248,34296581,228242694,3791111,34224641,70770,2733806
1635289290.2534738,3662398,35525831,5431629,74798,3785869,34242968,228191562,3668908,34269623,71065,2772855
1635289290.3535936,3634408,34940906,5411410,67083,3410308,34355528,228348475,3791467,34280917,73399,2593817
1635289290.4537137,3679846,35284720,5507389,74531,3795425,34278672,228251486,3772754,34276805,75747,2705970
1635289290.5538323,3670450,34996999,5406182,72917,3778940,34173629,228191494,3618673,34338061,71636,2635750
1635289290.653951,3704472,35172345,5466762,72411,3664167,34225887,228206392,3703937,34317520,74181,2635028
1635289290.7540696,3712408,35087478,5288717,69555,3783733,34291582,228251852,3772479,34395583,70565,2784089
1635289290.854188,3739078,35200217,5477142,73330,3483557,34243193,228459206,3769916,34268502,72028,2785199
1635289290.9543064,3702577,35434739,5470288,72301,3899407,34289500,228320832,3699644,34280911,70390,2716967
1635289291.0544248,3659380,34993668,5409529,73510,3553154,34392429,228252354,3784970,34259148,71986,2572869
1635289291.1545434,3712000,35254106,5499661,68568,3766370,34312806,228269179,3648391,34253805,70469,2691216
1635289291.2546625,3690797,35336468,5407503,73566,3713666,34433128,228234039,3777226,34302703,70896,2712215
1635289291.3547812,3740469,35247805,5517891,73248,3789239,34365780,228257060,3635689,34352619,71754,2706077
1635289291.4548998,3725714,35238624,5498228,70494,3414808,34261723,228330359,3776889,34398815,70837,2595328
1635289291.555018,3512740,34873203,5465642,72704,3787060,34275273,228187912,3790075,34342816,72227,2613659
1635289291.6551363,3782459,35032473,5415639,73747,3790942,34246434,228171473,3640924,34317484,70474,2681660
1635289291.755255,3737010,35350606,5489382,73845,3641281,34385544,228278053,3806822,34227885,71340,2627489
1635289291.8553736,3699187,35557952,5419041,69771,3775686,34313933,228274659,3785712,34269291,71031,2700075
1635289291.955493,3503082,35178146,5425682,68153,3591776,34324237,228392041,3593658,34287057,72137,2733258
1635289292.0556123,3685126,35303344,5472845,74019,3782936,34277608,228197218,3777871,34261332,73714,2786178
1635289292.1557312,3691623,35195808,5422659,73519,3779965,34242516,228227077,3787514,34278541,72764,2569534
1635289292.2558491,3705069,35029976,5487696,74131,3779780,34293580,228279662,3627447,34325479,74118,2705169
1635289292.3559828,3707182,35243038,5499998,73101,3563205,34288221,228588814,3737074,33328469,71677,2669127
1635289292.4561026,3705727,35106393,5450612,76081,3829470,34263665,228235482,3633884,34278415,69423,2706344
1635289292.5562215,3708886,35127098,5458903,73697,3721582,34298752,228268389,3793542,34300588,70034,2679595
1635289292.6563392,3697860,35246862,5490255,75101,3795441,34319226,228493980,3770627,34262008,71434,2648280
1635289292.7564573,3635861,35313809,5441013,73172,3757595,34260090,228378827,3668754,34241483,70164,2526567
1635289292.856576,3651408,35039589,5507079,72100,3511660,33031598,219277078,3806725,31408108,65680,2573789
1635289292.9566948,3589432,33619153,5083207,66379,3593277,33759045,228378414,3723715,33653560,69212,2236729
1635289293.0568144,3655643,34719949,5410187,92314,3795260,33732421,228177388,3725060,33694354,68215,2535065
1635289293.1569328,3571340,34392623,5369909,91407,3728327,33803561,228557462,3760416,33857906,68678,2684553
1635289293.2570515,3676517,34797554,5342988,80343,3681723,33615382,228392114,3695590,33822860,68939,2523095
1635289293.3571699,3726774,34695227,5385029,92036,3924406,33737723,228390476,3677663,33770903,67895,2695549
1635289293.4572885,3546188,34258859,5393750,89024,3553131,33655206,228464257,3678494,33628308,69980,2631807
1635289293.5574067,3671075,34974539,5367358,87232,3995125,33685280,228336360,3779892,33638619,69202,2282602
1635289293.657525,3605537,34541797,5593948,98451,3771747,33686606,228481511,3632130,33670450,68468,2692143
1635289293.7576437,3574237,34265736,5300161,85961,3781537,33688377,228333431,3762020,33755135,69884,2557932
1635289293.8577623,3856590,34923948,5439303,90898,3683181,33700523,228526245,3736144,33791769,67916,2686136
1635289293.957881,3641586,34707657,5413744,92366,3785775,33739678,228458929,3621798,33656110,69677,2667334
1635289294.0579996,3431848,34149264,5512991,88302,3719318,33726627,228421940,3801527,33770679,68792,2233304
1635289294.1581182,3685366,34785252,5419682,93947,3791032,33638034,228524365,3556914,33702323,68384,2475871
1635289294.2582366,3630883,34705474,5472609,93125,3783236,33757698,228310086,3771300,33670430,72207,2741355
1635289294.358355,3669082,34589176,5370643,91204,3624645,33754219,228590074,3925154,33768223,73262,2558783
1635289294.4584806,3673476,34716996,5416774,93275,3751287,33587212,228323690,3687225,33825446,72670,2701887
1635289294.5586069,3421110,34060429,5328055,86752,3707618,33947622,228490027,3622693,33825047,72431,2708140
1635289294.658725,3685072,34782402,5397580,93016,3790668,33747121,228370848,3773020,33885844,68873,2497229
1635289294.7588437,3676820,34428354,5400226,91021,3785510,33687896,228331635,3642214,33893112,70397,2671218
1635289294.8589618,3782458,33705098,228329053,3771933,33704106,69792,2558679,3579811,34402252,5298699,92916
1635289294.959081,3633953,33716358,228223570,3783943,33819261,69419,2693470,3912883,34867240,5427547,93192
1635289295.0591998,3762922,33866236,228270068,3634189,33737862,69915,2658550,3596310,34329547,5442399,92158
1635289295.2594361,3687630,34644767,5353395,95188,3730408,33654400,228314015,3683753,33872449,69386,2660324
1635289295.359555,3713426,34593394,5434424,91552,3773050,33734908,228160182,3547820,33673612,70073,2678579
1635289295.459673,3621331,34327596,5341054,92654,3633899,33683178,228302740,3846404,33731568,71035,2638282
1635289295.5597908,3667447,34707027,5453795,95359,3670436,33662779,228211210,3712592,33640026,68941,2663654
1635289295.6599095,3767739,34644598,5457358,92032,3798349,33650268,228343065,3628492,33735260,69211,2689275
1635289295.760015,3686964,34728134,5362214,87785,3791273,33740052,228292728,3782464,33717467,69161,2675911
1635289295.8601334,3668636,34747993,5418207,91580,3459402,33599229,228291030,3748941,33676118,68963,2710060
1635289295.960252,3762259,33730975,228165679,3623867,33636952,69487,2687718,3690317,34676916,5339291,91311
1635289296.0603707,3628667,33700814,228220768,3764487,33793938,69745,2559911,3485107,34692756,5365955,88868
1635289296.1604896,3782344,33704819,228278027,3637231,33799356,68485,2676274,3662994,34802635,5407833,91471
1635289296.3607278,3642015,34361444,5324022,90065,3554260,33634803,228339717,3788806,33595150,69056,2685461
1635289296.4608479,3658592,34891593,5434165,91748,3770279,33607929,228274093,3546917,33509799,68579,2563123
1635289296.5609663,3560545,34504682,5431262,91241,3649138,33681811,228077993,3754996,33677800,68101,2696170
1635289296.661085,3658175,34647788,5313906,86388,3661364,33663457,228313441,3870409,33610836,68943,2488935
1635289296.7612035,3656733,34732507,5427736,91651,3715112,33532397,228309260,3674628,33627014,72035,2679995
1635289296.8613222,3430636,34092842,5362871,85828,3846887,33684767,228398218,3615132,33641945,71638,2727298
1635289296.9614408,3670356,34668913,5353974,91072,3768528,33595725,228066110,3778824,33723721,71316,2468816
1635289297.06156,3763510,33566346,228250053,3640501,33790024,73133,2685584,3631215,34727753,5545722,91924
1635289297.1616786,3774387,33728480,228231083,3698471,33654344,72038,2605106,3469030,33539092,5317594,92472
1635289297.261797,3624078,33519667,228216396,3774908,33682725,69718,2681846,3755490,35036225,5450597,93792
1635289297.462035,3725396,34614774,5456188,92097,3769787,33724357,228176125,3756987,33744354,68671,2683424
1635289297.562153,3670443,34496638,5351886,97584,3548156,33720997,228335794,3772970,33761046,69094,2664057
1635289297.6622715,3684921,34657269,5450422,93765,3786422,33724864,228163166,3663752,33772541,69781,2606742
1635289297.7623909,3588403,34303061,5436763,92780,3646058,33809865,228422952,3775852,33744833,68267,2686065
1635289297.86251,3702360,34831720,5294842,88600,3618201,33637182,228312219,3698924,33686581,69800,2704558
1635289297.962629,3685168,34912990,5450243,90623,4221339,33811247,228339448,3660075,33720646,69993,2669295
1635289298.0627482,3636792,34349799,5349104,82542,3771211,33769976,228201697,3694504,33613977,69942,2695028
1635289298.1628675,3540871,33844716,228260758,3779076,33736284,70760,2587866,3591954,34451661,5708929,98047
1635289298.2629857,3782855,33856376,228265381,3620183,33660040,69133,2692118,3539498,34206221,5385036,91595
1635289298.3631055,3667510,33818830,228245800,3777711,33827624,68730,2516874,4169457,34691627,5300997,90448
1635289298.5633428,3656341,34721935,5419686,92361,3783684,33647448,228280539,3643721,33693366,69750,2659566
1635289298.6634622,3584726,34339585,5363192,79978,3596683,33607378,228302677,3799924,33689685,67107,2688808
1635289298.763581,3684646,34970297,5426776,88915,3751818,33582049,228282027,3552746,33640419,68529,2551193
1635289298.8636997,3628399,34509609,5386343,92022,3712386,33793149,228250387,3762705,33542758,70034,2731646
1635289298.9638186,3662804,34493325,5303482,89179,3562592,33499008,228367183,3848186,33684861,69923,2327347
1635289299.0639374,3646635,34722539,5427699,91761,3280668,33664557,228225632,3734468,33777443,68721,2619085
1635289299.164057,3559640,34463226,5356347,89957,4038040,33805282,228298185,3640592,33738725,68875,2703693
1635289299.264176,3632559,34964759,5353033,52734,3553081,33730818,228375635,3783043,33773413,69368,2538270
1635289299.3642955,3677934,34932664,5405436,85785,3798452,33639065,228271993,3650703,33742325,72443,2704107
1635289299.4644141,3599986,34643739,5534002,91564,3778489,33658594,228208393,3714373,33650321,72469,2488798
1635289299.5645328,3467803,33600709,5326642,90391,3699312,33784675,228274605,3776269,33772731,72935,2355391
1635289299.664652,3662154,34735107,5476951,91127,3751789,33849575,228305946,3635657,33746176,74031,2341938
1635289299.764771,3611490,34475442,5481721,92052,3793817,33649026,228205224,3761194,33757407,70192,2692335
1635289299.8648922,3653723,34639414,5303652,79743,3707888,33687650,228306323,3787738,33818831,69067,2558240
1635289299.9650128,3667219,34778012,5438449,91306,3780738,33749647,228168856,3550171,33727572,68714,2692578
1635289300.0651324,3471072,34296245,5463263,87938,3758833,33741364,228256045,3772141,33740710,69386,2619658
1635289300.1652515,3683268,34837419,5425089,91454,3318782,33530579,228268156,3689977,33733329,70038,2356283
1635289300.2653701,3625803,34434105,5464933,91569,4169839,33289416,228304155,3607941,33712124,68673,2710102
1635289300.3654902,3674878,34429275,5359921,94918,3547740,33814022,228086284,3751789,33653906,68368,2556234
1635289300.4656112,3662415,34565561,5368800,85656,3714659,33763567,228222525,3764534,33744243,69544,2699138
1635289300.5657337,3697629,34552212,5691964,97825,3782343,33836682,228421053,3628395,33859062,69848,2673836
1635289300.6658695,3434030,32113056,5151599,91073,3765521,33598749,228561176,3675855,33673666,68499,2835706
1635289300.7659934,3801997,33634923,5142787,99571,3770310,33697002,228341521,3768109,33597835,69836,2263275
1635289300.8661158,3652248,34551743,5415891,92037,3764718,33665564,228198764,3634858,33635974,67882,2649547
1635289300.9662383,3623360,34451741,5442773,92923,3756774,33705308,228180533,3678954,33596671,69418,2633020
1635289301.0663586,4526105,32883012,5324974,85555,3617382,33695630,228169674,3868345,33708120,68447,2536987
1635289301.166478,3665671,34650812,5434437,93658,3770219,33766447,228042367,3753353,33649009,68473,2690584
1635289301.266596,3659600,34329739,5430690,92295,3788962,33580961,228276403,3546580,33719762,68576,2705269
1635289301.3667154,3664185,34740010,5297987,90967,3750492,33646276,228248771,3786462,33770305,69268,2507178
1635289301.4668345,3679171,34821415,5433354,92650,3678866,33597417,228214695,3690011,33736578,68979,2686860
1635289301.5669534,3601746,34469965,5394241,90901,3761781,33731564,228301547,3655869,33663450,69718,2629379
1635289301.6670725,3665979,35010522,5379177,91313,3647293,33623163,228263246,3775423,33661704,69687,2716223
1635289301.7671914,3709869,34913107,5409884,101460,3762910,33827376,228386244,3635726,33698958,67938,2738224
1635289301.8673098,3597447,34571780,5452461,85177,3757081,33776241,228380646,3772202,33642884,69518,2745423
1635289301.9674282,3726082,35176928,5382114,97502,3910286,34884632,235891149,3904751,34916238,70995,4750572
1635289302.0675473,2785724,36840529,5474328,84261,3696032,33609128,228201510,3700397,33677048,69304,2582320
1635289302.167666,3640321,34651561,5417058,93107,3784267,33676317,228155155,3705085,33706410,71700,2803241
1635289302.2677846,3480213,33995857,5460289,88127,3729110,33696578,228186642,3683452,33598942,72295,2606123
1635289302.3679035,3681793,34772109,5401325,92153,3779397,33685180,228412041,3660696,33719355,72202,2447404
1635289302.4680226,3636692,34523060,5425354,92373,3880797,33845290,228541215,3693228,33741515,73105,2695134
1635289302.5681405,3683333,34418217,5331429,91790,3546955,33588608,228455573,3760463,33716445,71312,2555046
1635289302.6682582,3667304,34719415,5449485,88014,3764507,33881252,229473754,3775710,33882253,69234,2692871
1635289302.7683907,3648485,34485243,5522175,96182,3684243,32805426,228303841,3603265,33726686,69321,2672994
1635289302.8685107,3675262,34122327,5298275,86788,3634754,33529580,228217039,3766339,33732813,67210,2739203
1635289302.9686296,3704959,35100561,5432602,91761,3390163,33554664,228491824,3783576,33694838,67965,2510623
1635289303.0687485,3499858,34071441,5424916,92106,3776841,33682309,228224413,3623298,33553488,68720,2808445
1635289303.2190588,3666325,34624756,5361794,93010,3626158,33752481,228385021,3775290,33666824,69395,2597153
1635289303.3191798,3672608,34755250,5282438,89636,3736584,33757860,228089566,3660132,33699381,67996,2453418
1635289303.4192975,3678261,34587707,5431917,92373,3778600,33792289,228401891,3744903,33680355,68551,2695638
1635289303.5194168,3582873,34046640,5363384,87284,3619977,33766365,225279154,3555454,33304977,68335,2616115
1635289303.6195345,3625674,34151177,5335265,84123,3705227,33763965,225519360,3499611,33970761,69508,2635395
1635289303.7196527,3614090,34694653,5365104,102818,3692182,33901221,226274642,3709989,33881791,68094,2619126
1635289303.8197713,3627390,34794698,5337408,106569,3658278,33678167,224652510,3665800,33383483,59143,2574621
