1635291033.8914642,3799427,34286098,228218543,3274792,33440558,49691,2053189,3451520,35794951,5382291,63683
1635291033.9915838,3435465,34675288,227995670,3665686,34645263,82419,2540323,3555350,35510137,5252650,60026
1635291034.0917034,3461588,35097388,228158345,3608639,34821602,81820,2626871,3537407,35120687,5263794,56383
1635291034.2919405,3630026,34835381,228051296,3552083,35009666,84723,2548189,3579695,35090314,5300301,39008
1635291034.3920593,3633040,34703031,227924655,3604280,34862316,84235,2508546,3724366,35005489,5292083,54267
1635291034.4921784,3540227,34938788,227997658,3578295,34707584,83415,2710917,3496874,35041534,5214465,55641
1635291034.692417,3480577,34851125,5311019,52524,3494330,34732900,228079200,3589650,34617132,86234,2472504
1635291034.7925358,3547012,34976289,5275191,66979,3591400,35228282,228074727,3664591,34842169,83754,2515904
1635291034.8926551,3634292,35217484,5330531,49457,3645085,34819948,228001670,3576363,34862221,82933,2571905
1635291034.9927738,3624730,35138467,5346980,51732,3640064,34797841,227948638,3534595,34864504,82933,2498233
1635291035.092893,3441384,35163752,5420717,52021,3453000,34485550,228036480,3700326,34762138,85318,2404017
1635291035.1930113,3559932,35309840,5294476,60490,4190088,34834351,228092268,3561463,34905340,83582,2373980
1635291035.2931302,3577954,35132230,5384787,64336,3471697,34720897,228101318,3594957,34802455,83662,2530453
1635291035.393249,3522220,34797004,227967317,3616871,34749187,84926,2565390,3649657,35153767,5237124,62121
1635291035.4933672,3616776,34839293,227965721,3598992,34724054,84485,2533739,3427278,35084344,5436500,51836
1635291035.5934863,3610323,34726414,228027215,3599755,34717646,83486,2671642,4236604,35040732,5409777,54201
1635291035.7937233,3473519,35262867,5378106,50159,3664733,35183231,228057202,3599469,34924506,81081,2716581
1635291035.8938422,3629172,35014935,5330345,43304,3697054,34802655,228020564,3593484,34624007,83673,2503820
1635291035.9939604,3606116,35226442,5382270,57190,3632564,34820978,228068085,3593437,34966592,82008,2547576
1635291036.0940793,3584704,35344070,5297570,51458,3644565,34772789,227979342,3774030,34518974,85182,2491228
1635291036.1941981,3460651,35089625,5442788,54889,3584181,34435759,228048658,3604777,34834832,82217,2714835
1635291036.2943165,3610389,35086075,5341465,52662,2942040,34725769,227992172,3633708,34627400,85397,2594828
1635291036.3944352,3568363,35377107,5367762,58440,3776798,34642081,228005793,3636021,34612688,83191,2485013
1635291036.4945536,3660261,35280658,5329647,51841,3589886,34659331,228065384,3636568,34769109,84566,2606834
1635291036.5946722,3562409,35229166,5388226,60501,3650597,34583098,228010717,3629208,34607061,82744,2534658
1635291036.6947906,3638905,35702748,5352298,57138,3685403,34550271,228004525,3669775,34576391,87316,2405744
1635291036.79491,3526198,34895283,5319473,56159,3738486,35024568,228047623,3593779,34570997,85723,2313807
1635291036.8950295,3444478,34989839,5349298,52488,3767080,34480326,228073459,3638119,34644815,86979,2455809
1635291036.9951487,3599636,35095267,5393424,62988,3718432,34557946,228021172,3655679,34670720,86183,2504652
1635291037.0952678,3683467,35248388,5344942,62148,3611769,34728919,227958765,3700122,34496476,85290,2582950
1635291037.1953864,3597100,35009743,5390362,64000,3636664,34601752,227979145,3568295,34716647,87072,2696858
1635291037.295505,3608830,35109668,5408293,63922,3631792,34443714,228069654,3554123,34687728,84833,2691880
1635291037.3956242,3749121,35315309,5396985,65219,3292292,34063625,227960290,3672543,34539634,86832,2556231
1635291037.4957428,3673796,35333460,5341953,65574,4067500,34493507,227951899,3624808,34576837,88975,2536277
1635291037.5958617,3679445,35211014,5352883,84542,3687118,34493146,228119258,3620004,34607141,89539,2566467
1635291037.6959798,3654012,35282709,5361135,43033,3687328,34443072,227991678,3636361,34594210,87876,2538316
1635291037.7960982,3670449,35023469,5266037,56382,3663436,34494878,228017628,3628218,34748852,84012,2758169
1635291037.8962169,3750937,35987510,5420355,60868,3668646,34527270,228042656,3642952,34583609,85100,2335796
1635291037.996336,3544312,34886353,5355758,66044,3754687,34535489,227914182,3609990,34591707,85619,2658333
1635291038.0964541,3610499,35149972,5436285,66183,3555736,34377829,227974390,3710014,34413013,90650,2577801
1635291038.196572,3597339,35035749,5386193,68329,3717327,34370700,228010092,3684120,34323943,84453,2649876
1635291038.2966907,3619729,35081050,5396093,65519,3657419,34550510,228050812,3618926,34570111,86639,2514976
1635291038.3968089,3656123,35155150,5316450,60189,3753804,34554678,228099111,3750252,34423321,83842,2693589
1635291038.4969282,3715169,35325268,5440410,67009,3334792,34281934,228091333,3541254,34526223,83807,2707963
1635291038.597047,3573240,34996250,5377442,47560,3983867,34536660,228102674,3693160,34440606,86367,2581268
1635291038.697165,3667409,35430793,5375689,64182,3740668,34325652,227988242,3627018,34418545,82924,2624322
1635291038.7972844,3602878,35031564,5447128,65945,3549722,34548094,228061195,3746810,34468110,86401,2473024
1635291038.8974025,3675183,35136842,5378099,68040,3641272,34593021,228049671,3623267,34540091,83962,2690917
1635291038.9975214,3574128,34762264,5298659,56862,3644729,34510547,228033473,3719700,34429213,86421,2738865
1635291039.097639,3675248,35450330,5455233,61968,3782325,34423827,227963604,3642112,34488904,83687,2695864
1635291039.1977577,3654290,35284706,5401640,66078,3766007,34388770,228065526,3635124,34495997,83640,2700882
1635291039.297876,3639841,35125075,5385409,65560,3627571,34457765,228000648,3771526,34352012,84844,2493754
1635291039.3979995,3612827,35013896,5448652,67023,3636233,34463604,228021331,3738032,34412100,88342,2494229
1635291039.4981184,3644650,35360148,5320794,61716,3777113,34374271,227994274,3529407,34587612,84434,2702334
1635291039.5982375,3577791,34821060,5390678,58548,3445463,34311016,228075312,3713209,34464576,86724,2429897
1635291039.6983557,3609409,35119317,5469144,68753,3706441,34525947,228076905,3690020,34384974,86266,2535682
1635291039.7984743,3661019,35250419,5459203,69856,3565614,34463448,228026620,3777543,34493610,86503,2545332
1635291039.8985927,3675615,35149636,5415879,66672,3553862,34446580,228018720,3758584,34323191,87919,2498349
1635291039.998711,3670830,35162505,5416410,68588,3655271,34321554,228067999,3703134,34427955,86467,2460729
1635291040.0988293,3644879,34858049,5340858,61679,3627390,34297981,228066734,3637033,34319009,86372,2734248
1635291040.1989477,3610312,35417476,5349243,63566,3776913,34288512,228016491,3630967,34331103,83027,2592055
1635291040.2990658,3666353,35091307,5402441,70802,3756399,34296316,227975588,3622566,34313506,83262,2766417
1635291040.3991845,3699333,35263568,5407739,69772,3763252,34363942,228045145,3625381,34304510,79178,2867931
1635291040.4993029,3645882,35138978,5360814,61403,3783927,34282985,228056464,3686557,34416232,85373,2555550
1635291040.599421,3628498,34946214,5400730,64860,3773485,34184958,227878598,3558949,34387761,84805,2705445
1635291040.6995392,3660038,34869401,5413366,62699,3782146,34314503,228006412,3552815,34396932,84043,2740449
1635291040.7996638,3655735,35160685,5379124,72326,3893053,34059403,228044716,3688397,34430135,86391,2680772
1635291040.89979,3672329,35264801,4365833,67942,3541575,34274694,228034244,3703750,34249555,86042,2645637
1635291040.9999104,3619964,35133321,5323378,66695,3547149,34226946,228063467,3746091,34122742,86498,2498099
1635291041.1000137,3669141,35038946,5358958,63353,3685365,34199701,228010106,3754244,34161051,87836,2519729
1635291041.200133,3647230,35136632,5439065,76515,3641900,34165872,228120025,3755434,34184042,86705,2464582
1635291041.3002517,3652148,35007094,5489538,67473,3530930,34175447,228090036,3696535,34102474,86916,2534289
1635291041.4003706,3519644,34649299,5416972,71238,3770682,34192518,228095290,3634118,34201709,83941,2736272
1635291041.5004897,3637892,34863911,5457883,70759,3347948,29145179,228066812,3371035,32479114,93180,2541407
1635291041.6006095,3597046,34999817,5406738,83987,3653394,34350005,227969975,3756160,34206186,89400,2742740
1635291041.7007291,3657204,35138671,5457813,71001,3763315,34300128,228029099,3548494,34298249,86719,2718133
1635291041.8008473,3651412,34886502,5449313,71538,3765613,34220604,228127099,3757828,34279451,86831,2659806
1635291041.9009662,3661350,34965812,5381890,73811,3641159,34220696,228101571,3628967,34318127,89687,2688635
1635291042.0010853,3676085,35119169,5426967,66023,3684208,34199513,228002606,3764352,34304867,86622,2550126
1635291042.101204,3717350,35166824,5472736,72479,3679085,34239249,227964991,3726510,34210264,84386,2707957
1635291042.2013226,3644062,34928483,5487836,70822,3743088,34199342,228015353,3625245,34241897,84346,2710472
1635291042.3014414,3695525,34964287,5329967,72452,3689999,34231653,228013368,3724952,34216351,86692,2705995
1635291042.4015613,3701143,35164578,5466563,57610,3618325,34315337,228061906,3749790,34201837,85675,2479423
1635291042.5016797,3521515,34884527,5382584,71678,3767805,34143024,227980482,3616688,34261470,84936,2707916
1635291042.6018589,3764766,34858200,5530585,71098,3764120,34162895,228060488,3504789,31598939,69069,2505256
1635291042.701978,3633299,34862037,5467990,72933,3768644,34172484,227996670,3619721,34033113,68470,2618529
1635291042.802097,3510419,34643685,5512713,67945,3640365,34179679,227938711,3728783,33597224,82129,2564381
1635291042.9022162,3650196,35025142,5379985,73507,3476868,33919183,227994332,3705422,33647165,87586,2684074
1635291043.0023496,3729414,34979307,5465239,71861,3735908,34114462,228071565,3675261,33775936,83235,2605550
1635291043.1024747,3605978,34740175,5444574,72819,3645476,34098753,228092169,3637570,34091457,83930,2702511
1635291043.2025948,3699194,34895228,5361284,65357,3755614,34034000,228002348,3707910,34187172,86280,2546708
1635291043.3027143,3702415,35042116,5480666,71762,3534617,34090633,227990203,3770587,34112385,85427,2702322
1635291043.4028335,3784275,34878994,5487125,74050,3857573,34054660,228065473,3628202,34105904,83101,2675058
1635291043.5029523,3703652,35132848,5452635,74626,3762484,34052560,228064934,3766335,34029544,89181,2637036
1635291043.6030717,3653627,35192384,5350744,84695,3542510,34063280,228002873,3779474,34069926,84109,2610336
1635291043.703191,3672675,34847847,5451541,75851,3752135,34162830,228040686,3620655,34120503,82761,2794219
1635291043.8033102,3633455,34847811,5413588,73065,3619665,34217669,228023944,3760576,34213494,88746,2323771
1635291043.9034288,3702060,35150216,5352265,66465,3752837,34017749,228526597,3679331,34339839,85253,3075037
1635291044.0035477,3693003,35274948,5456642,71240,3791145,34195984,228005556,3564253,34286781,85270,2723187
1635291044.1036668,3677553,34998275,5364615,75739,3560009,34154771,228044094,3982569,34202858,88426,2642012
1635291044.2037854,3695204,35233097,5465833,74531,3736632,34171475,227948170,3697142,34159577,84275,2699861
1635291044.3039038,3566742,35055892,5540270,73148,3688525,34196548,227976042,3615475,34135690,83463,2684318
1635291044.4040222,3680259,35357439,5443169,70096,3766256,34166323,228032998,3779691,34160791,84093,2701219
1635291044.5041409,3766043,35012898,5544636,76248,3662173,34214713,228069405,3629414,34144165,86226,2725170
1635291044.6042585,3680692,34874423,5356865,63745,3782729,34262249,228056721,3768583,34181135,91189,2574494
1635291044.7043777,3725712,35438047,5430325,102284,3744414,34128492,228007351,3647171,34304826,86825,2666287
1635291044.8044958,3527794,34913217,5466153,72122,3774718,34120930,227993049,3766181,34169414,87841,2619367
1635291044.9046144,3741020,34979610,5433690,64751,3644939,34114541,227998443,3755668,34100942,84274,2696904
1635291045.0047328,3674303,35145697,5461231,72200,3771626,34094364,228027694,3641063,34126367,84656,2251010
1635291045.1048522,3504587,34781818,5397885,65831,3629499,34150549,228063548,3817733,34133825,85739,2713143
1635291045.2049706,3686010,35156236,5465307,71183,3754305,34177992,228017246,3760173,34191263,84601,2611997
1635291045.3050892,3594998,34740308,5435791,71227,3635916,34178460,228026166,3541640,34059504,82060,2702869
1635291045.4052076,3684081,35036179,5463007,74311,3764990,34265106,228026789,3768228,34177865,83890,2706091
1635291045.5053265,3727738,34841414,5481452,73409,3721700,34217001,228016921,3625054,34283226,84341,2690765
1635291045.6054444,3693570,35135233,5472852,73698,3801098,34261789,228047120,3774067,34281711,84542,2369423
1635291045.7055628,3615730,34821980,5517310,74125,3783162,34212625,228104149,3636666,34176656,84240,2706948
1635291045.8056812,3573918,34313405,228017479,3767337,34129597,84615,2617643,3666585,35186944,5480956,69896
1635291045.9057996,3774106,34161197,227989960,3617495,34225258,84403,2698452,3516305,34849013,5464339,73645
1635291046.0059178,3618047,34236202,227958639,3767862,34147261,84891,2724773,3671856,35324890,5459990,74314
1635291046.2061539,3597465,34886863,5412766,72853,3505861,34209400,228002631,3727384,34277804,86464,2707998
1635291046.3062718,3679741,35209209,5452542,73640,3778370,34103748,227950486,3763712,34149937,84227,2699487
1635291046.40639,3560193,34761365,5401549,73994,3617945,34093904,228000588,3844165,34235375,86922,2630742
1635291046.5065076,3670445,35169558,5459752,74315,3716881,34172694,227982934,3659712,34139832,87559,2720101
1635291046.6066256,3495502,34745210,5521136,69314,3874013,34172363,228077334,3723925,34167721,89584,2403274
1635291046.7067447,3715102,35286182,5477797,73275,3401267,34282330,227992625,3758272,34183053,87830,2740097
1635291046.806862,3639703,34803969,5449899,59468,3767221,34174884,227977384,3775185,34132608,87177,2652309
1635291046.90698,3697708,34216175,228057793,3667801,34155168,84524,2700733,3630016,34861052,5573277,71643
1635291047.007098,3724464,34214080,228077288,3763524,34184944,87680,2512492,3817673,35125975,5361422,66236
1635291047.1072156,3776379,34207857,227992707,3627891,34393405,83499,2702448,3693088,35133208,5468794,72567
1635291047.3074515,3693078,35142089,5388028,74089,3761274,34219988,228001554,3674449,34257435,85097,2420435
1635291047.4075694,3672535,35044178,5470098,72884,3612405,34226211,227996959,3761896,34206668,84198,2683198
1635291047.5076873,3707711,35352102,5462727,67559,3760061,34243956,228066752,3557855,34237624,84171,2616755
1635291047.6078053,3632517,34992916,5498709,72423,3652132,34225039,228040716,3713160,34249763,85531,2684968
1635291047.7079227,3683084,35234079,5468891,72629,3664695,34209732,228055480,3772780,34193879,83787,2687364
1635291047.8080401,3525501,34711556,5392625,65130,3772113,34499629,228083119,3751346,34276175,86396,2699530
1635291047.9081585,3723322,35253027,5476294,71253,3769636,34286088,228102360,3623318,34319892,83780,2722774
1635291048.0082765,3654992,34275578,228077099,3768106,34365509,83670,2606670,3617206,35207987,5593221,58101
1635291048.1083944,3776551,34281271,227956725,3675886,34302901,86819,2626690,3526860,35176099,5473020,71055
1635291048.2085128,3670282,34264578,227949507,3740009,34240382,87241,2716556,3671744,35352434,5465700,72170
1635291048.4089725,3691207,35020990,5410010,65708,3778040,34266896,228107504,3640608,34328022,89670,2618045
1635291048.5092483,3731327,35218486,5517472,71840,3586963,34460226,228022954,3772627,34338054,88773,2738348
1635291048.6095808,3691021,35328053,5484644,70993,3769587,34492649,228016277,3759975,34376693,84428,2685191
1635291048.7599444,3583854,35001229,5535077,71674,3762761,34313289,228017405,3745037,34333732,86947,2539408
1635291048.8600743,3699104,35262303,5489789,70851,3622894,34339530,227962300,3606192,34480510,84588,2708944
1635291048.9601927,3700734,35220521,5440070,74473,3787470,34364979,228089951,3774410,34364254,85355,2429844
1635291049.0603116,3597561,34896929,5438979,73660,3781239,34357930,228029755,3689084,34317591,86680,2709792
1635291049.1604297,3595500,34319803,227947486,3754106,34250581,83894,2698212,3695629,35414520,5469834,74112
1635291049.2605488,3759676,34268832,227968559,3777503,34258239,86521,2527140,3376131,35029047,5349603,66682
1635291049.360668,3767950,34232692,227976578,3628952,34248859,84464,2720253,3768488,35212057,5481177,71650
1635291049.5609052,3680342,35256638,5407691,74409,3747781,34200385,228121632,3635967,34007139,79906,2545491
1635291049.6610239,3600362,35004625,5438900,72884,3541298,34090200,227975257,3707626,34149123,86509,2688947
1635291049.7611418,3678770,35173105,5443150,75679,3770237,34067761,227871109,3755264,34084417,84598,2705327
1635291049.8612602,3596489,34816475,5442262,75027,3768710,34077656,228131172,3737976,34219109,88052,2466205
1635291049.9613786,3682837,35101821,5461153,73742,3696953,33922516,228010580,3664258,34073088,87834,2726173
1635291050.0614977,3678944,35019836,5340818,73711,3335528,34031789,228097074,3767472,34059049,88791,2458897
1635291050.1616156,3669261,34974143,5479556,73177,3755302,33997870,228020145,3616661,34126212,86574,2715624
1635291050.2617347,3625902,34052529,228008469,3762993,34082738,83674,2615599,3613447,34811851,5571241,61632
1635291050.3618531,3758242,34101782,228020706,3607680,34100904,84319,2699983,3531037,34507831,5396685,74080
1635291050.4619718,3620558,34119308,227968942,3746095,34169733,84619,2691097,3864077,35060659,5451522,75229
1635291050.6622086,3477527,34579332,5372359,67707,3524915,34181720,228071562,3708708,34139397,83229,2682559
1635291050.762328,3693992,35012405,5456237,73031,3768518,34174811,228003440,3669253,34162996,86370,2679902
1635291050.862446,3678241,34909688,5387997,73378,3774713,34176109,227994862,3763464,34226215,86848,2554448
1635291050.962565,3717231,35105624,5454879,72983,3628662,34221237,228047610,3767465,34131082,84781,2680587
1635291051.062683,3715088,35416777,5427807,70851,3817259,34061602,228050655,3721342,34118445,84181,2712791
1635291051.1628022,3670397,34763696,5461954,73124,3349815,34147036,228122990,3652703,34113606,85615,2725343
1635291051.2629206,3687053,35232723,5434723,72257,3381497,34225954,228081174,3761048,34075531,85800,2712923
1635291051.363039,3775689,34210319,228033368,3762076,34103477,86945,2537824,3691837,35301200,5420965,73773
1635291051.4631574,3762633,34036097,228073044,3613537,34163729,84861,2688218,3638524,34944758,5425689,73020
1635291051.5632763,3540403,34152556,228015814,3773864,34210249,88638,2556961,3843129,33738315,3638306,67006
1635291051.7635136,3707305,35074404,5490373,73518,3775839,34171466,228134602,3774907,34256879,91368,2793531
1635291051.863632,3700712,35380059,5353522,73761,3769503,34102238,227994294,3630570,34123455,85511,2559842
1635291051.9637501,3619392,34861909,5453855,73125,3618200,34197383,228094616,3795359,34191966,89615,2682453
1635291052.063868,3700932,35153264,5455736,74832,3763445,34232402,227847186,3754795,34176897,84369,2704810
1635291052.1639872,3677764,34780497,5358410,69137,3775055,33966957,228018429,3757483,34120046,87018,2606610
1635291052.2641058,3715907,35106899,5463282,72623,5018710,34255215,228130617,3624606,34193173,84633,2678013
1635291052.364224,3701325,35015540,5429183,73762,3584467,34143903,227958854,3765846,34185843,84612,2581517
1635291052.464342,3606871,34759835,5452708,68821,3761459,34179383,228066784,3698348,34101697,86255,2632089
1635291052.5644608,3689295,35203226,5413944,73073,3674711,34143981,228009640,3734802,34156206,84253,2719763
1635291052.6645796,3700694,35096965,5460163,72518,3743974,34188323,227948236,3771481,34105888,86067,2691807
1635291052.7646985,3892960,35467137,5412358,71233,3755922,34070774,228012747,3624184,34102041,85532,2376617
1635291052.8648171,3604572,34871695,5447247,72295,3734979,34232425,228051027,3772862,34103828,86010,2681736
1635291052.9649358,3727568,35255828,5434929,75586,3768146,34176185,227915743,3698848,34092474,82259,2791405
1635291053.0650551,3570750,34812259,5400187,74121,3687936,34198654,228034658,3743169,34249469,85560,2594353
1635291053.1651745,3685360,35173655,5439785,74817,3757955,34121227,227873626,3629637,34195562,83028,2693640
1635291053.2652926,3681558,34886204,5335861,69813,3780810,34094263,228051877,3756392,34269173,86663,2640489
1635291053.3654103,3698913,35211117,5436267,72954,4312813,34145645,228053087,3676897,34177081,86950,2713423
1635291053.4655285,3685367,35213633,5361299,74601,3537847,34103673,228074827,3780522,34165572,86789,2556657
1635291053.5656471,3620606,34853199,5463224,90062,3669172,34187540,228130002,3658834,34205425,87743,2694711
1635291053.6657653,3699287,35173909,5384594,62142,3669108,34152641,228025934,3780860,34151005,84233,2683359
1635291053.7658844,3612691,34721815,5606025,72461,3770525,34242039,228071129,3779166,34146972,88043,2446699
1635291053.866002,3813265,34962684,5461466,72265,3765847,34172554,228217509,3627334,34204562,82995,2757107
1635291053.9661205,3581440,34865594,5432155,73401,3771685,34173392,228080272,3750496,34160319,87526,2440266
1635291054.0662384,3732788,35061256,5370202,74502,3761827,34121272,228050825,3620788,34124492,77521,2685866
1635291054.1663568,3651791,34772901,5513204,71888,3628662,34144973,227927907,3824999,34022169,86624,2631680
1635291054.266475,3700188,35120730,5458465,76208,3775160,34113835,227970649,3581248,34079675,83760,2703540
1635291054.366594,3483990,34706378,5494503,68225,3681037,34112710,228018177,3804430,34133959,88378,2319471
1635291054.4667118,3693661,35396175,5461866,73103,3899766,34213934,228039265,3721629,34170899,85331,2696407
1635291054.5668304,3687676,35104057,5406712,75527,3746863,34196235,228136091,3785003,34131293,84727,2477382
1635291054.6669478,3709100,35036559,5460236,77005,3529927,34202127,228052805,3631128,34183771,83630,2706288
1635291054.7670658,3670580,35166868,5290417,74907,3746355,34150442,227930743,3756134,34144286,83906,2688830
1635291054.8671832,3654411,35038997,5718115,69057,3783665,34130559,227959048,3687964,34249503,87349,2491229
1635291054.9673014,3707744,35060237,5452511,73865,3618621,34143414,228075065,3737009,34192951,88877,2706603
1635291055.0674193,3674163,35078583,5455349,74854,3759042,34011165,228068002,3772564,34120975,90420,2393091
1635291055.1675377,3632039,34749202,5391871,74980,3780102,34071293,228071831,3634761,34183760,90438,2699036
1635291055.267656,3733101,35262063,5482266,73862,3628406,34214452,227957714,3783660,34255495,84210,2718881
1635291055.3677745,3706361,35189028,5342474,67109,3769149,34258414,228042938,3755638,34194813,84192,2688254
1635291055.4678917,3761938,35040041,5484254,72837,3665185,34268847,227936007,3547807,34143493,85726,2750457
1635291055.5680106,3685430,35195610,5478166,74564,3787859,34088689,228104864,3772742,34223630,85196,2703020
1635291055.6681287,3607256,34766889,5408154,60288,3706957,34253059,227999284,3777802,34146396,88537,2688048
1635291055.768246,3705913,35066431,5495464,74609,3818676,34153303,228057873,3656663,34339522,85343,2696735
1635291055.8683643,3703505,35058589,5316192,66577,3551376,34191428,228000259,3785443,34203568,85054,2607721
1635291055.9684827,3528464,34709671,5440158,71049,3820618,34482978,227919788,3658969,34417428,83818,2693550
1635291056.0686004,3726548,35178504,5496661,74489,3730574,34361954,228001124,3804254,34360801,85300,2757899
1635291056.168718,3663921,35435844,5480759,75167,3796428,34363222,227998401,3805932,34302576,87697,2741773
1635291056.2688355,3746260,35435674,5442483,60192,3794134,34385914,227972934,3639242,34343116,84349,2531595
1635291056.368954,3628217,35224247,5493223,72967,3645051,34495854,228031036,3795068,34376481,87488,2635359
1635291056.4690716,3686962,35533391,5464860,74908,3804316,34364925,228022547,3702291,34420246,82999,2788201
1635291056.5691898,3452620,34978247,5578980,68760,3796746,34266231,227981383,3780128,34376150,86605,2350217
1635291056.6693087,3709621,35362689,5532554,72462,3807890,34292724,228026262,3784225,34408514,86572,2703114
1635291056.769427,3711239,35366763,5418447,74018,3734826,34271880,228035292,3725862,34401301,86649,2552838
1635291056.8695455,3626312,35026800,5510647,70274,3715931,34359823,227992102,3749562,34282509,88884,2587863
1635291056.9696631,3710509,35506723,5491479,71962,3791557,34328263,228039105,3711687,34374177,84758,2678981
1635291057.069781,3719028,35471891,5407896,73690,3732206,34414171,227911527,3802073,34406387,84931,2697214
1635291057.169899,3782020,35510175,5554794,72499,3787540,34381785,227975831,3639383,34333323,84611,2698566
1635291057.2700105,3714437,35396708,5493102,71766,3460896,34461677,227972246,3786371,34361205,84053,2521494
1635291057.370129,3534852,34798545,5459343,73512,3790263,34447473,228010778,3782065,34383843,86285,2681732
1635291057.4702475,3718835,35241262,5428622,73014,3794441,34367527,227971654,3641060,34482217,84511,2686318
1635291057.570366,3702233,35411257,5520132,74320,3646922,34389021,228055469,3826110,34278482,84913,2586459
1635291057.6704848,3688951,35373436,5423728,70547,3795295,34307770,227976337,3608878,34342366,84847,2669464
1635291057.770603,3657960,35012182,5469763,74029,3605141,34323323,228102691,3727095,34357205,86357,2685072
1635291057.8707216,3714818,35659895,5486430,73074,3821240,34256906,228071071,3767741,34283338,85421,2696732
1635291057.97084,3698519,35405589,5405621,73998,3782052,34290577,227963063,3791949,34237758,84844,2582009
1635291058.0709584,3662382,35208445,5489953,73304,3773784,34252171,228051592,3643285,34244462,83804,2700949
1635291058.1710765,3706228,35322159,5514558,75569,3566356,34404623,228103693,3783758,34315359,87961,2700099
1635291058.2711954,3564614,34881699,5371474,68512,3798683,34373538,228063113,3781812,34297760,90148,2680547
1635291058.3713133,3725535,35301950,5495697,74426,3789565,34269005,228038901,3635695,34415873,87359,2665616
1635291058.4714317,3722821,35260075,5495084,73889,3744608,34325010,227979145,3788300,34370182,84414,2661377
1635291058.5715501,3719575,35304754,5418410,60818,3798873,34279950,227955175,3663103,34382834,86384,2467967
1635291058.6716688,3637986,35012918,5492116,74018,3653389,34307412,227978322,3783602,34312390,85283,2662243
1635291058.771787,3717971,35482273,5487298,75938,3770181,34494236,228040684,3758774,34306532,85300,2756795
1635291058.8719053,3726076,35205417,5426581,67535,3766624,34407277,227925975,3790449,34310831,86634,2483994
1635291058.9720232,3701859,35113362,5501277,73700,3562201,34509700,228065840,3752806,34332701,84267,2680645
1635291059.0721416,3698188,35376474,5496726,76616,3734279,34328795,228025729,3631398,33692356,84014,2681639
1635291059.1722605,3614765,34943392,5540728,74463,3781229,34396660,228044258,3768218,34349095,87270,2451420
1635291059.2723792,3692302,35371175,5488055,73927,3791108,34361635,228043867,3638714,34486226,84625,2680846
1635291059.3724966,3698311,35480282,5452652,73346,3677459,34349249,228000074,3793300,34392395,85306,2375706
1635291059.4726152,3626868,35244788,5477684,89002,3790750,34252491,228051550,3685056,34288775,85792,2696045
1635291059.5727339,3606928,34986925,5317510,64191,3619042,34305299,228062803,3766120,34337676,84286,2644379
1635291059.672852,3794697,35445169,5583174,74764,3751675,34333572,228032621,3802509,34322855,86285,2711298
1635291059.77297,3741325,35624671,5392421,67277,3785254,34355584,227926860,3640749,34390145,82463,2865785
1635291059.8730884,3706545,35388672,5506138,72860,3623199,34439763,228008395,3873788,34308535,90714,2302005
1635291059.973207,3693783,35382006,5502259,75147,3786806,34342113,227814858,3557340,34370198,87916,2728265
1635291060.0733254,3671423,35087448,5433201,71232,3799932,34304900,227937481,3771525,34412757,87293,2559149
1635291060.1734433,3716067,35300236,5532413,74459,3698720,34388065,227999181,3704665,34512558,85193,2697199
1635291060.273562,3718748,35324433,5466089,72715,3781519,34265089,227988956,3798801,34403898,84416,2675007
1635291060.3736804,3619829,34949827,5520301,74883,3632961,34387418,228061930,3747573,34287501,86714,2335804
1635291060.4738004,3739066,35332082,5458913,75480,3811084,34290760,228032035,3692247,34325642,85732,2732402
1635291060.5739198,3723967,35031958,5509941,61188,3791536,34379042,228074540,3796762,34273999,85370,2482288
1635291060.674038,3705105,35277968,5510678,102038,3782745,34421143,228028091,3646378,34322556,84465,2730518
1635291060.7741568,3716348,35197664,5483964,73303,3636880,34475859,228048194,3785324,34450799,83767,2688671
1635291060.874277,3685307,35186557,5512206,74846,3808533,34420580,228059774,3789921,34381161,90031,2257593
1635291060.974398,3634410,34993410,5422101,69646,3806814,34126330,228060087,3455859,30812611,83830,3941303
1635291061.0752964,3721580,35469980,5508608,73624,3778633,33971682,228100472,3753371,33937599,84400,2719306
1635291061.175471,3661296,34816042,5385605,69481,3793204,34311302,228092331,3559913,34280168,85709,2569358
1635291061.2755942,3674944,35350856,5468046,76413,3671788,34381426,227986934,3771740,34272749,84007,2711433
1635291061.3757136,3701401,35483298,5324372,68302,3778157,34310374,227839937,3791826,34305583,84484,2684952
1635291061.475832,3774768,35327054,5520269,73464,3765489,34269587,227928943,3641616,34337147,90102,2704707
1635291061.5759513,3715056,35285543,5504775,70730,3423147,34339649,228056758,3799812,34280727,87274,2740433
1635291061.6760693,3687326,35089167,5363909,76180,3779304,34411695,228040461,3779097,34293276,85141,2503426
1635291061.7761884,3803293,34489501,228053038,3642127,34630820,83746,2680017,3688168,35403300,5521176,73634
1635291061.8763068,3649996,34285685,228029547,3779198,34403693,84963,2683490,3742529,35384763,5493526,75540
1635291061.976425,3793124,34268335,228007333,3785305,34264347,86818,2393485,3527971,34814895,5509008,69751
1635291062.1766617,3726264,35312759,5509077,74160,3793853,34243550,228027764,3757313,34261016,82930,2676435
1635291062.2767813,3708346,35445712,5397483,74271,3780574,34302509,227952131,3779601,34209778,84733,2491167
1635291062.376901,3649142,35023324,5562419,73454,3628741,34263843,228031007,3775963,34263296,84991,2679269
1635291062.4770195,3712930,35220904,5512461,76701,3730360,34242873,228045270,3683959,34290761,84097,2691780
1635291062.5771387,3581612,34753722,5463260,70060,3873569,34508399,227953469,3789987,34297407,88257,2446395
1635291062.6772573,3722350,35475985,5513586,73876,3791975,34325587,227915185,3637501,34450338,84521,2737437
1635291062.7773755,3696273,35455721,5455467,74305,3796052,34327067,227925596,3792668,34476117,83735,2579372
1635291062.877494,3794070,34329220,227940274,3748708,34347739,86695,2581366,3688513,35472821,5428097,73854
1635291062.9776125,3736074,34291633,227968869,3704968,34305161,87121,2721229,3690472,35216128,5491664,74608
1635291063.0777307,3728880,34314638,228030880,3800990,34381525,89885,2738288,3713144,35267422,5355317,71940
1635291063.2779887,3720564,35276500,5497757,74771,3774459,34282450,227993748,3769928,34215120,87388,2707166
1635291063.3781102,3730324,34749697,5031305,77109,3789659,34373016,228028792,3667326,34092862,85441,2576579
1635291063.4782305,3613216,34940394,5511958,74197,3681327,34303940,228136113,3762099,34330194,86542,2644690
1635291063.5783496,3703989,35245085,5511304,75036,3836260,34274807,227994472,3699970,34380252,83935,2701480
1635291063.6784678,3680372,34947659,5387053,69870,3691046,34352434,228081698,3790564,34322080,85855,2603982
1635291063.7785864,3701040,35295848,5492523,73553,3770155,34198392,228015202,3648723,34166288,83428,2668942
1635291063.8787045,3699872,35326074,5432784,75960,3764202,34113556,228445064,3803478,34238926,82890,2626957
1635291063.9788227,3787654,34202022,227898336,3699282,34094956,85368,2604268,3724379,35159411,5460491,76044
1635291064.0789406,3673509,34200152,227936703,3744912,34155480,82568,2704825,3525253,35191658,5487058,75670
1635291064.1790583,3745836,34304378,227916341,3788786,34157389,85191,2635721,3710577,34889856,5373426,70613
1635291064.3792946,3695238,35346522,5485886,73762,3784856,34229896,228003215,3789005,34333900,83183,2701739
1635291064.4794126,3680128,35382140,5400920,75006,3802190,34189630,228090156,3742042,34207459,83239,2544127
1635291064.5795305,3594687,35060296,5462088,74100,3670977,34304569,228143224,3657628,34298700,84874,2650645
1635291064.6796484,3688051,35318116,5500763,76050,3807996,34262497,227845799,3789368,34306979,87776,2699582
1635291064.7797666,3668398,34841925,5408697,70737,3781337,34248368,228083100,3802388,34278134,88053,2628647
1635291064.8798847,3732961,35489562,5519216,74222,3804341,34274195,228144742,3654942,34365276,86570,2706738
1635291064.9800158,3688666,35373090,5501109,75448,3777813,34390420,228069228,3788783,34300558,82906,2652228
1635291065.080135,3774959,34356030,228017117,3761311,34249394,84940,2563085,3717531,35114167,5518293,74116
1635291065.1802542,3752556,34283425,228043665,3683924,34385880,84540,2707173,3493897,35304024,5554800,76066
1635291065.2803724,3705129,34337817,227980476,3775779,34337472,85973,2690152,3740623,35252665,5378603,71237
1635291065.4806087,3701830,35345651,5511577,73894,3550954,34429863,227993412,3797508,34285820,86333,2675213
1635291065.5807276,3724843,35320928,5525449,75670,3790218,34341706,227896743,3728705,34265949,83256,2664492
1635291065.6808457,3644893,35033691,5439365,74968,3791721,34279552,227843609,3786559,34304186,87061,2526484
1635291065.7809644,3721512,35437381,5493055,75675,3638136,34382941,228062200,3750882,34327525,84286,2709485
1635291065.8810833,3732071,35671372,5408012,70727,3673318,34239191,228035073,3704347,34320958,83287,2676732
1635291065.9812014,3662332,35106072,5476785,75368,4037999,34420374,228092026,3706914,34302888,85138,2662007
1635291066.0813196,3707579,35420389,5502438,73540,3508689,34455750,228100870,3742663,34419268,83284,2702778
1635291066.1814382,3796822,34367728,228030767,3781947,34440275,85648,2549848,3680169,35463706,5486336,75693
1635291066.2815564,3790586,34213883,228041976,3648163,34309103,86925,2684776,3515262,34134849,5414906,74351
1635291066.3816743,3635031,34264156,228050703,3778200,34280646,87951,2795855,3901579,35731834,5456841,76300
1635291066.5819113,3638348,34983869,5467933,74135,3469498,34214956,228079860,3741971,34240045,83937,2683180
1635291066.68203,3722063,35371552,5502237,72585,3775458,34307749,227965310,3675463,34272653,85272,2688118
1635291066.7821486,3719209,35087983,5396537,74075,3767763,34246887,227889712,3772924,34290391,86320,2554774
1635291066.8822672,3756599,35137207,5506757,71175,3641623,34331036,227979710,3768121,34218651,84353,2689890
1635291066.9823866,3716575,35280937,5451236,74025,3860256,34278228,228005003,3723561,34264433,83880,2676037
1635291067.0825057,3669467,34838254,5473718,73775,3372904,34223777,228060191,3676793,34296541,86706,2678313
1635291067.1826236,3710592,35185291,5494968,73769,3428195,34266668,228080041,3769879,34251594,84522,2664861
1635291067.2827423,3796703,34239470,227953269,3788269,34127643,85949,2547439,3758777,35439460,5486917,74438
1635291067.3828602,3784762,34210862,228041067,3632312,34217541,84123,2707562,3740457,35340706,5423629,74834
1635291067.4829786,3641440,34248287,228058217,3788663,34195334,84399,2718709,3523487,35469711,5331317,71851
1635291067.6832154,3747854,35180144,5494388,74671,3480129,34331654,228046057,3783385,34196405,85331,2701758
1635291067.7833328,3670659,35359476,5495808,74453,3785119,34345189,227988419,3782790,34298278,84320,2687918
1635291067.8834505,3611036,35067118,5411495,70598,3801440,34207982,228004025,3569352,34193682,87704,2559249
1635291067.9835687,3675227,35419557,5492288,75029,3644795,34260871,227959398,3769089,34395638,87531,2718408
1635291068.083687,3667435,35263319,5382052,70999,3791436,34184013,228045001,3779859,34342253,87773,2744769
1635291068.1838055,3712522,35073937,5501753,75114,3554493,34192001,227877999,3702254,34268183,88797,2650334
1635291068.2839246,3713449,35422474,5505221,74245,3373287,34206838,228013652,3775569,34281135,83325,2687134
1635291068.384043,3684779,35129353,5432673,124617,3787013,34279343,228007203,3781327,34183334,86901,2538017
1635291068.4841611,3696584,35284669,5443318,67578,3795306,34242947,227905181,3645349,34244864,85122,2725925
1635291068.5842795,3674026,35009941,5516259,73694,3633832,34375422,228006874,3777133,34293033,84330,2698764
1635291068.6843982,4321693,35716713,5501438,72023,3781076,34328709,228012888,3642538,34270032,86534,2211812
1635291068.7845159,3449826,34946981,5429740,74707,3487626,34365678,228076682,3749573,34401996,84492,2733443
1635291068.884634,3800990,35263164,5510876,73534,3794444,34324790,227989813,3788903,34174149,84018,2671319
1635291068.9847522,3703308,35046339,5412456,73354,3792535,34241311,228062840,3728181,34325009,85108,2559163
1635291069.0848708,3717047,35249257,5493136,73685,3655625,34328545,228027175,3717998,34278167,84584,2685342
1635291069.1849895,3712241,35548596,5479484,75660,3792416,34236544,228027473,3636427,34295752,84499,2693022
1635291069.2851076,3518579,35070734,5437447,66964,3353718,34278752,228064344,3850432,34179182,86951,2703273
1635291069.3852262,3698475,35386181,5501435,72561,4127733,34269805,228105458,3665096,34316704,84111,2721039
1635291069.485349,4560266,33713971,4041383,84426,3742056,34367089,227985666,3787302,34253343,84719,2588059
1635291069.585468,3673121,35188292,5563060,77424,3746670,34317518,228027332,3641936,34382653,86285,2698975
1635291069.6855867,3705840,34918220,5298398,68831,3648678,34255508,227907438,3794860,34464904,86579,2715648
1635291069.7857053,3533474,35281955,5500156,77721,3799885,34446848,228047019,3781468,34352568,87469,2973456
1635291069.8858235,3724251,35438946,5455087,66434,3801049,34255264,228036417,3647071,34377443,82827,2658590
1635291069.9859421,3667150,35162242,5507729,73379,3722875,34331736,228034961,3784359,34301947,87518,2450275
1635291070.0860608,3728980,35435819,5414621,60911,3792105,34277492,228041981,3689917,34352653,83081,2716058
1635291070.1861794,3612725,35022585,5509382,73682,3646045,34330995,228017217,3785946,34314853,86503,2669151
1635291070.2862973,3700899,35304262,5525390,75459,3744143,34508711,227989861,3781971,34350193,82966,2730498
1635291070.3864157,3683113,35069349,5425314,68293,3585953,34293631,228040865,3734719,34292579,87508,2680559
1635291070.4865336,3759786,35148210,5530523,74135,3683501,34421844,228085238,3628944,34342914,83938,2687786
1635291070.5866523,3721293,35311486,5498270,62791,3793711,34331767,228044613,3780115,34387714,84848,2641416
1635291070.6867702,3587153,35088706,5568516,83484,3764801,34319975,228049806,3747916,34226860,86879,2522302
1635291070.786888,3701190,35513602,5488284,73466,3737540,34354846,228055795,3712506,34328081,83712,2694815
1635291070.8870063,3705054,35725456,5493291,74194,3628559,34344867,228017770,3796001,34339360,84151,2304961
1635291070.987124,3581634,34828489,5339230,73968,3791688,34306297,227958621,3647993,34330009,84794,2704646
1635291071.0872421,3661864,35619479,5532817,73803,3551860,34336776,227972628,3797423,34308001,85611,2694194
1635291071.1873598,3671360,35437025,5508437,75561,3797014,34418734,227945732,3789968,34206733,90492,2714253
1635291071.2874775,3667406,35020013,5463882,70821,3792685,34270098,227973544,3584433,34272335,90401,2495056
1635291071.387596,3703845,35226633,5507907,73738,3698413,34329382,227855334,3751821,34403704,87121,2729970
1635291071.4877143,3714793,35282202,5462832,76261,3804597,34250543,228061510,3771544,34484765,84054,2492877
1635291071.5878341,3623483,34953344,5474603,74853,3721834,34366537,228065383,3741787,34366153,87372,2693744
1635291071.6879523,3709686,35412686,5491398,74767,3746852,34293601,228072406,3706563,34355022,84990,2687672
1635291071.7880702,3731231,35351152,5387894,70762,3613454,34350345,228092863,3795226,34374905,84583,2617079
1635291071.8881886,3789063,35366997,5463916,67767,3810076,34264273,227937426,3636326,34276489,84226,2691779
1635291071.9883065,3709397,34998618,5508155,73320,3662123,34436397,228038442,3791196,34275999,84633,2716602
1635291072.0884247,3659018,35261781,5526490,75517,3778876,34416822,228019945,3790476,34271027,88439,2784649
1635291072.1885424,3724153,35278623,5439482,60331,3791657,34321353,227924504,3634089,34430780,86181,2463958
1635291072.2886598,3642293,35047733,5498955,75356,3650083,34284627,227956319,3772848,34279846,83888,2676430
1635291072.3887777,3713701,35383314,5353051,69208,3795759,34299456,228073168,3720372,34310222,83353,2761511
1635291072.4888957,3753069,35211985,5493527,73878,3608021,34237914,227911815,3813271,34292035,86060,2567210
1635291072.5890133,3690243,35446207,5496376,74859,3784836,34111620,228099479,3595571,34258269,84196,2692196
1635291072.6891313,3673780,35265504,5399479,72480,3635503,34300533,228101616,3843245,34210652,85869,2544733
1635291072.7892487,3698019,35458060,5492636,75562,3773799,34324299,228065931,3646294,34427197,87133,2696349
1635291072.889367,3694383,35396870,5459127,69735,3783906,34458152,228062174,3797777,34310318,87724,2783905
1635291072.9894853,3515473,34991911,5612045,74376,3710884,34436615,227991780,3765376,34298929,89029,2359283
1635291073.0896037,3677710,35583799,5483664,75107,3763925,34183832,228077189,3641253,34408611,83339,2670226
1635291073.1897213,3617379,34733260,5382577,69584,3780872,34212161,228040367,3784263,34369333,85338,2507763
1635291073.289839,3791680,35351424,5433425,75991,3781985,34277041,227971772,3636103,34227874,84369,2667700
1635291073.3899567,3653773,35131995,5468485,73475,3630627,34287631,228023986,3785504,34207632,83981,2678351
1635291073.4900787,3698071,35425657,5476342,77426,3789803,34329495,228058499,3664551,34122779,85493,2651074
1635291073.590197,3527402,34934156,5463922,70248,3770722,34186846,227937438,3773999,34216278,87691,2400768
1635291073.6903148,3708097,35437622,5511394,73479,3778882,34355306,227938486,3766661,34195112,84291,2710588
1635291073.7904332,3680555,35359152,5408010,74492,3818405,34295073,227987723,3749297,34298910,84494,2563319
1635291073.8905516,3609868,34977056,5459797,74263,3692790,34305822,227953040,3686043,34257742,86737,2640133
1635291073.9906704,3700431,35430631,5476267,77626,3703604,34342894,228033009,3725285,34427101,84395,2703205
1635291074.0907888,3677041,35249373,5389258,67916,3774170,34280377,227842684,3793251,34354070,86413,2672431
1635291074.1909077,3659414,35535651,5485566,74242,3792023,34212108,227961238,3649644,34310222,85350,2702529
1635291074.2910264,3715471,35513210,5507068,73625,3728577,34323709,228120691,3798041,34331811,86652,2693435
1635291074.3911452,3714749,35335504,5497262,75952,3787405,34341280,228027747,3764325,34232549,90715,2512400
1635291074.4912634,3481265,34848164,5420694,75024,3757507,34293493,228107741,3665213,34327009,90902,2700239
1635291074.591382,3717315,35453605,5516966,75059,3653421,34412778,228024417,3780409,34285683,86622,2689446
1635291074.6915002,3710934,35185182,5345118,71372,3780361,34379179,228000512,3760971,34377910,85073,2786045
1635291074.7916186,3789342,35220685,5559241,74967,3426117,34301100,227965049,3588620,34263273,85822,2704057
1635291074.8918087,3709247,35302473,5509648,75643,3780758,34263703,228019581,3705366,34459514,86021,2684841
1635291074.9921243,3691739,35060682,5429375,74617,3743435,34255259,227947349,3810771,34317908,86713,2540216
1635291075.0924416,3752879,35229144,5498988,74090,3782148,34318285,228001066,3647460,34279735,84324,2714407
1635291075.1927567,3705860,35321155,5454403,74834,3713199,34333105,228030901,3806805,34249135,84626,2669501
1635291075.2930703,3568674,35005453,5488383,77354,3689215,34236108,227900476,3724106,34246032,87745,2718874
1635291075.3933926,3711739,35144156,5437470,62341,3527412,34296273,228031953,3729880,34287373,85031,2665215
1635291075.493704,3666107,35362725,5493747,77055,3773409,34449859,227999277,3781731,34277383,86875,2616902
1635291075.5940197,3891605,35305854,5434568,75101,3796825,34397217,228070106,3645394,34380381,83637,2698306
1635291075.6943374,3644173,35107049,5490113,73411,3641606,34274959,228040739,3776029,34279282,90778,2261830
1635291075.7946432,3684424,35448673,5494868,76801,3792767,34318117,227995754,3701955,34234442,82561,3035769
1635291075.894955,3532870,34853891,5428317,67829,3795395,34225735,227968183,3779424,34404938,88510,2754281
1635291075.9952705,3692708,35467935,5505582,73775,3784232,34396193,228076646,3786553,34264459,86868,2694031
1635291076.0955842,3726790,35345554,5401647,60491,3683830,34202211,228030321,3710815,34302975,88275,2565623
1635291076.1958969,3654643,35125612,5523881,73579,3781721,34305682,228019652,3644755,34280467,88732,2695791
1635291076.3462622,3715939,35454834,5522823,72137,3780562,34358093,228162046,3801677,34325142,84153,2715557
1635291076.4463837,3675924,34968707,5473680,74962,3662267,34315178,227897296,3785158,34337507,85975,2679446
1635291076.5465014,3745378,35396243,5518387,74493,3768955,34391279,227965255,3630498,34372998,83787,2695962
1635291076.6466196,3673389,35147238,5423412,65890,3658327,34334609,227961493,3784162,34383250,84958,2583522
1635291076.7467387,3662032,34916095,5498418,61426,3799340,34294189,227955784,3714800,34274947,86990,2669786
1635291076.8468573,3669564,35171798,5514081,74604,3707526,34286078,227978035,3710916,34266304,83766,2686367
1635291076.9469755,3729798,35452137,5528232,73603,3684749,34262715,228017388,3817354,34241868,85885,2266796
1635291077.047094,3712234,35185410,5429146,69402,3792874,34257720,228043119,3574620,34350626,84965,2441503
1635291077.147212,3692888,35173233,5501977,73605,3569857,34278227,228028786,3786241,34378609,84391,2682223
1635291077.24733,3711330,35373513,5514807,78136,3803966,34407035,227977916,3774140,34257065,84355,2728796
1635291077.347448,3636996,35077500,5483771,74024,3778799,34298838,227994080,3708329,33601071,86047,2515831
1635291077.4475663,3697105,35441329,5516597,74878,3636117,34374554,228056149,3668335,33781827,79498,2601056
1635291077.5476844,3698941,35161721,5449243,69844,3799531,34370696,228041243,3792295,34433739,84965,2499737
1635291077.647803,3681738,35177433,5514887,74253,3790021,34274420,228039462,3645947,34399810,87984,2713597
1635291077.747921,3580135,34427356,227962659,3794163,34395345,89515,2704411,3709432,35363274,5521996,77671
1635291077.848039,3796017,34277508,227977645,3787594,34305533,87091,2464954,3589671,34952176,5515292,72000
1635291077.9481564,3787690,34274612,227997899,3642512,34426052,85472,2780399,3730368,35584391,5544740,74075
1635291078.1483915,3715426,35447659,5477631,76616,3781706,34459557,228068254,3751182,34368055,85097,2529654
1635291078.2485092,3634133,34996603,5490238,74135,3667948,34384121,227940407,3761876,34397502,86675,2697374
1635291078.3486264,3719513,35278181,5501716,75744,3730020,34321469,227987319,3581392,34325300,85343,2712788
1635291078.4487443,3705014,35162545,5382083,68163,3727450,34386587,228055270,3824410,34358237,85908,2515320
1635291078.5488617,3720449,35345711,5527956,74356,3872034,34328258,228095033,3646188,34390729,84895,2692992
1635291078.648979,3686831,35306249,5511490,75019,3748664,34323693,228130959,3790644,34304134,84208,2649644
1635291078.7490966,3586425,35170379,5450384,61919,3790749,34267573,228085738,3782961,34254718,89066,2642301
1635291078.8492146,3774327,34339745,228062690,3659347,34270828,84051,2719618,3650987,35494078,5606125,69898
1635291078.949332,3654078,34356249,228081390,3800370,34293386,83956,2678532,3804232,35872411,5341506,68596
1635291079.0494497,3781025,34369704,228000620,3649824,34282978,83305,2625700,3711689,35362279,5485468,73713
1635291079.249685,3689534,35335572,5510882,75843,3793265,34258945,227938351,3673322,34388718,88624,2768471
1635291079.3498032,3668965,35124003,5461444,77551,3783846,34266475,227913735,3776307,34416547,89482,2521758
1635291079.4499214,3728861,35296592,5519887,74257,3650279,34312569,228088658,3789014,34435261,88599,2724074
1635291079.55001,3703396,35310500,5474368,74102,3846622,34249701,227975177,3731332,34356824,84449,2679854
1635291079.6501284,3592957,34952655,5550821,72981,3671304,34292108,228128458,3732891,34326651,86105,2429402
1635291079.750247,3723764,35543814,5518334,73541,3612866,34288452,228033664,3701121,34311162,84319,2702623
1635291079.8503652,3707273,35237804,5462199,76618,3775450,34337918,228113715,3798992,34337224,85362,2463148
1635291079.9504836,3767572,34413527,228021322,3645426,34260555,84333,2683955,3721645,35216479,5464069,73150
1635291080.0506022,3650216,34374231,228079309,3787544,34324694,83953,2715289,3562594,35089254,5542645,76524
1635291080.1507208,3794527,34288920,228002835,3758172,34338294,86061,2319414,5180411,32562162,5569935,69897
1635291080.3509574,3725311,35237658,5515772,74125,3793353,34257753,228000709,3801002,34171678,86862,2668573
1635291080.4510756,3708038,35223216,5402571,76398,3791670,34226798,227924557,3586395,34139409,85950,2450991
1635291080.5511937,3681232,35150675,5517736,72966,3647682,34269680,228021261,3767992,34300024,84068,2721631
1635291080.6513119,3703382,35568914,5520979,76605,3778189,34322619,227973808,3781500,34236587,85987,2698982
1635291080.75143,3582759,34840755,5496253,69753,3765749,34177605,227725996,3790464,34273557,86485,2456001
1635291080.8515491,3683544,35356898,5503117,74080,3782240,34486241,228202772,3643582,34272367,86855,2694202
1635291080.9516685,3707185,35306497,5440534,75561,3782832,34363476,228009862,3770829,34338479,87786,2535944
1635291081.051787,3789772,34299471,228015504,3677867,34448838,88504,2621719,3711886,35118624,5486635,74437
1635291081.1519063,3663919,34233572,227986898,3762874,34370785,84483,2686855,3491445,35239039,5535250,75167
1635291081.2520254,3788970,34297016,228047090,3793715,34301427,87525,2703062,3737986,35054679,5406349,71097
1635291081.4522786,3720227,35053425,5451627,86948,3796443,34209157,227996860,3769470,34206178,84608,2691336
1635291081.552402,3696974,35294844,5398574,77570,3770380,34388752,228043283,3737038,34245299,84292,2543917
1635291081.652524,3633940,34954505,5523170,71878,3651453,34401391,227999296,3795033,34312796,86188,2649445
1635291081.7526424,3707617,35322898,5516132,76187,3768683,34271157,228044739,3571708,34293382,85132,2704038
1635291081.852761,3696693,35037993,5404220,70463,3661575,34592921,228035756,3833159,34393365,86942,2704878
1635291081.9528797,3714829,35338192,5519413,74751,4029329,34318590,227969324,3641903,34430964,85989,2774358
1635291082.0529978,3713317,35335788,5499933,76179,3796293,34358750,227916598,3792517,34379169,84477,2633207
1635291082.1531165,3782877,34236036,227930111,3752515,34234814,86295,2569036,3704725,35347869,5145274,73042
1635291082.2532346,3718606,34182340,227932919,3708643,34281726,85046,2713539,3516550,35139323,5629667,75015
1635291082.3533533,3724399,34276575,227931968,3779083,34208334,85982,2677784,3893302,35595819,5373768,70767
1635291082.5535896,3702376,35361145,5497180,74511,3740607,34489869,228081330,3784786,34233298,88986,2731717
1635291082.6537075,3687254,35280657,5481531,76578,3793276,34269476,228025543,3671821,34440975,86957,2641999
1635291082.7538254,3576348,34889406,5433640,75962,3719836,34172783,228008929,3798975,34338223,88597,2619512
1635291082.8539433,3672426,35259236,5500063,75103,3714021,34114950,227987030,3753938,34475309,83714,2693465
1635291082.9540615,3680502,35045629,5386650,71201,3625021,34075995,228039771,3714345,34266020,85989,2672147
1635291083.0541797,3725871,35248705,5520161,74269,4727331,34368339,228102238,3640203,34280515,83272,2660202
1635291083.154298,3716607,35430197,5485246,75241,3793802,34279199,228031242,3783516,34142407,83270,2593259
1635291083.2544165,3775029,34206756,227882917,3675554,34145799,85966,2630969,3698381,35266612,5488725,74783
1635291083.3545341,3641795,34323398,227990101,3764785,34173562,83575,2701270,3465909,34337934,5461525,75718
1635291083.4546523,3769985,34288447,227916403,3769793,33975421,87340,2487741,4660072,35352978,5413243,71671
1635291083.6549633,3706664,35231753,5486029,74336,3799006,34287139,228129504,3784417,34320875,85731,2700322
1635291083.7550836,3700297,35192203,5359703,76140,3793756,34221227,228029776,3659550,34398958,84517,2473815
1635291083.8552032,3656149,35078793,5482531,73969,3636764,34221016,228085832,3776010,34333340,83963,2668120
1635291083.955322,3691049,35434664,5500495,76341,3787481,34217597,228009809,3775150,34241250,83743,2699707
1635291084.0554414,3536742,34890439,5513923,69911,3784517,34253062,228069734,3782452,34230326,87450,2358017
1635291084.15556,3692975,35392224,5519562,73192,3290361,34176588,228067976,3663861,34324305,86087,2731598
1635291084.2556791,3705824,35245298,5423717,74612,3761712,34390360,227978102,3794524,34295530,87603,2461998
1635291084.355798,3631314,35014683,5548771,66042,3783071,34441348,228158515,3638662,34315120,87877,2709615
1635291084.4559178,3709971,35323692,5464168,71750,3657398,34353691,228029510,3790792,34445211,85023,2682007
1635291084.5560381,3621304,35193097,5605244,75891,3797304,34381316,228023772,3790441,34426178,87598,2566582
1635291084.6561582,3330443,34805642,5374719,71735,3788397,34275588,227969167,3644419,34396567,84599,2253669
1635291084.7562776,3723742,35083276,5572717,74035,3793116,34363630,227985905,3788198,34415194,86287,2665962
1635291084.856396,3747433,35559073,5475751,74284,3798313,34334520,228018123,3759686,34312425,83985,2685494
1635291084.9565144,3604858,35131080,5475733,75221,3731144,34291482,227979629,3783206,34279779,87713,2557214
1635291085.056633,3690035,35375272,5515992,75477,3672487,34442768,227804448,3575202,34269960,83600,2700894
1635291085.1567528,3703784,35182789,5327197,71171,3768846,34270821,228030371,3785063,34278156,85818,2664054
1635291085.256872,3698686,35245901,5488819,74917,4028142,34457341,228080700,3674338,34263361,84655,2737300
1635291085.3569906,3698178,35278261,5465614,76103,3767936,34236378,228042264,3778864,34296038,84444,2704103
1635291085.4571092,3599615,34910758,5392340,87504,3561122,34212765,228083764,3775237,34297914,87189,2557579
1635291085.5572286,3698967,35376274,5409707,65757,3843159,34199133,228006643,3665450,34292532,84398,2710729
1635291085.6573477,3682574,34958137,5497937,73866,3697852,34247529,227998801,3788666,34277400,84347,2706423
1635291085.7574666,3867534,36293823,5519440,71663,3792069,34247349,228049923,3639751,34265353,87678,2987902
1635291085.8575854,3688380,35319385,5475719,73122,3611879,34314038,228098168,3791561,34271403,90570,2254127
1635291085.9577043,3661897,35169339,5527464,72765,3768142,34425865,227928187,3786516,34306560,85034,2707899
1635291086.0578225,3616224,34954288,5434451,73246,3787210,34346787,228010613,3674169,34499722,84944,2623785
1635291086.1579416,3696888,35324866,5507285,74792,3645305,34302563,227944825,3766014,34391125,84298,2700792
1635291086.25806,3693922,35334224,5392237,71180,3786818,34215755,227922397,3646532,34391421,86764,2690331
1635291086.3581789,3761688,35042054,5548269,73887,3355064,34469959,228088562,3694674,34360788,86622,2672337
1635291086.458298,3704351,35290951,5507828,74570,3852861,34407195,228054346,3761764,34346631,83874,2715304
1635291086.5584173,3687052,35188959,5421708,75789,3788108,34361725,228074983,3797874,34325966,86779,2542285
1635291086.6585367,3756113,35357475,5542372,72565,3761425,34368603,228040097,3656956,34345540,83618,2713697
1635291086.7586558,3705676,35393841,5476142,74821,3637277,34426805,228048744,3799054,34330326,87596,2710269
1635291086.8587744,3598974,34462530,5393589,72234,3772297,34386887,228095993,3775046,34239970,85877,2715416
1635291086.9588933,3661286,35198272,5492967,67586,3737704,34345880,228071701,3663340,34359990,84071,2701782
1635291087.0590127,3687112,35370885,5505255,72880,3770975,34358273,228060863,3777169,34404711,84768,2693119
1635291087.1591313,3706229,35430016,5384131,60839,3790448,34295864,228071624,3652938,34244480,84735,2513006
1635291087.2592497,3624660,35111343,5512581,74034,3638243,34297936,228031293,3763679,34353294,87155,2622154
1635291087.3593678,3699927,35394859,5518751,74975,3806432,34284919,227731103,3776364,34271980,88612,2734944
1635291087.459487,3656964,34919905,5449630,68269,3786456,34150500,227892097,3792857,34341132,88938,2657389
1635291087.5596066,3749176,35421950,5527099,73315,3729240,34301336,228019203,3665024,34363557,84677,2645117
1635291087.659725,3705947,35384930,5446835,61692,3685260,34326429,228071428,3787553,34347017,85730,2614147
1635291087.7598436,3633790,34965862,5530326,72092,3770424,34388714,227986966,3695678,34282323,85640,2611382
1635291087.8599625,3737740,35377002,5474553,71980,3749554,34290926,227962344,3701971,34317439,84526,2695631
1635291087.9600737,3717309,34968556,5524841,72068,3696499,34270528,228025659,3775687,34311403,86269,2589564
1635291088.060193,3809264,35301102,5511686,70724,3775112,34259975,228035091,3647226,34349802,84597,2631944
1635291088.1603131,3546327,34683632,5448642,74237,3581573,34327270,228104767,3806308,34295869,85205,2699264
1635291088.260433,3759748,35446138,5512892,76635,3789285,34301338,228060778,3791192,34288000,85112,2688662
1635291088.3605528,3597458,35013883,5568891,74205,3768285,34252515,228095708,3758329,34317585,85895,2518812
1635291088.4606717,3734957,35573608,5505814,73758,3595904,34348344,227949939,3569952,34217740,83567,2702963
1635291088.5607917,3703890,35371883,5392989,75481,3779062,34385846,228094818,3792718,34385157,83386,2334133
1635291088.6609118,3650965,35166479,5543453,73031,3643190,34353136,228084099,3694483,34280772,84233,2704652
1635291088.7610304,3692960,35446944,5493175,77400,3778391,34391931,227979418,3785606,34308198,84848,2712848
1635291088.8611495,3637759,35117054,5499326,71323,3739391,34266943,227955546,3787627,34347867,86448,2476403
1635291088.961269,3703734,35275290,5522713,75559,3739605,34169048,227942506,3648683,34373524,88756,2696841
1635291089.061389,3696541,34929887,5417793,69295,3696332,34294091,227958734,3790899,34266534,86886,2453940
1635291089.1615093,3649056,35473880,5547854,81131,3797868,34311239,228030638,3715007,34357314,89248,2784246
1635291089.261628,3714312,35375710,5468211,74958,3640991,34302019,227964453,3742790,34350634,83354,2685089
1635291089.3617477,3676925,35341676,5513429,74530,3760104,34405245,227988471,3790652,34340100,91129,2495904
1635291089.4618673,3704430,35163071,5391116,66891,3783512,34488502,227982173,3673638,34365210,83880,2683333
1635291089.5619879,3698410,35357179,5518924,71392,3736514,34381248,229136309,3752036,34495768,84574,2714838
1635291089.662108,3737686,35554632,5552845,72896,3772171,34314660,227986893,3781863,34315893,85280,2673323
1635291089.7622278,3598954,34987791,5449012,61036,3626285,34310281,228100801,3702193,34346143,87228,2683509
1635291089.8623476,3712120,35375454,5515084,69685,3760068,34407031,228104819,3671452,34334177,83990,2678365
1635291089.9624662,3709893,35239502,5340118,68593,3173509,35171388,234659053,3901918,35244691,86752,2705170
1635291090.0625856,3880923,36411783,4204654,137057,3348143,33936199,230794317,3821317,34651874,86120,2767349
1635291090.1627054,3549615,35469489,5376213,90741,3781952,34336824,227969635,3718592,34259740,86255,2678301
1635291090.2628245,3727119,35208884,5464567,75262,3515210,34314469,227975800,3726699,34293159,84312,2673011
1635291090.3629453,3698807,35367091,5501120,75159,3780498,34385489,227906758,3783897,34343607,85976,2667429
1635291090.463064,3804651,35404345,5437465,74916,3788031,34313414,227914954,3638820,34417743,85920,2485205
1635291090.5631852,3644031,35129601,5520043,74098,3644032,34261808,228027198,3792289,34349722,85477,2664551
1635291090.6633048,3704161,35258132,5514235,77041,3784063,34257662,228049412,3739429,34339683,86795,2758885
1635291090.7634249,3512748,34851666,5458821,68493,3711718,34323071,227994757,3776135,34255876,90134,2695700
1635291090.863546,3710008,35439129,5515367,72162,3798244,34311780,228084041,3584045,34360033,86418,2694468
1635291090.9636655,3731707,35306542,5395883,64173,3729533,34308214,228002318,3825627,34309047,83724,2556173
1635291091.0637846,3658818,35062157,5517484,72020,3772951,34296256,228055358,3636328,34282635,83269,2689848
1635291091.1639037,3727363,35254241,5521452,71937,3797079,34338750,228165574,3806106,34332782,83551,2723745
1635291091.264023,3620466,34763272,5455720,74750,3608582,34430270,227955360,3785030,34229665,86795,2686564
1635291091.364143,3704253,35268020,5366916,76600,3781601,34341087,228023314,3633522,34358369,84048,2686996
1635291091.4642615,3675279,34938951,5508314,58351,3695588,34350097,228012582,3791338,34358309,84091,2632496
1635291091.5643818,3717768,35218689,5460244,61167,3769432,34016646,227980983,3645146,34285437,83565,2721618
1635291091.6645017,3666679,35032614,5540710,88473,3644496,34248056,227953484,3796085,34249449,87045,2421223
1635291091.7646208,3727037,35324906,5486033,75048,3784409,34456923,227936244,3701682,34279135,84191,2856707
1635291091.86474,3648309,34885907,5449514,67763,3797188,34231294,228041525,3788155,34328567,86488,2724708
1635291091.9648592,3748019,35413134,5506566,73795,3661146,34412016,228003413,3786186,34294563,84115,2726816
1635291092.0649788,3706271,35392916,5453614,62068,3808128,34342552,228088970,3719464,34325471,83774,2646601
1635291092.1650977,3611636,35055995,5487906,73421,3621054,34336190,227984406,3704536,34268830,85964,2602498
1635291092.2652168,3704598,35292011,5507271,72366,3826230,34295595,228072523,3724599,34369532,86161,2677196
1635291092.3653362,3714447,34966602,5446377,73933,3681792,34285144,228008642,3781486,34382516,89167,2626938
1635291092.4654555,3745456,35292411,5507252,72757,3794015,34302383,228119706,3644765,34385204,87065,2688544
1635291092.5655751,3731653,35360633,5501822,69011,3501660,33674847,222618029,3687822,33615447,80481,2389954
1635291092.6656947,3392942,34610063,5344086,73327,3739591,34259296,227593616,3701540,34163177,74665,2603521
1635291092.7658134,3617169,35146097,5463220,108239,3703653,33951361,227282004,3698717,33955896,70672,2654350
1635291092.8659322,3623332,34745507,5387428,134194,2927900,24600340,174236140,2685139,27143374,56850,2125389
