1635289475.7275803,3701962,33426607,228511174,3541361,34994166,52854,2403693,3554308,35340074,5261023,78835
1635289475.8277118,3548504,34525343,228314137,3558928,34498872,87261,2463470,3467269,34861846,5330485,67680
1635289475.9278407,3569581,34142942,228297627,3550663,34599025,89085,2483617,3481055,34716036,5275851,57130
1635289476.0279677,3667878,33143729,228250260,3446115,34419587,87423,2479366,3412407,34598162,5306603,51956
1635289476.1280951,3555570,33751425,228318870,3519581,34400986,88999,2492861,3535083,34658677,5247352,66141
1635289476.2282236,3611573,34274878,228278519,3588275,33093720,81518,2418680,3648762,31559748,4897126,35923
1635289476.32835,3629443,31650374,228213084,3511069,31379646,79262,2449329,3611902,31403961,4325541,79109
1635289476.4284785,3551995,31600869,228220765,3504003,31710970,79712,2438541,3773415,31220992,4451199,69967
1635289476.5286064,3578616,31613306,228149432,3525190,31646955,81959,2444422,3570366,31303925,4400973,57771
1635289476.628735,3583034,32006423,228299847,3506567,31409599,79712,2395185,3445184,29077458,2728964,43268
1635289476.7288728,3323792,30053435,226263370,3483391,30270984,83089,2582792,4074019,25813620,2748604,63677
1635289476.829018,3549529,31614662,228212898,3587790,30738879,81555,2381139,3661431,31351416,4443146,69831
1635289476.9291518,3461554,30385394,226703396,3534960,31208372,79112,2385886,3813706,28524850,3713388,69506
1635289477.029282,3505931,31236413,227357419,3449899,29963995,76339,2210275,3958381,28175427,4274015,60248
1635289477.1294107,3618536,31888534,228261147,3528231,31404172,80924,2472380,3536080,31431526,4444742,51078
1635289477.2295356,3556839,31693946,228306610,3523228,31708221,81777,2525771,3534086,31527450,4331524,57095
1635289477.3296568,3688305,31431467,228269706,3524106,31639716,81147,2569117,3680445,31481111,4435329,41024
1635289477.429778,3691767,31503625,228080908,3523978,31617726,81472,2453373,3641326,31458619,4324604,56190
1635289477.5298996,3553776,31517659,228017668,3538729,31615566,80297,2514962,3741763,31435604,4443753,70958
1635289477.630021,3599385,31641254,227954952,3574954,31595439,81100,2468040,3680538,31335128,4365760,47124
1635289477.7301452,3570185,31409259,227903042,3591952,31442696,78004,2382199,3785984,31320968,4391163,60553
1635289477.8302686,3421633,31626086,227934305,3571686,31430568,83388,2467438,3719842,31351965,4362677,65969
1635289477.9303896,3662618,31483862,228014329,3556777,31265116,79408,2558099,3615876,31436286,4348041,40814
1635289478.0305123,3533887,31442035,227918621,3441538,31564725,81366,2477205,3708932,31302598,4344689,72510
1635289478.1306334,3583514,31472426,227990346,3607077,31616232,80602,2505974,3673337,31331484,4407696,56355
1635289478.2307549,3544735,31556022,228101423,3601979,31447445,81092,2481131,3682047,31482730,4345197,59278
1635289478.3308768,3585519,31555547,228074163,3581071,31430745,80260,2546021,3542234,31288479,4379413,55470
1635289478.4309983,3722818,31436450,228039277,3560564,31609265,79755,2402300,3660157,31286455,4411608,71706
1635289478.6312392,3641793,31823701,228039323,3545658,31572893,78791,2505310,3536982,31555532,4402520,44730
1635289478.7814493,3595773,31436836,228069564,3597041,31432392,80695,2481565,3808767,31435154,4413782,56337
1635289478.8815737,3609313,31517390,228082811,3533758,31551556,81433,2572305,3523590,31596848,4409601,54434
1635289479.081818,3725664,31473863,4425222,59292,3689337,31394219,228004310,3538277,31486308,81896,2574921
1635289479.1819396,3611108,31447331,4360581,42935,3537102,31474037,227842124,3591006,31555862,82161,2489072
1635289479.2820609,3676714,31293485,4446144,66968,3603448,31537242,228048256,3546546,31440214,79076,2528903
1635289479.3821824,3633243,31498560,4464698,61675,3532483,31336243,227954778,3618528,31504684,81827,2508458
1635289479.4823043,3791505,31647919,4384942,60441,3611175,31515041,228128331,3596926,31490999,79231,2578915
1635289479.5824258,3680561,31199952,4405159,58380,3661422,31426437,228045079,3601187,31538805,79860,2571420
1635289479.6825483,3649868,31382609,4397048,59612,3640771,31405700,228083528,3609011,31576643,83089,2515250
1635289479.7826755,3550126,31202445,228116492,3568136,31370895,83922,2551420,3656637,31417511,4427480,44123
1635289479.8827982,3596153,31450511,228118585,3627718,31486071,83419,2514986,3936403,31491541,4425695,57084
1635289479.9829237,3613322,31439959,228061351,3607908,31425781,83271,2626004,3704644,31520943,4432930,62525
1635289480.183167,3581377,31327754,4428763,57071,3726117,31449349,228085720,3642285,31308144,85434,2622910
1635289480.283288,3645369,31482058,4423044,47197,3566653,31452389,228067330,3564318,31581523,83506,2609332
1635289480.3834078,3637275,31448978,4431471,63374,3608873,31490197,228065810,3563540,31303353,83352,2557529
1635289480.4835303,3624018,31515229,4521952,63479,3607157,31021746,228073553,3672876,31420917,84271,2495509
1635289480.583651,3546725,31287480,4392718,56780,3627091,31551230,227917315,3614552,31509117,83879,2409591
1635289480.6837714,3567835,31491026,4445187,59018,3698328,31422082,227939424,3617164,31756177,84512,2658736
1635289480.783901,3787412,31555311,4472951,53589,3437004,31787065,227925280,3633877,31722154,80368,2514862
1635289480.8840213,3582114,31549966,227989603,3619497,31653148,83177,2577399,3727946,31499563,4601443,65286
1635289480.9841416,3611365,31683045,227892978,3620463,31690268,82079,2516606,3729180,31654457,4399431,57430
1635289481.0842633,3625917,31640143,227995486,3620879,31655596,81237,2645806,3633600,31627513,4523127,62387
1635289481.2845056,3721760,31461689,4283160,58516,3714202,31865659,228053673,3622797,31737534,77407,2386399
1635289481.384593,3729893,31674357,4471589,64058,3547963,30925889,227946504,3557458,31776755,82743,2651126
1635289481.4847298,3676793,30260857,2758412,65381,3632348,31628191,227955188,3735361,31412250,80221,2555639
1635289481.5848525,3768199,31773924,4490904,63987,3623141,31747136,228076268,3591962,31641696,79337,2644806
1635289481.6849742,3844965,31655568,4457184,63030,3678463,31397541,228042145,3639570,31611214,80908,2651700
1635289481.7851021,3739323,31704223,4494054,60310,3611158,31716156,228208012,3676020,31581967,80643,2654329
1635289481.8852265,3678733,31725070,4486178,45964,3725992,31664634,227992668,3640041,31613925,78761,2530388
1635289481.9853473,3723058,31633794,227881594,3629508,31595624,81766,2573235,3762977,31812120,4335889,46582
1635289482.0854688,3654007,31417364,227939623,3635495,31140700,80787,2565044,3673546,31428262,4511884,59315
1635289482.1855903,3622754,31437575,227978724,3634806,31642845,78232,2698117,3575581,31832386,4568880,65098
1635289482.3858335,3837529,32029160,4538633,71555,3746311,31471893,228111672,3629638,31788274,80552,2500658
1635289482.485955,3781551,31764282,4450542,71527,3744875,31572174,228091694,3554941,31424407,80491,2533113
1635289482.5860763,3774495,31779401,4497859,68548,3649417,31618238,227958788,3751250,31374442,82518,2601735
1635289482.6861973,3784229,31775731,4483968,68102,3641551,31614205,228085236,3850026,31848283,83968,2533814
1635289482.7863247,3732319,31570169,4490768,63253,3625732,31927862,228060121,3654921,31541790,81510,2399201
1635289482.8864474,3608340,31613543,4465310,61850,3391761,31630763,228150992,3688191,31671260,80711,2727563
1635289482.9865692,3682571,31739154,4499853,48946,3488062,31671411,228056803,3667717,31617525,81729,2700815
1635289483.0866914,3591272,31759084,228050548,3654749,31554957,81215,2667606,3745708,31739660,4675123,69991
1635289483.1868122,3631255,30988627,227528112,3447274,30532181,78978,2677743,3902038,31758593,4481122,73571
1635289483.2869434,3634654,31501889,228034488,3628869,31612450,79904,2690820,3721290,31782142,4532649,71370
1635289483.4871993,3840359,31847193,4554083,70963,3706049,31637572,227605517,3616328,30224284,79325,2626991
1635289483.5873332,3736403,31712285,4516984,67494,3592754,31639451,227919879,3656817,31866334,80504,2645998
1635289483.6874588,3745872,31643133,4544589,72386,3634384,31632664,227971505,3748132,31417194,81171,2693870
1635289483.7875938,3704159,31748978,4570076,71895,3599695,29861460,227415533,3537962,31770738,82526,2571608
1635289483.8877215,3661958,31676447,4544893,63142,3639422,31236728,227145323,3326633,30202439,82247,2692301
1635289483.9878483,3631740,31550640,4501510,64192,3398800,31522375,228088081,3703737,31613286,81996,2712145
1635289484.0879726,3706361,31662972,4489381,50271,3438470,31743979,228040848,3748484,31595749,81957,2643788
1635289484.1880996,3714343,31601267,228079268,3684112,31510629,84102,2594611,3794171,31831571,4343049,72356
1635289484.288227,3713201,31489355,228036265,3644351,31544725,82318,2570785,3775069,31959975,4625707,61033
1635289484.3883562,3640609,31605951,228133097,3645541,31600457,78959,2694659,3657490,32055718,4427255,65275
1635289484.488482,3771295,31555137,228047986,3621462,31472080,81459,2283908,3882385,31978289,4576846,71553
1635289484.5886106,3416274,31684153,228092603,3768177,31502997,85210,2722356,3753704,31848070,4504130,66408
1635289484.6887352,3764449,31494097,227936926,3635601,31507975,82269,2696582,3804948,32055526,4530742,74237
1635289484.7888758,3636119,31589968,227981106,3676720,31522845,81361,2602503,3818443,31989918,4451629,61619
1635289484.889003,3645136,31510177,227850694,3617599,31562266,79407,2711209,3848955,31877092,4557823,72181
1635289484.9891284,3577609,31463949,227935533,3729351,31577618,79602,2675279,3589085,31596937,4521768,61883
1635289485.0892596,3379161,31951291,227957498,3684232,31521243,83062,2734160,3779145,31996529,4537480,72590
1635289485.189386,4077096,31390816,228001054,3644338,31443377,82751,2546364,3827698,31872579,4477363,48186
1635289485.289512,3573507,31664795,228077339,3648962,31591427,81964,2620097,3746196,31699827,4514850,51762
1635289485.3896377,3676085,31573011,227974538,3645683,31720345,83368,2705112,3602522,31718807,4762003,70545
1635289485.4897687,3658754,31658179,228024604,3750633,31145654,85946,2343228,3695843,31303728,4489290,66248
1635289485.589896,3765729,31605862,228058148,3654496,31647668,83411,3113788,3969493,32067932,4544160,61404
1635289485.6900141,3736149,31553181,228024863,3645064,31659249,84672,2380351,3766183,31756951,4533113,68266
1635289485.790148,3571066,31617260,228185038,3712630,31608090,85171,2703542,3736862,31797441,4559086,70364
1635289485.890277,3719210,31630621,227946214,3593295,31579118,83118,2634287,3756829,31778343,4539296,69876
1635289485.9904068,3670597,31526078,227919700,3747850,31645008,82394,2545469,3807455,31993547,4504033,64155
1635289486.0905337,3760366,31627228,227994166,3720139,31582014,79737,2718599,3822335,31897547,4559830,71474
1635289486.190664,3401044,31829829,227866999,3567221,31636596,79870,2732096,3701232,31677929,4531251,51467
1635289486.2907872,3430712,32410024,227981811,3685103,32828450,86534,2491173,3673846,34857231,5429710,56300
1635289486.390916,3638007,34006793,228052709,3725920,33976713,88581,2518273,3651094,34824829,5405604,88224
1635289486.4910405,3583833,33960900,227940581,3718549,33930271,86623,2669811,3707099,35100236,5551380,70154
1635289486.5911689,3696439,33946289,227974333,3632551,34053140,86524,2674985,3540565,34077796,5348924,69277
1635289486.6913006,3683412,33934198,228043820,3577932,33875878,86702,2832875,3514494,34962852,5376212,60357
1635289486.791435,3736703,33901742,228181136,3658972,33896823,87026,2659953,3583389,34686673,5313492,71044
1635289486.8915634,3653071,33821274,228085562,3728721,33905432,92192,2451782,3620150,34722066,5352864,56097
1635289486.9916956,3602316,33852224,228083936,3752121,33734948,86790,2650194,3617990,34744310,5401317,72017
1635289487.0918205,3595763,33913636,228056913,3720014,33753989,90458,2464427,3618179,34971988,5429115,72440
1635289487.1919498,3585864,33956341,228100471,3646928,33810343,87161,2675377,3634945,34899219,5435562,71829
1635289487.2920785,3688385,33962062,228016458,3715120,33767641,87848,2355857,3553775,34472878,5450515,73124
1635289487.3922038,3756261,33817307,227974725,3588785,33852237,87435,2662790,3503832,34492098,5358444,73652
1635289487.492328,3728786,33952901,228012410,3591562,33949501,87004,2670151,3627805,34559047,5345147,60122
1635289487.5924563,3762646,33808386,228100699,3591438,33929662,86711,2665421,3623991,34786584,5428124,71875
1635289487.6925855,3563733,33751292,228101836,3733627,33841996,90341,2661014,3644101,34864913,5299454,67435
1635289487.792715,3549719,33931336,227996235,3731705,33804746,85255,2451895,3600228,34828680,5540150,75945
1635289487.8928473,3736291,33819293,228104212,3601024,33772954,85204,2602118,3465007,34328324,5353095,77565
1635289487.9929724,3733745,33880316,228054571,3633552,33816293,87067,2709294,3626805,34679128,5350459,78214
1635289488.093103,3603309,33868833,227980425,3743122,33817706,89659,2611770,3627844,34754906,5390722,67819
1635289488.193233,3656756,33842028,228002816,3610762,33759177,87496,2514923,3603950,34742437,5394567,75204
1635289488.2933588,3746594,33787593,227828245,3743012,33902300,86523,2687015,3509909,34435517,5360440,75244
1635289488.393484,3733941,33712943,228051283,3522605,33865289,85601,2654160,3635450,34893276,5360887,75174
1635289488.4936082,3627548,33750300,228077245,3797057,33777805,88859,2641539,3616365,35034586,5433643,76217
1635289488.5937407,3532957,33933609,228122029,3740585,33731113,86289,2590713,3552657,34577200,5421261,68926
1635289488.6938663,3707209,33847283,228159555,3605490,33790356,86474,2688814,3589285,35041783,5355630,75621
1635289488.7940025,3656501,33986319,228094483,3736123,33797785,89705,2544599,3594706,35152913,5279948,74851
1635289488.8941278,3626223,33842344,227946176,3668355,33872311,87046,2666330,3558906,34510969,5407846,70493
1635289488.9942565,3732748,33787252,227940066,3580070,33832446,87752,2760700,3549974,34863667,5397543,60332
1635289489.0943816,3624032,33852456,227932351,3739244,33932759,87719,2502084,3569792,34815661,5406556,61286
1635289489.1945052,3749030,33781790,228012827,3599067,33795829,84430,2690458,3615098,34944227,5428158,76732
1635289489.2946281,3743767,33759526,227963201,3641554,33778313,91789,2594603,3571781,34433334,5374616,70659
1635289489.3947592,3685034,33934612,228034499,3831256,33810429,90376,2452840,3632569,34806032,5451005,74165
1635289489.494885,3735474,33859464,228038294,3527239,33843937,89689,2280056,3563967,34470727,5484524,76526
1635289489.5950136,3796918,33851640,228014949,3682928,33872246,89899,2680121,3616277,34751625,5358855,75132
1635289489.695145,3523659,33818439,228111397,3728435,33996008,89088,2536666,3620268,34913321,5441554,74963
1635289489.7952752,3756532,33779127,228083176,3719124,33842568,87375,2694956,3415949,34506083,5536273,71062
1635289489.895401,3705627,33806915,228102246,3591802,33817732,87032,2673617,3633073,35031255,5374382,75475
1635289489.9955246,3637773,33761158,228065671,3742486,33831142,88012,2450172,3605347,34633927,5420668,74233
1635289490.0956478,3754563,33832834,228118732,3596944,33805614,86080,2724615,3609773,34950442,5432712,76133
1635289490.1957712,3731418,33712202,227953920,3719624,33696132,90427,2453201,3614144,34600929,5369087,79460
1635289490.2958958,3605148,33813763,227956821,3719619,33822524,88441,2672672,3621226,34787982,5437064,73048
1635289490.3960192,3731386,33769912,227922489,3587703,33730085,85956,2654827,3433215,34408172,5501758,72507
1635289490.4961505,3642030,33811449,228090223,3734032,33865551,87843,2672518,3621573,34343256,5222550,74716
1635289490.5962775,3736937,33891874,227951289,3707716,33838818,89009,2447938,3598762,34728476,5432001,76188
1635289490.6964056,3727647,33697311,228098672,3537929,33757559,85435,2667276,3643505,34836024,5365558,77204
1635289490.7965355,3697966,33764494,228043563,3748381,33734050,89743,2521540,4479956,33234106,5415722,74563
1635289490.8966641,3504782,33830897,228086659,3747065,33692059,87774,2679654,3455049,34278209,5447793,70646
1635289490.9967866,3722935,33877232,228163419,3595460,33749412,86277,2666447,3630561,34958395,5395417,76573
1635289491.0969133,3698142,33740723,228012179,3729857,33846634,87289,2463861,3607779,34441884,5308632,87355
1635289491.1970417,3735482,33711056,228157763,3592448,33795470,85949,2679313,3599119,34726873,5475072,63580
1635289491.297167,3737275,33681199,228082917,3741034,33780361,89715,2619586,3788191,35331799,5382310,77051
1635289491.3972962,3651896,33763545,228054515,3690704,33704172,87537,2467631,3549732,34690579,5436534,74614
1635289491.4974232,3739665,33725990,227982587,3644453,33720784,84141,2916702,3477063,34435828,5426423,72145
1635289491.597547,3676773,33828528,227985575,3654402,33854862,90838,2245001,3616065,34957967,5425675,74129
1635289491.6976697,3729618,33892150,227956305,3738901,33665075,89349,2519606,3543357,34432179,5398721,77314
1635289491.7977967,3618654,33734243,228019016,3735128,33787919,89809,2720194,3617557,34816227,5379294,61703
1635289491.8979206,3655502,33705648,227916714,3648464,33842360,90566,2553197,3595382,34522274,5446149,76454
1635289491.9980464,3840002,33691506,227944590,3595368,33868786,88747,2674162,3635068,34606072,5310807,73740
1635289492.09817,3517438,33739903,228044955,3739339,33823905,88260,2476997,3627156,34871244,5337858,74127
1635289492.1982927,3756891,33710765,228067093,3660608,33718960,86424,2685090,3561491,34618091,5457596,64941
1635289492.29842,3731522,33697248,228043904,3648560,33756178,88602,2682400,3666425,34758577,5415378,57051
1635289492.398548,3518553,33690481,228095072,3735602,33694035,85623,2553433,3448327,34259631,5386596,78479
1635289492.498671,3735763,33799567,228047530,3589503,33741245,84077,2716661,3577550,34697188,5406436,75672
1635289492.598796,3611456,33787525,228109558,3731502,33891465,93315,2252428,3620639,34803864,5228494,71224
1635289492.698922,3732516,33775229,228144097,3619174,33690352,87001,3840224,3605807,34745920,5404854,76625
1635289492.7990508,3723537,33734516,228388335,3710854,33818408,85338,2659887,3626648,34599028,5338065,77533
1635289492.8991961,3505834,33787021,228170408,3764348,33741946,90367,2662091,3638857,34916884,5441061,76035
1635289492.9993408,3756499,33827218,228453364,3707211,33749456,85470,2666068,3509966,34694155,5509571,76380
1635289493.0994616,3512975,33863968,228145990,3596711,33773327,86713,2690871,3630732,34967093,5411650,71045
1635289493.1995807,3731512,33776786,228337657,3743534,33784554,88135,2681435,3632796,34877057,5419822,76611
1635289493.2996986,3716868,33868334,228322835,3597006,33802046,86806,2688899,3620003,34840146,5411160,78042
1635289493.4999368,3631851,33847533,228304261,3673399,33843788,86469,2695408,3609977,34917746,5432355,73156
1635289493.6000752,3741856,33773433,228248037,3656907,33885227,89629,2583999,3511729,34453793,5397927,77122
1635289493.7001932,3590815,33725202,228133969,3744118,33678653,87254,2717077,3595077,34994598,5425643,76172
1635289493.9004307,3426316,34630011,5365007,74292,3744813,33762683,228100583,3683283,33747438,89870,2727242
1635289494.0005486,3605286,34901428,5388492,74208,3737886,33940719,228366932,3736949,33813150,87072,2509470
1635289494.1006668,3574899,34593826,5435101,73721,3676084,33759865,228357336,3528829,33829715,91109,2707706
1635289494.2007854,3626369,34850077,5315447,68922,3662598,33715407,228173320,3800826,33813358,92508,2475241
1635289494.3009028,3618132,34778912,5443220,75402,3668031,33859900,228465932,3683339,33799582,90042,2681477
1635289494.401022,3426184,34303796,5357287,69429,3736940,33740962,227966606,3621895,33767833,90176,2664760
1635289494.50114,3639498,34960575,5408602,73982,3732465,33918655,228297324,3741806,33865488,86590,2483241
1635289494.6012585,3741390,33802294,228277666,3601076,33877820,87547,2681786,3567811,34325226,5362270,75850
1635289494.7013767,3608169,34022103,228165882,3740204,33969869,89263,2534115,3919322,35482562,5324336,69191
1635289494.801496,3744369,33869237,228381621,3597536,33894785,84062,2688770,3639171,34927145,5424970,76506
1635289495.0017323,3622879,34564195,5364172,70702,3481592,33818572,228148848,3722408,33726775,88280,2672299
1635289495.101851,3611269,34752189,5410621,77690,3729020,33749122,228059650,3521056,33755549,86331,2654537
1635289495.2019699,3545493,34452969,5344877,76865,3598191,33774198,228121595,3810189,33810806,88066,2605962
1635289495.302088,3634602,34949932,5438376,77243,3760872,33857449,228032203,3713184,33750738,85637,2697780
1635289495.4022071,3557588,34589235,5445207,76787,3573765,33815568,228285393,3598508,33745390,86654,2649591
1635289495.5023258,3630025,34979932,5392640,76255,3742253,33793724,228127067,3733708,33452572,87224,2420711
1635289495.6024446,3592029,34650113,5437522,76132,3744073,33950280,228389893,3607634,33789426,87001,2657980
1635289495.702563,3668194,33841558,228379699,3748686,33901921,87521,2564035,3604850,34387971,5181459,63232
1635289495.8026836,3738624,33759118,228170516,3600620,33153622,82846,2625876,3317822,34996872,5428264,76921
1635289495.902802,3693289,33711129,228248509,3747400,33849966,90171,2558762,3630326,34870603,5307647,74117
1635289496.1030376,3606490,34899891,5418126,77519,3734559,33729611,227941281,3753029,33701539,88412,2712203
1635289496.2031555,3607381,34777813,5366032,77611,3565481,33742171,228125483,3653457,33674113,89224,2644445
1635289496.3032737,3602973,34906225,5415614,76826,3686794,33179799,228323572,3732300,33642685,89766,2700125
1635289496.4033923,3527028,34521904,5420348,77834,3600470,33704089,228263540,3688066,33795002,89991,2673021
1635289496.5035112,3634910,34733783,5435054,76683,3629167,33724726,228134860,3652137,33836858,89067,2695040
1635289496.603629,3680486,34597276,5451516,77312,3953801,33815809,228516717,3608140,33897286,89429,2676626
1635289496.7037466,3652453,34916498,5417038,75327,3749582,33723173,228108784,3738640,33820820,85438,2460633
1635289496.8038652,3736128,33749240,228059485,3591885,33750897,84830,2687310,3619505,34736084,5350534,75803
1635289496.903983,3591734,33714786,227998970,3734780,33696209,88845,2558575,3814082,35940637,5326128,70427
1635289497.0041015,3733895,33772771,228096843,3595001,33712583,86622,2678564,3457082,34531586,5419436,76562
1635289497.2043374,3626109,34679488,5358875,71171,3638405,33822227,228062380,3611526,33817183,86501,2685135
1635289497.3044555,3625925,34805516,5451447,78261,3741850,33719678,228115404,3639885,33704579,88526,2687130
1635289497.4045742,3596846,34544268,5356491,78493,3604750,33747752,227943698,3898360,33659540,89395,2536748
1635289497.5046926,3610351,34860876,5433052,76183,3742198,33739982,228086560,3609615,33739071,85460,2667615
1635289497.6048105,3427612,34327765,5461982,72377,3652203,33729762,228089719,3658709,33703688,87692,2531358
1635289497.7049284,3640873,35111450,5426706,73373,3297428,33800437,228494666,3743133,33804655,85690,2612547
1635289497.805047,3496186,34480957,5360341,66573,3739921,33807337,228220501,3586096,33752305,87181,2696593
1635289497.9051642,3515522,33793684,228098960,3747801,33713469,88318,2591706,3533724,34547022,5691087,79640
1635289498.0052817,3743296,33846868,228127346,3589266,33746285,86063,2673596,3645351,35077238,5407730,78233
1635289498.1053996,3601280,33806542,228153921,3748687,33897390,86946,2699689,3429218,34705702,5357542,72820
1635289498.3056338,3597115,35017642,5422042,79245,3756160,33739077,228337734,3754614,33838646,86694,2690102
1635289498.4057522,3611544,35087933,5314718,79275,3749418,33783491,228307356,3591965,33691199,90836,2498541
1635289498.5058703,3634446,34900722,5451985,74796,3710016,33177253,228272921,3653257,33774617,88442,2714489
1635289498.6059878,3647656,34698017,5334537,69530,3646083,33886861,228049175,3711248,33696737,93795,2497561
1635289498.706108,3638911,34867938,5467973,72597,3743619,33692483,227955636,3672270,33843323,90643,2700657
1635289498.8062267,3529217,34284467,5368289,71038,3570354,33872416,228051251,3727067,33837724,91993,2704248
1635289498.9063447,3620149,34903403,5446280,74845,3280516,33774217,228044263,3745284,33866609,85838,2640433
1635289499.006462,3510978,34485208,5383362,56885,3735502,33824581,228423769,3614566,33858257,87842,2668313
1635289499.1065805,3642930,34923911,5365706,82934,3638438,33765880,228155748,3742527,33814934,85436,2682172
1635289499.2066987,3665908,35179016,5697231,82407,3746334,33834644,228278854,3592807,33808416,85487,2675993
1635289499.3068159,3451402,33754973,5312834,75153,3623417,33752494,228074166,3735609,33780234,88197,2743303
1635289499.4069338,3736137,35092847,5408829,77531,3736222,33832946,228198423,3603230,33774082,85327,2400834
1635289499.5070517,3569118,34606394,5448536,77856,3740418,33852743,227954736,3738446,33743996,88366,2590489
1635289499.6071694,3625859,34805183,5349418,77709,3743831,33926984,228097138,3653255,33938500,90469,2593528
1635289499.7072878,3625269,34862947,5426554,72626,3681806,33737102,229461499,3524567,33918218,87821,2693336
1635289499.8074064,3632330,34856453,5348832,85557,3598750,33704300,228114536,3887343,33817950,89980,2382914
1635289499.9075243,3634162,34781843,5447577,77085,3916882,33901283,228417987,3678661,33769954,86951,2708370
1635289500.0076413,3584006,34697830,5351355,63516,3304355,33711578,228238518,3685736,33803246,89280,2688380
1635289500.1077583,3637560,34998976,5441800,66251,3734891,33726344,228127164,3753514,33782538,86951,2689490
1635289500.2579339,3501832,34563685,5498420,92544,3699095,33855070,228203117,3611593,33787335,87506,2666735
1635289500.358053,3606667,35144820,5447263,76349,3600871,33843515,228163485,3746891,33832566,86630,2672526
1635289500.4581716,3594487,34397773,5406086,77797,3751443,33897028,228310317,3594598,33835015,85777,2761259
1635289500.55829,3613456,34937367,5423506,78841,3752928,33749966,228068889,3741833,33866010,87065,2385604
1635289500.6584077,3689310,34177913,5223888,78851,3749920,33887158,228128994,3604389,33749815,86377,2610187
1635289500.7585256,3593632,34622221,5452220,75163,3604223,33777723,228454987,3746454,33751091,90948,2688293
1635289500.8586435,3649990,34927516,5293875,71846,3747267,33770510,228236277,3538080,33767039,89896,2585737
1635289500.9587607,3639789,34960348,5470505,77550,3554745,33715544,227879582,3715775,33828444,88050,2697556
1635289501.058879,3634032,34694661,5327842,77454,3731648,33786042,228170679,3727680,33795859,87575,2672274
1635289501.1589966,3667528,34635432,5444640,78047,3664601,33725524,228344778,3613536,33870643,85703,2685400
1635289501.2591143,3637543,34670049,5370617,77730,3729070,33687036,228212595,3734439,33878867,89984,2525422
1635289501.3592315,3634968,34815356,5436733,74575,3896707,33769417,228391311,3622404,33916373,85837,2656946
1635289501.4593506,3634384,34487589,5385915,75038,3631863,33782622,228288927,3744105,33741441,88833,2409130
1635289501.559468,3625502,34538548,5324995,71127,3652113,33754591,228135195,3659441,33728752,86339,2679263
1635289501.659585,3588859,34779478,5442150,79713,3650947,33556677,228167891,3744121,33764593,88885,2820215
1635289501.7597024,3757297,34897961,5410736,64722,3556528,33819937,228050675,3717288,33685591,89789,2453383
1635289501.8598206,3563951,34533463,5424869,77503,3723115,33833969,227981414,3642254,33627415,83844,2797671
1635289501.9599378,3556490,34410996,5404333,77981,3593907,33751977,228331342,3766267,33874730,87832,2531834
1635289502.0600753,3629999,34737268,5413946,77350,3725761,33693911,228022936,3579014,33640211,86398,2648883
1635289502.1601932,3545033,34329113,5392957,78061,3742967,33622730,228136943,3726164,33760820,85854,2656550
1635289502.2603111,3633510,34815485,5376494,77003,3564588,33637008,228182092,3671757,33700194,86926,2431784
1635289502.3604293,3586847,34521617,5429838,76323,3790047,33680105,228381121,3591217,33650728,85885,2691479
1635289502.460549,3628370,34964417,5308264,73630,3726762,33714937,228272486,3738799,33759507,88592,2477973
1635289502.5606663,3601627,34883904,5492958,75604,3657389,33748328,228247259,3616248,33684674,85979,2703628
1635289502.6607847,3610992,34228472,5303991,71532,3741052,33839620,228377775,3733309,33729104,88475,2705164
1635289502.760904,3608830,35048558,5414460,73774,3494700,33711224,228245310,3663215,33732873,89053,2632732
1635289502.8610222,3524657,34581695,5391270,77670,3739135,33613052,227963007,3679483,33759050,91283,2615030
1635289502.9611404,3571596,34220772,5335123,77483,3582760,33622269,228118289,3742527,33712391,90299,2698928
1635289503.0612583,3627456,34680971,5449304,76697,3735654,33685534,228279783,3576924,33566632,85847,2664539
1635289503.1613762,3417550,34284209,5485652,74390,3698291,33741256,228099417,3756433,33713440,89129,2644848
1635289503.2614942,3630633,34984876,5421808,76322,3738819,33741376,228324585,3728472,33817282,85995,2437244
1635289503.3616118,3540429,34400191,5413087,78902,3599544,33772143,228396777,3508654,33737153,85899,2661757
1635289503.4617317,3615833,34762076,5381176,64013,3705161,33615230,228084278,3756479,33753291,86962,2532696
1635289503.5618498,3560526,34406504,5416253,77108,3729005,33890117,228390972,3585624,33768929,87070,2664755
1635289503.6619682,3642176,34758016,5272541,77018,3523079,33719071,228322965,3729348,33892681,87445,2684001
1635289503.7620866,3633934,34706257,5393942,71961,3794212,33747016,228102808,3598963,33623230,86233,2661024
1635289503.8622053,3639786,34697193,5423376,81324,3737045,33750915,228530069,3736972,33721779,88572,2478325
1635289503.9623227,3749092,35236150,5380944,80470,3728196,33648040,228058219,3599226,33667771,86713,2614985
1635289504.062441,3492764,34269617,5394923,75771,3716277,33749720,228401700,3740659,33612180,88618,2653906
1635289504.1625588,3682330,34748548,5302657,70462,3602250,33701522,228109506,3714081,33614362,91902,2252346
1635289504.2626765,3630270,34689748,5439802,76883,3734455,33791120,228061652,3641188,33671080,84594,3019848
1635289504.3629696,3455118,34204361,5332870,71149,3559734,33661172,228158302,3791627,33826996,87542,2677944
1635289504.4630883,3629586,34830372,5427170,76635,3738330,33601630,228005352,3512319,33854516,87660,2576634
1635289504.5632067,3549409,34415359,5370653,79792,3632193,33653511,228040506,3654766,33643133,84119,2688102
1635289504.6633244,3623526,34873794,5347874,71668,3649144,33693596,228117770,3740980,33777160,85836,2666202
1635289504.7634442,3658079,34891031,5411547,80234,3588464,33696275,228097631,3589578,33662279,85927,2684764
1635289504.8635623,3627480,34879112,5354840,72128,3707463,33748901,228360022,3747851,33758618,87461,2460746
1635289504.96368,3589227,34602050,5392756,90192,3736642,33682012,228278107,3592470,33670244,90949,2688043
1635289505.0637984,3520441,34346856,5260593,68201,3732697,33678543,228101892,3735367,33737139,91135,2564104
1635289505.1639166,3827599,34948713,5430927,78240,3725904,33704976,228460708,3604606,33855937,89006,2683579
1635289505.2640357,3604238,34636525,5437296,75453,3733478,33653040,228155012,3732556,33711095,92858,2232199
1635289505.3641543,3628643,34389566,5298304,74317,3598225,33691271,228383373,3698473,33686866,87035,3080979
1635289505.4642732,3633421,34820232,5421392,76559,3742327,33342660,228159076,3719864,33685633,85446,2691940
1635289505.5643916,3573580,34520722,5358898,63571,3529134,33772168,228348169,3628776,33784960,90262,2679748
1635289505.6645098,3647146,34870104,5452750,79224,3750647,33810730,228151196,3721428,33820831,87490,2679616
1635289505.764629,3532359,34464771,5472588,78311,3705847,33794568,228317568,3643883,33817333,88386,2619500
1635289505.8647473,3618896,34910313,5456202,77487,3551380,33960438,228198784,3734344,33806942,86648,2684694
1635289505.9648647,3536960,34416500,5394493,78594,3734455,33917701,228314345,3603595,33864186,86615,2682739
1635289506.0649824,3615768,34847433,5426123,76205,3766425,33897035,228342529,3747200,33854421,87309,2470551
1635289506.1651003,3736621,33842786,228122261,3601770,33707661,86538,2685805,3598456,34585041,5481542,76517
1635289506.2652175,3596995,33809753,228098634,3736057,33792636,87940,2594332,3706217,35107509,5301423,72207
1635289506.3653364,3736380,33802490,228181353,3595321,33858450,86892,2696047,3634460,35054000,5432532,77608
1635289506.5655723,3649101,34985136,5327959,76627,3748843,33898034,228461037,3678040,33917061,86854,2545513
1635289506.6656904,3644934,34760892,5439094,79388,3755820,33765489,228244365,3519114,33740497,85653,2683711
1635289506.7658083,3629242,35001756,5306027,70235,3753173,33667872,228385875,3718897,33878285,88451,2533132
1635289506.865926,3637065,34870575,5420350,76106,3803949,33735519,228313874,3658749,33797850,85227,2676760
1635289506.966044,3619647,34489044,5309947,74420,3601883,33638736,228174782,3742498,33715345,88613,2355212
1635289507.0661614,3632403,34909635,5431307,76760,3366980,33725993,228343423,3718921,33689432,89476,2685813
1635289507.1662793,3528442,34628548,5365728,63223,3742194,33685091,228044007,3645924,33724780,90806,2702882
1635289507.2663975,3514965,33719942,228001864,3736984,33729736,88591,2615382,3559924,34339371,5553636,79468
1635289507.3665159,3734064,33810281,228076637,3583302,33717712,88926,2691756,3470816,34608873,5421341,78576
1635289507.466634,3585970,33663855,228061585,3731787,33841959,88975,2671123,3628929,34735929,5332814,73528
1635289507.6668687,3637775,34713969,5409934,79055,3738170,33716388,228335701,3751554,33855462,86627,2669176
1635289507.7669866,3642030,34847054,5312041,78956,3733983,33670631,228274397,3535999,33831110,87968,2476049
1635289507.867104,3674818,34773451,5427394,76091,3752761,33795451,228464207,3733407,33742561,86120,2684552
1635289507.9672222,3624287,34678660,5315711,70912,3591745,33700121,228304626,3734634,33722744,89041,2477676
1635289508.0673397,3621311,34897013,5416383,77137,3755654,33810630,227874931,3732888,33671399,85592,2680793
1635289508.167457,3397262,34174893,5331242,71361,3744646,34010095,228526855,3596522,33688344,87948,2666853
1635289508.2675745,3631899,34825188,5405723,76016,3637495,33831656,228020564,3737151,33770952,86943,2505282
1635289508.3676927,3739834,33766696,228134580,3590738,33702780,85923,2675105,3635301,34655661,5401201,77776
1635289508.467813,3593712,33720205,228189740,3748383,33745248,87959,2529867,3252157,35271819,5294017,71927
1635289508.5679307,3743336,33658694,228099441,3599832,33715647,85595,2697014,3716546,34708981,5402463,78011
1635289508.7681658,3642456,34835554,5334277,69404,3421493,33671508,228139679,3694952,33607488,93902,2679127
1635289508.868283,3625878,34807970,5419768,79166,3733854,33829005,228061596,3676834,33684775,86707,2682274
1635289508.9684005,3554909,34521983,5324136,78025,3596895,33765839,228315222,3713887,33820687,87441,2614832
1635289509.0685182,3625212,34854452,5451938,79104,3731033,33672915,228046046,3608313,33806013,86139,2693928
1635289509.1686354,3565388,34685602,5438664,78001,3733324,33777273,228088193,3633633,33817476,86309,2691159
1635289509.2687526,3626375,34832035,5373322,79177,3315370,33698022,228358218,3750847,33805166,86749,2466324
1635289509.368871,3583282,34776299,5443858,78802,3741034,33807630,228486873,3605564,33789033,89433,2722921
1635289509.4689882,3746669,33759842,228233629,3740532,33822269,90881,2539106,3681046,34872847,5460071,77874
1635289509.569105,3741679,33793589,228266955,3608288,33792060,89307,2691574,3454702,33617925,5377867,76970
1635289509.669222,3724076,33873560,228151555,3747228,33851532,89944,2476496,3910458,34829599,5332597,71818
1635289509.8694584,3636077,34756120,5442926,77385,3748550,33772143,228052737,3710339,33895793,90794,2714269
1635289509.9695776,3605287,34416036,5372839,64471,3553897,33804376,228363360,3763076,33828594,87864,2675933
1635289510.069696,3632975,34861719,5444904,77140,3749387,33864780,228246756,3576543,33806977,86035,2678556
1635289510.1698134,3529271,34556467,5454831,77474,3593357,33773603,228063108,3747844,33762121,88573,2597022
1635289510.2699308,3634071,35172942,5426521,77877,3770081,34047430,228059713,3720509,33770773,86874,2674000
1635289510.370071,3491217,34458990,5373106,76222,3297981,33812154,228110319,3599175,33796684,87265,2719282
1635289510.4701893,3622255,34827334,5436220,76632,3624805,34020211,228139469,3741562,33789113,87129,2498976
1635289510.5703084,3746607,34080831,228277851,3599772,33924225,86369,2705067,3629399,34924037,5399952,77910
1635289510.6704266,3598570,33924950,228087177,3744567,33922815,87359,2700182,3691589,34388234,5268316,67692
1635289510.7705455,3736650,33812929,228326887,3605982,33780385,87502,2678168,3332102,34782890,5407869,79726
1635289510.8706632,3593970,33758069,228421698,3746668,33780324,88022,3844727,3750617,35270849,5352012,79108
1635289510.970781,3743591,33726705,228290292,3598931,33738985,88101,2250866,3556135,34747226,5418728,78830
1635289511.0708995,3747207,33753893,228286672,3754118,33767275,86402,2679587,3618851,35008685,5350149,77630
1635289511.171017,3729206,33786348,227996596,3611206,33809513,87994,2554090,3632258,34825981,5420772,76133
1635289511.271135,3729691,33762072,227847095,3636629,33726884,85701,2687799,3613890,34471424,5306828,74146
1635289511.3712542,3605295,33628770,228060089,3865596,33798162,88945,2346314,3609626,34747553,5440232,77098
1635289511.471373,3293203,33743525,228103663,3631566,33801551,88507,2675809,3553020,34430975,5359926,62057
1635289511.571491,3719862,33673558,228324493,3693019,33797385,92135,2712973,3630514,34835216,5446155,72715
1635289511.6716094,3739728,33889887,228497480,3743366,33805880,88367,2692549,3519454,34618507,5577367,86421
1635289511.7717278,3657074,33832279,228373151,3638901,33796246,90495,2643179,3613821,34548158,5197811,72673
1635289511.871846,3602456,33876736,228296178,3748067,33828511,87022,2687330,3635644,35309964,5517135,80702
1635289511.9719636,3747221,33894084,228334536,3598412,33807782,87606,2983608,3624079,34787844,5393874,79295
1635289512.0720813,3769806,33975089,228383503,3740354,33866207,88059,2249268,3584412,34645931,5432830,76553
1635289512.1721992,3738783,33840998,228284656,3602372,33880428,79589,2675227,3549425,34473755,5499287,76583
1635289512.272317,3599868,33750456,228133558,3710855,33727900,86920,2633191,3620892,34850705,5327711,71978
1635289512.372436,3744578,33775713,228046236,3614096,33756260,87107,2550463,3635809,34751634,5451331,77493
1635289512.4725542,3604395,33773368,228088451,3733743,33687129,85819,2679002,3630364,34808720,5352127,71042
1635289512.5726717,3314398,33596978,228088331,3697610,33752160,89539,2707645,3655761,34874318,5439831,78559
1635289512.6727896,4088035,33920595,228081329,3606615,33760263,85513,2683504,3609136,34746495,5348085,83503
1635289512.7729084,3729286,33838353,228335058,3752184,33818888,90147,2552898,3620894,34848993,5445662,75059
1635289512.8730264,3658211,33840066,228220964,3655742,33845594,86673,2676397,3588914,34212318,5188513,72784
1635289512.973144,3708713,33137987,228352097,3701131,33878332,88836,2408982,3618497,35018987,5406621,79852
1635289513.073262,3556180,33760141,228501699,3765806,33850022,86367,2669482,3600574,34969333,5409412,77018
1635289513.1733797,3757596,33818866,228339976,3649026,33759779,88443,2618832,3397007,34405385,5345434,64676
1635289513.2734978,3424126,33101213,228057306,3747194,33740004,85833,2677786,3637667,35068896,5435644,79517
1635289513.373617,3756027,33845614,228242181,3601574,33693290,83168,2601639,3528594,34652761,5437878,78145
1635289513.4737346,3597084,33813149,228060514,3715540,33743598,87312,2636632,3614386,34886246,5357085,73510
1635289513.5738523,3741642,33937612,228025580,3748609,33784900,87417,2675581,3614407,34858373,5412677,79208
1635289513.6739705,3758311,33647458,228266180,3515198,33870784,89014,2699450,3622581,34941857,5367949,77858
1635289513.7740896,3652298,33900505,228091086,3797141,33917731,91073,2466711,3598092,34630690,5422816,76681
1635289513.8742073,3789078,33883431,228309800,3606589,33903631,89422,2696470,3627124,34862965,5286602,73874
1635289513.9743252,3517267,33701403,228125415,3746152,33824340,88300,2476989,3637798,34877890,5364883,71272
1635289514.0744424,3816902,33731911,228075054,3607924,33806002,84573,2672794,3646301,34606147,5430783,79351
1635289514.17456,3707704,33745337,228353882,3755946,33805288,89540,2670418,3666729,35211027,5451314,71051
1635289514.2746775,3461876,33783437,228266988,3691929,33800679,87025,2537549,3456463,34245818,5390983,78613
1635289514.3747964,3735350,33942012,228402093,3667150,33804018,86778,2786932,3604006,34643862,5348680,77654
1635289514.4749148,3615462,33865969,228225263,3743361,33860917,90733,2559510,3619295,34813868,5431392,77380
1635289514.5750325,3743052,33823157,228132627,3643632,33933790,87150,2780598,3460973,34304722,5469350,76070
1635289514.6751504,3659137,33845736,228140924,3744821,33829093,87850,2614267,3609246,34870636,5428745,76647
1635289514.7752688,3741498,33741714,228344858,3514394,33837234,86909,2455531,3535184,34559019,5401575,79091
1635289514.8753867,3622671,33793176,228124599,3695319,33687161,86161,2676413,3637001,34994139,5413579,63736
1635289514.975504,3724260,33862753,228406912,3749806,33792759,87770,2537669,3551772,34546192,5430720,77727
1635289515.0756214,3526878,33817863,228230074,3594702,33702907,86362,2701458,3637932,34922581,5299387,72865
1635289515.1757386,3704440,33813651,227984449,3733759,33746078,89100,2689400,3610808,35066455,5366619,78453
1635289515.275856,3742033,33728138,228115055,3590871,33794549,86599,2681831,3622433,34768852,5407155,75091
1635289515.3759747,3730625,33629605,227988335,3732834,33838690,88891,2584082,3614469,34703294,5297490,80004
1635289515.4760928,3614436,33427208,228354641,3685155,33774038,86506,2669512,3578825,34877537,5433351,77076
1635289515.5762107,3751064,33811073,228355946,3728107,33914081,90027,2568207,3554248,34690139,5410131,77967
1635289515.676328,3614088,33744991,228055966,3733271,33696065,88068,2562443,3624074,34970918,5426546,75958
1635289515.7764459,3736405,33696482,228297980,3727420,33777655,88157,2735694,3442181,34298128,5350972,70262
1635289515.8765633,3559308,33911849,228206865,3592019,33776269,92114,2685804,3626226,34782127,5423903,74947
1635289515.9766808,3751008,33803800,228488607,3742152,33889560,88793,2622081,3537961,34504127,5411167,78659
1635289516.0767982,3581464,33982862,228239354,3626341,33824234,88752,2707646,3616322,34804744,3340862,69803
1635289516.1769152,3553419,33718185,228046038,3737283,33880350,87420,2562975,3622958,34840449,5421241,74876
1635289516.2770333,3852518,33802440,228390573,3598291,33827534,85470,2686836,3628286,34726023,5390781,76244
1635289516.3771517,3570595,33742881,228272926,3738485,33817945,89487,2698418,3635018,34866581,5258217,70878
1635289516.4772694,3593344,33773393,228168814,3631306,33776479,86286,2680390,3577648,34731375,5457899,74204
1635289516.5773873,3747878,33898077,228382738,3733227,33761830,87941,2618135,3747978,34886933,5386261,77120
1635289516.6775043,3637134,33855793,228297349,3701277,33772700,88989,2467003,3562932,34586736,5432975,76745
1635289516.777623,3737963,33830365,228098579,3624160,33724118,83350,2975466,3439167,34215869,5460977,74305
1635289516.8777406,3655208,33703414,227998880,3767179,33879462,88125,2224392,3645841,34764099,5456998,77089
1635289516.9778583,3744482,33755399,228046548,3580837,33764572,86515,2393829,3544630,34502970,5444725,79100
1635289517.0779755,3631582,33814242,228502927,3740111,33778833,86304,2692654,3646878,34871951,5382053,63914
1635289517.178093,3627423,33745420,228310761,3680671,33744979,87280,2540759,3610038,34693938,5438991,77659
1635289517.278211,3782564,33762473,228124519,3601945,33763109,86908,2693765,3644570,34835195,5307198,74877
1635289517.3783293,3741104,33748670,228410794,3745556,33780898,87395,2605759,3623352,34908488,5451404,76148
1635289517.4784474,3624850,33717632,228177754,3623322,33801235,85709,2696397,3608681,34586693,5298838,67403
1635289517.5785644,3740351,33834121,228110121,3741028,33699498,89582,2643568,3635372,35094270,5416528,153631
1635289517.6787622,3507569,33677243,228105707,3733448,33719865,86204,2562891,3426956,34438448,4562953,86405
1635289517.7792597,3741181,33699122,228092602,3593871,33664998,87003,2790354,3572019,34602313,5439575,78555
1635289517.9295192,3601633,33658078,228083925,3746135,33684548,87018,2649737,3620154,34867975,5448219,77795
1635289518.0296404,3741075,33694337,227902867,3598337,33587634,92869,2273121,3643199,34611132,5438235,78856
1635289518.129759,3748495,33689340,228034566,3736529,33615319,88299,2709401,3621783,34849839,5381802,77102
1635289518.2298772,3743790,33779478,227920591,3731385,33804926,90703,2438608,3601207,34351791,5442564,74827
1635289518.3300133,3608208,33662049,227956523,3517041,33729790,88750,2677485,3624859,34761311,5256616,72005
1635289518.4301322,3711240,33705039,227965246,3757059,33838831,87284,2459809,3619788,34780502,5434635,76651
1635289518.5302505,3709629,33712904,228150606,3582064,33826065,86366,2672808,3645836,34439618,5349260,71633
1635289518.6303685,3742186,33669712,228049647,3739353,33738737,88353,2658756,3637478,34834109,5417284,77606
1635289518.830606,3743269,33737592,228059802,3677083,33677560,88535,2583953,3582941,34099187,5333469,78134
1635289518.9307246,3581998,33641101,228004323,3732945,33608084,85780,2687523,3686319,35086525,5421536,78078
1635289519.0308425,3730872,33838538,227977809,3589968,33575679,84567,2699367,3551075,34259745,5425425,78896
1635289519.2310781,3637338,34766414,5412964,78005,3728003,33640019,228041920,3654713,33699567,85647,2322882
1635289519.331196,3563772,34410386,5425610,78917,3751936,33606058,227795457,3517400,33612635,85758,2664216
1635289519.431315,3606926,34495285,5300186,77931,3735441,33534653,228099916,3766371,33732117,89728,2523582
1635289519.5314326,3664539,34586552,5426342,76530,3821765,33593960,227955232,3669202,33621987,87852,2671797
1635289519.6315515,3611866,34331201,5296032,74970,3640486,33541016,227955621,3744025,33570064,90680,2285706
1635289519.7316694,3625678,35070135,5438659,72703,3423145,33536486,228131394,3720682,33564599,87868,2659596
1635289519.8318014,3552829,33283930,3606490,63258,3746232,33783802,228202470,3621120,33699012,87333,2675494
1635289519.9319239,3684475,33741499,228056663,3757351,33720043,90475,2515528,3624981,35032941,5353768,62943
1635289520.0320437,3761385,33705986,228279406,3613079,33789925,88132,2681590,3460989,34480756,5421709,75907
1635289520.132162,3695927,33656010,228180032,3764218,33816010,90676,2501333,3606185,34572067,5304240,73453
1635289520.3323987,3635423,34737546,5440781,77797,3765669,33719638,228266875,3630914,33675830,94566,2696039
1635289520.4325173,3604031,34600744,5352349,70230,3567475,33720937,228298882,3945318,33659912,94786,2672782
1635289520.5326357,3644251,34836922,5451727,77625,3756164,33825519,228271577,3764057,33793709,89443,2676277
1635289520.6327543,3519316,34366285,5503332,79113,3622420,33731632,228309583,3570552,33744607,92102,2632482
1635289520.7328725,3624290,34814917,5466156,73997,3738611,33847547,228204871,3754730,33826017,88314,2668469
1635289520.832991,3583846,34400728,5420529,78500,3760060,33768636,228194674,3610520,33833288,88028,2686305
1635289520.9331102,3624309,34824256,5391513,76970,3763214,33651310,228172114,3754654,33799290,88853,2444465
1635289521.033228,3758472,33703813,228176464,3614093,33712484,88056,2664734,3645185,34906692,5410267,74199
1635289521.1333466,3658933,33711768,228096785,3759573,33711349,91381,2466349,3421162,34567432,5319937,70241
1635289521.2334652,3738898,33718121,228144414,3642438,33654300,88352,2695606,3669849,35074592,5421540,76393
1635289521.4337025,3589899,34233446,5340347,71560,3311928,33847782,228302580,3772267,33749688,94335,2704297
1635289521.5338197,3628521,34757215,5436367,74983,3760611,33780376,228330154,3702778,33773975,86616,2684136
1635289521.6339374,3517271,34435608,5364606,78854,3618381,33793017,228150172,3658561,33770393,89027,2660536
1635289521.7340555,3618739,34806782,5425088,74785,3761358,33718934,228248810,3645016,33843754,89224,2666990
1635289521.8341737,3609832,34435449,5416003,79035,3782080,33780980,228266636,3652324,33696875,89012,2653544
1635289521.9342916,3644922,34963058,5362981,78999,3335351,33659131,228242323,3761251,33708226,88083,2392098
1635289522.0344093,3596563,34695780,5437647,78115,3763702,33719121,228307123,3618488,33677038,87365,2696054
1635289522.1345263,3756084,33792942,228266128,3768454,33727875,92453,2534117,3644559,35012157,5435127,78199
1635289522.234643,3739727,33773840,228237683,3640581,33762086,89198,2652247,3451958,33554783,5353602,75986
1635289522.3347602,3771844,33732182,228190925,3754989,33830579,90877,2301140,3859911,34697583,5348688,74481
1635289522.5349967,3622759,34726044,5449356,76382,3769695,33769740,228112966,3667092,33701901,94062,2688620
1635289522.6351142,3521342,34460795,5343171,63211,3554384,33762406,228222143,3786762,33740949,94657,2722614
1635289522.7352324,3644003,34936314,5417031,78992,3752148,33720341,228156795,3547166,33718016,91084,2611630
1635289522.8353498,3542741,34506449,5418089,78777,3612169,33718983,228284082,3751055,33757636,90230,2718398
1635289522.935467,3626761,34743316,5380832,73245,3762866,33930913,228212049,3727153,33789786,91049,2680208
1635289523.0355844,3628751,34676547,5411301,78938,3505825,33747175,228262729,3607996,33672397,88453,2673900
1635289523.1357014,3613026,34632168,5325845,78642,3744426,33595536,228209762,3745074,33804427,93032,2559629
1635289523.235819,3626446,33594248,228204786,3687019,33700470,88323,2666223,3530212,34357315,5368453,77540
1635289523.3359368,3769575,33668738,228195549,3659076,33641529,88739,2602895,3624757,34728291,5395804,79334
1635289523.4360557,3619594,33674037,228279254,3751393,33658656,88342,2705891,4906554,35235906,5506607,77377
1635289523.536173,3426241,33800587,228238316,3754802,33751124,88642,2195143,3600824,30174861,2204680,74844
1635289523.636294,3763735,34024142,228246082,3608114,33670073,87691,2602209,3556915,34500208,5368957,76854
1635289523.7364137,3533482,33756238,228146415,3749237,33657373,90558,2603929,3621676,34852377,5396436,80356
1635289523.8365388,3755301,33725140,228103768,3704924,33782498,87027,2596744,3528100,34366673,5416666,76762
1635289523.936666,3606494,33698712,227953154,3527981,33654773,87295,2671567,3637595,34751989,5254882,74157
1635289524.036796,3748022,33494215,228187293,3748561,33782032,87781,2663835,3616146,34715613,5371068,77282
1635289524.136925,3991857,33619841,228294651,3651865,33667724,86747,2677876,3639745,34706137,5314245,79929
1635289524.2370517,3469778,33554650,228129991,3753085,33615705,91130,2587969,3632024,34940865,5398746,73467
1635289524.3371773,3817100,33731950,228281884,3718924,33597835,87511,2682217,3555843,34438103,5429838,85785
1635289524.4373002,3662903,33688683,228180004,3668867,33614929,89902,2578672,3620148,34473235,5146511,72790
1635289524.5374231,3610218,33664917,228329635,3753307,33658463,87538,2645689,3682739,35293407,5502027,81885
1635289524.6375504,3756414,33645559,228244252,3599254,33722358,88115,2976650,3612765,34814409,5373106,78810
1635289524.7376823,3753188,33597304,228234387,3754320,33690424,89951,2278934,3568875,34498810,5363659,77573
1635289524.837812,3749440,33565505,228283444,3611798,33532826,82640,2667598,3562433,34560409,5403018,76715
1635289524.9379447,3663268,33571681,228125045,3637046,33513614,93691,2643167,3629632,34773405,5257059,71666
1635289525.0380723,3694119,33555841,228099960,3821943,33664306,93220,2473088,3615362,34828121,5431726,76536
1635289525.1381958,3769360,33747307,228165257,3741317,33704025,92282,2730063,3559631,34270838,5345153,71078
1635289525.2383246,3336876,33620341,228185202,3710695,33722672,93326,2687807,3634385,34695766,5437250,76225
1635289525.3384516,3783614,33785105,228200941,3733577,33740599,87246,2698325,3533043,34395697,5317090,79692
1635289525.4385824,3722055,33717942,228268060,3649817,33814040,89405,2628712,3636085,34723171,5411991,79786
1635289525.5387087,3528238,33358654,228240883,3748820,33777497,88208,2669172,3645664,34504705,5445830,79143
1635289525.6388326,3756530,33741979,228148113,3609691,33757991,88398,2662901,3635519,34714070,5397583,76169
1635289525.738961,3704244,33746072,228272184,3759400,33768167,89241,2281526,3452683,34482154,5418398,77958
1635289525.8390894,3738192,33809001,228188917,3608737,33680435,87722,2636788,3616951,34586510,5441574,77016
1635289525.9392219,3727460,33880377,228323837,3762430,33728794,87694,2654977,3650154,34807371,5319885,64014
1635289526.0393484,3756930,33783876,228186132,3604671,33701833,93242,2453418,3652694,34592794,5433026,75301
1635289526.1394725,3718757,33789104,228191652,3707569,33755446,87561,2708650,3630468,34541521,5290089,73022
1635289526.2395952,3616857,33704632,228169163,3859493,33724223,90229,2364808,3623560,34781079,5421189,74728
1635289526.3397222,3776232,33801340,228328703,3558904,33819572,88411,2666368,3565891,34304676,5340420,62007
1635289526.4398506,3653732,33712518,228163430,3749655,33713619,88803,2663831,3648037,35032892,5421974,79282
1635289526.539974,3538773,33620869,228094699,3762082,33752465,87042,2672487,3504202,34630639,5478480,83143
1635289526.640079,3744843,33814076,228294356,3614106,33875939,89888,2676990,3616562,35040538,5346958,70506
1635289526.7402077,3658518,33742769,228216215,3756871,33751188,87947,2669110,3554944,34796858,5499772,81948
1635289526.8403387,3753881,33897590,228200598,3612659,33717198,87190,2698674,3558169,34279653,5287130,74376
1635289526.9404674,3763009,33656207,228282370,3754498,33837086,89555,2540592,3685594,35046915,5407469,77998
1635289527.0405931,3765004,33710053,228278923,3613683,33735946,89177,2667660,3574806,34596022,5409513,75436
1635289527.1407175,3664877,33655931,228159430,3756129,33626058,94052,2449206,3629522,34747089,5289983,70977
1635289527.240841,3732008,33665435,228289714,3685647,33806923,94245,2572630,3646690,34783713,5431180,77131
1635289527.3409681,3766972,33733632,228209360,3584570,33683843,90684,2721359,3612797,34412840,5340767,70921
1635289527.4410965,3375860,33675010,228275131,3903938,33724772,92686,2676722,3632754,34801416,5418889,75276
1635289527.5412247,3801133,33839514,228320910,3703173,33717621,87596,2680870,3528323,34416846,5342425,77769
1635289527.6413524,3535723,33736692,228320186,3644677,33753533,89632,2632600,3612445,34769795,5426895,75185
1635289527.7414806,3740447,33715496,228246231,3761310,33848545,87943,2680608,3406990,34282968,5524530,74918
1635289527.841607,3731705,33745768,228057471,3628686,33778920,88929,2593579,3640618,34821611,5439555,76645
1635289527.941733,3680869,33728077,228167391,3769000,33723805,88096,2476289,3556605,34230373,5391335,75858
1635289528.0418613,3749588,33815155,228175217,3611839,33766264,87817,2685643,3604969,34710894,5426061,77104
1635289528.141985,3540746,33750655,228276503,3760720,33733305,87851,2660216,3638280,35022966,5432975,79278
1635289528.2421129,3749706,33806732,228204476,3609535,33681244,87420,2529467,3547162,34371425,5421336,77142
1635289528.3422406,3604201,33813585,228281709,3752892,33633075,87599,2655749,3648215,34704867,5374688,73847
1635289528.4423697,3760150,33829567,228247830,3706968,33804047,87641,2735705,3672184,34640103,5433525,77972
1635289528.5424936,3764494,33663084,228053090,3545946,33708268,88075,2677359,3629782,34914712,5330238,78459
1635289528.6426184,3763377,33701918,228269371,3754861,33926262,88990,2451129,3620588,34656628,5423845,74960
1635289528.7427456,3677605,33804437,228306995,3641357,33675868,87717,2674033,3626745,34948445,5229682,72141
1635289528.842871,3592180,33600957,228201465,3756867,33696238,89653,2525129,3634493,35025902,5434371,76355
1635289528.942993,3878213,33620136,228260057,3609731,33612435,86501,2685566,3617104,34629857,5369111,75962
1635289529.0431163,3591502,33634703,228177249,3760624,33642704,90106,2697431,3612630,34839033,5231300,79187
1635289529.1432393,3550205,33657429,228109123,3679807,33688621,90380,2685856,3551478,34544007,5449400,62846
1635289529.2433612,3758981,33767459,228208634,3719238,33669307,94354,2616641,3723909,34819495,5370496,77244
1635289529.3434834,3615017,33620336,228198150,3758737,33782945,92549,2474687,3571018,34530599,5413884,77049
1635289529.4436057,3755558,33644077,228176531,3638658,33717040,89373,3017735,3391136,34113345,5482934,73076
1635289529.5437279,3710737,33689598,228309394,3816228,33742204,88284,2259294,3643765,34858589,5416463,76660
1635289529.6438491,3759386,33703730,228314620,3548285,33624150,87681,2404020,3563007,34594899,5422240,79050
1635289529.7439723,3758070,33703209,228395957,3750048,33807943,88496,2721891,3959451,30753295,3112000,78335
1635289529.844096,3636797,33709881,228250211,3702295,33710628,91860,2519007,3634513,34700582,5430838,74910
1635289529.944219,3912313,33706806,228234955,3647530,33662510,90033,2680078,3587713,34237091,5330991,74549
1635289530.0443401,3685488,32498523,236484623,3350857,34719315,91856,2801153,3766819,36041738,5543348,75148
1635289530.1444614,3676175,33667702,228305191,3754333,33857816,91464,2685039,3678689,34717344,5356295,89641
1635289530.2445831,3758328,33676518,228310025,3605053,33663841,87505,2678210,3587767,34587678,5324079,86279
1635289530.3447046,3747590,33726944,228176125,3764813,33644285,90742,2543073,3732725,34672211,5376455,76550
1635289530.444827,3642069,33727435,228180143,3719378,33415044,87875,2665746,3629537,35029309,5447966,76331
1635289530.5449476,3753084,33783179,228467147,3628321,33652613,91550,2600643,3438346,34221289,5433439,73130
1635289530.7451942,3629496,34997602,5420554,72551,3762018,33868353,228546404,3731869,33812162,87530,2600880
1635289530.8453176,3534350,34502958,5372053,73547,3577241,33693939,228335098,3532297,33710073,87034,2653931
1635289530.9454386,3633302,34913993,5402627,77035,3765549,33657315,228444865,3743295,33885219,87382,2550612
1635289531.04556,3547652,34568677,5406745,77731,3666598,33780815,228224101,3647486,33660516,86233,2685663
1635289531.145681,3614029,34900029,5249163,74601,3629086,33638838,228253779,3763970,33734028,88066,2686182
1635289531.2458034,3627441,35142503,5414036,77445,3749655,33638174,228275313,3619686,33684988,86371,2693599
1635289531.3459256,3602785,34811139,5379630,81075,3756813,33673843,228334136,3756939,33693205,90782,2619415
1635289531.4460485,3590440,33772655,228232808,3726051,33699957,90966,2683589,3547063,34663306,5568547,78305
1635289531.54617,3755143,33140915,228332882,3544424,33730165,90572,2699281,3462328,34470238,5452920,79477
1635289531.6462924,3607717,33624420,228211304,3748639,33788668,92181,2687880,3626999,34856809,5442906,75746
1635289531.846542,3611586,34555192,5409328,78672,3766699,33667242,228254091,3712215,33629999,88137,2707078
1635289531.9466639,3636397,34937294,5347141,78923,3761920,33676802,228176592,3670402,33766950,88556,2460667
1635289532.0467858,3615976,34684186,5435482,76350,3672088,33719665,228299663,3743741,33775829,87244,2699820
1635289532.1469088,3628940,34743005,5312221,72132,3633677,33700886,228240507,3704386,33720690,91130,2446695
1635289532.2470303,3611116,34815387,5421014,78023,3927764,33764835,228426891,3655983,33729520,84299,2685922
1635289532.3471508,3474070,34229068,5339456,71695,3757175,33887212,228424537,3663107,33736556,89784,2662437
1635289532.4472737,3625610,34871122,5400939,78103,3553136,33725760,228265234,3749615,33155625,84141,2473892
1635289532.5473962,3760614,33802746,228408338,3618557,33692219,86847,2667884,3643624,34821859,5402144,77073
1635289532.6475174,3608806,33849526,228463063,3764947,33748737,87977,2659339,3216104,34645952,5297519,68249
1635289532.747643,3768500,33768136,228575658,3623084,33724193,88081,2706353,3647976,35088186,5442270,77505
1635289532.9478862,3629932,34796802,5342564,72201,3613148,33767797,228367622,3672112,33678694,92888,2654957
1635289533.0480084,3625158,34738700,5433600,77884,3759085,33750836,228312380,3705106,33689685,85739,2674281
1635289533.14813,3593426,34477914,5336099,79883,3617501,33694780,228302378,3755007,33637067,90920,2581765
1635289533.2482517,3630867,34849205,5416152,81055,3758120,33691223,228249394,3673911,33855507,87932,2707723
1635289533.3483734,3460351,34452164,5464848,76837,3882072,33829408,228255936,3639400,33676765,88725,2692001
1635289533.4484968,3617448,35062478,5403449,81243,3334666,33539650,228133708,3758151,33691511,88133,2323266
1635289533.5486174,3556193,34679110,5437388,81222,3760371,33614726,228057654,3606209,33615333,87759,2689959
1635289533.6487396,3744521,33761697,227993806,3753041,33671836,88720,2544365,3625816,34900516,5342286,76729
1635289533.748867,3755644,33684348,227997482,3607997,33665574,91603,2693910,3415876,33580345,5365635,76192
1635289533.8489902,3754167,33741045,228089363,3745992,33651558,93726,2303518,3784822,34644270,5281209,74309
1635289534.0492337,3621600,34817491,5400135,77297,3756904,33697650,228040596,3652816,33638280,89531,2650683
1635289534.1493547,3517588,34307885,5327360,65416,3543930,33622529,228044713,3813215,33695406,90427,2691289
1635289534.249476,3614543,34823707,5413871,81315,3759206,33741868,228031907,3542648,33591168,87661,2587261
1635289534.349597,3537374,34478913,5423511,76844,3610036,33719939,228066316,3745773,33780337,86218,2669024
1635289534.4497182,3642980,34865723,5341193,74173,3576508,33383268,228063707,3696963,33712119,88428,2693733
1635289534.5498393,3636220,34695561,5427704,77000,4805710,33842290,228078043,3612085,33680065,88735,2677611
1635289534.649961,3619871,34713003,5296702,80404,3752943,33874787,227968227,3742603,33699478,89478,2464916
1635289534.7500875,3749848,33611319,228000020,3604872,33779167,87289,2670406,3635167,34364789,5160793,77739
1635289534.8502119,3701711,33656637,228043032,3756694,33621574,90322,2467907,3662892,35264654,5393238,71580
1635289534.9503334,3652584,33630253,227980026,3708850,33652161,87671,2655222,3407457,34468619,5423580,78021
1635289535.1505764,3468447,34282792,5325352,71942,3579635,33645343,228050996,3750016,33682610,88399,2670936
1635289535.2506983,3620479,34843740,5410609,77098,3745718,33739722,228090571,3613706,33563455,88781,2584093
1635289535.3508198,3543381,34279236,5366651,75984,3608463,33620960,228093334,3729919,33608384,86552,2666617
1635289535.4509423,3621809,34737557,5276738,73461,3740607,33524270,227986671,3614930,33590248,89684,2541556
1635289535.5510652,3605761,34738641,5228958,78413,3736551,33491786,228074687,3656750,33799563,87355,2672081
1635289535.6511865,3592186,34314055,5315862,73062,3267147,33755983,228020194,3767509,33730479,91178,2677495
1635289535.7513113,3621759,34781913,5400358,76837,3523484,33598864,228319197,3694999,33713958,87048,2716640
1635289535.85159,3572698,34575783,5350829,65589,3746522,33716142,228177470,3713908,33651850,91270,2592632
1635289535.9518704,3602731,34871079,5395988,79678,3561980,33024239,228090630,3760337,33594740,90445,2689755
1635289536.052197,3614283,34701185,5538045,85076,3752505,33700857,227912580,3610830,33605315,89774,2675655
1635289536.202504,3387412,33625269,5337449,73537,3641599,33722515,228082722,3751653,33759992,91068,3035754
1635289536.3026264,3769331,35043977,5384230,80380,3756539,33586798,228033731,3612725,33808953,93027,2230674
1635289536.4027479,3569788,34380261,5424718,78370,3757199,33666213,228007380,3753311,33661126,87006,2654877
1635289536.5028684,3629173,34575526,5337760,78962,3704697,33777012,228000806,3648226,33811541,89908,2557134
1635289536.6029897,3625996,34800881,5418716,77959,3574837,32591739,220666523,3564383,32671453,85662,2508753
1635289536.7031107,3479363,33473614,5176868,99751,3644444,33322697,226606068,3655059,33499607,81022,2615374
1635289536.8032317,3539193,34169384,5269814,124504,3414106,31699154,218124716,3523462,32107360,73769,2590455
1635289536.9033508,3366877,32297182,4932094,103365,1944195,17283119,120102508,1906936,16543426,44881,1335653
