1635341356.5799055,8660319,75709440,542141963,8668036,75646449,185908,7720359,8480690,78264006,12569990,301581
1635341359.1329072,75288867,175830,7726201,8611618,80092720,12575264,303343,8849058,76989060,551539790,8828669
1635341359.2330265,77413425,207140,7877858,8788751,81550176,13176504,298210,8880910,77286790,552449949,8987669
1635341359.3331518,78696867,192284,7920811,8704449,81412664,13233160,323403,9019526,78566525,563828274,9044757
1635341359.433271,79261154,177624,8087738,8953438,82891601,13151040,300418,9170555,80531990,573883523,9193054
1635341359.5333943,80680280,199575,8173151,9079747,82596520,11488052,311615,9001590,79351156,561589975,8993149
1635341359.633522,78935460,195535,7995555,8844027,82141348,13218188,321001,9401909,83094512,587511179,9435934
1635341359.7336497,83426040,188617,8472968,9328037,86961068,13911366,328635,9508262,84020841,591612935,9410214
1635341359.8337722,83478766,182874,8561728,9460890,87935221,14200614,345646,9723542,85874124,605537585,9726212
1635341359.9338915,86143500,191438,8711619,9673861,89576051,14517118,351296,9886136,87650629,615810838,9866060
1635341360.034011,86885116,198622,8920210,9832123,91446019,14814238,356642,9955047,88450432,620779634,10013568
1635341360.1341302,88185315,192189,8990856,9980259,92929604,14947694,355888,10218146,90299897,633754405,10222949
1635341360.2342489,90433025,198349,9173996,10136203,94442981,15239408,362295,10360367,91950040,643446361,10325160
1635341360.3343682,91805883,198858,9416281,10285405,96081785,15467838,370018,10458803,92904445,652043420,10524452
1635341360.4344866,93039035,201459,9433218,10493856,97606442,15702905,377128,10607537,93823567,658090198,10567296
1635341360.5346045,93809260,206543,9558776,10568879,98641937,15823333,382487,10475972,92823896,650145275,10404078
1635341360.6347232,92457849,203904,9360088,10442768,97019121,15636471,378358,10818111,96431399,675181218,10893967
1635341360.7348413,96336430,211717,9717286,10814723,100886637,16208484,396087,10982476,97247926,681103336,10968493
1635341360.8349602,97255139,210604,9820456,10909382,102411081,16385145,395230,11050786,98508257,688893017,11083556
1635341360.93508,98366893,215562,9975163,11074082,103583568,16589374,395125,11216364,99930511,697804938,11197259
1635341361.0351992,99851031,223076,10002811,11171234,104629023,16780898,410113,11312311,100678428,704298557,11370998
1635341361.135318,101027207,219493,10134984,11275484,105737425,16917973,408243,11429634,102437287,712081135,11399662
1635341361.2354372,101830529,224579,10105800,11390486,107289392,17131221,409861,11436849,103172163,719148826,11531137
1635341361.3355556,103253737,226491,10182151,11503863,107933707,16290829,413454,11464178,103083653,714894681,11505041
1635341361.4356742,102756725,222717,10180323,11526266,108569590,17246327,410776,11229671,103807991,729688402,11708663
1635341361.5357928,105039046,228247,10253720,11688377,106969466,14506565,385226,10886528,94793255,722402650,10624157
1635341361.6359131,100256880,223034,10307263,12320679,106634276,15595198,388383,11740981,104926191,731614415,11788022
1635341361.7360318,105510713,223220,10572855,11616333,110339309,17608209,424636,11647681,104358358,725292304,11708947
1635341361.83615,104545065,224542,10374551,11571764,109312776,17430814,421707,11782554,105217043,730488285,11772533
1635341361.9362688,105365382,226866,10254354,12616962,107499749,17557485,419188,11846435,105056927,735411925,11838772
1635341362.0363874,105705480,228648,10723307,11730907,109823800,16925502,431674,11769169,104714556,730168833,11797461
1635341362.1365063,105241487,225357,10561347,11609121,109446108,17631196,420849,11853994,103994597,738132824,11381960
1635341362.236625,103588451,226413,10519394,11816940,111440289,17733863,426509,11610193,104564072,725979971,11639488
1635341362.3367438,104438683,224397,10335695,11578092,109568405,17454486,418122,11760693,104611743,731651699,11806648
1635341362.4368627,105678939,224567,10600200,11738054,110267516,17602829,421016,11722975,105506971,730458104,11763170
1635341362.536981,104961147,225074,10359904,11654126,110098081,17554415,422994,11414140,102593973,715954765,11509909
1635341362.6371,102646609,222254,10364771,11492716,108084813,16056812,405932,11661906,105148438,735965887,11803849
1635341362.737219,105013251,225696,10450846,11631842,110603546,17464033,425506,11777146,105272501,735002959,11749785
1635341362.8373375,105231861,227693,10464638,11681563,110090091,17600919,420412,11814835,105683828,739301687,11829349
1635341362.9374564,105871083,228822,10647309,11768585,110591448,17728361,423544,11712814,105307850,733467954,11732399
1635341363.0375748,105167326,226471,10424833,11632069,110423191,17628744,425183,11725419,105272792,733551013,11732731
1635341363.137694,105181670,224503,10450902,11690718,110172372,17525298,418624,11714522,105298038,732968952,11701288
1635341363.2378123,105241785,230413,10426965,11687297,110468054,17607580,423540,11802865,105564104,736659382,11811691
1635341363.3379307,105735969,229575,10580492,11752184,110538780,17684003,425309,11793228,105517178,738025082,11799443
1635341363.4380488,105628809,226002,10594270,12021300,110908252,17355358,427461,11801347,105659847,737123653,11832705
1635341363.5381675,105796500,227618,10525465,12618907,109545502,16796493,429033,11565249,103289848,721302066,11558785
1635341363.6382856,103453561,221954,10404875,11515615,108465821,17323968,416910,11823701,105709866,735996029,11816418
1635341363.7384036,105636944,228642,10485601,11691038,110735488,17703413,432188,11802196,105333550,736055591,11791744
1635341363.8385217,105050941,225655,10530530,11792964,110898681,17746085,424434,11775935,105138648,735136194,11768129
1635341363.9386396,105927016,226036,10542610,11724061,110511711,17685846,426315,11764911,105445941,734915530,11841667
1635341364.038758,105923736,230710,10504320,11707887,110634346,17651648,425864,11841263,105652304,737187141,11843320
1635341364.1388764,105901270,228929,10692751,11680937,110433361,17717955,432692,11904032,105553232,739034419,11868677
1635341364.2389956,105771979,233376,10803376,11830202,111562675,17810058,435655,11865274,105873541,739275182,11846979
1635341364.339114,105819428,226051,10744048,11752466,110403258,17745788,425054,11652501,105126718,730075991,11733143
1635341364.439232,105129432,224899,10469302,11644083,110252784,17545485,421305,11778322,105282177,732319967,11715495
1635341364.5393505,105014051,229680,10307151,11613115,110102825,17646012,426778,11447985,102527831,717645900,11493948
1635341364.6394684,103248114,222755,10210801,11377959,107580100,17249123,414320,11714640,104991650,731891591,11686366
1635341364.739587,104886562,226244,10435381,11695466,110163202,17595340,421476,11549681,104349996,736006768,11499001
1635341364.8397214,104670066,228820,10475555,11703106,109652063,16310544,421516,11683502,105332000,733478083,11711862
1635341364.9398437,105330717,229195,10454797,11721543,110640817,17234765,421869,11704152,105360071,731567945,11697850
1635341365.0399635,104944300,231600,10373258,11483230,109600184,17578312,418846,11674664,104396620,727845348,11676098
1635341365.1400766,104744215,227315,10515309,11687331,110202149,17609743,420535,11733567,105176038,731572259,11725955
1635341365.2402039,105147767,230613,10496337,11659464,110069258,17555307,421912,11884513,105956681,737883591,11911828
1635341365.3406537,106229946,232309,10788822,11721182,110399213,17681105,426242,11824207,105734800,735981206,11825973
1635341365.4410732,105744271,229237,10649167,11691296,110716800,17686865,424036,11536974,104060373,731828098,11758055
1635341365.5915837,105728540,225674,10470957,11660301,110544368,17611374,417451,11484832,103015242,716720324,11497723
1635341365.6917224,102799534,221842,10338982,11452272,108148006,17247964,411923,11902658,106180569,739509482,11912834
1635341365.791847,105696394,232273,10753623,11767651,111152141,17790285,424164,11733381,104855318,730673728,11718157
1635341365.8919702,104828272,226118,10599197,11712598,110756861,17567162,422795,11897665,105920170,739046720,11933480
1635341365.992094,106369219,230126,10849538,11790966,111112663,17700890,426661,11865295,106030457,737574729,11861758
1635341366.092218,105781403,229227,10773476,13671075,108001375,16093729,426796,11774858,105340950,732149325,11753777
1635341366.192341,105393330,232537,10560007,11646106,110433034,17629222,422444,11865146,105427369,735531854,11848697
1635341366.2924638,105685026,228522,10774154,11785921,111118554,17752349,428756,11792299,104985432,731862683,11792507
1635341366.392587,105565205,225313,10571700,11711046,110838460,17645624,422794,11861911,105719655,736454765,11835864
1635341366.49271,105962318,233167,10706282,11746104,110650701,17668017,432049,11772249,105127344,733957019,11829240
1635341366.592833,106005278,227126,10660742,11723213,110370715,17651652,425696,11555017,103557601,720697333,11584983
1635341366.6929748,102915718,225970,10450857,11503591,108223596,17291409,420094,11832992,105681029,734794594,11803009
1635341366.7930994,105396545,228623,10678276,11661415,110603900,17687938,427672,11894072,106064143,739258076,11914581
1635341366.8932238,105983184,227655,10692240,11785505,111006476,17769964,427712,11711093,105130376,731524782,11731508
1635341366.9933593,105286096,225844,10516882,11682488,109966275,17570796,421142,11726987,105110027,732632253,11805499
1635341367.0934854,105727782,227326,10576635,11684271,110123256,17568053,418380,11792550,105083025,732071492,11755271
1635341367.1936092,105254702,231090,10611495,11673159,110234847,17581545,428069,11733354,105307211,738791690,11879285
1635341367.2937331,105960043,229680,10746290,11793020,110984592,17681746,428730,11679983,105127145,731467910,11726794
1635341367.3938565,105548852,223714,10441098,11593447,109707331,17482648,422057,11819481,104191738,735819590,11762668
1635341367.493981,105653951,235005,10727592,11759462,110886925,17691835,423295,11855992,105805933,737746514,11852903
1635341367.5941038,105561067,233248,10701923,11739684,110503985,17686995,432846,11397413,102593691,714562806,11444403
1635341367.6942399,102483856,220653,10282690,11423901,107807182,17175658,416256,11871485,105482287,736837318,11880702
1635341367.7943637,105752786,222685,10884876,11767078,110837817,17662041,424945,11693596,104604681,732434823,11818841
1635341367.8944874,105866263,228765,10641790,11647788,110299293,17601122,424769,11681523,104005730,724046858,11624132
1635341367.9946115,103526028,231254,10359520,11537056,108574781,17354897,418998,11796635,105199830,733576434,11792901
1635341368.0947378,105294469,229715,10660467,11724210,110688269,17634849,430448,11764633,105053794,733591408,11818716
1635341368.1948617,105630473,227767,10700895,11652233,110593669,17655224,421156,11806886,105410902,734261814,11815447
1635341368.294985,105483822,231308,10540710,11616048,110528911,17617711,428185,11757854,103635349,730342834,11783294
1635341368.395109,105602241,230349,10655177,11701637,110626580,17627885,429395,11792724,104903959,731540401,11772084
1635341368.4952323,11801172,105510881,733560303,11807317,105381204,222410,10803569,11677532,110826833,17616064,426093
1635341368.595356,11601983,103488874,719924888,11582076,102996723,228493,10382499,12205854,107265923,17345698,412852
1635341368.6954968,11835277,105547494,735281944,11873478,106025454,231180,10673290,11684353,110605317,17696650,430208
1635341368.7956212,11722108,104783328,728633689,11737296,105278923,227538,10535592,11677421,110750010,17596503,418704
1635341368.8957448,11807813,105359768,733615806,11792906,105495022,228786,10480602,11678948,110823639,17656907,425034
1635341368.9958682,11853098,105662897,735906415,11863178,105742264,231753,10456439,12532681,109351998,17731834,427323
1635341369.0959918,11799166,105431791,732735386,11829465,105594764,231985,10584548,11688149,110271767,17591940,429977
1635341369.1961155,11795212,105269021,733872237,11831457,105575927,229967,10584321,11740276,110787951,17690179,421796
1635341369.2962391,11824738,105660270,735907096,11874044,106142128,224198,10698773,11719984,110294383,17641124,425045
1635341369.3963616,11847982,105794880,735456878,11892652,105952046,232645,10516349,11688454,110706787,17634053,425158
1635341369.4964848,11869733,105545077,733931717,11838408,105404966,229726,10739666,11697599,110743085,17721298,432281
1635341369.5966082,11554380,102827516,717943250,11585012,103385875,226560,10321709,11522015,108378226,17296892,417663
1635341369.6967447,11806882,105579240,733670100,11830615,105548379,229263,10578496,11720546,110385478,17600849,425133
1635341369.7968702,11856995,105534293,739534214,11874540,106028442,229760,10796910,11783864,111270507,17800031,428738
1635341369.8969939,11838785,105622133,734293266,11848754,105511302,235083,10772776,11728739,110518150,17692952,425216
1635341369.9971175,11800816,105166349,731880168,11791924,105462232,228710,10563549,11639066,110307143,17644243,426832
1635341370.097241,11803306,105564327,735838068,11879750,105865784,229797,10678435,11730696,110682524,17728709,420629
1635341370.1973636,11761684,105383891,730813199,11779286,105292950,226300,10562828,11567419,109319643,17538448,424175
1635341370.2974865,11702040,104996396,728916794,11729683,104905698,233972,10487989,11676612,110189243,17615537,421378
1635341370.3976102,11799439,105259697,734803977,11845818,105693512,229538,10592494,11703873,110284173,17647409,423268
1635341370.4977329,11819499,105496929,734120245,11808240,105806778,228211,10686170,11623258,109791174,17567270,420356
1635341370.5978556,11557951,103383689,718841546,11561665,103092851,228571,10367531,11404015,107817613,17271199,415374
1635341370.697992,11818359,105171383,734010555,11821894,105689096,227614,10556052,11713052,110209749,17620392,423737
1635341370.7981155,11707973,105242627,732511778,11793554,105616391,224691,10606034,11726405,110767598,16161376,421502
1635341370.8982384,11858981,105894382,735315509,11866449,105684387,231717,10616125,11765755,110610560,17665564,423740
1635341370.9983623,11782327,105052139,732522922,11812150,105670958,229721,10584704,11709561,110019967,17634919,426019
1635341371.098486,11861335,105510279,735634374,11852235,105715122,233346,10643309,11772234,110955426,17653574,424160
1635341371.1986094,11690716,104807079,728727383,11745778,105229553,222996,10442086,11642550,109886530,17550443,423342
1635341371.2987323,11766729,105296747,731202046,11790717,105300699,230616,10453639,11674218,110239940,17632024,422818
1635341371.3988554,11846830,105685661,736150624,11842180,105837920,230036,10626196,11750471,109583777,16116688,428582
1635341371.4989774,12235759,109127511,760802086,11936677,102373382,227791,9932121,13479195,109963066,18257631,433960
1635341371.5991035,11410906,102273010,712193383,11497754,103351854,222442,10139318,11372438,107162012,17132503,410016
1635341371.6992493,11681598,104719019,726361644,11672451,105228809,233088,10400828,11555506,109270048,17445148,414491
1635341371.7993724,11831104,104994422,731077326,11769188,104753171,225443,10542382,11719817,110751927,17661685,418730
1635341371.899495,11693060,104571361,726230209,11676870,104893468,226520,10340718,11557549,109451813,17455606,419342
1635341371.999618,11733349,104830270,728831763,11735753,105126923,227634,10546029,11671113,110504500,17619887,416928
1635341372.0997415,11722700,105217072,728733280,11723682,104834931,225485,10439975,11621049,109847171,17516655,422061
1635341372.1998675,11817465,105526867,737181361,11908309,105928037,245273,10595213,11592352,109862474,17532512,417936
1635341372.3000138,11814288,105294004,738967946,11761496,104951777,236844,10466093,11583699,109667294,17548626,416682
1635341372.4001365,11697868,104064357,737251358,11835919,105950770,231154,10588410,11783243,111052429,17644074,421281
1635341372.500259,11606317,103625318,730681862,11766494,105797279,225660,10473982,11624457,109304717,17460485,410493
1635341372.600384,11517330,102835325,716969455,11555571,103043862,224882,10362291,11389472,107303072,17202629,414014
1635341372.7005205,11691248,104574048,728489565,11741527,105576831,230307,10527913,11698459,110090814,17561460,418434
1635341372.8006449,11786901,105246531,732148238,11837600,105565072,224556,10584870,11648549,110154605,17612686,421093
1635341372.9007683,11682868,104467217,725625440,11659429,104746769,226464,10451090,11585036,109720194,17537618,420276
1635341373.0008922,11660043,104425548,726607338,11691304,104955306,227466,10423301,11691896,109940439,17501381,415934
1635341373.1010306,11181841,100052853,743326744,11488162,105115315,224165,10580287,11854580,111954107,16764653,427979
1635341373.2011588,11641280,104607226,725642223,11703876,104919182,230315,10365091,11580748,109521045,17494506,419125
1635341373.3012834,11653384,104688259,727567351,11684881,104627774,229418,10393090,11655326,109759146,17574796,419451
1635341373.4014077,11651206,104502735,727324542,11675159,104804580,230237,10363566,11640305,110110402,17556501,422735
1635341373.5015311,11632711,104035654,725625264,11669638,104973210,230614,10373616,11593961,109584797,17486367,416345
1635341373.6016548,11429123,102236427,712091887,11449796,102648682,227692,10151083,11373097,107595404,17170185,411672
1635341373.7017863,11673186,104521173,726262928,11659684,104681554,228058,10416230,11579226,109845010,17509602,416558
1635341373.8019106,11666133,104511520,726688294,11676773,104757116,231543,10378307,11609558,109800943,17509562,424490
1635341373.902035,11674058,104770219,727541520,11674735,104947856,228541,10394002,11592694,109792142,17461458,423690
1635341374.0021586,11734981,105009850,729925479,11742960,104972038,234715,10471762,11598050,109093162,17537269,417425
1635341374.1022832,11765829,104909665,731582201,11761395,105254196,229517,10520192,11628520,109861930,17561294,423527
1635341374.2024066,11742582,105201676,731180623,11770399,105016347,228572,10535131,11695293,110174052,17676330,419911
1635341374.3025303,11812831,105432531,734606197,11846173,105865055,222925,10679633,11690357,110472463,17604171,427092
1635341374.402654,11827308,105716076,733446472,11846861,105548410,233801,10675672,11692006,110232915,17645819,425345
1635341374.502777,11644562,103299659,721764025,11633660,103482839,226303,10475812,11529967,108947456,17472157,418049
1635341374.6029003,11715461,104549370,727861118,11718174,104498420,227037,10469241,11603223,109683532,17542299,421457
1635341374.7030358,11727567,104856345,729930782,11765293,105229354,230259,10609722,11715923,110293610,17583085,423575
1635341374.8031597,11886221,105521320,737549652,11931192,106231580,230730,10757883,11772825,110740364,17763946,427646
1635341374.9032826,11836880,105415336,733809022,11816978,105207762,230653,10637579,11757201,110496711,17726978,424723
1635341375.0034063,11793587,104971251,732873529,11811071,105444227,231158,10556359,11755406,110662002,17748449,427330
1635341375.10353,11777354,105092295,732493211,11799778,105768215,225040,10342434,11646146,109842985,17638544,423396
1635341375.203663,11853113,105614478,735879534,11872816,105360723,235000,10773356,11731972,110123885,17695710,425659
1635341375.3037941,11854393,105656807,734148304,11799752,105294115,228154,10682163,11713914,110160965,17688439,424051
1635341375.4039183,11728833,104695019,732928595,11815367,105370571,228458,10550503,11658650,109889523,17550587,423992
1635341375.5040421,11540321,102805970,718328205,11591956,103364886,218964,10378888,11254596,107018434,17258119,411814
1635341375.604165,11733886,104909767,729870317,11787372,104909838,229940,10738393,11595592,110146342,17552926,420278
1635341375.7042985,11771827,105235085,732875838,11815408,105563254,228619,10636665,11681409,110268376,17553870,424600
1635341375.804423,11769827,104840140,729590071,11753566,105078956,225747,10563864,11615564,110055881,17555051,418654
1635341375.9045463,11785300,104861879,731523337,11820653,105363230,227516,10599471,11714830,110456589,17615822,424994
1635341376.0046704,11730352,104206184,727945205,11727828,104942291,224369,10516276,11591666,109601911,17547453,421570
1635341376.1047938,11867154,105448322,734492007,11856079,105497459,226447,10630651,11677345,110357678,17595618,424526
1635341376.2049167,11816379,105144356,732101389,11819257,105677252,232242,10626359,11630179,110202377,17573957,422876
1635341376.3050394,11739533,104648909,728740849,11719334,104840761,224457,10513216,11674333,109986076,17556493,421556
1635341376.4051628,11743139,105128913,732570077,11793447,105007482,227966,10635783,11642022,110341859,17611173,422398
1635341376.5052857,11571669,103161778,719185309,11574420,103198466,223593,10413731,11390486,106742614,17190798,407836
1635341376.605409,11855949,105308866,734263819,11855703,105382966,229005,10658631,11608155,110571173,17658825,422989
1635341376.705544,11866520,105509183,735339847,11875598,105660725,236927,10679684,11676927,110425626,17685709,426777
1635341376.8056679,11788082,105175833,732481903,11788058,105139674,229893,10618792,11673361,110065407,17563370,426062
1635341376.905792,11783502,105127095,733557534,11832887,105141840,222085,10713700,11697911,110317716,17579368,424143
1635341377.0059154,11630423,104323067,727151387,11697028,104970570,226438,10378001,11540842,108994899,17329238,416101
1635341377.1060383,11714508,104709705,727313436,11676233,104733412,228631,10522430,11594104,110097771,17532843,421146
1635341377.2061617,11737309,105176837,731535304,11773090,105314093,226082,10538702,11661766,109970223,17509182,421380
1635341377.306285,11795481,105400723,734486202,11868211,105871943,227975,10649577,11674322,110239623,17600732,421017
1635341377.4064088,11858830,105357559,734960049,11895341,105753557,232209,10619884,11717276,110294562,17643368,426607
1635341377.506531,11453667,102205955,712978334,11464763,102422723,222422,10227609,11305416,107337032,17168587,414899
1635341377.6066546,11676683,104506629,726461332,11672049,104797972,224832,10330300,11565065,109870500,17497884,419453
1635341377.7067888,11705086,104710014,728596294,11738158,104870314,228082,10483108,11607142,109827578,17544780,416642
1635341377.8069134,11771069,105028369,731940670,11736354,105278560,230822,10658127,11616443,109787625,17532879,426326
1635341377.9070368,11619938,103318424,723022226,11683364,104035575,223884,10544210,11490066,108265212,17333794,416376
1635341378.0071607,11826895,105467270,735702979,11866474,105708264,227728,10564908,11679989,110290709,17624777,422813
1635341378.1072834,11849343,105015265,733266962,11826578,105907952,230517,10783172,11736149,110939986,17606748,420382
1635341378.2074065,11722800,105086132,732938890,11857376,105470953,226739,10693868,11675784,110300048,17622142,422810
1635341378.3075292,11797731,105502990,732476979,11764971,104974609,228812,10624105,11638412,109985830,17574994,424526
1635341378.4076521,11787365,105146335,732539643,11812824,105478742,224970,10620825,11599821,109683184,17592196,424504
1635341378.5077748,11435066,102125666,717350973,11559164,102968410,230067,10417052,11444142,104132782,14293825,409926
1635341378.607899,11776642,105223757,731858109,11792460,105422465,230944,10613363,11667342,110349818,17570785,422317
1635341378.708032,11782485,104899324,731380567,11782492,105171717,231174,10543179,11679965,110232228,17680491,420532
1635341378.8081567,11780287,105212575,732679649,11817414,105231364,225122,10645503,11637721,110306397,17609048,420960
1635341378.90828,11758150,104772748,731111861,11686342,105208328,233391,10603189,11601261,110038040,17569557,423119
1635341379.008403,11823306,105278269,734738086,11860850,105650390,228876,10848460,11769305,110890818,17688616,422137
1635341379.1085262,11764230,104765552,730134665,11770034,105233913,226742,10605949,11581825,109566218,17596824,423643
1635341379.2086492,11691989,104651578,727972264,11699237,105024834,233369,10495068,11644935,109968802,17534522,421523
1635341379.3087726,11760251,105162464,731123668,11807107,105442181,231529,10645729,11629165,109640590,17611063,422460
1635341379.4088953,11768706,105229040,732042686,11778105,105004740,229577,10608194,11677700,110142383,17630092,420245
1635341379.5090196,11533779,102615859,717901199,11553585,102984642,219791,10410141,11474671,107771688,17246714,416076
1635341379.6091425,11732955,104933886,730547366,11795904,105294969,231801,10608644,11629036,109818548,17520415,422025
1635341379.7092783,11859599,105482602,733553932,11822131,105494489,229855,10707546,11670283,110237992,17642667,422997
1635341379.8094015,11802300,104993044,731787866,11793833,105323396,226666,10609549,11733850,110679048,17562472,421141
1635341379.9095252,11795914,104955175,732815054,11802392,105526785,233166,10744520,11690044,110606492,17669967,424556
1635341380.0096488,11793108,105200034,731778976,11812578,105276085,228470,10587528,11641696,110451706,17605824,424872
1635341380.1097727,11803157,105044821,732925979,11820616,105412105,231726,10678269,11649308,110324121,17569581,425485
1635341380.209896,11651137,104610921,725780637,11670983,104490268,230554,10425910,11519140,109940332,17465943,419425
1635341380.3100185,11542536,103498354,719854702,11564114,103840940,220693,10257823,11552364,108709614,17287796,411270
1635341380.410142,11722425,104444610,728070429,11726556,105094604,229702,10450104,11591545,109384135,17588520,421697
1635341380.510266,11529506,102983609,716630071,11530842,102927114,226206,10438548,11386976,107587483,17182926,414872
1635341380.6103904,11876495,105186907,735611691,11896010,105754004,230617,10608587,11748851,110945308,17698229,424378
1635341380.7105236,11752151,104437665,731069394,11782938,105121862,227295,10702739,11668101,110168994,17669132,425960
1635341380.8106487,11720601,104374711,730417501,11691539,105312410,227827,10545679,11496327,108928838,17431052,419741
1635341380.910776,11776091,105085853,731605999,11785160,104720300,233465,10715012,11652909,110690306,17665128,423090
1635341381.0109007,11769958,104953473,731717850,11778004,104666088,230891,10553832,11697787,110266162,17619978,423652
1635341381.111025,11820227,104818683,733007155,11798611,105646889,229498,10629830,11689737,110048144,17639088,425088
1635341381.21115,11835526,105949492,737866227,11911113,106007315,229869,10708238,11803094,110995750,17747597,424655
1635341381.3616781,11852689,105559323,736526905,11817567,103430553,223035,9815235,13964436,103863621,17679898,428016
1635341381.4618049,11778811,105469141,734290666,11528863,102513847,230793,10605028,11710715,110346866,17662539,424287
1635341381.5619297,11553889,103053057,722175471,11424463,97283062,221955,9551926,11816705,105662008,15360926,411366
1635341381.6620536,11616417,104445404,725253374,11655194,104339024,226949,10145769,11478440,108961521,17403514,418256
1635341381.762173,11614140,104389844,724616028,11590138,104013898,225232,10305181,11579444,109422872,17465741,414720
1635341381.8622916,11598120,104060466,723909091,11640697,104222283,223210,10396737,11528349,109135053,17457977,415309
1635341381.96241,11606237,103975518,722168045,11603332,104151370,229681,10398608,11517906,109178954,17433865,414233
1635341382.062528,11605772,104192689,723520236,11601997,104511021,227673,10360195,11465651,108889598,17390397,415024
1635341382.1626465,11612408,104565401,725272022,11642764,104143507,227538,10418272,12726820,107745180,17416015,417675
1635341382.2627654,11625392,104195652,725740188,11633499,104355118,226039,10467928,11607700,109507620,17519683,418880
1635341382.3628838,11638526,104494264,725902047,11641850,104655879,224710,10456615,11535381,109025317,17428732,417759
1635341382.4630027,11622543,104367854,724953886,11666558,104705775,232339,10447615,11510031,108944245,17477353,418260
1635341382.5631213,11356662,101901458,709009464,11312318,101708917,219545,10124071,11310860,107021823,17048498,410181
1635341382.6632397,11647117,104419488,726933247,11662464,104637398,227674,10427199,11550769,109333373,17432186,417521
1635341382.7633584,11643852,104401599,725635039,11656363,104715187,226567,10424232,11492010,109384865,17476956,419961
1635341382.863477,11625770,104168181,727307619,11675237,104815017,228976,10440451,11631692,109512770,17531331,418633
1635341382.9636056,11737814,104722595,730288967,11753804,105277518,232956,10589825,11679700,109655150,17519596,421603
1635341383.0637248,11652022,104185146,726223259,11672242,104627132,227444,10357127,11644285,109400537,17438426,415995
1635341383.1638434,11697982,105014938,729804468,11743965,104852222,229038,10569056,11524665,109322871,17481708,417221
1635341383.263962,11676633,104215106,726364201,11638614,104234804,225596,10561424,11612166,109676254,17485688,420631
1635341383.3640804,11696750,105491352,736475754,11813974,105964595,232286,10687328,12657274,104214996,13723776,415911
1635341383.4642115,11683521,105176987,735568594,11832598,105264987,227892,10523430,11805189,105215024,14800606,424597
1635341383.5643442,11325808,104182299,725343316,11644129,103330212,214717,9510191,11438036,104589131,14581398,416642
1635341383.664486,11815866,104836668,732969179,11805940,105198357,227995,10819207,11733615,110014098,17592832,426226
1635341383.76461,11776308,104712512,732867916,11826527,105374836,230754,10659268,11749954,110156475,17626196,433414
1635341383.8647296,11743738,104685443,730445780,11757561,104959104,230999,10656684,11650011,109611944,17505805,430177
1635341383.9648488,11686632,104534514,727942374,11670561,104333700,226739,10534583,11662983,109698175,17520471,429660
1635341384.0649676,11644055,103854253,725723371,11696405,105266793,225859,10440869,11658667,109523902,17461998,429368
1635341384.1650872,11938990,106586416,743304563,11528558,100973828,226454,9506788,11874102,111788859,17843813,440861
1635341384.2652068,11659319,104308804,725742681,11649305,104436111,226153,10382911,11570195,108586093,17357077,423704
1635341384.365326,11659122,104549747,726073485,11667204,104431913,230123,10459329,11636487,109553935,17487077,427630
1635341384.4654436,11738679,104697938,730278398,11734670,104754009,229947,10592291,11624981,109654827,17565027,434075
1635341384.5655627,11450170,101687718,714336533,11531443,103373618,219069,10439196,11433041,107444046,17204484,416709
1635341384.6656837,11785782,104727824,733068335,11801596,105412154,232607,10664349,11734609,109956998,17591102,426789
1635341384.765805,11668976,104498346,727126731,11685042,104393353,229969,10459179,11606592,109125887,17496598,425837
1635341384.8659253,11695940,104551580,729102744,11690401,104809417,231487,10526706,11713147,109935625,17565779,433166
1635341384.9660506,11715323,104581817,730959110,11747070,104790158,228330,10632576,11703993,110045516,17564468,427081
1635341385.0661705,11710139,104785597,730669551,11769078,105051040,232317,10585319,11627305,109361786,17528461,427426
1635341385.166289,11778449,105109627,732001216,11792198,104987644,228701,10566766,11706080,109864661,17539957,426169
1635341385.2664082,11742100,104537866,730343955,11764921,104798141,227841,10557516,11635815,109603743,17527964,426094
1635341385.3665266,11707223,104602641,730667808,11743237,104703577,228227,10598464,11654676,109526203,17552948,432996
1635341385.4666448,11649185,104193150,726296180,11660738,104556310,232231,10554727,11651121,109462749,17471373,428450
1635341385.5667627,11428732,102092542,713606526,11480013,102591021,223660,10267024,11425009,106867180,17154003,416239
1635341385.6668813,11671814,104448292,727336138,11664494,104423824,227608,10474168,11647140,109401845,17415708,431758
1635341385.7669995,11697663,104527519,728910834,11730632,105101071,233417,10550006,11646789,109474038,17481246,429259
1635341385.8671188,11621506,104269339,726855044,11666593,104332498,226067,10500278,11655076,109631491,17467116,427444
1635341385.9672375,11642693,104309207,726193611,11667028,104492797,228747,10511249,11611400,109146871,17484942,425806
1635341386.067356,11706593,104449236,730161990,11762592,104999880,227821,10646239,11670969,109837431,17491092,432859
1635341386.1674845,11834854,105415495,734424129,11836812,105420983,231266,10735606,11701325,109985223,17587939,424739
1635341386.2676082,11623735,104145424,725002810,11637198,104170453,227904,10547554,11571789,109366780,17461821,425753
1635341386.3677323,11618517,103999012,724662906,11608052,104329149,229096,10430524,11579835,109132285,17416603,434286
1635341386.4678555,11623055,103587345,724608056,11571271,104388270,224846,10465201,11543155,108999616,17365414,426759
1635341386.5679789,11401056,102043905,709705407,11365062,101134839,224611,10176540,11336845,106652561,17057674,414726
1635341386.6681094,11640917,104225471,726121771,11651680,104303399,226924,10443603,11643567,109463777,17422716,425185
1635341386.7682374,11611042,104229089,724358901,11642618,104731753,231402,10411861,11554813,108734335,17356513,433500
1635341386.8683608,11629781,104130354,725779094,11668478,104564179,230301,10471545,11633377,107516275,16260265,429211
1635341386.9684846,11616068,104323754,724701717,11603899,104015758,226704,10391023,11635370,109273965,17420404,419935
1635341387.0686083,11643269,104428759,728211074,11667336,104120425,230693,10521821,11564037,109161008,17295202,418060
1635341387.1687317,11692364,104416099,736673074,11739397,104536829,266917,10297071,11570797,108289072,17162122,407927
1635341387.2688546,11718344,104225644,737882266,11678480,104174312,251285,10253296,11512115,108594660,17347746,406417
1635341387.3689773,11735781,104674373,729327833,11752477,104557277,258524,10430920,11716811,109552985,17347634,421574
1635341387.4690998,11717711,104492951,730006454,11755944,105322556,229256,10651823,11721354,109683595,17453247,431554
1635341387.5692227,11665094,102695275,718260984,11579221,102585867,225122,10430379,11425243,107491527,17167161,435314
1635341387.6693547,11736175,104894444,730131549,11734070,104810673,233401,10561554,11699676,109699624,17432517,432115
1635341387.769482,11650339,104108817,725237858,11595786,104180429,232836,10431134,11620746,109378331,17396172,425328
1635341387.8696058,11659613,104839249,727512937,11671723,104440828,232986,10419645,11611423,109132157,17298069,427725
1635341387.9697304,11800974,104892515,734063045,11825958,105152863,232179,10651053,11664779,109726006,17553004,429467
1635341388.0698543,11803261,104878913,733076586,11795648,104869235,234469,10582029,11713821,109932145,17513554,431922
1635341388.169978,11739167,104721628,730109267,11754219,104892862,227472,10573137,11676543,109581802,17488696,425087
1635341388.2700784,11757048,104460650,729976550,11759135,105229940,231924,10681825,11664805,109547367,17438281,428100
1635341388.3702028,11699374,104123976,725027053,11640006,104466425,230608,10461092,11655550,107428855,16049789,420566
1635341388.470327,11622774,104015958,725487778,11631156,104675734,226492,10400855,11628900,109209132,17352499,424399
1635341388.570451,11476941,102232987,714500542,11492782,102751488,219768,10503000,11411856,106920798,17106430,415014
1635341388.6705852,11702294,104800957,728374016,11692709,104270141,233641,10543120,11601223,108958441,17369351,427184
1635341388.7707133,11737278,103857975,729072434,11753848,104912862,227510,10532684,11698306,109738100,17473723,425332
1635341388.8708382,11676103,104100620,727696960,11689921,104987713,226804,10512138,11610016,109128739,17311945,424765
1635341388.9709635,11727839,104303988,730124000,11754986,104739206,225087,10398978,11733662,109971641,17539623,424093
1635341389.0710888,11722052,104982515,728978347,11684859,104282051,229608,10344525,12645438,107494085,17385821,428485
1635341389.171213,11662615,104372288,727507937,11716931,104758687,222797,10488755,11652773,108983658,17334435,419204
1635341389.2713373,11728172,104774196,731636749,11752686,105033602,229662,10712511,11661071,109292668,17464542,428121
1635341389.3714623,11625984,104357090,726716853,11666437,104437808,228291,10442150,11664471,110135046,14734661,422105
1635341389.4715874,11654442,103767411,726853709,11678982,104294681,230427,10616365,11643738,109489790,17424709,421641
1635341389.571712,11415904,102247848,713771613,11488605,102666682,221315,10316406,11399935,106420078,16554958,409733
1635341389.671854,11508673,103457483,730045603,11724894,104405557,228538,10589794,11646538,109486914,15859291,421298
1635341389.7719872,11727890,104760884,729585761,11714418,104485482,224126,10633884,11672037,109461600,17487572,425524
1635341389.8721123,11610867,103806343,724907143,11638392,104907037,225051,10419286,11610457,109039291,17398869,430365
1635341389.9722369,11674302,104296500,727743367,11706437,104948690,226594,10544506,11610992,108510968,17380283,425031
1635341390.0723615,11801624,104813431,731894008,11799269,104913916,226319,10669269,11719109,110145220,17486266,430765
1635341390.1724854,11693689,104027064,727234719,11694017,104322345,224913,10535634,11670747,109613705,17460360,429271
1635341390.2726095,11639946,104279924,727407301,11680624,104705034,230020,10345376,11783576,109961114,17369959,419853
1635341390.3727336,11728788,104795575,731557708,11760607,105149495,231420,10681669,11645645,109678034,17471258,424754
1635341390.4728577,11744812,105047482,731557965,11761579,104689125,234718,10699016,11696509,109959770,17564407,432583
1635341390.5729816,11380530,100986564,708285702,11420752,101916204,220761,10201786,11439233,107454395,17113373,417371
1635341390.6731138,11722587,104541150,730103239,11741157,105077330,227261,10548424,11609123,108813171,17372759,432326
1635341390.7732406,11796484,105495946,733369883,11729170,104641658,226997,10517552,11654757,109175744,17507904,427097
1635341390.873365,11739632,104148820,726358909,11684950,104531009,227607,10497013,11609836,109152452,17441216,430549
1635341390.9734902,11766016,104847569,731548944,11757274,104680290,230522,10610622,11726195,110408781,17122097,432265
1635341391.0736146,11685157,104221402,727155662,11650244,104434229,221550,10369981,11609571,108807455,17479672,423374
1635341391.1737392,11807583,105087605,731229397,11781736,105026007,226911,10658138,11689789,109571008,17498958,429928
1635341391.2738638,11788388,104626847,730718764,11761147,104540928,228735,10619584,11701745,109745908,17482737,445404
1635341391.373988,11684294,104556069,728681149,11691919,104618323,225468,10461997,11691044,109522395,17365108,426218
1635341391.4741127,11604027,100188086,736620332,11347638,104082460,230922,10550450,11667111,109926231,17593578,431870
1635341391.5742402,11493141,101741261,715458430,11551582,102712552,222215,10404161,11459953,107633329,17204324,416290
1635341391.6743734,11775142,104924634,733267125,11776667,105118694,233553,10651145,11714490,109403825,17491528,425745
1635341391.7745144,11601298,104173279,725737565,11651483,104324998,217621,10443402,11599354,108328052,17331150,423043
1635341391.874642,11658371,104057603,726048406,11668006,104880500,229480,10462633,11589198,109291509,17502012,423498
1635341391.9747665,11656902,104600675,727956109,11713173,104826911,226556,10435073,11617479,108801169,17364969,428836
1635341392.0748918,11797093,105066693,732997036,11807766,105241902,229375,10626768,11693611,109807412,17538500,433811
1635341392.1750152,11750399,104404246,730509445,11750669,104765100,231149,10635081,11721013,109466098,17547686,431586
1635341392.275139,11721454,104633324,729206263,11705661,105004683,229644,10458028,11623712,109123328,17267187,427818
1635341392.3752627,11753099,104697572,731264739,11729181,104907131,231121,10628983,11656216,109676008,17461745,429918
1635341392.4753864,11773795,104427252,729046195,11753511,104870254,229998,10615954,11671333,109606328,17503859,432140
1635341392.5755107,11484551,102381054,714293662,11457156,102236367,218955,10301318,11392300,106769678,17072912,420469
1635341392.675642,11756326,104855317,731084772,11767450,104466136,227354,10617648,11649224,109369995,17477954,430027
1635341392.7757702,11769207,105079109,731186259,11748190,104849924,233509,10606836,11661629,109966388,17373994,444437
1635341392.8758953,11789210,105122109,734601214,11788912,105094945,231588,10668387,11718973,109856979,17500400,426980
1635341392.9760187,11710947,104330134,729524898,11697490,104653965,226316,10572322,11644308,109322048,17452945,430080
1635341393.0761425,11723582,104535828,731031087,11791007,104927490,227032,10580366,11652927,109514320,17502439,428898
1635341393.1762664,11663609,104082324,727291866,11657529,104935847,226438,10452189,11603068,108778694,17308955,430412
1635341393.2763915,11630796,104388236,727047903,11661540,104141611,228115,10411273,11626815,108362449,17332260,423767
1635341393.3765154,11656259,103748784,726461212,11659113,104091381,221308,10454333,11660476,109483324,17410587,428635
1635341393.4766417,11718796,104656330,730277312,11719892,105303332,233104,10592522,11616813,108868534,17470960,424377
1635341393.5767655,11455571,102453012,713203602,11438330,101503780,223276,10249126,11378823,106709086,16987866,423497
1635341393.676894,11733765,104585443,730215667,11718107,104244907,227582,10533952,11649548,109637032,17517637,430284
1635341393.7770205,11634091,104336144,724811076,11597358,104230542,229638,10404130,11574521,108546950,17153234,433071
1635341393.877145,11632849,104230239,727047375,11646369,104395755,226756,10451726,11611424,109325286,17419601,425009
1635341393.9772687,11642928,103682235,725906634,11679404,104339007,224010,10489831,11615317,109219511,17457408,429054
1635341394.0773923,11664965,104118773,730309803,11752050,105021192,226839,10610952,11673581,109422117,17458163,422730
1635341394.1775162,11761808,104504788,731193096,11739304,104674738,226679,10639438,11679414,109887968,17566254,423130
1635341394.2776396,11687573,104575121,728345506,11716188,104423898,229274,10457949,11632879,109094750,17493626,420837
1635341394.3777637,11623279,103613634,726878983,11689016,105161707,227086,10504066,11707001,110092145,17475744,428789
1635341394.4778872,9599046,85615450,600219113,9597683,86941363,189316,8588501,9519762,89704203,14386793,360282
1635341394.5780118,7464521,66947703,465079168,7376784,66270645,139378,6751560,7351469,67853161,11046470,282934
1635341394.6781368,4574707,39435758,280704605,4495075,39096767,81272,4154533,4621455,43959348,7067130,185799
