1635289168.4685707,3492148,34256254,228182078,3610305,34093011,77876,2559138,3481412,34574643,5236894,42183
1635289170.9717295,3582199,34297440,227914020,3647204,34165766,77959,2502767,3508194,34572186,5308944,60199
1635289171.0718513,3636395,33992947,227924157,3609465,33868468,69335,2439302,3924143,34620053,5234438,66689
1635289171.1719723,3553834,34598998,227571250,3602895,34517576,68806,2587502,3539837,35203634,5175009,60320
1635289171.372214,3600782,35036446,5334096,54356,3782929,35242573,227875083,3617191,34425142,63408,2637947
1635289171.4723382,3553238,35021169,5278260,44768,3583940,34534341,228115898,3671436,34637690,69593,2459221
1635289171.572461,3609430,35057180,5318982,67080,3627068,34574052,227856953,3603184,34632562,69038,2537541
1635289171.6725812,3521907,35140869,5374546,63126,3631563,34661578,228004875,3575462,34498696,69276,2472691
1635289171.772701,3395953,35119553,5434039,51257,3429556,33707184,228122295,3671419,34462932,68945,2330910
1635289171.8728209,3550777,35183319,5253747,63461,4081569,34490557,228113680,3515090,34014299,70182,2375281
1635289171.9729412,3530972,34849458,5287013,61543,3641295,34474944,227981294,3556503,34631456,70959,2503022
1635289172.0730617,3647862,34636161,228088283,3613453,34554402,71272,2532429,3549629,34912798,5080184,58104
1635289172.1731818,3582092,34596788,227920908,3618551,34504669,70391,2603641,3597176,36080853,5399580,51781
1635289172.2733016,3586383,34536618,228047291,3632302,34573303,70930,2654805,3598301,34957259,5281471,57249
1635289172.473541,3584966,35166041,5322457,55914,3702167,34245951,228021914,3637180,34462847,71232,2527691
1635289172.5736625,3531429,34864732,5286961,63190,3629584,34367751,227996085,3652002,34244259,70325,2610002
1635289172.673782,3477769,35005763,5296556,52593,3641611,34449026,228026506,3571212,34350204,69985,2518815
1635289172.7739022,3510373,35101167,5384179,66878,3637939,34438695,227874449,3740503,34368489,68405,2447680
1635289172.874022,3511136,34684208,5322712,60679,3507998,34086012,228075165,3554284,34460048,70960,2654529
1635289172.9741411,3602816,35076008,5307213,58723,3919081,34423618,227944416,3637843,34477066,70438,2405618
1635289173.0742605,3565639,35147413,5315031,65339,3750036,34217694,228024713,3633573,34325720,70438,2603568
1635289173.1743803,3572123,34406818,228017982,3620782,34324929,69023,2533329,3620068,34992086,5188061,69453
1635289173.2745,3627133,34273206,228111360,3632980,34307609,71280,2655501,3689877,36010460,5386131,57010
1635289173.3746192,3617058,34257533,228052508,3648038,34375719,70372,2362835,3498562,34837652,5240059,61977
1635289173.4747396,3756292,34633156,228113367,3624508,34332380,69948,2449237,3379309,34691508,5277770,56281
1635289173.5748584,3435248,34175594,228063011,3630986,34216053,69940,2563280,3610121,34984648,5290607,73376
1635289173.6749778,3685578,34301132,228087599,3632243,34347405,76515,2524390,3532547,35039231,5309016,51487
1635289173.775097,3635868,34420647,228135895,3733660,34250410,72078,2538597,3558002,34894202,5332509,65142
1635289173.8752153,3628552,34218548,228009794,3472448,34400980,73948,2645713,3687887,35054717,5226780,62515
1635289173.9753342,3600576,33996796,228042780,3661793,34271301,69796,2423550,3509233,34679675,5327394,59733
1635289174.0754542,3209388,34216572,228087988,3619469,34267871,70283,2339530,3543096,34836656,5333924,64688
1635289174.175574,3725501,34289002,227969028,3622390,34229459,69425,2507371,3593272,34959620,5315601,65769
1635289174.2756927,3591492,34307376,228098310,3647720,34159701,69165,2561165,3525528,34849675,5330880,64166
1635289174.3758163,3651212,34189707,228055833,3643787,34357341,69346,2548661,3588719,35048444,5274206,63368
1635289174.4759355,3635401,34315962,228033943,3646393,34290515,69874,2388496,3459510,34961185,5259438,63268
1635289174.576055,3557191,34179851,228094814,3658329,34325650,70482,2307985,3501574,34661384,5304199,59593
1635289174.6761866,3773510,34227980,228086892,3638908,34224874,70246,2466384,3549097,35097656,5323181,66352
1635289174.7763095,3749231,34053391,228040490,3628664,34276771,70145,2461972,3608422,35093966,5298250,65825
1635289174.8764303,3619010,34189962,228108204,3664623,34155454,71075,2557436,3533719,34888815,5361074,67921
1635289174.9765499,3630761,34215474,227971627,3575122,34128022,73172,2611314,3633142,34895642,5345212,64468
1635289175.0766702,3609005,34112597,228103366,3566215,34242945,69873,2638462,3632996,35269528,5316747,62675
1635289175.1767893,3372336,33687917,228072273,3697445,34259836,69239,2655738,3586104,35003747,5311291,72575
1635289175.2769213,3472530,34200594,228068364,3673077,34113848,70879,2649876,3502540,34965791,5328433,60526
1635289175.3770409,3699753,34384170,228051678,3660962,34434801,71884,2592150,3495277,35019177,5469005,82541
1635289175.4771602,3604655,34285494,228048574,3657949,34285971,70488,2597862,3384512,35135389,5669197,60354
1635289175.5772796,3620958,34343749,228048768,3680883,34303143,70618,2547684,3476333,34717143,5315591,68732
1635289175.6773984,3658547,34456252,228123547,3681697,34458194,70241,2409001,3366499,35049670,5392203,59878
1635289175.7775178,3496984,34376925,228078244,3710279,34249886,69992,2885973,3540051,35031434,5338819,52619
1635289175.8776364,3544799,34256873,228081512,3758501,34342953,73218,2510655,3520682,35176053,5350960,71660
1635289175.9777558,3653005,34428291,228047472,3715680,34203783,70581,2637619,3549786,35007228,5390848,67321
1635289176.077875,3772714,34276709,228061988,3680509,34414838,71080,2474814,3595484,34851023,5325593,65190
1635289176.1779938,3663862,34156262,228014836,3585105,34422736,71510,2513328,3647127,34968200,5353102,66649
1635289176.2781126,3824363,34423476,228122109,3732588,34323166,70686,2458681,3619115,35317332,5340397,68927
1635289176.3782332,3461939,34149389,228073560,3642527,34157911,73681,2519757,3547732,34824090,5405955,77045
1635289176.4783537,3693036,34379200,228072228,3683746,34153856,74133,2625102,3523868,34876046,5452616,68185
1635289176.5784733,3622123,34182316,228085102,3729708,34229360,74387,2472774,3593674,34869642,5118086,71841
1635289176.678592,3750744,34137095,228070198,3634945,34319650,73399,2675158,3653621,35449445,5452365,62217
1635289176.778716,3618184,34402971,228396211,3653390,34244824,72778,2410231,3538075,35103354,5366890,73594
1635289176.8788424,3604801,34427515,228378648,3691355,34318436,73352,2603242,3565865,34864934,5413627,69037
1635289176.9789662,3706138,34216408,228251661,3691717,34391524,69666,2624433,3574349,35049336,5373026,69291
1635289177.0790863,3688102,34253979,228185969,3652558,34276664,71660,2466690,3638546,35174951,5311863,63418
1635289177.1792057,3645612,34195238,228195786,3741718,34316304,69096,2706912,3733152,35344273,5447220,72831
1635289177.2793248,3783221,34107286,228149761,3683397,34271983,70859,2455059,3576697,34679071,5381463,63791
1635289177.379444,3795633,34057785,228288066,3564833,34321589,70462,2544123,3644133,35105472,5374868,70066
1635289177.4795637,3669215,34376419,228218175,3657998,34227954,70792,2629835,3516783,34861294,5328221,70203
1635289177.5796826,3685570,34296374,228193020,3706602,34219674,69827,2526449,3677386,35362331,5249096,66993
1635289177.679801,3622356,34211545,228270314,3649264,34167323,70018,2646734,3403905,34835871,5448304,67562
1635289177.7799194,3634048,34134215,228249108,3764307,34122634,71539,2508554,3623166,34751132,5411938,65604
1635289177.8800142,3596626,34392643,228277379,3622884,34151098,69045,2616084,3575798,35072734,5293654,77855
1635289177.9801335,3569519,34127530,228248936,3724907,34199675,69853,2478003,3630474,34992903,5373528,56725
1635289178.0802531,3692405,34232065,228212181,3643092,34125262,70235,2630911,3588082,35158163,5347669,58472
1635289178.1803722,3783877,34083772,228231275,3647618,34154903,70383,2555641,3580804,35029931,5382104,71280
1635289178.2804916,3627644,34279637,228218396,3678976,34109163,70177,2656928,3638103,35352349,5412950,73494
1635289178.3806117,3600254,34226109,228134752,3769349,33979151,71695,2327606,3647436,35194973,5344142,74901
1635289178.4807327,3789687,34018350,228231603,3548424,34360967,74153,2692052,3563048,34805238,5357241,59604
1635289178.5808523,3584506,33946894,228243028,3743668,34224057,73334,2476473,3576208,34788760,5482795,76397
1635289178.6809707,3556111,34178781,228213815,3789603,34103175,71240,2510118,3659586,35284468,5374649,69281
1635289178.78109,3652750,34117426,228234571,3705122,34067763,71800,2541672,3631124,34954121,5333772,69509
1635289178.8812094,3732271,34260146,228220577,3642179,34111141,69371,2622670,3554684,34494072,5331342,66522
1635289178.9813285,3797297,34113890,228351396,3624662,34265780,69726,2519684,3574044,34516467,5381079,71361
1635289179.0814476,3718556,33992614,228371442,3684852,34240151,70558,2446586,3437480,34769757,5407120,71773
1635289179.1815665,3561718,33991683,228214628,3765712,34115888,71523,2525748,3768059,34970714,5489388,76831
1635289179.2816854,3653389,34108678,228229148,3782794,34006280,71304,2536316,3656540,35098279,5427656,77355
1635289179.3818038,3624224,34173699,228139332,3783649,34086594,72112,2312922,3637265,35204648,5443887,71351
1635289179.4819236,3640272,34091418,228237885,3712878,34146249,69872,2314862,3654133,35044632,5349832,76942
1635289179.5820434,3778426,34065729,228192217,3674297,34008322,70704,2635031,3639173,35100252,5301452,77374
1635289179.6821632,3790613,34084136,228326013,3600128,34053821,71346,2620146,3650982,34958132,5365973,71630
1635289179.7822824,3670755,34051120,228231842,3668033,34094179,70300,2625476,3666376,35013433,5326332,66675
1635289179.8824027,3855323,34110031,228200676,3628834,34067371,70032,2660139,3625542,34773528,5354675,73247
1635289179.9825218,3824592,34117751,228279415,3639660,34038032,70008,2646710,3651620,34768295,5395538,65921
1635289180.0826397,3633841,34198869,228277512,3640162,34080950,70180,2629346,3652882,34905891,5325345,66647
1635289180.1827602,3797194,34049268,228294156,3639683,34154241,70064,2630036,3585161,34735191,5312579,89850
1635289180.2828817,3806788,34171262,228226560,3644650,34186909,70519,2557817,3540105,34801220,5370489,72951
1635289180.3830016,3773536,34060067,228334341,3651011,34041434,69137,2782937,3762384,35274976,5355971,62870
1635289180.483126,3670345,34154071,228280509,3745844,34111941,72896,2366327,3640215,35294029,5307873,70851
1635289180.5832474,3673811,34208218,228317548,3694274,34064317,70610,2249795,3662867,35184299,5407667,77250
1635289180.6833675,3573922,34186029,228306034,3979170,34232496,71081,2632331,3662926,35125057,5455876,74121
1635289180.7834864,3706534,34033272,228318279,3672243,34069026,70233,2434022,3656973,34935719,5455956,77315
1635289180.8836055,3790522,33961797,228311860,3732506,34188399,70661,2589105,3585570,34807562,5430709,76496
1635289180.983737,3818892,34144020,228332542,3645542,34163512,69632,2638928,3655730,34844394,5323301,72663
1635289181.0838633,3608989,34169794,228220654,3751757,34069558,70797,2399593,3653962,35370373,5382758,78182
1635289181.1839838,3996846,34155199,228182128,3799139,34071183,70793,2427041,3655094,34943222,5590319,73332
1635289181.2841032,3748182,34050935,228226944,3682557,34156694,69727,2647759,3539524,34755173,5290358,51033
1635289181.384424,3785898,34258374,228229006,3692757,34044324,70824,2603532,3728808,34969061,5507054,69051
1635289181.4845436,3653543,34076463,228184293,3785945,34179255,70784,2566868,3639674,35054296,5444005,79896
1635289181.5846627,3796199,34066408,228279829,3659763,34155032,70633,2651777,3665521,35043748,5433067,76416
1635289181.7849004,3635947,34699293,5374072,71444,3635066,34084680,228265913,3783648,33974872,71703,2634398
1635289181.8850193,3674286,35276439,5413846,75469,3787380,33967604,228159041,3784644,34034563,69848,2499996
1635289181.9851377,3582663,34683221,5447677,77322,3692459,34136698,228200032,3562411,33996774,69811,2641025
1635289182.0852563,3662676,34932988,5306625,69937,3752295,33969306,228248511,3830272,33894186,70682,2433765
1635289182.1853745,3672971,35087897,5396029,78994,3597752,34003749,228340981,3785875,34155020,68891,2621332
1635289182.285493,3612463,34864913,5397545,80014,3802493,33960473,228229569,3647737,34127466,69118,2652397
1635289182.3856115,3645766,35047284,5410100,79754,3809515,34126488,228264274,3779412,33966520,71492,2458684
1635289182.48573,3688627,33975555,228239078,3734427,34047680,70042,2641167,3594527,35170394,5529151,77993
1635289182.585849,3797164,33978740,228221018,3685193,34030210,70289,2586725,3499510,35056516,5467831,75775
1635289182.685968,3645593,34058745,228274578,3815973,34033910,71574,2623794,3660481,35097790,5430538,78533
1635289182.886213,3734365,34998083,5468115,77264,3799613,34044728,228402338,3680077,34226852,75133,2616283
1635289182.986361,3648443,34897192,5355815,81237,3752667,34039763,228271817,3853187,34100084,75212,2522004
1635289183.0864935,3667956,35082252,5458523,78138,3819385,34058482,228330044,3773917,34256954,73688,2645013
1635289183.1866794,3638319,34769822,5372969,70083,3688609,34059238,228245021,3749393,34068176,72378,2464626
1635289183.3370957,3669817,35008948,5477064,77861,3747091,33941475,228216796,3774641,34012816,70108,2630503
1635289183.4372172,3492095,34863028,5384731,69417,3806957,34153451,228263011,3728673,34005699,71098,2634651
1635289183.5373356,3635155,35096269,5372194,77032,3513994,34097953,228292186,3813264,34021483,69704,2570480
1635289183.6374545,3791680,34268640,228230978,3657291,34059322,70399,2626196,3695198,34981326,5392214,77389
1635289183.7375736,3672045,33861217,229317293,3769187,34295475,70935,2614111,3524977,35090028,5464855,80793
1635289183.8376925,3806782,34123788,228224784,3666519,34236014,70831,2623046,3786400,34921803,5503377,78193
1635289184.0379386,3658813,35101856,5382822,80623,3822321,33985569,228268594,3669876,34088455,71575,2441917
1635289184.1380663,3671330,34975986,5476834,78213,3821414,34123835,228189071,3785830,34092553,70337,2638735
1635289184.238193,3694249,35286088,5354547,65714,3789288,33972703,228145586,3784372,34114563,71267,2525721
1635289184.3383255,3700544,35015602,5452315,78263,3727000,34232197,228225322,3605315,34155631,70233,2637791
1635289184.4384465,3678341,34902832,5340485,75212,3731501,33998572,228274415,3837844,34169210,70995,2519996
1635289184.5385647,3672340,35195466,5455789,78214,3874004,34022001,228345186,3661892,34279791,70801,2646305
1635289184.6386828,3654422,34948183,5360995,81329,3816415,34056306,228176212,3801155,34159657,71120,2590059
1635289184.7388017,3701680,34037546,228226250,3729614,34090030,70825,2632874,3590853,34996485,5577158,79909
1635289184.8389194,3807324,34050824,228215132,3787000,33988212,71343,2467041,3428282,34461074,5382836,76234
1635289184.9390373,3664115,34041054,228181710,3808818,33971127,73161,2644769,3860992,35344676,5450117,78866
1635289185.139273,3495316,34593786,5380443,70112,3568568,34225660,228255912,3810892,34011612,74166,2638094
1635289185.2393913,3662835,35072944,5449762,75890,3814688,34101486,228262866,3703902,34101398,72803,2573091
1635289185.3395097,3592254,34750527,5428491,79091,3653656,34034114,228186501,3782421,34055446,73495,2652266
1635289185.4396274,3687577,34990841,5474443,80487,3821104,33961140,228227162,3554751,34300905,69854,2616759
1635289185.5397456,3645662,34806795,5447645,77933,3869279,34159218,228176391,3722273,34007297,70243,2635679
1635289185.6398625,3658168,35005349,5440165,78243,3355775,34026471,228239089,3803714,34078486,70808,2395032
1635289185.73998,3604031,34868532,5436086,75380,3816079,34022743,228235884,3644126,33948379,70653,2644689
1635289185.8400707,3601557,34046225,228189944,3795639,33973619,69838,2555889,3584266,34804806,5581590,79479
1635289185.9401906,3770574,34143170,228146867,3651779,33975701,69730,2640172,3679713,34987890,5390598,77583
1635289186.04031,3648793,34220899,228288033,3784999,34062607,70504,2637495,3499918,34871905,5400255,79895
1635289186.2405534,3730283,34851205,5481528,76074,3801990,34034298,228075230,3792349,34119770,71190,2655167
1635289186.3406744,3644636,35053569,5396601,79675,3792759,33974788,228015094,3651625,33975391,71548,2437256
1635289186.4407966,3614200,34814907,5456522,78212,3644979,33970942,228048242,3792498,34106338,69723,2616014
1635289186.5409224,3680790,35389028,5338090,72286,3812628,34094762,227962284,3796473,33924150,70444,2593963
1635289186.641044,3784116,35431871,5447851,76923,3726807,34081729,228120556,3579630,34111808,71024,2628230
1635289186.7411654,3640245,35346020,5385678,77974,3309599,34075032,228024399,3818150,34090311,70789,2381807
1635289186.8412879,3555711,34925559,5458753,76050,3733886,34171629,227978202,3668500,34080367,69628,2640005
1635289186.9414089,3649891,35196051,5472219,61536,3585841,34107763,228163633,3784638,34188415,71763,2595968
1635289187.0415373,3583112,34842141,5412286,83205,3842749,34059338,228015971,3682832,34157728,73776,2608319
1635289187.1416705,3672062,34879931,5483876,76472,3655415,34050990,228133502,3813952,34125525,73500,2636856
1635289187.241815,3817677,35443636,5503780,80740,3796994,34053791,228352213,3700080,34110271,74157,2393006
1635289187.3419511,3410201,34823098,5399627,76329,3474806,34121995,228381454,3819181,34154581,71099,2609593
1635289187.4420767,3755502,35398119,5474361,75558,3815999,34111039,228464451,3799146,33955912,71867,2624354
1635289187.5422072,3663981,35001453,5401077,75897,3634943,32586776,219070334,3571672,32733216,68005,2442057
1635289187.6423314,3528178,33215805,4978521,81717,3666724,34167577,228280235,3545575,33927962,70035,2626281
1635289187.7424548,3660924,34896620,5297317,77791,3791111,33833496,228241569,3787720,33897178,70180,2672532
1635289187.842578,3646413,34887053,5429133,85590,4170116,33795869,228332395,3689195,33973383,68667,2648964
1635289187.9427004,3649627,34660364,5375523,90225,3354999,33759141,228263424,3788354,33730811,70657,2606683
1635289188.0428216,3658861,34936020,5442985,79373,3777550,33823345,228392647,3814147,33825367,68860,2594362
1635289188.1429439,3578705,34692680,5506973,91453,3725850,33811150,228203080,3651227,33746644,68834,2620230
1635289188.2430658,3663432,34426783,5194806,83802,3637440,33756506,228219103,3795961,33751638,69601,2617927
1635289188.343187,3708036,36316713,5472283,84105,3778452,33673291,228283774,3641078,33758020,68800,2604868
1635289188.443308,3569144,34757710,5382813,85416,3802539,33946769,228334981,3793852,33769264,70536,2573737
1635289188.5434332,3688875,34750352,5322527,89784,3649890,33700119,228259324,3725345,34004878,70905,2645821
1635289188.6435554,3651403,35060117,5413026,86172,3807515,33808619,228290814,3668156,33820370,70495,2598950
1635289188.7436774,3546957,34577695,5404643,83628,3659631,33811919,228284599,3848374,33884544,70205,2564435
1635289188.8437989,3610090,35110030,5480626,86244,3800232,33821327,228284743,3763820,33818381,69699,2639045
1635289188.9439204,3643249,35092708,5433268,83906,3810533,33864649,228219946,3589092,33767292,68991,2647855
1635289189.0440419,3633467,35131899,5319441,84566,3728909,33881352,228242756,3793075,33847322,70148,2473018
1635289189.1441631,3638631,34953005,5418010,83161,3777285,33732657,228341672,3651157,33827412,72964,2631409
1635289189.2442846,3623233,34729151,5306523,73827,3789936,33968891,228320410,3792661,33752937,73700,2447045
1635289189.3444135,3646121,34915231,5398936,85243,3675876,33789609,228245511,3776072,33998836,72800,2656452
1635289189.4445407,3457109,34998282,5464720,83373,3809728,33820036,228364731,3713075,33913999,74472,2653729
1635289189.5446656,3630651,34419086,5329821,79637,3643562,33821685,228287405,3804438,33816391,69113,2531778
1635289189.6447875,3629952,34996510,5448544,85926,3792071,33767192,228300464,3649047,33787396,68114,2525604
1635289189.7449098,3587977,34746968,5419305,83760,3639951,33776680,228257507,3795672,33878419,71230,2605088
1635289189.8450353,3649715,34983978,5279621,82014,3777092,33838701,228275860,3719699,33899847,69505,2536014
1635289189.9451582,3645784,34872412,5445643,82846,3739410,34014688,228281372,3554289,33748565,68869,2652540
1635289190.0452812,3649797,34739611,5324901,80580,3539450,33888372,228431075,3921297,33833716,71554,2625528
1635289190.1454022,3657819,34918200,5419609,83412,3791446,33795924,228265327,3685507,33974040,69372,2629703
1635289190.245523,3575032,34500490,5340993,84969,3695890,33926899,228277819,3733882,33880730,70475,2563490
1635289190.3456442,3654942,34939700,5435107,83623,3773987,33867550,228403575,3802208,33841872,69669,2648518
1635289190.4457664,3595963,34861671,5512520,80843,3726915,33837362,228274530,3658699,33790370,68956,2599276
1635289190.5458891,3645000,34613955,5234178,88399,3797815,33822425,228565177,3817298,33888975,70322,2359693
1635289190.6460106,3589470,34999113,5638918,79193,3810506,33873855,228313224,3652519,33847638,70202,2714483
1635289190.7461317,3653010,34850383,5399369,85058,3740317,33920579,228310161,3774732,33829885,71369,2430501
1635289190.8462534,3615884,34906558,5360239,73020,3812275,33746236,228319803,3638453,34001301,68239,2601136
1635289190.946375,3667950,34966192,5419638,84214,3773078,33822257,228225723,3724080,33761738,70902,2566645
1635289191.0464954,3642991,34677498,5317783,82622,3624033,33778637,228232128,3908592,33929227,71866,2360421
1635289191.1466172,3635673,35051677,5411714,84341,3787074,33616715,228315146,3787434,33861764,69016,2614532
1635289191.2467382,3540289,34891975,5324101,73878,3626389,33718101,228268984,3559530,33593568,68605,2644171
1635289191.3468597,3619756,35250689,5372223,75178,3738074,33847790,228204558,3791686,33722247,69244,2513812
1635289191.4469812,3559399,34849015,5420790,75798,3642742,33824313,228364298,3649353,33801731,72831,2647867
1635289191.5471034,3637929,34803575,5271222,87986,3733689,33975318,228313493,3779404,33820361,74533,2631638
1635289191.647225,3661548,34801592,5438556,79720,3828083,33753047,228245552,3637577,34057175,73656,2623365
1635289191.7473457,3639464,34850567,5419888,82868,3800724,33837043,228319988,3798333,33856412,70634,2571865
1635289191.8474667,3633346,34621437,5323599,93756,3676059,33792382,228300242,3729428,33804610,70233,2586611
1635289191.9475873,3637864,34926155,5460519,84963,3810251,33834486,228282126,3727928,33779132,71153,2704089
1635289192.0477085,3618825,34713932,5421061,84273,3652513,33798347,228278977,3799252,33841336,73061,2333588
1635289192.1478302,3691707,35092335,5435902,85405,3795522,33901467,228251992,3725719,33843097,70360,2810068
1635289192.2479506,3549844,34459823,5376322,83111,3812563,34066324,228211816,3526945,33616759,70786,2632913
1635289192.3480723,3654234,34863454,5406406,85242,3752414,33794942,225861551,3970943,33508072,70996,2428668
1635289192.448193,3561299,34234828,5376414,72930,3608548,31599409,221262656,3518883,32577164,69579,2551490
1635289192.5483177,3492937,33533089,5067711,85001,3576315,33563070,228134505,3789902,33708927,71530,2427726
1635289192.6484408,3654718,34688648,5404213,89958,3855977,33720865,228277661,3765685,33653936,71475,2637078
1635289192.7485633,3409773,34113223,5360245,88232,3678001,33678724,228299425,3663470,33612146,71174,2632284
1635289192.8486848,3673596,34409959,5295903,84615,3820285,33729549,228346812,3811841,33664708,71044,2438470
1635289192.948805,3683760,35002029,5458188,98674,3785189,33656610,228221691,3649131,33705661,69933,2537076
1635289193.0489264,3405149,34159460,5362678,90976,3800916,33746175,228211101,3711280,33655919,70541,2696590
1635289193.1490471,3802120,34433463,5315400,86241,3665464,33554446,228231015,3788604,33761690,71414,2496876
1635289193.2491672,3648011,34894222,5407408,92574,3795700,33634440,228242618,3668365,33634647,71164,2690690
1635289193.3492885,3726978,34664656,5464665,90792,3800348,33581089,228298455,3779352,33699919,71001,2660401
1635289193.4494164,3650735,34817769,5342848,94718,3643730,33598285,228499004,3730856,33647744,70747,2538738
1635289193.5495481,3675573,35050203,5445573,89857,3808514,33766735,228356411,3785030,33641628,70109,2624006
1635289193.6496718,3520040,34501693,5476810,89948,3555401,33639292,228255240,3652810,33658940,70236,2615632
1635289193.749793,3652710,34746136,5377575,88310,3769753,33688061,228189050,3794096,33692992,70244,2647757
1635289193.8499155,3646571,34761503,5436123,91193,3780086,33643349,228213383,3642289,33842446,73706,2609335
1635289193.950016,3626565,34417420,5265138,84240,3800696,33683882,228245981,3715564,33705764,74805,2638674
1635289194.0501375,3584189,33626679,228281936,3805984,33799577,73740,2521001,3600101,34773020,5452989,95614
1635289194.1502604,3806216,33698496,228269915,3660133,33716387,74039,2637927,3567883,34334818,5416396,90555
1635289194.2503824,3740704,33679038,228245271,3806703,33677607,71244,2383214,3685299,34663689,5297434,88086
1635289194.4506261,3646047,34830184,5428663,90741,3758817,33815095,228375995,3732346,33744588,70277,2648175
1635289194.5507479,3523131,34276416,5342127,79237,3682310,33722109,228312034,3558847,33593475,70783,2634719
1635289194.6508687,3653424,34740938,5363881,81054,3803935,33692595,228312409,3766044,33874886,71852,2511527
1635289194.7509902,3661779,34635746,5427685,91729,3770130,33572795,228306600,3698938,33865772,71082,2627400
1635289194.8511114,3603491,34126545,5335276,88801,3871195,33887627,228285079,3738480,33619040,71934,2413421
1635289194.9512324,3675458,34801667,5426410,91063,3697605,33774744,228222970,3796471,33692207,71358,2325448
1635289195.0513537,3575817,34452725,5509493,89662,3796394,33706126,228225842,3648787,33661697,70777,2642631
1635289195.151475,3775311,33843985,228240473,3804654,33677324,71903,2489797,3685257,35273116,5371708,90401
1635289195.2515957,3653764,33783806,228262045,3778637,33753121,71608,2657293,3489982,34492693,5443990,90088
1635289195.3517184,3794206,33772047,228341260,3628207,33876246,71777,2613546,3435833,34169295,5516286,87309
1635289195.5519629,3651921,34748560,5396556,92092,3809009,33589347,228254899,3681797,33920805,71610,2551743
1635289195.6521072,3662399,34521284,5417239,90664,3809887,33760114,228376158,3695095,33665058,70890,2624826
1635289195.7522407,3653479,34492467,5326443,91393,3655594,33671554,228295855,3826962,33687180,71037,2544213
1635289195.8523703,3649938,34972237,5419546,94621,3794982,33842427,228058842,3763590,33653252,71742,2638061
1635289195.9524953,3693707,34637214,5401034,90587,3525669,33604280,228107223,3650262,33666852,70224,2652351
1635289196.0526216,3626947,34745724,5321713,88235,3775674,33823613,228051196,3779833,33613413,71853,2618022
1635289196.1527467,3640668,34904864,5400224,91514,3397564,33647218,228126334,3765193,33816158,71166,2611740
1635289196.2528718,3798578,33728654,228054654,3650420,33664473,70627,2618009,3633016,34886450,5383366,90378
1635289196.353,3656343,33733359,228112201,3810544,33865292,70675,2471549,3348484,34792560,5293784,87755
1635289196.4531314,3790605,33649733,228137815,3668592,33749770,74941,2666141,3697657,35074316,5428394,91004
1635289196.6533816,3561172,34288372,5353520,85858,3714301,33940898,228077133,3812656,33690362,77677,2628487
1635289196.753507,3651033,34812623,5414541,89790,3799607,33745196,228068809,3689929,33792944,73853,2458619
1635289196.8536363,3579123,34373629,5432063,91471,3738035,33745989,227939838,3643016,33672303,73123,2641350
1635289196.953763,3670060,34586097,5303668,84990,3645727,33676244,228083680,3989484,33809650,71186,2462224
1635289197.0538898,3641860,34701960,5402266,91140,3708099,33488725,228040900,3687539,33797087,71172,2640477
1635289197.1540182,3551292,34358612,5359121,90646,3977032,33766785,228231953,3636289,33778791,70094,2634929
1635289197.2541423,3668556,34928758,5345858,91107,3801777,33719641,228030082,3803068,33724188,71478,2464840
1635289197.3542712,3765325,33646598,228173856,3665413,33863865,71707,2615520,3642071,34473515,5485092,89880
1635289197.454398,3794889,33829575,228064790,3724751,33616302,72053,2525055,3278928,33871701,5358469,87992
1635289197.5545304,3659970,33700206,228045292,3777889,33744445,71624,2646397,3950399,34837551,5441099,92619
1635289197.7547798,3731321,34566711,5480336,89834,3784284,33755517,228015400,3796393,33642495,71989,2632949
1635289197.8549058,3648783,34690577,5343275,95527,3589288,33655110,228060472,3862387,33719592,71360,2557913
1635289197.9550297,3681550,34901010,5438267,90890,3788501,33734272,228023935,3569266,33583681,70354,2607025
1635289198.0551517,3545595,34461166,5501531,91218,3623604,33858119,228044940,3796471,33716403,70664,2624592
1635289198.1552794,3651349,34730470,5319957,88877,3625631,33528073,228096584,3730631,33767490,70879,2630675
1635289198.2554069,3632760,34810647,5405074,90912,4305489,33848699,228071641,3668019,33747470,70441,2609401
1635289198.3555355,3609086,34430628,5304199,81031,3791606,33770760,228090251,3664152,33799823,72172,2620589
1635289198.4556606,3574778,33720619,228113542,3805920,33872760,71257,2500398,3599209,34582578,5633935,96788
1635289198.5557938,3803141,33686782,228050888,3652022,33717093,71144,2630120,3361802,33855811,5357072,90662
1635289198.6559172,3775752,33760056,228069258,3806880,33637053,72006,2322967,4654091,35063147,5299388,88867
1635289198.8561661,3657350,35031822,5431735,90187,3794236,33748160,228123856,3653932,33651921,70207,2467914
1635289198.956289,3547181,34494088,5380131,90801,3817547,33881103,228046757,3796174,33704059,70737,2639938
1635289199.0564137,3633950,34899707,5284576,78060,3714315,33699461,228059490,3695010,33713520,71186,2499674
1635289199.156538,3637838,34869584,5424555,90643,3805059,33693807,228032490,3769551,33848420,73810,2627945
1635289199.256663,3408148,34207709,5471042,86756,3711315,33693079,228110224,3563944,33708837,73821,2648608
1635289199.35679,3667423,34781732,5370099,92540,3105906,33556286,227987789,3809839,33784184,73578,2502020
1635289199.4569204,3687233,34824420,5421382,91362,3778345,33584982,228107959,3662664,33776225,75610,2633452
1635289199.5570476,3656931,34479861,5328455,89863,3793379,33705210,228171330,3743733,33691434,74875,2576399
1635289199.6571753,3653539,34640420,5364587,91165,3643619,33685336,228105836,3789421,33694561,71439,2620911
1635289199.7573059,3709672,34223695,5364025,96584,3792313,33676714,228239802,3630168,33719556,70755,2615862
1635289199.8574362,3441807,34588152,5435101,89292,3689744,33770766,228370133,3791235,33829582,71245,2929165
1635289199.9575593,3683103,34825096,5373241,86827,3349026,33571275,228167704,3798399,33744786,70496,2456039
1635289200.057681,3677483,34556706,5428500,91776,3799077,33757428,228376846,3647076,33724472,69271,2724815
1635289200.1578023,3567414,34351464,5409545,91415,3649984,33845913,228388796,3729744,33701982,72040,2533524
1635289200.2579231,3674138,35031417,5252322,87902,3716828,33719355,228309875,3903551,33807470,72213,2425385
1635289200.358044,3648437,34814718,5445961,91200,3787663,33892605,228399974,3564896,33701198,70520,2624779
1635289200.4581676,3515616,34349921,5372602,84474,4314673,34115971,228442672,3715148,33663726,71621,2632159
1635289200.5582888,3642746,34691357,5431385,91506,3333303,33612126,228168165,3787155,33823225,70532,2436086
1635289200.6584098,3623387,34421768,5437923,86687,3987244,33736762,228108098,3634825,33770850,71504,2627046
1635289200.7585309,3645287,34576146,5328719,85273,3715384,33739068,228360643,3790740,33666887,71793,2454902
1635289200.8586512,3678395,34815755,5188880,93814,3648037,33618387,228158564,3806715,33691354,70846,2630663
1635289200.9587712,3717765,34524266,5490598,88646,3795990,33761852,228411934,3648131,33715572,71158,2792846
1635289201.0588915,3640540,34917048,5379658,90790,3806344,33868359,228458310,3808718,33738856,70602,2385550
1635289201.1590114,3616659,34571010,5327420,90774,3634183,33737281,228384322,3740686,33752699,71260,2628110
1635289201.259132,3659626,34878521,5421521,90692,3806496,33762590,228364163,3650504,33736343,72164,2595393
1635289201.3592525,3540396,34347702,5461356,91522,3639926,33643971,228322956,3795907,33776050,69881,2640950
1635289201.4593744,3648448,35090854,5413139,84500,3808281,33668274,228200982,3558913,33794948,71499,2607215
1635289201.5594954,3636032,34898107,5435713,90899,3822392,33709854,228472512,3777062,33522043,69532,2598734
1635289201.6596313,3560566,34621551,5345271,81168,3303729,33570680,228228203,3714577,33643132,72083,2636907
1635289201.7603505,3627490,35054729,5451834,97577,3801968,33916194,228971222,3833102,33816486,71321,2498101
1635289201.91056,3529221,34777082,5447710,91077,3911417,33728802,228226368,3663852,33705715,73831,2630093
1635289202.0106876,3655611,34305724,5315882,90921,3708869,33795005,228096399,3760784,33642720,74044,2327831
1635289202.110815,3665584,34551242,5345060,86438,3722581,33605037,228112699,3779564,33826018,74557,2277876
1635289202.2109427,3628584,34731517,5598186,90238,3804506,33649783,228021144,3654339,33751435,74435,2543121
1635289202.3110697,3462980,34184646,5361644,89692,3804200,33661984,228079136,3807510,33684446,70182,2615226
1635289202.4111962,3679136,34744746,5347292,89580,3645261,33714113,228149219,3815464,33737901,70781,2441763
1635289202.5113316,3673136,34866127,5432326,82745,3796425,33760997,228081599,3743775,33835522,70093,2685534
1635289202.6114616,3532589,34365475,5404785,89421,3572474,33879897,228005120,3571891,33685947,70484,2634451
1635289202.7115874,3651942,34760934,5327822,92899,3593219,33741803,228160223,3887627,33819834,71523,2626697
1635289202.8117115,3669816,34675972,5429076,90091,3682347,33661819,228076151,3676686,33792402,70931,2626585
1635289202.9118414,3547374,34511332,5334120,89735,3803096,33816269,228072312,3641155,33746781,71782,2643249
1635289203.0119655,3659251,34729075,5329585,88122,3570128,33739938,228121750,3802711,33697844,71242,2484811
1635289203.112095,3675889,34760128,5306374,90460,3874017,33717580,228081021,3666992,33764728,69988,2623772
1635289203.2122216,3555364,34601033,5442366,84853,3805509,33765433,228077805,3685148,33623387,71566,2600495
1635289203.312349,3612669,34461532,5296539,87860,3811512,33837313,228138931,3808017,33802825,70003,2497129
1635289203.4124737,3726510,34610397,5433840,89828,3784135,33938801,228172544,3660291,33777008,69084,2616602
1635289203.5126102,3607542,34574239,5425200,82594,3778013,33825159,228103584,3759699,33742436,73172,2479485
1635289203.612735,3660038,34545902,5316679,84973,3651499,33697162,228010693,3855212,33750477,72430,2530622
1635289203.712864,3660367,34775819,5435928,91255,3800160,33707265,228017731,3578895,33708310,70180,2613266
1635289203.8129869,3657207,34631369,5410297,90812,3806177,33750272,228129714,3806145,33738312,70149,2635949
1635289203.9131134,3661372,34879017,5329980,92546,3600778,33597190,228081112,3759762,33695765,71269,2532087
1635289204.0132413,3638475,34966426,5408252,90072,3779808,33764073,228055837,3795145,33667690,71085,2613325
1635289204.1133704,3551630,34437604,5424806,91046,3573876,33793833,228124526,3652498,33702564,69412,2631803
1635289204.2134984,3625754,34995891,5305601,87667,3761209,33816048,228072567,3785612,33809816,71253,2609959
1635289204.3136249,3633400,34988181,5404735,90777,3729354,33646908,228136092,3690316,33839235,70011,2652856
1635289204.4137537,3555975,34295311,5301751,88777,3807765,33900302,228179462,3682112,33597083,70876,2632047
1635289204.5138867,3626074,34895079,5429960,78838,3617028,33718677,228087531,3813627,33706759,70271,2544520
1635289204.614016,3630048,34846512,5415502,89329,3810334,33640230,227971680,3654237,33707255,70980,2507722
1635289204.7141442,3604454,34740964,5424755,91149,3783190,33730062,228049079,3757614,33714094,76588,2708943
1635289204.814274,3674666,34450392,5316918,88711,3677691,33784813,228031293,3774730,33627241,75136,2279649
1635289204.9144027,3669135,34793691,5440647,91346,3779242,33777550,227890086,3785356,33848623,73593,2315966
1635289205.014526,3576158,34390060,5454143,90196,3800325,33613109,228086741,3568439,33752038,73653,2642731
1635289205.1146533,3670132,34637627,5330305,91225,3761759,33718186,228375993,3796219,33800386,72536,2516495
1635289205.214776,3651798,34788968,5417209,91610,3575815,33638662,228399129,3806660,33732285,70759,2626904
1635289205.314899,3564968,34391284,5423952,89684,3800601,33684108,228469488,3653634,33703003,69780,2622597
1635289205.415022,3698119,35005301,5403853,90851,3643320,33844663,228236915,3796090,33765311,70508,2586392
1635289205.5151489,3693797,34445817,5206649,108700,3711726,33517996,228186817,3695342,33695041,69885,2640373
1635289205.6152709,3618741,34660641,5494025,74281,3780954,33920801,228463750,3692049,33707994,72543,2611349
1635289205.7153945,3629354,34666289,5369845,90340,3654601,33714038,228137878,3785722,33777830,71223,2520805
1635289205.815517,3636923,34587843,5437643,93197,3803324,33755648,228381998,3652111,33823503,69253,2896338
1635289205.9156377,3644637,34801058,5417775,91216,3718769,33711883,228371360,3700652,33541340,71909,2262365
1635289206.0157704,3678179,34422865,5354182,88117,3428854,33603264,228361140,4018403,33686117,71240,2618706
1635289206.1159027,3687448,34965652,5445818,90893,3794029,33661532,228161218,3568607,33674309,70896,2548192
1635289206.2160335,3583619,34516983,5401156,90747,3678258,34025102,228105922,3732729,33662639,69796,2629782
1635289206.316163,3649705,34822164,5251681,86117,3561593,33559245,228002156,3804799,33705028,71769,2454847
1635289206.4162905,3662550,34752345,5408073,89767,3864770,33828218,228089348,3729905,33869981,70835,2633849
1635289206.5164275,3511845,34240811,5355171,88481,3694024,33758153,228076404,3635645,33732045,70611,2632007
1635289206.6165557,3659499,34683020,5326642,95068,3822602,33761410,228058641,3799826,33822949,70734,2433104
1635289206.71668,3632509,34655622,5475748,66975,3794167,33657679,228145378,3653573,33722577,71571,2659984
1635289206.8168066,3680561,35045583,5379010,90761,3777037,33727063,228108571,3800928,33641642,71674,2453574
1635289206.9169328,3599306,34479357,5312128,84656,3654471,33686214,228064526,3814495,33748001,71306,2586979
1635289207.017059,3633255,35191600,5454688,90932,3794427,33732617,228063129,3655952,33578210,70488,2196807
1635289207.1171868,3533360,34537487,5373518,89881,3781107,33893002,228151607,3774809,33660025,70578,2652686
1635289207.217313,3643302,34798556,5327547,90913,3740823,33622909,228141186,3639267,33615109,70884,2454707
1635289207.3174431,3675964,34815231,5425089,90555,3799017,33660180,227924356,3760626,33810982,74522,2636112
1635289207.417568,3559929,34494824,5427898,90606,3674827,33696704,228138670,3714765,33781715,74706,2545134
1635289207.5176995,3634863,34862010,5426793,92702,3707655,33716964,228136905,3819196,33781870,73903,2635852
1635289207.6178288,3765068,34833099,5487591,90469,3811432,33698941,228043387,3653650,33715979,73342,2622221
1635289207.7179544,3639196,34798489,5400640,94851,3797764,33671593,228034299,3805627,33652915,72134,2614525
1635289207.8180797,3559848,33736011,228099033,3807743,33784542,70596,2580159,3617799,34783958,5461442,91341
1635289207.9182048,3795169,33777624,228005679,3629905,33749635,70642,2641564,3478897,34280677,5431935,90341
1635289208.0183334,3659293,33800916,228048335,3779587,33900101,69896,2505558,3641342,34799620,5245974,89098
1635289208.2185922,3632910,34698609,5403541,91096,3799527,33735653,228109527,3736036,33741766,69263,2628810
1635289208.3187237,3548273,34353483,5364573,79307,3645245,33696707,228034502,3559673,33576359,71288,2627672
1635289208.418848,3670442,34882846,5395001,82008,3735637,33014996,228194442,3799075,33878363,72409,2496226
1635289208.5189736,3609728,34521940,5430704,90982,3746837,33623097,228098293,3694899,33736065,70831,2632351
1635289208.6191006,3586237,34172378,5344904,88186,3839760,33955260,228067833,3707987,33610397,71658,2446837
1635289208.7192233,3660430,34683693,5428037,90831,3650110,33863682,228045448,3792763,33788696,71134,2243986
1635289208.8193448,3564590,34314301,5500812,90246,3799509,33604356,228073071,3636513,33705441,71085,2623772
1635289208.9194653,3807748,33715988,228081478,3803789,33483374,71373,2485756,3709956,35293554,5349604,88473
1635289209.0195887,3647386,33640349,228072088,3816068,33729948,70686,2632102,3486261,34362575,5422810,91355
1635289209.1197097,3798998,33668974,227997676,3656312,33626181,70492,2602766,3517149,34383577,5429526,88481
1635289209.3199503,3663615,34859293,5321097,94405,3591641,33964969,228110741,3802602,33993839,70161,2618277
1635289209.4200742,3697807,34689603,5346098,90984,3848565,33931731,227987289,3604467,33824628,71271,2639396
1635289209.5202012,3639409,34651248,5369716,91828,3694481,33890144,228088219,3934084,34122148,72116,2568535
1635289209.6203227,3660923,35022258,5488077,93102,3881559,33963632,227942474,3785128,34012667,71758,2657126
1635289209.7204432,3584509,34664724,5473484,90624,3611445,33935942,228078129,3696831,33888175,70348,2641649
1635289209.8205647,3660650,35003868,5424008,94296,3851079,33877178,228080033,3845978,33913287,70918,2428698
1635289209.9206877,3602717,34906620,5494850,90488,3842443,33890866,228151804,3703178,33871326,73386,2656417
1635289210.0208113,3551256,26868032,227954886,3646023,26947627,76650,2433338,3974722,28944415,1881459,81668
1635289210.1209319,3610300,32152507,228066341,3759690,33416851,74211,2505309,3217254,32918410,5022801,85060
1635289210.2210526,3725092,33948218,227902636,3841687,34034645,70989,2654118,3690381,35166079,5484038,92087
1635289210.4212937,3477702,34482048,5402655,85571,3795362,33993228,227898630,3856100,33987044,70361,2646115
1635289210.5214183,3708191,35347230,5487751,91420,3859843,34043958,228074395,3795030,33985470,70940,2562989
1635289210.6215405,3601101,34697654,5475862,92055,3688613,34090544,227888317,3644625,33987339,70331,2645694
1635289210.7216613,3679097,35030553,5421822,88909,3841498,34007552,228016639,3851636,34048591,71117,2595964
1635289210.8217833,3699911,34967314,5466269,91824,3439827,34034718,228042317,3707357,34001837,70561,2624312
1635289210.9219043,3684473,35032179,5349942,95182,3911625,34146097,228083817,3826218,34065780,70974,2611637
1635289211.0220256,3692125,34941850,5460785,91897,3862354,33994381,228113379,3716062,34069548,70913,2624031
1635289211.1221468,3842002,34031213,228016255,3854977,34033834,72039,2514459,3695208,35035692,5230315,92041
1635289211.2222667,3796442,34034624,228030603,3756486,34061284,70365,2654095,3500992,35039048,5500290,92047
1635289211.3223875,3849434,34066193,228082420,3852763,33969672,71434,2304347,3697105,34774711,5381991,88622
1635289211.5226324,3701306,35368602,5464814,89615,3841116,34172795,228157381,3734873,33966093,70307,2625623
1635289211.6227539,3582015,34764531,5365215,79109,3631040,33916103,227970080,3766791,33881268,72119,2627998
1635289211.7228749,3663637,35200577,5461994,96347,3859401,33936343,227872608,3807714,34074329,70534,2567918
1635289211.8229954,3579606,34740181,5456212,91356,3690859,33980361,228020888,3831559,34031911,71100,2633376
1635289211.9231155,3660816,35067173,5351678,88930,3694315,33808207,228017142,3761071,33965181,71152,2656504
1635289212.0232358,3697709,35272706,5463545,90743,4353768,33946750,227644310,3692813,33923490,74120,2677061
1635289212.1233563,3664850,34863644,5343157,95999,3837341,33946354,228029015,3853782,33237025,74244,2658538
1635289212.2234774,3603886,33974469,228045098,3850912,34004325,73351,2633948,3572339,34667734,5744459,93661
1635289212.3236144,3846358,34060839,228175746,3676895,33964971,75638,2641897,3756642,34971846,5376368,91681
1635289212.4237375,3699815,33914651,228115030,3828392,33519846,70385,2591832,3549094,34936720,5479779,88225
1635289212.6239858,3767933,34929502,5496583,91085,3858116,33999009,228094055,3860913,33944808,72703,2623818
1635289212.724107,3682643,34998001,5369456,91736,3855961,33972235,228097314,3730973,34109836,70701,2444543
1635289212.8242278,3717903,35050467,5471097,91816,3782984,34086982,228077158,3844437,33971621,70757,2653996
1635289212.9243486,3677896,35008148,5322377,86079,3779456,34041289,228021662,3703877,33903971,72657,2453602
1635289213.0244691,3695995,35022194,5466235,91073,3867501,34138910,228022778,3826881,34038349,71207,2644611
1635289213.1245904,3612321,34430296,5383552,86913,3421161,34150833,227835255,3803931,34001085,73496,2647585
1635289213.2247112,3673983,35055849,5472082,92128,3389198,33966651,227937063,3847614,34131007,72288,2647289
1635289213.3248315,3853233,34028705,227989374,3729517,33955272,72130,2597170,3666456,35078203,5468332,93315
1635289213.424952,3694142,34008618,228047907,3856347,34027115,71411,2673214,3609446,34364246,5441319,87052
1635289213.5250766,3850143,34037031,228076489,3704543,33934008,71869,2631069,3348742,34974278,5439317,90909
1635289213.6251976,3788239,33969877,228012552,3847315,33999730,71963,2847860,3698910,35437671,5455657,92409
1635289213.7253187,3840298,33988764,228097401,3702144,33991611,73577,2284266,3594117,34830317,5469566,92467
1635289213.8254402,3849103,34101684,228093113,3840719,33994117,72143,2670953,3663808,35122320,5329222,79048
1635289213.9255602,3844389,33917520,228095992,3626248,34093977,72234,2533216,3691720,34986901,5491004,91748
1635289214.0256808,3832438,34026555,227908042,3765681,34036475,71627,2647648,3661807,34768646,5352799,88378
1635289214.1258006,3712014,34017230,228085772,3987980,34057389,74297,2351598,3678413,35177343,5481144,91837
1635289214.2259207,3390746,33817152,228058835,3735830,34010869,75247,2658849,3618963,34886353,5386964,79706
1635289214.326041,3838104,34083436,228238211,3799570,33977669,76027,2665082,3688147,35245819,5486974,79082
1635289214.42618,3832322,34154372,228481342,3851175,34106026,75845,2652486,3567654,34736380,5645113,91711
1635289214.5263379,3733341,34116248,228329544,3694564,34065801,74662,2667590,3706615,34731056,5232758,87464
1635289214.6264706,3704606,34071941,228147220,3826945,34048190,71013,2694150,4074821,35785627,5654478,94856
1635289214.7265983,3867270,34079125,228083750,3680025,34040412,72358,2421137,3469740,34749780,5417247,91681
1635289214.8267229,3853828,34010432,228107002,3848510,34188562,72255,2590237,3767598,35194609,5364375,91939
1635289214.9268498,3858472,34007120,228319996,3700651,34085063,70741,2639568,3697027,34955735,5456957,92111
1635289215.0269766,3810427,34101977,228434249,3737153,34008672,73424,2579143,3699655,35023746,5339727,85568
1635289215.1271033,3779606,33975662,228354279,3943408,34119636,72684,2481755,3684475,35314547,5471782,91236
1635289215.2272274,3840757,34119032,228402610,3831904,34027956,70625,2670234,3581160,34554034,5412566,85887
1635289215.3273513,3461177,34207542,228207089,3742055,33957214,72234,2673571,3663026,35120503,5469470,91685
1635289215.4274795,3794613,34257349,228422804,3838028,34057766,71225,2653475,4459998,33230066,4071312,93709
1635289215.527613,3608206,34065932,228331864,3677324,33963370,71404,2631553,3684770,35091184,5295358,96141
1635289215.627741,3806320,33909640,228079536,3829339,34018944,71941,2591773,3689490,35121055,5709959,85458
1635289215.7278724,3832118,34023103,228424488,3704806,34036560,70630,2645865,3719454,35030163,5461855,90591
1635289215.8280017,3635219,33975963,228126712,3840169,34026039,72003,2605739,3733583,34833402,5293211,92253
1635289215.9281278,3837291,33867494,228453344,3703459,34068570,71474,2623101,3669507,35414653,5458876,89943
1635289216.028253,3829434,34125443,228220619,3854608,33980891,72597,2586013,3674696,35071942,5369093,90464
1635289216.1283767,3712814,33986840,228060597,3788586,33913917,74025,2530417,3683391,35144333,5446480,91424
1635289216.2285023,3843951,33988258,228216626,3778695,34109467,71143,2682054,3489756,34573564,5481533,87265
1635289216.328629,3767129,34207299,228385034,3671668,34016476,72374,2549871,3692304,35143554,5459878,91773
1635289216.4287555,3845238,33874479,228164258,3824525,34111600,74004,2505575,3587519,34783885,5421151,91781
1635289216.5288825,3834262,34099675,228485655,3731848,34026304,73924,2664959,3689967,35339962,5436061,86275
1635289216.629009,3610487,33876888,228092699,3849226,34079921,73914,2547721,3600195,34913502,5466872,88581
1635289216.7291403,3842878,34128140,228519453,3711010,34063498,74499,2684474,3673665,35164159,5397739,91048
1635289216.8292673,3730521,34143180,228254006,3856506,34077689,71878,2653405,3663682,35491436,5397546,92935
1635289216.9293916,3832062,34031912,228065900,3690683,33980668,71452,2635155,3612322,34613460,5377604,88393
1635289217.02952,3843037,34085049,228414626,3823440,34128190,72441,2659143,3817861,35522837,5423623,95313
1635289217.1296468,3780983,34036638,228244837,3738478,34148063,72450,2477220,3616471,34931358,5456380,91120
1635289217.2297761,3853240,34069340,228107838,3819773,34029128,71625,2682053,3639232,34749071,5395224,91153
1635289217.3298998,3693517,34069002,228463057,3920171,34251968,71863,2536361,3703644,35243717,5441260,92646
1635289217.4300182,3849747,34110177,228233573,3610703,33915891,71256,2679454,3451853,34788837,5375706,84377
1635289217.5301502,3777026,34218777,228365457,3857127,34091805,72692,2659265,3677194,35222565,5460638,90896
1635289217.6302772,3813067,34234352,228335213,3792242,34069929,71766,2515894,3603353,34713766,5457066,90175
1635289217.730406,3648051,34175600,228154342,3700811,33956133,71945,2649608,3689068,35094236,5336643,89144
1635289217.8305352,3834469,34089829,228415494,3823934,34130510,72825,2537128,3673701,35143876,5460368,91782
1635289217.93066,3815798,34030266,228256327,3692395,34099851,71086,2644307,3682402,34559574,5328043,90209
1635289218.0307844,3751402,33972549,228080043,3851329,34018451,72471,2649178,3692777,35649796,5448511,88114
1635289218.1309092,3645090,33953494,228446772,3771035,33983873,70844,2661371,3684971,35373390,5438637,91284
1635289218.2310371,3849434,34041278,228301256,3792036,33996046,72234,2523582,3583849,34788590,5373199,92119
1635289218.3311663,3683638,34033665,228489416,3855168,34150701,73275,2637644,3685785,35320655,5471132,92386
1635289218.431292,3823237,34186214,228483157,3711095,33966914,71716,2885154,3449028,34576466,5514231,87575
1635289218.5314198,3796826,34089393,228049564,3641607,32671266,73781,2378255,3677330,35115611,5447426,92219
1635289218.6315517,3430799,33939781,227800334,3651575,29873982,70063,2712049,3652576,35267883,5446578,92359
1635289218.7316766,3840680,33932827,227980369,3791119,34170873,75015,2687441,3554975,34780415,5397269,90207
1635289218.8317986,3790743,33990707,227994781,3735617,33942868,75787,2644613,3693171,35288463,5459924,94793
1635289218.93192,3608100,33994037,227902187,3850770,34117026,76009,2659340,3670898,35069753,5451023,90630
1635289219.0320423,3839095,34120876,228126788,3703012,34053416,74745,2687441,3663783,35213925,5407010,90671
1635289219.1321647,3793579,34068747,228110386,3849522,34139007,72680,2440547,3634982,34994774,5439564,102823
1635289219.2322855,3808520,34139000,228058092,3691977,34111416,72386,2671157,3635833,34519033,5337552,81398
1635289219.3324056,3842772,34059770,228117497,3816741,34244688,72821,2590185,3898780,35413840,5385603,86747
1635289219.4325264,3854020,34006431,228160626,3689400,34199312,72090,2511588,3614066,34939781,5442533,91152
1635289219.5326474,3814496,34091543,228036752,3842378,33954054,71894,2634256,3675250,34860920,5335439,89000
1635289219.6327693,3707709,34003704,228117274,3847457,34053167,72162,2588297,3673929,35108706,5472072,90654
1635289219.7328908,3839846,33986552,228037312,3618907,33985334,71544,2635686,3614480,34273944,3536741,78986
1635289219.8330133,3828970,34214282,228124743,3815734,33945523,71099,2663806,3680925,35024918,5382234,89752
1635289219.933134,3733081,33998078,227919741,3788962,33976210,71658,2524828,3671905,35112420,5469414,91222
1635289220.0332553,3950377,34138679,227986317,3759254,34036927,72306,2652759,3578408,34557716,5396830,89127
1635289220.1333764,3612188,34027635,227950210,3760343,34045363,71896,2484178,3674006,35196513,5349581,92610
1635289220.2334971,3846806,33976773,227889102,3845379,34156976,71747,2543475,3590108,34836503,5510842,87474
1635289220.3336182,3841474,34008123,228136234,3690646,33988887,71342,2631358,3721338,35335779,5424619,87216
1635289220.4337385,3619256,33944181,228101484,3850051,34042749,70997,2559421,3502713,34616075,5412129,96962
1635289220.5338614,3840527,34021748,228222337,3700073,34046815,71556,2715355,3648033,35385837,5444575,91409
1635289220.633982,3675678,34085195,228063918,3851334,34027952,72083,2516539,3620242,35368350,5350506,89465
1635289220.7341187,3823151,34081553,228134791,3710667,34053614,72071,3224235,3621978,35238595,5424086,90926
1635289220.8342452,3850141,34106890,228291193,3818500,34151281,72378,2682510,3646005,35160243,5386338,95293
1635289220.9343684,3817782,34017991,228287868,3658597,34014203,72176,2540555,3661498,35174852,5475210,90947
1635289221.03449,3864403,33962267,228169194,3824727,34129926,73453,2659217,3650832,34897623,5385647,88202
1635289221.134611,3852400,34049529,228362981,3856846,33911907,75281,2477966,3709285,35112497,5471983,91523
1635289221.234733,3652105,33998893,228383986,3848229,34036133,74276,2714551,3486154,34703759,5388519,85106
1635289221.3348544,3862807,34011027,228156417,3741186,33985133,76206,2662095,3687309,35176346,5451374,91594
1635289221.5350966,3822671,34097064,228132969,3683915,33992634,71826,2654235,3663842,34564155,5406583,89324
1635289221.6352181,3697464,33957981,228198034,3823641,34159951,72097,2622151,3781441,35281123,5433287,89421
1635289221.735339,3849134,33991676,228216278,3680689,34107355,72447,2628140,3690101,35086656,5425586,90931
1635289221.935582,3675294,35057088,5333870,92584,3848253,33969387,228351040,3770027,34226265,71164,2599383
1635289222.0357041,3734834,35170224,5455108,91034,3847610,34079412,228167086,3619642,33922541,71050,2677439
1635289222.1358254,3691947,34999072,5369823,90175,3714829,34042817,228280868,4016170,34040711,73161,2531968
1635289222.2359467,3686644,35129434,5493825,90499,3829774,34093148,228216077,3759867,33979797,71554,2650109
1635289222.3360684,3559582,34555956,5454174,87750,3858175,34144585,228232806,3761375,33968418,71355,2490702
1635289222.4361913,4716603,26710057,2483080,84247,3840745,34013494,228287944,3693059,34025803,72996,2670306
1635289222.5363183,3689087,35055480,5408695,91940,3738974,34098177,228369943,3844087,34111839,72329,2546476
1635289222.6367085,3848555,34039834,228247889,3702377,33971832,72271,2632597,3687641,35133345,5376580,91279
1635289222.7873003,3689172,34037080,228208910,3852718,34076707,72496,2585681,3807325,35216580,5357692,88312
1635289222.8874295,3841471,33955331,228203124,3697366,33971171,71303,2647045,3701667,35359046,5475552,90858
1635289223.087673,3670353,35098945,5382998,87830,3734591,34087377,228323176,3747214,34142170,71122,2700991
1635289223.187794,3703591,35155415,5444667,90964,3841893,34066261,228208781,3819073,34133941,71941,2696075
1635289223.287915,3661597,34951417,5366800,90904,3645168,33974285,228330060,3824632,34009212,72362,2538246
1635289223.3880355,3687973,35228168,3400452,91823,3835341,33944230,228281604,3824714,34126304,75430,2664756
1635289223.4881592,3564138,34770576,5490272,85719,3917475,33969186,228224033,3709343,33936897,75058,2599168
1635289223.5882819,3700224,35096926,5479536,92589,3743594,34129003,228364197,3849658,34139009,75034,2425774
1635289223.688404,3592527,34886450,5481283,90483,3845319,34030171,228253618,3686373,34002551,74825,2664804
1635289223.7885249,3728239,34044260,228270433,3842488,34057166,72901,2545509,3642540,34590129,5253183,80545
1635289223.8886461,3824682,34125683,228198261,3693050,34070241,72162,2676044,3459790,34947468,5483818,91442
1635289223.988767,3722532,34143279,228331642,3830958,34168488,73978,2605458,3759176,35223810,5304219,89783
1635289224.18901,3689590,35101370,5481054,91755,3848722,34118275,228169325,3849456,33957825,71921,2664756
1635289224.2891304,3697777,34967567,5407036,95332,3734664,34021939,228226925,3820107,34094696,72505,2563948
1635289224.389252,3701531,35321109,5486091,91884,3840075,34041512,228136017,3685788,33981016,71836,2640937
1635289224.4893773,3643806,35000409,5436517,84321,3680892,34029395,228281769,4032742,34018349,70472,2491485
1635289224.5895007,3676584,35201377,5462581,91214,3719269,33866710,228299110,3760595,34073884,70864,2648583
1635289224.6896222,3453478,34541545,5401295,84083,4157257,34332877,228259943,3704811,33995939,72775,2648429
1635289224.7897437,3696588,35116344,5464248,91149,3728237,34053045,228259534,3831110,34101450,70784,2536581
1635289224.8898032,3854424,34047276,228379716,3690734,32660720,61930,2433577,3797183,34072011,5419771,91502
1635289224.9899294,3845831,33985201,228337383,3786382,33971546,72655,2565032,3757647,35100277,5393969,91519
1635289225.0900805,3690075,33950105,228266994,3848841,33948750,71026,2681470,3512412,34918752,5463886,93159
1635289225.290325,3611461,34939181,5426660,91061,3849035,34029814,228275288,3838031,34024045,70787,2669161
1635289225.3904476,3678485,35267119,5427042,91658,3818147,34283993,228251129,3708122,33983218,72644,2479538
1635289225.4905715,3596765,34853599,5486357,83427,3696232,34032500,228184144,3814360,34079747,71781,2664628
1635289225.5906951,3668560,35227613,5323941,88401,3845652,33905754,228177659,3610215,34084800,72558,2511046
1635289225.6908176,3670228,35124665,5468724,91419,3799688,34015382,228087413,3832124,34112565,75529,2630934
1635289225.7909405,3695405,34858791,5389032,89922,3119298,33866187,227930072,3851836,33977026,75845,2661454
1635289225.8910625,3706949,35214513,5468684,91340,3567513,33968929,228192323,3795648,34124083,74877,2662145
1635289225.9911838,3645134,34916719,5384957,91331,3819697,34046839,228359819,3791362,34052537,74848,2588937
1635289226.091305,3686384,35059946,5414399,91665,3689520,34011531,228214777,3844638,34105632,71685,2675933
1635289226.1914268,3509531,34694945,5663048,92717,3830520,34107936,228245424,3689801,34037609,73028,2643051
1635289226.291549,3441188,34150875,5384126,88631,3843096,34097562,228285165,3826425,34210885,72682,2261786
1635289226.391671,3690946,35026440,5475760,91719,3856892,34309801,228421802,3696656,34085828,72224,2331383
1635289226.4917974,3620154,34818621,5500086,90426,3771309,34104009,228312869,3846977,33945846,73036,2674246
1635289226.5919213,3688438,35138908,5387895,80777,3836765,34095492,228287277,3785970,34098936,70958,2547571
1635289226.6920426,3671709,34927850,5448503,91878,3753878,34107593,228232680,3621605,33860201,72453,2645558
1635289226.7921638,3713088,35146162,5346279,90084,3781085,33940462,228324395,3867130,34053080,72711,2572136
1635289226.892285,3701846,35092969,5492449,91337,4064791,34079248,228291123,3752267,34061141,71722,2650608
1635289226.9924169,3686529,34799054,5379650,97888,3047509,34790284,235741664,3972226,35152976,75415,2710845
1635289227.0925453,3832333,36266656,5312255,257321,3674590,33646598,228097765,3820447,34169606,71521,2539814
1635289227.19267,3725710,35021686,5403832,115808,3854155,33975901,227974584,3696403,34124926,72459,2645941
1635289227.2927961,3666958,34632015,5308804,87161,3844894,34037244,227986448,3852824,34001971,72087,2371307
1635289227.3929224,3822571,35402442,5469509,89757,3648803,34157386,228158691,3819217,34059586,70269,2277831
1635289227.493052,3499564,34639666,5409124,90539,3845077,34044051,228158126,3761017,34026712,72514,2963020
1635289227.59318,3678497,35276486,5377051,79156,3627845,34023695,228050513,3853780,34029043,71260,2625529
1635289227.6933107,3681327,35141489,5457191,95920,3827419,34149285,228070245,3722643,34007032,72297,2555790
1635289227.7934382,3581222,34754087,5475705,89674,3694144,34041418,228016962,3818770,34176147,72035,2635442
1635289227.893564,3677766,35147406,5391803,89256,3848474,33982205,228038999,3625079,34088786,71724,2623731
1635289227.99369,3697354,35163288,5475079,90137,3928008,34189236,228087428,3811603,34102631,73922,2645425
1635289228.0938137,3678094,35127994,5237608,93154,3817122,34047335,228040875,3844711,33998965,76274,2512662
1635289228.1939428,3691075,35234040,5469024,91106,3782312,33964687,228104253,3739037,34065345,75702,2655151
1635289228.2940679,3675782,34843768,5399398,89249,3830818,33993190,227972548,3824912,34012886,76261,2530058
1635289228.3941967,3701005,35134115,5475735,89998,3678771,34004154,228077568,3855472,34195824,72292,2650850
1635289228.4943318,3487849,34399695,5342219,90399,3835298,34126358,228029311,3722684,34046155,73900,2645194
1635289228.5944612,3697408,34712529,5483666,84235,3670317,34049093,228001989,3821715,34192594,71188,2650167
1635289228.6945927,3694448,35077630,5471430,91004,3842028,34120900,228041466,3690290,34140276,71857,2548455
1635289228.7947161,3598668,34780255,5439415,90349,3699446,34062959,228061128,3840285,34022459,72563,2639309
1635289228.8948429,3690766,35091765,5383080,87781,3838369,34026750,228003835,3719646,34045266,71679,2581191
1635289228.9949706,3691605,35073469,5459248,90598,3706976,34118125,227902369,3726222,33867821,74849,2655136
1635289229.0950937,3712266,35117095,5377733,87433,3722003,34047379,228097007,3903361,34118185,72268,2675933
1635289229.1952236,3686500,35094051,5473347,90147,3736126,34097019,228122094,3720154,34098699,71351,2643547
1635289229.2953498,3688509,34853363,5376897,89804,3825001,34194603,228078522,3841935,33995418,72674,2531885
1635289229.3954785,3683588,35124071,5446327,88918,3868013,34043326,228127286,3814547,34226220,71800,2662297
1635289229.4956064,3529039,34515312,5560516,87931,3731457,34043258,228088126,3737795,34090132,72164,2473844
1635289229.5957317,3684394,34786641,5341581,87531,3754171,34027457,228037248,3850701,34051620,72004,2481335
1635289229.6958594,3643579,35168986,5521748,91601,3850072,34098065,227926394,3696705,33975243,72304,2646369
1635289229.7959833,3487249,34937293,5391360,90003,3836059,34093826,228015722,3812767,34025256,72839,2639704
1635289229.8961153,3932451,31644663,2173384,90937,3683606,33988914,227981527,3845383,33978869,73529,2486720
1635289229.996239,3691642,35115673,5483195,91863,3828392,34135422,227950933,3752130,34066892,71471,2783922
1635289230.0963614,3438097,34742275,5525704,86946,3817746,34105272,228043242,3795470,34167012,72375,2669944
1635289230.1964843,3680676,35134562,5462418,90917,3843003,33938018,228062857,3616231,34086314,73466,2360255
1635289230.2966125,3602696,34768666,5472405,90208,3870982,34143554,228089716,3759230,34146696,74717,2655832
1635289230.3967404,3682073,35155357,5379077,78179,3723258,34002617,228065795,3853491,34256107,76732,2537958
1635289230.4968724,3656067,34934699,5460919,93952,3793292,34126251,228197056,3705878,34133248,74664,2663257
1635289230.5970023,3719922,35248222,5355041,84804,3562611,32095567,215247679,3551988,32489924,65861,2442012
1635289230.6971307,3469748,33358840,5100190,88764,3778661,34336168,227161809,3771266,34383360,64177,2594132
1635289230.7972534,3614107,34947089,5406740,112262,3765030,34258220,227549992,3757695,34151491,54790,2686560
