1635290883.1528249,3810513,34343977,227951194,3587289,35172493,69167,2527965,3480233,35561933,5470970,70714
1635290883.2529428,3664232,34954422,227945866,3601331,35160768,67795,2560099,3709312,35711867,5355834,50798
1635290883.3530617,3649383,34904323,227805630,3627756,34972514,62666,2431276,3706135,35191728,5337798,55539
1635290883.5532985,3718967,35314085,5415743,52177,3541939,34972522,227932438,3635108,34735741,68817,2600112
1635290883.6534164,3547177,35179628,5294024,59644,3593011,34842277,227702427,3570851,35003105,67548,2540863
1635290883.753535,3590272,35273508,5327554,68028,3535753,35047928,227796992,3714038,34765554,68075,2527550
1635290883.8536546,3567266,35157034,5208766,53157,3703816,34752749,227914983,3567659,34881854,69858,2604760
1635290883.9537728,3603022,35070795,5329419,58123,3642103,34928496,228094643,3654301,34798801,67847,2613020
1635290884.0538914,3613597,35279091,5357164,50513,3614022,34965410,227906172,3643311,34799314,67577,2706463
1635290884.154009,3542760,35369666,5241894,38359,3798555,34940153,227882244,3625846,34907514,69112,2643687
1635290884.2541273,3715615,34839379,228008372,3585638,34981765,68331,2553118,3564823,35356171,5331377,39605
1635290884.354246,3565583,35015267,227882495,3622677,34898615,70621,2639326,3585326,35489760,5308900,49824
1635290884.4543638,3613631,34786366,228070371,3648174,34868777,67312,2754999,3603191,35342632,5331336,55550
1635290884.654601,3554263,35120935,5369676,50870,3669794,35040987,227967213,3673917,34949673,68927,2758627
1635290884.7547204,3605687,35331588,5372981,43772,3592732,34830671,228004576,3613161,34963893,66263,2633471
1635290884.8548386,3548833,35421654,5373739,63702,3655827,34801575,228023954,3606828,34717346,69823,2646704
1635290884.9549565,3557638,35514887,5478897,62648,3688638,34913558,228014952,3707040,34822563,69331,2543782
1635290885.055075,3610057,35296304,5408701,54675,3693416,34924153,228061753,3653599,34930166,67132,2727951
1635290885.1551964,3627899,35285889,5416630,51559,3446210,34984699,228019035,3680054,34905175,68548,2378118
1635290885.25532,3615120,35499831,5480968,65260,3674993,34791274,228027855,3660515,34815182,67080,2630345
1635290885.3554432,3737757,34933156,227957885,3647563,34933721,67366,2581708,3531975,35228278,5288537,42808
1635290885.455567,3662434,34824632,227973825,3657832,34799681,65502,2540734,3766185,35428606,5498104,64208
1635290885.555691,3663326,34822077,228003094,3676563,34791840,69368,2699968,5395097,32929976,5399561,57376
1635290885.755938,3753163,35519079,5413145,64903,3572640,34900552,228025499,3662594,34618569,69073,2720212
1635290885.8560617,3565778,35246828,5402605,42937,3800738,34842497,228036637,3598986,35043022,68763,2520035
1635290885.9561849,3611097,35601467,5356782,45418,3700092,34816033,227916775,3696517,34624406,69813,2617701
1635290886.0563078,3606250,35411744,5411258,55135,3654626,34769865,228018633,3697877,34831151,69467,2581600
1635290886.1564314,3464543,35481230,5526781,59552,3393491,34738737,227966709,3663591,34809782,68991,2694932
1635290886.2565546,3666539,35665221,5373253,65960,3848862,34705829,228159996,3666249,34755198,72847,2712087
1635290886.356679,3644866,35369806,5411174,66148,3520853,34771833,227993518,3685214,34686695,71837,2696145
1635290886.4568024,3588421,34699192,228006710,3638100,34741489,72424,2610502,3592175,35146167,5449034,68013
1635290886.556926,3660841,34690667,227996620,3661587,34776638,71527,2571942,3444639,35371157,5418898,56805
1635290886.6570501,3691511,34605745,227987683,3673508,34679913,72381,2521774,3730152,35676021,5395649,58956
1635290886.8573117,3591951,35045461,5410117,56369,3488852,34767771,228286542,3710075,34743078,74281,2715324
1635290886.9574354,3556231,35326708,5422032,47469,3587315,34692693,228234820,3739199,34719447,71660,2696927
1635290887.0575585,3587909,35437552,5425091,65396,3661677,34720229,228102006,3754039,34524587,71714,2670244
1635290887.1576812,3593266,35244290,5488286,65309,3726732,34628614,228177681,3791377,34693681,71904,2557801
1635290887.2578046,3562942,35109932,5464590,61124,3658958,34753277,228183232,3710074,34644889,72120,2391729
1635290887.357928,3629624,35182267,5438808,59704,3978598,34567397,228311616,3629811,33920786,72339,2729543
1635290887.4580507,3672587,35398668,5432436,68760,3784889,34537237,228211351,3663650,34588577,71162,2547748
1635290887.5581746,3801227,34695976,228192168,3653075,34636060,71950,2596617,3660963,35267954,5298431,66329
1635290887.6582975,3654065,34572077,228153339,3650144,34594291,71604,2717385,3718318,35314531,5458968,58802
1635290887.7584214,3654755,34506426,228196508,3752569,34638906,72069,2477556,3571296,35318655,5491978,67577
1635290887.9586673,3613664,35218987,5453411,60364,3781908,34788667,228174429,3638800,34667445,67157,2732569
1635290888.0587904,3697503,35501037,5455551,62113,3704818,34684999,228191606,3744213,34782652,70152,2716099
1635290888.1589127,3595402,35277637,5436204,67402,3671681,34703718,228206028,3708291,34678813,68350,2572097
1635290888.2590358,3717961,35502200,5424749,61176,3794625,34633437,228159027,3497463,34693684,69753,2698171
1635290888.3591588,3567480,35257224,5463821,63330,3731237,34881387,228227593,3803213,34697838,68011,2731363
1635290888.4592817,3690601,35502185,5494994,68013,3388267,34594318,228197447,3765596,34558968,69896,2733032
1635290888.5594046,3677851,35375866,5457218,71090,3773830,34562129,228123342,3655525,34655027,68174,2718153
1635290888.6595275,3554371,35277186,5455172,63254,3720485,34625618,228280288,3732481,34622373,69867,2607307
1635290888.7596502,3694261,35574809,5453540,68433,3675754,34637259,228195601,3755533,34618433,68615,2595135
1635290888.8597786,3622460,35373349,5452539,69709,3770550,34578842,228204735,3670452,34526051,68361,2719573
1635290888.9599118,3674335,35206218,5444024,65075,3737755,34529092,228193290,3694276,34667836,67700,3155056
1635290889.060016,3623044,35218265,5465143,66442,3692899,34624632,228246579,3788600,34600063,68221,2612414
1635290889.160141,3604368,35259737,5491148,69980,3822621,34551133,228183786,3659308,34461977,68470,2714439
1635290889.2602646,3650684,35477265,5396892,57842,3807354,34595401,228184047,3669877,34610940,72038,2644675
1635290889.3603888,3623901,35311380,5508430,69824,3691417,34483190,228030453,3724159,34514474,70887,2730273
1635290889.4605129,3693669,35287741,5524814,69629,3725794,34697426,228309370,3839919,34502047,68480,2714770
1635290889.5606372,3694931,35396847,5526092,70495,4424867,34770136,228285356,3712343,34556313,67867,2700675
1635290889.660761,3697199,35457886,5508388,70946,3674035,34573321,228148556,3786224,34611447,71807,2678081
1635290889.7608852,3693762,35383007,5440745,52061,3628409,34486604,228271718,3751553,34556640,73100,2624172
1635290889.8610091,3689076,35511561,5461061,57530,3722317,34506560,228162793,3676593,34563948,72331,2676235
1635290889.9611328,3694792,35230403,5229949,64953,3697129,34547012,228263597,3704371,34580211,72105,2566069
1635290890.0612566,3399403,35579109,5365480,65907,3618312,34604052,228271924,3693654,34589064,72601,3021889
1635290890.1613798,3898434,35669986,5516281,69863,3802695,34498696,228149503,3670708,34587997,72716,2713271
1635290890.261503,3650729,35291579,5419389,73550,3802633,34510922,228165055,3690278,34532924,75963,2661960
1635290890.3616266,3696056,35410718,5453559,69591,3715647,34516272,228165411,3683538,34472545,69754,2637138
1635290890.4617498,3700323,35393142,5424485,63670,3678704,34513154,228108790,3789525,34473694,72699,2657087
1635290890.5618742,3711019,35625194,5376251,66440,3643017,34481424,228192373,3791672,34543798,73257,2543348
1635290890.661998,3706139,35550389,5461028,73133,3866376,34598621,228135771,3764065,34458174,72516,2724311
1635290890.7621217,3678707,33876124,4075612,69804,3402208,34608738,228158379,3791242,34553891,70639,2692626
1635290890.862245,3683401,35472010,5512935,60251,3799407,34467938,228256069,3785916,34602183,70242,2565763
1635290890.962369,3720711,35469261,5514774,83332,3584269,34585693,228197349,3789017,34598571,69864,2686003
1635290891.0624928,3763954,35496886,5503216,72376,3773513,34445756,228292986,3691486,34543826,68350,2771882
1635290891.1626163,3598223,34957095,5395239,76306,3797394,34441669,228250704,3653270,34527016,68919,2703495
1635290891.2627397,3666163,35425889,5590654,63705,3800778,34450435,228218564,3655013,34523064,68776,2713069
1635290891.3628635,3605907,34950628,5466137,57205,3804890,34564115,228227461,3729449,34523897,68850,2655452
1635290891.4629872,3707441,35446891,5457385,71993,3671998,34537660,228259623,3784167,34523993,71076,2629359
1635290891.563114,3692941,35459802,5491538,70526,3660564,34514692,228277055,3758617,34547629,69096,2458489
1635290891.6632397,3699387,35555325,5525187,72104,3746036,34485465,228027754,3850920,34596346,69419,2704936
1635290891.7633643,3696747,35582104,5518058,71470,3804444,34511283,228171965,3587611,34533198,68080,2611619
1635290891.8634884,3572901,35322676,5491546,58027,3653918,34509335,228211410,3684838,34628077,69469,2752026
1635290891.963612,3677591,35374990,5460372,72900,3803002,34631117,228195174,3694994,34527596,70235,2661729
1635290892.0637357,3689503,35472196,5458926,68381,3568342,34683030,228210011,3784537,34461676,69517,2489640
1635290892.16386,3689146,35433776,5470793,65663,3723675,34382582,228130652,3735521,34540718,70258,2677918
1635290892.2639847,3787263,35623936,5721753,77275,3734472,34494615,228207305,3637621,34505273,70319,2596151
1635290892.3641098,3630860,35138437,5468958,67922,3796914,34536862,228266371,3666350,34527372,68121,2584808
1635290892.4642332,3365000,35220011,5507756,56750,3795199,34537259,228228460,3740964,34525618,68202,2757321
1635290892.564357,3823196,35600854,5456678,72778,3648111,34578271,228237402,3814915,34528265,71868,2513684
1635290892.664481,3687770,35530673,5537405,72484,3789198,34588507,228224515,3704454,34555225,68500,2798716
1635290892.764604,3708958,35561019,5503958,72265,3821413,34519374,228200366,3575807,34485053,69044,2721565
1635290892.8647277,3620237,35072492,5452393,65999,3819877,34493840,228262476,3849414,34523274,69926,2711537
1635290892.9648514,3674472,35507665,5489481,71748,3777061,34372120,228140984,3730457,34464989,68440,2585812
1635290893.064975,3600015,35196677,5494597,74202,3649862,34411371,228575908,3665588,34486498,68844,2728771
1635290893.1650984,3703541,35647964,5338168,69028,3788316,34432042,228203285,3806441,34457490,69593,2508998
1635290893.265222,3689713,35815450,5522003,73640,3706051,34436019,228090976,3714479,34370396,69035,2708410
1635290893.3653452,3612649,35171896,5409271,66471,3811968,34450499,228162648,3745831,34480046,70684,2743899
1635290893.465469,3696511,35522915,5513324,72208,3607147,34618190,228179313,3806411,34509035,70190,2638118
1635290893.5655923,3555777,35296452,5515978,72051,3816331,34518134,228205563,3650035,34566730,68954,2719058
1635290893.6657157,3635489,35268802,5509496,72691,3662831,34474702,228127125,3810148,34534694,69518,2714668
1635290893.765839,3688066,35536453,5430075,67097,3800498,34648974,228206320,3671966,34638350,69133,2515935
1635290893.8659627,3692064,35562354,5523250,72411,3687439,34511685,228232033,3774747,34499860,70789,2766339
1635290893.966086,3721863,35501181,5475075,66600,3810608,34639490,228174042,3781256,34760882,73991,2509995
1635290894.0662096,3680966,35581558,5548552,70140,3767191,34711248,228227110,3596716,34654884,72648,2738884
1635290894.1663327,3683746,35675150,5449999,56505,3759492,34569656,228164237,3845233,34679551,69909,2590397
1635290894.2664564,3703718,35444168,5540885,70091,3837340,34749314,228282806,3663975,34699012,69487,2732696
1635290894.3665802,3702307,35462688,5353606,70285,3589046,34560482,228247935,3796115,34625876,70320,2709734
1635290894.4667037,3723664,35447854,5504948,66129,3895077,34527874,228164374,3661467,34646813,69124,2748815
1635290894.5668275,3708119,35371126,5536659,70952,3821131,34543201,228185483,3814893,34508372,69431,2506686
1635290894.666951,3739256,35701572,5533726,76308,3809703,34527642,228156738,3668190,34449870,69098,2656669
1635290894.7670746,3504401,35299120,5488328,70076,3663440,34499599,228175022,3812456,34420402,69679,2678737
1635290894.8671973,3804096,35668677,5448758,65446,3797759,34560781,228180255,3669509,34397284,67905,3063641
1635290894.9673202,3750112,35374251,5537205,71604,3608247,34027181,228280791,3828008,34433651,70580,2307834
1635290895.067455,3691517,35671731,5498524,72161,3807590,34584040,228263351,3565231,34478384,68860,2710167
1635290895.1675797,3619652,35165522,5419599,59269,3566297,34366756,228253779,3895883,34499159,70082,2700956
1635290895.2677033,3711654,35420878,5492448,76304,3854747,34352430,228215485,3712989,34427144,69535,2717875
1635290895.3678262,3595630,35111473,5535123,75270,3582156,34390912,228238907,3716493,34396909,70462,2647149
1635290895.4679492,3669014,35519619,5509200,72661,3798490,34387466,228283404,3806869,34380950,68202,2714056
1635290895.5680728,3462289,35184586,5454517,74684,3722289,34408513,228188033,3727611,34413894,69465,2718259
1635290895.6681962,3685849,35738184,5510972,73359,3507272,34400534,228181775,3805917,34331166,72521,2766398
1635290895.7683191,3620763,34977591,5399937,61683,3782356,34405139,228186926,3714418,34366126,73331,2656965
1635290895.868442,3662020,35446244,5484031,73530,3642201,34427001,227750197,3793443,34257167,71823,2709396
1635290895.9685652,3682013,35363273,5502966,75785,3798572,34295183,228168507,3779469,34529824,76496,2350479
1635290896.068689,3595292,34874133,5492703,70584,3694614,34380045,228114727,3721177,34290997,69033,2491072
1635290896.1688123,3692513,35386443,5535131,74326,3805664,34395738,228138375,3778973,34485136,68509,2706850
1635290896.268935,3669790,35174317,5433843,75497,3743324,34403664,228134077,3703450,34387207,70228,2656303
1635290896.369058,3728611,35649055,5523459,74939,3760121,34270328,228177048,3706390,34430693,69854,2721712
1635290896.4691803,3704598,35368317,5382913,68177,3722846,34243565,228193303,3820129,34348724,70047,2488744
1635290896.5693033,3698919,35444226,5499515,73588,3606488,33545165,228309019,3676610,34325908,68818,2710318
1635290896.669426,3712527,35108629,5431057,69388,3748007,34503297,228173597,3805504,34348769,68149,2767940
1635290896.769549,3723582,35274195,5476403,75356,3799636,34367197,228280437,3636134,34391828,68929,2709384
1635290896.8696709,3788084,34393099,228242575,3786824,34416205,69663,2547130,3755984,35459199,5376664,62772
1635290896.9697936,3787229,34329768,228129767,3650027,34352781,68218,2698584,3534391,34953608,5479749,75588
1635290897.0699167,3649085,34302022,228215142,3807075,34311551,69608,2687399,3683269,35334636,5394025,74778
1635290897.2701943,3678576,34221032,5335045,84634,3799465,34270765,228115534,3707294,34274058,69270,2732734
1635290897.370318,3694402,35500151,4105865,75677,3783240,34407005,228097933,3813217,34339532,69104,2631993
1635290897.4704404,3618204,35103453,5510138,74289,3662047,34424769,228191313,3831613,34427830,68440,2686785
1635290897.5705636,3677538,35448468,5541929,75259,3868518,34263659,228130796,3727239,34344697,70939,2746244
1635290897.6706874,3594843,34863272,5485686,70993,3692011,34379884,228199429,3782560,34406485,73653,2443203
1635290897.7708108,3715927,35376149,5531970,74328,3797853,34322072,228189478,3659883,34471069,71593,2714052
1635290897.8709342,3716503,35402779,5463038,75382,3816692,34411376,228315483,3812164,34387390,68103,2580578
1635290897.971058,3807418,34379716,228226192,3747848,34434401,69531,2662083,3726657,35525232,5481149,75378
1635290898.071181,3754060,34368058,228166793,3711316,34317471,68193,2730197,3532091,35302319,5515838,76236
1635290898.171304,3717342,34408929,228257293,3796989,34369588,69665,2699327,3695055,35372477,5402200,71840
1635290898.3715498,3719882,35369809,5532312,74968,3588074,34558946,228217456,3802669,34343708,68683,2732440
1635290898.4716728,3703595,35427059,5519623,76533,3809215,34413019,228217182,3788676,34442709,69850,2721573
1635290898.5717962,3635493,35032313,5442761,76648,3802463,34325129,228189304,3659157,34398185,70426,2575976
1635290898.6719193,3705662,35342609,5521519,75326,3660811,34318869,228119335,3716159,34423592,68026,2695706
1635290898.7720425,3695684,35624311,5401255,72880,3783462,34307465,228093550,3818534,34378571,69037,2743080
1635290898.8721657,3680295,35296186,5509258,76866,3848171,34509456,228229844,3761139,34543512,69587,2735550
1635290898.9722893,3702577,35747297,5514056,67824,3742273,34439644,228227110,3694658,34586179,68570,2735198
1635290899.0724123,3784227,34477000,228268316,3809791,34349787,68218,2610103,3597736,35274641,5214824,61681
1635290899.1725352,3798646,34466064,228134694,3691263,34401117,72116,2680733,3502017,34812276,5519877,75451
1635290899.2726586,3700715,34425398,228128654,3751991,34429128,70271,2765783,3752373,35636040,5499939,75384
1635290899.5229788,3704922,35109577,5444422,70926,3807012,34376907,228240095,3650937,34483819,67897,2584279
1635290899.623102,3700317,35302137,5519263,75004,3577819,34351343,228180712,3781546,34411778,69007,2729663
1635290899.7232254,3700691,35403964,5516494,78544,3802430,34315074,228088866,3735740,34367069,67807,2718303
1635290899.8233488,3641558,35138364,5503538,75739,3796472,34335766,228202630,3801971,34352635,69254,2471997
1635290899.923472,3717090,35714961,5530666,76282,3848465,34557027,228254815,3710348,34345243,67705,2726039
1635290900.023595,3699959,35636049,5479677,73386,3374375,34409339,228229587,3811834,34304617,69082,2692447
1635290900.123719,3604140,35081884,5435341,61398,3802415,34349427,228185807,3786366,34301715,69017,2670583
1635290900.2238424,3702318,34418621,228225466,3693402,34355732,68506,2723531,3703910,35180266,5564769,77544
1635290900.3239655,3693706,34375247,228241037,3799444,34465609,67703,2675639,3926016,35870485,5361806,70140
1635290900.4240885,3817309,34280840,228190722,3680716,34445945,68921,2593358,3553060,35404607,5516267,75902
1635290900.6243343,3692229,35536580,5518401,76492,3805703,34344280,228205359,3806014,34339479,71652,2697845
1635290900.724458,3695582,35383933,5432459,78764,3806368,34340503,228162761,3676452,34395880,68802,2494915
1635290900.824581,3682010,35408043,5517663,76148,3637023,34426645,228242926,3807240,34376536,72398,2713304
1635290900.9247038,3711123,35459220,5525355,76821,3788745,34485187,228114247,3794112,33438094,70500,2651031
1635290901.0248275,3595123,34921175,5485807,68597,3804922,34590957,228172694,3784919,34461058,69796,2689687
1635290901.124951,3719849,35396865,5518453,75070,3380108,34449443,228239425,3652481,34431273,68830,2711635
1635290901.2250738,3719841,35418230,5532358,76826,3616676,34364181,228143563,3789128,34466001,68313,2689861
1635290901.3251963,3656915,35123825,5444311,61687,3791828,34369092,228252837,3792087,34380160,68773,2551121
1635290901.4253194,3726048,35481358,5504428,75854,3817261,34464707,228149927,3665342,34398003,67535,2717751
1635290901.5254424,3715220,35398488,5501341,75215,3652948,34421093,228188317,3804200,34374802,68937,2703673
1635290901.6255667,3463554,35403140,5521676,77777,3809479,34329945,228163182,3808127,34367742,68610,4121815
1635290901.7256896,3631106,35434478,5476998,68960,3805158,34334071,228201308,3660651,34380370,69042,2404476
1635290901.8258126,3643112,35357909,5499630,74115,3621941,34371786,228190845,3811574,34289325,68340,2707670
1635290901.9259353,3693298,35516480,5472967,74970,3805040,34653758,228158659,3752543,34490424,67097,2763444
1635290902.0260582,3608874,35271773,5536511,76257,3828100,34576151,228120165,3789029,34501284,68783,2513575
1635290902.1261816,3668976,35659435,5539519,75077,3734003,34437015,228240231,3805193,34635624,67809,2727759
1635290902.2263043,3689917,35456586,5519058,75967,3921282,34453898,228251267,3688027,34529225,71182,2758564
1635290902.3264272,3638855,35097023,5454359,61479,3588681,34404513,228239337,3804863,34404781,71661,2534088
1635290902.4265497,3739703,35419564,5492882,65779,3805287,34331002,228279255,3657732,34395028,70890,2747066
1635290902.5266721,3721696,35628951,5427106,74787,3721077,34450969,228199174,3816344,34411286,68546,2719496
1635290902.6267955,3620676,35313945,5647999,75332,3805449,34404086,228180338,3812372,34390444,68974,2575430
1635290902.726918,3856654,35320209,5505770,73916,3789736,34369014,228264788,3652324,34448463,67895,2986143
1635290902.8270414,3702848,35427977,5461893,75484,3652151,34508873,228239882,3803730,34415305,69405,2283117
1635290902.9271643,3658670,35255931,5500278,76326,3804378,34461947,228165820,3793175,34386018,67933,2689561
1635290903.0272877,3641948,35071818,5429346,77037,3739041,34301161,228518020,3686032,34527619,66606,2660913
1635290903.1274107,3754153,35363938,3427745,74990,3657366,34387644,228196401,3796361,34344446,67927,2738537
1635290903.2275338,3722227,35408945,5457422,74410,3776761,34356339,228234391,3693602,33395193,67592,2696862
1635290903.327671,3721917,35155086,5482653,77323,3552130,34448543,228340407,3683296,34201442,67917,2682531
1635290903.4277956,3712954,35262935,5474958,78625,3783392,34430164,228238596,3793173,34396551,68376,2700711
1635290903.527919,3709313,35347961,5425751,77616,3784005,34418469,228231986,3808380,34444440,68710,2566157
1635290903.628042,3705139,35383511,5537905,75385,3778112,34396467,228160085,3659978,34409004,68708,2713281
1635290903.7281647,3709980,35641839,5504701,76836,3649949,34480018,228194772,3807149,34365489,72106,2720076
1635290903.8282871,3596313,35059686,5443592,77236,3815866,34469556,228285943,3786032,34355463,72562,2733061
1635290903.9284098,3778013,34946886,5485684,69164,3813987,34409024,228267528,3646074,34481714,71717,2690976
1635290904.028533,3716987,35406143,5537400,76103,3566566,34402981,228229339,3812059,34457232,69747,2703858
1635290904.1286564,3708834,35530939,5520693,79583,3818251,34438279,228203693,3815039,34335247,69276,2725064
1635290904.22878,3658111,35076460,5482440,75866,3821952,34390312,228232241,3778061,34404167,69833,2529387
1635290904.3289032,3729281,35500278,5527113,76512,3736253,34425021,227993824,3582417,34331013,69457,2693972
1635290904.4290264,3739000,35609963,5539263,76564,3805098,34495503,228241766,3816141,34449645,68995,2723995
1635290904.5291493,3663051,35036984,5451560,63017,3672427,34589280,228193805,3867475,34394686,69342,2569818
1635290904.629273,3731335,35385990,5516678,74829,3790444,34418059,228175989,3672827,34459447,69327,2728696
1635290904.7293952,3710533,35443199,5512139,72875,3796392,34386892,228253372,3801298,34424752,68955,2719262
1635290904.8295183,3538481,34919683,5615449,75900,3715669,34385596,228157217,3800279,34481632,69924,2490187
1635290904.929641,3706333,35481694,5430268,77556,3818833,34422895,228193240,3676748,34513562,68547,2705438
1635290905.0297651,3654169,35147045,5463280,70436,3830277,34469571,228290827,3828341,34382832,69040,2604746
1635290905.1298902,3667278,35574899,5510415,76994,3822092,34397021,228285045,3777381,34332923,69386,2738138
1635290905.2300122,3620744,35457096,4045578,75405,3788412,34337802,228215618,3696368,34403432,69164,2705688
1635290905.330135,3709308,35662684,5526182,76546,3681733,34396995,228241926,3766328,34335291,74163,2595075
1635290905.4302654,3727754,35471373,5351871,71327,3787258,34351932,228212392,3730584,34244107,72474,2698420
1635290905.5303962,3786222,34997613,5496855,78768,3440964,34508015,228332078,3771359,34215937,73098,2762813
1635290905.63052,3715716,35374914,5521305,75039,3876259,34325678,228131091,3736173,34371339,69858,2753021
1635290905.7306437,3699479,35128837,5452536,75861,3804253,34299038,228119641,3795084,34484720,69790,2571561
1635290905.830767,3746665,35302925,5515048,77211,3578636,34352488,228160011,3657388,34417464,68544,2694191
1635290905.9308903,3703776,35373259,5359369,78078,3784751,34383804,228177891,3816383,34363273,70373,2764737
1635290906.0310137,3588062,35013296,5569232,69365,3820061,34395518,228226224,3827559,34372010,70228,2714082
1635290906.1311367,3744513,35570111,5487960,74781,3811227,34362499,228273441,3667782,34372976,68972,2730068
1635290906.2312603,3713848,35360399,5524162,75125,3625111,34445764,228248858,3821009,34350774,70054,2705083
1635290906.3313837,3697026,35531397,5504165,76741,3789836,34458417,228271809,3809941,34349874,71184,2584671
1635290906.4315069,3608553,35077089,5521945,74949,3796542,34446682,228232964,3659247,34404812,71571,2528741
1635290906.5316305,3692717,35465639,5481710,76417,3697792,34420324,228247855,3769923,34503772,70324,2747461
1635290906.6317532,3673488,35618372,5439284,76927,3801222,34413407,228078757,3785585,34418312,70036,2563588
1635290906.7318766,3599473,35170967,5451521,75813,3774187,34297852,228274509,3762672,34416776,69773,2712568
1635290906.832,3675536,35536037,5500250,76257,3684960,34385282,228298657,3691306,34395115,72176,2723368
1635290906.9321241,3697309,35483820,5355133,69745,3699816,34364302,228227730,3818787,34353446,72243,2701333
1635290907.032248,3733346,35270186,5528285,74819,3816367,34439305,228192405,3726665,34387257,73679,2532670
1635290907.1323712,3689649,35606336,5480141,75508,3744084,34335357,228169655,3745913,34462418,69566,2707539
1635290907.2324946,3711515,35306261,5528393,74094,3791103,34456043,228217336,3806953,34395184,69282,2515214
1635290907.332618,3735195,35391245,5537236,85544,3803435,34448133,228138156,3654653,34394186,69053,2743511
1635290907.4327412,3593338,35256329,5477400,75382,3660899,34478407,228149406,3799722,34466276,70448,2579720
1635290907.5328646,3719918,35319749,5514547,75983,3814888,34438434,228196852,3802894,34502058,69773,2701566
1635290907.6329875,3660295,35070865,5415689,71669,3815324,34437776,228268620,3729582,34479565,69526,2968239
1635290907.7331111,3705826,35415233,5516966,75289,3732575,34493615,228193079,3809918,34454083,69586,2683256
1635290907.833234,3705436,35535241,5498583,75228,3809005,34427839,228229827,3720740,34407133,69504,2696039
1635290907.9333575,3637129,35314134,5432948,75572,3696601,34396120,228204643,3821649,34391253,70993,2570834
1635290908.0334806,3716424,35595518,5515385,75589,3795255,34392078,228247818,3663144,34467835,70089,2696326
1635290908.1336038,3682358,35614970,5490871,72877,3799685,34455008,228232967,3816768,34349017,69713,2737705
1635290908.233728,3502036,34901138,5438632,75178,3691050,34511639,228156377,3805666,34336444,69503,2705379
1635290908.3338516,3676419,35555276,5504191,75987,3811207,34410704,228182477,3644781,34465827,73047,2725881
1635290908.4339747,3739866,35401656,5513607,64290,3694175,34382381,228169336,3800196,34516637,71947,2605305
1635290908.5340981,3541586,34855610,5422594,62913,3797507,34390200,228166955,3786557,34428497,73167,2664615
1635290908.6342225,3696338,35310720,5516678,74555,3785547,34356163,228144704,3690164,34474347,68522,2739416
1635290908.734346,3721992,35398409,5527059,74697,3608526,34477320,228219798,3827871,34492281,69716,2286723
1635290908.83447,3728524,35483654,5421842,75668,3824263,34508298,228301088,3812039,34391489,69591,2439911
1635290908.9345937,3629806,35225273,5528214,74626,3724395,34403724,228129936,3514233,34371952,70063,2699707
1635290909.0347178,3712834,35316096,5515581,76134,3674344,34559445,228249520,3815985,34431360,69171,2720511
1635290909.1348412,3718483,35352719,5376461,69692,3789133,34454710,228172150,3828780,34371133,70140,2694772
1635290909.2349644,3758372,35107430,5514388,75372,3829050,34504284,228305741,3698734,34427127,69922,2536456
1635290909.3350875,3712770,35326074,5509695,75776,3608950,34346555,228189710,3712872,34431428,69240,2711968
1635290909.4352102,3730541,35276152,5491512,77230,3815334,34361618,228265710,3824581,34406007,69225,2528900
1635290909.5353339,3818878,34347866,228165023,3708714,34361763,70737,2687192,3695373,35247802,5450987,76186
1635290909.6354578,3725816,34424016,228164893,3759457,34385003,69213,2725169,3791389,35854645,5510710,76064
1635290909.7355807,3739173,34395024,228184975,3814942,34405878,68751,2701041,3728003,35466381,5433641,72043
1635290909.9358265,3812361,35323589,5559725,74018,3544287,34365776,228200835,3828985,34384629,73447,2740760
1635290910.0359504,3699128,35471233,5507968,68568,3810294,34406083,228042711,3564988,34312041,71589,2751205
1635290910.1360745,3713592,35283074,5434373,75271,3809895,34319782,228160886,3785684,34508106,70356,2599367
1635290910.2361972,3677938,35184334,5512799,75335,3717044,34350339,228185152,3688230,34487392,69945,2703032
1635290910.3363197,3715447,35423112,5499215,76022,3699550,34407005,228270467,3797304,34446642,69793,2708986
1635290910.436443,3677133,35083780,5445762,69670,3825330,34390814,228244143,3795511,34388659,70317,2581350
1635290910.536566,3730874,35336737,5542866,75472,3796801,34362669,228233768,3663711,34332562,70838,2703831
1635290910.636689,3587500,34426062,228170389,3820882,34376342,71533,2724717,3643174,35213464,5731750,78466
1635290910.7368116,3794222,34459057,228212434,3819847,34359459,70714,2490767,3740733,35182630,5485150,75788
1635290910.8369343,3799941,34436421,228181789,3666256,34408766,69242,2706181,3729991,35393518,5505501,75479
1635290911.037181,3718456,35464358,5490415,74503,3803502,34305575,228125935,3726357,34374187,69857,2702229
1635290911.1373036,3632811,35107753,5434631,62297,3812582,34300374,228201630,3696532,34391736,70364,2584170
1635290911.2374265,3692927,35396793,5515739,75868,3663560,34322037,228164977,3802782,34392828,69204,2697956
1635290911.337549,3692414,35434294,5432873,70273,3817642,34291701,228165584,3797857,34311656,71479,2713935
1635290911.4376721,3672422,35065693,5512698,75087,3820397,34220140,228065876,3746883,34357163,72351,2458956
1635290911.5378017,3726251,35615022,5514486,74700,3400276,34388937,228411111,3803740,34250663,71439,2665810
1635290911.6379344,3685381,34780000,5408386,63659,3804512,34369682,228138213,3796793,34346178,69922,2552610
1635290911.738059,3781551,33833185,228260361,3601068,34458873,69364,2742259,3734869,35236532,5526342,74565
1635290911.8381824,3670175,34476698,228225262,3796458,34488036,69440,2689807,4203668,35683251,5460862,70533
1635290911.9383056,3813808,34456997,228209266,3768836,34470380,70550,2379273,3547384,34938812,5536404,72751
1635290912.1385527,3706238,35523371,5550175,75318,3815912,34512279,228181795,3817898,34303853,69611,2765804
1635290912.2386754,3715026,35438582,5436614,75652,3808627,34388820,228196879,3756550,34430685,69953,2540511
1635290912.3387983,3630989,35140019,5549444,75185,3742907,34433326,228170193,3803492,34395859,69677,2660370
1635290912.4389215,3731511,35620090,5525002,75362,3707379,34464830,228167209,3703352,34424836,69036,2729377
1635290912.5390449,3724295,35449167,5400702,71491,3677261,34380180,228120249,3797804,34467364,69895,2709834
1635290912.6391675,3812136,35389529,5562823,75510,4179467,34502492,228200516,3664277,34366395,70399,2706425
1635290912.739291,3707438,35507612,5519393,76307,3430010,34503947,228215255,3781177,34424828,70001,2738283
1635290912.839413,3822502,34435048,228150786,3792155,34459341,69632,2566430,3696878,35387713,5530407,74562
1635290912.9395359,3811144,34371989,228021090,3650613,34392508,73852,2746131,3768421,35410470,5449729,74931
1635290913.039659,3651289,34362636,228257953,3834501,34450717,72421,2739581,3617610,35124383,5538235,75781
1635290913.2399049,3684250,35065899,5447324,68025,3819096,34429203,228259464,3653061,34408911,69326,2574504
1635290913.3400111,3731705,35365886,5516077,74523,3587140,34428914,228259222,3856507,34482782,69616,2714610
1635290913.4401338,3724436,35520543,5529059,78353,3807090,34535218,228160192,3799734,34395346,69290,2752489
1635290913.540257,3677997,35083132,5460636,69677,3785865,34248932,228201860,3584058,34368117,70337,2510342
1635290913.6403801,3712178,35450069,5525187,73843,3775432,34283218,228262665,3764003,34404637,69054,2703757
1635290913.7405133,3717100,35383495,5507448,74110,3348596,34380742,228195310,3799094,34495872,70931,2707745
1635290913.8406382,3630612,35079479,5449743,61581,3815826,34349943,228133663,3802509,34389315,70923,2634778
1635290913.9407618,3808283,34369275,228222514,3639547,34372081,69292,2704422,3721702,35495482,5468827,74679
1635290914.0408862,3663368,34402238,228214827,3812486,34426787,68710,2701165,3521197,35096816,5504451,76358
1635290914.1410096,3813239,34352440,228171564,3810959,34393932,70010,2498477,3455058,35045707,5476111,70857
1635290914.2411332,3808741,34543910,228211746,3665286,34519780,69738,2229919,3651410,35854349,5523248,75395
1635290914.3412576,3818593,34509193,228234286,3814498,34461002,71184,2769994,3710873,35662556,5485558,75959
1635290914.4413815,3811899,34515252,228224455,3805645,34401599,75581,2706431,3601067,35111557,5463787,76187
1635290914.541505,3816676,34418369,228180817,3718610,34480507,73228,2605479,3703478,35465332,5544705,75246
1635290914.6416285,3668334,34402693,228112380,3616946,34448961,72631,2752674,3695763,35454197,5400999,71918
1635290914.7417526,3814901,34316911,228197252,3786362,34549716,69509,2694515,3703571,35210176,5508613,75416
1635290914.841876,3315171,34368117,228217099,3780355,34444898,70230,2690861,3709553,35496896,5533857,75767
1635290914.9419992,4055753,34481548,228260842,3726349,34441100,69822,2716120,3718732,35515636,5439851,76520
1635290915.0421228,3748681,34447674,228343318,3814378,34392506,69170,2561728,3647503,35194734,5541457,78762
1635290915.1422462,3766039,34436798,228138591,3662353,34362497,70893,2706940,3712841,35048630,5373578,70012
1635290915.2423692,3640614,34427355,228196008,3819651,34433485,70423,2714617,3518497,35374225,5516912,77675
1635290915.3424928,3809908,34460911,228169174,3812800,34369170,69821,3057042,3866461,35548171,5478920,69134
1635290915.4426162,3820435,34471006,228262707,3652136,34457904,69340,2752525,3674878,35267570,5485003,74661
1635290915.5427399,3626775,34363087,228168175,3798211,34387625,70447,2581967,3715361,35460102,5470525,77904
1635290915.6428635,3812106,34361959,228096408,3693791,34452065,69900,2713860,3593299,35176038,5553100,75777
1635290915.7429864,3779522,34404336,228197729,3820536,34392518,70317,2534879,3673598,35594350,5496950,75706
1635290915.84311,3637239,34516692,228244208,3808484,34459363,69104,2735020,3723764,35543181,5410796,76512
1635290915.9432333,3949349,34578375,228229315,3766404,34619687,72288,2541165,3617756,35307496,5496171,73727
1635290916.043357,3614120,34590047,228297569,3770037,34581806,73477,2744377,3718226,35515095,5540406,82085
1635290916.1434796,3647689,34582391,228264673,3704689,34510971,72482,2731647,3710774,35335394,5417141,61835
1635290916.2436028,3774396,34487271,228175471,3805438,34411118,69914,2698882,3778840,35270375,5404008,75887
1635290916.343726,3806713,34425379,228196320,3646904,34437580,70441,2667995,3703721,35417979,5492124,73569
1635290916.4438493,3613558,34387170,228201727,3769731,34399948,69322,2714319,3689267,35431060,5511245,76248
1635290916.5439742,3814883,34344889,228258962,3806070,34418817,69897,2426291,3685894,35083657,5432655,77642
1635290916.6440978,3812397,34315541,228170750,3656285,34354008,69635,2657947,3739913,35362073,5507492,74491
1635290916.7442214,3662382,34411836,228203916,3806951,34386923,69301,2705115,3714731,35526195,5478024,76489
1635290916.844345,3806544,34443992,228190677,3774975,34400525,69445,2750818,3501399,35117004,5573536,70681
1635290916.9444685,3776547,34323327,228104205,3780660,34407373,70951,2364802,3693769,35346194,5495794,75443
1635290917.0445921,3776377,34061734,228268364,3556223,34345104,68201,2696558,3713173,35449324,5415781,76596
1635290917.1447153,3723346,33557852,228237537,3793551,34408335,68475,2503355,3658174,35225930,5517380,74747
1635290917.244839,3801447,34409130,228205601,3644264,34381650,70403,2714045,3681791,35531263,5492147,72544
1635290917.344962,3794667,34397249,228330017,3812237,34457655,69385,2712235,3593047,34902817,5548976,74556
1635290917.4450855,3702861,34334933,228154986,3792552,34394474,70247,2538308,3685023,35602516,5375815,75889
1635290917.545209,3815996,34358536,228221127,3658656,34373049,71087,2713702,3647562,35258287,5483115,68642
1635290917.6453326,3817471,34391015,228230863,3813492,34352500,72475,2646479,3689769,35503010,5456816,75144
1635290917.7454553,3806145,34321642,228222183,3740330,34344267,74374,2726280,3636994,35275720,5482917,74463
1635290917.845579,3709796,34373762,228224012,3738867,34332738,69631,2719129,3693481,35368285,5512127,76047
1635290917.9457045,3704479,34487261,228170438,3689377,34451022,72796,2600790,3710996,35216805,5388711,72296
1635290918.0961072,3798699,34535046,228087432,3772469,34392352,69508,2743597,3718490,35324465,5509931,75654
1635290918.1962347,3457866,34505158,228302989,3803972,34466309,69017,2728228,3712209,35421790,5522936,74820
1635290918.2963579,3893916,34419590,228184015,3742555,34493856,69694,2759820,3653896,35121451,5435934,76278
1635290918.3964813,3782497,34357450,228157099,3815905,34448606,71147,2547778,3758785,35411158,5507910,78019
1635290918.4966052,3594460,34399813,228230329,3660642,34386179,70657,2704988,3710982,35530674,5376481,70045
1635290918.596728,3758250,34461779,228251467,3808417,34407872,69313,2705684,3508049,35244242,5484651,72467
1635290918.696852,3804981,34407651,228174331,3775388,34325129,71105,2708898,3702077,35448451,5473143,73830
1635290918.7969754,3662389,34333828,228293570,3700330,34372391,70097,2742739,3721619,35464185,5465398,74671
1635290918.8970983,3812096,34506216,228251262,3801357,34383143,69324,2577705,3670800,35368492,5395235,63424
1635290918.9972212,3817046,34452766,228207612,3666431,34429647,70853,2611207,3635046,35165905,5494442,75761
1635290919.097344,3683004,34365147,228331995,3780794,34451237,69642,2702045,3714419,35393732,5509087,76375
1635290919.1974673,3797235,34382666,228227007,3801795,34341878,72956,2738107,3701493,35041241,5446286,69514
1635290919.2975905,3818488,34363779,227985914,3800151,34463266,74623,2640477,3725782,35327981,5499418,75583
1635290919.3977134,3581165,34275618,228179041,3599468,34426137,72639,2722629,3712555,35529092,5516456,79013
1635290919.4978364,3771172,34463430,228228825,3813586,34387087,68927,2713835,3632309,35206760,5534660,74702
1635290919.5979586,3796739,34447945,228131124,3823805,34469571,70419,2497510,3697313,35498478,5521738,72935
1635290919.698081,3809598,34486919,228304456,3664686,34428827,70839,2753863,3693302,35482226,5471406,75189
1635290919.7982109,3779156,34494088,228424405,3801050,34431238,70762,2459428,3666915,34541904,5458761,90323
1635290919.8983424,3762118,34342113,228166598,3660467,34440568,70386,2717979,3656323,34691209,5363991,68938
1635290919.998466,3692544,34427546,228106091,3725826,34487592,70020,2629726,3718188,35378927,5523059,75236
1635290920.0985894,3710244,34430429,228028082,3817147,34493963,69836,2716545,3751625,35549514,5386226,69094
1635290920.1987126,3814939,34381341,227965520,3684628,34261498,69239,2929921,3792610,35292615,5527325,74792
1635290920.298836,3640094,34462369,228068767,3882381,34424721,70279,2296534,3702665,35585340,5511525,76682
1635290920.3989592,3816395,34438630,227993721,3578814,34341631,69138,2750254,3719368,35514126,5442816,77662
1635290920.4990816,3800543,34444031,228055740,3817873,34441434,69951,2493472,3682166,35245463,5496902,75310
1635290920.5992048,3704021,34498717,228010149,3732737,34424736,69064,2730185,3684513,35547955,5515876,77292
1635290920.6993277,3813791,34467108,228047812,3798930,34416894,73491,2705525,3615739,35041342,5439875,72460
1635290920.7994509,3808346,34505076,228064060,3799837,34507636,72939,2666031,3700403,35520786,5539920,76468
1635290920.899574,3694335,34412253,227971432,3656893,34603931,73296,2724659,3690917,35285972,5315506,72981
1635290920.9996967,3600769,34464964,227994946,3802881,34437251,69540,2744407,3628644,35357907,5556063,52601
1635290921.0998204,3807224,34423275,228050341,3813916,34466480,69964,2601448,3812894,35514137,5478091,76374
1635290921.1999426,3810915,34401363,227964945,3663650,34467087,69405,2726174,3679024,35425782,5505464,75143
1635290921.3000762,3651103,34449495,228073997,3811142,34396469,70443,2752593,3726528,35727486,5475423,76431
1635290921.400199,3792200,34422138,228016461,3699108,34360898,70335,2275360,3541936,34902290,5436342,68218
1635290921.5003219,3800787,34359225,228050277,3779908,34468748,70574,2688308,3698180,35405924,5513185,76226
1635290921.6004465,3655699,34486509,228088464,3786092,34396286,69416,2713192,3692240,35425756,5482368,66062
1635290921.70057,3822028,34355715,228002201,3783489,34403043,69982,2667754,3592150,35093025,5520405,75443
1635290921.8006938,3801512,34364978,228029695,3754084,34414439,70064,2560705,3725133,35569285,5481299,76190
1635290921.9008174,3560122,33742679,228049626,3698188,34373638,69568,2695516,3638435,35183790,5381746,66398
1635290922.0009544,3738120,33842325,228135535,3805255,34338297,69991,2432876,3647663,35314453,5473881,75606
1635290922.201205,3574014,34448150,228028807,3822259,34438753,73410,2726015,3673902,35597129,5546031,79063
1635290922.301329,3795149,34383150,227970975,3810727,34444012,73505,2545735,3704694,35330403,5414547,67914
1635290922.4014523,3794121,34467976,227997314,3658623,34424212,74935,2692686,3699069,35485122,5490517,74883
1635290922.6016996,3687548,35478724,5496705,75718,3803505,34373060,228054735,3743133,34533240,68770,2693831
1635290922.7018232,3650891,35086150,5442675,61135,3796606,34327582,228009108,3784646,34438599,70868,2574810
1635290922.801947,3696212,35454584,5489935,75871,3664744,34353716,228090882,3754126,34475415,69278,2718908
1635290922.9020708,3712465,35372668,5486183,75925,3742648,34347810,227979002,3715949,34327857,68634,2711178
1635290923.0021944,3496634,34971383,5579858,67383,3773637,34412105,228098088,3809082,34333377,70202,2455475
1635290923.1023183,3736572,35548640,4133959,75392,3750214,34215292,228101408,3681451,34317156,68309,2723588
1635290923.2024415,3716268,35415462,5493670,75469,3805720,34355532,228091155,3807989,34297899,69082,2616158
1635290923.3025641,3782214,34416746,228006642,3755812,34361009,69948,2619805,3745069,35363159,5421859,74091
1635290923.4026883,3758035,34398209,228033600,3681700,34356153,69868,2692521,3664914,35283711,5492430,75511
1635290923.5028117,3702002,34599113,229765619,3821557,34634199,71371,2725448,3709227,35779112,5424970,72731
1635290923.7030592,3708296,35318689,5523034,76205,3483817,34380197,228052470,3827332,34369792,70647,2732380
1635290923.8031828,3682296,35523371,5525491,76206,3818329,34373771,227926578,3809718,34395757,72828,2710529
1635290923.9033065,3705534,35272082,5449658,74764,3807581,34397442,228027602,3607576,34444837,73327,2589563
1635290924.00343,3694675,35273341,5527964,74623,3677069,34466219,227977720,3802163,34451362,72795,2632599
1635290924.1035535,3694571,35638795,5518388,75214,3646718,34440620,228076725,3720375,34433791,70060,2787266
1635290924.2036772,3701001,35354097,5378295,75305,3801797,34403174,228018232,3805803,34398122,69872,2384330
1635290924.3038013,3639230,35177388,5556549,73915,3787199,34614820,228108383,3675705,34441565,71424,2729754
1635290924.4039245,3679441,34453006,228078292,3746632,34494179,69292,2715000,3628816,35210677,5486738,75247
1635290924.504048,3752161,34451694,228014765,3790613,34483741,70494,2599298,4582383,35238442,5395153,67578
1635290924.6041718,3812706,34405042,227990837,3662077,34364747,68867,2704506,3695792,35472828,5512465,75227
1635290924.8044195,3716973,35465010,5510289,75145,3822305,34417789,227992046,3822030,34371134,69204,2747980
1635290924.9045448,3694573,35337577,5438957,75716,3821030,34398660,228011907,3701471,34262804,70631,2514385
1635290925.0046678,3732761,35469636,5523857,75891,3647222,34564713,227872104,3686889,34510534,68393,2723476
1635290925.1047907,3665449,35646827,5539859,76184,3778407,34393064,228013259,3818855,34536635,68327,2696653
1635290925.2049139,3689777,35065662,5426380,71903,3771133,34390033,228034763,3813944,34399452,70338,2736839
1635290925.305037,3706315,35437497,5525740,73645,3886995,34481936,228143896,3653090,34442818,73440,2734814
1635290925.40516,3700940,35462295,5512525,74810,3592774,34468773,228034865,3807906,34478138,71191,2700653
1635290925.505283,3812552,34371675,228067785,3808908,34447933,69595,2560178,3762695,35330498,5340349,74185
1635290925.605406,3808771,34361675,228057343,3661047,34462269,69695,2720568,3487575,35460435,5560123,75404
1635290925.705529,3665937,34392424,228037103,3812993,34459460,70037,2737338,3779701,35802916,5511417,76656
1635290925.9057748,3544767,35141437,5451197,66946,3794375,34465713,228032737,3651242,34444528,71067,2694619
1635290926.005898,3705660,35517908,5516635,74774,3573960,34527056,228103457,3729074,34380349,70464,2706059
1635290926.106022,3705631,35240342,5452640,75713,3816864,34476108,228004754,3805330,34349480,69811,2719520
1635290926.2061453,3613589,35055129,5559103,74339,3810479,34405997,228078111,3787723,34398355,70028,2514828
1635290926.3062682,3702369,35492534,5514962,73890,3802686,34365098,228030111,3707541,34474814,69377,2683105
1635290926.4063911,3705056,35611287,5436602,76645,3369489,34370354,228026745,3817599,34500547,70023,2528169
1635290926.506514,3619583,35214121,5499875,73787,3822473,34392250,228003798,3775494,34352374,69765,2686386
1635290926.6066382,3773560,34347985,228003489,3684607,34437404,69478,2715626,3697691,35465545,5514353,75440
1635290926.7067611,3666472,34494627,228056970,3818398,34454087,73026,2734073,3787183,36011961,5411208,68687
1635290926.806884,3799729,34490644,228066112,3733842,34352274,73596,2498501,3544484,35206065,5512042,73515
1635290927.0071304,3705687,35385975,5523146,74968,3835468,34525423,228024211,3793382,34438892,69532,2747304
1635290927.1072533,3709815,35383654,5419492,76384,3817708,34449434,228049160,3676828,34600461,72354,2575813
1635290927.207377,3629944,35057477,5546204,74008,3763671,34420671,228034797,3761652,34585752,69684,2643022
1635290927.3075001,3719398,35472513,5526722,74340,3722043,34492962,228023868,3805695,34515562,69151,2728078
1635290927.407623,3715947,35377551,5392754,71138,3861443,34551060,228038854,3781573,34406328,69248,2698499
1635290927.5077462,3823087,35473155,5580438,74067,3388656,34431606,228028350,3672964,34416957,69141,2709967
1635290927.607869,3726333,35572311,5537666,75570,3424038,34506688,228039320,3806660,34430772,68978,2713734
1635290927.7079926,3800512,34489586,227969407,3802821,34351548,69604,2572737,3694951,35235244,5520181,75351
1635290927.8081155,3805815,34468471,227977370,3667483,34451679,68575,2709800,3730218,35464402,5473888,73314
1635290927.9082384,3664369,34444306,228003391,3801020,34453491,69925,2708215,3542837,35634250,5516740,74703
1635290928.0083604,3745398,34388703,227994852,3805517,34484409,70390,2882992,3685460,35290711,5424431,69083
1635290928.1084979,3800651,34296719,228181739,3660463,34457306,69572,2498608,3676361,34828521,5152168,74132
1635290928.2086222,3697526,34440584,228096861,3818940,34379553,70352,2731172,3688575,35422654,5472920,62161
1635290928.3087451,3818007,34449460,228041145,3773589,34416217,73172,2707091,3601522,35200521,5585437,74171
1635290928.4088683,3816997,34414983,227898757,3801343,34443883,74126,2504862,3724549,35662015,5531470,74280
1635290928.508991,3680828,34372728,228010211,3595307,34506183,73486,2718180,3728827,35581749,5487738,75529
1635290928.6091142,3354148,34402250,228047313,3841469,34488821,70126,2566201,3627522,35124092,5492049,72250
1635290928.709237,3790345,34457346,228072358,3763689,34434668,70111,2714525,3718025,35464179,5513742,63059
1635290928.8093596,3782677,34499266,228187574,3684319,34472536,68999,2709724,3726725,35365340,5476158,73369
1635290928.9094825,3693344,34429859,227995507,3787882,34453945,70459,2709161,3700998,35432362,5466163,74771
1635290929.0096056,3798666,34391177,228003116,3717262,34456942,70021,2495662,3436257,34454947,5382165,71070
1635290929.1097288,3714681,34418999,228062032,3743872,34466406,70539,2242963,3727957,35399672,5581737,75109
1635290929.209852,3815197,34425872,228042308,3816381,34427687,71327,2690085,3768122,35605745,5442642,77497
1635290929.3099744,3821032,34392964,228016656,3676178,34359198,69763,2701635,3659290,35325087,5526936,73137
1635290929.4100718,3673216,34423279,227980653,3890666,34341656,70336,2621182,3718373,35653797,5489997,75544
1635290929.510195,3771851,34503264,227970255,3587816,34390099,69544,2731887,3688378,35364042,5421670,70455
1635290929.6103182,3796712,34408761,228018420,3816401,34475749,71626,2810322,3695966,35626305,5519053,73673
1635290929.7104418,3608240,34513339,228121471,3715905,34430382,70207,2745752,3695757,35572873,5513929,72918
1635290929.810566,3785035,34460997,228094133,3815373,34533828,72824,2728867,3669099,35190746,5434897,81836
1635290929.910689,3812153,34400835,228085442,3808909,34465270,72488,2608780,3760619,35302258,5543077,73952
1635290930.010813,3741904,34362622,228005537,3667546,34444584,72975,2711087,3715725,35309056,5223786,75971
1635290930.1109369,3669675,34485354,228080463,3807298,34340925,70144,2747363,3528717,35149737,5555601,73295
1635290930.211068,3814414,34393157,228083782,3743639,33413722,71292,2837345,3761561,35500691,5498215,66944
1635290930.3112001,3805532,34354683,228044902,3647255,34396828,68602,2641188,3668782,35463617,5530774,75695
1635290930.4113247,3774598,34350862,227983087,3773675,34120495,69555,2490213,3656579,35104290,5395956,66557
1635290930.5114486,3770762,34249763,227979910,3648219,34277157,69830,2645684,3672323,35122913,5502144,74216
1635290930.6115718,3639560,34285146,227989710,3770733,34265132,69475,2701710,3681522,35276021,5497160,76002
1635290930.7116954,3789256,34245295,228083126,3782270,34333130,70686,2710620,3463056,34700312,5435543,67670
1635290930.8118186,3390026,34185027,228016825,3708800,34267563,69988,2687387,3697754,35211535,5503151,74450
1635290930.9119415,4050839,34302665,228134577,3689452,34344079,69792,2713838,3693903,35334471,5385633,62056
1635290931.0120652,3781386,34239355,228081004,3806826,34269946,69073,2566533,3629762,35095122,5487167,73395
1635290931.1121883,3787518,34237860,228004637,3634663,34237288,69272,2704992,3651347,35623405,5484948,75160
1635290931.212312,3640287,34284724,228067189,3798079,34233411,68767,2697184,3537351,34941015,5433944,76611
1635290931.312435,3782476,34285699,228011585,3796783,34173919,70899,2715376,3635995,35004796,5438313,68410
1635290931.4125583,3754856,34252886,228095816,3632991,34288801,73092,2674962,3668783,35315863,5522425,75430
1635290931.5126815,3754121,34306920,228037566,3758487,34347200,76549,2712023,3699917,35407896,5392331,61197
1635290931.6128094,3790491,34226504,228073041,3636652,34229184,68394,2671765,3624828,34978303,5526085,74199
1635290931.7129333,3637021,34178594,227973832,3754277,34275618,73446,2553196,3705169,35316501,5513470,75584
1635290931.813057,3808236,34193859,227879016,3788799,34235544,68994,2746950,3547258,34859552,5424256,67844
1635290931.9131806,3777812,34063650,228000343,3786533,34207679,71014,2692304,3696525,35459970,5530299,67473
1635290932.0133045,3901335,34286587,228088664,3665250,34262063,69757,2756541,3698592,35361055,5448023,59899
1635290932.1134279,3567838,34347324,227975444,3803140,34233549,70044,2622162,3618855,35032376,5505508,72321
1635290932.2135513,3750356,34475241,228135856,3685846,34277322,70541,2637498,3712718,35335478,5440795,74280
1635290932.3136744,3730783,34375276,228008410,3746049,34322086,69568,2695895,3684311,34983406,5507156,74495
1635290932.4137976,3715539,34267793,228005219,3786893,34312228,69755,2579373,3769431,35362067,5506831,71201
1635290932.5139215,3791212,34243289,228077052,3642520,34334457,70375,2695946,3539523,35026627,5450347,74860
1635290932.6140454,3573216,34242571,228058363,3796200,34244931,70405,2610842,3756372,35415684,5498212,77811
1635290932.7141685,3801684,34236960,228009881,3789558,34242060,69261,2682667,3590889,35135785,5518572,74680
1635290932.8142915,3757750,34233711,228060816,3732701,34278655,69819,2567719,3694854,35622115,5512714,75212
1635290932.9144146,3624556,34367702,227994763,3791101,34230588,69314,2728965,3694379,35405130,5381228,73003
1635290933.0145383,3779036,34216514,228016599,3572172,34358677,72716,2381515,3601953,35101587,5517272,74302
1635290933.1146615,3619241,34291598,228103168,3744369,34267621,73812,2728307,3682945,35327968,5495342,76787
1635290933.214786,3823435,34331822,228001898,3772231,34374289,72494,2713254,3671642,35059515,5428638,69216
1635290933.3149087,3791725,34287928,228040186,3787461,34417702,69901,2489533,3701980,35372912,5529920,75846
1635290933.415032,3725647,34133817,227974063,3642344,34353716,69280,2697282,3683731,34848450,5361662,72557
1635290933.5151553,3679561,34251663,228054774,3806547,34317857,69233,2433520,3615413,35423646,5526830,80241
1635290933.6152785,3786978,34197925,228015169,3651649,34177333,70122,2742862,3672622,35307494,5472956,75372
1635290933.715402,3567252,34302726,228000501,3800853,34194153,70012,2709353,3666776,35401193,5492486,76653
1635290933.8155253,3774371,34265649,227959829,3779962,34158538,70873,2491466,3654877,34884761,5430294,71168
1635290933.9156477,3774345,34419743,228039400,3655804,34205435,69300,2666645,3670038,35299375,5506919,73226
1635290934.0157704,3676529,34243296,227980955,3766326,34230183,69061,2684544,3682145,35335435,5433698,76464
1635290934.1158936,3785440,34188933,228096212,3779141,34208133,70217,2412785,3605110,34979379,5506371,74593
1635290934.2160165,3541708,34171119,228071659,3571877,34240521,69704,2701336,3684519,35337025,5485956,76612
1635290934.3161395,3766545,34241127,227970419,3795628,34274160,70524,2697703,3635196,35127986,5421272,75182
1635290934.4162626,3777699,34224008,228305224,3790511,34123315,70341,2493249,3669067,35548486,5497260,74995
1635290934.516386,3796732,34240979,228063498,3644362,34219857,69358,2698164,3704520,35506897,5479111,75164
1635290934.6165097,3608789,34189298,227954859,3785519,34146226,69766,2341502,3616471,34987920,5327713,91812
1635290934.7166326,3778549,34195647,227938193,3623998,34218460,74250,2737245,3652180,35093600,5537110,60695
1635290934.816756,3543727,34316798,228020103,3786052,34337498,71971,2676102,3683869,35181334,5546109,76251
1635290934.9168794,3793378,34394084,227976622,3757020,34279971,71079,2693333,3673037,35037071,5476076,73386
1635290935.0170026,3785262,34230148,228023522,3629762,34327183,67617,2554644,3700011,35271048,5515902,74543
1635290935.1171262,3745070,34385800,228042992,3726805,34294409,69947,2513479,3695501,35291583,5494024,75786
1635290935.2172494,3787983,34303426,227904710,3784362,34311329,69059,2564327,3594259,34927465,5471754,68235
1635290935.3173718,3720377,34340628,228141405,3780125,34267147,71096,2678268,3703845,35480341,5533755,75644
1635290935.4174953,3762220,34340614,228088964,3678938,34288053,70009,2708617,3701004,35328873,5384834,68291
1635290935.5176182,3544954,34248507,228077826,3799618,34279235,70280,2681467,3782519,35157917,5524354,77618
1635290935.6177416,3774568,34390612,228069602,3648867,34196991,70394,2713826,3676687,35344610,5460120,69009
1635290935.7178645,3708102,34295668,228050015,3778807,34243825,70737,2692637,3665724,34981401,5483996,72962
1635290935.8179877,3793463,34313945,228022361,3768856,34199416,70261,2561199,3753983,35368262,5494852,81254
1635290935.9181104,3781213,34284845,228025449,3624993,34376143,69933,2748459,3679669,35334064,5460054,75256
1635290936.018233,3627435,34255492,227978448,3790914,34296654,70897,2516283,3639734,35273366,5498575,76862
1635290936.1183565,3790803,34265180,227958236,3797513,34227086,69078,2678196,3454276,35044097,5556773,69720
1635290936.2184792,3774844,34217524,228106079,3694093,34313764,70402,2556240,3699842,35458165,5520046,74950
1635290936.31861,3797340,34247420,228071520,3773004,34229487,73009,2714635,3701622,35414227,5407241,76466
1635290936.4187388,3781386,34239251,228094780,3548062,34177330,72706,2518361,3644513,34987995,5569056,75057
1635290936.518862,3660436,34397390,228056374,3734704,34291567,73687,2724520,3697006,35244985,5528333,75523
1635290936.618985,3774327,34288915,228064174,3788468,34337802,69937,2705589,3651953,34910150,5440221,71118
1635290936.7191072,3785985,34328939,228048073,3771560,34357437,70811,2670169,3711608,35336428,5551946,74563
1635290936.8192296,3733558,34251983,228080858,3626937,34410842,68984,2742759,3693565,35239178,5461248,78381
1635290936.9193528,3793900,34316602,228025925,3783118,34312212,69397,2692339,3617483,34851974,5388829,50901
1635290937.019476,3785769,34249420,228029813,3777119,34212470,71275,2589413,3670005,35402670,5500129,74041
1635290937.1195993,3750691,34242240,228046759,3687120,34239492,68842,2706572,3689169,35367559,5514630,75824
1635290937.2197218,3662744,34315286,227970557,3793449,34257576,70006,2680759,3712206,35409030,5335259,71682
1635290937.3198442,3781054,34238650,228045183,3649855,34215221,70382,2304999,3799512,35182112,5555983,75251
1635290937.419967,3520795,34294225,228042505,3775385,34306234,69211,2730206,3713561,35405215,5507385,74945
1635290937.5200777,3794157,34246120,227878235,3774610,34257827,68432,2727861,3645635,35020873,5416904,74126
1635290937.6202016,3804498,34202329,227957209,3775663,34260545,70596,2543558,3671464,35493395,5510443,74968
1635290937.7203252,3609032,34219138,228065402,3647857,34403110,69736,2677494,3696526,35304986,5386979,72697
1635290937.8204489,3775233,34338305,228147059,3790264,34265836,72870,2678696,3714392,35078572,5517634,74694
1635290937.9205725,3788684,34193124,227973343,3690072,34295806,74542,2724976,3713914,35354362,5487461,75499
1635290938.1208196,3781462,34246888,228054391,3790316,34258287,69323,2592264,3761605,35304086,5406597,75376
1635290938.2209425,3782895,34291779,228039667,3633215,34331258,69222,2744544,3540083,34910943,5518823,75451
1635290938.3210661,3637344,34332209,228020504,3781902,34220047,69638,2689005,3703341,35258616,5490019,77469
1635290938.521324,3494233,34788938,5425600,68509,3791326,34205142,228512777,3682243,34312509,69355,2725529
1635290938.6214495,3686205,35344876,5500108,75375,3814831,34353736,228115778,3561159,34250328,69586,2690974
1635290938.7215738,3699026,35220821,5387855,62761,3787569,34210098,228087278,3795953,34318127,69204,2561038
1635290938.8216975,3660709,35100026,5528570,75483,3705050,34246860,228210200,3703171,34270964,69480,2696773
1635290938.9218214,3694245,35431611,5500437,77194,2704218,35597586,237317682,3949583,35694656,72862,2816824
1635290939.0219452,3805005,36457907,4428492,148452,3769493,34214100,228215882,3661213,34332052,68997,2681453
1635290939.1220686,3708133,35210754,5398175,75416,3793547,34441053,228212531,3800461,34332599,70211,2356911
1635290939.222193,3770124,34355617,228186424,3635956,34377558,69272,2703922,3729077,35194327,5438223,74757
1635290939.322317,3646680,34297195,228215685,3782763,34404924,70070,2689458,3462500,35192645,5521294,76227
1635290939.4224408,3799067,34276910,228191164,3789743,34301538,69843,2380902,3479033,34784049,5534574,69317
1635290939.6226878,3704302,35370751,5505707,73640,3790313,34257913,228252125,3814082,34155909,74763,2717333
1635290939.7228112,3691546,35389712,5407552,74941,3792348,34272055,228193821,3592445,34203793,72148,2515595
1635290939.8229346,3628300,35090495,5547713,73258,3622475,34321970,228258616,3777281,34334348,73724,2708467
1635290939.9230583,3698364,35417713,5523722,75077,3752914,34371179,228186828,3768795,34339474,70479,2726165
1635290940.0231822,3681511,35018775,5377453,70191,3776173,34268772,228109443,3790907,34293906,70165,2749799
1635290940.1233056,3705049,35234789,5509204,74066,3767280,34358078,228218627,3636812,34406330,70135,2721716
1635290940.223429,3701718,35315587,5510926,75605,3764093,34392135,228161297,3780816,34384927,69476,2666835
1635290940.323553,3790844,34275046,228159356,3758513,34314500,69620,2577643,3702175,35293142,5496390,73201
1635290940.4236765,3744159,34257212,228157632,3690009,34311897,69626,2682967,3465317,35298958,5521565,74491
1635290940.5237992,3689301,34353118,228247397,3793605,34282578,70523,2695885,3748700,35329114,5394170,71461
1635290940.724046,3728426,35502524,5504719,74396,3585173,34318270,228189215,3793911,34193321,70870,2698635
1635290940.8241694,3698527,35439735,5497646,74549,3776689,34340112,228258703,3737086,34283855,69342,2736040
1635290940.9242928,3621665,35025831,5421447,74103,3783918,34289745,228108605,3773623,34290939,70187,2562555
1635290941.0244164,3692045,35382130,5510901,75160,3644908,34269137,228217967,3761852,34254328,69417,2708554
1635290941.1245399,3693030,35322035,5424507,70676,3664745,34341171,228255452,3676522,34331008,73211,2713839
1635290941.2246635,3712630,35045016,5522592,73835,4125120,34336244,228293889,3673022,34298772,72833,2720018
1635290941.3247864,3711644,35314985,5522989,73844,3403693,34187320,228242332,3774813,34221098,73011,2699046
1635290941.4751325,3815386,34481535,229254295,3811882,34433009,69657,2582739,3757241,35687701,5511533,73967
1635290941.5752609,3792923,34252557,228206167,3615707,33997523,68948,2720529,3432990,34407902,5422332,73599
1635290941.6753852,3641040,34310914,228182571,3800351,34407048,68909,2604351,4167295,35896368,5397996,71394
1635290941.875634,3621864,34918200,5256699,96608,3679611,33851055,226376020,3680616,33804279,63212,2616440
1635290941.9757578,3621811,34859471,5410055,117917,3607425,33522497,220315242,3491613,31113334,56944,2580774
