1635339224.9111679,9082027,79460876,570351742,8959912,85297401,178398,7260164,9120663,84449591,13517579,323908
1635339225.0112944,8753244,75822087,545019435,8656086,75687042,196910,7829495,8686138,80601898,12989884,284086
1635339225.2115433,7740491,8573978,79383314,12807410,290556,8761682,76594478,552847811,8840535,77260934,192684
1635339225.3116677,7932300,8697613,80316373,12996227,298419,8860241,77500324,558918337,8886850,78004028,199358
1635339225.4117913,8059271,8913185,80993278,13051898,309418,9129204,79712877,575865394,9179717,79369939,208337
1635339225.5119154,8254784,9001582,83170450,13537293,327078,9165365,78705220,571964750,9135760,79920822,200260
1635339225.612039,8316017,9062024,83769285,13550467,333998,9260688,81423680,586263380,9375155,82483349,234162
1635339225.712163,8128630,9078845,84861376,13658445,309264,9492999,82226777,588310039,9372092,82199674,201038
1635339225.8122878,8458282,9276030,86687524,13988870,339824,9194851,80233492,577711411,9174816,80663852,178466
1635339225.9124131,8198689,9189716,84825077,13456988,320891,9714769,84739376,610678976,9814158,86403948,203913
1635339226.0125434,8761437,9578551,88982223,14342506,337689,10088283,85997862,622049837,9791502,85932286,211512
1635339226.1126678,8972414,9909654,91397947,14770249,346180,9931654,86805560,624020597,9896402,87909728,209869
1635339226.2127938,8937290,9893505,92455154,14726601,342359,10112941,89390892,633957359,10234741,88794265,206293
1635339226.3129175,9098113,10013833,93047212,14845673,342736,10247254,90288505,645578651,10275925,90367347,209814
1635339226.413041,9257814,10161429,94907785,15091470,365820,10449111,91506383,659198746,10483137,91782022,225055
1635339226.513165,9563297,10488547,97521202,15534118,377093,10608009,93395821,664037647,10741215,94095367,217268
1635339226.613289,9553953,10344354,96959541,15565284,364778,10829015,95196445,670778366,10792729,95116044,199161
1635339226.7134135,9820024,10846212,101020420,16100111,398663,10880865,96045675,675830713,10908504,95959006,201493
1635339226.8135378,9921709,10926993,101742107,16234782,393848,10675296,94770027,666754389,10766052,94978144,198350
1635339226.963735,9688740,10682270,99651670,16038335,402402,11144115,98345634,691658285,11156822,98472225,207063
1635339227.0638604,10212682,11178310,104283805,16808781,406658,11124841,98379905,690831313,11161452,99021956,205799
1635339227.1639845,10093253,11057679,103248837,16593741,408287,11097811,98221694,690537993,11115269,98513406,205009
1635339227.2641463,10194945,11130435,103756625,16646807,414708,11340705,100892749,705710256,11427196,100896247,210754
1635339227.3642974,10352076,11341925,105940125,16974077,422117,11331370,100142019,701710607,11279237,101541019,210594
1635339227.4644241,10329442,11320528,105653854,16898192,405521,11569623,102345158,717605129,11617688,102743624,212452
1635339227.564545,10766891,12898595,106802144,17269869,427427,11631362,102895070,720671471,11753557,103547965,216336
1635339227.6646645,10643653,11607284,108233642,17409759,429197,11588195,102977131,721270590,11646152,103452262,215437
1635339227.7647843,10625877,11563885,108154635,17336027,435652,11581352,103035101,721907451,11680544,103783683,218891
1635339227.8649046,10573785,11613966,109249675,17452293,429129,11275696,100132776,702521560,11366889,100574528,211841
1635339227.965025,10103798,11335448,105506270,16973137,414226,11667040,103694348,720645953,11647005,102946060,219685
1635339228.0651448,10574973,11572894,108339436,17398779,421402,11751061,104398176,730801375,11831922,104782896,220587
1635339228.1652634,10640163,11665440,108544735,17495472,435326,11851057,105079470,735443016,11919744,104985571,222362
1635339228.265382,10747359,11825286,110070151,17679830,426319,11800341,105092379,731519953,11902552,104570248,217032
1635339228.3655007,10796994,11744043,109763821,17641717,438897,11808758,105370954,732746515,11819347,105382265,220041
1635339228.4656315,10688682,11763707,110178081,17663253,433333,11857646,104999666,737163757,11612613,102214292,223011
1635339228.5657535,10479668,11796347,110186022,17870982,437362,12101155,106637178,749627511,12144924,106771491,232951
1635339228.6658728,10866787,12091123,112550210,18096429,442512,12053845,106211828,744971089,12101301,107054132,226377
1635339228.7659917,11115499,11989207,111867083,17969521,441701,11984932,106124625,743542838,12057260,106607309,227294
1635339228.8661106,10928385,11939002,111543619,17922410,442119,11849258,104423153,733278020,11877722,104464611,227161
1635339228.96623,10693459,11697275,109178416,17708258,430747,12014248,106329930,745996157,12072023,106822713,223962
1635339229.0663495,11042326,12018066,112017743,17987777,450290,12024764,106240684,743844851,12074124,106716701,225379
1635339229.166468,10976327,11947352,111639472,17913917,439550,11945922,106181253,739344863,12018245,106306655,225496
1635339229.2665863,10868097,11902054,111229185,17859538,439109,11866257,105394120,737217699,11938670,105894503,221596
1635339229.3667057,10763232,11851889,110682687,17774411,442680,11889886,105551332,737242435,11942248,105727802,222558
1635339229.466824,10793470,11879031,111236978,17772418,439878,11883424,106168724,739923242,11967737,106433423,222917
1635339229.5669422,10749823,11955435,111389662,17764200,433046,11987845,106050326,741001532,12009843,106604460,224972
1635339229.6670616,10893751,11950647,112032180,17939855,436464,12079048,106647526,745819332,12187817,107507303,228278
1635339229.7671802,10950494,12013066,111786538,17969168,443799,12062228,106869142,746359073,12142355,107120496,225543
1635339229.867299,11099981,11984459,111861824,17944973,450867,11604795,103107100,718986781,11635704,103354039,218322
1635339229.9674191,10539964,11553755,108861273,17387969,424487,11925490,106234382,738684696,11952908,106250355,223118
1635339230.067539,10830124,11879412,111637747,17901327,437779,11995006,105770721,738906800,11978319,106217252,222905
1635339230.1676576,11007790,11932189,111716219,17931331,441149,12078733,106841241,744785387,12151506,106736345,229524
1635339230.2677765,11119037,11981404,111663381,18012367,449386,12050757,106666816,746801498,12196103,107380503,222941
1635339230.3678954,11130365,12013784,112053575,18035911,445658,12065908,106661034,746159892,12114807,106907108,225479
1635339230.4680145,11096022,11971073,111980366,18088217,443339,12004620,106278010,741924536,12047229,106569834,221835
1635339230.5681393,10817118,11910275,111214638,17894608,439369,11987097,105994416,740352900,11984607,106369605,224376
1635339230.6684518,10934875,11936523,111564015,17913106,437990,11998189,105279667,736705449,12026127,106161694,221103
1635339230.7685711,10904465,11845283,111287051,17841328,439212,11960199,106287179,742362063,12013844,106472605,224637
1635339230.86869,10901729,11875242,111032655,17921608,443205,11653770,103447359,726014512,11754597,104003423,217650
1635339230.9688082,10581537,11643303,108816241,17462310,435220,11840363,106806927,739159058,11892578,105918076,226330
1635339231.068927,10776214,12327224,109364398,17736337,435213,11777828,104486857,728239398,11813255,105318804,219087
1635339231.1690478,10648001,11742850,109935653,17641635,425088,11798257,105481304,733253926,11862636,105503743,219083
1635339231.2691667,10766198,11793059,110698665,17592700,407882,11829664,105383661,732880226,11849171,105612169,216717
1635339231.3692853,10713671,11751266,110632662,17689295,421539,11793622,105153398,731580441,11812533,105433239,221680
1635339231.4694045,10854409,11770883,110618616,17687263,421411,11554101,102830466,718771301,11740854,104188997,219498
1635339231.5695226,10598989,11520816,107252545,16567081,421860,11172478,99785266,716346402,11387903,102850160,216165
1635339231.6696408,10508617,11514937,107286627,17000930,427041,11783428,105023317,733529640,11831081,105796906,220279
1635339231.769759,9866103,11224054,110513573,17755536,426527,11766707,105007268,731139076,11854788,105091910,221277
1635339231.8698773,10803085,11779695,110068266,17677413,422900,11470126,102673629,713737160,11471070,102554716,216656
1635339231.9700131,10359747,11395104,107039102,17201103,417868,11763698,104863944,731456131,11790784,105336221,216192
1635339232.070133,10807051,11827697,111003421,17789711,419367,11836658,105635185,736027094,11887780,105348684,220192
1635339232.1702518,10881101,11842270,110677689,17830519,430061,11704213,104847120,734577697,11863476,105824759,222765
1635339232.270371,10746036,11754630,110058928,17712646,419839,11664908,104640821,727017261,11679945,104851323,219858
1635339232.3704898,10511686,11715273,109931862,17612060,419510,11838491,106164685,738416645,11833345,105121558,221791
1635339232.4706094,10934644,11835429,110363462,17727656,428874,11830208,105057850,733490724,11950100,106403940,222797
1635339232.5707273,10824728,11797917,110742520,17764855,422221,11757996,105118468,728797436,11803473,104774411,217552
1635339232.6708462,10730346,11710664,109861444,17653603,413841,11631557,104136148,725091265,11697478,105248765,215756
1635339232.7709646,10542058,11756306,109659312,17529859,428312,11592450,104583096,724449071,11611727,104371803,219637
1635339232.8710833,10463945,11645567,109327573,17515706,422083,11418636,101261386,706898946,11457120,102526059,211062
1635339232.9712021,10278373,11462179,107543199,17208242,413079,11698689,104436505,726771375,11679601,105463968,217845
1635339233.0713205,10534190,11711030,109241424,17500585,421837,11651351,104365840,726245150,11664021,104736385,217247
1635339233.1714392,10567330,11880195,110541435,17613564,421791,11626163,104013077,723157157,11678721,104690024,211782
1635339233.2715576,10439390,11676782,109641345,17541380,416840,11627369,104312057,726192540,11748617,105150400,218334
1635339233.371677,10505957,11700503,110001293,17544774,424640,11718287,105274616,731716428,11698604,104705229,221538
1635339233.471795,10283477,11714861,110087378,17653009,417262,11660397,104435790,726099362,11731089,104584722,215986
1635339233.5719135,10588225,11704824,109916851,17624672,421647,11656852,104576892,727989850,11719986,104707601,215424
1635339233.672033,10413359,11773404,110167555,17640411,428003,11647469,104896507,728668540,11722823,105022586,215922
1635339233.7721524,10589115,11657146,109645608,17556635,422825,11698042,105025939,728801132,11721361,104816564,215596
1635339233.8722706,10556606,11662414,109532436,17618265,412849,11359350,102042315,711744052,11444252,102536852,214722
1635339233.972391,10342140,11438595,107284556,17121107,414252,11685918,104756765,727429686,11707279,104529270,216922
1635339234.0725112,10626692,11721802,109671309,17629527,419318,11673763,104532575,726973948,11728613,104755702,217183
1635339234.1726305,10490756,11746379,110202032,17587562,421483,11619802,103977470,727606708,11742909,105319876,218064
1635339234.2727516,10539195,11662830,109467787,17522088,428602,11670576,104901142,727026794,11711834,104777249,218885
1635339234.3728707,10532113,11671392,109597219,17604299,420781,11653605,104693021,726666397,11692314,104481862,220053
1635339234.472989,10544692,11716811,109985597,17611138,425308,11659681,104537252,727727739,11753213,105121100,217666
1635339234.5731075,10628705,11677212,109501142,17566900,424462,11699915,104899483,727696035,11711433,104535349,216133
1635339234.6732256,10506013,11671815,109998638,17672947,423001,11683884,104892313,728815450,11717312,104912451,222751
1635339234.773344,10590893,11759538,110290720,17628775,416521,11696260,104807611,726947145,11758227,105367124,218136
1635339234.873462,10579641,11765925,109870720,17581542,414797,11407987,102392846,711863469,11470495,102865420,216969
1635339234.9735804,10358494,11431824,107409839,17156376,420967,11704679,105170968,728719391,11747030,104841767,222030
1635339235.0736992,10608487,11715830,109538038,17639765,420953,11683922,104449343,726008097,11732607,104741205,219872
1635339235.173817,10596069,11704532,109687103,17610806,417277,11717863,104991406,728245791,11817440,105271237,221785
1635339235.2739353,10531271,11766817,110405854,17645149,416874,11743233,105284875,730098750,11772204,104635924,219644
1635339235.374055,10399334,11740482,109887125,17622730,418132,11660617,104727284,727916761,11755940,105184121,227630
1635339235.474173,10631034,11724379,109895390,17686404,420722,11759780,105109036,731279562,11826894,105467245,225751
1635339235.5742915,10650970,11729723,109694106,17695300,416965,11792952,105270314,731022049,11843696,105413852,224412
1635339235.6744096,10619159,11802578,110070702,17675208,422760,11801857,106008931,734346028,11861393,105965012,216656
1635339235.7745285,10053536,12811320,106185245,17633278,431983,11642503,104146565,725504379,11703029,104600193,221229
1635339235.8746486,10523807,11682159,109262413,17601276,421748,11397829,102238939,712004070,11517934,103057001,217311
1635339235.9747667,10407282,11475877,107796695,17339938,411926,11720333,104401871,730121478,11644179,105469726,222724
1635339236.0748858,10648347,11761244,110077884,17703362,422510,11687856,104680012,726620616,11744584,105088264,221566
1635339236.1750042,10523356,11734209,109761515,17629922,415002,11718658,105165713,727009332,11719010,104957796,222224
1635339236.2751226,10584261,11698084,109410412,17554418,423602,11730449,104833145,728219295,11748727,104872697,225257
1635339236.3752415,10628815,11701579,109772651,17638661,416957,11680216,104535382,726435879,11739694,105081995,224850
1635339236.4753597,10502514,11757698,110050002,17606659,419919,11668638,104881700,727313386,11727517,104694248,218404
1635339236.5754778,10519851,11694344,109685664,17589570,422234,11714083,104911380,727819941,11731097,104976730,220328
1635339236.6756375,10677395,11648906,109466058,17633611,422141,11729784,104581024,726777759,11713245,104779276,224353
1635339236.7758243,10613347,11748612,108384437,16605446,419789,11383097,101833549,709033190,11396316,101804362,215046
1635339236.8759475,10336246,11335225,104718012,13505349,409822,11650820,104571086,725945607,11734950,104737318,220469
1635339236.976068,10565355,11697140,109403499,17538964,417243,11759144,104886209,730711709,11778359,105134835,220616
1635339237.0761867,10755348,11824775,110506039,17756267,425891,11677588,104692905,726678345,11702035,105002783,221047
1635339237.176306,10481971,11724380,109497278,17570661,422692,11676610,104768624,727157280,11773277,104992270,223335
1635339237.2764242,10619041,11751408,109935781,17594775,416890,11676567,104666101,727720496,11755560,104812723,220720
1635339237.3765435,10498260,11752084,109783200,17634402,421331,11680173,104497558,726931823,11687085,105091777,221996
1635339237.4766612,10505571,11744167,109818060,17635960,416114,11628430,104643587,725510244,11718316,104612303,224252
1635339237.5767796,10505411,11706825,109743215,17611401,420389,11708721,104841686,727656956,11724164,104861976,219742
1635339237.6768982,10469031,11710848,109764307,17580251,423433,11678187,104464269,725789335,11766014,104833679,220546
1635339237.7770166,10584986,11709799,109888634,17605849,418438,11335834,102585336,712634400,11500975,102727711,218213
1635339237.877135,10323948,11439244,106631484,15200254,409171,11528648,103227686,716539316,11553413,103076698,218945
1635339237.9772537,10486489,11572636,107801426,17351309,413991,11670041,104527069,726131843,11694303,104648318,224932
1635339238.077372,10468928,11746905,109815794,17560797,414481,11625422,104433908,727198251,11736071,105151029,222608
1635339238.177491,10584006,11685914,109874961,17633131,424783,11654731,104794756,726699850,11695137,104759429,221348
1635339238.2776089,10628308,11694475,110088875,17696924,418094,11680910,104697955,725613566,11682171,104246867,223126
1635339238.3777275,10585374,11718575,109978399,17635579,414605,11644456,104752522,728193403,11722621,105217412,218362
1635339238.4778488,10535602,11673778,109069945,17537579,426743,11667708,104608489,726838477,11724013,104641624,221538
1635339238.5779684,10626305,11693551,109806159,17626733,410181,11625939,104645126,727246177,11732428,105025894,223774
1635339238.678087,10577975,11725820,109793465,17646972,421340,11686980,105403829,729374237,11749443,104980303,220062
1635339238.7782047,10633220,11708780,109287800,17623784,422087,11430402,102293907,711557003,11435351,102037303,212664
1635339238.878337,10371190,11554763,107752068,17297572,409800,11655516,103636123,727645466,11596704,105012806,218359
1635339238.9784734,10630776,11731770,109901817,17635639,421817,11734489,104820078,727987635,11728820,104749450,220780
1635339239.078596,10460404,11738413,109667694,17567828,426837,11745655,104760455,729749602,11767888,105227780,221149
1635339239.2289186,10645982,11748460,110275433,17612897,420325,11775408,105395693,731070343,11798272,104755369,219344
1635339239.329037,10833530,11707845,109828936,17739149,424043,11743006,104811692,728664985,11784856,104870697,220709
1635339239.4291553,10664451,11737223,110122762,17680119,417216,11740892,104847873,730014080,11798535,105584719,224699
1635339239.5292737,10317439,11768111,109971350,17623730,427075,11646396,104804528,727116331,11754714,105127276,221188
1635339239.629392,10555377,11686214,109723013,17641879,421995,11660501,104535059,726516237,11736952,105003862,217432
1635339239.72951,10498383,11711610,109294912,17572612,416733,11728743,105238410,728825407,11741977,104668750,220726
1635339239.8296282,10648319,11660720,109377237,17558749,432011,11433619,102084797,710733371,11441102,101387338,213325
1635339239.929747,10268568,11527499,108209153,17277757,411883,11653866,104111770,727038702,11776356,105612070,223669
1635339240.0298657,10446317,11697988,109312682,17597359,422070,11715003,105549750,728853871,11735504,104759143,220249
1635339240.230128,11837446,110938736,17649157,424487,11661297,104240413,727146322,11895144,105744895,219647,10611828
1635339240.3302479,11718491,110002194,17629038,424878,11592887,104023198,728847122,11729525,105014777,223575,10562299
1635339240.430367,11714365,109694530,17628798,429502,11672235,104581047,727540480,11729180,105002860,224200,10607617
1635339240.5304859,11728362,109806725,17610825,416585,11719516,104944321,727667359,11729086,104664031,218316,10709217
1635339240.6306038,11714480,109584651,17628214,419485,11729202,104926783,728266443,11755528,104616458,224238,10598605
1635339240.730724,11716183,109884897,17598625,418363,11773206,104856245,728674964,11754839,104848241,223477,10584503
1635339240.8308437,11760569,110286650,17738825,432271,11447263,102789058,714286407,11482613,102452227,219140,10446300
1635339240.9309623,11497701,107682756,17208623,410087,11664456,104312240,727618723,11750092,105125740,220203,10574235
1635339241.0310812,11720736,109717548,17631039,416587,11752973,105439207,731140407,11766051,105285832,221240,10566756
1635339241.1312006,11763779,109586100,17543269,428336,11721695,104942687,728687912,11670098,103759585,223366,10708528
1635339241.231319,11707478,109960827,17696353,408040,11640273,103791818,725234294,11715869,104917413,222235,10514067
1635339241.3314378,11683838,109452977,17631103,425641,11726683,105241561,727750882,11751872,104941220,226586,10684468
1635339241.431557,11668448,109063006,17481335,419023,11754041,104986623,729662184,11812366,105214863,224007,10726068
1635339241.5316758,11758336,109963043,17635927,429545,11633066,101861636,730991599,11270708,103412108,222371,10765040
1635339241.6317945,11767308,110654841,17585245,422309,11275993,100446822,701115074,11325029,100962561,214741,10236895
1635339241.731914,11282607,105461704,16851533,406417,11781254,105619728,730366827,11792618,104755779,223351,10615055
1635339241.8320334,11650878,109711389,17603560,424102,11530067,102049027,716053075,11580161,103101318,220476,10488895
1635339241.9321523,11512340,108000345,17387579,408460,11003174,99128692,723449522,11528543,104579338,220619,10425604
1635339242.0322723,11635409,110636742,17381345,415125,11538277,104136624,719986644,11565635,104054704,225637,10033372
1635339242.1323924,11561845,109056684,17440730,408848,11462443,103452353,719998803,11549951,103901438,222540,10333260
1635339242.2325115,11504447,108696029,17338598,407975,11518349,103905867,720086163,11513593,103515495,222881,10232805
1635339242.33263,11614169,109545931,17475792,407923,11522558,103919153,718757538,11556295,104056342,216233,10311660
1635339242.432749,11557609,108736618,17374525,416025,11522631,103647872,718138635,11551406,103872161,218555,10385663
1635339242.5328674,11555575,108895872,17435410,410374,11463870,103518966,718396253,11588665,104098637,216877,10285269
1635339242.6329865,11570966,108644735,17360297,412417,11527625,103961767,718152420,11536777,104039615,216366,10203239
1635339242.7331052,11534278,108653281,17288538,417668,11585617,104178457,720478497,11542942,104103416,222054,10384476
1635339242.8332233,11627917,109322989,17452034,411377,11294851,101302735,703119098,11291454,101890441,219561,10153650
1635339242.933342,11331845,106410687,17032961,402241,11573392,104120979,719494208,11575926,104318706,216568,10339060
1635339243.0334613,11560242,108492460,17376789,415236,11619315,104123510,719861217,11568236,104050631,218229,10459123
1635339243.1335793,11589535,109143579,17442088,414555,11595624,104015155,719826686,11539870,103988582,224645,10404684
1635339243.233697,11679481,109256000,17489616,413168,11564599,103884499,720878622,11589353,104458285,220392,10237613
1635339243.3338165,12472347,107513446,17462953,413467,11563677,104259730,719874030,11585122,104067715,217491,10406523
1635339243.4339354,11605180,108398277,17398220,413154,11593847,104238219,721111154,11617341,104263747,219932,10344214
1635339243.5340533,11637257,109133662,17461962,415646,11579294,104118274,720400386,11555622,104122849,218650,10482766
1635339243.6341722,11654004,109194306,17434033,416838,11586810,103993009,721141526,11617905,104241612,220020,10451657
1635339243.7342901,11624974,109291974,17483052,414585,11585940,103679712,720493079,11563872,104241959,220609,10366244
1635339243.8344088,11622707,108849551,17579164,415757,11360572,100548529,706775533,11420411,102463160,218205,10323313
1635339243.9345272,11348018,106579435,17107742,402290,11614711,103993509,721056773,11622695,104562080,219032,10493368
1635339244.0346456,11606424,108940849,17463672,414856,11574167,104490112,721887947,11621048,104060859,221724,10405226
1635339244.134763,11621226,109322641,17484765,414215,11584233,104023842,721400456,11597756,103943905,217757,10490465
1635339244.234881,11621197,109136675,17473414,414817,11547536,103581788,720217039,11601540,104659007,219838,10439315
1635339244.3349988,11629903,108912557,17444746,411564,11656065,104453539,723316419,11654405,104492619,216754,10512783
1635339244.435117,11646642,108906780,17528794,415167,11561115,103814584,718913465,11530030,103729992,216782,10433844
1635339244.5352354,11606131,108946645,17462393,410508,11546272,103391277,720468662,11578941,104287787,222370,10509949
1635339244.635353,11613487,108567230,17435036,413938,11579410,104204597,720667379,11609337,104070936,218546,10396107
1635339244.7354712,11557180,108338909,17304331,414967,11619656,104083745,722124855,11587869,104147842,217978,10587600
1635339244.8355896,11691178,107297750,16351333,413413,11277800,100746030,701992300,11294821,101887523,216905,10203902
1635339244.9357076,11325577,105840463,17021211,404887,11580718,103715167,721103655,11620871,104519123,217897,10437852
1635339245.0358455,11610541,108740838,17448662,411679,11516704,103029143,716267475,11523651,103329846,217881,10397140
1635339245.1359675,11545243,108038680,17427987,419809,11567810,103945909,720178730,11547746,103858615,218885,10426989
1635339245.236087,11669414,109157165,17481877,415100,11592539,103723288,720993989,11589480,104546404,217492,10505852
1635339245.336207,11659498,109055506,17487514,415156,11596034,104129007,721602323,11601413,104424595,218720,10402678
1635339245.4363253,11589321,108737137,17474910,413867,11616346,104625335,722940296,11581590,103953633,217990,10520984
1635339245.5364435,11639656,109206957,17458239,414043,11586773,103891684,721598836,11580923,104282281,220099,10356734
1635339245.6365619,11642024,109062811,17441682,415032,11547243,103635142,719768954,11548035,104341813,220215,10473800
1635339245.7366803,11658765,109482223,17524866,411967,11522932,104061520,718520594,11543677,103650271,218665,10403177
1635339245.8367982,11571842,108961908,17430803,412200,11310350,101627837,704904412,11317047,101997606,217261,10052532
1635339245.936917,11316648,106883314,17109582,406342,11595711,104240187,722038068,11610115,104326340,219759,10316997
1635339246.0370367,11600120,109288887,17506567,416599,11582869,104066666,721920049,11600082,104355621,218845,10344251
1635339246.1371546,11642027,109426208,17507044,411143,11613336,104229368,723065529,11558788,104830596,219590,10499324
1635339246.237281,11622064,108661398,17521002,411278,11642673,104293944,722055589,11577518,104061839,221698,10439110
1635339246.3374069,11683419,109689569,17563707,415611,11553950,104227521,720877355,11571172,104051630,217801,10420882
1635339246.4375312,11562963,108773618,17409932,411813,11566667,103949329,720600678,11523992,103862574,218703,10468776
1635339246.5376546,11594805,109088768,17467794,413197,11561178,104196770,723059673,11635839,104648557,219250,10429362
1635339246.637779,11669815,109560386,17497758,416227,11626224,104330864,722575822,11600281,104328403,222697,10485635
1635339246.7379022,11646737,109059098,17594655,413011,11587014,104343884,723966507,11609920,104179383,222396,10570002
1635339246.838027,11632543,109257064,17478893,415151,11337854,101546664,706606959,11330760,101718814,219057,10266699
1635339246.9381588,11420992,107210379,17168495,406486,11522225,104005691,722184576,11628255,104430754,217738,10493099
1635339247.0382857,11599082,109063631,17467835,417960,11642830,104531118,724290818,11607038,104524267,218747,10495137
1635339247.1384199,11621824,109090468,17483038,415080,11588950,103730856,721551571,11588337,104549217,219428,10462759
1635339247.2385504,11658176,109583820,17533680,412570,11648959,103870095,724112378,11664431,104688041,218874,10591487
1635339247.338675,11681300,109849127,17573952,418851,11624223,104234054,724767489,11634279,104514088,221479,10525366
1635339247.438799,11658476,108693574,17508177,406135,11538757,104174617,725616475,11690657,105023798,219251,10573215
1635339247.5389223,11687363,109537425,16527892,414328,11750274,104890175,728875720,11732315,104321014,218927,10660442
1635339247.6390445,11732839,108903704,16322110,411829,11634956,104018776,723694433,11649140,104593496,220596,10407181
1635339247.739168,11676960,109472647,17513703,403909,11608732,104571323,723908146,11597130,104224293,221735,10458808
1635339247.8392916,11660798,109421117,17484691,415759,11226136,100714969,701848717,11281745,101388940,222000,10190307
1635339247.939426,11285160,106207142,16923792,402173,11555881,103775042,721685072,11607501,104179840,222008,10472325
1635339248.0395544,11592439,108994088,17450905,413216,11612045,104191545,723167337,11633274,104388576,219644,10515584
1635339248.1396782,11639406,109556803,17536204,418888,11631962,104104373,723785080,11633768,104539739,221391,10513803
1635339248.2398016,11684601,109538156,17555244,411519,11702768,104444169,727727249,11714479,105011768,225517,10576888
1635339248.3399243,11747364,110228442,17598545,422477,11721011,104576550,727432392,11719846,104798585,224078,10660396
1635339248.4400704,11742728,109999673,17608888,416470,11771909,105062721,729562872,11732650,104731766,221686,10619801
1635339248.540194,11743611,109727480,17658474,413139,11645151,104374644,725162640,11657215,104530012,222713,10611994
1635339248.6403174,11706270,109436557,17495832,419219,11605494,104011672,724110467,11675331,104772621,217844,10512338
1635339248.740441,11622456,109885303,17514932,415098,11682348,104555154,724932691,11630323,104467482,220169,10481520
1635339248.8405647,11609738,109355092,17515408,416033,11361715,101723153,708126306,11363662,102279722,219469,10307594
1635339248.9406972,11444168,107237869,17153752,402076,11600792,104548192,726035375,11600076,104139709,219867,10494508
1635339249.040828,11639087,109498555,17497613,420375,11714380,105304711,729646017,11739082,104503542,223207,10654838
1635339249.140952,11688119,109712155,17583987,414740,11690500,104520830,727730668,11697703,104880379,221195,10627894
1635339249.2410765,11703322,109928998,17602028,419382,11726672,104880114,730049025,11771835,105238600,220134,10780613
1635339249.3412,11732300,109987251,17638421,418582,11741429,104930097,730562021,11778627,104963216,220880,10794036
1635339249.441324,11766755,109974271,17572899,442890,11615076,104128807,724935979,11660322,104721170,219719,10432301
1635339249.5414476,11667882,109324347,17481537,416480,11660368,104530194,725322411,11647065,104259989,222300,10495389
1635339249.6415713,11666424,109070648,17544583,414881,11593910,103762203,722796226,11626108,104672318,217812,10525904
1635339249.7416947,11695583,109150886,17503632,418623,11645017,104367330,725673366,11659978,104167135,218985,10509328
1635339249.8418183,11655847,109578929,17570115,418856,11432993,102053397,711294558,11435938,102165334,219328,10228603
1635339249.941951,11435332,107192551,17139641,406763,11714406,104745643,728091077,11692415,104696869,214662,10596639
1635339250.042079,11670960,109161619,17538268,418709,11721305,104463813,727991518,11732536,104665701,218435,10671799
1635339250.1422036,11699046,109605571,17590625,421422,11636259,104651394,732163729,11822609,105593666,220555,10822771
1635339250.2423272,11789817,110082252,16162074,421592,11732347,104710962,727191687,11716755,104649542,216073,10692493
1635339250.3424509,11679789,109151628,17524405,416768,11690692,105019009,729217875,11722250,104593399,221300,10755131
1635339250.4425745,11716286,109918643,17572971,418075,11701698,104195646,727821466,11748842,104948038,217844,10639339
1635339250.5426977,11718532,109683620,17589867,423486,11810618,104917574,730417555,11810786,104968031,219987,10748227
1635339250.642821,11747758,110002882,17590704,413572,11707572,104729086,728043524,11715671,104280090,222289,10505118
1635339250.742945,11660848,109199592,17565588,417272,11761408,104978942,731104692,11800338,105145212,218610,10701192
1635339250.8430681,11734968,109699266,17603294,422597,11505600,101950067,711605393,11491493,102467390,213468,10498678
1635339250.9432018,11465878,107346746,17237942,404587,11746392,104929538,730251963,11763628,104696077,221841,10623695
1635339251.093759,11767386,109952338,17621615,421998,11729694,104510995,729005943,11700900,104984875,216382,10657376
1635339251.1938906,11735846,109762962,17628121,421031,11772037,104652674,730801099,11765937,104994873,218003,10809276
1635339251.2940147,11738354,109714019,17656301,416659,11766580,104755443,730260655,11778187,104866118,219549,10737670
1635339251.3941383,11779670,110011694,17624757,422583,11647387,104101995,724027934,11663401,104766462,227957,10470550
1635339251.4942615,11659890,108974934,17522838,415691,11554644,104350944,726202579,11643531,104815799,218932,10619376
1635339251.5943882,11733059,109001905,17327654,411768,11643625,104324901,725203892,11664475,104513099,218554,10519482
1635339251.6945128,11632937,108948227,17494113,414677,11672091,104161943,724363867,11650460,104330121,216191,10499099
1635339251.7946372,11680953,109432376,17576957,416323,11622652,104101291,724093586,11635997,104370758,219847,10485025
1635339251.89476,11672786,109228488,17503712,418181,11448339,101831073,709278396,11405596,101986773,218256,10353954
1635339251.9948955,11490841,107384587,17232925,414724,11748189,105050709,730600428,11763825,104804237,220482,10662816
1635339252.09502,11739466,109736401,17600558,420809,11765544,104825846,730228246,11775227,104678463,211243,10686602
1635339252.1951435,11700417,110020324,17680574,418809,11699039,104474125,728286219,11683287,104410255,221860,10708632
1635339252.2952666,11787411,109974553,17666402,424005,11753789,104909201,729642736,11743597,104943009,216577,10591578
1635339252.39539,11661361,109205989,17544767,417732,11770684,104922283,729352351,11765750,104886784,220140,10636452
1635339252.495514,11668315,109242769,17609063,419858,11653154,104419208,725667278,11687850,104494964,218843,10707381
1635339252.595638,11625413,109377069,17530864,417445,11704079,104278674,726772952,11752710,105024233,216758,10542884
1635339252.6957626,11698604,109676814,17580799,420614,11639758,104279076,726506264,11712016,104604444,217372,10603621
1635339252.7958863,11640472,109311376,17523524,418500,11713328,104704839,728079475,11726362,104511980,218252,10483182
1635339252.8960094,11675442,109575116,17530754,420481,11371349,101856587,708821320,11431004,102070983,215032,10086162
1635339252.996148,11306095,106175208,17123776,407778,11653897,104117706,724298398,11631683,104374767,216789,10520778
1635339253.0962744,11630123,109487551,17552296,416249,11572291,103899468,722110644,11591543,104250490,221887,10423576
1635339253.1963978,11604146,108910447,17382995,412079,11697686,104316319,727247041,11696053,104513879,218226,10674576
1635339253.2965353,11695754,109514213,17560570,422571,11732833,104864424,730223685,11755781,104720270,220404,10623731
1635339253.3966627,11673634,109005263,17191171,417726,11735016,104317007,729736587,11763674,105016547,218017,10715617
1635339253.496796,11722188,109970837,17644580,423143,11653200,104194570,726609167,11698580,104397097,218993,10610793
1635339253.5969198,11703619,109311062,17563341,417981,11682980,104571385,728242713,11733335,105043364,221558,10654665
1635339253.697043,11692803,109308897,17495938,420550,11656678,104007895,725473485,11718478,104506920,218470,10577846
1635339253.7971668,11637412,109015076,17529489,419542,11699878,104303239,728713155,11752064,105007289,216735,10702815
1635339253.8972898,11715392,109855614,17649672,417603,11475642,102349351,712918297,11488140,102527008,219171,10384211
1635339253.99742,11467302,106203929,17144011,406426,11741199,104646466,729215956,11789726,104797545,214454,10643319
1635339254.0975435,11670853,109968759,17552994,420854,11724056,104136617,726526986,11712334,104449983,216686,10492254
1635339254.1976666,11681752,109803666,17566471,420068,11786887,104698889,730466503,11779699,104851312,220628,10714296
1635339254.2977889,11816029,109910463,17698469,422637,11698832,103675490,726424803,11719823,104466505,219151,10707183
1635339254.3979118,11755184,109541736,17546756,415566,11683746,104187654,726593499,11694466,104631008,220499,10655780
1635339254.4980347,11699190,109570171,17618888,419884,11692636,104067417,725274809,11697651,104136398,218546,10585603
1635339254.5981574,11708651,109366437,17554911,415975,11767669,104590394,730240688,11743688,104833025,219636,10715586
1635339254.6982808,11741349,109568957,17676300,422869,11730665,104710968,728986930,11750458,104531510,218686,10725667
1635339254.798403,11732137,107580919,16222804,418432,11515318,102716323,717334980,11549357,102946129,213047,10480222
1635339254.8985262,11571359,107735526,17355921,412233,11601458,103234426,720920697,11675185,104067712,219319,10684244
1635339254.998657,11608511,108543162,17521354,415549,11809238,104961210,731335824,11785293,104825007,222599,10764849
1635339255.0987813,11711227,109747935,17682313,417036,11700783,104280406,727304051,11704007,104433215,227068,10504019
1635339255.1989048,11696153,109287300,17570499,419335,11582930,103462487,724712136,11693386,104614140,217821,10488582
1635339255.2990286,11711953,109474178,17569061,418942,11707663,104467686,727713324,11657102,104263403,220542,10578550
1635339255.3991625,11612004,109390005,17628998,415680,11841628,103995301,736933532,11571868,104777558,226316,10792108
1635339255.4992924,11815411,108540656,16894295,414384,11689690,104572225,727174970,11096104,102084378,222394,10615804
1635339255.5994167,11697588,109762505,17599810,417230,11665749,104130027,725638155,11679339,104544078,220816,10595522
1635339255.6995401,11633777,109149324,17462788,417540,11670396,104074891,726793523,11712512,104503783,224576,10623450
1635339255.799663,11666791,109509991,17608215,416193,11433959,101901400,711431414,11441681,102556438,218384,10412095
1635339255.8997858,11459574,107118735,17256865,407994,11699223,104498987,726362265,11681862,104302695,222721,10644688
1635339255.9999168,11686647,109271389,17516968,416710,11707984,104424982,728427056,11736213,104940355,221793,10655097
1635339256.100012,11726441,110027855,17579857,419826,11689605,104338590,725898411,11679778,104445464,224431,10587331
1635339256.2001355,11630059,109328774,17503575,412866,11732549,104625837,730058654,11772396,105001758,218667,10691808
1635339256.3002598,11736311,109943065,17682054,416808,11700252,104227211,727522626,11715546,104158854,222897,10673481
1635339256.4003837,11713398,109783480,17582988,422195,11760261,104614172,731138781,11873284,105621110,223685,10809266
1635339256.500508,11701234,110058538,17649849,421679,11731451,104669824,727855354,11717561,104525645,224942,10695296
1635339256.6006327,11701494,109631408,17483150,418619,11678586,104263480,728284871,11722232,104704429,221136,10644352
1635339256.7007563,11682577,109689178,17615267,414852,11668652,104305541,726511107,11708892,104417316,223392,10647693
1635339256.800881,11694371,109548744,17540588,416477,11503463,102872387,713763472,11496914,101948517,215494,10484512
1635339256.9010053,11437125,107621231,17245243,412757,11719786,104037405,727496718,11714857,104712910,228262,10615809
1635339257.0011365,11663258,109605530,17553445,417125,11667727,104234647,726908414,11659525,104589283,222935,10688055
1635339257.101261,11667467,109403134,17559261,417488,11581139,104079564,723433906,11620767,104167374,223785,10535798
1635339257.201385,11641311,108854335,17476398,414954,11647954,104303985,724643888,11643661,104102971,224314,10521719
1635339257.301509,11665652,109383578,17477300,421630,11628453,104038875,724000290,11592333,104076859,222995,10486471
1635339257.4016335,11597284,109288553,17571025,415570,11596930,103781538,724108113,11632330,104484604,225353,10593090
1635339257.5017574,11667432,109372316,17523253,416756,11713398,105035990,731279414,11571833,102519996,215675,10023297
1635339257.601881,11739321,110240749,17666794,419714,11745370,104693309,727106633,11700432,104254720,220978,10441803
1635339257.702004,11664383,109195893,17509408,417799,11656043,104457419,726625805,11687530,104262540,219802,10501207
1635339257.8021266,11699315,109863505,17557392,415422,11390121,101233425,709369826,11391086,102070732,215858,10343194
1635339257.9022498,11405314,106889278,17141545,410689,11647233,104348435,725620605,11628512,104255385,224623,10542238
1635339258.002381,11655976,109045797,17488557,414406,11666419,104370133,727068280,11709010,104963316,220170,10488894
1635339258.1025057,11643498,109434825,17517918,418591,11648235,104083551,724608955,11620822,103537544,223340,10477991
1635339258.2026298,11620571,109627960,17546372,412490,11695945,104221464,726239956,11674228,104524326,224289,10475216
1635339258.3027537,11645430,109768443,17517804,411900,11624975,103824097,723781716,11666156,104403300,219341,10543785
1635339258.402878,11614413,109194940,17455046,415337,11677440,104433473,727004824,11659054,104433311,219853,10634023
1635339258.5030022,11613919,109268598,17589323,417129,11672077,104621115,728358430,11715609,104646718,228083,10630922
1635339258.603126,11638418,109343713,17496418,417381,11702769,104194771,727594108,11736961,104654747,224445,10598424
1635339258.7032497,11685039,109812714,17662142,419739,11661911,104302214,725601692,11681928,104495354,222944,10512738
1635339258.8033736,13579603,106681202,16168672,414673,11409513,102112448,711463216,11435296,102346853,220444,10374973
1635339258.903497,11334192,106971751,17164467,408987,11687755,104068433,726489931,11698903,104366979,224278,10546882
1635339259.0036287,11619021,109908568,17555510,416522,11649277,104305815,726871363,11687503,104670510,228537,10650247
1635339259.1037521,11649316,109602418,17521068,416618,11697617,104637219,726478271,11707687,104225675,222709,10646223
1635339259.2038789,11599226,109371527,17503968,416993,11758363,104578226,729538983,11739510,104869142,219001,10660858
1635339259.3040028,11673415,109898817,17585143,416724,11768723,104653194,730216209,11762485,104944808,221255,10734477
1635339259.4041255,11700280,109790385,17644580,419703,11677653,104497925,728619510,11772213,104854582,221261,10687453
1635339259.5042493,11637257,109890664,17583241,421483,11716697,104621292,728030036,11720437,104664141,225172,10568785
1635339259.6043727,11602610,109930471,17574502,415819,11722821,104455089,728758937,11673020,104315366,218993,10634487
1635339259.704496,11693105,110154306,17589652,412478,11643514,103907594,724912329,11605742,104533558,223951,10605673
1635339259.8046196,11545115,109456563,17578055,418068,11411327,101890178,710750718,11434548,102286016,218448,10350866
1635339259.9047425,11413736,107566208,17105350,404200,11647004,104366924,726243980,11698155,104574494,223478,10531905
1635339260.0048726,11569763,109567162,17524328,416280,11748565,104556675,728787933,11738363,104451709,219256,10590110
1635339260.1049962,11653359,109507761,17616627,418176,11698698,104492623,726996177,11673569,104888481,225629,10598556
1635339260.2051208,11677750,109639460,15453481,419315,11652372,104205957,725314855,11660041,103948349,222981,10484705
1635339260.305244,11572926,109839821,17516208,418802,11667904,103726504,724195358,11699590,104535632,218652,10615310
1635339260.4053664,11660349,109254426,17513795,414363,11673573,104317641,722775637,11579902,103387665,225073,10521371
1635339260.505489,11650885,109757165,17523791,413431,11533564,104745528,720632152,11533425,104432415,214109,10184410
1635339260.6056128,11432796,108507797,17347690,413235,10655119,96886736,665299067,10588285,96147889,200397,9330669
1635339260.7057364,10744283,101590692,16061722,394491,6652263,59944821,420842560,6716956,60262674,124777,5906319
1635339260.80586,6782020,62631767,9919273,259622,4868747,43211043,307146503,4901372,42992566,92372,4356325
1635339260.9059837,4743852,43619973,7433822,188412,3163393,26236238,193756029,3103469,26604331,63212,2846367
1635339261.0061126,3116238,28442146,4702961,118304,3153936,27224494,196747192,3173479,26865378,61323,2822519
1635339261.106236,3017109,27409035,4669976,123755,3089652,26827623,196219373,3142574,26959432,57689,2687265
1635339262.007329,694759,4299259,51929102,750873,7027460,11401,547846,803285,7365829,1172055,37421
