1635292583.190403,1994548,18541718,225377697,1752312,17011106,30240,1314326,1924286,18219688,2611695,70679
1635292586.1031425,2268073,18492914,224974050,1740413,16294484,33665,2186788,3233462,32679806,5172597,71030
1635292586.2034516,3512376,34581378,227825221,3545439,34118432,64805,2505530,3528413,35296317,5151598,53002
1635292586.3035772,3570122,34485966,227932433,3460812,34586134,67153,2662715,3287268,34883813,5145804,52465
1635292586.4037027,3670208,34431860,227992287,3462971,34048004,66426,2470454,3644312,34847960,5269538,52233
1635292586.503826,3577739,34574045,228177901,3502464,33698611,66831,2559138,3479710,34641626,5293346,62463
1635292586.6039498,3543479,34376786,228120163,3541892,34163895,66922,2459134,3520902,34627453,5259788,57496
1635292586.7041323,3550696,34175712,227949697,3464598,34419397,67026,2573930,3498317,35094985,5259576,57832
1635292586.8042557,3555030,33937509,227725725,3527049,34442857,67225,2545943,3549749,34794637,5199774,58274
1635292586.9044247,3447781,34015396,228087450,3609403,34136184,65928,2420040,3486044,34709165,5183253,64421
1635292587.0045469,3635354,34221779,228157210,3496435,34357481,67828,2490039,3572442,34549460,5199550,71140
1635292587.10467,3609325,34503321,228075995,3558581,34101486,64664,2564972,3515157,34582899,5110295,43042
1635292587.2047927,3435085,32940252,227961595,3524915,34255705,68424,2518596,3453395,34854128,5300682,50817
1635292587.304916,3533242,34478803,227700865,3624626,34393551,67365,2540763,3408161,34411097,5187350,59832
1635292587.4050384,3606610,34302241,227584557,3616395,34166250,66416,2379185,3537517,34268596,5245947,68568
1635292587.5051603,3518375,34365723,227805533,3562742,34476038,66457,2373154,3389387,34625915,5111691,69182
1635292587.6052833,3412061,34470185,228052594,3561596,34364322,65871,2447747,3669820,34669519,5261905,74870
1635292587.7054057,3535545,34247041,227983265,3593615,34361340,65915,2610763,3613901,34921508,5269144,73335
1635292587.8055265,3573039,34221858,227729056,3582666,34392864,62233,2499196,3603168,34942781,5272737,70461
1635292587.9056494,3579454,34044394,227854317,3532065,34274547,66590,2519764,3425229,34972054,5396769,63687
1635292588.0057712,3658001,34325553,227541923,3635457,34417797,65065,2492176,3423001,34921418,5263078,61815
1635292588.1058927,3712716,34437987,227646922,3612044,34253167,65182,2700690,3482769,35029513,5275600,48524
1635292588.206014,3370344,33291614,227644892,3618891,34254588,65745,2628050,3494339,34946262,5305753,63307
1635292588.3061366,3658645,34321559,227436383,3605516,34043635,66014,2537812,3517603,34835324,5303362,66730
1635292588.406263,3618850,34134500,227890158,3607211,34135653,65473,2499977,3472773,34444101,5210987,76469
1635292588.5063868,3539388,34097783,227973119,3578296,34102616,64605,2710020,3633275,35058850,5341677,66431
1635292588.6065576,3456501,33979575,227650203,3599913,34173756,67008,2385589,3518571,34943471,5267932,70875
1635292588.7066958,3745751,34011118,227964737,3608745,34175594,65510,2530791,3408249,34686509,5157728,69252
1635292588.8068175,3521194,34122713,228128848,3603947,34127989,66740,2672262,3552093,34516340,5213398,77404
1635292588.9069397,3600333,33955094,227777721,3605237,34073221,67037,2598896,3527052,34491423,5231262,62814
1635292589.007065,3604817,34181429,227968132,3595652,34155449,66578,2582122,3514042,34796301,5235341,69632
1635292589.1071923,3560909,34265000,227857233,3652356,34018882,64997,2542512,3475575,34527552,5302396,66205
1635292589.2073157,3753889,33930012,227929603,3564011,34364011,69130,2431873,3523003,34822715,5344890,70117
1635292589.3074393,3592684,34005718,227950403,3677436,33947077,67160,2495552,3626137,34738732,5269938,70709
1635292589.4075687,3234062,32555251,228136767,3623281,34071511,69296,2577189,3503041,32647040,1682597,75218
1635292589.5077024,3457674,33492659,228167830,3619054,33795795,68905,2683752,3641132,35166717,5276362,80160
1635292589.6078305,3713826,34135115,228003212,3604423,33951881,67643,2712391,3610343,34843197,5232433,77165
1635292589.7079554,3644713,33790467,227611469,3609130,34128316,68276,2677224,3575197,35333163,5348012,61836
1635292589.808078,3597905,33901114,228011835,3675125,34100968,69244,2629982,3630997,34704685,5320764,81896
1635292589.9081993,3608662,34090258,228187637,3697334,33983608,69536,2493222,3553682,34450258,5298355,76444
1635292590.0083208,3656486,33995693,228071695,3723162,33920528,67158,2478190,3512625,34611230,5377401,72394
1635292590.108443,3555468,33945215,227970008,3712835,34063204,68640,2655454,3481494,34631345,3329620,71630
1635292590.208565,3615973,34065510,228045097,3708275,33936516,66490,2328761,3474080,34394395,5320295,64072
1635292590.3086872,3743217,33958165,227653615,3599658,34013449,66945,2681004,3618231,35038680,5301305,83665
1635292590.408809,3739529,34117569,227845908,3674817,34094497,65272,2488008,3672508,35064530,5304534,64270
1635292590.5089324,3621959,33975052,228157019,3632755,34037882,65693,2627068,3544311,34950510,5391815,81843
1635292590.6090534,3663974,34158912,227961859,3668654,33895016,67130,2612792,3446372,34525205,5388695,69989
1635292590.7091753,3723778,34011099,228034510,3700054,33933837,63800,2439973,3601328,34840434,5361217,76879
1635292590.8092952,3577147,34091062,227785593,3582732,33874205,63653,2374692,3572905,34624907,5369469,72561
1635292590.909416,3727397,34180299,228003191,3643877,33869124,64337,2648660,3609635,35238391,5382742,76746
1635292591.0095365,3655649,34007305,228089082,3683988,33706238,63283,2583270,3653184,34875066,3845901,78184
1635292591.1096578,3626040,33921069,227947610,3606865,33974922,63073,2510401,3604826,35087455,5255973,72697
1635292591.2097778,3662854,34017538,227736301,3682898,34085718,66324,2678057,3393155,34584493,5468137,72763
1635292591.3099003,3606191,33826093,228014569,3702180,34050238,63066,2886530,3644660,35196769,5332684,82799
1635292591.4100134,3647179,33830699,227773278,3596243,34090650,65748,2675753,3546235,34681248,5351991,65023
1635292591.5101378,3041145,29796859,228044563,3513445,33815669,64840,2472546,3661351,35211301,5202495,74600
1635292591.6102717,3639708,34064967,228084129,3683056,34009777,65658,2664267,3506646,34826559,5424355,77401
1635292591.710395,3613086,34093870,227867584,3679198,33689444,65300,2490086,3643702,34975161,5237756,77741
1635292591.8105195,3772789,34153912,228084089,3672934,34122569,64996,2536037,3517153,34427106,5277467,75189
1635292591.9106448,3658323,33978744,228059412,3639835,34132967,65615,2489000,3506859,34632057,5294629,77389
1635292592.0107696,3415439,33822712,227678883,3743330,34098828,66378,2505342,3620572,34418999,5391022,68526
1635292592.1108928,3599020,34064499,228143056,3763317,33917662,68076,2600888,3636398,35223344,5365846,84695
1635292592.211015,3692650,34204675,227721953,3626543,33767311,67093,2689548,3599265,34604809,5309036,71407
1635292592.311149,3788671,34052077,227931742,3605847,33912433,71167,2662649,3474446,34372913,5433851,73513
1635292592.4113011,3666032,33922842,228133315,3745875,34097582,65252,2294518,3652023,34866502,5432717,77328
1635292592.5114233,3554832,34111332,228025147,3784570,33580930,66862,2476271,3649421,34978863,5444190,77157
1635292592.611549,3623893,34076451,228043003,3770029,33960090,68434,2565840,3655203,35272252,5396505,76231
1635292592.7116723,3631226,34164890,228033997,3769234,33894541,67641,2555486,3635051,35087700,5257110,75952
1635292592.8117948,3734762,33962034,227948955,3651113,34003288,68236,2679144,3633706,34663592,5333839,75998
1635292592.9119163,3788227,33991709,227927512,3626022,33983629,66606,2669922,3483597,34545975,5334614,74425
1635292593.0120387,3762989,33941663,228332961,3644113,34174212,66468,2483586,3562104,34772796,5380721,78116
1635292593.2122824,3499443,33759073,227711399,3761643,34051723,65383,2567970,3503019,34770927,5276403,93293
1635292593.312403,3595289,33985174,227976060,3763020,33880148,66105,2457514,3667557,35213391,5371135,83994
1635292593.4125237,3616337,33946144,228080832,3745447,33801763,64611,2264750,3627900,34899911,5330964,78631
1635292593.612766,3604840,34723733,5271304,84904,3766611,33962189,228132915,3710958,33804278,65933,2656285
1635292593.7128863,3582639,34686536,5308674,84915,3761491,33884438,227988647,3522756,33874687,66043,2698708
1635292593.8130095,3592808,34693636,5314542,77347,3746169,33921628,228020306,3531850,33676865,64577,2652120
1635292593.9131305,3516540,34299948,5364964,77969,3689031,33729303,227876570,3647757,33833072,64117,2653063
1635292594.0132515,3419578,34433360,5424011,74532,3874736,33844571,228024342,3582301,33943123,63792,2661921
1635292594.1133742,3327864,34070342,5284335,74464,3766165,33679175,227893449,3615385,34030514,63672,2634688
1635292594.2134972,3510332,34451697,5269351,78634,3767598,33767530,227800173,3539327,33297504,64098,2636904
1635292594.3136213,3758426,33712258,228033583,3613684,33903108,64335,2616466,3498902,34053236,5322034,82347
1635292594.4137611,3739741,33709177,227841329,3612565,33944942,63217,2712303,3451229,34522368,5399978,80724
1635292594.513886,3752087,33635183,227667242,3526415,33246042,63631,2690630,3309650,34138769,5418447,77740
1635292594.7141314,3402942,34079770,5297905,78035,3773083,33749869,228050552,3657632,33871578,65549,2701821
1635292594.8142538,3458843,34273755,5323815,66534,3776304,33726855,227897369,3514571,33762196,64014,2656801
1635292594.9143782,3551393,34253884,5340988,78337,3756705,33737559,228061533,3680422,33804880,64605,2674193
1635292595.0145028,3590637,34365179,5289600,73208,3625949,34208925,228303483,3595862,33791164,65155,2629499
1635292595.1146247,3657399,34675601,5207591,79342,3514001,33637502,227895400,3743549,33674009,64755,2293652
1635292595.2147458,3588161,34458571,5324788,85433,3760608,33922372,227949452,3749332,33777096,66445,2722090
1635292595.314868,3585411,34690937,5383843,80275,3568012,33936168,228030417,3752344,33823661,65312,2474465
1635292595.4149914,3620392,33632873,228442013,3714598,33845972,67119,2619699,3583696,34401103,5405091,82344
1635292595.5151134,3763896,33669413,227822764,3603760,33808162,68314,2701013,3407537,34588417,5419057,79756
1635292595.6152349,3757344,33698599,227899971,3604650,33734983,68962,2690295,3532933,34380421,5399151,76001
1635292595.8154879,3550612,32240732,4893174,92139,3773186,33894319,227609332,3752927,33624075,70405,2685029
1635292595.9156106,3632516,34748040,5289015,84373,3545270,33878883,227688636,3734881,33494267,68759,2655297
1635292596.015732,3613463,34789866,5403385,84896,3745608,33760288,228042951,3677961,33578861,65779,2546084
1635292596.1158538,3635147,34510526,5397187,83478,3759088,33655323,227846470,3635034,33631548,68224,2687397
1635292596.215974,3395128,34281969,5477952,75145,3337879,33590753,228092936,3637835,33715581,68661,2742136
1635292596.3160934,3649823,34925508,5276956,83876,3877701,34066346,228118144,3749494,33540471,66343,2698137
1635292596.416213,3630979,34979196,5391842,81404,3338768,33356846,228060309,3714507,33369883,65699,2505268
1635292596.516356,3764642,33875173,228034684,3604573,33907773,66535,2688533,3633570,34773649,5414072,82585
1635292596.616477,3758901,33815039,228013266,3605217,33329215,66926,2586850,3450261,34061209,5312904,72864
1635292596.716607,3624915,33869804,228056495,3762888,33808111,65108,2690984,3713956,35304233,5402195,83502
1635292596.91686,3669536,34937836,5429860,78986,3774439,33757019,227939579,3683911,33938297,66122,2677592
1635292597.0169802,3628717,34697519,5336507,73726,3540148,33819224,227908364,3672048,33619019,66144,2669036
1635292597.1171017,3653894,34981346,5441976,84460,3752060,33862990,227931624,3776954,33980852,66328,2538405
1635292597.2172225,3602056,34606242,5422568,81418,3751704,33812795,227995083,3563197,33796934,66527,2685898
1635292597.3173428,3631552,34412175,5308321,76761,3725632,34396234,228084648,3780542,33799887,66645,2370535
1635292597.4174628,3653256,34915033,5421346,83183,3310085,33785965,228116362,3775847,33906297,65827,2333317
1635292597.517582,3531951,34409171,5429806,77973,3780629,33647124,228043211,3612799,33813694,66671,2686084
1635292597.6177008,3768994,33911039,228001252,3771577,33717196,66764,2528065,3647723,35175782,5369834,79275
1635292597.7178206,3652342,32987231,228027008,3668994,33650600,64503,2669220,3623839,34314724,5329895,82573
1635292597.817947,3738835,33798345,228063141,3618546,33866367,65170,2672444,3452808,34680826,5354597,81755
1635292598.0181954,3627570,34924327,5293970,83838,3733614,33729573,228084116,3622204,33972613,64968,2645181
1635292598.1183155,3681025,35014709,5391378,77279,3774375,33847764,227974144,3645969,33711942,66984,2680053
1635292598.218435,3611063,34602175,5322157,78018,3634959,33789568,227938382,3931055,33999969,67895,2553659
1635292598.3185546,3646761,35052142,5394203,82272,3772670,33778832,228026922,3771911,33797178,65528,2672906
1635292598.4688525,3392860,34597297,5452152,75736,3777711,34088812,228032659,3517231,33792409,66309,2651150
1635292598.5689738,3662413,35152048,5392441,82538,3297206,33737218,227970863,3777769,33799256,66061,2323776
1635292598.6690931,3551249,34734527,5456471,78713,3785549,33746069,228041030,3623296,33832016,68209,2696373
1635292598.7692125,3777991,34037139,228048809,3758426,33770995,69616,2545769,3680652,34906169,5286788,69293
1635292598.8693323,3755729,33670468,228105775,3626070,34018858,67830,2705555,3574136,34633100,5461930,81036
1635292598.9694514,3782152,33819944,227995843,3720750,33916157,69817,2385204,3305578,33889142,5317269,75678
1635292599.0695708,3631063,33840419,228068461,3765358,33819830,65554,2253149,3635521,34898973,5430316,82822
1635292599.1696901,3769023,33703847,228051975,3611215,33799953,66524,2439873,3571817,34655631,5429217,77079
1635292599.2698092,3701821,33849767,228020287,3776822,33814080,66581,2665180,3647580,35134263,5340818,67978
1635292599.3699284,3758421,33754142,228031439,3568533,33718645,65696,2525094,3643230,34762933,5416282,80815
1635292599.4700744,3748295,33981862,227950961,3686646,33880092,65487,2681691,3622401,34599260,5290087,76142
1635292599.5701942,3549689,33795068,228071762,3977196,33735959,65555,2313443,3640655,34879686,5418344,81016
1635292599.6703162,3281969,33494803,227979225,3633665,33947740,65183,2622141,3549998,34492308,5364608,73867
1635292599.770437,3881272,33912693,227972654,3614268,33857895,65892,2684245,3654664,34925540,5380987,55590
1635292599.870557,3528419,33892757,228063599,3778983,33797016,65175,2511629,3626689,34740152,5362432,79345
1635292599.9706964,3840589,33759167,228322128,3621095,33341381,64250,2644884,3640145,34825673,5442098,76185
1635292600.0708325,3741887,33726054,227995657,3736052,33721381,67057,2302545,3574316,34457816,5307804,82193
1635292600.1709554,3577244,33939170,228035224,3781848,33900118,64710,2242353,3618880,34597457,5432417,82642
1635292600.2710772,3745082,33945467,228101829,3610503,33882258,65329,3034962,3556944,34782462,5352576,71684
1635292600.3711984,3587154,33896381,228080144,3763966,33901374,68286,2438926,3625719,35002006,5366902,83449
1635292600.4713187,3780162,33732885,228033432,3680373,33978629,65293,2617937,3580920,34783568,5414664,80969
1635292600.5714388,3669680,33915807,227977813,3624907,33769101,65680,2711849,3593290,34919097,5291175,78433
1635292600.6715589,3704393,33826132,228008734,3780629,33876930,67059,2557828,3624066,35199672,5392006,80940
1635292600.7716792,4004810,33611444,227966949,3704500,33863353,65377,2709177,3586222,34715695,5326503,69461
1635292600.8717992,3314604,33836605,228047131,3716528,33760590,66369,2696382,3609501,35036162,5391047,71967
1635292600.9719188,3769150,33894061,227968499,3771624,33801129,68893,2608232,3563957,34534890,5442577,88752
1635292601.0720394,3707550,33892442,227907186,3614666,33823884,68886,2715022,3651542,34567793,5082905,83894
1635292601.1721594,3626441,33853455,227935898,3765360,33940126,68923,2710950,3699540,35705067,5499846,73742
1635292601.2722793,3782150,33779338,228077620,3635471,34046097,69082,2768888,3625546,34833410,5388427,76871
1635292601.3723996,3773310,33912847,228015133,3779590,33830456,66828,2334127,3633311,34641424,5342738,83328
1635292601.4725194,3713948,33817963,228066421,3668235,33826130,66352,2697203,3664157,35113038,5390202,82027
1635292601.5726402,3779818,33806432,227947625,3614959,33722662,65426,2636085,3605620,34582200,5358440,79103
1635292601.672763,3595585,33795087,227991539,3880884,33881594,66684,2578206,3628599,34861238,5402120,83160
1635292601.772885,3761869,33911177,228019914,3762752,33779915,64978,2808468,3666653,34683864,5418002,78113
1635292601.8730052,3782236,33903940,227774320,3536417,33865276,65844,2690477,3648010,34869825,5319928,82817
1635292601.9731252,3731281,33738917,228054793,3758553,33807969,66979,2482420,3697021,34170986,5165327,88478
1635292602.0732558,3667099,33461654,228065029,3669309,33876220,64732,2667839,3573406,34413932,5372874,80719
1635292602.1733837,3747692,33692274,228135161,3666774,33712968,67211,2581816,3638755,34992902,5378992,79687
1635292602.273509,3625735,33977291,227996140,3763564,33875589,66347,2656139,3589063,34815361,5360909,89875
1635292602.3736303,3766993,33767836,227959949,3614972,33896146,66549,2677816,3606601,34736234,5409952,70954
1635292602.4737504,3770360,33987786,227947603,3765388,33813441,66850,2608087,3767430,35076154,5335385,82533
1635292602.5738757,3760331,33787104,228058402,3595222,33937607,66481,2461187,3577914,34319906,5291860,86487
1635292602.6739957,3724230,33850024,227949023,3757515,33874624,65712,2660003,3637611,34671750,5266662,73430
1635292602.7741158,3657527,33817257,228032683,3654863,33635033,66444,2466462,3636690,34923876,5379295,82037
1635292602.8742359,3780797,33791433,227899723,3756436,34064764,66263,2723207,3456034,34379361,5320786,73508
1635292602.9743567,3718484,33934139,228081881,3818489,33830247,66887,2691246,3658281,35056859,5400308,83546
1635292603.0744762,3652215,33809063,228053237,3674637,33844810,66281,2528700,3556597,34723865,5408675,81154
1635292603.1745973,3760297,34071341,228067555,3629504,33898381,65226,2683652,3617537,34973415,5287968,74360
1635292603.2747173,3591540,34104733,228138548,3777179,33762480,66572,2580378,3653216,34938769,5330008,85253
1635292603.3748379,3813908,33949459,229089890,3629262,34060780,68816,2643102,3657849,34638211,5459146,71378
1635292603.474957,3705606,33848307,227993620,3751372,33812987,69830,2665947,3682890,35259728,5421225,81378
1635292603.5750785,3415371,33895504,228048145,3751062,34000648,69141,2504158,3480357,34437275,5368107,81354
1635292603.6752,3773950,33792180,228009067,3663832,33817521,69708,2828517,3580678,34763830,5342892,77284
1635292603.7753196,3627238,33770853,227973567,3779365,33737995,66507,2490571,3661132,35166332,5408789,83609
1635292603.8754401,3766217,33807041,227990349,3652369,34057156,65190,2845990,3660672,34933371,5414528,77820
1635292603.97556,3611422,33950735,227852101,3771450,33784859,66197,2700018,3647655,34766163,5357477,83541
1635292604.0756798,3738144,33872909,228161959,3539788,33888247,66197,2502303,3647974,34783152,5402638,78936
1635292604.1758,3838725,33956983,228552779,3710536,33918190,65594,2707527,3627179,34708134,5163022,79329
1635292604.2759295,3705611,33696526,228352995,3712843,33516732,67680,2507155,3641588,35079284,5421406,85567
1635292604.3760536,3744521,33764227,228242079,3671268,34032279,65078,2672901,3527548,34445262,5398475,72155
1635292604.476174,3749460,33836007,228187084,3723242,33850400,67116,2397850,3678554,34989840,5417028,82816
1635292604.576295,3626949,33965169,228187589,3786578,33890247,65508,2659872,3555356,34404143,5321149,80735
1635292604.676415,3790359,33884228,228251255,3618610,33839512,66411,2713085,3569848,35090714,5434259,69626
1635292604.7765353,3558890,33892205,228246709,3788509,33813969,66148,2676872,3641123,34895808,5416674,82650
1635292604.876655,3766831,33927021,228196418,3621820,33867855,66681,2478000,3591357,34692224,5406226,80803
1635292604.9767752,3630272,33925272,228181942,3768550,33960843,65589,2666863,3656141,35069042,5234372,80138
1635292605.0768957,3787415,33759124,228138975,3634473,33863588,66017,2709270,3664835,35187470,5398077,80279
1635292605.1770153,3782947,33958169,228019470,3662787,33988588,66325,2683541,3630829,34838611,5330451,85885
1635292605.2771354,3788094,33891056,228212372,3780316,34057871,65783,2489374,3702874,35294662,5414252,84181
1635292605.3772542,3724643,33712785,228211313,3672095,33969998,65355,2696007,3657767,33402608,3370618,75441
1635292605.477376,3759207,33975362,228149588,3792498,33764350,66334,2441922,3651400,35040749,5404070,80057
1635292605.5774965,3789243,33884154,228265893,3775033,33926630,68696,2664155,3484356,34463454,5381603,81444
1635292605.6776161,3591947,34026324,228174141,3691055,33848691,68545,2721276,3638884,34790881,5278869,77097
1635292605.7777355,3488618,33985467,228269188,3769167,34130807,69167,2626556,3597394,35145695,5456763,83455
1635292605.8778536,3789958,33896609,228159618,3642000,33965397,69041,2773278,3603274,34896405,5354870,79027
1635292605.977973,3632653,33956232,228194459,3790676,33949105,67805,2521718,3601975,34904053,5391034,85244
1635292606.0780923,3785024,33888300,228224849,3626795,33931785,64355,3075957,3672113,34901011,5410107,78344
1635292606.1782117,3691918,33970177,228183151,3743169,33795429,65368,2239328,3658926,35189045,5365427,84183
1635292606.2783308,3793171,33784483,228136957,3666024,34292255,65926,2312686,3572828,34599065,5440279,79093
1635292606.3784568,3676992,33970918,228249133,3747103,33898854,65535,2678618,3646608,34902486,5326387,68048
1635292606.4785843,3672985,33792198,228206676,3716030,33886813,66059,2557072,3646410,34828246,5415665,82152
1635292606.578705,3808390,34116193,228161133,3611693,33970923,65410,2668214,3656288,34810269,5269279,78360
1635292606.6788254,3776409,33887805,228128276,3780453,33859489,64957,2591879,3658350,34980589,5428292,83212
1635292606.7789447,3706333,33762064,228188433,3627253,33928601,66547,2665818,3652725,34686526,5287282,68857
1635292606.8790646,3789526,33920223,228280266,3789100,33803878,67078,2577770,3689930,35353998,5402988,159335
1635292606.9791837,3662944,33820895,228185178,3714377,33920768,65201,2672805,3650234,34901698,5349745,83077
1635292607.0793035,3756409,33918793,228216169,3751383,33845092,67753,2532791,3582202,34390507,5348436,78714
1635292607.1794226,3630425,33996411,228261239,3785135,34053300,67310,2705042,3672315,35062938,5380215,83024
1635292607.3796608,3532296,34554072,5330265,74755,3385447,33999922,228272243,3783620,33921771,66381,2702853
1635292607.47978,3638205,35161919,5392604,83594,3783693,33971287,228042823,3764234,34097782,66793,2676098
1635292607.5798998,3527130,34685546,5327657,78969,3628747,33882128,228218933,3726310,33905783,68178,2662019
1635292607.6800203,3635474,35148965,5403545,83638,3738842,33967174,228152228,3742257,33957751,69636,2743778
1635292607.7801409,3590343,34738415,5410075,78641,3805928,33935522,228244564,3629463,33937200,69762,2670250
1635292607.880261,3635761,35182348,5395387,83099,3816133,34088431,228169975,3787095,34006494,70199,2427707
1635292607.9803808,3561040,34648544,5326982,78444,3774052,33934039,228169081,3634099,34005828,70157,2685783
1635292608.0805004,3681881,34072789,228163794,3770328,33961484,66292,2531275,3699382,35165386,5343520,68936
1635292608.1806211,3790965,33876970,228127311,3618609,34162477,67419,2688804,3501166,34504434,5420256,81178
1635292608.2807417,3641514,33998689,228216660,3792270,33996044,67711,2697856,3649572,34919341,5234127,78704
1635292608.480994,3672724,34961938,5428157,79222,3783317,32826127,228130855,3601567,33654446,67295,2673401
1635292608.581121,3673400,34864784,5339121,84826,3574909,33851317,228160942,3960170,33756651,67059,2684126
1635292608.6812441,3649858,35018950,5421017,82364,3783019,33974707,228227638,3549725,33920968,67005,2668541
1635292608.781365,3565294,34612313,5462654,78064,3678610,34060523,228193420,3789394,33940433,66760,2613527
1635292608.8814852,3669911,34874653,5427456,83310,3669666,34016947,228249186,3779648,33980763,66346,2708541
1635292608.9816055,3563942,34512208,5384472,78555,3802853,33822355,228147045,3615004,33927169,68673,2709779
1635292609.0817268,3667026,34956697,5369691,82731,3795951,34081830,228233681,3798244,33973618,66211,2518588
1635292609.1818469,3798134,33907684,228148064,3633277,33878526,66890,2698011,3694013,35310649,5353523,81593
1635292609.2819676,3640118,33922667,228150796,3797766,33902127,66097,2654629,3516458,34917155,5321010,77046
1635292609.3820875,3796206,33877133,228157369,3644220,34000044,66563,2697674,3699110,35292592,5413716,79093
1635292609.5823274,3645459,35043292,5296975,82610,3769175,33950558,228233021,3626078,34110911,66451,2550659
1635292609.6824465,3660635,34933379,5394428,78467,3802915,33997827,228239557,3777163,33988497,66916,2698019
1635292609.7825665,3646681,34863675,5332842,78020,3779851,33865229,228185300,3597390,33871865,67573,2559031
1635292609.882687,3650205,35161017,5422061,82106,3808441,33938773,228149416,3765850,34080029,70162,2704049
1635292609.9828074,3601134,34463009,5322965,76520,3752050,34049285,228236641,3813653,33854325,71523,2358551
1635292610.0829277,3689089,34999449,5433013,81768,3467486,33895379,228369916,3760139,34037249,69585,2668015
1635292610.1830475,3593760,34709745,5346806,68805,3804560,33949140,228206944,3731569,33881040,70232,2683885
1635292610.2831671,3525134,34031189,228262992,3797211,34008427,65681,2696933,3567650,34849880,5680296,82571
1635292610.383287,3795095,34061444,228126315,3669258,33955995,67511,2617320,3436129,33665274,5315050,78694
1635292610.4834075,3637203,33897940,228167210,3780241,34077671,66773,2671529,3730063,35219101,5389107,82885
1635292610.6836586,3612223,34658038,5388475,76937,3797964,33814083,228174075,3773285,33860154,67864,2654899
1635292610.7837813,3626846,34763219,5360885,83247,3793263,33884126,228235662,3727778,34029538,66948,2495807
1635292610.8839014,3624492,34799237,5426515,82744,3640408,34007232,228106925,3552146,33783531,66767,2687069
1635292610.9840217,3684471,35062342,5228948,75404,3774718,33978279,228197370,3784859,33941035,67450,2487569
1635292611.084143,3658735,35034907,5402914,79869,3759034,33991096,228269927,3698121,34025825,67442,2664504
1635292611.1842628,3663995,34655101,5346355,76173,3338101,34083628,228243624,3793475,33859971,67174,2691987
1635292611.2843828,3656752,35119003,5422743,74818,3769757,33756501,228179438,3635060,34103389,66212,2721755
1635292611.3845043,3804211,33995941,228209985,3785693,33920180,67716,2527587,3667865,35158083,5382878,77697
1635292611.4846244,3718761,33851213,228189868,3722112,33953540,66579,2681288,3478231,33928126,5373250,82887
1635292611.5847473,3796619,33994110,228240854,3767567,33849310,66831,2345691,3715678,34827031,5342667,75829
1635292611.7849882,3675948,35357588,5424594,81822,3798561,33986492,228200113,3673388,33864021,68024,2703095
1635292611.8851085,3540634,34549908,5358286,68226,3563043,34033264,228233721,3823115,33884122,67589,2699283
1635292611.985228,3662470,35017512,5426746,85062,3801900,33969012,228151176,3531487,33742042,70006,2615842
1635292612.085348,3582408,34614434,5436262,78678,3649987,33963256,228214238,3781301,34060228,69944,2705257
1635292612.1854677,3689135,34802845,5393884,79649,3799536,33728110,228119690,3764627,34035320,71000,2733753
1635292612.2855873,3739050,34931556,5474646,75331,3105123,33778429,228126062,3644766,33954037,69460,2680471
1635292612.3857079,3684998,34897050,5357571,81921,3782347,33959771,228209467,3800391,33922371,68009,2453913
1635292612.4858267,3642261,34877646,5408186,85549,3835750,33849755,228288665,3629018,33929132,67379,2701337
1635292612.5859463,3667248,34895643,5382538,79815,3645580,34012304,228172624,3800108,33973599,66457,2477154
1635292612.6860664,3673914,34679126,5127117,76233,3771165,33912531,228250725,3640264,34022327,66761,2681559
1635292612.786204,3467774,34996388,5432361,80518,3671766,32535357,228275969,3585921,33784552,67029,2171662
1635292612.8863373,3646004,34311850,5309345,78692,3641121,33997433,228201762,3770157,33935901,67915,2710908
1635292612.9864612,3682420,35009304,5411075,84152,3773834,33865057,228151518,3634220,33862847,65906,2725172
1635292613.0865822,3574422,34634792,5428559,80141,3632360,34029648,228237009,3717307,33827608,67560,2578231
1635292613.1867032,3656605,34976993,5296082,77795,3787771,33902664,228145305,3776733,34016816,67574,2617950
1635292613.2868223,3684289,35186855,5420585,79619,3641793,33703276,228222878,3578085,33848004,66689,2694428
1635292613.386942,3628561,34904921,5330167,76941,3299570,34201519,228171715,3851218,33861204,67266,2624456
1635292613.4870613,3678563,34966858,5409616,78678,4084460,33889516,228086304,3673489,33977864,66731,2699238
1635292613.587181,3620886,34581100,5326031,91617,3553557,33923175,228223076,3741510,33752522,66554,2562983
1635292613.6873004,3654610,35043309,5306200,74458,3693836,33843162,228162501,3786679,33955840,66656,2670035
1635292613.7874193,3421929,34768978,5757666,78102,3794349,33862432,228166099,3636533,33841094,69314,2685606
1635292613.8875384,3572525,34485341,5331120,79973,3776589,33957893,228248849,3791556,33827117,66837,2243862
1635292613.987657,3552334,34797293,5396676,85118,3792098,33849962,228264355,3638031,33906098,66152,2700281
1635292614.0877764,3617440,35167905,5442308,78754,3742758,33968026,228204070,3789841,33742442,68308,2475395
1635292614.1878953,3621133,35072798,5333170,68440,3776815,34030897,228191060,3664017,34014741,66831,2634653
1635292614.2880142,3657524,34969576,5420156,82495,3708392,33982828,228145620,3757977,33786186,70182,2693575
1635292614.388138,3634905,34697478,5274079,79179,3698122,33845834,228247879,3650211,33816179,70999,2496328
1635292614.4882567,3645776,34990449,5415791,82339,3856597,33760629,228210078,3745315,34081794,70068,2686407
1635292614.5883758,3581994,34625268,5338926,69997,3386997,33719206,228217766,3737126,33875546,70894,2696267
1635292614.688495,3668433,34968878,5419218,88110,3756955,33960066,228131944,3794461,33972212,67401,2645010
1635292614.7886138,3581500,34746327,5445424,76317,3774052,33871661,228151894,3612978,33582486,66769,2673739
1635292614.8887432,3667287,35055758,5399430,80476,3631188,33949072,228127411,3739921,33279613,67101,2666525
1635292614.9888709,3676141,34749140,5338358,78271,3789574,33891952,228177092,3630021,33955378,66549,2677928
1635292615.088991,3641008,34929551,5426974,80249,3793550,34065268,228163686,3775182,33820319,67243,2535159
1635292615.1891103,3625795,34975753,5361202,84740,3712411,33863524,228174835,3668294,34091538,68157,2628860
1635292615.2892294,3679914,34877646,5392065,82613,3789225,33917461,228192244,3752510,33800903,67113,2739102
1635292615.3893485,3606892,34568555,5355266,78229,3632141,33815572,228517538,3749247,33718811,67348,2511791
1635292615.4894674,3671818,34938723,5402553,83503,3793500,33879567,228062104,3790201,33988780,67812,2779788
1635292615.589587,3403896,34522980,5345437,72517,3832068,34028543,228240549,3733853,33807516,67249,2676487
1635292615.689706,3639406,35003200,5369298,82205,3643961,33927973,228182315,3709132,33851315,66355,2479444
1635292615.7898247,3581676,34601466,5435280,80583,3793685,34042590,228216901,3637955,33852951,67897,2687992
1635292615.889944,3651574,34896611,5192666,75908,3562870,34038700,228183918,3781997,33904451,66097,2489282
1635292615.9900787,3666983,35060827,5272490,77943,3876001,33818467,228204218,3615534,34054991,67646,2719263
1635292616.0901985,3624613,34825209,5400282,76706,3772297,33866633,228133702,3792152,33800512,67710,2665560
1635292616.1903188,3690438,35244984,5371545,81976,3438196,33839653,228183206,3754157,34047053,67184,2591461
1635292616.2904391,3484898,34430213,5347282,81537,3804390,33916668,228170845,3719434,33909571,69265,2762456
1635292616.3905594,3628094,35014685,5321851,77812,3625457,33813775,228156264,3806313,33820562,66161,2628534
1635292616.4906797,3628170,35180964,5384006,83015,3771524,33937635,228131141,3677289,33922501,70153,2754670
1635292616.5908003,3518095,34491766,5401549,77646,3758735,34093266,228146575,3740728,33885994,69621,2689915
1635292616.6909204,3655792,34871577,5380741,82806,3798981,33816428,228197686,3545482,33950488,69439,2294906
1635292616.7910411,3602002,34689483,5437722,80458,3820469,34077782,228235883,3732534,34105933,69331,2685431
1635292616.8911614,3654829,34898234,5282779,67222,3778521,33748576,228205574,3794099,33945771,66980,2572980
1635292616.9912903,3685046,34698354,5389184,84284,3761054,33708982,228255899,3636272,33841639,66695,2661907
1635292617.0914319,3442349,32413536,4795413,82304,3764079,33893755,228168663,3610164,33732908,68617,2686555
1635292617.1915622,3649759,35111676,5400082,85141,3772823,34056943,228230737,3781587,33937752,68337,2357155
1635292617.291684,3570288,34446498,5423477,82981,3762454,33874507,228219556,3618183,33882410,67500,2694541
1635292617.3918045,3636904,34960829,5402674,79364,3713650,33990220,228215560,3768684,33844638,67376,2574794
1635292617.4919243,3686356,34956649,5315126,69458,3781505,33725703,228128905,3631830,34053371,67479,2598021
1635292617.5920436,3653185,34796963,5397088,82755,3742239,33876496,228154377,3794689,33784655,67255,2702433
1635292617.6921625,3654505,34510178,5301455,76857,3596661,33873909,228193136,3717275,33810178,67498,2378737
1635292617.792282,3657911,34885612,5427303,82528,3788238,33908804,228100988,3787041,34008952,68658,2665831
1635292617.8924012,3577510,34761985,5333163,68712,3543941,33911233,228276954,3843452,33951689,68429,2668562
1635292617.9925208,3663311,35005477,5398221,85018,3706788,33960337,228235760,3682919,33872317,68013,2630243
1635292618.1428483,3575812,34580121,5395765,80314,3781984,34060062,228207072,3627395,33925868,66609,2663205
1635292618.2429695,3643907,35087703,5310232,80270,3548018,33990272,228236350,3786952,33893665,67561,2657909
1635292618.3430893,3724365,32792394,3685699,79531,3898650,33803414,228170466,3628882,33992231,68151,2690488
1635292618.4432094,3652041,34838803,5391268,73526,3785826,33993713,228241214,3786946,33872728,69049,2498922
1635292618.5433288,3738593,35475921,5383257,102702,3746540,33887085,228257840,3666787,33990601,67598,2606426
1635292618.6434479,3490598,34422739,5361697,83394,3813200,33969353,228261298,3790369,33845298,67463,2681545
1635292618.743568,3699781,35134340,5321688,74385,3647446,33878442,228180087,3766855,33852584,65012,2461184
1635292618.843688,3645625,35210127,5419135,83183,3783450,33885508,228123745,3677010,33964487,71287,2779974
1635292618.943808,3446460,34340430,5332631,73191,3681936,34087980,228144628,3789986,33856182,70151,2724998
1635292619.0439272,3643179,34930549,5403232,83589,3796394,33782163,228206487,3537923,33945302,70043,2489964
1635292619.1440523,3574972,34523180,5447318,82237,3653637,33728425,228193636,3704379,33867828,70234,2680147
1635292619.2441795,3669171,34808425,5266249,76166,3643379,33690443,228124210,3788127,33826284,68426,2481117
1635292619.3443003,3652933,35030140,5376787,84705,3921829,33834741,228226458,3645300,34005067,67111,2666011
1635292619.4444196,3659131,34544537,5340472,72038,3704894,33867667,228229084,3787699,33759545,68741,2684239
1635292619.5445397,3671579,35069039,5401307,86911,3327274,33846098,228209839,3782796,33904284,67553,2696131
1635292619.644659,3580269,34231746,5302022,59380,3777892,33977001,228193388,3626947,33802896,68206,2691320
1635292619.744779,3585221,34934684,5405507,77590,3640711,33979631,228171828,3777417,33904214,65815,2606224
1635292619.8448987,3657121,34836882,5391146,85562,3797188,33902753,228152584,3611295,34020862,67716,2819625
1635292619.9450183,3730883,34939025,5407536,80086,3582255,34103667,228253582,3797988,33815980,67475,2336146
1635292620.0451374,3669615,34919269,5310489,84242,3785746,33719292,228231873,3537316,33925668,67032,2602368
1635292620.1452568,3690935,34991457,5411136,79524,3786776,34014607,228013592,3779015,33959412,67065,2681996
1635292620.245376,3632476,34969650,5300153,78242,3602069,33799382,228226654,3967814,33756036,67991,2535871
1635292620.3454964,3652868,33614062,3359434,84160,3722980,33959192,228158132,3692737,33975046,67504,2693221
1635292620.4456153,3435455,34431711,5437256,74603,3836353,34071010,228289140,3651064,33854330,68586,2637535
1635292620.5457344,3633441,35059179,5372938,83755,3642308,33999683,228130601,3774751,33910827,67506,2384530
1635292620.6458535,3569653,34688282,5281854,78559,3780693,33797733,228222894,3628436,33948672,67884,2674172
1635292620.7459733,3678125,33856358,228170969,3793199,33890821,67661,2560571,3671732,35241593,5305785,69597
1635292620.8460922,3791873,33697860,228225323,3636753,33888071,67492,2713474,3493190,34620012,5399780,82383
1635292620.9462116,3708159,33937900,228111010,3798020,33818621,67106,2610369,3657191,34793578,5267276,78248
1635292621.1464503,3629641,35181815,5391477,80787,3766743,33958220,228274428,3696098,34012491,70077,2724236
1635292621.2465692,3615524,34638639,5327074,82699,3598132,33924996,228189797,3942809,33868483,69695,2690239
1635292621.3467124,3643909,35092093,5396442,84165,3799108,33797473,228197388,3540804,33039291,68092,2600801
1635292621.4468431,3544751,34635539,5432350,81645,3688679,34022152,228271534,3699950,33935829,69317,2713707
1635292621.546964,3631927,34936313,5368673,81117,3652951,33822295,228197617,3786235,33840798,67412,2667481
1635292621.6470876,3672324,35032925,5417804,78792,3799106,33852809,228147172,3626613,33891761,67631,2726869
1635292621.7472084,3660909,35143476,5345734,84447,3810118,34009866,228135238,3789190,33885848,67640,2468232
1635292621.847328,3788929,33775060,228132911,3632337,33962647,67426,2713713,3576865,34628210,5375643,85321
1635292621.947448,3679080,34187765,228158015,3797716,33914639,67140,2481962,4226092,35106156,5320280,75052
1635292622.047568,3778770,33926862,228135856,3637385,34021808,66905,2705026,3644199,35073293,5422775,82685
1635292622.2478158,3637602,34652368,5341624,77232,3627748,33859694,228257357,3716387,33996392,67218,2679367
1635292622.3479388,3649527,35023584,5415279,78244,3793342,33938224,228222856,3790937,34017121,66900,2690370
1635292622.4480584,3620563,34597254,5366175,79973,3639504,33812243,228035410,3757131,33701981,67853,2553435
1635292622.5481772,3670084,35117777,5420175,84022,3783978,33939839,228165495,3794021,33918734,66635,2674757
1635292622.648296,3476811,34634110,5427607,75279,3901713,34005249,228229417,3691752,33883935,67974,2535294
1635292622.7484152,3645209,35064963,5398088,84656,3411014,34020459,228270500,3800925,33930950,67793,2551602
1635292622.8485332,3565343,34676615,5371203,79949,3761282,34086741,228154971,3631732,33932976,67380,2678723
1635292622.9486518,3579107,33976215,228191346,3780656,34046068,67262,2591549,3559775,34826477,5405936,84834
1635292623.0487702,3794377,33855570,228149966,3636813,34003112,67765,2683627,3419135,34379295,5460624,80707
1635292623.1488886,3642545,34022024,228223160,3797079,33928725,66474,2692340,3708675,35155072,5351200,79527
1635292623.349127,3659069,35258415,5436929,78023,3802760,33954186,228212417,3798400,33843828,75816,2727196
1635292623.4492574,3681758,35118998,5331131,83692,3793738,33873535,228265282,3719847,33972128,70170,2516050
1635292623.5493789,3631323,34550453,5382274,85021,3678930,33997790,228084287,3533979,33573261,70309,2750974
1635292623.6494994,3669907,34733147,5315006,75461,3791575,33949304,228286634,3790738,33976358,68574,2481574
1635292623.7496188,3669832,34991489,5439283,82745,3960685,33624028,228279924,3670889,34129937,66751,2667161
1635292623.8497376,3650514,34445211,5351922,76692,3357547,34006851,228247236,3783263,33978973,67826,2710897
1635292623.9498575,3653641,34997980,5424845,82343,3482627,33904724,228272772,3753109,33995084,67479,2700193
1635292624.049977,3802296,33980906,228139297,3720894,33919170,67825,2600343,3653478,35097617,5200398,79370
1635292624.1500723,3631965,33915210,228174449,3786871,33894716,66354,2659319,3552296,34808350,5476635,85395
1635292624.2501922,3778320,34132776,228235280,3629939,33790488,67017,2646757,3357755,34682429,5450685,76390
1635292624.450432,3653472,34929684,5416175,83903,3791526,33927529,228114196,3621913,34027888,66615,2379410
1635292624.5505521,3585566,34705838,5431120,79429,3649787,34001261,228206932,3816296,33957160,66923,2681055
1635292624.6506722,3659630,34972394,5356068,70925,3794373,33863020,228095318,3560137,33987853,66879,2547087
1635292624.7507923,3612585,34809110,5400354,82003,3643416,34060190,228152396,3791319,34030608,66668,2706918
1635292624.8509123,3643621,34937643,5200462,79182,3758409,33791097,228243226,3768188,33867884,66767,2740028
1635292624.9510329,3688376,35400853,5415987,80669,5013535,33815483,228174782,3638230,33963503,66372,2618488
1635292625.0511527,3643310,34878998,5331007,85702,3776861,33935201,228146133,3794168,33899119,66706,2583984
1635292625.1512733,3640836,35136121,5400900,67324,3742222,34039331,228343909,3696506,34061393,67192,2696721
1635292625.2513926,3598839,34778439,5224061,89767,3784108,34238309,228159543,3773636,33894306,67568,2467729
1635292625.3515127,3631204,34856598,5464788,74802,3706276,33785446,228239422,3730154,34094335,70484,2666475
1635292625.4516325,3462448,35110033,5437809,83060,3795304,33876417,228208176,3748668,33866071,70382,2342089
1635292625.551757,3500653,34358203,5359963,74749,3484523,33626052,228456372,3772508,33574794,71884,2700134
1635292625.6518834,3683477,35144287,5429080,84528,3789148,33855304,228058230,3632403,33831367,70589,2790939
1635292625.7520041,3569713,34765310,5400920,81843,3625603,33839972,227961591,3715730,33764246,67553,2585624
1635292625.8521247,3644651,34955932,5331596,77565,3770019,33822495,227951886,3775551,33920447,66938,2613588
1635292625.9522443,3656775,34903081,5429313,81482,3658124,33640696,227956526,3532989,33910616,68473,2708619
1635292626.0523667,3652161,34697386,5327014,78522,3302407,34415460,228099195,3836100,33789140,67417,2677962
1635292626.1524878,3648938,35052812,5411188,79597,4131634,33808424,228042810,3653282,34093332,66545,2682405
1635292626.2526076,3635636,34557373,5338005,91515,3555790,34013123,228068762,3790908,33934371,67965,2542305
1635292626.3527267,3670330,35030376,5329175,77079,3779423,33877227,228035703,3731618,34025122,65568,2712579
1635292626.452846,3517261,34751718,5621562,76969,3787295,33920078,228044892,3746045,33870164,67029,2331512
1635292626.5529664,3760278,34637074,5408604,81177,3563375,34027249,228068692,3804372,34005209,66264,2273588
1635292626.6530867,3492147,34581248,5373450,82467,3779484,33943116,228135987,3667508,33875347,68418,3082313
1635292626.7532065,3588953,34692745,5358972,67724,3557210,33961658,228010924,3783130,33814625,66593,2509346
1635292626.8533256,3659085,34954668,5409099,85829,3793357,33808465,228060983,3655099,34069392,68209,2699360
1635292626.9534454,3579695,34633641,5401247,79308,3644482,33931408,228011715,3782387,33903660,67777,2694574
1635292627.0535653,3656873,35086136,5375809,82765,3788861,33672193,228042413,3554636,33990601,67493,2711301
1635292627.1536858,3718472,35045736,5449849,77135,3964883,34230152,227968723,3735031,33851180,67559,2740973
1635292627.2538059,3661840,35172962,5315597,83873,3730648,33670308,227963519,3787273,34013792,67134,2461764
1635292627.3539245,3607352,33384599,4068353,91066,3674580,33796862,228046799,3643909,33940515,66872,2712105
1635292627.454044,3636634,34812154,5333469,64470,3725017,34009462,227984008,3785011,33798906,67864,2464466
1635292627.5541635,3668660,35029515,5413010,80245,3736821,33873296,228043261,3664641,34027931,70325,2701634
1635292627.6545525,3441853,34284586,5276909,80435,3797431,33887270,228050320,3774156,33725914,70698,2696379
1635292627.7546804,3803188,34790191,5415814,75331,3356697,33887464,228094555,3799321,34022468,70003,2688314
1635292627.8548012,3637001,34867449,5410566,83598,3795426,33877335,228069006,3682185,33836676,74182,2637512
1635292627.954921,3530457,34586282,5347104,77247,3631379,33856853,228034774,3791452,33905776,67464,2685460
1635292628.0550406,3667817,35088653,5429281,84417,3787516,33883724,228002386,3760147,33835858,67609,2725357
1635292628.15516,3612569,34822188,5446071,78603,3726334,34101476,227824932,3576488,33934662,68623,2761057
1635292628.2552788,3653139,34970267,5397343,82626,3753116,33971521,228132304,3779913,34129363,68258,2318220
1635292628.355398,3579704,34683199,5447163,78673,3672347,33967858,228077282,3639381,33930579,66985,2663762
1635292628.4555175,3659427,34885421,5356183,69306,3709057,33961924,228020341,3778096,33989119,66577,2577229
1635292628.5556364,3629993,34650628,5444449,79319,3806654,33840613,228087007,3643169,33975328,66899,2717170
1635292628.6557562,3664985,34854009,5383072,80536,3655357,33950337,227971071,3799084,33840766,67400,2675319
1635292628.7558756,3665736,34772413,5228851,79809,3792293,33720082,227924041,3641479,33993835,66702,2716831
1635292628.8559947,3619293,35025825,5428275,79309,3785967,33966742,228070268,3786849,33852596,67695,2769901
1635292628.9561136,3848147,35365601,5358387,84775,3650199,33904156,227988690,3725999,33951960,66982,2465323
1635292629.056237,3606025,34670664,5382654,82771,3784963,34027573,228015570,3739271,33874367,67424,2709978
1635292629.1563566,3613888,34584360,5334705,78899,3630136,33875308,228062109,3757858,33766042,67216,2525349
1635292629.2564762,3657059,35112632,5394282,83430,3798704,33817158,227912632,3728423,34069080,67581,2673546
1635292629.3565955,3457867,34531142,5328288,74233,3625194,34003268,228103253,3844881,33932846,68066,2669315
1635292629.456715,3648126,35069728,5409686,84908,3632735,33731681,228092121,3707247,33847430,67056,2602715
1635292629.556834,3554719,34780061,5386721,79727,3792702,34053551,228070854,3644770,33841253,67164,2672030
1635292629.6569538,3655337,35186145,5365613,76625,3763004,33864765,228115632,3790392,33911963,69937,2716174
1635292629.7570734,3728923,34804264,5470616,87044,3704951,33883357,228020802,3635516,33891366,70323,2749261
1635292629.8572032,3682958,33787833,5177648,78265,3518036,34069960,227987187,3790717,33821422,67887,2671871
1635292629.957325,3736936,35156333,5265511,97814,3811049,33723582,228068829,3629172,34088139,70708,2581566
1635292630.0574455,3425371,34509165,5385246,80299,3800510,33972182,227933471,3776726,33900474,68720,2656704
1635292630.1575663,3797193,34795704,5347548,78178,3738715,33843797,227986278,3701371,33930848,66500,2684402
1635292630.2576854,3637361,35048860,5438949,84018,3792678,33931358,227998756,3659040,33863501,68674,2603199
1635292630.3578045,3578241,34460238,5370039,77005,3616445,33875080,228098410,3957896,34068955,67494,2317973
1635292630.4579241,3687547,35256443,5428699,82323,3782689,33919163,227981062,3770040,33860663,66369,2693871
1635292630.5580435,3579923,34568263,5345012,68644,3554662,33970692,227994403,3654460,33832868,68289,2672265
1635292630.6581638,3651610,35000633,5423303,86245,3784870,34024327,228038597,3789893,34000783,66726,2702813
1635292630.758283,3513106,34634109,5496514,80707,3685474,34033484,227995937,3606397,33907664,67253,2664971
1635292630.8584018,3649370,34952460,5367378,85905,3646701,33960241,228025048,3791344,34068061,66560,2666768
1635292630.9585211,3676273,34782418,5528200,80317,3790224,33830386,228039915,3636474,33823925,67485,2703342
1635292631.0586405,3658033,34977273,5447205,78764,3789674,33948811,228025996,3792682,33869503,67016,2459354
1635292631.1587598,3589795,34491394,5329499,83616,3801103,33787727,228048345,3631365,33895799,66912,2676489
1635292631.2588794,3675177,35229958,5435437,84379,3635398,34012154,227981587,3801409,33841547,66874,2693252
1635292631.3589993,3666148,35201640,5228796,75893,3765480,33868383,227917302,3623161,33892199,66754,2317669
1635292631.4591184,3668951,35085975,5400261,81456,3714643,34012487,227902123,3732275,33884495,66569,2736743
1635292631.5592382,3628425,34754655,5338286,77546,3587287,33869782,227978903,3781404,33798445,67979,2685021
1635292631.6593592,3643089,35044544,5399949,79326,3790272,33864015,228070303,3648575,34066514,66386,2714933
1635292631.7594788,3584146,34658042,5339336,77980,3743104,33945349,228073391,3783642,33868993,67636,2583514
1635292631.8596005,3655249,35078321,5416873,84178,3543599,33737053,227985229,3797909,33905888,68890,2710007
1635292631.9597335,3492453,34602544,5470356,76511,3790782,33947622,228166405,3607747,33751082,70510,2688180
1635292632.0598552,3662633,35048153,5395319,77589,3847502,34044226,228051429,3800265,33866903,69495,2306612
1635292632.1599748,3579203,34732390,5573880,96757,3791179,33913748,228026985,3635379,33928369,70650,2690096
1635292632.2600808,3617662,34319747,5323681,67698,3715183,34094142,228086764,3773636,33928417,67421,2629636
1635292632.3602023,3795179,35374296,5393234,69204,3803389,33855946,228096985,3631828,34100427,66605,2527159
1635292632.4603221,3583843,34799623,5447631,80537,3686268,33905733,227951691,3795859,33724059,69350,2574552
1635292632.5604422,3653364,34792116,5309957,77909,3713430,33739790,227986911,3740791,33668656,67931,2753218
1635292632.6605628,3644320,34862149,5415885,81579,3791833,33850341,227962631,3540414,33821949,66935,2699494
1635292632.7606828,3613046,34686536,5343497,69729,3537241,33900382,228069266,3979392,33836649,67504,2708391
1635292632.860803,3650228,35079698,5405146,84362,3748081,33822106,227938783,3700793,33881745,66299,2685715
1635292632.9609237,3506447,34557617,5479838,78625,3672523,34021533,227993652,3617563,33818841,68159,2669193
1635292633.061044,3620514,34860601,5375814,79396,3767304,33978472,228109221,3767412,33937046,67302,2655739
1635292633.161164,3693376,34733791,5479044,87939,3669772,33864849,228014068,3624913,34012713,66725,2676622
1635292633.261284,3659858,34629545,5297945,72728,3798776,34075530,228044714,3797413,33971021,68836,2447709
1635292633.361404,3649626,35304889,5461714,97328,3788346,33861632,228088304,3639957,33948037,67665,2734112
1635292633.4615235,3670471,35019595,5380252,84690,3638277,33977108,227988952,3784011,33818873,66908,2461899
1635292633.5616438,3633740,34952530,5231583,75891,3787611,33819694,228151545,3634465,34057748,66444,2755997
1635292633.6617634,3657878,35299612,5415923,80750,3703500,33948023,228038204,3721548,33788274,67594,2369622
1635292633.7618835,3642584,34850051,5329111,77773,3543380,33926656,228022216,3772156,33917760,67547,2687237
1635292633.862003,3653781,35086102,5433892,80677,3800948,33851987,228060164,3790496,33925537,66908,2686912
1635292633.9621236,3600781,34625054,5350257,78964,3643961,33854483,228019560,3679053,33845298,66921,2561960
1635292634.0622494,3604471,34923217,5427964,83182,3768848,33820375,228017728,3796632,33932247,69974,2701557
1635292634.1623783,3517055,34197407,5412262,81504,3686560,33676489,227996188,3631242,33766262,70160,2685905
1635292634.2625005,3639044,34992556,5369751,83633,3788684,33805650,228073578,3788687,33173742,68157,2382543
1635292634.3626206,3604855,34755173,5399431,78777,3784611,33756691,228042682,3633518,33912030,69806,2688535
1635292634.4627407,3755296,33977253,228004710,3777787,33830778,67469,2544419,3593310,34657869,5232662,66146
1635292634.5628605,3770409,33800972,228010307,3613964,33983542,66558,2710075,3737986,34932471,5407030,81536
1635292634.6629798,3691879,33897383,227966288,3767317,33891109,67093,2554338,3667900,34653471,5287064,77542
1635292634.8632214,3504885,33548691,5086108,71556,3466005,33577811,228067000,3737163,33528020,65922,2707933
1635292634.9633408,3619795,34731468,5371989,88148,3788834,33652312,227905571,3775678,33636698,66081,2524244
1635292635.0634606,3565310,34368102,5386299,86739,3681872,33491280,228012199,3541680,33516234,67171,2668101
1635292635.1635804,3652870,34580789,5252800,84171,3672494,33838106,228029027,3830213,33470114,66824,2478266
1635292635.2637005,3632813,34721741,5394021,88750,3577933,33772719,228098801,3781578,33620755,67554,2688047
1635292635.3638206,3524448,34243942,5337972,88896,3733928,33727955,228146690,3614453,33640075,66472,2673895
1635292635.4639401,3653297,34690658,5358706,88649,3776187,33597887,227957336,3760225,33641534,67600,2529268
1635292635.56406,3600715,33609547,228013093,3745110,33665419,66626,2643421,3596804,34629831,5548721,88801
1635292635.6641798,3781482,33628557,227964648,3631491,33539020,66208,2680701,3463995,34367024,5393565,88497
1635292635.7642996,3625223,33660526,227958724,3785745,33595681,66281,2626662,3681606,34872365,5236264,87422
1635292635.9645386,3638764,34768240,5387706,88216,3739521,33702911,228024332,3671760,33571407,66595,2686379
1635292636.0646584,3537980,34301935,5318821,76129,3667713,33557847,228049435,3690392,33653908,64666,2677384
1635292636.1647778,3621113,34714583,5311292,78928,3731260,33710133,228103506,3657496,33594994,66207,2526431
1635292636.2649086,3688559,34531969,5364859,87857,3846042,33649137,228086448,3697633,33684483,65799,2695408
1635292636.3650312,3524796,34109893,5314901,85397,3582597,33655734,228114256,3659141,33595432,65592,2587459
1635292636.465152,3615186,34848797,5351758,90003,3781739,33701243,227985459,3783379,33607121,66546,2405552
1635292636.5652719,3601669,34686213,5407961,88941,3769985,33537183,228046052,3633776,33675098,65339,2702091
1635292636.6653914,3769934,33646491,228005902,3697160,33465366,65744,2640227,3633277,34818605,5371255,88164
1635292636.7655108,3621045,33563231,228009031,3771058,33564895,65935,2616972,3467244,34497788,5376589,91361
1635292636.8656301,3781967,33457811,227937966,3607194,33636747,67946,2690944,3639738,34640237,5399397,88433
1635292637.0658693,3599359,34177341,5305659,85532,3694246,33580785,228056982,3799888,33590273,71213,2683000
1635292637.1659892,3638698,34764400,5390157,87351,3789402,33573375,228045357,3550532,33875594,68247,2358222
1635292637.2661083,3634409,34621752,5411762,88181,3786789,33609682,228054554,3766481,33500839,69183,2725204
1635292637.3662271,3649888,34398959,5295812,82202,3607640,33606088,227937587,3657515,33580673,69012,2572940
1635292637.4663463,3662936,34697154,5394112,90192,3758664,33597174,228004804,3783432,33660274,66242,2667715
1635292637.5664647,3659201,34619653,5391668,89169,3789798,32642522,228165106,3543433,33783964,65978,2649380
1635292637.6665869,3613602,34216909,5317327,79032,3780408,33625402,227979220,3660341,33681257,66036,2679096
1635292637.7667077,3574946,33539999,228063728,3772881,33706603,65689,2523105,3617244,34203528,5350492,91837
1635292637.8668265,3786935,33633793,228071217,3628758,33691749,65916,2703721,3452175,34626544,5428548,88022
1635292637.966946,3801391,33630731,228054829,3723801,33536261,66394,2365428,3724960,34561657,5281987,86631
1635292638.1671846,3658769,34718913,5408618,87809,3735641,33671418,228015967,3630158,33703468,66011,2297324
1635292638.2673035,3584106,34353950,5414137,89732,3787324,33601444,228133653,3681303,33316421,68618,2664296
1635292638.3674316,3640610,34563813,5324027,89369,3607557,33476668,227955220,3696247,33070841,65057,2576911
1635292638.4675548,3632337,34698365,5392952,91372,3782815,33565438,227889680,3761046,33782878,67024,2635261
1635292638.5676746,3632666,34667291,5381400,88630,3716187,33462396,228056192,3682103,33536938,67177,2730082
1635292638.6677942,3631161,34212645,5310182,86073,3876197,33655003,228156395,3742291,33534325,66169,2689144
1635292638.7679136,3653634,34803245,5357802,87674,3628928,33608462,228102295,3793457,33589013,66938,2499344
1635292638.8680322,3762420,33595036,228051146,3633932,33545351,65535,2669748,3647919,34416260,5225905,86293
1635292638.9681506,3732456,33692298,228068242,3753005,33504487,67578,2453887,3769737,35278235,5272811,82675
1635292639.0682695,3608132,33582001,228061620,3766537,33543517,65506,2618452,3495727,34514869,5386358,88774
1635292639.2685072,3678050,34464037,5385213,88112,3792391,33632787,228048582,3783726,33580501,66315,2678419
1635292639.3686254,3629520,34750329,5295279,90745,3560009,33578948,227976663,3829294,33599893,66394,2524166
1635292639.468744,3663881,35029311,5392383,88547,3771547,33571238,227905439,3544681,33486989,66430,2664668
1635292639.568863,3542535,34482742,5408911,88343,3614030,33715196,227966183,3777836,33575995,65281,2672062
1635292639.6689825,3635193,34652990,5233469,86207,3586981,33424380,227969040,3725691,33580304,66708,2533896
1635292639.7691016,3658996,34685971,5409353,88394,3964036,33604187,228100892,3709745,33656140,69300,2659282
1635292639.8692203,3531068,34296921,5320148,77176,3791305,33569092,227992871,3615760,33606384,69135,2700360
1635292639.9693396,3732396,33576641,228046212,3789035,33554769,69187,2546894,3675207,34790624,5366654,76581
1635292640.0694585,3714786,33504952,228055231,3718271,33672772,68844,2717071,3468264,33430246,5371806,88502
1635292640.1695771,3786548,33594659,228028854,3624149,33638464,71348,2741207,3270339,34861237,5439239,83824
1635292640.3698146,3643829,34752020,5366177,89293,3746653,33549835,228138152,3620889,33558712,66232,2488809
1635292640.469939,3630309,34429441,5394854,89565,3772789,33577359,228014046,3608770,33388766,65321,2685035
1635292640.5702026,3582794,34163148,5304404,88615,3627369,33474976,228073595,3767700,33619376,66535,2679770
1635292640.7205243,3622184,34659653,5375702,91505,3781444,33475931,227939647,3694553,33736123,66412,2580012
1635292640.8206484,3661696,34622969,5388598,88428,3798955,33520970,228003824,3599868,33601184,67030,2684588
1635292640.9207685,3630753,34381382,5301037,84900,5684121,33870302,227946790,3740358,33565693,66389,2672367
1635292641.0208874,3661011,34803093,5387826,86008,3307244,33483106,227967072,3769247,33523921,67133,2518156
1635292641.1210077,3560633,34238959,5423789,82696,3873450,33694016,228070252,3632132,33571132,66919,2679122
1635292641.2211275,3651667,34459331,5377675,83028,3639043,33761393,228008205,3775274,33550248,66728,2475807
1635292641.3212476,3645375,34309517,5138176,85056,3626832,33555570,227978747,3770955,33711580,66702,2680852
1635292641.4213686,3745554,34886123,5461358,89554,3790843,33642255,228060885,3626636,33625365,65823,2261899
1635292641.5214884,3464498,34067209,5332827,88350,3795483,33577082,228044794,3781768,33564191,65163,2763656
1635292641.621608,3660360,34857949,5266072,88820,3607351,33535421,228004350,3737475,33520190,67714,2449353
1635292641.7217278,3663297,34812238,5394535,87900,3768186,33583824,228023344,3703349,33643443,65802,2733568
1635292641.8218472,3531536,34264886,5451724,88035,3610028,33674355,227940180,3540724,33488289,65697,2702789
1635292641.921967,3638889,34796681,5261699,86179,3686038,33648508,228100419,3866301,33623139,64744,2702138
1635292642.0220864,3655290,34750595,5389885,89093,3447621,34755893,237343632,3818488,35094223,69845,2782797
1635292642.1222067,3678533,34901688,4405342,192228,3786999,33611278,228078706,3735476,33764662,66385,2676044
1635292642.222327,3505161,34412383,5258630,100195,3618870,33674481,228051793,3626429,33552862,65798,2669014
1635292642.3224463,3655365,34988201,5292951,81706,3686280,33624704,227959780,3780644,33605867,65993,2472687
1635292642.4225662,3630941,35426582,5388354,89435,3713555,33498831,227981581,3688726,33625219,65777,2688752
1635292642.5226853,3461846,33469765,5285856,88424,3767862,33602539,228034675,3626483,33558677,66580,2937455
1635292642.6228168,3556122,34685032,5355523,83319,3726490,33242682,227994052,3758921,33606708,66349,2351224
1635292642.7229385,3596633,34432784,5304783,89782,3601097,33547767,228036559,3730497,33724489,66051,2681325
1635292642.8230603,3602326,34593126,5366742,88287,3782233,33553144,227999708,3654949,33459882,70200,2653120
1635292642.9231799,3540418,34257588,5419979,89046,3627693,33700364,228025730,3772422,33698767,69534,2711602
1635292643.0233002,3628902,34671228,5221564,87419,3650547,33571686,228075304,3678045,33662266,69724,2602401
1635292643.12342,3658498,34921992,5385773,88436,3870686,33661687,228014229,3744765,33689138,69825,2710077
1635292643.2235394,3513648,34372479,5314800,76417,3491262,33643435,228051297,3625738,33625267,69873,2702046
1635292643.3236578,3639091,34868924,5348646,79196,3760768,33732207,228035927,3781570,33626143,66526,2526277
1635292643.4237769,3654054,34532712,5412757,87907,3727281,33566472,228068408,3625341,33747947,66894,2701653
1635292643.5238955,3512565,34120217,5353681,83902,3787952,33589259,227948201,3625882,33663799,66241,2607724
1635292643.6240141,3661601,34708976,5411292,88149,3634786,33637123,227968249,3780430,33596924,65678,2653706
1635292643.7241325,3742692,34685204,5265472,92099,3590773,33523436,228021430,3685239,33635139,67227,2663314
1635292643.8242521,3629920,34747397,5400654,89900,3783232,33650606,228045404,3627939,33514265,65633,2690481
1635292643.924371,3565672,34486663,5336353,89147,3616837,33649110,227960111,3779855,33542658,65936,2691455
1635292644.0244896,3622769,34768205,5279946,85607,3709346,33653363,227959928,3608037,33603924,66154,2475651
1635292644.1246085,3642736,34643439,5379675,88715,3788005,33734262,227846915,3770929,33664359,67448,2692317
1635292644.2247279,3458021,34119116,5311839,83473,3792238,33709817,228118835,3521886,33677546,65966,2646662
1635292644.3248465,3645418,34715251,5355801,89601,3705918,33692642,228092458,3823337,33719214,66619,2451730
1635292644.4249659,3652546,34598411,5398804,90322,3743435,33375005,228115455,3642488,33612949,66644,2682819
1635292644.5250854,3588661,34414442,5358988,98002,3784282,33666434,228049140,3628689,33468283,66519,2668512
1635292644.6252055,3668141,34925456,5347061,84850,3654198,33652437,228058822,3788352,33593212,66030,2652933
1635292644.7253304,3644578,34625014,5285941,94192,3702463,33548969,228078522,3669205,33516302,64968,2668707
1635292644.825456,3596447,34457833,5414908,83916,3783218,33813523,228112638,3594109,33584894,66990,2645147
1635292644.9255764,3468032,34326079,5296353,78913,3649027,33610109,227962045,3770818,33656434,67052,2644375
1635292645.0256963,3721197,34724904,5335090,80820,3747674,33451505,227948056,3653494,33550640,65282,2538566
1635292645.1258159,3666874,34613277,5374279,90747,3783136,33612958,227965389,3692269,33658254,66655,2694668
1635292645.2259345,3501955,34229375,5381460,87042,3666803,33562754,227881678,3711972,33603918,66673,2645154
1635292645.3260536,3642795,35060386,5339530,91731,3779156,33548106,228082601,3601710,33642358,65868,2395870
1635292645.4261723,3595223,34617936,5387414,89778,3843163,33646147,228297139,3706555,33761596,66532,2695586
1635292645.5262916,3610281,34479000,5351363,88783,3541928,33589981,228029688,3698517,33617712,66965,2639035
1635292645.6264105,3621266,34824863,5401980,87641,3694159,33614277,228141380,3764253,33679091,66641,2608583
1635292645.7265291,3637594,34652870,5367988,93630,3595193,33111994,218547800,3459752,32837482,60417,2517002
1635292645.8266492,3447964,33395362,5131392,101791,3706511,33867040,227740504,3704629,33965370,59108,2641499
1635292645.9267676,3567104,34755273,5316627,121060,3664906,33785564,227417098,3677367,33769030,46518,2681449
