1635341623.959766,11869727,105637146,737552919,11923914,106046643,219950,10754564,11843369,111561830,17757565,433282
1635341626.513164,11875736,105437009,735853035,11907183,106135987,220202,10711245,11854211,111309954,17682544,426365
1635341626.6132884,11870750,105508292,736217802,11880190,105778869,220970,10556127,11782677,110786703,17661545,433050
1635341626.713412,11763106,105845955,739171811,11972855,106222964,220230,10725229,11759355,111033962,16465060,432074
1635341626.8135364,11565249,102281877,713826555,11546424,102755832,216011,10389851,11437683,107644849,17184518,420151
1635341626.91366,11945565,105883699,739798633,12005558,106232547,222768,10814508,11845183,111276219,17769773,430292
1635341627.0137918,12008902,105972669,739268136,11961341,106141464,219526,10752452,11804715,111089574,17754232,437919
1635341627.1139162,11917257,105336483,736531405,11929423,106184266,212272,10700017,13961180,109006810,16560465,429487
1635341627.2140403,11776117,104692854,728864124,11794036,105227445,219100,10466450,11650346,110097391,17528766,424552
1635341627.3141642,11785727,104564034,729586283,11778974,105399698,219556,10437532,11683563,110602945,17521188,426304
1635341627.4142885,11800447,104861789,731052355,11781507,105207359,220589,10466337,11647296,110210540,17564902,427492
1635341627.5144129,11793193,104886057,730416632,11762911,104930430,220351,10500351,11714116,110619194,17563434,429745
1635341627.6145363,11747625,104441559,728301434,11754229,105210511,219820,10558889,11721460,110441506,17561155,425586
1635341627.7146597,11790694,105002281,731099761,11788691,105237064,228164,10512833,11653946,110390740,17551418,425331
1635341627.8147829,11535977,102546061,713436297,11493450,102438372,215888,10303165,11464213,108020094,17215914,418568
1635341627.9149063,11844576,105358045,733533149,11858804,105365093,223363,10741467,11775954,108846921,15646103,434488
1635341628.015039,11845471,106098982,742795972,12025334,107142175,229051,10782434,11842764,110313758,13374725,429669
1635341628.1151636,11913548,105594688,737186605,11956015,105782281,228307,10732416,11818836,111207317,17705246,434075
1635341628.215288,11943387,105828690,738727573,11872749,105442462,230822,10716991,11762535,111157375,17731117,429911
1635341628.315411,11871295,105563492,738769086,11919556,105927633,224558,10796778,11801395,111074615,17756081,431941
1635341628.4155354,11780098,105709985,738936891,11837879,105932656,231575,10687538,11857925,111300080,17814176,420914
1635341628.51566,11647492,102835470,746721229,11744582,106651799,231258,10729060,11867993,112192679,17849775,425951
1635341628.6157842,11802480,104826200,732838037,11801928,105173066,222349,10594916,11642235,110108739,17582203,429948
1635341628.7159078,11866587,105977912,737576278,11926060,105854670,230183,10715790,11770019,110880793,17640178,430231
1635341628.8160315,11727015,103878369,724467901,11741763,103603165,224978,10662131,11518335,108411067,17351791,430149
1635341628.9161549,11873069,105347157,737548687,11926373,105587933,222567,10624034,11772799,111297237,17723278,433082
1635341629.0162864,11839303,105240926,739790419,11920796,106019061,225943,10579159,12918543,109870420,17762772,430176
1635341629.116411,11938265,105965853,741263762,11974830,105919402,227366,10786829,11771551,111080480,17739651,433407
1635341629.2165346,11937624,105680305,740891860,12004306,106141828,225729,10816393,11833365,111509583,17734042,430296
1635341629.3166585,11963645,105588386,740028122,11973109,106110493,232123,10756640,11814789,111391384,17726203,432400
1635341629.4167817,11688351,104735151,744875745,12011843,106581323,223685,10785705,11832862,111776303,17827422,435205
1635341629.5169053,11882386,105465519,736286143,11871898,105353594,225110,10624343,11790045,111324666,17700491,429059
1635341629.6170282,11837169,105590376,735606735,11848489,105648972,227787,10602235,11679148,110510080,17608526,428508
1635341629.7171516,11878558,105736858,735352040,11854850,105319436,222027,10587837,11686958,110382022,17628757,428831
1635341629.8172748,11476657,102945875,721603029,11627457,103238938,219041,10422962,11461327,108298739,17362046,414159
1635341629.9674897,11839136,105438834,735713646,11852339,105289066,229026,10825301,11785777,111180171,17649441,428848
1635341630.0676217,11904268,105778309,739303803,11922891,106169709,225156,10693070,11775806,111517942,17717791,431655
1635341630.167759,11825837,105205448,734376976,11857546,105060306,224251,10606079,11779734,105201968,15114613,413543
1635341630.2678866,11909992,105619281,739900811,11914657,105607754,227023,10839394,11806469,111364865,17776068,437850
1635341630.3680105,11896815,105756089,738872912,11909055,105373342,234204,10620724,11790487,111221725,17675026,431318
1635341630.4681349,11842884,105075260,734555281,11880649,105466922,224836,10609661,11760463,111199897,17645210,432469
1635341630.568259,11824084,105667911,737093297,11853155,105510312,225643,10606543,11705224,110811655,17604326,434944
1635341630.668383,11886518,105572843,736426947,11875330,105530973,222378,10645894,11701691,110479274,17671340,430020
1635341630.7685065,11865942,105256661,735044405,11849622,105441558,225495,10566932,11720342,111108687,17628775,431363
1635341630.8686302,11565517,102356094,716029554,11578380,103089087,211739,10390389,11485695,108557111,17262310,420364
1635341630.968762,11564289,105668504,738589868,11985529,106222384,224743,10826013,11765968,110995483,16662487,428228
1635341631.068889,11787939,104955509,731072600,11843689,105407765,221685,10650050,11667390,110464760,17622015,434216
1635341631.1690128,11859645,105457188,734468236,11853862,105470856,227800,10882179,11706943,111008637,17617823,432814
1635341631.2691362,11871003,105166206,734352194,11865180,105482060,223216,10625204,11704013,110744389,17605605,429805
1635341631.3692594,11943567,105623032,737515042,11921717,105509538,228542,10696672,11782546,111430564,17734643,431120
1635341631.4693818,11730253,104395678,727557290,11736029,103741423,222970,10570046,11618764,109741615,17485811,428673
1635341631.5695074,11617477,100366446,722373313,11285386,102719503,217906,10009302,11504683,108360717,17339253,422633
1635341631.6696374,11902190,105527994,737440852,11903075,105249602,223986,10725623,11787455,111098241,17730005,429529
1635341631.7697606,11772119,104731214,731844987,11789722,105073954,217316,10649556,11687315,110693562,17655717,425478
1635341631.869884,11590711,103083592,719075841,11611566,102853207,218747,10286610,11473710,108103839,17254235,418560
1635341631.9700382,11859630,105309403,734931129,11862825,105332598,223856,10477042,11691461,110455216,17607791,431933
1635341632.0701685,11869471,104932459,734195514,11885234,105288602,223960,10657916,11719022,110676502,17721990,431885
1635341632.1702929,11817335,104803429,733650821,11843663,105239258,222275,10715129,11720811,110764515,17629189,431112
1635341632.2704248,11834695,104714568,733185467,11821108,105377565,218054,10703128,11684641,110391900,17616669,432094
1635341632.370559,11833412,105416348,734463479,11864332,104731143,230249,10497859,11705271,110509385,17645577,433396
1635341632.4706857,11866621,105171136,734482396,11864306,105229741,222118,10693792,11717628,110667544,17625758,433667
1635341632.5708098,11852567,105277563,734629916,11883452,105341585,224773,10710593,11724958,110516523,17582675,431037
1635341632.6709342,11883810,105404734,737005740,11882206,105454354,227836,10756307,11783585,110946633,17680960,433336
1635341632.7710583,11809233,105213664,733899408,11850931,105698794,218520,10653249,11671885,109562040,17539929,430166
1635341632.8711824,11485131,102637949,718339950,11590646,103267795,223853,10392788,11465005,108322395,16302953,420372
1635341632.9713144,11731472,104653661,733747262,11841922,105135690,222942,10693347,11707016,110655788,17624729,431502
1635341633.0714436,11848478,104914392,734423436,11844994,105215877,223582,10691640,11699446,110472059,17577425,429509
1635341633.171567,11850167,105068537,734663009,11845973,105034082,223949,10684396,11739970,110691667,17634519,428512
1635341633.2716913,11846928,104797662,734061142,11847044,105090100,227570,10691278,11702628,110563057,17643973,431970
1635341633.3718164,11872950,105216128,735748546,11867770,105317299,224031,10681028,11664616,110012187,17619085,429250
1635341633.4719403,11867796,105005573,734814565,11848842,105370776,222222,10677869,11682267,110474810,17636558,432914
1635341633.5720642,11827269,105026311,734135393,11838801,105193130,223918,10612215,11688143,110493944,17621367,430140
1635341633.6721878,11838589,105178983,734957829,11860527,105289179,223719,10777218,11679326,110406998,17623957,430356
1635341633.7723124,11831509,104874685,733445902,11859193,105272305,223546,10662115,11701248,110438294,17556902,429049
1635341633.8724365,11588372,102459343,717996739,11580493,102637385,214830,10483165,11430869,107728789,17209779,419909
1635341633.972569,11840065,105170904,735296448,11854338,105326642,217283,10694642,11665996,110197105,17622122,428260
1635341634.0726967,11810891,104685481,732318306,11852892,105413201,223635,10682750,11680412,110302333,17574929,428358
1635341634.1728203,11833756,105049240,734421136,11832858,105145705,225044,10654403,11701099,110538924,17664330,432270
1635341634.2729437,11784157,104875583,733019558,11813734,105156815,219108,10610274,11665072,110253149,17576759,431649
1635341634.373068,11820552,104995677,733988819,11828655,105120894,225667,10622221,11681464,110057301,17585586,428635
1635341634.4731927,11799054,104860826,731004533,11772549,104860236,222341,10525311,11633393,109971231,17535167,427552
1635341634.5733168,11813275,104944432,732513217,11834390,104754056,221311,10595918,11714991,110743415,17623598,432979
1635341634.673441,11820031,104848770,732584395,11823484,104900748,223522,10643742,11721302,110532297,17602860,427851
1635341634.7735655,11838128,105111657,733274671,11845507,105149480,223946,10664587,11701748,110583452,17585384,428613
1635341634.8736892,11514503,102560883,714710457,11519633,102133892,217848,10391262,11367909,107635392,17139217,419723
1635341634.973819,11832758,105190426,734184820,11839388,105109818,222026,10658790,11666427,110274707,17556633,428631
1635341635.073947,11850423,105053551,735057093,11846126,105249170,222945,10664927,11689249,110456458,17625428,429746
1635341635.1740725,11838830,104725974,734187390,11866649,105429121,220504,10676346,11728940,110613116,17631111,424781
1635341635.2741983,11857483,105488887,735741677,11878864,105311367,221623,10750984,11711977,110318126,17663441,429689
1635341635.3743222,11794925,105039307,733070751,11814542,105154165,229722,10679744,11696210,110486220,17607923,427473
1635341635.474446,11850101,105070759,734467681,11884306,105698268,226076,10761574,11712080,110925732,17620153,423501
1635341635.5745695,11781850,104546634,730090131,11793005,105154512,225034,10470732,11678093,110307206,17545606,422919
1635341635.6746938,11768982,104672172,729492567,11783584,104883986,222176,10508441,11642629,110431615,17499613,427500
1635341635.7748194,11697186,104462714,725121076,11687040,104490944,224452,10428794,11586703,110030879,17476105,420282
1635341635.8749428,11437921,102120098,709818766,11419969,102051539,219819,10148800,11304414,106843049,17040826,412230
1635341635.9750757,11714527,105052769,729721998,11759137,104812646,224354,10527809,11596234,109848517,17496651,425128
1635341636.075206,11847834,105141000,732739714,11820503,104854779,222532,10620655,11703135,110195726,17634069,424119
1635341636.1753306,11908463,105559865,740133253,11487072,102386426,228184,10534321,11797692,111358235,17751938,434379
1635341636.275454,11825106,105442404,733977031,11765115,104065719,222562,10360783,11664412,110067919,17481441,425413
1635341636.3755796,11858420,105115370,732653764,11848834,105165999,227429,10682207,11689377,110206437,17592456,428126
1635341636.475717,11755226,103374638,749973884,11679769,106232440,233931,10949528,12399449,109602266,17034941,428798
1635341636.5758414,11880909,105562945,734418114,11886055,105084143,230080,10836127,11703416,110079314,17625050,428236
1635341636.6759646,11863697,104930166,733384885,11857290,105476474,227574,10703450,11746010,110556327,17683365,429381
1635341636.7760882,11814434,105067108,731234949,11799637,104676857,224442,10665226,11703931,110213318,17572896,428931
1635341636.8762112,11524987,102249709,714754836,11557971,102951970,220203,10485623,11402747,107536286,17139506,411262
1635341636.9763408,11737196,104768089,729293536,11730819,105060192,221715,10513648,11632430,109922865,17505038,424459
1635341637.076466,11734541,104899033,728510769,11771678,105004981,221181,10489290,11636784,109890762,17498079,424895
1635341637.176591,11785846,104470928,730380918,11812629,105013162,225854,10579404,11703906,110797018,17617345,429782
1635341637.276715,11822392,105242570,732586434,11854488,105315651,222177,10592173,11666187,109822999,17550376,425619
1635341637.3768387,11834538,105149721,732792140,11886320,105427591,225805,10672464,11753205,110460628,17638209,424690
1635341637.4769623,11880395,105156648,734857837,11897304,105427591,232513,10748768,11759032,110557230,17689073,427069
1635341637.6772099,11896224,105277169,734386924,11902147,105604539,228529,10781577,11722247,110854801,17644341,426407
1635341637.7773333,11889494,105694903,736006027,11871072,104222378,217979,10211542,11680007,110156568,17616858,430301
1635341637.8774564,11492731,102200726,714772947,11552975,102675665,220972,10288408,11358979,107295001,17119190,412811
1635341637.9775867,11709302,104825460,733034690,11823446,105295511,226890,10638104,11681010,110037204,17488155,417050
1635341638.0777125,11794967,105099296,732757818,11832923,105174326,225414,5897383,11700077,110591186,17576728,425979
1635341638.177837,11808606,104956000,731249579,11839076,104990234,225451,10674480,11676091,110664886,17602263,425600
1635341638.2779608,11910957,105386856,735804117,11911319,105720280,226505,10559239,12434011,109570053,17729275,430954
1635341638.3780844,11876235,105175266,733999181,11882350,105289217,228775,10760356,11748522,110644713,17668081,425248
1635341638.4782073,11888847,105344085,735582250,11915846,105660410,230689,10742934,11713682,110644833,17696034,430517
1635341638.5783389,11930825,105330211,736652938,11925310,105531392,229025,10750903,12792324,109511637,16538385,430953
1635341638.6784685,11829639,105015348,731767742,11863082,104951109,225284,10689512,11674069,110357219,17610464,427822
1635341638.778593,11853448,105192749,733635395,11849748,105484734,225998,10584530,11682166,109994831,17577961,429721
1635341638.8787167,11574838,102502139,718208101,11627102,103066778,222717,10423323,11486022,108166394,17234949,417889
1635341638.9788463,11777551,104852098,730075051,11776053,104705137,227436,10544300,11660098,110045908,17533780,425345
1635341639.0789738,11769644,104717389,731502577,11806388,105164356,225939,10664085,11675571,110300826,17562299,426287
1635341639.1790977,11791342,104558508,730071688,11802812,105154653,226061,10567306,11632389,110092776,17598133,419429
1635341639.2792213,11832891,105076916,731883209,11832093,105061337,225771,10557931,11661099,110036682,17612591,430024
1635341639.3793442,11699212,104175877,726939928,11728213,104365539,230799,10500393,11616781,109313805,17453428,422753
1635341639.4794679,11802941,104443163,730258584,11787189,105034800,222376,10503693,11631260,109948325,17559987,423934
1635341639.5795915,11807555,105043724,731663561,11825943,105219882,225451,10557266,11690215,110364833,17576402,422792
1635341639.679715,11849566,105206090,732813451,11862406,105337835,229529,10605309,11596060,110360142,17656350,428394
1635341639.7798386,11860235,105282846,734139746,11889147,105336105,229262,10621030,12516573,109050887,16278254,428594
1635341639.8799613,11616871,103015612,719614950,11618487,103014095,225938,10470738,11428211,107467144,17257488,417451
1635341639.9800868,11861938,105288048,732813808,11835214,105270263,227780,10640089,11581116,109929422,17589812,425584
1635341640.0802128,11876014,105377774,735108784,11864219,105145622,235656,10752138,11742213,110596534,17682817,430654
1635341640.1803362,11842965,105014409,732383846,11830578,104737911,224260,10629702,11744349,110122106,17651577,427185
1635341640.2804587,11903387,105326366,736957254,11939903,105735748,227600,10754043,11745163,110416931,17727767,422046
1635341640.380582,11896148,105285803,735911232,11901448,105670824,231319,10719781,11738255,110567140,17672041,429924
1635341640.480705,11842784,105197512,734071030,11899851,105726312,229121,10679879,11720607,111033016,17672224,427397
1635341640.580829,11842441,105354166,732979213,11809542,105103772,223096,10653338,11719027,110328449,17559880,427727
1635341640.6809523,11828683,104972823,732206031,11812230,105294240,225168,10586591,11704065,110413241,17642499,421408
1635341640.7810762,11805702,105184385,731623650,11832115,105270793,226577,10600112,11502617,109498569,17573526,422665
1635341640.8811996,11575908,102841585,718221229,11610041,102781925,226434,10642559,11452844,107742134,17226610,417822
1635341640.98133,11824579,104682925,731394840,11815389,105090017,223889,10634585,11685519,110160555,17593157,426789
1635341641.081457,11864066,105595304,735118994,11857842,105266954,225275,10659938,11724732,110576778,17674925,422210
1635341641.1815815,11863982,105292908,733692023,11862014,105257097,225688,10664590,11662814,110796570,17629976,422418
1635341641.2817063,11823685,104972966,733166073,11839361,105602063,230435,10645919,11687677,110483647,17647771,426379
1635341641.3818302,11849403,105186379,733048084,11846043,105216954,227627,10612751,11700948,110416397,17567132,422443
1635341641.4819543,11292667,106371505,742693238,12014750,106432377,227004,10091391,13673521,101063523,14047722,417148
1635341641.5820808,11827215,105246924,733283831,11841424,105480090,226401,10633262,11692957,110268377,17615156,424165
1635341641.682209,11891026,105497369,735830956,11904464,105838414,227649,10689366,11751685,108347262,16382337,424338
1635341641.782334,11887321,105266691,733712806,11885997,105467909,226517,10707429,11735804,110618253,17678994,426789
1635341641.8824582,11589485,102643465,717578661,11649293,103146036,222245,10339125,11517160,108514814,17258359,419350
1635341641.9825907,11879196,105295090,734414043,11877146,105501723,220096,10631498,11692798,110200310,17632140,431947
1635341642.0827181,11871376,105098359,732484349,11834613,105121335,227490,10747789,11699639,110831924,17674386,427601
1635341642.182849,11877176,105459948,734419351,11889489,105329590,231063,10702149,11756390,110737454,17704284,426490
1635341642.282974,11836197,105070651,732720832,11839428,105311808,225327,10663107,8561135,109568880,17663508,430443
1635341642.3830974,11846677,105157165,732971926,11861884,105274416,230789,10579745,11705630,110698085,17657551,425747
1635341642.4832208,11795878,103636289,730466666,11890673,105556674,225696,10734649,11685734,110289419,17559040,426322
1635341642.5833442,11893123,105616624,733578234,11851492,105244186,226175,10623486,11601979,109683549,17371233,424955
1635341642.6834753,11868336,105092952,732994730,11589414,101820913,227030,10514514,11549927,110821954,17585616,425891
1635341642.7836063,11829200,104740528,731198378,11796479,105061956,228292,10679394,11677866,110632092,17616890,428164
1635341642.8837316,11633277,103129428,717962753,11648131,102823528,225352,10508106,11439488,108361668,17289259,420579
1635341642.9838595,11840849,105148042,731095349,11837152,105270923,223403,10522452,11656847,109982341,17535396,426046
1635341643.0839865,11778917,104790131,730028494,11788284,105498926,224769,10690502,11590601,110000259,17545214,425144
1635341643.1841109,11827725,105133475,732206099,11833173,105693975,224303,10419091,12474774,108928435,17547476,429595
1635341643.2842348,11819087,105373282,732978242,11866014,105447724,224261,10611933,11653571,110103113,17550409,424117
1635341643.3843577,11837464,105270062,732485955,11836866,105052040,224334,10513671,11651810,110493280,17625409,423468
1635341643.4844816,11834766,104897877,730542064,11832421,105509160,225709,10604475,11650267,110529685,17581600,431327
1635341643.5846055,11796232,105071008,731034181,11847474,105183500,224567,10629805,11646328,110423796,17528887,422912
1635341643.6847293,11802737,105247310,731664297,11813106,105231636,224306,10590780,11676189,110314321,17584962,423206
1635341643.784852,11790471,104756774,729059170,11796551,104989409,222147,10483920,11635904,110525816,17631017,424148
1635341643.884976,11545313,102595067,714356098,11545776,102754038,221040,10294093,11371606,107602834,17149717,412171
1635341643.9851067,11833734,105033684,732336927,11852693,104915186,224519,10370594,11660971,110802188,17592388,427499
1635341644.0852337,11791064,104970744,729456900,11786740,104848064,222611,10540577,11632914,110338334,17538124,422036
1635341644.1853578,11777906,104699585,728149338,11793668,105111453,224449,10507691,11616211,110321291,17553278,424155
1635341644.2854807,11797516,105080748,730250809,11793228,105108415,223532,10546367,11616153,110275247,17538866,427329
1635341644.3856041,11793979,105150229,730041948,11802391,105206171,221527,10564398,11561706,110180370,17506730,422954
1635341644.4857275,11787339,104977125,730583244,11809924,105263248,224700,10539411,11597335,110018115,17505102,424041
1635341644.5858505,11787424,104805301,728441554,11778994,104921265,220957,10518963,11668909,110264291,17533959,423464
1635341644.6859727,11786737,105042510,730629320,11812378,105004071,222449,10555529,11630222,110439667,17591319,427812
1635341644.786096,11804900,105127902,730785322,11781174,104763582,224386,10592949,11646899,110169710,17514967,423512
1635341644.8862324,11547227,102529191,715173616,11568670,102423910,221436,10305556,11414386,107744277,17165991,413340
1635341644.9863672,11785757,105035917,730187767,11812317,105034458,224440,10497204,11643057,109845878,17473045,425021
1635341645.0864952,11783088,104585917,729242680,11769082,104958300,223625,10546604,11647670,110111223,17504569,422918
1635341645.18662,11835117,105306902,732252619,11823626,105119743,221776,10540471,11638377,110027532,17572913,424057
1635341645.2867444,11783902,104860492,728585953,11796653,104854403,221749,10521706,11608363,109988152,17586422,426418
1635341645.386868,11787485,104901338,731240328,11819012,105179843,221272,10619037,11630108,110551454,17595492,426191
1635341645.4869916,11782287,104689891,729681861,11793024,105278427,226748,10540154,11585785,110388652,17532872,425085
1635341645.5871148,11758367,104921156,729664247,11802581,105031518,218338,10513364,11586739,110015837,17491070,421824
1635341645.6872382,11782493,104821947,728906867,11758915,104982306,221464,10515855,11550445,110094594,17480883,424462
1635341645.7873607,11774752,104900076,728902008,11756851,104751821,224527,10498297,11543494,110225574,17446425,427341
1635341645.8874843,11526312,102410366,714008728,11525563,102688525,218659,10312515,11293277,107061064,17066315,416041
1635341645.9876213,11778036,104692688,729641470,11829462,105238920,225328,10541766,11656784,110361636,17585927,426293
1635341646.087748,11742647,104637727,728139367,11762531,104741650,222665,10562430,11580068,109962865,17477423,426286
1635341646.187871,11775541,105097166,730173176,11774438,104962927,223375,10524999,11576653,110607524,17515902,429011
1635341646.2879941,11785308,104866276,729817021,11785458,105183291,226195,10345982,12369936,109223611,17514225,425893
1635341646.3881173,11783030,104945668,729787396,11778769,105023962,226916,10551243,11629352,110147998,17495164,423619
1635341646.4882402,11813718,105070337,730502868,11813844,105141590,221895,10571573,11604561,110369153,17494150,425097
1635341646.5883627,11768792,104652111,728836485,11788118,105222910,222358,10580834,11594264,110239037,17496635,420992
1635341646.7385483,11785869,105027063,729907468,11776093,105013636,227136,10472781,11594748,110166810,17536321,424378
1635341646.8386765,11647722,103377766,722703079,11683315,104607157,220191,10520777,11544652,109497535,17409585,423306
1635341646.9388018,11530455,102757862,716342110,11546837,103073614,218416,10315995,11329769,107673870,17173999,412121
1635341647.0389307,11781985,104926909,729865812,11776974,104934224,224601,10543896,11590681,110046511,17534803,421841
1635341647.139054,11772756,104893769,731227042,11812680,105102496,224548,10554177,11603970,109870153,17489781,428773
1635341647.2391775,11804479,104940643,729845871,11797732,105013455,224840,10526615,11530669,110045869,17494009,425987
1635341647.339301,11782253,104846590,730239885,11786382,104739465,222020,10543517,11594954,110283396,17528847,424163
1635341647.4394245,11734117,104551331,729418820,11773972,104890538,224375,10462105,11554898,110011447,17475209,426388
1635341647.5395482,11778759,104925498,730946855,11797069,104978604,223486,10541741,11508332,110057512,17447750,427901
1635341647.6396708,11804125,104772538,730820943,11785005,104957139,220412,10524500,11656892,110314075,17544947,435998
1635341647.7397945,11736985,104538017,729620880,11764424,104951238,230715,10491043,11672489,110334828,17551753,432109
1635341647.8399177,11514595,102471993,713617917,11556857,102990657,222428,10301240,11365325,107618886,17103418,419875
1635341647.9400127,11790588,104830403,729267253,11806024,104667641,222279,10589862,11631885,109741866,17466083,431631
1635341648.0401459,11812783,104891179,731216523,11828085,105193343,222745,10627731,11650599,110036204,17458190,425234
1635341648.1402683,11857072,105129503,732383132,11849291,105273793,225622,10595140,11670073,110285749,17547762,434126
1635341648.2403915,11798063,105012561,729796749,11785448,104946563,223959,10550744,11636635,110128521,17504134,436439
1635341648.3405147,11796064,104716739,729764842,11797104,105252422,223139,10514442,11645940,110163474,17509295,432176
1635341648.4406376,11740858,104582118,731179349,11806021,105025745,223413,10567849,11681937,110314652,17582574,430905
1635341648.5407634,11794140,104515439,730035371,11818771,105137958,223025,10642849,11713843,110422158,17562879,428630
1635341648.6408873,11832990,105026353,730863657,11822377,105017229,226411,10579815,11641053,109998963,17510583,431205
1635341648.7410107,11789226,105023395,730600214,11813781,105117884,217309,10579733,11641019,109855972,17516328,427317
1635341648.8411348,11565898,102429952,712858813,11525993,102097740,217549,10079252,11377179,107240202,17079911,427008
1635341648.9412644,11821921,104812920,732712605,11836421,105048433,221702,10595438,11742111,110520102,17616165,432158
1635341649.0414093,11599524,104996302,734491649,11849223,105220808,217760,10659736,11745278,106233504,13347221,416680
1635341649.14154,11848972,105493348,734000380,11841022,105093228,224513,10624720,11698224,110262329,17584407,428189
1635341649.2416651,11804916,104818320,729276845,11786802,105145184,221954,10456796,13163475,107937219,14871025,430609
1635341649.3417897,11814761,104960174,730499166,11787979,104993749,225431,10563435,11712984,110405370,17556554,437337
1635341649.4419146,11870841,104881315,733253602,11829470,105555091,219849,10578179,11736902,110354311,17531214,432243
1635341649.5420392,11823320,105354919,732596796,11828431,105319343,225138,10583166,13175577,107547771,15979033,429456
1635341649.6421623,11854903,105227690,732742557,11824936,105129084,226486,10557345,11648527,110139684,17525424,454441
1635341649.7422874,11701066,104950544,731615678,11766702,105023376,219639,10495160,11684217,110434259,16145888,428712
1635341649.842411,11436255,101639921,711111763,11504509,103047008,214465,10220472,11299098,106831764,17010855,414921
1635341649.942543,11886546,105562133,733530647,11844899,104994098,227025,10532934,11696100,110594977,17556613,434891
1635341650.042675,11847615,104964096,731856935,11809451,105115683,225978,10538385,11677714,110126334,17607147,442444
1635341650.1427991,11796631,105239276,731041274,11796707,105298242,220682,10511419,11675460,109996340,17421698,432303
1635341650.2429235,11841307,105522892,733718002,11868714,105546436,227428,10582031,11664435,110095016,17533890,433101
1635341650.343047,11982610,105297149,733337811,11861298,105235265,225732,10626003,11759829,110574692,17574514,500908
1635341650.44317,11917091,105396330,734327747,11871732,105374711,219363,10682997,11727180,110594459,17635811,433500
1635341650.5432942,11835321,105157296,732675288,11868724,105206257,229685,10515829,11714011,110365287,17550059,430511
1635341650.6434171,11870377,104858518,731927276,11847029,105268290,225778,10631343,11696893,110713930,17570912,446845
1635341650.7435403,11867517,105336790,733352414,11852477,105314485,217294,10641239,11709244,110315685,17576694,430967
1635341650.8436644,11597207,103056932,717802065,11607024,103178325,217704,10446986,11398671,107745262,17165134,422157
1635341650.9437976,11867126,105122068,733767472,11868834,105305198,226860,10475262,11764211,110595601,17618207,441261
1635341651.0439277,11785785,104531650,728908729,11764410,105093152,220812,10557748,11679355,110270404,17506547,427671
1635341651.1440682,11815656,105285846,732294912,11831832,105006712,218864,10611176,11641087,109904483,17485704,426685
1635341651.2441924,11894970,105257363,734028430,11860646,105184043,222012,10730756,11692859,110523710,17621986,435957
1635341651.3443162,11933093,105460170,735577934,11926143,105567534,226670,10764671,11750738,110707460,17665686,435354
1635341651.44444,11791904,104625175,730318692,11765721,104654514,222274,10574999,11629921,109494764,17444680,428289
1635341651.544563,11423209,101515538,711153783,11491833,101610619,213630,10328390,11775361,102758601,12158592,407040
1635341651.6446903,11896454,105439267,734737645,11910579,105429181,226815,10757627,11728742,110268767,17589948,434571
1635341651.7448142,11829664,104832848,732970532,11809141,104748767,221699,10674407,11691921,110364691,17585053,437032
1635341651.8449378,11505849,101837084,713902244,11533205,102495790,219027,10255944,11375562,106879640,17066846,422215
1635341651.9450724,11792306,104733796,731385676,11814662,105032179,214192,10632663,11694859,109893216,17520019,428697
1635341652.0452044,11815141,104839231,730990310,11803209,105023083,222280,10663536,11693064,110014273,17574220,433655
1635341652.145328,11824702,104771297,731725045,11851357,105111095,223525,10681143,11705501,109972168,17576148,432740
1635341652.2454517,11878750,104797471,733524747,11874709,105250315,224873,10737823,11797029,110695105,17587017,444496
1635341652.3455756,11851249,104949550,732422608,11820729,105292788,222764,10388547,13277151,107866293,17542080,438605
1635341652.4456997,11866161,104999555,732909115,11848366,105204045,222442,10685556,11732630,110210211,17567370,435793
1635341652.5458229,11937347,105700410,738420564,11917656,104625498,219698,10351325,11814953,111010141,17602776,438400
1635341652.6459458,11823672,104532570,730847425,11789555,105197859,222924,10678918,11727865,110293310,17521724,434924
1635341652.7460694,11845544,104896265,732377690,11831289,105138143,213563,10602814,11669167,109735527,17504779,436566
1635341652.8461921,11594985,102584005,716328268,11564931,102513493,223569,10262970,11479865,107648639,17148692,424098
1635341652.9463248,11845383,104960740,731764807,11814385,104990433,226423,10667405,11703878,110148326,17578223,435028
1635341653.0464556,11793775,104608539,731637625,11811914,105092183,224002,10535769,11735653,110079507,17599583,427810
1635341653.14658,11887916,105304340,735488773,11800233,104704605,224138,10691022,11709024,109939485,17582610,435334
1635341653.2467043,11865984,105076057,732966133,11878709,105252764,222916,10641284,11722753,110120883,17579164,430639
1635341653.3468285,11849696,104729868,732603325,11849582,105361981,229478,10581254,11720445,110113255,17604329,439170
1635341653.4469523,11796501,104477800,732529747,11815390,105114299,222723,10532557,11745199,110255142,17561304,432004
1635341653.547076,11831844,104877963,734126324,11871208,105365603,218266,10680741,11763523,110263837,17563287,429838
1635341653.6471992,11851754,105098764,733690160,11842913,105217792,224805,10658857,11723235,110197008,17570565,435761
1635341653.7473226,11864118,104985300,733570898,11856852,105291437,225479,10619742,11708916,109909137,17552362,438823
1635341653.8474462,11508023,102313008,718325128,11603729,102723423,218007,10434216,11529473,107976251,17226633,424186
1635341653.947576,11863015,105024062,734218878,11905937,106019101,224925,10769051,11745820,110339394,17614981,434328
1635341654.0477045,11967861,105369490,733553023,11868419,105220939,225037,10737992,11699840,110027294,17579671,473312
1635341654.1478283,11894923,105242122,735794008,11901933,105387221,224145,10736771,11705698,110365842,17638073,444982
1635341654.2479527,11801747,104219401,732038153,11836494,105242418,226640,10708414,11735000,110127140,17587739,432689
1635341654.348076,11789923,104707833,732087663,11827756,105262458,220025,10607186,11693201,110221892,17576434,438802
1635341654.4481993,11841668,104941668,737205012,11913200,105924163,220999,10744412,11712919,110281985,17591028,435376
1635341654.5483227,11913625,105425151,734847075,11896101,105300688,228317,10625381,11721116,110233532,17609083,438780
1635341654.6484458,11830714,104609306,735677552,11896410,105505834,221726,10744916,11732337,110209002,17611333,432102
1635341654.748569,11842595,104938665,732103139,11799147,105196109,218625,10661066,11660537,109768024,17533506,432312
1635341654.848692,11598998,102423905,716964760,11579844,102948594,228593,10390396,11458689,108002653,17213174,425963
1635341654.948826,11867323,105153921,735460646,11883283,105380244,228455,10676217,11771325,108742996,15955127,440347
1635341655.048956,11928934,104815441,734313174,11896309,105617813,226566,10624189,11761633,110474780,17667414,442229
1635341655.1490793,11849207,104966278,732920591,11855740,105221332,221809,10552846,11674228,109961979,17602525,427261
1635341655.2492118,11958078,105512035,741575211,11894990,103491164,210729,10079995,11867937,111550602,17751890,437953
1635341655.3493423,11854069,105068490,734644334,11869886,105579102,222593,10711970,11756376,110312273,17640825,431494
1635341655.4494674,11842912,105146552,732940554,11835514,105388683,230527,10633643,11705454,109165645,16300613,441523
1635341655.549591,11814669,104730772,730583930,11790676,104893369,223294,10523192,11636385,109563258,17553819,433579
1635341655.6497138,11796213,104534033,731461270,11807676,105296285,220136,10599163,11724836,110085503,17571257,430570
1635341655.7498364,11814988,105149740,730673270,11786973,104997873,225986,10566504,11662860,109946015,17529642,431756
1635341655.8499591,11556262,102226718,715409655,11552089,102814273,214839,10379259,11383550,107174647,17176598,423350
1635341655.9500883,11813645,104782677,730059471,11785636,105186949,221708,10652153,11693615,109583679,17474828,428986
1635341656.050217,11868648,105085622,732919850,11859788,100117225,220712,10477093,11755606,110535111,17604975,432167
1635341656.1503417,11877118,104716962,733812500,11884235,105604631,223407,10668759,11711772,110120250,17570599,442447
1635341656.2504654,11922786,105577438,735653197,11892813,105391960,224322,10683051,11721717,110351537,17595224,446132
1635341656.350589,11866482,105235576,735285399,11855661,105177379,223873,10704874,11789630,110862170,17693025,437974
1635341656.450712,11839014,104664535,732308462,11812837,104828691,220829,10536336,11742725,110367351,17595812,434820
1635341656.5508354,11813729,104685918,730655768,11805918,105222998,227252,10546436,11684352,110045582,17534693,432794
1635341656.6509593,11808014,105040524,733166477,11838262,105205589,220303,10682644,11706704,110115121,17562169,433113
1635341656.7510834,11855739,104960827,732154124,11812319,105057786,222961,10575051,11630191,109186139,17548315,437714
1635341656.8512075,11577925,102395314,716776220,11552124,102671981,211477,10386723,11437687,107793494,17198261,423281
1635341656.9513412,11801985,105034813,731406060,11827397,104872963,222549,10597647,11664593,109949884,17527243,428716
1635341657.0514736,11840903,105268621,732305054,11813449,104829488,223571,10572364,11718533,110177404,17587606,436313
1635341657.1515985,11752204,104567615,727261580,11757361,104846463,224265,10500817,11665351,110070747,17563632,430145
1635341657.251723,11821944,105095368,733201502,11817722,105254226,218093,10666285,11695145,110300604,17599871,428613
1635341657.3518465,11756951,104250933,730631965,11840510,105194768,222525,10569613,11720988,110098663,17559850,432748
1635341657.4519804,11766330,104321741,727347212,11738005,104271068,227096,10550669,11667127,109873608,17487267,436480
1635341657.5521107,11820839,104799311,731896625,11837601,105150005,222804,10641518,11678406,110092943,17576563,434679
1635341657.652236,11823752,104881008,732535814,11854448,105126172,220225,10664144,11709548,110227673,17611778,429689
1635341657.7523613,11836728,105037782,731141350,11822477,105332386,223762,10615371,11651012,109563744,17486541,425067
1635341657.8524845,11570466,102515935,715192979,11555384,102914691,219607,10369415,11388938,107447240,17141005,425236
1635341657.952605,11821326,104786655,732701992,11853954,105390378,219958,10644026,11718228,110433691,17592804,435637
1635341658.0527241,11837114,104674800,730643952,11842881,105317045,218004,10684124,11691539,110046086,17537071,432191
1635341658.1528435,11859175,105090165,731432295,11838816,105164865,228649,10696249,11697119,110063563,17589784,439924
1635341658.252962,11909813,105323401,734574949,11882228,105181090,227771,10689715,11790298,110729515,17676960,435257
1635341658.3530803,11880367,105092798,734251004,11867560,105567327,223469,10785271,11756074,110622430,17676718,445745
1635341658.453199,11831462,104831948,730998639,11841113,105081211,223144,10575312,11680313,109829223,17552421,438991
1635341658.5533187,11873385,105068752,732090803,11839793,105133093,220191,10689964,11729638,110515603,17675536,439273
1635341658.6534374,11870004,104928877,734324325,11914597,106030616,222847,10817821,11759024,110339096,17599667,428625
1635341658.7535553,11879586,105280343,733158949,11903257,105632369,225983,10615343,11722897,110385164,17635626,438269
1635341658.853674,11571442,102618931,714557849,11560326,102485415,217469,10410409,11459878,107998676,17260606,425240
1635341658.953793,11848446,105021488,732317429,11856175,105601556,221993,10635603,11706715,110268226,17602930,436123
1635341659.0539122,11908059,105515550,734319154,11884050,105507322,224508,10732903,11725957,110103096,17606819,440006
1635341659.1540306,11861564,105088620,732401438,11879934,105593166,225620,10707729,11763230,110475731,17614645,434393
1635341659.254472,11872287,105268293,733404290,11877780,105118012,224320,10726714,11753590,110705461,17667049,440844
1635341659.3545907,11637606,102345931,716978650,11603550,103130735,217368,10475367,11480985,108063637,17262463,424179
1635341659.454709,11624040,102604742,716136135,11619605,102932622,220682,10471408,11454671,107775354,17277898,422725
1635341659.5548277,11716575,104195957,724785992,11681377,103877149,221718,10488482,11605837,109025407,17453608,431372
1635341659.6549473,11885496,105179196,735833323,11933253,105866556,223770,10764583,11734579,110522435,17679026,435342
1635341659.755066,11959668,105566595,736295563,11935934,106200287,221493,10775819,11747243,110454085,17701317,438307
1635341659.855184,11581329,103109254,718338059,11601576,102946588,219470,10441042,11398697,107598935,17190523,426932
1635341659.9553034,11897382,105363519,732856144,11852864,105265333,227582,10648438,11687916,110297130,17621515,444451
1635341660.055422,11864229,105197065,733531322,11861560,105718566,222270,10657399,11739925,110450003,17634738,435526
1635341660.1555407,11812132,104931294,731292544,11850643,105308189,217280,10682308,11684131,110127400,17601858,438041
1635341660.2556584,11861211,105345322,732943029,11863284,105455222,224844,10673089,11675164,109664448,17537911,438867
1635341660.3557765,11857834,104873681,731283701,11819354,104662357,230304,10657830,11742728,110904548,17622454,438250
1635341660.4558945,11893196,105090402,734275732,11879330,105595948,226318,10700196,11748150,110303172,17613427,441618
1635341660.5560124,11828698,104883136,730780053,11820349,105246216,223914,10704026,11714493,110319298,17607599,430852
1635341660.65613,11931515,105547345,736801762,11951484,105900768,225406,10805188,12710251,109613894,16126923,439726
1635341660.7562497,11891194,105140297,732907821,11851361,105154326,223155,10698280,11767408,110634670,17663934,437690
1635341660.8563676,11598501,102727407,716679343,11622920,103189230,218278,10532308,11453569,107458526,17185202,424567
1635341660.9564867,11832509,105077626,732547803,11869262,105404064,222077,10691543,11675246,109945649,17564616,429212
1635341661.056606,11843720,105215078,732427250,11858706,105114865,226865,10619388,11746917,110311598,17603932,434976
1635341661.156724,11716735,104304636,726442965,11661459,103886047,223074,10527062,11655931,109856123,17456401,431337
1635341661.256845,10513211,93469865,655606089,10597385,95876779,188912,9303352,10355300,97955006,15620779,396559
1635341661.3569634,9499433,82692687,585180907,9417562,84888602,164305,8138329,9375149,89311956,14471957,371679
1635341661.4570813,4088746,37619558,255877639,4092931,36609842,66395,3606695,4172719,38853440,6116454,163419
1635341662.0578249,3,733805,7020596,53075704,752899,5233452,10512,535861,791477,7407700,1185301
