1635290734.9754465,16680818,39323,12391383,2310563,22272288,2999527,109212,3159936,26813488,228069965,3023565
1635290735.0755866,25381295,59590,2337734,2980564,26604135,3996650,163489,3038935,27304341,227842898,2873961
1635290735.1757271,27606415,70639,2743950,2810431,27769647,3992289,144512,2793501,26333809,227854636,2934418
1635290735.3259401,2924698,27367418,228022130,2827144,26629399,74492,2135768,3042987,29999223,3730777,178041
1635290735.4261072,2911967,27149652,227964309,2904753,27414462,72059,2133546,2528357,25820111,3969526,173056
1635290735.5262666,2881888,27267632,227602733,2863310,26616560,74537,2067686,3006907,27653562,3937246,180898
1635290735.7265856,3143330,28870466,4031597,173824,3072045,28227855,228063069,3059760,27123978,69623,2282342
1635290735.8267417,2807570,27158011,4183671,147724,3098141,29162642,228121190,3151005,29732751,74083,2141390
1635290735.9268963,3035854,29970863,4588729,187595,3081185,29500937,228001291,3098869,28772221,72810,2158492
1635290736.0270512,3035921,30395829,4568911,172347,3112889,28766785,228071621,3133580,29052730,75567,2238094
1635290736.1271982,3133729,29859064,4513066,177575,2982830,28420929,227948016,3052900,28926980,73661,2235450
1635290736.227347,2868881,29893232,4413984,173898,3039535,29432188,227521708,3163038,29248551,70712,2049227
1635290736.327498,2984491,29822518,4538502,191838,3174107,29540170,227570741,3094256,29395980,69241,2155906
1635290736.427651,3117004,29334347,227506339,3131988,29273825,69895,2120121,3060944,27609089,4104295,172552
1635290736.5278015,2888624,26834362,227496641,2985375,29248594,68208,2133466,2927936,26579744,3822790,175941
1635290736.627962,3019736,29109259,227440963,3148918,28688446,68645,1926270,2805923,29718194,4418739,185435
1635290736.828285,3092381,29831047,4544393,176978,2858162,28870626,227318102,3159197,28837039,60267,2259309
1635290736.9284415,2956987,29564309,4256733,175035,3051291,28944386,227477892,3071587,28285280,64857,1684508
1635290737.028612,3519142,27226331,4407192,189654,3005362,28779033,227196430,3059337,28759254,71379,2116323
1635290737.1287906,2943056,29482000,4354725,193593,3064137,28671353,227271896,3056636,28737293,67541,2148283
1635290737.2289562,3044170,29369047,4344062,201724,2855101,28007718,227168460,3010119,28641985,67275,2183513
1635290737.3291376,2726936,29289324,4287264,198314,2842829,28684485,227531757,3123339,28344207,66824,1998509
1635290737.4292984,2939165,29036676,4490373,219158,3106885,28575061,227213852,3000182,28585001,65514,1941182
1635290737.5294702,3079004,28508310,227247635,3061223,28460096,66680,2126249,3701968,27628763,4010445,187253
1635290737.6296341,3045058,28674405,227318111,3036842,28244973,70249,2087866,2767858,30039403,4600437,198545
1635290737.729782,2612347,26192843,227656634,3050851,28430628,65281,2030020,3228439,26985730,1214784,167512
1635290737.9304426,2994515,27391173,2185675,194236,3200351,28515688,227742650,2981903,28396287,71840,2094734
1635290738.0307066,2960675,29106738,4403652,196999,3034325,28871604,227738106,3105449,28331017,62898,1999282
1635290738.1310055,3729527,26902431,3079488,180214,3091795,28368919,227642119,3082312,28279572,66200,2048048
1635290738.2313116,2940302,29120816,4432062,199348,3108639,28335003,227880648,2975513,28212432,69125,2209494
1635290738.3315926,2982002,29006175,4429844,198399,3005928,27883346,227618759,3048697,28487183,71534,2224880
1635290738.4318638,2819397,29153173,4337295,200339,2473978,28228231,227698921,3101699,28350797,70642,2152171
1635290738.5321722,2959914,29223469,4371947,206011,2718526,27519373,228586672,3096400,28194718,67354,2100227
1635290738.632478,2976904,29105723,4506744,212623,3107397,28794006,228864620,3108430,28546773,66928,2057001
1635290738.7327847,2978056,29310181,4255173,197787,3158499,28194072,228581492,2968353,28628648,66862,2072119
1635290738.833086,2925393,29587578,4784833,188440,3129415,28603185,228562719,3010242,28755672,66385,2174482
1635290738.9334352,2822965,28548064,4351715,202665,3023728,28525430,228645016,3063960,28492927,66505,2141259
1635290739.0337574,2860073,29676453,4420278,197387,3082054,29172721,228549780,3163263,29328527,70515,2247998
1635290739.1340742,2892321,29609768,4426424,166593,3182028,29364820,228660010,3171407,29400102,67203,2224191
1635290739.23436,2944665,30077798,4474070,166421,3114570,29283280,228473440,3159211,29250051,67717,2205908
1635290739.334657,2967727,30132754,4607149,181967,3142659,29289272,228044510,3120305,29114917,71107,2101177
1635290739.4349606,2844448,29966993,4576927,174411,3113671,29526019,228249226,3179750,29280288,70182,2231780
1635290739.5352724,2891218,29735967,4486470,175676,3295862,30098270,228436170,3131736,29256898,70312,2344782
1635290739.6355915,3030587,29951227,4491293,165455,3187413,29804411,228596836,3206866,30479074,72732,2209048
1635290739.7359047,3143850,30540759,4739390,176309,3413879,31169802,228615383,3232731,28321798,71294,2032437
1635290739.836193,3139374,30895524,4723500,151337,3242512,30386393,228433519,3320733,30242364,74615,2211400
1635290739.936461,2950517,31157384,5064974,149938,3293690,30182568,228478229,3218337,30347261,75243,2366482
1635290740.0367239,3183467,31220409,4676053,158121,3427125,30116831,228418761,3272700,30251902,73215,2165531
1635290740.1370256,3140556,30183869,4763148,156169,3177300,30144176,228302075,3250426,30173902,77232,2287136
1635290740.237336,3303071,31470092,4612799,161275,3621412,34483174,228119097,3670218,34349255,86968,2509103
1635290740.3374758,3602152,34725825,5374067,68359,3612852,32678776,228093566,3672799,34629563,90897,2497505
1635290740.4376025,3575021,34942954,5247146,63673,3724036,34703413,229736260,3750260,34429554,85994,2519031
1635290740.5377436,3485428,35020789,5514083,65215,3595961,34194204,228116751,3634554,34697622,89764,2603895
1635290740.637873,3699341,35314801,5370309,72504,3727070,34831651,228146013,3691122,34439551,89441,2598793
1635290740.7379973,3538210,34901408,5378766,51748,3716567,34557947,228071225,3696970,34700147,87411,2484997
1635290740.8381217,3584206,35064169,5446896,60547,3692329,34558653,228037127,3688557,34568527,90445,2437016
1635290740.9382498,3678232,35178757,5359769,63595,3822790,34428197,228149206,3698888,34538530,89130,2476201
1635290741.0383837,3622295,34870982,5391591,60909,3625826,34448291,228180503,3739927,34571694,89387,2462350
1635290741.1385093,3465003,35023657,5393876,60472,3660032,34515470,228118349,3717067,34350184,88499,2441052
1635290741.238632,3611331,35175136,5463699,67597,3763376,34466145,227941759,3692733,34463337,88792,2530061
1635290741.3387566,3501815,34992013,5423381,65311,3721992,34526039,228299541,3701237,34529824,89245,2531988
1635290741.4388993,3629600,35159952,5454168,54357,3699003,34416554,228028995,3686532,34451950,85581,2496377
1635290741.5390234,3683070,35136879,5288402,61636,3280072,32719475,228067743,3717795,34334273,89263,2510622
1635290741.6391468,3642698,34144696,2807456,65676,3699841,34574131,228185763,3866019,34732086,88886,2542927
1635290741.7392695,3458115,34953418,5411587,59717,3483256,34444665,228031865,3758682,34416939,90172,2572161
1635290741.8393972,3570416,34849615,5399242,56587,3623006,34087084,228252917,3754880,34441534,91629,2650664
1635290741.9395278,3593287,34891785,5394348,79353,3821498,34430028,228265849,3788910,34360784,89089,2524553
1635290742.0396485,3655980,35195437,5381372,63411,3677553,34159460,228215899,3715663,34464614,88274,2466902
1635290742.1397693,3633515,35121319,5379287,65824,3779079,34526449,228258659,3699226,34531986,87565,2613468
1635290742.2398891,3697847,35242084,5496214,69501,3720219,34401727,228228382,3679602,34597347,86341,2443581
1635290742.340014,3581786,34714801,5392242,78397,3754551,34657821,228237096,3741564,34395808,89084,2637276
1635290742.4401343,3639218,35497359,5459332,67032,3712536,34284769,228244377,3780535,34398448,89524,2502187
1635290742.5402555,3461935,34952762,5401710,76251,3557513,31770750,228084078,3605200,34230427,85133,2602927
1635290742.6403773,3719422,34915528,4948813,69685,3587092,32270967,228515714,3322341,32823318,89429,2303622
1635290742.740499,3635194,35284539,5228617,73130,3761150,34555931,228137401,3767146,34479812,87551,2737833
1635290742.84062,3655140,35410149,5407172,75423,3681165,34311086,228069185,3604398,33950841,89281,2627803
1635290742.9407406,3585983,35267327,5423481,52240,2871066,26467393,228251054,3520270,33430953,95423,2491407
1635290743.0408676,3598356,31757255,2329756,99416,2639169,25789880,228135833,2905557,25874955,61224,2039218
1635290743.141045,4337716,23123943,665294,92426,2614960,24549060,228215290,2849105,24109280,49570,1743928
1635290743.2412152,4313347,23018205,700908,113055,2894913,23703283,228403438,2695380,21623285,50608,1450186
1635290743.3413675,4260293,28393714,3437907,109185,3648973,33612355,229514240,3429245,30281145,71451,2570925
1635290743.4415228,3437984,33697367,4982578,99865,3785153,32662574,228245340,3229433,28460883,73639,2231940
1635290743.541672,4660824,26842505,2575448,175338,3198036,29294015,228704378,3182752,30201581,80684,2267169
1635290743.641808,4782543,27666198,1490022,52824,3536622,31776583,228295395,3745839,34048223,90545,2396825
1635290743.7419393,4203066,31147817,5537166,86243,3684652,34459180,228345472,3767701,34457094,88432,2550584
1635290743.8420713,3598366,34968032,5363219,71365,3797344,33871294,228268788,3695629,34360663,90658,2445875
1635290743.9422033,3682265,34965119,5411186,66862,3470739,33773616,228358895,3819876,33990181,84325,2355018
1635290744.0423245,3649038,34971731,5455554,78335,3728238,34292886,228297107,3762033,34085574,92950,2550486
1635290744.1424487,3709573,35284907,5336969,57088,3780069,34229483,228138990,3639897,34236346,87324,2656285
1635290744.2425714,3709211,35079640,5306153,67014,3810838,34247415,228175388,3687022,34333717,84296,2668967
1635290744.3426933,3559189,34848208,5428399,70698,3849684,34435863,228306779,3688575,34329332,82244,2674936
1635290744.4428139,3648741,35084489,5399458,77020,3780864,34257502,228289560,3712029,34307819,83528,2398535
1635290744.542936,3641113,33321684,3535857,77794,3476652,34321070,228318832,3809418,34176386,86179,2497980
1635290744.6430578,3615404,34285048,228233978,3799576,34191299,88143,2574581,3756935,35383639,5486999,81531
1635290744.7431788,3717372,34204510,228172918,3777977,34103472,85110,2586124,3640097,34880665,5388473,76090
1635290744.843301,3684703,34354217,228214269,3844068,34110859,86738,2656484,3725772,35300319,5409740,76557
1635290745.0435445,3746589,35250859,5439113,78235,3570193,34425717,228359308,3772880,33981743,84889,2584623
1635290745.143666,3754336,35164298,5441307,75743,3628279,34456477,228228756,3935515,34014758,85699,2527232
1635290745.2437885,3770063,35011570,5409045,78159,3693209,34272831,228308042,3873259,34223359,87162,2573540
1635290745.3439107,3754059,35131803,5410169,78709,3752636,34389481,228220406,3711094,34289644,86369,2527868
1635290745.444034,3727892,35099742,5441939,76057,3703546,34299394,228229499,3821855,34206102,84788,2737281
1635290745.5441573,3733444,35170162,5437283,77909,3534218,34232083,228313454,3821402,34039525,86158,2501813
1635290745.644279,3714928,35141441,5393451,77298,3480187,34316585,228318606,3806258,34129856,84893,2522734
1635290745.7444012,3818006,34306501,228245913,3702245,34199932,84553,2645308,3665916,34955893,5360816,77518
1635290745.8445227,3832309,34352954,228172448,3684365,34149663,82811,2589875,3529701,34895579,5411670,78290
1635290745.9446445,3596156,32149778,228217346,3676926,34226111,84315,2653616,3575478,34806024,5409338,75695
1635290746.1448896,3641789,34843566,5403115,74730,3847658,34298438,228331359,3704338,33796464,80477,2739738
1635290746.2450109,3620150,34974964,5370122,59625,3840855,34348480,228295002,3809475,34069041,83691,2668898
1635290746.3451335,3724673,35216068,5386608,73736,3690996,34193177,228278780,3690762,32096654,79926,2512990
1635290746.4452553,3703840,35100484,5221370,67844,3703851,34340540,228121739,3781542,34086801,87793,2549194
1635290746.5453765,3744130,35165246,5486697,77182,3803440,34569934,228115695,3730769,32835161,83897,2601929
1635290746.6454978,3716986,35162925,5434489,79841,3708105,34003266,228349243,3718120,34287426,85924,2612642
1635290746.745623,3635908,34814518,5269825,61195,3807042,33820792,228313092,3685333,33978880,83875,2678878
1635290746.8457444,3833542,34129021,228226519,3735872,34094087,86656,2607938,3724796,34953163,5286238,77135
1635290746.9458659,3691989,34167633,228223379,3806617,33963339,86069,2543088,3553915,35824484,5394416,72091
1635290747.0459864,3555661,32287443,228071175,3806649,34020444,85280,2718317,3765413,35038001,5354256,77278
1635290747.246232,3794395,34840930,5408097,79263,3803029,33769571,228143294,3628732,31733751,83771,2688392
1635290747.3463526,3707179,35198476,5346719,79473,3625822,34172312,228231593,3767178,34197497,86010,2658432
1635290747.4464738,3703304,35089059,5363902,79224,3814453,33869301,228111870,3829190,34239086,85585,2583663
1635290747.5465944,3689546,34846334,5388447,78593,3796463,34035939,228203587,3622745,33991672,84246,2715130
1635290747.646714,3742847,34815644,5270718,72294,3747529,33613641,228238270,3687940,32560592,83525,2600305
1635290747.7468336,3740001,35351313,5337227,75119,3404107,33619340,228280966,3810607,33714734,84676,2396802
1635290747.846955,3650812,34555742,5322108,80730,3800862,33929664,228179150,3680802,33486239,85881,2703426
1635290747.947075,3842081,33830886,228227482,3794176,34054878,87203,2573121,3720556,35104495,5373272,78918
1635290748.0471952,3687101,34111946,228251893,3842686,34095693,84675,2678780,3697048,34569792,5374482,81361
1635290748.147315,3840088,34049958,228274537,3695190,33758030,83204,2690862,3590008,34701829,5335370,80166
1635290748.3475566,3737265,33761299,4936360,72520,3845014,33209434,228282441,3841368,33243691,89181,2680425
1635290748.4476757,3784159,34065512,4951717,80385,3615892,33497634,228231494,3857355,33933682,83733,2661365
1635290748.5477955,3802996,33954533,5010686,80749,3827342,33853411,228196269,3655285,33810528,83578,2575088
1635290748.6479151,3753494,33761837,5078670,79354,3845918,33618616,228209628,3840928,33284191,82662,2702246
1635290748.7480347,3518465,33837290,5148544,70751,3707444,33131881,228246322,3617640,33608664,81367,2706814
1635290748.8481538,3768633,34265591,5051161,74071,3384159,33703904,228237747,3857141,33421571,85874,2752213
1635290748.9482737,3779129,34211965,5147479,78732,3836661,33323618,228128935,3840169,33522552,83408,2497795
1635290749.0483932,3775428,34249120,5049164,61923,3686055,33456454,228384591,3822614,33682395,86251,2658999
1635290749.1485124,3708819,33723953,5041855,76584,3836217,33360372,228173529,3702071,33508517,86364,2686089
1635290749.248632,3808679,33737450,5188078,78200,3793562,33344017,228208820,3776032,33304975,87149,2563653
1635290749.3487513,3611724,33666897,4966202,74790,3796152,33287792,228303905,3835476,33567385,87317,4140783
1635290749.4488707,3991495,34502758,5078600,80105,3536443,33299582,228297299,3808300,33289923,87753,2385937
1635290749.5489907,3718140,33942152,5022583,77090,3849127,33355326,228248467,3718308,33408508,78296,2612768
1635290749.6491103,3727592,33877825,5121688,76896,3852480,33393261,228250796,3803198,33252794,84747,2715741
1635290749.7492287,3787547,34041203,4972383,67202,3697258,33292603,228169831,3758387,33362199,87282,2578141
1635290749.849348,3762007,34544499,5064445,74502,3717162,33298465,228331954,3949909,33268867,85537,2681174
1635290749.9494665,3793968,33982951,5079811,77477,3431480,33753791,228243903,3735725,33312238,81681,2539762
1635290750.0495858,3721868,33673489,5015229,78537,4229612,33160449,228156696,3688831,33280177,82576,2712020
1635290750.1497061,3759226,34219748,5065195,97697,3637944,33268859,228280048,3709585,33280702,84298,2676205
1635290750.2498255,3802513,34147824,4950528,67795,3767272,33405554,228206646,3840810,33239749,85444,2526007
1635290750.3499446,3789357,34400060,4934032,78151,3697164,33292538,228258275,3835417,33427950,84410,2698786
1635290750.4500754,3914382,34205650,5174177,75618,3842175,33383645,228268379,3702449,33424308,82696,2464945
1635290750.5501962,3554629,34441114,5128234,80191,3835343,33547677,228163771,3786127,33580083,84431,2957265
1635290750.6503165,3860147,34449688,5094697,83437,3627675,33580146,228243065,3818335,33288165,86497,2550709
1635290750.7504382,3761242,34418785,5175004,74795,3841078,33317674,228225296,3723532,33407819,83572,2619463
1635290750.850559,3717366,33910138,5051430,78292,3841833,33426959,228074191,3631294,33335795,82713,2684269
1635290750.9506798,3688363,33655282,5019901,73700,3791914,33925986,228206861,3825303,33433328,82031,2718831
1635290751.0508,3744837,35074772,5332137,78957,3840083,33580664,228239843,3817739,34025987,90140,2390695
1635290751.1509204,3682572,34571264,5301091,81223,3647458,33564538,228406577,3699830,34280727,83795,2686352
1635290751.2510426,3677219,35039815,5318412,86010,3724059,33276174,228399446,3780828,33596363,81611,2496715
1635290751.3511708,3664316,34716041,5366736,92759,3613474,33614978,228251246,3746420,33738119,69982,2524174
1635290751.4513004,3368535,32647157,4997888,124487,3451603,31662243,228201468,3636322,31978853,76836,2175602
1635290751.5514307,3516743,33370652,5109194,151840,3505068,32511285,228233731,3749719,33551402,82057,2613260
1635290751.651583,3691461,34465359,5041887,145309,3765477,34395734,228336743,3678449,33988780,87381,2673976
1635290751.7517214,3684186,35179613,5496712,82670,3851384,34408162,228319061,3843205,34364319,85892,2649699
1635290751.8520057,3744297,35676288,5391611,64547,3828564,34334353,228200751,3692236,34223561,78874,2652728
1635290752.0024087,3648124,35157107,5514779,80210,3676518,34385007,228162698,3781332,34352827,88858,2516352
1635290752.1025383,3695151,35500500,5525040,81130,3544757,34371794,228138744,3835223,34399051,86000,2669338
1635290752.2026603,3372632,34290745,4062368,85470,3844381,34199365,228207681,3690229,34358792,85248,2726010
1635290752.3027806,3683486,35351840,5404093,82004,3713007,34344764,228221599,3828950,34424243,86649,2552120
1635290752.4029007,3641528,35147924,5507776,79217,3818788,34264523,228213394,3693027,34453039,89762,2667644
1635290752.5030215,3717572,35501674,5530901,76982,3834272,34401615,228294837,3841910,34343951,89685,2710020
1635290752.6031423,3565790,34920752,5616917,80899,3744805,34323080,228145740,3843125,34330521,89641,2473534
1635290752.7032628,3729919,35766453,5496769,80140,3835582,34282026,228164542,3681691,34406063,84857,2655877
1635290752.8033829,3654024,34924657,5459122,75358,3785514,34009871,228130147,3833469,34392773,85452,2637476
1635290752.9035037,3719466,35488404,5517628,78481,3817435,34406089,228153317,3678707,34324436,84975,2718153
1635290753.0036247,3670808,35383919,5542847,78116,3673564,34341303,228130738,3822425,34344584,85468,2668932
1635290753.103745,3728154,35340182,5539517,81250,3834677,34289056,228206895,3726960,34382481,86993,2604098
1635290753.2038646,3626460,34882884,5492709,74992,3838037,34253655,228108319,3822049,34356811,88588,2490447
1635290753.3039846,3691458,35442535,5513993,79968,3833679,34234053,228200082,3834620,34337362,87508,2681986
1635290753.4041054,3717663,35422895,5445493,81323,3880831,34303824,228222633,3793445,34283569,84957,2571585
1635290753.5042274,3625017,35176530,5502183,79714,3620516,34243155,228212453,3720889,34321896,87431,2644389
1635290753.6043472,3699204,35589016,5520446,82375,3788883,32020497,228196092,3318410,31288948,88505,2521450
1635290753.7044678,3703983,34885115,5324783,87803,3805219,34400075,228219948,3684256,34493664,83763,2663449
1635290753.804588,3663884,35649460,5499173,80802,3754043,34423619,228229592,3814697,34406998,85242,2567306
1635290753.9047077,3595906,35019580,5407289,81507,3841258,34419646,228328831,3779173,34409817,86701,2688620
1635290754.0048263,3675089,35495339,5525816,77569,3566965,33803579,228182686,3823153,34304654,85488,2675773
1635290754.1049469,3697933,35425213,5449604,92153,3833116,33805111,228185487,3800862,34019631,86912,2648062
1635290754.205068,3670714,35103097,5475517,80481,3565009,32991442,228208746,3830806,34221808,96436,2450024
1635290754.3051903,3707063,35453210,5315607,85844,3836238,34256286,228229927,3803296,34290479,87585,2775974
1635290754.4053116,3627813,34945404,5443586,72918,3827955,34305850,227936099,3811330,34146664,86527,2671442
1635290754.505432,3720153,35413175,5529655,79052,3746658,34099092,228204704,3620855,34264879,83583,2691969
1635290754.6055532,3707442,34815299,5303030,70451,3778935,34350883,228084686,3851589,34202662,84226,2589492
1635290754.7056744,3626306,35028716,5512974,78969,3812232,34432239,228103686,3714670,34452159,85834,2608830
1635290754.8057947,3743181,33843794,5348146,82393,3846109,34250006,228279135,3776536,34333394,83396,2752177
1635290754.905916,3597051,34771208,5455814,80026,3642057,34263514,228541915,3832738,34467063,93714,2650190
1635290755.0060358,3723871,35431740,5372559,79291,3809705,33295516,228105374,3652859,34236699,84644,2682346
1635290755.1061585,3658951,35087153,5449837,63903,3763201,34323173,228253578,3828735,34293739,85875,2627552
1635290755.2062802,3695206,35363593,5455750,63791,3817271,34215518,228224032,3672795,34234116,86162,2681637
1635290755.3064024,3662117,35275462,5493757,78506,3666835,34298438,228237330,3835009,34215077,86580,2607334
1635290755.4065237,3694334,35473579,5475492,78935,3839562,34418664,228170123,3734320,34341750,84624,2436387
1635290755.5066442,3639311,35071580,5427546,72717,3803639,34406963,228254355,3805162,34273324,88644,2656933
1635290755.6067638,3737065,35372783,5482661,79822,3652062,34284980,228234368,3819872,34368696,84965,2730772
1635290755.706883,3705144,35424469,5496956,82095,3863142,34292209,228142079,3762408,34397896,89990,2678113
1635290755.8070028,3710533,35089190,5417744,71536,3822153,34300786,228133081,3830174,34388299,90631,2530014
1635290755.9071236,3694251,35406288,5525532,79646,3615313,34240435,228150735,3696852,34346973,88569,2705068
1635290756.0072422,3725397,35372578,5411842,80403,4068036,34245305,228219804,3828186,34317937,85064,2684276
1635290756.107362,3625945,35140213,5577036,61675,3840812,34316238,228236005,3807922,34279284,87621,2647775
1635290756.2074823,3703940,35294742,5508909,54657,3764103,34291002,228171699,3713169,34412987,86536,2719516
1635290756.307603,3713504,35311132,5495347,79883,3715063,34527832,228253003,3821295,34239145,87241,2637782
1635290756.4077237,3699376,35152992,5334359,71471,3832470,34367896,228267059,3666530,34285691,86476,2716264
1635290756.6079645,3709328,35341501,5527354,79578,3840747,34376405,228285980,3812166,34333392,83810,2735769
1635290756.7080839,3710732,35138810,5452440,79888,3845828,34341170,228085508,3827038,34398674,88371,2530080
1635290756.8082032,3734058,35336883,5511128,79473,3686638,34293424,228270609,3814431,34385675,85316,2685205
1635290756.9083228,3741017,35597686,5521977,80812,3808422,34384342,228090180,3734692,34318680,84910,2685386
1635290757.008443,3687117,35206433,5431825,75561,3882121,34348330,228158428,3829919,34331634,86491,2642445
1635290757.1085627,3669006,35531972,5507441,77614,3828013,34322393,228184975,3698168,34337191,84229,2760798
1635290757.208682,3698745,35465299,5502465,79261,3724692,34429447,228174355,3837168,34321477,86537,2703297
1635290757.3088012,3836932,34368344,228155377,3823895,34234223,92602,2574262,3723773,35268086,5425102,77132
1635290757.4089205,3838183,34234035,228143214,3679184,34439435,88337,2698613,3648781,35077406,5528912,78629
1635290757.5090399,3693283,34350515,228153975,3825897,34417541,86137,2680225,3716530,35372960,5398552,75746
1635290757.709278,3722656,35127240,5517172,79174,3692839,34262759,228243630,3810799,34426379,88537,2663888
1635290757.8093972,3727674,35571129,5532723,80591,3849051,34408886,228173927,3748359,34274446,86949,2676290
1635290757.909517,3716952,35423434,5437189,75503,3824633,34395414,228199641,3709169,34325693,86470,2555851
1635290758.0096347,3671808,35163800,5548270,78766,3710948,34481903,228266003,3767487,34323171,86512,2669705
1635290758.109755,3708266,35383295,5536972,80437,3724629,34352347,228158574,3774622,33694093,91679,2691947
1635290758.2098749,3536460,34854433,5464701,71569,3837940,34452931,228210920,3828870,34302646,89783,2682590
1635290758.3100154,3736339,35336601,5551043,79707,3841740,34222754,228211275,3689571,34432117,86413,2694025
1635290758.4101355,3817747,34351502,228192586,3840861,34401614,87682,2558011,3640826,35498375,5400547,64901
1635290758.5102558,3841763,34282280,228125824,3731262,34328857,86716,2654262,3552121,35450190,5503065,80728
1635290758.6103764,3728157,34322150,228178705,3822949,34302326,86678,2682286,3689841,35612971,5529305,79400
1635290758.810618,3734992,35402305,5456954,70366,3849342,34413675,228252803,3705480,34389281,88665,2547725
1635290758.9107385,3653795,35264716,5527863,76396,3600924,34448481,228227515,3823649,34358572,91580,2680943
1635290759.0108585,3709893,35367915,5529796,80837,3856538,34495930,228165818,3823632,34429686,91114,2690878
1635290759.1109798,3671186,35049080,5447916,71997,3855353,34353308,228222783,3817674,34455472,88880,2499142
1635290759.2111,3702001,35321998,5533227,78205,4004721,34458764,228259146,3694091,34478686,86786,2664755
1635290759.3112206,3704547,35358600,5515375,80693,3543519,34406435,228372405,3842254,34495683,86914,2633033
1635290759.411341,3587225,35055685,5480454,63551,3832683,34407751,228247909,3824723,34340956,90005,2663409
1635290759.511461,3840719,34417513,228248738,3701502,34412075,85901,2693140,3724568,35383569,5540217,78564
1635290759.611582,3698516,34457458,228276959,3847539,34324382,85008,2663969,4162173,35886690,5416845,72241
1635290759.7117026,3817028,34398663,228212745,3775046,34334364,87998,2436821,3553853,35191212,5555134,73713
1635290759.9119434,3716702,35315340,5532680,77660,3839050,34521897,228156914,3831586,34366043,85933,2671739
1635290760.0120625,3728096,35289566,5438278,80973,3835965,34358497,228202258,3754794,34465452,86187,2490192
1635290760.112182,3674867,35196599,5560434,79284,3712139,34327991,228122848,3809159,34417858,86560,2686509
1635290760.212302,3704893,35537407,5536900,80029,3845742,34337860,228173034,3730692,34448217,86366,2728102
1635290760.312423,3662684,35101606,5446339,74102,3688434,34382910,228074518,3842165,34360087,88911,2661270
1635290760.412543,3705078,35452786,5530977,78195,4371968,34375766,228280567,3701058,34379897,89862,2732222
1635290760.5126631,3722630,35566431,5524602,79217,3772838,34428379,228229251,3853950,34427101,89097,2710857
1635290760.6127832,3839490,34435032,228161146,3839741,34349799,89128,2566027,3724030,35481671,5520796,76155
1635290760.7129025,3815961,34430797,228212255,3707352,34402145,86486,2726457,3607782,35011992,5492399,72726
1635290760.8130233,3696443,34465791,228222584,3827254,34435270,85538,2665782,4010879,35477514,5465567,74837
1635290761.013264,3644667,35000336,5510216,77403,3730704,34355337,228219118,3731274,34443445,87143,2700021
1635290761.1133835,3710415,35362503,5538670,78957,3857625,34461134,228155210,3864051,34343519,86745,2691544
1635290761.213503,3723475,35288936,5424871,65571,3840003,34369903,228159843,3654446,34313256,88161,2542368
1635290761.3136232,3659147,35195841,5549099,78329,3682653,34354775,228147859,3804231,34456345,91565,2734173
1635290761.4137437,3723833,35549194,5531859,79310,3810836,34464770,228221937,3832387,34388241,86415,2674740
1635290761.513863,3701398,35147432,5446874,72330,3295833,34268626,228139700,3838949,34308978,88787,2627225
1635290761.613984,3752817,35373741,5491461,85456,3822074,34370714,228217969,3700238,34343645,85743,2680400
1635290761.7141037,3702784,35435986,5508823,50648,3618467,34536009,228328472,3828744,34365487,85868,2700484
1635290761.8142235,3611464,35050180,5392444,88810,3856256,34312644,228188494,3814155,34283748,87980,2481912
1635290761.914343,3701276,34533217,5033124,70886,3802019,34307177,228235906,3740277,34467020,93990,2652456
1635290762.0144622,3478849,31385547,3768110,78324,3700089,34355744,228204406,3839472,34376302,90292,2863174
1635290762.1145823,3799239,35409232,5480123,76703,3843666,34371798,228230035,3691361,34350711,91015,2511158
1635290762.2147026,3643906,35215401,5551365,76497,3610012,34213034,228241534,3831473,34249153,89448,2564059
1635290762.314822,3717679,35463224,5520384,81840,3823039,34314756,228169373,3763765,34325918,86238,2710349
1635290762.4149427,3641890,34975834,5473615,75989,3814422,34334012,228092081,3819481,34345632,89523,2526178
1635290762.5150626,3723241,35259923,5514916,77247,3665485,34432639,228196181,3787809,34280828,86950,2664723
1635290762.6151824,3727534,35423048,5437127,80379,3389556,34383935,228211927,3736701,34336208,85869,2414030
1635290762.715303,3633565,34968903,5568510,77868,3813333,34468955,228190392,3718360,34311079,87225,2680735
1635290762.8154242,3698659,35291667,5532104,69096,3852485,34318584,228280900,3794082,34321208,85637,2672202
1635290762.9155447,3717557,35117881,5447244,75821,3747976,34271462,228084854,3838336,34266772,88916,2511126
1635290763.0156646,3715746,35666122,5518976,78659,3830990,34231796,228131745,3687990,34255994,87457,2670646
1635290763.115785,3493686,34744195,5356251,76955,3769637,34395155,228259388,3835840,34277013,86877,2437476
1635290763.215906,3741042,35378107,5533167,80242,3827766,34331261,228240077,3774778,34249910,87445,2962773
1635290763.316026,3600344,35299128,5452798,65549,3741724,34342129,228213348,3751906,34335487,88591,2666874
1635290763.4161458,3687975,35498779,5515889,78515,3747463,34348134,228218653,3828454,34282982,86430,2649532
1635290763.5162654,3698574,35283238,5406802,71486,3839953,34233529,228181066,3635048,34252223,86065,2605752
1635290763.6163852,3699017,35444280,5532633,77944,3719038,34372693,228259663,3820756,34314242,88909,2708269
1635290763.7165048,3719934,35328532,5530953,79802,3893218,34309977,228219750,3795265,34400685,89671,2657515
1635290763.8166242,3675825,35105736,5455397,74000,3808551,34311129,228259096,3831745,34336218,88534,2519080
1635290763.9167438,3764648,35453902,5510963,78388,3753769,34305383,228270139,3690404,34301322,86824,2713237
1635290764.016862,3720629,35482887,5485229,81849,3697875,34325518,228270302,3841576,34352991,85662,2657601
1635290764.1169817,3491984,34938724,5669533,71248,3827130,34305837,228169761,3804492,34204190,87585,2439217
1635290764.217101,3713613,35234718,5528092,76924,3797419,34273318,228223691,3717121,34344632,85411,2659199
1635290764.3172202,3689107,35294715,5517793,78008,3830554,34396974,228200313,3823800,34278095,85944,2595636
1635290764.4173405,3765540,35412553,5414082,80664,3835026,34350848,228238877,3671856,34322552,85771,2501025
1635290764.5174613,3635798,35081066,5548462,79090,3679808,34268369,228242930,3848192,34276298,89405,2638105
1635290764.6175816,3729099,35283999,5510786,80731,3830940,34277196,228157086,3790636,34466847,85232,2686299
1635290764.7177014,3654065,35025142,5425283,73817,3837579,34268870,228116265,3819978,34334347,87498,2697774
1635290764.8178213,3717993,35525076,5510854,78368,3802519,34357222,228290614,3824629,34266191,86702,2740798
1635290764.9179397,3715560,35618785,5501905,78597,3695641,34131547,228491737,3739922,34334549,86861,2700644
1635290765.0180597,3593819,35118044,5424312,77900,3832349,34245838,228175947,3812868,34145973,87416,2595910
1635290765.1181796,3699384,35478664,5507274,74071,3806813,34363074,228316007,3714315,34276593,92602,2706690
1635290765.2182994,3708437,35261713,5420919,78338,3740660,34383001,228157412,3827431,34347419,89255,2701613
1635290765.3184185,3785860,35599550,5506436,78740,3836122,34280621,228127631,3664263,34380117,89389,2687480
1635290765.4185371,3668506,35245917,5416927,74768,3468242,34241821,228207145,3839329,34375575,85257,2530297
1635290765.5186567,3662211,35080202,5561379,77084,3834304,34281455,228247382,3829291,34330278,88910,2698236
1635290765.6187773,3733665,35282403,5430128,77105,3830941,34297215,228229124,3689299,34499571,84937,2648757
1635290765.7188973,3758870,35467365,5518944,78695,3692919,34376107,228177415,3887022,34290440,87843,2561533
1635290765.819017,3728659,35620907,5497641,80898,3818955,34378613,228135127,3628522,34209984,87702,2736851
1635290765.9191368,3519692,34858623,5438032,70404,3762956,34244756,228266105,3828321,34325938,88337,2668071
1635290766.0192547,3718033,35315657,5498353,79590,3875431,34393411,228315125,3789242,34337608,86576,2661668
1635290766.1193743,3723942,35293359,5394578,64773,3838652,34380132,228210265,3820082,34311327,85878,2538451
1635290766.2194934,3650452,35016724,5502263,80489,3771703,34306102,228216254,3670697,34313045,85309,2667687
1635290766.3196118,3702826,35507427,5468530,81637,3662254,34312014,228224588,3839159,34410627,84970,2658813
1635290766.419731,3630983,34977135,5419591,72421,3834452,34313098,228229708,3834025,34317827,89772,2625111
1635290766.5198514,3745834,35552861,5500546,78300,3832624,34279445,228241978,3690682,34324173,85582,2692130
1635290766.6199718,3694627,35411398,5507781,79355,3707142,34354829,228325452,3845221,34360669,90310,2709476
1635290766.720075,3712479,35477171,5508664,65129,3827138,34313581,228168136,3806294,34249232,87235,2590674
1635290766.8201947,3594675,35229766,5568771,78394,3782138,34283202,228154197,3731803,34296996,93938,2543967
1635290766.9203146,3721258,35335620,5510392,78455,3657042,34429877,228190433,3782889,34398971,88530,2810871
1635290767.020435,3703506,35221428,5389756,79950,3825751,34322060,228087482,3812753,34397220,88534,2379055
1635290767.1205552,3660348,35018893,5552592,76247,3615806,34300376,228223122,3809771,34409829,87726,2667243
1635290767.2206752,3724138,35356995,5520388,80855,3786023,34267856,228240358,3718300,34422499,86467,2694104
1635290767.3207955,3678650,34987233,5461474,75883,3830789,34318549,228140284,3834899,34293481,87981,2545346
1635290767.4209156,3716360,35397530,5521337,76739,3826741,34361927,228261440,3698937,34310698,87479,2676940
1635290767.5210354,3729943,35447486,5489513,78756,3823356,34381733,228229562,3839807,34304075,86478,2574138
1635290767.621156,3605054,35172479,5498836,82829,3845948,34345225,228283962,3784760,34323902,90345,2729525
1635290767.7212768,3766987,35416404,5504232,69096,3787839,34333974,228283511,3706888,34391171,85598,2615423
1635290767.821396,3529598,34864990,5460063,79905,3686731,34442900,228194964,3823911,34315596,88472,2694755
1635290767.9215171,3782764,35652453,5349405,71956,3846844,34309878,228186620,3706185,34380946,82733,2924794
1635290768.021637,3730241,35207532,5509036,78884,3677923,34274712,228194480,3852345,34358668,87941,2315379
1635290768.1217573,3671519,35526425,5511637,78498,3828620,34349633,228091296,3756995,34347608,88043,2728864
1635290768.2218776,3694150,35287148,5454653,80743,3843380,34284804,228160347,3694864,34372011,87908,2515222
1635290768.3219974,3715614,35402277,5531173,77555,3714515,34322219,228122296,3778961,34289660,91764,2763916
1635290768.4221175,3713538,35565757,5528188,81055,3816765,34361473,228155254,3840363,34383138,90348,2722719
1635290768.5222363,3539884,34920260,5532028,72920,3822344,34353389,228198702,3829629,34293253,89113,2378996
1635290768.6223576,3707469,35318389,5540271,78855,3745384,34231067,228250131,3688539,34357786,87730,2672940
1635290768.722478,3720421,35181892,5373614,82090,3836066,34409908,228253015,3815549,34336683,87082,2570414
1635290768.8225987,3620193,35138766,5531285,47565,3843975,34376290,228162137,3721602,34340077,88172,2628864
1635290768.9227178,3729251,35403681,5498524,78061,3753897,34333124,228203432,3768474,34413489,90626,2666348
1635290769.0228386,3708324,35287502,5510878,78478,3781207,34382519,228135146,3835807,34318071,88013,2671456
1635290769.1229587,3710396,35156962,5403430,74740,3842251,34299926,228282481,3693493,34170672,87059,2317757
1635290769.223079,3721772,35474949,5531161,78234,3718759,34312206,228223433,3817425,34240493,87221,2683305
1635290769.3231993,3714247,35447472,5495656,78151,3824654,34345462,228095112,3821417,34270406,87167,2651888
1635290769.423319,3625960,35049871,5417620,78163,3812412,34374593,228219466,3824758,34255374,88799,2549623
1635290769.5234385,3722218,35454249,5516084,78760,3677752,34235582,228130492,3700704,34376411,87030,2709301
1635290769.623558,3695403,35512701,5369238,75176,3789352,34432611,228253668,3813532,34349096,86529,2652567
1635290769.723678,3754083,35496278,5546214,76586,3825046,34300435,228179125,3730796,34368056,88498,2701261
1635290769.8237982,3695516,35466054,5490319,77808,3597118,34311091,228505288,3770945,34431537,89271,2688476
1635290769.9239178,3831719,34298936,228174100,3843802,34340287,91634,2563297,3821780,35449510,5405679,77906
1635290770.0240378,3838306,34270269,228237637,3694004,34308445,89489,2694486,3517186,34968042,5531382,78178
1635290770.174227,3690775,34322636,228240763,3833925,34373811,90765,2710993,3732802,35579968,5532412,80702
1635290770.3744745,3517278,34921868,5434553,71082,3815069,34232825,228290136,3745103,34371955,87163,2668468
1635290770.4745948,3719238,35355319,5514259,78871,3786648,34400737,228120761,3758066,34232241,86739,2710024
1635290770.574715,3706950,35330381,5409649,63333,3837849,34241084,228286938,3655694,34246556,86417,2575574
1635290770.6748352,3634004,35002427,5514841,78287,3723677,34281786,228154863,3751615,34303441,86956,2675777
1635290770.7749553,3707843,35315436,5545845,75755,3738036,34232470,228297534,3799829,34259247,84818,2657553
1635290770.875076,3707896,35055884,5432313,72645,3842706,34298227,228232716,3838633,34271487,86470,2547459
1635290770.9751956,3722358,35280449,5537030,77304,3834732,34268739,228164976,3691477,34242100,87299,2670251
1635290771.0753155,3620016,34251672,228226345,3832040,34289775,87095,2660779,3630948,35087065,5592850,81669
1635290771.1754365,3820092,34289768,228140326,3844813,34206491,87827,2490094,3535798,35348157,5527231,78041
1635290771.2755563,3804399,34297038,228213162,3704811,34344696,85413,2673575,3674927,35431585,5516434,78602
1635290771.4757957,3690091,35291591,5416449,81775,3831826,34329678,228197580,3675817,34260361,88445,2396460
1635290771.5759158,3621101,35098698,5558954,79924,3654737,34319834,228245664,3829721,34360417,89797,2688233
1635290771.6760345,3709099,35297976,5519273,80785,3817779,34320623,228132849,3823722,34403756,89860,2699006
1635290771.776154,3706680,35150723,5427056,65231,3836984,34245549,228258548,3818996,34374463,86964,2588372
1635290771.8762743,3708349,35445088,5528739,78418,4034683,34314700,228289823,3696814,34294994,86600,2664831
1635290771.9763942,3731786,35529779,5527353,79762,3442115,34225971,228335068,3836978,34318948,87130,2670917
1635290772.0765135,3645385,34996988,5440222,64234,3842707,34353248,228283779,3823942,34205353,89397,2582153
1635290772.1766336,3793183,34326737,228132081,3685541,34246974,90420,2665621,3702266,35193202,5512385,77506
1635290772.2767534,3683053,34397258,228234027,3816204,34339271,87187,2672718,4053432,35752667,5453924,72762
1635290772.376873,3828204,34314153,228135057,3729989,34309519,87908,2529225,3536633,34883910,5527010,78661
1635290772.5771127,3707492,35330095,5507356,78669,3831893,34290119,228161497,3833916,34226233,85982,2648652
1635290772.6772327,3699900,35155591,5421254,81647,3829383,34322250,228190406,3768416,34303358,84842,2498710
1635290772.7773535,3708625,35275505,5508769,75869,3683278,34268263,228104855,3822181,34235519,86104,2711224
1635290772.877473,3710589,35538898,5506899,82351,3820879,34221185,228190131,3599408,34322348,88017,2692705
1635290772.977593,3552067,34786391,5520418,74056,3670693,34325053,228271191,3920167,34220012,88545,2431997
1635290773.0777123,3696997,35272833,5502238,79980,4298875,34253595,228287171,3683806,34314105,89544,2688452
1635290773.1778316,3718997,35212149,5436063,80616,3822978,34417697,228127135,3819484,34340915,88799,2560860
1635290773.2779515,3837730,34259104,228206375,3710455,34335352,90802,2668887,3713413,35333758,5393183,78990
1635290773.3780715,3718732,34255776,228225681,3797693,34371636,86418,2637577,3539699,34545948,5546884,79844
1635290773.4781904,3811306,34276999,228191734,3818931,34290232,87443,2643772,4131506,35491065,5398769,75017
1635290773.6784303,3732976,35365427,5537955,78547,3807547,34528390,228198538,3825750,34235505,87593,2680462
1635290773.7785497,3730005,35468748,5506699,77955,3832187,34355736,228170969,3725736,34191445,86980,2665253
1635290773.8786705,3620754,34985275,5431333,77622,3815893,34331834,228227915,3796214,34287363,87778,2568004
1635290773.9787893,3716176,35263877,5505499,77967,3681730,34441426,228134155,3808507,34268911,86828,2727663
1635290774.0789084,3709082,35341399,5378815,75829,3826755,34286190,228232610,3814264,34318360,86047,2650873
1635290774.1790278,3777578,35061917,5544632,78550,3148002,34204072,228017859,3694256,34320960,86810,2679375
1635290774.2791479,3711475,35390662,5500140,79939,3459928,34209139,228212010,3819536,34337466,85745,2659515
1635290774.3792672,3704622,35052279,5424604,59673,3828352,34312374,228303666,3836610,34284799,88222,2546109
1635290774.4793868,3755640,35446825,5488170,79116,3855749,34230910,228220075,3690836,34323281,86954,2681636
1635290774.579506,3731327,35463204,5512418,78985,3690183,34276777,228202532,3842401,34243874,88811,2678719
1635290774.679625,3899750,35574038,5508295,78864,3821766,34333548,228241889,3823830,34293332,91839,3232633
1635290774.7797458,3513243,35276140,5453964,72245,3785462,34237955,228261891,3704046,34403688,92119,2518755
1635290774.8798656,3692228,35269758,5509831,78409,3803720,34405232,228240434,3811800,34262822,85672,2696236
1635290774.9799852,3704655,35345212,5396293,63602,3829568,34214760,228326202,3754267,34449347,86186,2577635
1635290775.0801458,3638289,34994441,5523934,79529,3680360,34215104,228099690,3808451,34338931,86195,2698246
1635290775.1802664,3726784,35284222,5520715,80257,3848763,34206022,228215490,3611853,34364623,84849,2695369
1635290775.280387,3661003,34879446,5463622,72163,3417388,34443017,228249188,3907385,34302252,87789,2691103
1635290775.3805072,3778248,35383164,5543664,80012,3912252,34315623,228248013,3698956,34315097,89320,2697801
1635290775.4806278,3736739,35438802,5511368,62161,3796253,34339615,228273363,3842587,34313871,86605,2665394
1635290775.5807478,3584206,35031217,5673275,88755,3743195,34339499,228209405,3785642,34220744,87240,2571721
1635290775.6808684,3714147,35442607,5385740,80608,3766671,34305115,228200085,3729298,34421159,86963,2664112
1635290775.7809892,3528496,34435648,5428082,76319,3633964,34458314,228193365,3826731,34343532,85263,2320000
1635290775.88111,3699788,35299067,5433794,81873,3835622,34311743,228343295,3702977,34346111,87279,2753626
1635290775.981236,3660473,35296663,5525939,78708,3667499,34305243,228308945,3799151,34345197,89644,2647728
1635290776.0813627,3694860,35385559,5510673,79389,3848372,34583458,229438394,3880852,34524511,93687,2646132
1635290776.1814878,3694401,35337605,5442506,71847,3833483,34348209,228175631,3632693,34371187,88126,2587932
1635290776.2816083,3727662,35481548,5538290,78711,3728157,34429481,228273031,3830627,34363365,89386,2682808
1635290776.3817286,3735077,35578730,5537696,78533,3877287,34310804,228319313,3817873,34403950,90132,2710698
1635290776.4818497,3691496,35131494,5457225,75113,3791014,34373131,228176486,3829107,34342151,88259,2550420
1635290776.581971,3771825,35319585,5541088,79614,3818735,34325525,228178315,3698348,34443955,87637,2690835
1635290776.6820924,3738232,35372196,5528164,80702,3608904,34470765,228299800,3814189,34473450,86693,2702261
1635290776.7822125,3586621,34869035,5333197,79996,3861267,34405181,228181993,3821730,34370619,89021,2527696
1635290776.8823326,3730667,35248926,5581987,72198,3837350,34359165,228265415,3695973,34432389,86672,2705759
1635290776.9824526,3689442,35373614,5532726,79507,3825866,34381421,228170307,3838299,34300406,85944,2613596
1635290777.0825737,3718148,35276359,5500740,80598,3839122,34305406,228178555,3778904,34284220,85483,2647432
1635290777.1826942,3627534,35143848,5481787,79625,3747744,34230649,228174105,3765431,34241673,90472,2522149
1635290777.2828145,3724231,35512880,5518099,80980,3736340,34351051,228223260,3771080,34340824,85173,2721822
1635290777.3829346,3715433,35291102,5389568,75414,3833378,34341125,228094699,3829255,34288519,86608,2671045
1635290777.4830546,3705452,35539203,5522733,79214,3582799,34430834,228317941,3813704,34283025,86585,2684573
1635290777.5831747,3697876,35422346,5517177,80154,3847741,34249364,228290198,3728221,34315761,86478,2680688
1635290777.6832948,3637414,35129923,5433673,77818,3732203,34334834,228214857,3815510,34369382,89546,2558665
1635290777.7834148,3716800,35408751,5520700,75960,3836748,34279979,228272999,3686636,34374703,89424,2701149
1635290777.883535,3728665,35308971,5428557,77756,3744126,34259263,228162481,3839626,34361506,89696,2706590
1635290777.9836547,3651965,35289309,5535800,78698,3847751,34341690,228225898,3811504,34339186,91109,2663489
1635290778.0837739,3776809,35459181,5540844,75577,3758688,34233889,228253072,3712680,34339394,84705,2604322
1635290778.183907,3536463,35084468,5484460,78522,3821996,34330413,228141999,3823476,34239753,87171,2621074
1635290778.284029,3814437,35471843,5412881,64096,3824902,34433267,228267142,3697676,34319651,82894,2693175
1635290778.3841503,3648090,35026503,5534421,77641,3722526,34424833,228266782,3835332,34338485,86405,2565107
1635290778.48427,3725629,35364135,5537704,78983,3792823,34403615,228154013,3814170,34342938,85647,2655943
1635290778.5843906,3745345,35055764,5459389,72320,3847098,34271628,228310222,3629686,34347744,86791,2583150
1635290778.6845114,3731289,35254685,5535314,77472,3639286,34325271,228224372,3787996,34367143,87152,2699317
1635290778.784632,3702678,35381121,5516110,83160,3821201,34353248,228267286,3832995,34248397,86791,2659367
1635290778.8847516,3669223,35006173,5464126,79175,3820204,34237807,228191478,3836751,34168457,88706,2489131
1635290778.9848711,3740159,35592667,5533600,78748,3815461,34215291,228203858,3699560,34276986,86727,2671578
1635290779.0849912,3693116,35611653,5502046,80239,3717554,34320838,228284097,3836509,34290652,87237,2562569
1635290779.1851113,3608595,34871982,5347576,80758,3823586,34332482,228209811,3769391,34246715,93605,2719028
1635290779.285231,3666959,35450403,5518307,78255,3718493,34299097,228210500,3750069,34322823,89769,2696384
1635290779.3853507,3718435,35357308,5530065,79724,3754523,34312896,228159463,3811614,34374866,92771,2698694
1635290779.4854708,3715770,35312535,5412849,71139,3774057,34250067,228163868,3692586,34220453,86348,2622306
1635290779.5855896,3719484,35247746,3457772,77530,3803291,34313640,228217073,3793006,34389417,89356,2673343
1635290779.6857097,3727887,35293428,5527148,79648,3833643,34271549,228228154,3819262,34374808,86002,2674533
1635290779.7858295,3620037,35077212,5443101,65587,3829115,34279996,228316811,3813350,34315940,88671,2610363
1635290779.8859503,3719537,35510690,5528695,79131,3765570,34253742,228266691,3709929,34365649,87548,2693356
1635290779.9860706,3710404,35381473,5441535,73934,3632372,34233709,228151729,3833852,34265383,86001,2680196
1635290780.0861902,3656214,34937249,5542652,83507,3781755,34468721,228248763,3755823,34209632,87636,2508058
1635290780.18631,3708874,35318976,5480156,72207,3813661,34296788,228210651,3751238,34258777,85253,2647074
1635290780.2864354,3715683,35137736,5536880,76932,3847741,34321914,228300675,3815498,34136023,85962,2478451
1635290780.3865635,3753492,35404214,5515514,94971,3835832,34302009,228209167,3681662,34331036,86142,2740360
1635290780.4866858,3699589,35344841,5446865,78517,3689335,34248632,228232764,3835183,34329463,90051,2494808
1635290780.5868058,3673038,35311244,5497245,81927,3836007,34295086,228182017,3835070,34245371,85813,2643024
1635290780.6869261,3613815,34946352,5467600,75460,3819530,34166607,228168158,3725245,34244187,87815,2854406
1635290780.7870464,3740878,35680711,5541829,77715,3814886,34268354,228158490,3822303,34305021,85299,2713760
1635290780.8871663,3692463,35624534,5489931,79485,3811331,34294307,228218826,3713044,34316152,89004,2633940
1635290780.9872856,3613711,35037042,5503060,78935,3705535,34300209,228063214,3772352,34215216,91105,2634278
1635290781.0874052,3709190,35324521,5516563,79828,3820289,34405048,228185778,3774497,34402858,89291,2703250
1635290781.1875257,3715086,35019927,5396202,75156,3819871,34361386,228231310,3813823,34367886,87401,2636084
1635290781.2876453,3710223,35350195,5530754,78723,3768128,34272567,228270392,3686444,34422921,85786,2676456
1635290781.3877652,3712113,35414941,5515762,81034,3692848,34269096,228242061,3838073,34349838,85131,2658940
1635290781.487885,3632051,34832206,5408562,56315,3846444,34316263,228231166,3828190,34230302,87567,2538215
1635290781.5880065,3704775,35398976,5499364,77146,3810582,33988893,228272396,3690554,34326676,86962,2676551
1635290781.6881263,3722237,35457901,5536543,77649,3683408,34395032,228241731,3838183,34234423,86962,2659783
1635290781.8883662,3723196,35012711,5537143,77240,3469541,34280623,228149779,3755529,34189167,86654,2654237
1635290781.988486,3720073,35299498,5519435,78141,3842956,34224666,228044193,3825667,34302737,85536,2664971
1635290782.0886059,3722080,35131866,5426957,77718,3834126,34183300,228130350,3809294,34331963,87843,2556034
1635290782.188725,3758266,35285667,5518002,79163,3782243,34220014,228213285,3703630,34371763,84952,2643179
1635290782.288845,3693141,35442587,5476857,81175,3650216,34284207,228299053,3830957,34262240,85316,2680280
1635290782.3889651,3485484,35099090,5444937,73464,3844259,34342215,228308664,3810972,34260673,91715,2693572
1635290782.4890924,3700570,34954363,5204825,82658,3588576,34238066,228322660,3762802,34325475,89900,2700310
1635290782.5892136,3834634,34355974,228217850,3832227,34285212,89030,2582714,3770911,35361501,5423359,78943
1635290782.6893337,3821500,34399599,228293943,3681703,34318831,89161,2702996,3543430,34948871,5547320,73938
1635290782.7894537,3678486,34349924,228224897,3834659,34363243,86933,2694486,3707867,35290302,5531356,80030
1635290782.989694,3639090,34765549,5444640,72180,3829299,34241346,228270128,3734196,34382530,85878,2667449
1635290783.0898137,3724355,35294789,5540239,79079,3704229,34412898,228208384,3813065,34336461,91463,2708140
1635290783.1899333,3741419,35405571,5493970,66537,3830521,34247722,228233650,3647128,34343460,86403,2658639
1635290783.2900815,3645924,35034852,5552233,78231,3721018,34333674,228181438,3871916,34223162,88043,2543327
1635290783.3902018,3751917,35534819,5541262,79695,3674690,34256975,228217201,3732504,34343462,85471,2653109
1635290783.4903216,3742113,35500114,5416572,80635,3843752,34375788,228146375,3831198,34308141,86011,2442718
1635290783.5904417,3651114,35048164,5595242,77885,3833676,34362185,228152593,3684895,34287741,87199,2687940
1635290783.690562,3661273,34450761,228203126,3778970,34362128,86179,2700241,3628711,35095054,5490393,76899
1635290783.7906823,3793485,34316135,228169227,3831840,34419253,87835,2573467,4627691,35565725,5425486,72941
1635290783.8908033,3831053,34317059,228202232,3698349,34363922,84866,2639924,3703308,35491145,5533806,79022
1635290784.0910447,3718789,35384866,5548252,79763,3837561,34319825,228240332,3844272,34270836,92247,2671142
1635290784.191166,3662285,35058555,5463498,67013,3841857,34340126,228294469,3646593,34199497,91186,2557073
1635290784.2912862,3779266,35479442,5547496,78820,3673831,34330590,228098987,3806206,34421895,89243,2725560
1635290784.391407,3721302,35447752,5526109,80981,3829123,34323580,228140936,3830654,34412483,86152,2721428
1635290784.491527,3514281,34894695,5580645,73814,3767146,34157073,228233634,3815322,34180936,88931,2364976
1635290784.5916524,3723097,35338205,5536159,79877,3817035,34321393,228376450,3690352,34305064,85317,2702810
1635290784.6917756,3733976,35341023,5444497,81406,3845385,34576219,228100287,3812888,34409143,88162,2538390
1635290784.7918963,3839671,34378507,228195855,3755065,34356156,88901,2636205,3725709,35258435,5645455,79362
1635290784.8920162,3761374,34328964,228241118,3774567,34381234,85190,2672352,3525131,35354126,5594127,80183
1635290784.9921367,3752871,34383649,228180149,3841282,34359313,87156,2653463,3799275,35382397,5422800,76150
1635290785.192378,3835909,35513307,5574066,78733,3467780,34356613,228239957,3845722,34247975,90947,2678664
1635290785.2924984,3721080,35555798,5528587,77899,3818236,34379890,228214644,3755181,34427469,86565,2712999
1635290785.3926187,3704809,35214298,5439357,78246,3824125,34331196,228131471,3828163,34358175,88289,2564480
1635290785.4927394,3724982,35278634,5546667,79522,3694551,34374054,228254704,3824246,34335778,86649,2714814
1635290785.592859,3732819,35336305,5544599,80887,3952723,34232108,228214102,3745667,34443328,90461,2719920
1635290785.69298,3530213,34886714,5448861,71601,3407215,34489574,228250631,3821723,34416032,92074,2682542
1635290785.7930999,3713319,35426785,5536913,78272,3847616,34326633,228206302,3705213,34407970,89525,2680581
1635290785.893219,3706075,34334009,228265193,3831796,34358465,87577,2672170,3621946,35227334,5722853,70376
1635290785.9933395,3839034,34304419,228189729,3802330,34234667,88199,2578828,3802180,35392526,5483454,78397
1635290786.09346,3800514,34289410,228162142,3732759,34415196,85580,2681832,3541361,35364787,5540829,79502
1635290786.2936995,3732823,35290154,5427675,81530,3798014,34459801,228156926,3683226,34293849,84635,2391038
1635290786.3938196,3665698,35032002,5582205,78806,3606691,34343993,228201895,3839876,34431861,85133,2672377
1635290786.493939,3727790,35387496,5536110,82333,3833745,34377918,228231936,3833489,34337597,85503,2686964
1635290786.5940585,3701101,35116963,5440281,71521,3842761,34293979,228180375,3765856,34345637,88335,2515753
1635290786.694185,3710327,35400746,5486349,78905,3787539,34355123,228113496,3669804,34432633,85395,2631829
1635290786.7943127,3725429,35365300,5500735,81692,3239413,34225317,228210472,3843430,34325697,86480,2618612
1635290786.8944333,3645053,35186573,5449995,65841,3836226,34372173,228199642,3831739,34291038,91876,2649093
1635290786.9945529,3717698,35535070,4141792,73090,3806922,34282781,228312606,3713235,34360980,85993,2708516
1635290787.0946724,3709714,35498017,5512053,77397,3701889,34442718,228265693,3845870,34314091,89172,2749399
1635290787.1947923,3761868,35273033,5258683,81626,3833618,34384396,228202380,3718365,34289209,91458,2610370
1635290787.2949126,3473371,34708177,5537689,74521,3663595,34345795,228219264,3792725,34357835,88361,2332235
1635290787.3950322,3722550,35345674,5557595,80047,3837948,34286816,228176194,3821966,34439535,86887,2694788
1635290787.4951515,3729774,35214907,5442497,82228,3834275,34311390,228251207,3684756,34361701,85136,2682496
1635290787.5952716,3756512,35249810,5538055,79409,3687373,34258980,228180020,3765195,34337517,87624,2604318
1635290787.695391,3719937,35368670,5513922,82443,3824718,34295193,228097888,3822297,34471408,86851,2660153
1635290787.7955103,3552408,34864251,5538349,73547,3825003,34269771,228241881,3823998,34226524,89030,2500116
1635290787.8956292,3711524,35490237,5530607,78165,3407511,31977688,229903772,3768284,34583723,87683,2711017
1635290787.9957483,3728738,35627005,5456200,81856,3036915,34466893,234342052,3907427,35138975,90119,2731046
1635290788.0958679,3818665,36316558,5696834,73640,3794014,34360593,228277647,3720257,34438145,84777,2678680
1635290788.1959875,3703704,35342760,5436478,78920,3761309,34461719,228241699,3827855,34403741,86768,2669153
1635290788.2961073,3782157,35468294,5417745,79410,3828610,34399805,228534658,3724490,34451863,87349,2669336
1635290788.446568,3801478,35390278,5468978,82240,3659295,34346113,228323704,3829704,34355051,86843,2426735
1635290788.5466888,3466972,35160300,5480724,78936,3840767,34334798,228205422,3842677,34285936,88741,2611997
1635290788.6468103,3867510,35385661,5431718,82296,3833842,34305686,228231829,3701801,34348239,85591,2676058
1635290788.746932,3720492,35442248,5508911,78300,3618048,33729444,228241138,3873580,34370468,87027,2668326
1635290788.8470683,3702297,35521629,5531779,80622,3824153,34451894,228177746,3817045,34343008,89912,2715724
1635290788.9471924,3497284,34855712,5554435,71329,3830703,34366687,228169162,3623814,34282089,90546,2409968
1635290789.0473137,3700618,35466235,5533791,78383,3875135,34306823,228286618,3815068,34446073,90903,2683344
1635290789.147434,3714894,35356270,5442371,82123,3825345,34331041,228158194,3822897,34457906,86404,2549925
1635290789.2475543,3637247,35043056,5547695,79007,3824139,34252504,227978186,3723884,34456666,87457,2653218
1635290789.3476741,3720080,35498705,5522663,78701,3759861,34349882,228315547,3786574,34423664,86071,2705160
1635290789.4477942,3723090,35239211,5405108,80094,3749748,34337710,228163725,3835759,34275013,90009,2652090
1635290789.5479145,3738698,35362908,5468450,70864,3836757,34373172,228271209,3698558,34298601,85613,2696310
1635290789.6480339,3696658,35354221,5542689,78064,3604845,34390406,228275654,3849698,34321628,86069,2608815
1635290789.7481537,3735191,35532283,5562102,78345,3821809,34414714,228238494,3836434,34262060,88411,2682937
1635290789.848274,3713327,35094992,5455450,77493,3825911,34406605,228273160,3686354,34343974,87750,2622778
1635290789.9483938,3771878,35271775,5531338,78626,3707853,34340791,228251823,3766306,34396844,88526,2592749
1635290790.0485137,3701566,35502313,5503426,80772,3851086,34297954,228052216,3835855,34348847,85418,2701713
1635290790.148633,3502553,34969908,5444068,71157,3841627,34280001,228251280,3815196,34386933,95007,2656931
1635290790.2487533,3708635,35498712,5520596,77336,3928553,34325769,228210099,3733333,34375913,86845,2677389
1635290790.3488731,3721494,35450367,5454938,62916,3706628,34211163,228169352,3840624,34310744,88593,2605108
1635290790.448993,3642309,35136691,5548742,84728,3745209,34329623,228153567,3754520,34319992,89801,2640182
1635290790.5491142,3728413,35502723,5441117,71007,3815848,34301856,228121702,3782695,34353316,88868,2776676
1635290790.6492343,3730492,34976670,5533886,78274,3722651,34419893,228318550,3843370,34414593,87377,2496605
1635290790.749354,3757063,35470748,5533261,75561,3826454,34442031,228244121,3684897,34372953,87249,2752151
1635290790.8494735,3712111,35345526,5491126,77140,3654053,34326662,228241774,3793670,34349297,85924,2596654
1635290790.9496043,3675390,35247040,5528714,79723,3835737,34316588,228578292,3825318,34387819,89977,2603635
1635290791.049736,3722515,35196476,5436733,70812,3845194,34346857,228263603,3726844,34377341,87317,2646743
1635290791.1498563,3715057,35384342,5535301,77811,3794709,34405219,228197607,3834633,34347371,86046,2658300
1635290791.2499752,3723955,35447745,5540235,78863,3845185,34381879,228239175,3837300,34291635,86629,2658709
1635290791.350077,3635834,35131766,5453959,63067,3692449,34280982,228231484,3816297,34289073,88339,2610190
1635290791.450196,3736970,35558623,5536076,79324,3756164,34361167,228280735,3695110,34314915,84810,2696136
1635290791.5503154,3733625,35415223,5399058,73446,3775199,33870207,228174940,3851167,34417448,86605,2665708
1635290791.650435,3781630,35363522,5531670,77907,3813392,34401282,228169721,3710088,34323708,87676,2613476
1635290791.750554,3698423,35757962,5527643,74978,3708519,34340885,228268105,3769003,34383884,84621,2704886
1635290791.8506734,3698941,35437057,5517494,78746,3850716,34349343,228180040,3827858,34434509,86674,2533761
1635290791.9507926,3563072,35183560,5361718,83001,3851639,34317754,228142183,3696468,34346102,89799,2685941
1635290792.0509114,3770545,35237968,5588741,78876,3693937,34336670,228198014,3844169,34377752,92801,2691475
1635290792.1510308,3753488,35481598,5518382,79667,3844226,34342471,228164432,3842583,34358332,85921,2672203
1635290792.2511494,3642220,34941936,5466069,73229,3835735,34323872,228213119,3790102,34411974,88254,2646258
1635290792.3512683,3747339,35506381,5534998,78349,3817861,34424872,228202567,3602397,34213202,85675,2726067
1635290792.451387,3729593,35343113,5518379,78987,3826037,34378330,228201492,3843527,34455704,86374,2685388
1635290792.5515063,3617879,35011123,5459673,76537,3776885,34463889,228209547,3867806,34271904,90448,2589853
1635290792.651625,3750222,35310919,5534836,77507,3818610,34393414,228223159,3681259,34456867,87181,2712036
1635290792.7517436,3717880,35400572,5454488,70935,3823910,34375530,228277454,3833621,34415602,86925,2704499
1635290792.8518627,3673682,35036805,5563747,78494,3691676,34292962,228177946,3758946,34289447,88315,2665386
1635290792.9519815,3733184,35182235,5390614,74724,3630883,34252438,228184524,3768670,34320681,86740,2691637
1635290793.0521078,3672509,35386429,5542532,72481,3844789,34334579,228155795,3838430,34298051,86569,2578795
1635290793.1522343,3843658,35317820,5452480,78187,3829741,34292451,227995791,3687324,34305928,84496,2657090
1635290793.252358,3684436,35306929,5495649,78690,3685129,34332877,227969693,3837835,34294530,89418,2601549
1635290793.3524795,3674234,35547505,5532561,80065,3832427,34422666,228057237,3727891,34333536,92169,2595317
1635290793.4525998,3624883,34880993,5434251,71932,3816361,34329980,228069060,3811180,34338145,89319,2735719
1635290793.5527203,3720450,35444173,5534048,78858,3684063,34329036,228083179,3824779,34341701,90476,2687775
1635290793.6528409,3711004,35313915,5485054,76349,3886927,34318649,228045701,3773384,34436111,88587,2669431
1635290793.752961,3595401,35030512,5593804,71859,3742547,34217004,228065907,3825217,34314238,89481,2500173
1635290793.8530812,3726248,35315216,5526856,80865,3722036,34297644,228075760,3696341,34410520,85899,2734036
1635290793.953201,3713552,35487025,5456712,71676,3869679,34369073,228001184,3841197,34349798,88108,2448294
1635290794.0533211,3639992,35233286,5518652,91035,3827193,34382041,228085097,3750853,34284049,87955,2665144
1635290794.1534405,3745259,35327354,5521431,75595,3730941,34361716,228069964,3759159,34310899,86266,2702421
1635290794.253561,3717147,35371544,5527957,80293,3731101,34429218,228021836,3832842,34301428,87510,2519286
1635290794.3536816,3706873,35144446,5386540,71374,3835572,34427865,228014296,3676203,34327516,84955,2811992
1635290794.4538004,3737153,35397648,5533496,77700,3671633,34349092,228073256,3780505,33467502,85874,2252522
1635290794.553921,3710307,35420157,5522588,78594,3835533,34312561,228070502,3820266,34345026,87067,2652735
1635290794.654041,3644115,35023768,5443896,63657,3834631,34375620,227868855,3825077,34337809,89701,2596978
1635290794.7541606,3732416,35493631,5508724,75325,3689703,34289929,228012843,3622351,34356405,86185,2683432
1635290794.8542807,3721361,35536970,5468010,78739,3811594,34341368,228029823,3860182,34294193,86714,2702020
1635290794.9544005,3458864,35086868,5584479,73471,3853804,34352437,228165742,3830305,34281124,88593,2390749
1635290795.0545206,3713856,35483489,5528843,77838,3794273,34267537,228070040,3712719,34366751,89285,2717436
1635290795.1546414,3711978,35337815,5494489,80653,3823841,34403785,227992296,3838346,34332429,90086,2528936
1635290795.2547712,3820901,34365318,228027667,3695582,34305713,90875,2683934,3676838,34974280,5509180,79055
1635290795.3548925,3764493,34523254,227710154,3489523,34639723,85822,2596830,3783974,35549505,5453279,98106
1635290795.4550126,3741929,33988520,226267903,3741122,33984835,78342,2564349,3627870,34824053,5416108,117641
