1635292660.2183511,207857,3281571,347021,17689,1580241,16661260,225917832,1610180,17670489,30306,937789
1635292660.3188877,1506901,17508520,2873683,76559,1337847,12662826,224669213,1594451,13638351,22543,1294156
1635292660.4193943,1446666,14942670,2189431,85011,1776287,15673242,224184165,1599423,14318493,31882,1243880
1635292660.5198965,1736435,16454209,2407569,68176,1621771,15314443,225619359,1591481,16708074,26974,1167187
1635292660.620853,1713043,17347610,2529091,74341,1968425,19818566,224334741,1818106,17483182,30668,1280683
1635292660.7212696,2169331,20636545,2752520,93602,1709258,16754420,224061384,1837825,18928726,30580,1418544
1635292660.8217387,1857970,17954183,2521226,109489,1817995,17789313,224863656,1797731,17713755,31410,1314828
1635292660.9222307,2132454,18967930,2685071,104766,1697011,16597887,224586583,1939326,18540276,29550,1220392
1635292661.0226622,2155407,19039985,2720673,69598,1705346,16809938,224425740,1941559,18062984,31455,1338037
1635292661.1231413,2037950,19473917,2677422,70200,1668926,16929679,224479042,1976002,18693150,36233,1317446
1635292661.223639,1848079,19088412,2725822,87847,1763077,16635084,224251382,1747826,16570370,33939,1198178
1635292661.324143,1624552,17556821,2601580,80030,1879413,17010818,223875557,1754505,17892603,37120,1267484
1635292661.4246368,1621016,17011907,2591385,69825,1940006,18146091,225435678,1691398,18357700,39362,1332838
1635292661.5250945,1636503,16646846,2549478,125328,1838208,18146270,224996429,1746682,16996747,36452,1198867
1635292661.6255596,1836571,17552273,2436923,109959,1865765,17827219,224596171,1893843,18554428,33651,1335506
1635292661.726043,1751833,16967487,2661101,102364,1919125,18897632,225526532,1737348,18451184,34775,1530804
1635292661.8264763,1614652,16497880,2307242,102650,2165170,17978028,224544687,1756893,18079218,34065,4272246
1635292661.9781108,1806064,17509693,2916246,92504,1807792,17840739,224056344,1810075,16793812,35485,2710276
1635292662.0789685,1774328,16633600,2560366,96132,1898242,18735599,224881743,1846345,17092716,35160,1829958
1635292662.1292374,1924171,18149407,1636276,103332,1766013,17501594,224584059,1909470,17706080,34788,2501416
1635292662.230909,1719619,17401711,1694962,94629,1740530,17194159,225005308,1974531,18165336,35910,2647477
1635292662.4330528,1825947,17668664,1871336,104655,1995301,17767445,224870608,1714967,18190785,32619,1446490
1635292662.5338652,1916259,17956945,2642535,115436,1825757,18950443,223859639,1969982,17689897,34623,1478642
1635292662.6350641,1801149,16965515,2522088,93891,1846275,17993002,223648299,1705265,16317421,32892,1362621
1635292662.7360253,1860916,18927060,2829774,99568,1722771,15658928,224464572,1683728,17419529,35129,1311318
1635292662.8367982,1857049,19049902,2779813,95364,1859385,17583977,224293973,1897152,18436353,31199,1360710
1635292662.938001,1827775,19245631,2894177,105864,1891409,17171357,223827604,1735735,17432728,43438,2170157
1635292663.039229,3338145,33270980,5278201,69978,3652933,34890770,227697093,3584838,34486269,68159,2564901
1635292663.1393988,3595743,34752842,227563445,3550916,34543343,69116,2552688,4366697,33446497,5246059,49643
1635292663.239532,3617255,34611544,227980501,3569643,34517921,66837,2518300,5951916,34446638,5325332,63771
1635292663.339673,3244064,33227048,228634505,3340443,31181346,64207,2131305,3459690,33929065,2515313,55761
1635292663.539951,3598676,35062073,5241185,61003,3727362,34693954,228025768,3589075,34491678,70442,2723301
1635292663.6401536,3496682,35242212,5265048,47924,3669130,34719671,228087381,3554693,34394639,69337,2533641
1635292663.7906606,3561020,35333332,5323128,48037,3605275,34852249,227724163,3563270,34681055,67805,2527913
1635292663.890799,3564707,35149590,5289835,61947,3685594,34717746,228013115,3527401,34674347,69268,2582968
1635292663.9909382,3647836,34224498,5179332,66454,3384762,34722718,228152539,3534715,34577433,66980,2540754
1635292664.0910735,3678310,35545225,5324577,71538,3815102,34544130,227893560,3566976,34588986,67420,2448798
1635292664.1912093,3566435,32768321,2550799,67633,3543825,34628919,228218093,3557171,34701168,68242,2515096
1635292664.2913454,3718982,34656722,227958366,3584622,34481104,67941,2534317,3566902,35191271,5061029,48276
1635292664.3914835,3616438,34805713,228066483,3584040,34456089,69089,2515172,3545385,35358342,5392604,62179
1635292664.4916215,3623918,34442288,227880721,3575795,34642728,67585,2613307,3408092,34979804,5415418,64976
1635292664.691889,3579406,35066211,5341437,61916,3690857,34009673,228144789,3521549,34603140,68673,2327027
1635292664.792025,3562867,34992881,5355755,73486,3602212,34247269,227910607,3552079,34640744,69661,2617660
1635292664.8921614,3569910,35172263,5368705,55711,3618713,34779254,227859254,3693711,34723215,68451,2541566
1635292664.9922938,3590399,35292587,5451942,60393,3597929,34744746,227994331,3564506,34955039,68791,2637471
1635292665.0924277,3700004,35483816,5312122,64052,3655965,34835131,228066718,3693556,34920211,70188,2431260
1635292665.1925635,3556528,35095669,5343383,59846,3373008,34981696,228092490,3629200,34857995,68769,2372902
1635292665.2926958,3604004,35351161,5301843,68410,3756324,34522912,228048101,3628479,34901639,70159,2635492
1635292665.3928316,3567058,34840715,228061057,3630489,34804549,69339,2550540,3503653,34460052,5147621,73831
1635292665.492971,3645787,34898779,228033939,3622310,34895386,68976,2474237,3344109,34839389,5349270,61047
1635292665.5931098,3629867,34851414,227877154,3645687,34765385,71171,2615315,3890809,34874745,5417100,64946
1635292665.7933755,3689516,35613584,5444603,70226,3763386,34580249,227855899,3624455,34867930,67954,2585951
1635292665.8935075,3667022,35359244,5382589,74288,3621543,34871708,227959219,3734026,34976480,72536,2583184
1635292665.9936404,3636717,35237815,5374295,69722,3697317,34846030,228184426,3709602,34639844,72443,2545581
1635292666.0937715,3636813,35451264,5398516,71348,3637730,34805297,227988609,3733740,34743769,72295,2503432
1635292666.1939023,3611570,35023618,5406879,67394,3592617,34516291,227779669,3731326,34566571,72364,2333386
1635292666.2940357,3569223,35077415,5390711,62627,3975306,35103369,228140384,3733177,34673126,71280,2652758
1635292666.3941844,3621417,35292387,5387072,55934,3497291,34748883,228061413,3721209,34640035,71583,2624601
1635292666.4943185,3629224,35324382,5396400,56496,3752655,34812606,228241026,3685607,34726489,73416,2549196
1635292666.5944517,3644183,35305124,5272034,73003,3700451,34566095,228194246,3653845,34850390,72700,2498318
1635292666.694584,3654394,35402281,5054109,63450,3689212,34591800,227915418,3643471,34743490,71450,2648822
1635292666.7947187,3418405,35123466,5368936,70298,3580679,34608967,228170240,3640765,34471945,70023,2349439
1635292666.8948524,3681959,35627311,5381434,75300,3769370,35018650,228242405,3691519,34625194,73148,2421009
1635292666.994986,3628210,35470295,5491968,73506,3669074,34841011,228302973,3674119,34456656,67691,2613388
1635292667.0951214,3589443,35292824,5396452,74928,3675342,34781942,228163285,3690850,34390747,69179,2567754
1635292667.1952572,3661677,35532562,5367716,66992,3639098,34707554,227973538,3559991,34717024,67792,2656836
1635292667.295395,3734308,35262221,5445807,76287,3768760,34613713,228064135,3712470,34510303,69435,2356709
1635292667.3955288,3668631,35407612,5417459,65870,4107433,34811970,228364499,3669756,34596491,68473,2354382
1635292667.4956627,3628484,35271802,5458713,77033,3685191,34303320,227982772,3698350,34698812,70030,2669436
1635292667.595796,3652185,35326228,5395579,94965,3555171,34332560,228246889,3621253,34676252,69230,2537451
1635292667.6959298,3629311,35182859,5252012,76149,3686368,34376285,228086894,3746731,34499398,69375,2515603
1635292667.7960625,3689600,35326523,5590519,67624,3729825,34354586,228183729,3642440,34697854,67454,2646803
1635292667.8961964,3812592,35446501,5484909,73653,3550943,34725361,228245578,3754953,34724475,70221,2586331
1635292667.9963303,3671457,35220313,5350173,79068,3747402,34694024,227984184,3706411,34647709,68932,2637146
1635292668.0964603,3654127,35406105,5424166,72531,3791865,34560271,228253124,3637590,34605174,67422,2660947
1635292668.1965923,3662627,35312997,5332983,75806,3648503,34522840,227843249,3782543,34535202,69019,2526306
1635292668.296727,3608567,35065349,5413619,74980,3633787,34579109,227953172,3745445,34555872,70813,2508474
1635292668.3968608,3595615,35553488,5410541,71533,3756184,34574180,228165695,3593489,33685320,67153,2325405
1635292668.496994,3657267,35211391,5413128,68037,3567417,34514448,228310929,3655562,34611062,71465,2556272
1635292668.5971284,3584245,35069933,5415237,74798,3574896,34451020,228073994,3683458,34519663,71109,2466146
1635292668.6972613,3660321,35160575,5456872,81480,3539518,34655954,228219861,3736112,34114191,69285,2513586
1635292668.7973945,3675836,35502363,5315367,79743,3642313,33906565,228315483,3592870,34212228,68996,2665870
1635292668.8975263,3619573,35172780,5232515,67738,3763897,34431059,228047278,3602712,34390811,68949,2626613
1635292668.9976592,3454750,34870944,5409146,67732,3768582,34448498,228174248,3608808,34100824,67539,2428837
1635292669.097791,3560316,35027015,5490748,67791,3478108,34537108,228259259,3708367,34308666,70079,2575472
1635292669.197924,3726162,35262733,5435548,76314,3563420,34455802,228183521,3760770,34227712,69575,2466847
1635292669.2980556,3613360,35195715,5449786,80040,3637434,34469468,228234704,3752853,34119935,72323,2455517
1635292669.3981872,3686985,35397433,5458387,79168,3639679,34388404,228262877,3684332,34111313,70862,2501949
1635292669.4983208,3657791,35555004,5415855,79538,3687434,34376856,227824774,3763200,34279904,69840,2433838
1635292669.598454,3664159,35389368,5411581,79650,3789528,34339226,228174948,3782739,33957671,70849,2655070
1635292669.6985872,3662156,35395566,5375959,76641,3817227,34482505,228231456,3704230,34250368,70154,2673679
1635292669.798719,3675186,35414872,5394120,63516,3564333,34480940,228200217,3700131,34075054,70850,2568304
1635292669.898853,3662759,35471469,5361540,75937,3552381,34385498,228122786,3729523,34087777,70493,2515655
1635292669.9990032,3679974,35396447,5346917,72071,3694766,34346261,227978790,3747486,34169336,70832,2472602
1635292670.0991375,3676355,35470292,5414443,88000,3720616,34473808,228285538,3748110,34136136,69255,2659486
1635292670.1992729,3765835,35454867,5553342,72126,3433407,34533663,228246547,3756474,34157464,69627,2485169
1635292670.299405,3628761,35097006,5429576,77816,3646246,34338725,227981281,3688662,34256893,69436,2492109
1635292670.3995383,3619848,35213415,5416213,80611,3733417,34326290,228161107,3635418,34234402,66784,2635590
1635292670.499671,3616242,35084823,5456198,80307,3779204,34372661,228256376,3622794,34105877,69435,2537789
1635292670.5998034,3649210,35295368,5455591,79554,3775994,34148586,228098846,3512344,34278074,68355,2653748
1635292670.699938,3499945,35029645,5388742,78092,3764437,33968112,228195855,3741277,34285997,67199,2620051
1635292670.8001237,3664455,35080984,5404823,84192,3746513,34532920,228127938,3542965,34305801,69541,2663697
1635292670.9002545,3663982,35390670,5364316,61735,3746462,33786748,227510612,3752816,34265605,70397,2519389
1635292671.000385,3647458,35470677,5457866,81041,3568481,34131414,228171757,3739718,34407978,69619,2644166
1635292671.1005168,3702720,35188076,5450500,79711,3782275,33978182,228071504,3622561,34398025,68032,2639524
1635292671.2006514,3582993,34997098,5334520,77955,3721603,34167853,228219542,3675684,34427138,68738,2640406
1635292671.300785,3705277,35510588,5473131,64532,3719228,33948846,228016285,3783619,34340229,70162,2480069
1635292671.4009213,3673409,35472928,5405680,79860,3612268,34124185,228013387,3712522,34261914,68505,2601432
1635292671.5010533,3710357,35218627,5470439,83461,3718850,32664071,228114874,3213104,30998305,71121,2598488
1635292671.6011865,3601438,35180155,5515676,80545,3766211,34229780,228746915,3655803,34558961,66191,2946200
1635292671.70133,3639128,35180861,5473313,81692,3786137,34348801,228412060,3720198,34398236,68950,2293105
1635292671.8014648,4733334,31239058,3980015,73236,3801722,34376363,227957092,3589496,34392547,69172,2631637
1635292671.9015977,3682001,35466521,5429544,81417,3779366,34239316,227964250,3748979,34426758,70932,2467481
1635292672.0017347,3650649,35325829,5369650,81510,3745438,34358616,228094083,3699739,34295657,67823,2652914
1635292672.1018674,3687654,35490029,5327444,69681,3567576,34555617,228011329,3795565,34402161,72196,2458272
1635292672.2019973,3675875,35347777,5404325,75891,3750432,34424053,228094863,3704597,34348210,68797,2676252
1635292672.3021321,3566425,31008982,2818605,81431,2953023,32594610,228098146,3770013,34455393,71200,2679280
1635292672.4022691,3602839,35147176,4441229,63514,3798049,34538092,228051915,3708781,34684345,72518,2634473
1635292672.5023987,3697491,35528032,5448689,64621,3566323,34480703,228038893,3794229,34437726,70752,2537238
1635292672.6025262,3541743,35026362,5448920,80680,3785011,34372469,228021000,3674840,34423822,70735,2737749
1635292672.7026556,3543959,35456729,5538489,78393,3628293,34431015,227983366,3797770,34400095,71017,2634321
1635292672.8027842,3708398,35631658,5435291,79894,3768842,34420588,228123776,3667936,34486775,75921,2321074
1635292672.902914,3561545,35030173,5413461,78436,3393617,34449749,228016845,3817447,34390071,73807,2701422
1635292673.0030425,3682100,35502689,5474033,77090,3779521,34380152,227903447,3779799,34329557,73153,2672319
1635292673.103171,3606383,35129451,5403502,76954,3649623,34382198,228035386,3644781,34025397,74387,2550875
1635292673.2033057,3698552,35446347,5471082,79360,3841150,34435627,228082570,3738087,34401738,70190,2650299
1635292673.3034341,3587567,35003356,5445272,72939,3788588,34441140,228008913,3778585,34363731,72555,2439202
1635292673.4035637,3672467,35599593,5474962,77617,3751052,34423732,228165193,3650177,34497621,70561,2651328
1635292673.5036907,3698959,35568938,5414509,81420,3804707,34493925,228116083,3791759,34422827,72728,2467282
1635292673.603818,3685645,35259238,5461561,45894,3768929,34281694,228008641,3643601,34483654,69819,2647822
1635292673.7039444,3667366,35577947,5502812,76664,3627719,34249782,228000025,3789525,34411013,70083,2631110
1635292673.8040798,3710428,35602885,5446382,79441,3782166,34377681,227959320,3655343,34482315,71170,2611951
1635292674.0043426,3720511,35432237,5469655,76878,3793017,34406253,228052125,3752972,34487525,70620,2646623
1635292674.1044695,3690606,35240692,5394937,80077,3804055,34434471,227975120,3784984,34480322,71849,2506562
1635292674.204596,3749555,35489399,5467657,78684,3650736,34454712,228083653,3620332,34478916,69736,2637375
1635292674.304723,3688056,35587211,5395569,72205,3745011,34537013,228072499,3801015,34514030,70769,2651463
1635292674.4048493,3618084,35411039,5477135,77852,3868895,34456415,228102250,3715597,34459099,71726,2453675
1635292674.504976,3700972,35663631,5489614,79730,3459511,34316001,228026167,3752286,34440485,72277,2656311
1635292674.6051037,3695873,35256624,5457914,80775,3795761,34484274,228129491,3795908,34418711,74401,2481901
1635292674.7052302,3791195,34479988,228083920,3652884,34423266,73666,2649807,3657284,35189954,5547924,77385
1635292674.805357,3650182,34492080,228061775,3787605,34484773,69983,2653303,3841147,35590691,5441244,78327
1635292674.9054835,3787876,34406634,227927706,3718154,34505429,70111,2438786,3655992,35124336,5472876,74727
1635292675.1057365,3702660,35592435,5475049,78824,3802437,34383745,228011079,3694052,34476602,70864,2635167
1635292675.2058616,3679651,35386050,5405167,79594,3787858,34390205,227970190,3798585,34437174,71563,2485284
1635292675.3059883,3740734,35534924,5481745,78313,3641036,34484381,228022045,3791545,34488511,70006,2642889
1635292675.4061148,3696101,35603509,5408711,72134,3782711,34499710,227992367,3715800,34480998,69949,2638761
1635292675.5062408,3643474,35173030,5480720,77404,3798805,34520259,228098459,3697706,34449260,71820,2499662
1635292675.6063669,3680710,35507568,5464270,79575,3521918,34582087,228036412,3745776,34466138,70039,2616116
1635292675.7064939,3710036,35320867,5413596,80671,3796129,34452874,227972334,3791680,34500967,71212,2477347
1635292675.8066201,3793025,34418140,228101168,3648601,34533636,70913,2636539,3681762,35383429,5447764,78054
1635292675.9067576,3633456,34493725,228110917,3684228,31632454,64645,2432692,3555765,35321002,5450165,75559
1635292676.0068934,3804155,34385502,228076772,3654381,34457716,69350,2637480,3616084,35373912,5472408,79385
1635292676.2071514,3691270,35610311,5485242,80293,3806872,34524263,228080632,3719374,34394966,76018,2689437
1635292676.3072772,3592966,35200575,5406826,63153,3777958,34461629,228054392,3716140,34496718,75161,2576381
1635292676.4074032,3707035,35482889,5486469,80447,3696251,34875499,229663908,3795114,34608921,73412,2661122
1635292676.5075297,3731132,35671550,5377562,70382,3799200,34406367,228020357,3786112,34504672,70074,2613273
1635292676.6076565,3786724,35359644,5462639,78134,3817462,34562594,228083352,3645672,34559077,70414,2629375
1635292676.7077825,3693560,35467036,5480267,79475,3391859,34565845,228191083,3790500,34615475,69826,2624927
1635292676.8079097,3688936,35298080,5416058,79790,3808181,34436229,228052503,3801660,34448889,71331,2479869
1635292676.9080355,3781956,34543950,228111564,3655649,34473968,69881,2636777,3702160,35612842,5483244,78085
1635292677.0081627,3640496,34517093,227982356,3812125,34459377,70076,2640033,3515015,35618514,5523606,80372
1635292677.1082895,3793703,34543616,227999308,3808671,34469427,72983,2447670,3658470,32603132,3413606,73096
1635292677.3085413,3690720,35474137,5475991,76983,3832218,34680353,228046436,3799787,34443593,70437,2656116
1635292677.4086673,3690397,35685523,5441232,80726,3806429,34552924,228028815,3712958,34586492,70177,2599670
1635292677.5087943,3588078,35330987,5434903,78169,3800085,34388357,227984481,3767253,34441294,72927,2526203
1635292677.608921,3695228,35604572,5487733,79465,3655716,34491196,228004978,3791644,34551078,71582,2660756
1635292677.709047,3686866,35627301,5373873,74917,3679995,34441722,228010591,3701346,34481261,74672,2625781
1635292677.8091736,3729406,35365107,5502224,78859,4170751,34531446,228043573,3744414,34504060,75966,2651045
1635292677.9092999,3714770,35650916,5506539,76801,3610984,34536880,228009636,3713880,34503087,73591,2696131
1635292678.0094244,3764829,34528921,228021813,3799537,34395760,70639,2546430,3610205,35194955,5403193,59575
1635292678.1095634,3793554,34539908,228020781,3648161,34399215,71443,2608712,3838230,35356301,5417347,77427
1635292678.2096903,3691213,34597042,228014541,3752780,34515105,70683,2641458,3557229,35207887,5493487,79787
1635292678.409941,3708142,35245004,5427143,72562,3776912,34429522,227992749,3657476,34664663,69493,2518484
1635292678.5100803,3705909,35291683,5504010,78366,3565976,34530200,228038174,3858839,34422166,71216,2648529
1635292678.6102052,3706844,35424370,5485645,80288,3797192,34491547,227965109,3715370,34504755,71105,2640167
1635292678.71033,3639828,35150943,5482440,79108,3791042,34475123,227982629,3663223,34460962,73656,2455019
1635292678.810455,3718571,35640620,5475019,79459,3807889,34541057,228126847,3768473,34522142,70040,2628710
1635292678.9105804,3700240,35757513,5456388,81193,3372414,34536103,228029796,3799185,34547236,71139,2612038
1635292679.0107064,3636882,35234238,5413585,63041,3803617,34542608,227977858,3791117,34324955,73065,2569572
1635292679.110833,3792254,34504927,227990194,3648679,34500402,70363,2667692,3691267,35449106,5398713,79614
1635292679.2109592,3657954,34539406,228019758,3795724,34540760,73478,2651277,3658433,35053265,5464293,72227
1635292679.311086,3804043,34451342,227999443,3744117,34551478,75131,2415276,3492865,35444366,5516554,77819
1635292679.5113397,3716328,35446666,5490989,78923,3794325,34479250,227973273,3800509,34511374,71852,2685988
1635292679.6114664,3707787,35467508,5370664,79336,3802227,34472873,228037268,3695161,34440815,72049,2516502
1635292679.7115927,3609985,35366034,5491507,77658,3715933,34468828,228042241,3682770,34566331,73287,2583383
1635292679.81172,3695636,35693757,5494785,79441,3703865,34698306,227939306,3793200,34468992,71141,2645154
1635292679.9118462,3704367,35504754,5367811,73694,3794251,34602297,227977565,3787106,34563461,69998,2633841
1635292680.011974,3702389,35265831,5505859,78414,3321226,34472387,228046887,3736678,34421271,71304,2654932
1635292680.1121004,3713956,35343890,5490752,78803,3954694,34342181,228122361,3713518,34561666,71421,2637117
1635292680.212238,3698834,35408384,5377476,59446,3298232,30952634,228603093,3265837,32316635,70342,2631645
1635292680.3123684,3726365,35478421,5463232,65176,3597157,33765959,228023089,3807007,34494326,69801,2635514
1635292680.4124937,3508756,35287015,5626328,83933,3794710,34456559,228019660,3801915,34377856,72201,2467878
1635292680.5126197,3748916,35304628,5407776,75907,3793356,34451390,227971202,3648891,34448528,70582,2257897
1635292680.6127462,3646843,35296964,5487477,78484,3771876,34488314,227993119,3794483,34501276,72192,2622520
1635292680.7128723,3723528,35900894,5467702,79804,3790427,34540726,228036190,3800696,34439453,72802,2669882
1635292680.8129983,3601849,35256090,5396410,79765,3789343,34562157,228022342,3717976,34479532,71768,2559731
1635292680.913124,3707464,35537345,5476748,77871,3647204,34490094,227996516,3784284,34607361,73776,2670228
1635292681.0132508,3696236,35395635,5464097,81581,3819681,34358810,228058362,3666295,34541025,74230,2679520
1635292681.1133776,3648373,34942386,5433898,72799,3343031,34524729,228083325,3801891,34561265,71059,2582148
1635292681.2135038,3749299,35316613,5465101,80034,3778711,34395981,227990866,3641367,34485457,71316,2654218
1635292681.3136296,3709543,35505667,5491327,65866,3801817,34497742,228127486,3802099,34535561,70605,2634130
1635292681.4137554,3669818,35276631,5481118,81869,3727909,34534043,228023381,3797630,34449151,71755,2526180
1635292681.5138814,3706217,35814700,5502699,79653,3714817,32109445,228349425,3335834,33011759,71078,2647737
1635292681.614008,3539136,34527946,5386973,77614,3796355,34618572,228076226,3804352,34520577,71077,2612079
1635292681.714134,3832298,35412594,5466287,70964,3796631,34513679,228060431,3647035,34429584,69941,2661142
1635292681.8142602,3674486,35347938,5493031,79264,3564626,34566027,228014913,3801947,34532887,70040,2642389
1635292681.9143872,3724039,35352309,5476056,79421,3645746,34511226,227978404,3830450,34672915,71735,2588450
1635292682.014514,3706771,35544703,5379711,70616,3803265,34529325,227978358,3793209,34588442,71001,2641674
1635292682.1146395,3528721,35227985,5535109,71686,3806171,34463869,228077564,3621575,34639139,72691,2488852
1635292682.2147667,3677080,35714233,5489803,75043,3567386,34646473,228070020,3720133,34501142,69927,2653827
1635292682.3149009,3680006,35635851,5492739,76327,3787773,34543139,228063344,3804978,34488634,72564,2649846
1635292682.4150338,3686635,35436181,5434456,77327,3794264,34569798,228048002,3804153,34491862,73996,2528885
1635292682.5151613,3680405,35308270,5502348,72959,3783432,34532231,228061623,3673515,34557313,73341,2614166
1635292682.615287,3719307,35594012,5490554,76289,3733849,34657138,228114937,3702782,34559739,70746,2669412
1635292682.7154124,3723635,35390055,5488417,75941,3645393,34686747,228083876,3791812,34564544,71851,2496929
1635292682.815539,3674937,35488552,5446117,77913,3808834,34660180,228100668,3797315,34604575,72445,2524048
1635292682.9156651,3425906,35186221,5448119,69679,3793130,34404548,228023946,3651235,34519064,71969,2645284
1635292683.01579,3778820,35403379,5491516,78285,3638919,34413943,227961196,3796698,34343034,71751,2631904
1635292683.1159163,3704676,35452614,5462937,78544,3793012,34471063,228020181,3759212,34452788,71265,2661356
1635292683.2160416,3595535,34980881,5455152,72629,3796421,34447799,227794122,3782038,34401884,72909,2607923
1635292683.3161669,3720937,35712009,5488076,76795,3665175,34495315,227932969,3778309,34513395,72886,2652941
1635292683.416292,3723157,35586505,5482733,78526,3694471,34509003,227972560,3697522,34458033,71002,2689906
1635292683.5164175,3666051,35153537,5406163,76579,3794377,34505582,228028865,3799054,34429426,72841,2510604
1635292683.616543,3759484,35377806,5471869,77197,3786621,34612698,228144783,3650495,34593553,72306,2652531
1635292683.7166693,3696590,35520472,5419886,76470,3690654,34464183,228019927,3790256,34539164,75060,2635165
1635292683.8167949,3561984,35143886,5478175,78806,3795349,34452896,228067454,3794656,34507820,76751,2673813
1635292683.916921,3765870,35596016,5471071,72981,3782597,34359662,228090866,3651442,34477673,74482,2614138
1635292684.0170465,3550495,35281859,5438643,76100,3565370,34399125,228050541,3800758,34458405,72182,2579810
1635292684.1171715,3752545,35415494,5475108,78784,3800287,34392926,228055745,3795578,34448836,72665,2642479
1635292684.2172968,3647001,35242383,5465037,77285,3798817,34451690,228028312,3700426,34466723,71151,2510632
1635292684.317422,3705786,35609448,5491135,76942,3740202,34459603,227995015,3775257,34426029,71617,2665182
1635292684.4175572,3697505,35355780,5466485,78265,3723918,34189462,228059339,3633022,34363305,71335,2636739
1635292684.5176892,3609586,35019647,5396645,62636,3598153,34373367,227998261,3853797,34396564,72840,2607175
1635292684.6178184,3711259,35448989,5499581,78181,3776621,34388553,227993199,3637334,34512609,71346,2653828
1635292684.7179441,3698650,35422178,5419848,71054,3782565,34405109,227975112,3798516,34526247,71644,2631771
1635292684.81807,3580996,35082779,5543399,74167,3740897,34354998,227927455,3775399,34392167,72216,2357565
1635292684.9181957,3726072,35753282,5480270,75293,3792583,34408172,227972938,3643223,34411376,71666,2647760
1635292685.0183206,3720503,35544317,5463800,74356,3811922,34520540,228087250,3809581,34491554,71871,2514157
1635292685.1184464,3488355,35015719,5376183,78463,3795709,34473166,228031511,3797681,34396235,74160,2617866
1635292685.2185721,3635933,35613298,5377584,75742,3789816,34455112,228078045,3649686,34469867,72084,2649183
1635292685.3186975,3684659,35578122,5473056,77653,3642092,34516248,228080578,3811413,34487242,77809,2622244
1635292685.4689202,3697259,35427803,5450567,78035,3800826,34519426,228007002,3779219,34479043,74840,2697103
1635292685.5690484,3499542,35024717,5413470,68497,3803290,34421311,228085841,3619456,34475143,72643,2642268
1635292685.6691744,3711451,35458156,5477703,77913,3646086,34523956,228112457,3720190,34538481,71327,2643396
1635292685.7693002,3701787,35492498,5446959,75930,3781848,34479920,227950685,3798764,34535267,71499,2637073
1635292685.8694258,3587085,35139696,5524443,76230,3777809,34510234,227990871,3795102,34455231,72887,2444637
1635292685.9695506,3710051,35637947,5478373,73207,3785758,34543654,228157526,3645176,34430931,71839,2633738
1635292686.0696766,3715353,35618465,5486335,78525,3677020,34467187,227950335,3791899,34457689,71397,2630888
1635292686.169802,3688616,35392976,5475080,76781,3800291,34459189,227960230,3790477,34413951,72605,2463531
1635292686.269928,3678262,35052851,5324661,80893,3794008,34525921,228010070,3656667,34434090,71513,2605919
1635292686.370081,3763877,35232293,5528652,77767,3652342,34502064,227991861,3786796,34488332,70897,2637314
1635292686.4702058,3735264,35611474,5466188,79494,3802523,34449071,227977741,3789061,34532097,72218,2618228
1635292686.5703409,3597292,35012029,5431561,72644,3808645,34418032,228103659,3736787,34404310,71862,2586736
1635292686.6704726,3650512,33125229,4084572,76571,3810521,34485957,227950147,3576338,34480494,70223,2634377
1635292686.7705991,3654914,35411008,5408042,77912,3799041,34391317,228078665,3792069,34521229,75696,2591469
1635292686.8707256,3628239,35182129,5469191,76106,3717130,34518007,227999936,3818689,34342852,75675,2553949
1635292686.9708512,3710454,35652623,5488330,73698,3793614,34372757,228080731,3642549,34416827,74895,2637857
1635292687.0709772,3715815,35606084,5412426,74737,3791401,34451419,228108451,3793626,34423369,72314,2662895
1635292687.171103,3577234,35020919,5492217,74350,3628270,34465635,228032325,3747309,34364632,72457,2645968
1635292687.2712297,3723392,35402658,5331024,79742,3723458,34513184,228102092,3649888,34536880,72158,2661764
1635292687.3713553,3635244,35168519,5515162,58312,3742650,34491680,227975057,3785887,34554828,72517,2593464
1635292687.471482,3687614,35451729,5419573,63005,3795777,34421951,227961569,3726069,34444015,73669,2605831
1635292687.571608,3640209,35286941,5467228,77215,3746105,34365030,227992841,3687095,34479411,72033,2625422
1635292687.6717339,3706398,35406031,5496392,78792,3604756,34408682,227984540,3768319,34436358,72533,2288777
1635292687.7718594,3714921,35468009,5390982,78723,3802600,34452520,228071603,3688707,34387104,72087,2405539
1635292687.8719857,3631221,35230369,5489946,78468,3739179,34481409,228081473,3745843,34461390,73232,2642212
1635292687.9721107,3699003,35583871,5466899,79746,3672116,34507870,228131635,3727878,34484054,70335,2642643
1635292688.0722375,3683486,35623751,5354375,70778,3790536,34445705,227984074,3798893,34388115,71480,2692570
1635292688.1723628,3601229,35205322,5490724,79404,3786199,34530413,228044583,3706757,34252383,71273,2452407
1635292688.2724915,3704885,35467620,5508159,79722,3639313,34423622,228087125,3674610,34651793,74591,2647024
1635292688.3726187,3706885,35204273,5358980,70919,3800256,34554321,228059083,3793828,34592663,74040,2546292
1635292688.4727452,3622688,35511776,5474301,96590,3801900,34472186,228092982,3771566,34426404,75635,2569213
1635292688.5728714,3716701,35614322,5488841,77654,3802752,34432850,228082236,3649193,34504799,71455,2639795
1635292688.6730058,3688695,35440947,5494649,78510,3652815,34505510,228038245,3784716,34260779,72564,2677985
1635292688.7731402,3714868,35596546,5378987,72936,3793676,34323039,227983764,3699221,34503460,70970,2240488
1635292688.8732677,3703257,35247484,5470315,76677,3738048,34528747,228003726,3626204,34534508,72723,2666037
1635292688.9733937,3713347,35523091,5501394,78833,3625186,34632793,227903187,3789003,34472574,70961,2653391
1635292689.0735207,3720675,35371790,5452573,73804,3797610,34463680,228007757,3796895,34531632,70662,2670627
1635292689.1736474,3596854,35110279,5522731,75891,3774689,34600711,228020944,3810961,34502909,72053,2468002
1635292689.2737732,3723524,35409719,5464510,78476,3829118,34488275,228170507,3648086,34609230,71558,2623364
1635292689.3738995,3716791,35530474,5496692,78887,3711659,34509357,228054066,3806115,34546510,72116,2653954
1635292689.4740252,3669445,35177189,5398984,63320,3800986,34515116,228054640,3800720,34519047,71815,2470531
1635292689.5741508,3800966,34487680,228030699,3649838,34442447,71565,2638796,3643697,35592423,5530938,76644
1635292689.6742766,3644540,34475095,228099087,3812071,34507337,74705,2669700,3775613,35953937,5495722,78664
1635292689.7744033,3772052,34483419,228079239,3794719,34468260,77288,2670202,3701358,35217765,5384792,72147
1635292689.9746554,3714464,35516152,5485746,77607,3522873,34483409,228078389,3797736,34490577,72728,2630590
1635292690.0747814,3701518,35480179,5488384,79096,3803364,34464608,227908498,3615960,34499946,71493,2637120
1635292690.1749072,3724503,35295680,5397795,78145,3799827,34390058,227965062,3778719,34627038,71753,2523116
1635292690.2750332,3696765,35230782,5475805,79866,3722255,34452634,228127067,3696374,34573492,72953,2663464
1635292690.3751595,3718204,35445313,5496802,79053,3618799,34510348,228098508,3791145,34477647,71691,2655849
1635292690.4752858,3711557,35248603,5423263,71700,3793499,34483092,227939488,3795239,34397919,72269,2497187
1635292690.5754125,3712811,35455364,5501318,75632,3797445,34468368,228092864,3651346,34429767,71571,2673326
1635292690.6755378,3575997,34507421,228048904,3798035,34462400,71350,2638866,3655662,35487045,5548415,81400
1635292690.7756639,3779833,34392434,228124335,3799417,34444748,72511,2449540,3777855,35348129,5391017,71531
1635292690.875806,3788703,34416084,228017001,3637068,34510826,71165,2618317,3706652,35283366,5397445,80749
1635292691.0760622,3656251,35539129,5467818,79095,3803109,34411284,228001497,3685622,34398466,71680,2657914
1635292691.1761882,3611747,35246634,5425517,64135,3806490,34459488,228045921,3802788,34581208,72121,2526775
1635292691.2763147,3691763,35635570,5492666,78613,3652042,34483380,228060426,3801515,34485936,73658,2643309
1635292691.3764403,3704702,35572610,5456480,79060,3842366,34497267,228054567,3763147,34504637,74391,2664653
1635292691.4765666,3495723,35136414,5570523,71930,3690386,34456472,228040907,3796150,34439994,73530,2386292
1635292691.5766926,3715654,35607626,5379185,78733,2872846,32249672,228013075,3788285,34411477,71860,2616323
1635292691.676818,3637681,35075014,5435274,62619,3797258,34495702,228037632,3796447,34495335,72961,2568082
1635292691.7769449,3797360,34490314,227986989,3639028,34535041,71771,2677131,3714514,35406963,5479825,77529
1635292691.8770707,3654271,34498694,228039482,3779344,34586322,71334,2663983,3552633,35401194,5432151,77378
1635292691.9771967,3791646,34470516,227957875,3791812,34438161,72237,2385058,3489634,34948139,5519650,71610
1635292692.1774487,3704179,35414986,5474202,79590,3791363,34457364,228050303,3794821,34332853,70521,2619491
1635292692.277574,4572807,33882951,5365755,80133,3793504,34428911,228062264,3780604,34422887,71061,2475297
1635292692.3777006,3640478,33703789,4123148,78860,3579299,33765727,227959870,3572203,34303758,71709,2638759
1635292692.4778264,3691508,35676905,5456009,78589,3791040,34444139,228075835,3786718,34443744,70793,2672030
1635292692.5779517,3526755,34996284,5464859,72690,3732461,34444303,227994669,3820604,34401996,72934,2414111
1635292692.6780791,3679665,35511797,5472298,79538,3878397,34497195,228145696,3594791,33816238,70037,2655359
1635292692.7782056,3675846,35463085,5345950,80118,3793564,34464871,228076024,3789348,34515794,69834,2429751
1635292692.8783314,3791321,34375079,227958149,3642324,34527645,73779,2632698,3704119,35234587,5484337,79237
1635292692.978476,3638717,34173144,228162006,3786578,34225002,72746,2653314,3520037,35351687,5524843,79740
1635292693.0786073,3805092,34428375,228193557,3799260,34452444,72573,2447441,3561359,35088551,5472488,71897
1635292693.2788596,3726824,35688315,5499496,78816,3802578,34488821,228162659,3789120,34378739,72918,2637381
1635292693.3789847,3704625,35554776,5433747,77486,3792114,34561892,228245455,3700531,34452845,70740,2567469
1635292693.479111,3623017,35139807,5455907,78219,3744545,34466850,228195469,3752831,34421837,72741,2566838
1635292693.5792363,3704277,35489403,5465668,79015,3692993,34514397,228232724,3786966,34507102,72147,2642687
1635292693.6793618,3693466,35379408,5328664,74542,3664038,34366179,228232562,3707456,34594917,72461,2647323
1635292693.7794867,3803959,35323248,5530232,76916,4342242,34589972,228241126,3673825,34556760,72176,2640330
1635292693.879612,3734318,35493354,5478152,78685,3442081,34479643,228255483,3782995,34489726,71039,2641635
1635292693.9797373,3810235,34581813,228220616,3807834,34542014,71899,2550215,3656459,35468180,5459585,78131
1635292694.079863,3808612,34470375,228161471,3670017,34501135,71908,2648637,3715905,35658051,5455599,78243
1635292694.1800177,3686401,34493120,228220577,3775004,34482699,71283,2653191,3543390,35576983,5497494,78590
1635292694.380268,3682948,35443402,5423614,71174,3802459,34603356,228150295,3637815,34569500,71993,2426175
1635292694.4803934,3649627,35417231,5473357,77175,3615789,34469113,228178203,3789475,34561593,75810,2690991
1635292694.5805197,3700437,35526609,5479609,78748,3774843,34471551,228122141,3793068,34574589,74328,2687313
1635292694.6806457,3713065,35273190,5385303,70081,3805721,34510225,228110954,3792448,34662689,72115,2520914
1635292694.7807717,3707957,35575051,5498982,78369,3672762,34361614,228146155,3540191,34533286,72131,2652103
1635292694.880898,3723688,35536008,5486184,79322,3252425,34633210,228213319,3818417,34499394,71615,2670529
1635292694.981024,3697600,35444827,5422859,79410,3794783,34752513,229499140,3826691,34651777,73402,2464701
1635292695.0811605,3737728,35387237,5494583,60353,3722234,33871732,228310929,3629854,34184671,70335,2633110
1635292695.181296,3663141,35183738,5408948,79958,3637737,34188821,228224747,3760521,33948364,69260,2564944
1635292695.2814236,3701220,35708339,5244911,82122,3800763,34494133,228174024,3653529,34495366,70269,2633536
1635292695.3815506,3481235,34881265,5467142,73036,3634831,34531663,228265909,3799617,34570614,71629,2278601
1635292695.4816773,3685532,35402466,5489638,79778,3805604,34535668,228244644,3800765,34553408,71633,2659922
1635292695.581804,3718286,35347440,5411707,78119,3804886,34547262,228207019,3660783,34518541,68947,2642171
1635292695.6819298,3748936,35439005,5476242,75369,3654315,34436804,228165924,3824138,34451143,71871,2582329
1635292695.7820582,3690771,35603258,5502449,79998,3802947,34466618,228029728,3657023,34459991,71186,2663925
1635292695.8821852,3594345,35114245,5480108,72686,3786193,34452275,228198791,3801212,34537243,72242,2567359
1635292695.9823124,3721939,35641015,5492082,76356,3711091,34598636,228294392,3719913,34571140,74992,2656048
1635292696.082439,3709535,35561499,5500878,80126,3770406,34500578,228244055,3803507,34501970,74933,2659623
1635292696.1825652,3681371,33661713,4069732,88138,3788091,34631537,228226985,3788378,34587365,73419,2528636
1635292696.282692,3691997,35558162,5511876,77819,3732019,34539324,228191995,3640318,34553011,72810,2667574
1635292696.3828194,3720394,35108676,5258659,73522,3647933,34505202,228250582,3802854,34646560,72090,2683694
1635292696.4829457,3544423,35463256,5510053,80960,3813499,34545318,228192835,3805645,34599240,72975,2748976
1635292696.583072,3712930,35621695,5462646,68353,3791101,34566831,228253687,3663008,34559546,71384,2653772
1635292696.6831982,3690863,35511641,5484994,77929,3687529,34582508,228184639,3805776,34475549,72625,2644811
1635292696.7833245,3735469,34141614,4053381,62322,3805920,34563039,228222437,3618749,33559973,72027,2581478
1635292696.8834496,3588863,35247975,5571405,76786,3768546,34436194,228204012,3708009,34590073,72137,2581978
1635292696.9835763,3718080,35480395,5476321,76995,3647535,34647538,228121530,3781008,34446336,71289,2653715
1635292697.0837033,3711005,35615936,5385831,79347,3812044,34429266,228141099,3795360,34495637,72174,2478911
1635292697.1838403,3625352,35316341,5468723,77992,3768943,34488895,228093102,3734174,34558204,72252,2671097
1635292697.2839751,3665948,35416383,5386344,79116,3629982,34471434,228236193,3698254,34647947,71533,2656364
1635292697.3841038,3655961,35535201,5283917,78206,3723842,34577689,228251833,3803521,34577540,71630,2641953
1635292697.48423,3751846,35448276,5446955,69972,3830548,34486387,228153203,3717266,34478803,75452,2460162
1635292697.584356,3700167,35485944,5479903,76562,3700955,34513032,228208643,3721174,34507845,74233,2643636
1635292697.6844823,3689008,35480081,5484652,80157,3805215,34559443,228295925,3801653,34526321,72555,2570103
1635292697.784608,3734352,35542103,5399900,78922,3788477,34501916,228224797,3714304,34579041,71483,2629002
1635292697.884733,3643091,35278797,5529653,79577,3759176,34547888,228268245,3662155,34498737,73649,2517440
1635292697.9848595,3720719,35510069,5492398,75282,3648039,34545765,228200689,3723130,34615971,72660,2666874
1635292698.0849853,3695328,35587274,5361022,73622,3788609,34459019,228101503,3801872,34518438,71707,2637974
1635292698.185111,3718606,35281169,5500326,76749,3579179,34422813,228282050,3758000,34523677,73503,2658205
1635292698.2852373,3729981,35462172,5484279,78780,3951809,34499526,228232354,3700249,34514676,71862,2664824
1635292698.3853629,3717356,35379060,5413307,77310,3543523,34368986,228225520,3793621,34409364,72084,2524808
1635292698.4854884,3664369,33730196,3409017,86383,3797521,34546666,228203557,3649889,34445773,72011,2654435
1635292698.5856133,3709968,35744493,5395791,70229,3713983,34415284,228144124,3795813,34466769,71989,2648898
1635292698.6857386,3610614,35157287,5457616,79114,3795995,34447944,228161477,3803485,34482359,73421,2630015
1635292698.785864,3741724,35604856,5468427,74575,3799513,34534585,228243531,3643926,34534135,72709,2736647
1635292698.8859892,3668226,35592479,5425573,80101,3588899,34565286,228197146,3788105,34561715,72233,2565981
1635292698.9861147,3658098,35351367,5460129,78023,3806221,34472793,228171193,3790758,34507313,79847,2580874
1635292699.0862403,3624975,35148837,5458155,76000,3809732,34499088,228182924,3680485,34552828,76434,2592437
1635292699.1863654,3722066,35434039,5488715,78550,3766237,34612455,228242898,3796452,34603436,75424,2663386
1635292699.2864916,3740058,35458132,5483789,79303,3817712,34435086,228277767,3776936,34374799,71048,2605234
1635292699.3866298,3601320,35303392,5451226,62936,3744569,34495647,228228752,3753238,34369368,72626,2595720
1635292699.4867563,3709802,35615354,5487683,79335,3648488,34527050,228277705,3643993,34557552,71583,2655042
1635292699.5868835,3711229,35543907,5421961,71351,3794491,34586459,228222989,3801486,34484633,71800,2648828
1635292699.6870096,3516265,35115843,5557776,69694,3763716,34479195,228214717,3760305,34464482,73087,2357223
1635292699.787135,3711842,35477606,5489690,78725,3802389,34528360,228212469,3655375,34530628,72112,2684381
1635292699.88726,3720526,35340347,5497685,77292,3814136,34616063,228179797,3785719,34505961,70870,2607959
1635292699.9873853,3699313,35465031,5423995,79722,3798386,34394337,228167864,3773116,34494864,73301,2515160
1635292700.0875115,3441562,35187449,5423020,80126,3794194,34424193,228136246,3659293,34574861,71750,2663917
1635292700.187637,3774714,35582859,5479423,79369,3648082,34508074,228208528,3806360,34423283,71162,2655277
1635292700.2877626,3703107,35658295,5365432,74349,3806335,34415305,228207693,3747056,34439519,70433,2739540
1635292700.3878891,3634824,35426522,5456388,76904,3749822,34408235,228176027,3758823,34479756,72619,2649960
1635292700.488015,3689932,35625541,5498812,79342,3721849,34562656,228273244,3731142,34559767,75100,2670988
1635292700.5881407,3699508,35451125,5416568,61486,3733225,34462776,228206520,3756557,34467976,74209,2589706
1635292700.688266,3624758,35182300,5500992,78430,3789801,34563753,228192232,3751853,34498812,74639,2511839
1635292700.7883916,3697689,35520779,5487698,75595,3779441,34444467,228293437,3654629,34655124,70678,2653661
1635292700.8885174,3715894,35452292,5438575,78701,3734965,34541123,228212557,3793513,34592563,71393,2524562
1635292700.9886434,3619976,35295789,5422202,89802,3804589,34519590,228264796,3780814,34468772,72989,2618049
1635292701.0887697,3755605,35607438,5500855,64195,3797699,34495401,228219239,3656293,34541722,71275,2633675
1635292701.1888957,3590484,35367841,5462657,78625,3649787,34543420,228206748,3805264,34442632,72892,2573814
1635292701.289022,3766395,35667523,5403024,72492,3797794,34533551,228192009,3776571,34509067,70708,2688063
1635292701.3891485,3626582,35198565,5531452,76855,3751023,34484627,228273395,3721131,34521000,71043,2346753
1635292701.4892917,3717771,35412751,5472551,79563,3769452,34526107,228326901,3583133,34645814,71120,2437470
1635292701.5894191,4814173,27509353,1166839,54239,3750620,34542051,228203332,3792755,34458273,71200,2672678
1635292701.6895459,3724537,35536923,5388923,62558,3833259,34467478,228232646,3748583,34554918,71672,2612190
1635292701.7896714,3628040,35165575,5455623,78890,3723209,34470927,228172101,3738763,34565254,73342,2527410
1635292701.889796,3682015,35666156,5497374,80383,3589575,34466751,228277375,3698579,34620908,71345,2657238
1635292701.989922,3724788,35619158,5426107,71263,3833612,34513400,228187388,3810936,34432984,74028,2432441
1635292702.090073,3617953,35272910,5455924,91474,3799846,34475052,228217790,3743799,34458530,75458,2685833
1635292702.190198,3697440,35559146,5492369,73017,3751944,34492064,228293024,3687761,34584236,75376,2661942
1635292702.2903233,3688985,35568399,5485938,77697,3643256,34608448,228265901,3799907,34509239,72092,2676982
1635292702.3904479,3722972,35533232,5352800,72399,3800240,34563900,228145885,3729737,34523362,71558,2431764
1635292702.5906987,3711448,35471875,5495222,79765,3801016,34612855,228180311,3757493,34472779,72228,2702685
1635292702.6908255,3722493,35440661,5402203,78948,3793447,34491225,228093287,3795816,34612028,70846,2511422
1635292702.7909515,3641680,35176773,5516647,79918,3719277,34480793,228158459,3769855,34527838,71391,2588712
1635292702.8910773,3715853,35561035,5483091,78822,3749326,34616268,228085973,3685110,34605749,71845,2632821
1635292702.9912038,3717658,35503516,5316339,74825,3642522,34470875,228270159,3796212,34446368,71580,2628877
1635292703.09133,3764223,35357904,5514398,77727,3789198,34466575,228157662,3671657,34475356,72737,2664995
1635292703.1914568,3722956,35567354,5441839,79540,3471794,34471006,228193527,3768983,34517064,71458,2662974
1635292703.2915835,3807433,34616440,228220425,3805812,34508985,71885,2534034,3701069,35586289,5423979,76442
1635292703.391709,3805000,34564223,228214035,3640420,34548527,71962,2651213,3541035,35302357,5489376,79600
1635292703.491837,3663709,34435022,228215981,3785907,34594205,71586,2643456,3704956,35545012,5480456,79345
1635292703.692109,3728664,35258046,5430306,73532,3796291,34515250,228243878,3701391,34435947,74951,2552827
1635292703.7922368,3719670,35432499,5491447,77973,3577270,34516691,228243303,3794108,34480587,74095,2656613
1635292703.8923628,3730142,35645552,5511066,80619,3770571,34416392,228192382,3782562,34501587,72653,2642812
1635292703.9924898,3720820,35369947,5393381,70253,3750189,34435568,228176157,3742849,34512801,71694,2541063
1635292704.092616,3719329,35466952,5490190,79003,3881278,34477017,228106313,3633995,34430185,71582,2634740
1635292704.192742,3726725,35423843,5500386,78734,3541771,34595473,228167404,3802504,34507828,71259,2643091
1635292704.2928686,3684372,35203585,5452097,75963,3782173,34562230,228158920,3800595,34561010,73796,2490458
1635292704.3929956,3801942,34495468,228183100,3652914,34589618,71652,2652911,3707159,35488758,5447790,79760
1635292704.4931219,3646550,34491997,228208745,3804758,34473929,72054,2686160,3587908,35394769,5455003,81593
1635292704.593249,3805119,34451678,228140216,3803633,34477755,73210,2546459,3600586,34950325,5470672,73170
1635292704.7935011,3731597,35864370,5497076,80575,3794742,34625164,228284584,3807828,34387461,71183,2680335
1635292704.8936274,3700089,35745863,5478481,78966,3790296,34470558,228171512,3777217,34428413,71444,2675940
1635292704.9937544,3615080,35213614,5442330,78924,3798809,34592321,228099629,3792220,34494516,72157,2537648
1635292705.093881,3683879,35649552,5491715,79896,3633721,34438163,228196989,3565780,34569519,74613,2647919
1635292705.1940064,3698758,35547149,5491371,74182,3708323,34738458,228199981,3794803,34518024,76590,2655344
1635292705.2941325,3707940,35427434,5568261,76658,3886257,34507165,228297002,3642165,34612086,77173,2650917
1635292705.3942575,3714566,35545542,5509123,79635,3459439,34475255,228203125,3774577,34600306,71193,2675347
1635292705.4943855,3812061,34538134,228221179,3800462,34520515,72329,2534251,3688901,35491805,5412899,77202
1635292705.594511,3806366,34473457,228198367,3635333,34523545,72900,2661508,3511610,34590419,5457932,80381
1635292705.6946464,3675669,34417022,228262543,3478390,30100448,66562,2381650,3826395,35976883,5498182,79344
1635292705.894909,3708797,35456080,5471941,79565,3504308,34589913,228235606,3804109,34448566,73855,2635785
1635292705.9950347,3712227,35599065,5467048,80838,3791660,34596252,228101291,3694788,34658050,72157,2671808
1635292706.1453407,3660001,35325886,5404214,76954,3799882,34478663,228121559,3788789,34553408,72284,2529438
1635292706.245469,3744479,35460341,5456943,80378,3650061,34442669,228210664,3790287,34663955,73485,2679780
1635292706.3455956,3709647,35696544,5461110,80068,3904578,34402032,228241662,3725728,34509876,71699,2641539
1635292706.445721,3565933,35109255,5400582,70263,3366329,34480279,228265975,3801688,34426635,73071,2637688
1635292706.5458467,3700332,35809637,5476870,79521,3792449,34409839,228198480,3645394,34494493,72370,2706176
1635292706.645972,3635501,34503036,228274135,3797441,34414398,73984,2648123,3590983,35262509,5688656,76802
1635292706.7460976,3791344,34454769,228138696,3788619,34389323,76455,2477332,3738002,35390776,5441016,76888
1635292706.8462234,3791894,34495994,228224872,3645164,34536376,75144,2671997,3538244,35356077,5488195,78887
1635292707.0464754,3729445,35586052,5443887,77102,3794182,34407801,228173528,3719558,34553197,72861,2520993
1635292707.1466007,3623021,35152405,5469225,77486,3712287,34383390,228168612,3704620,34504006,71888,2628636
1635292707.246727,3708290,35420020,5476573,78682,3700942,34457878,228190207,3789380,34521928,72001,2646112
1635292707.3468518,3714848,35349536,5367316,70213,3796925,34452225,228113251,3792645,34392511,72372,2580289
1635292707.4469776,3721408,35539278,5495001,78944,3694331,34342426,228272311,3561046,34466163,72190,2670272
1635292707.547103,3721213,35658681,5497572,79426,3279061,34583897,228216111,3821971,34432063,71730,2622171
1635292707.6472294,3646891,35074973,5440779,63730,3783074,34438662,228177036,3798428,34366838,73091,2552659
1635292707.7473567,3715064,35445474,5488476,65291,3782834,34569794,228299764,3650141,34454224,71269,2636191
1635292707.8474932,3703338,35325459,5387504,79528,3669350,34507815,228243717,3791300,34505031,71977,2662453
1635292707.9476256,3560371,34890236,5531023,81690,3792345,34364464,228170563,3717083,34475370,71917,2430939
1635292708.0477538,3488042,34188618,5333798,76416,3696546,34467762,228233230,3722221,34515426,72130,2271760
1635292708.1478808,3663392,35622404,5493443,79276,3806183,34426753,228230776,3799650,34420580,72969,2671447
1635292708.2480063,3720443,35642614,5425107,81651,3797772,34455191,228142773,3646640,34441222,70621,2626254
1635292708.3481326,3644683,35351567,5481160,79804,3648466,34453012,228196846,3866564,34487106,75801,2579038
1635292708.448259,3705443,35669568,5496399,79129,3786533,34462600,228087415,3625559,34462922,74491,2670672
1635292708.5483844,3683845,35153452,5415565,72754,3791627,34532661,228317006,3785091,34510979,71619,2595045
1635292708.64851,3716874,35466839,5486513,78948,4060678,34589130,228286413,3707265,34495830,70995,2640856
1635292708.748635,3714391,35390482,5476320,78958,3776246,34576399,228199620,3799707,34548850,70594,2649477
1635292708.8487613,3633155,35151879,5406875,91812,3743880,34543362,228244016,3790377,34541215,73032,2520751
1635292708.9488873,3726769,35480492,5501913,77870,3770265,34535950,228251524,3652045,34514566,71270,2654174
1635292709.0490136,3719334,35094535,5345355,67906,3656207,34606531,228224560,3809428,34469692,70462,2656776
1635292709.14914,3579445,35590297,5476062,83587,3807435,34546054,228231911,3811211,34504684,72183,2794525
1635292709.2492654,3649249,35525642,5484032,69443,3803041,34437745,228199330,3657953,34492606,71586,2633166
1635292709.3493915,3700109,35498590,5493506,79947,3681183,34567918,228259016,3805177,34445909,71265,2642281
1635292709.449517,3707250,35632765,5432228,63136,3799307,34545674,228132346,3649872,34405892,71375,2614895
1635292709.549643,3595771,35247220,5523612,78770,3777272,34479145,228172012,3771241,34706768,72519,2514801
1635292709.6497693,3666511,35666627,5485457,79580,3621119,34447913,228147599,3792379,34537162,71303,2647684
1635292709.749895,3711304,35459945,5400365,79892,3815373,34527031,228180303,3774127,34526365,74068,2374698
1635292709.8500237,3616055,35251698,5532611,76895,3744770,34246724,228136850,3701121,34541284,74653,2641822
1635292709.9501545,3708708,35524576,5447418,88369,3555572,34398874,228314259,3742870,34397791,73299,2675322
1635292710.0502892,3714637,35412575,5374475,79589,3349260,29924170,228227125,3499307,34379361,73584,2628059
1635292710.1504166,3741229,35568761,5462519,65849,3659986,34527840,228221281,3800440,34476188,70717,2689634
1635292710.250542,3568206,35235071,5504019,78744,3778597,34295936,228546607,3793510,34453475,72854,2636285
1635292710.3506682,3664698,35100332,5381091,71773,3789655,34487234,228211320,3649592,34560766,71192,2582897
1635292710.4507942,3727369,35602523,5518033,79650,3647306,34571377,228278063,3798966,34509955,72308,2647649
1635292710.550921,3747002,35583242,5477356,71598,3798965,34484449,228212117,3765668,34491792,70922,2623180
1635292710.651048,3598467,35158191,5546193,77500,3776775,34431816,228247336,3760802,34436314,72376,2502909
1635292710.7511742,3714773,35497189,5505635,78790,3615940,34557285,228031352,3561221,34439086,71226,2640132
1635292710.8513007,3736640,35448490,5410631,79610,3807612,34542982,228231106,3806891,34567359,71178,2418435
1635292710.9514277,3641586,35284512,5507156,76474,3647417,34387283,228202015,3804658,34484589,73064,2659148
1635292711.0515542,3720237,35694690,5482498,80888,3753847,34602872,228225451,3712258,34505553,70969,2644034
1635292711.1516807,3692990,35566898,5346475,73332,3796332,34540007,228181211,3807315,34500128,71937,2613792
1635292711.2518077,3733786,35475980,5557654,78645,3711815,34588217,228200812,3684718,34476712,72248,2568884
1635292711.351935,3690821,35397377,5381679,80243,3634583,34567780,228246519,3749775,34555678,74747,2631673
1635292711.452061,3635576,35313547,5508578,73267,3799562,34489748,228214872,3793152,34578934,74693,2499727
1635292711.5521884,3843603,35452836,5470159,81312,3332803,33038702,228187394,3810751,34616124,73340,2609387
1635292711.6523156,3687339,33027874,2986793,77608,3791768,34529169,228183278,3797727,34514756,73139,2522262
1635292711.7524421,3708865,35346139,5418330,67128,3795449,34446548,228169960,3679531,34607123,71134,2675508
1635292711.8525689,3733679,35558939,5511196,77968,3694756,34578121,228233358,3778528,34604526,71800,2654214
1635292711.9526954,3726378,35588060,5502879,77793,3805557,34532750,228271146,3776519,34414026,70460,2634876
1635292712.0528226,3696144,35277261,5438987,79794,3799578,34519117,228160901,3766629,34430682,73022,2454672
1635292712.1529658,3737293,35316553,5510449,78312,3587809,34438513,228164782,3644742,34453092,71428,2649904
1635292712.2530937,3706605,35487849,5485826,79025,3761626,34550365,228175157,3801800,34548623,71472,2642407
1635292712.353221,3610136,34997083,5460415,70297,3772149,34419336,228203992,3800710,34552087,72754,2548288
1635292712.4533484,3703856,35538553,5487977,78917,3802895,34461561,228199467,3649091,34563339,70698,2648258
1635292712.5534742,3703537,35508794,5471320,79606,3815018,34586826,228238013,3801129,34479898,72047,2666324
1635292712.6536005,3698328,35681605,5463534,80628,3803270,34479374,228141740,3797204,34429056,72880,2505841
1635292712.753727,3472156,35395162,5431052,78868,3795706,34432376,228243722,3651230,34523586,71374,2575247
1635292712.8538532,3720237,35576915,5489276,79281,3650858,34575332,228236837,3805136,34503095,71298,2646774
1635292712.9539795,3687969,35646159,5402261,74312,3800126,34565805,228240727,3755136,34477891,74376,2731827
1635292713.054106,3495435,34900303,5424823,71274,3773537,34484724,228157232,3765806,34583514,75094,2669796
1635292713.1542315,3693259,35402906,5479565,79912,3746979,34522526,228258210,3707061,34564127,74650,2654463
1635292713.2543578,3711958,35493040,5432121,62916,3724158,34575599,228218094,3752581,34642212,72051,2614064
1635292713.354484,3630704,35312948,5513167,77991,3789190,34594798,228151850,3720730,34635747,71742,2544756
1635292713.4546115,3715861,35473761,5503177,75707,3783629,34573046,228330450,3699644,34568537,71020,2632171
1635292713.5547378,3721374,35422948,5452039,79313,3620102,34458892,228186068,3802104,34465102,71684,2354860
1635292713.654864,3646672,35428266,5496426,91999,3789871,34478172,228142249,3669910,34455496,71856,2668238
1635292713.7549908,3738442,35461877,5473727,60814,3621662,34502131,228196580,3772430,34527559,71349,2603996
1635292713.8551185,3590587,35073590,5476487,79010,3717151,34593724,228128039,3807562,34474781,72301,2625805
1635292713.9552445,3806931,35598412,5403537,69009,3785858,34558064,228126589,3650678,34556902,70587,2850271
1635292714.0553708,3787949,35486081,5480570,77777,3659617,34513870,228178477,3787323,34612608,71987,2281591
1635292714.1554978,3718542,35568742,5488166,78618,3806271,34537038,228250874,3801017,34577645,70971,2642514
1635292714.2556407,3697271,35219416,5388636,81846,3728649,34487219,228283850,3652148,34723876,73005,2436981
1635292714.355769,4160067,30209289,2765257,79429,3708749,34568361,228270387,3762569,34563080,71422,2662171
1635292714.4558947,3689993,35468018,5337739,70379,3787302,34484707,228206187,3803565,34521645,74838,2654515
1635292714.5560212,3725507,35511805,5517353,78074,3790286,34473015,228184380,3726401,34498265,74449,2441695
1635292714.6561472,3712256,35647680,5508397,77871,3610726,34435589,228230106,3704390,34573082,75040,2648487
1635292714.7562735,3719721,35415250,5412916,78973,3815664,34658936,228246577,3798297,34495702,71356,2515791
1635292714.8564,3641238,35151498,5450490,40484,3807317,34590207,228205960,3699584,34570745,72222,2596957
1635292714.9565258,3659995,35297591,5487307,78454,3781860,34521235,228239617,3666625,34688165,71615,2679694
1635292715.0566518,3708443,35509972,5491564,78495,3655646,34574596,228167493,3795547,34575451,72399,2627238
1635292715.2569032,3663236,35169151,5464805,76299,3809036,34494702,228170301,3653315,34537404,73247,2624362
1635292715.3570292,3727081,35618289,5498968,77729,3655590,34553502,228041468,3692597,34527260,71548,2693748
1635292715.457154,3730499,35647481,5451882,63692,3798788,34478881,228246700,3799597,34514879,71331,2637775
1635292715.5572798,3606141,35227447,5543449,76623,3277534,32428486,228245951,3840656,34434111,72058,2480181
1635292715.6574054,4163592,30291788,1079231,69389,3663494,34703531,228304612,3810399,34614127,71943,2649016
1635292715.7575312,3693836,35353179,5482506,75192,3786979,34722636,228173686,3767216,34606143,72331,2663348
1635292715.8576574,3709482,35651385,5420438,79869,3807154,34533839,228217995,3649690,34650157,72506,2638346
1635292715.9577825,3780186,35953677,237361809,3954832,35954203,99885,3986415,2999189,33227764,5706306,82201
1635292716.0579083,3751715,34508016,228161468,3709558,34535404,74508,2737798,3653866,35367691,5477936,81443
1635292716.1580393,3733008,34549879,228132099,3806364,34476879,76013,2693534,3719588,35348704,5375163,73903
1635292716.3583004,3784515,35727072,5543464,77808,3406925,34438696,228255032,3832748,34399721,72672,2653792
1635292716.4584336,3704241,35628515,5507104,79090,3797133,34622449,228186065,3716377,34482633,72551,2666096
1635292716.558561,3724149,35342841,5427965,75003,3804717,34542653,228170342,3643726,34600087,72605,2529671
1635292716.6586869,3723479,35333630,5491866,79775,3686914,34602634,228160535,3724973,34560987,72113,2679177
1635292716.7588127,3709109,35498855,5503970,78704,3666363,34569343,228236399,3800582,34641935,72408,2694809
1635292716.8589387,3669343,35241704,5421783,71184,3788110,34474121,228177407,3801235,34612721,70907,2581770
1635292716.9590642,3747357,35348174,5498059,80668,3802891,33298824,227884389,3550509,34151025,70643,2593708
1635292717.059188,3689051,34268386,228093820,3775342,34193981,71607,2490161,3610332,34795088,5173752,66018
1635292717.1593065,3761130,34176718,227993470,3618898,34184600,71767,2615386,3774804,34931899,5486507,80581
1635292717.2594252,3625380,34255969,228087737,3778067,34180481,73032,2616727,3674265,35390709,5475170,80341
1635292717.4596646,3483754,35026210,5440419,71869,3439599,34306032,228092438,3746331,34098705,71969,2620130
1635292717.5597832,3670814,35341991,5465319,78525,3785471,34219750,228105890,3760215,33972908,71911,2632053
1635292717.659901,3629116,35055411,5424160,76512,3788144,34179588,227885977,3681931,34068069,72691,2498875
1635292717.7600098,3672150,35400972,5497231,78367,3676463,34213832,227997626,3622516,34173490,74043,2638050
1635292717.860128,3689848,35146818,5372081,73524,3719217,33791365,227935167,3789392,34232076,75419,2687400
1635292717.9602466,3711912,35507762,5509987,77179,3826260,34013233,227944820,3619086,34240402,75181,2616519
1635292718.0603664,3696645,35339686,5487663,78585,3791696,34344197,228060222,3781501,34248643,72808,2605937
1635292718.1604865,3768492,34224482,228028621,3646900,34308725,73587,2611251,3688141,35076366,5291643,81157
1635292718.260606,3619476,34383771,228076914,3784337,34326999,71816,2627944,3502996,34582101,5408638,80080
1635292718.3607256,3786514,34345295,228035891,3770980,34262162,73467,2417730,3659461,34655010,5457885,73030
1635292718.5609865,3693070,35255766,5474965,78933,3745440,34197884,228055249,3779121,34220276,71438,2631630
1635292718.6611094,3668131,35269562,5382306,80445,3767582,34262805,228055752,3702428,34074188,71167,2457418
1635292718.7612295,3683857,35172974,5485505,79057,3623204,34273037,227998884,3715954,34016785,71206,2636390
1635292718.8613489,3686590,35413004,5464098,78783,3771783,34178491,228031838,3577867,34003933,72126,2616557
1635292718.961468,3632861,35091609,5515768,75503,3668690,33802154,227758473,3723968,34163442,72721,2482865
1635292719.0615878,3664768,35303912,5467455,79539,3228702,34030578,228143403,3786468,34186905,72288,2626163
1635292719.1617074,3637034,35047846,5398732,66427,3783413,34313377,228011166,3788877,34232720,73625,2559148
1635292719.261827,3769086,34154060,227988399,3628936,34385146,71860,2608264,3655418,35202185,5204391,81287
1635292719.361946,3687420,34200966,228043354,3771033,34321708,73078,2500243,3760393,35492344,5294929,71198
1635292719.4620643,3779544,34180118,227936285,3629258,34244460,74097,2598684,3607428,34680935,5474002,79915
1635292719.6623032,3672023,35296131,5458244,80613,3767986,34207700,228015959,3668604,34266550,77452,2415592
1635292719.7624218,3588528,35121209,5477563,76188,3538956,34287368,228117135,3824088,34054252,71152,2617919
1635292719.8625407,3682154,35287986,5516071,80031,3774716,34352878,228008593,3760624,34034576,71423,2599609
1635292719.9626606,3625251,34939303,5488198,73856,3773982,34241474,227891731,3528435,33998797,73068,2424601
1635292720.0627809,3697496,35225949,5504709,78787,3651476,33702779,228116325,3718169,34329879,71958,2590374
1635292720.1629004,3679238,35245257,5418098,73979,3199111,33977525,228062116,3767102,34260109,72682,2493245
1635292720.263019,3686399,35204793,5507249,76366,3773954,34412411,228100354,3637580,34401417,71827,2610264
1635292720.3631377,3607862,34316438,228056607,3767205,34121835,71789,2540487,3587739,34964664,5257279,70241
1635292720.4632576,3613786,32925286,218873846,3516480,32908103,68367,2457856,3511846,33355550,5083873,77600
1635292720.5633764,3673773,34042187,226964696,3691682,33977734,69726,2553886,2864051,34733444,5280765,99767
1635292720.6635075,3686979,33825555,226084012,3672344,33770826,63401,2121826,3642497,34386692,5271219,109694
