1635288934.0651274,3812313,34093589,228396113,3288455,33882596,53155,2082221,3476459,35807654,5396626,67903
1635288934.1652539,3456175,34923937,228291667,3701175,34567800,71973,2553879,3539703,35377333,5260787,62373
1635288934.265381,3482998,35067841,228210504,3619375,34631448,70956,2606915,3508552,34680711,5160877,61428
1635288934.515875,3629712,34962310,228198888,3574782,34779014,70059,2614164,3553754,35104090,5298755,35054
1635288934.615999,3636675,34729952,228172264,3587157,35009710,71075,2582600,3712079,35008800,5298786,65882
1635288934.7161176,3579995,34801787,228232394,3653865,34699430,71020,2600772,3603841,35004225,5296980,61759
1635288934.9163551,3412143,35122299,5290115,54596,3535675,34795560,228156158,3636370,34511781,72149,2452181
1635288935.0164747,3559903,34917516,5393466,72242,3622013,34756551,228169659,3638633,34774400,70644,2608615
1635288935.1165955,3510191,35418542,5354091,63909,3625938,34747971,228132264,3636582,34665215,72618,2586980
1635288935.2167156,3519205,35118744,5255966,53341,3595168,34633648,228197668,3636090,34913806,73018,2630078
1635288935.3168344,3632196,35203944,5322144,59264,3731377,35376057,228162253,3573474,34666067,71366,2697351
1635288935.4169526,3462675,34899931,5315896,53764,3432665,34224122,228123444,3635215,34671377,73162,2668032
1635288935.5170708,3524246,35056804,5266813,57958,3696177,34363708,228000313,3578751,34837746,73506,2559193
1635288935.6171894,3568385,35216311,5376191,75890,3588734,34746383,228321281,3635092,34657468,73864,2595765
1635288935.7173076,3615945,35060349,5114780,62675,3638968,34430392,228157567,3606255,34690584,69061,2552058
1635288935.8174264,5119679,30526137,5559373,54204,3630648,34698120,228151935,3645585,34677712,73030,2517260
1635288935.9175448,3574583,35438725,5453408,58832,3629491,34619175,228218400,3638425,34645910,71798,2357009
1635288936.0176635,3418566,35140459,5287673,56042,3740678,34638163,228245629,3625951,34644461,70185,2601641
1635288936.1177824,3559143,35131192,5344146,62726,3722607,34658095,228162152,3642298,34837857,74094,2629192
1635288936.2179003,3567479,35186010,5330831,41986,3610163,34839587,228212292,3597788,34636953,72304,2583340
1635288936.318021,3513680,33065835,4992997,56653,3646026,34717792,228123563,3522364,34518596,70864,2687798
1635288936.4181402,3697479,35275472,5230933,58803,3575116,34678520,228332107,3633323,34733627,71868,2587583
1635288936.5182579,3716254,35466146,5352746,67211,3347662,33790842,228125655,3644090,34617933,71987,2566693
1635288936.6183765,3558094,35124669,5323849,63244,3978407,34841674,228210518,3623657,34682430,71800,2718639
1635288936.7184944,3546071,35133388,5328424,39416,3549218,34564682,228124327,3633329,34621515,72170,2652191
1635288936.818613,3504672,35322957,5355532,69765,3706689,34690804,228180911,3654331,34586251,71033,2597383
1635288936.9187307,3511802,35031364,5699987,54892,3649141,34563136,228129789,3643642,34686122,71099,2730174
1635288937.0188484,3381426,34568452,5274951,65273,3619819,34883607,228069163,3721821,34656950,73029,2374784
1635288937.118968,3574397,34869220,5379126,58578,3795975,34688129,228220547,3649290,34662052,72965,2702765
1635288937.2190862,3605611,35327596,5352247,49410,3569498,34629940,228188150,3655080,34753497,71964,2746269
1635288937.3192046,3659534,35221911,5346930,66210,3643609,34649264,228193566,3632003,34670229,72578,2566631
1635288937.419322,3581308,35351099,5240780,54688,3617889,34350590,228147259,3635372,34610530,72977,2557399
1635288937.5194397,3459121,35472224,5455632,88172,3624473,34761915,228325355,3735147,34829381,70831,2755238
1635288937.6195574,3562255,35433211,5352387,56960,3879340,34897573,228251567,3662784,34892443,72440,2602413
1635288937.7196748,3568475,35444851,5381844,60454,3776409,34659349,228184298,3670398,34789785,71731,2544785
1635288937.8197932,3673946,35525835,5387406,67500,3627034,34674294,228210136,3724922,34661179,76226,2672563
1635288937.919911,3526562,35278915,5519656,64920,3613800,34824394,228195251,3657004,34728289,74423,2724281
1635288938.0200174,3667917,35482051,5394597,67028,3689784,34958146,228264460,3664995,34753733,75048,2786111
1635288938.1201372,3645974,35414797,5301466,55694,3659233,34525964,228191175,3682173,34614605,75503,2709194
1635288938.220256,3608707,35269754,5344511,57540,3411559,34726223,228118555,3705973,34645769,76167,2727477
1635288938.3203743,3578207,34980800,5395606,48551,3603085,34613292,228121364,3654521,34700619,74889,2694631
1635288938.4204926,3597370,35196305,5409012,70530,3671393,34687752,228118625,3669076,34685769,73256,2552480
1635288938.5206108,3589632,35299111,5355332,58624,3676190,34622750,228070576,3573858,34597965,72152,2645479
1635288938.6207287,3635154,35512358,5361092,59150,3698800,34495780,228097035,3707628,34805151,74590,2682926
1635288938.7208467,3640870,35215579,5385792,59304,3651583,34546381,228206096,3731724,34712198,73984,2803949
1635288938.8209646,3637766,35369761,5411102,65816,3688423,34583742,228259153,3686919,34595542,74607,2717789
1635288938.9210827,3611026,35357995,5392029,65705,3630490,34632129,228155580,3761610,34454553,73916,2620483
1635288939.021201,3596088,35193994,5450603,62131,3738846,34974930,228255045,3776442,34612576,73700,2570649
1635288939.1213205,3677006,35355404,5434836,67283,3704356,34597826,228227557,3606519,34100800,74222,2650246
1635288939.2214398,3665928,35243535,5390024,58957,3689884,34546015,228056780,3666023,34688714,74164,2618510
1635288939.321558,3661669,35716671,5422322,63331,3787560,34571479,228246715,3675258,34623170,73373,2646831
1635288939.4216764,3609509,35395157,5363349,67985,3629144,34778610,228242240,3657154,34635058,73418,2595916
1635288939.5217946,3641120,35359675,5505872,53488,3672676,34634706,228165079,3743398,34629731,79243,2691409
1635288939.6219125,3599166,35207312,5489138,69805,3755881,34520310,228091623,3697803,34572157,78962,2683852
1635288939.7220309,3580716,35030421,5431542,63022,3661548,34431862,228055497,3672609,34662913,77770,2660033
1635288939.8221507,3690711,35510197,5411700,61461,3670657,32634975,228157005,3657464,34582540,77071,2423439
1635288939.922269,3643766,35280164,5462040,67616,3723014,32595979,228142015,3523698,32577718,97921,2388408
1635288940.0223875,3387849,33057734,5041140,52700,3561981,32399774,228176039,3542654,32749469,99724,2462746
1635288940.1225069,3450334,33145619,5038512,64209,3670322,32439587,228237950,3564719,32488225,101146,2409772
1635288940.2226245,3425191,33045553,5046696,64762,3587275,32511462,228236235,3607348,32501817,86712,2252864
1635288940.3227427,3669411,35026994,5307463,69714,3761932,34557716,228272444,3665042,34539200,76171,2504452
1635288940.4228609,3651646,35224989,5533986,57408,3815763,34572565,228205661,3735454,34545424,77489,2724316
1635288940.5229797,3679244,35470039,5454667,70154,3797691,34469595,228315687,3671815,34495106,72930,2709776
1635288940.6230984,3607294,35025147,5412822,69765,3671442,34484426,228210806,3758135,34487966,74204,2430652
1635288940.723216,3638865,35313396,5485616,71971,3752729,34508083,228173222,3673233,34548358,73149,2787429
1635288940.823334,3690354,35257090,5401138,68214,3705734,34565793,228229873,3692646,34375485,72380,2781209
1635288940.9234514,3629222,35179861,5473511,71253,3797673,34455860,227852670,3793818,34510798,74312,2708587
1635288941.0235693,3716481,35364883,5446960,73727,3794250,34424066,228128102,3695458,34610063,73348,2737037
1635288941.1236887,3681105,35431304,5400142,73907,3733135,34521451,228250026,3699519,34369817,71719,2716334
1635288941.2238154,3561488,35146406,5518792,73927,3690435,34317975,228093414,3699731,34422679,72390,2693179
1635288941.3239417,3664941,34668792,5063592,75841,3645951,34463451,228191157,3751644,34437562,71318,2382967
1635288941.4240606,3657384,35218854,5443684,76076,3631847,34350345,228240933,3671161,34425659,70763,2768014
1635288941.5241785,3593090,35331513,5352805,58356,3782771,34245093,228312940,3665978,34402463,72816,2532153
1635288941.624297,3595381,35006586,5482431,56065,3599779,34397525,228231334,3802471,34353619,71760,2683843
1635288941.7244148,3720206,35423898,5447551,73637,3657168,34429955,228224061,3767982,34356349,74967,2566033
1635288941.8245332,3615057,35164612,5463860,75250,3698425,34456411,228206520,3656749,34474886,76934,2697967
1635288941.9246511,3673928,35096857,5371039,69822,3800695,34322639,228270185,3710806,34377612,71488,2348879
1635288942.0247688,3605427,34893024,5416445,67752,3805138,34327813,228130892,3606321,34595334,75413,2748735
1635288942.1248884,3561389,35071535,5416454,57037,3717104,34360495,228249344,3680186,34377531,74268,2626433
1635288942.225006,3611298,35222315,5485401,73784,3701542,34425234,228241243,3745726,34349492,74596,2594657
1635288942.3251243,3632149,35091661,5478083,73347,3594413,34385110,228135346,3799082,34351540,76224,2638647
1635288942.4252439,3650930,35320270,5478150,70899,3593668,34355647,228082504,3778128,34357852,76691,2564405
1635288942.525362,3680624,35298713,5424819,76201,3944872,34270842,228129253,3774195,34364722,76787,2765071
1635288942.62548,3665156,35320670,5422325,87793,3792364,34239544,228154178,3714307,34262582,75600,2710961
1635288942.7255976,3683305,35658849,5430186,40274,3698631,33572852,228142544,3656878,34289965,73692,2767429
1635288942.8257155,3631484,35241996,5347333,72012,3786569,34312227,228106718,3668572,34290076,73089,2778679
1635288942.925833,3629059,34994002,5361183,65475,3802131,34573950,228224955,3660438,34486617,71466,2731849
1635288943.0259633,3547319,34791609,5439863,67285,3804004,34343398,228421810,3640870,34322501,78023,2240458
1635288943.1260948,3576047,34730195,5394958,69379,3796931,34347094,228178920,3592824,34328759,74476,2696940
1635288943.2262158,3567881,35035503,5390262,57806,3806569,34321004,227960384,3786784,34457183,74554,2769689
1635288943.3263352,3580019,35177385,5417405,74773,3801338,34302687,228099610,3593994,34380808,73980,2727443
1635288943.4264624,3604480,35086213,5485858,73795,3772722,34381913,228108140,3683966,34343880,73886,2730512
1635288943.5265846,3571838,34801907,5420368,70101,3823272,34462721,228236935,3665991,34225349,74190,2741510
1635288943.6267042,3654393,35067868,5430212,68662,3814071,34323942,228023058,3644657,34346891,75661,2769604
1635288943.726823,3678968,35238641,5460027,78787,3776815,34212962,228063621,3687770,34004084,87335,2636286
1635288943.8269534,3738576,33118812,228536157,3604028,33342079,84890,2665190,3483877,33839566,5222340,77846
1635288943.927086,3775651,33994193,228335163,3666717,34371442,74667,2773317,3286421,33984940,5343239,77617
1635288944.0272148,3801836,34352957,228641253,3685920,34390857,76168,2807512,3566713,34952928,5514909,70268
1635288944.2274823,3671836,35102881,5426742,68989,3795278,34237684,228099772,3725269,34402823,72489,2772818
1635288944.3276021,3667910,35364448,5377485,75957,3592504,34289866,228033456,3927966,34351693,76175,2764375
1635288944.4277215,3678436,35304090,5491945,79114,3723966,34253414,228110422,3759966,34335390,73474,2621875
1635288944.52784,3709886,35182297,5490903,76116,3705130,34239390,227985138,3728911,34257051,71699,2744099
1635288944.627958,3598479,34973546,5469251,76290,3961997,34265394,228089068,3660891,34290336,71342,2812210
1635288944.7280767,3676551,34974730,5422449,69355,3803464,34287165,228031538,3697441,34318571,71892,2736475
1635288944.8281953,3664952,35311652,5424454,75646,3795326,34390562,227993252,3798695,34293806,72438,2533441
1635288944.9283135,3686296,34305928,227998578,3738434,34355832,71846,2723559,3626308,34852083,5416413,75063
1635288945.0284326,3806316,34316276,228049361,3671097,34334309,70785,2751864,3400129,35152815,5518675,75404
1635288945.128551,3666939,34289074,227909991,3796781,34206218,73132,2615614,3692940,35276316,5368413,71695
1635288945.3287888,3707348,35418140,5504115,74860,3793653,34263732,228020602,3677280,34216229,72094,2669761
1635288945.4289072,3567008,35065905,5459026,61676,3792327,34379556,227922887,3792251,34260274,70503,2759407
1635288945.5290265,3669941,35218996,5371802,59340,3666700,34339484,228001268,3776731,34218975,73606,2593293
1635288945.629145,3676807,35372987,5483968,75468,3797729,34264461,227976751,3776271,34247808,71351,2739112
1635288945.729263,3625700,34898531,5483443,75560,3473242,34205576,228004927,3655864,34313099,72146,2736706
1635288945.8293815,3716712,35069439,5416428,73798,3794079,34190723,228025976,3806947,34177245,73326,2772661
1635288945.9294996,3694174,35385381,5492007,78421,3439668,34295805,228119548,3815285,34156132,71387,2669200
1635288946.029618,3803121,34221825,228104390,3664112,34163546,71235,2757592,3664462,35068007,5443825,76333
1635288946.1297364,3664553,34301311,228114991,3806449,34198291,72754,2517698,3428137,35549087,5338168,70299
1635288946.2298543,3713499,34333279,228017338,3752140,34222106,71142,2711305,3708388,35415856,5477641,77764
1635288946.4300709,3469200,34959723,5409873,70313,3789034,34153558,227981265,3807110,34119865,69440,2733811
1635288946.5301907,3692528,35318494,5391548,78715,3702256,34214112,228005716,3644605,34167317,72107,2553977
1635288946.6303103,3713406,35320058,5465872,75807,3804566,34152556,227831530,3812440,34207527,72204,2738650
1635288946.7304296,3599911,35108951,5491031,76589,3672234,34183828,227986002,3783179,34262990,71728,2684512
1635288946.8305483,3680018,35544578,5476976,77159,3694237,34167779,228042239,3747941,34260029,72293,2770291
1635288946.930667,3757543,35111629,5529995,76257,3998675,34278685,228115578,3656233,34243038,74652,2742750
1635288947.030786,3668967,35275186,5356067,80480,3800007,34324426,228028582,3805091,34287237,74903,2560642
1635288947.1309056,3798372,34084528,228029631,3658699,34346429,74430,2779982,3650237,35116052,5517128,75043
1635288947.231024,3814402,34170243,228098771,3792562,34273257,75607,2538673,3586598,35224212,5406158,70067
1635288947.3311439,3655575,34230770,228112052,3810208,34212723,71451,2757205,3766051,35216347,5490553,77002
1635288947.531383,3601129,35015642,5452646,74944,3801373,34219246,227962453,3798792,34223135,75882,2741513
1635288947.6315026,3700679,35393231,5458683,74381,3801968,34304424,228044863,3709504,34219408,71767,2527604
1635288947.7316222,3663640,35111119,5495289,74989,3755640,34321641,227951262,3575815,34177386,71716,2695916
1635288947.8317413,4557113,33576718,5375048,68659,3726858,34293436,228124940,3913693,34241367,73744,2513526
1635288947.93186,3692617,35319449,5486713,76427,3867877,34319355,228016715,3734968,34293218,72383,2773525
1635288948.0319796,3538964,34800394,5416229,70699,3385103,34145465,227970847,3771642,34202332,73620,2780274
1635288948.1320982,3685029,35392289,5490262,77384,3393355,34258226,227965631,3815509,34146367,72239,2738764
1635288948.2322173,3793196,34241784,227893460,3685880,34240550,72482,2706451,3673674,35441658,5428416,76646
1635288948.3323364,3654501,34190693,227944572,3805269,34212911,72476,2737831,3705564,34614904,5468290,79679
1635288948.4324555,3802755,34256136,228008863,3667890,34204641,71338,2727637,3530644,35146366,5452928,77140
1635288948.632695,3673822,35407783,5403142,78920,3807688,34235908,228082008,3677457,34302947,70186,2598340
1635288948.7328136,3664588,35252426,5447894,75909,3817963,34212069,227987681,3806500,34165502,73192,2777495
1635288948.8329327,3662445,35250606,5395520,75408,3807524,34197593,228117267,3598234,34332846,72900,2597312
1635288948.933052,3718032,35316817,5466780,76324,3791936,34304261,227981804,3786028,34132838,73053,2732013
1635288949.0331712,3685129,34948590,5355577,74274,3763508,34077104,227966838,3831722,34222573,73754,2687999
1635288949.1332908,3699672,35489150,5492068,76399,3249226,34172484,228097074,3682277,34209556,75620,2766586
1635288949.23341,3677331,35065381,5415919,80327,3790791,34197103,228110872,3801594,34125953,76783,2742720
1635288949.3335288,3687837,35126486,5501816,77483,3759992,34291209,228058471,3732974,34238029,75580,2740824
1635288949.4336479,3643154,34902123,5407395,89135,3771332,34225630,227904331,3773390,34302716,76307,2551984
1635288949.533767,3695698,35068620,5432862,70566,3689118,34222228,227965921,3772384,34326213,72299,2709274
1635288949.6338854,3478257,35205906,5462589,78178,3802161,34164387,228039278,3771813,34198918,73078,2963962
1635288949.7340038,3555622,35076801,5429571,70695,3443976,34325639,229166558,3769705,33822818,73890,2594537
1635288949.834122,3748402,35403313,5523963,78726,3808411,34193886,228040281,3706401,34187581,71848,2880179
1635288949.934241,3580587,35025672,5429920,77438,3661824,34357480,228058933,3799531,34169711,73612,2645460
1635288950.034361,3686103,35220002,5485997,78172,3798055,34247838,228014356,3708200,34147356,71913,2759617
1635288950.1344802,3526224,34718540,5473267,72134,3624869,34287045,228140742,3888400,34176174,73585,2526058
1635288950.2345989,3691953,35216911,5489463,77018,3391562,34102782,228114588,3715865,34230231,72254,2692366
1635288950.334719,3581363,34843798,5429377,62542,3785684,34167795,228057714,3711704,34220698,72858,2743036
1635288950.434838,3681842,35223201,5471588,66545,3796823,34190976,228104791,3814841,34167477,70468,2716958
1635288950.5349576,3571874,34969893,5552941,91650,3732907,34160678,227958957,3699644,34227476,73141,2659030
1635288950.6350772,3705126,35217974,5125251,79095,3660526,34249624,228122738,3805903,34244334,72322,2770486
1635288950.735196,3520354,35257787,5543840,72801,3793647,34268399,227975401,3752235,34288981,73028,2980196
1635288950.8353152,3696625,35507409,5442873,67406,3466882,34381675,228008881,3784874,34264552,72748,2533481
1635288950.935434,3641375,35351956,5475736,75552,3801016,34272002,227971962,3800607,34358183,72539,2635075
1635288951.0355527,3642016,35046200,5436666,76450,3816800,34282525,228010866,3693061,34293672,71813,2710904
1635288951.1356716,3699173,35377098,5506708,72871,3704711,34303536,227918273,3808205,34264043,75329,2742954
1635288951.23579,3715285,35246415,5314609,70048,3818802,34333006,228115096,3590066,34439100,76062,2786156
1635288951.3359091,3712654,35392550,5500766,75145,3894957,34230759,228121458,3773134,34374581,74705,2746968
1635288951.4360285,3718534,35427853,5454532,73427,3788243,34275176,228077391,3801073,34293513,72230,2605112
1635288951.536148,3623221,35121334,5514216,76109,3735654,34287414,228057004,3651900,34360802,72663,2741432
1635288951.6362662,3710140,35311737,5485737,77046,3656976,34282464,227971918,3806179,34407045,71141,2778420
1635288951.7363849,3518967,34928561,5611677,66042,3814709,34463393,228024571,3796105,34297742,72819,2418914
1635288951.8365026,3703789,35351217,5489045,73214,3793856,34459834,228122343,3675874,34346537,71725,2738136
1635288951.9366207,3702169,35357899,5487961,73350,3786348,34270644,228077062,3793555,34440369,71530,2755463
1635288952.0367389,3710244,35173033,5413247,76682,3803089,34324373,228030496,3678047,34325709,72581,2524510
1635288952.1368568,3624665,35014064,5527302,75689,3658093,34295209,227934271,3814665,34146028,71550,2703872
1635288952.236975,3707318,35431743,5487590,75712,3803041,34217653,228284771,3784657,34252018,71396,2804552
1635288952.3370976,3597321,34910122,5425577,73472,3794417,33297180,227832196,3682089,34272870,74020,2520389
1635288952.4372175,3710004,35669900,5495491,75686,3797105,34128433,228083811,3618411,34258844,70358,2778072
1635288952.537336,3675623,35412300,5381159,77021,3742622,34287836,228117667,3837541,34265707,72421,2573612
1635288952.637454,3658672,35123100,5504950,73949,3803018,34440596,228002743,3667468,34284835,71455,2722964
1635288952.7375722,3693353,35343345,5501131,73202,3802693,34379852,228082351,3800469,34477838,75067,2790656
1635288952.8376896,3536778,34846100,5642357,74876,3718466,34300738,228036931,3810639,34333798,76265,2535737
1635288952.937807,3711233,34991583,5391683,69779,3823044,34069373,227995700,3668514,34359060,75915,2788755
1635288953.0379257,3663439,35349425,5500158,78043,3786488,34380012,228116340,3817562,34301495,71077,2604328
1635288953.1380439,3704047,35350433,5530601,75747,3800245,34281744,228113099,3807481,34299736,72558,2702974
1635288953.2381623,3635605,35315001,5451722,75044,3811537,34312910,228044025,3650619,34326649,71982,2704981
1635288953.3382812,3713696,35423960,5509328,73285,3665358,34439931,228030180,3716715,34245962,73532,2627721
1635288953.438399,3709626,35473180,5429999,69511,3812400,34518895,227828807,3798466,34238161,71330,2680944
1635288953.538527,3573804,34978482,5477190,69346,3503753,34212149,227913714,3892797,34088663,72746,2645659
1635288953.6386476,3738071,34639159,5339765,76688,3907217,34400160,228043204,3738693,34428113,70950,2734224
1635288953.7387667,3711723,35161248,5471910,75021,3745516,34296705,227909252,3798165,34409797,71949,2576671
1635288953.8388846,3695469,35184565,5491348,78021,3639295,34392375,227991522,3672955,34369482,71036,2708152
1635288953.939003,3714624,35565440,5410537,68481,3743379,34337246,227985538,3813410,34347199,72015,2757497
1635288954.0391207,3698314,35161677,5505688,75184,3646644,34283809,228058150,3816409,34317273,71085,2465938
1635288954.1392388,3618914,35505856,5483717,82245,3798647,34275616,228037663,3678413,34307295,71068,2882587
1635288954.2393572,3677784,35598613,5513211,73888,3600865,34396571,228080422,3826988,34315195,73976,2803980
1635288954.3394759,3666261,35226059,5538219,76579,3812836,34411974,228066060,3808757,34312040,75444,2515480
1635288954.439594,3681878,35022304,5456384,66648,3799116,34378301,228069199,3685857,34498144,74637,2675794
1635288954.539712,3701969,35285227,5528814,75304,3771550,34435684,228014268,3800062,34400894,74701,2813764
1635288954.6398304,3706689,35420598,5497592,76484,3801830,34345809,228068324,3789646,34454630,71241,2687928
1635288954.7399478,3583576,35041739,5480225,61116,3708363,34280705,228060863,3748101,34335720,73838,2753320
1635288954.8400702,3706890,35418738,5532472,77704,3727257,34341328,228004492,3700283,34408105,71423,2769497
1635288954.9401891,3721715,35496814,5349979,68974,3796138,34282834,227874461,3810355,34247149,72163,2701622
1635288955.0403073,3750457,35346478,5535224,75624,3797885,34283051,228016266,3733326,34271215,72561,2558790
1635288955.140639,3689462,35341105,5503443,74297,3659708,34322414,227959126,3756475,34260025,71682,2811753
1635288955.291024,3703805,35297972,5527831,74362,3796367,34442588,228086151,3816373,34253428,73077,2572117
1635288955.3911476,3658971,35109283,5384600,81138,3808138,34264068,228021009,3660909,34279737,71764,2701692
1635288955.4912667,3729849,35086097,5537650,75350,3676689,34300625,228027787,3800832,34389689,71946,2714150
1635288955.591386,3708058,35494742,5489271,76231,3822393,34303452,228052236,3810453,34265918,73448,2772695
1635288955.6915188,3511059,34962530,5514753,70568,3818051,34153259,228098118,3728764,34349841,74436,2435577
1635288955.791642,3658583,35638648,5539704,73783,3803451,34307623,227997220,3639813,34307757,73010,2771402
1635288955.8917632,3693246,35622798,5430011,77600,3811953,34311818,228127364,3720039,33569135,73468,2530457
1635288955.9918833,3644895,35205965,5529188,74008,3755576,34450693,228037097,3703860,34299127,75957,2733969
1635288956.0920043,3691172,35503482,5508629,74968,3770785,34436202,228044073,3777620,34467492,75806,2778031
1635288956.1921244,3698239,35182009,5407390,71531,3672035,34484695,228047728,3811625,34347918,73240,2754684
1635288956.292244,3692486,35242298,5495334,75200,3832423,34334283,227893045,3662917,34365509,71938,2734699
1635288956.3923635,3688469,35020975,5490750,62183,3661206,34277681,228028085,3799367,34396698,72336,2692458
1635288956.4924827,3622219,35217083,5501696,84284,3805894,34266716,227972669,3767358,34176968,74434,2692721
1635288956.5926015,3661886,35342475,5461015,77630,3741112,34208064,227954901,3716864,34225201,71106,2584826
1635288956.6927204,3638807,35129452,5522760,76011,3744101,34224158,227941511,3809448,33673661,71385,2424546
1635288956.7928405,3699030,35069133,5383728,71978,3811476,34122906,228047863,3719452,33838241,72134,2834259
1635288956.8929596,3698969,35352550,5514076,74930,3813745,34300217,227900587,3811017,34219878,72534,2765678
1635288956.9930792,3690548,35160661,5427278,77510,3794672,34336682,228086624,3670920,34272754,73844,2611778
1635288957.0932002,3617390,34979591,5525533,76595,3701289,34332953,228095162,3792101,34219368,74074,2648829
1635288957.1933203,3721556,35361490,5500406,77491,3838358,34235814,228065702,3691869,34394249,74074,2770355
1635288957.2934396,3696806,35250318,5386865,73532,3806587,34313920,228091376,3807499,34342715,73132,2732578
1635288957.3935597,3698114,35480866,5532699,76763,3747989,34223928,228054907,3688367,34231770,73236,2812563
1635288957.493679,3700449,35538809,5486417,80094,3646302,34288617,228056129,3814238,34240145,75468,2768529
1635288957.5937984,3623268,34968236,5393385,52828,3815590,34241660,228004403,3812192,33554803,74405,2560116
1635288957.6939175,3700873,35433857,5507550,76457,3753057,34255231,228001222,3733843,34305147,75246,2785235
1635288957.7940364,3683747,35457645,5500163,76627,3717357,34370478,227900011,3800834,34290455,71659,2709031
1635288957.8941557,3716968,35050453,5390180,72416,3816398,34345103,227841125,3663420,34316375,72576,2672464
1635288957.9942746,3710790,35341657,5524532,76025,3468515,34311465,228145667,3809177,34457843,72468,2755864
1635288958.094395,3706050,35290207,5513347,75655,3814305,34281007,227861646,3701702,33298236,72262,2761878
1635288958.1945145,3611171,34914609,5438450,76862,3812160,34248649,228027224,3795326,34294114,74037,2593374
1635288958.2946343,3696505,35338049,5505683,76560,3600517,34246162,228114722,3683349,34321593,72605,2787341
1635288958.3947535,3709793,35282515,5345443,72213,3830450,34368021,228108483,3825933,34290244,72063,2808695
1635288958.494873,3767038,35347868,5527757,75054,3802854,34245125,228012451,3670351,34247891,73642,2783604
1635288958.5949926,3741414,35094119,5299682,78876,3520352,34317691,228054751,3811778,34376810,72913,2751123
1635288958.6951113,3814510,34415514,228042854,3823111,34268888,72589,2600002,3743461,35098109,5401505,75143
1635288958.7952304,3806789,34301214,228011472,3670620,34281482,72040,2744314,3735385,35234858,5504877,76283
1635288958.8953493,3683090,34331321,228073008,3813444,34368853,72894,2737844,3647663,35471682,5440000,75496
1635288959.095589,3581164,34977259,5466710,76256,3712913,34220232,228008824,3799287,34262044,72576,2736176
1635288959.1957083,3697454,35437599,5537426,74319,3822498,34350462,227863961,3583691,34314141,76032,2777387
1635288959.2958274,3717876,35306548,5412972,65795,3809055,34235940,227902097,3800115,34414902,76175,2617038
1635288959.395947,3658958,35167848,5528276,74532,3724525,34376263,227916056,3707269,34389802,75262,2770274
1635288959.4960656,3720447,35419476,5517855,75834,3675758,34324627,228116574,3815922,34392178,72234,2752232
1635288959.5961843,3631835,34772353,5423856,68731,3810828,34407009,228054921,3821854,34359215,73757,2732343
1635288959.6963031,3705333,35359707,5453675,75407,3801090,34426161,228047305,3670422,34440511,74430,2737117
1635288959.796422,3713489,34330013,227986230,3799450,34464351,72847,2664592,3643803,35354119,5325205,62403
1635288959.8965435,3816255,34415243,228050053,3722446,34367474,74124,2680001,3529658,35090676,5517085,75636
1635288959.9966624,3733866,34461725,228016578,3752314,34367924,72873,2739459,3708493,35312451,5520440,76315
1635288960.1969016,3713824,35147368,5430943,70800,3825031,34286250,228157228,3694515,34319232,73302,2450129
1635288960.297021,3679086,35221972,5532178,76686,3610142,34379474,228094283,3811071,34366959,72489,2737195
1635288960.39714,3703837,35600869,5516524,78457,3820485,34465028,228090812,3799365,34336517,72289,2727454
1635288960.497259,3688182,35136588,5421575,68069,3751044,34266415,227995529,3777848,34334619,73887,2546928
1635288960.5973775,3701881,35481822,5528573,76255,3867259,34404811,227914716,3666740,34327972,72729,2765068
1635288960.6974964,3707978,35265136,5478487,77996,3860257,34376361,227995385,3827523,34469110,75405,2615654
1635288960.7976158,3573709,34992272,5455648,64847,3837321,34292826,227974742,3798048,34267984,77167,2714844
1635288960.8977363,3777430,34353735,227988558,3698332,34432829,77116,2755604,3713847,35406306,5483091,77854
1635288960.9978569,3692033,34428588,227998217,3785417,34313365,72746,2740968,3587465,34931347,5307092,69810
1635288961.0979786,3812863,34335645,228028678,3695856,34363591,73616,2700272,3755425,35243529,5529902,75541
1635288961.298218,3712893,35455665,5528566,75356,3801237,34360621,228043178,3810177,34219986,73705,2756164
1635288961.3983374,3700610,35115577,5435478,78889,3813137,34394145,228090759,3727060,34289937,73303,2522913
1635288961.4984558,3729148,35191111,5515101,76120,3669320,34375270,228001141,3680318,34340210,71571,2747195
1635288961.598574,3702047,35359923,5456076,79266,3798624,34350372,228019324,3798683,34379789,72539,2768534
1635288961.6986928,3504307,34925138,5587550,70543,3733709,34355543,228070995,3806194,34263487,72910,2363074
1635288961.7988114,3692838,35394928,5491672,76177,3709227,34153124,228010343,3716751,34228216,73404,2729480
1635288961.8989298,3705796,35258565,5408350,80080,3817606,34209353,227982657,3816117,34179169,73095,2519240
1635288961.9990482,3817117,34165127,227958776,3664061,34330336,71031,2714233,3684033,35230883,5491494,76850
1635288962.0991685,3662196,34186583,227977433,3813687,34236772,72553,2732747,3453444,35878540,5539257,78443
1635288962.1992884,3800767,34320850,227921120,3781281,34159822,73403,2355803,3438371,34926569,5542137,70901
1635288962.3995268,3684565,35360805,5495548,75210,3812881,34207904,228072756,3799474,34266455,78383,2743316
1635288962.499646,3689150,35218019,5405020,78042,3810999,34206574,228067266,3734561,34323645,75456,2521072
1635288962.5997648,3681769,35095906,5485484,74939,3673478,34188029,227973605,3808079,34324996,75751,2742314
1635288962.6998832,3694656,35244867,5480384,77571,3816299,34183034,228093093,3583501,34275209,72015,2734429
1635288962.800012,3482843,34835782,5540300,70356,3658446,34275747,228000330,3884366,34156750,73782,2392813
1635288962.9001312,3714924,35431872,5488769,74324,4098663,34179867,228174724,3691120,34316670,71972,2737053
1635288963.0002506,3689609,35235756,5369073,77967,3809899,34268694,228030324,3793239,34285040,72801,2590704
1635288963.1003714,3791663,34299148,227923600,3651337,34092985,71860,2728440,3697993,35154228,5196100,73021
1635288963.2004917,3657230,34270754,227987413,3805225,34255507,71885,2717997,3525303,34775876,5609717,78070
1635288963.3006117,3804173,34180525,227909678,3797655,34175488,73174,2347980,3638299,35094741,5484293,71445
1635288963.5008512,3690062,35323278,5488215,73990,3805009,34204982,227896043,3803468,34145671,74772,2718980
1635288963.6009707,3701345,35207814,5396885,78526,3806647,34274515,227967378,3683849,34315848,73555,2533792
1635288963.7010903,3686024,35340688,5489732,75902,3663815,34305316,228091748,3812163,34281414,72673,2781234
1635288963.8012094,3700540,35540327,5519808,79169,3802504,34283613,227993641,3801644,34220884,72950,2766198
1635288963.9013286,3487500,34775108,5548239,70806,3649540,34102415,228083306,3762692,34217488,74463,2391788
1635288964.0014477,3705774,35299705,5506152,74906,5824641,34335284,228097716,3703678,34425641,75868,2734584
1635288964.1015682,3710401,35296021,5396064,77003,3786830,34283886,228285338,3808484,34398125,76205,2523071
1635288964.2016883,3816771,34244634,228071054,3653869,34389310,77133,2770325,3721708,35224684,5509353,73802
1635288964.3018079,3653618,34243627,228113963,3816659,34406157,73727,2742689,3624241,35093827,5546863,76973
1635288964.4019272,3813057,34277645,228110470,3815438,34211731,73031,2536970,3303818,34374037,5433614,71568
1635288964.5020463,3816849,34216952,228057124,3671590,34355906,72386,2189354,3700471,35394092,5548148,75580
1635288964.602166,3815328,34319751,228001595,3809861,34289219,72753,2704022,3720334,35553391,5470494,77219
1635288964.7022877,3800118,34421700,228155464,3706807,34211344,70995,2776016,3623522,35004686,5532666,74150
1635288964.8024087,3677152,34393423,228298598,3730031,34303606,73946,2635076,3714163,35310592,5516328,77205
1635288964.9025307,3784635,34419437,228019923,3795376,34315560,73514,2777104,3691078,35144194,5399037,72443
1635288965.002652,3813912,34275914,228452575,3794537,34375863,73658,2706935,3719490,35384579,5525007,76743
1635288965.1027787,4202428,34427348,228576870,3708467,34457500,72685,2778069,3695631,35456385,5508603,77328
1635288965.2029042,3765586,34250871,228196704,3814784,34304974,72477,2797711,3609896,35094473,5425284,97486
1635288965.3030264,3612090,34307775,228258150,3813799,34215526,74221,2615315,3712213,35571383,5428623,67042
1635288965.4031475,3882712,34214823,228290459,3677942,34355310,71761,2718108,3721906,35145210,5524217,76854
1635288965.503269,3663840,34367880,228238230,3805577,34303296,74867,2753018,3851596,36006537,5504631,74137
1635288965.6033912,3805554,34268128,228027010,3712558,34251053,74971,3118435,3676330,35306792,5482020,76572
1635288965.703512,3532293,34361715,228260379,3776076,34330184,76085,2536623,3657067,35156574,5533375,75322
1635288965.803641,3821306,34388046,228139256,3757961,33538263,72813,2629510,3687235,35247480,5440365,76455
1635288965.9037714,3816496,34264083,228194498,3699636,34347939,72190,2683667,3733652,35267181,5538689,76685
1635288966.0038998,3676804,34336444,228352541,3813208,34479450,73398,2729397,3699972,35433377,5516514,79027
1635288966.1040277,3831016,34334124,228199796,3800122,34421893,73490,2732301,3484478,34862104,5434802,68424
1635288966.2041526,3357743,34158678,228133906,3773592,34281252,74581,2753301,3716422,35600001,5535513,74069
1635288966.3042734,4163949,34421045,228030816,3670985,34332603,72287,2738616,3704935,35482700,5425569,62762
1635288966.4043941,3791340,34341494,228045087,3811262,34283017,73670,2658080,3615919,34973433,5548375,75782
1635288966.5045156,3786903,34455636,228368962,3682051,34314268,72112,2714836,3703646,35452913,5503087,76646
1635288966.604637,3677225,34405570,228208838,3810591,34318833,71643,2739153,3652776,34977931,5438825,78010
1635288966.7047577,3802571,34444595,228228188,3801419,34296324,73246,2711499,3811763,34948001,5422377,70266
1635288966.8048782,3814006,34240536,228159770,3665733,34392242,69830,2539679,3701778,35457207,5516500,75302
1635288966.9049997,3739445,34317247,228369052,3819615,34369356,72403,2718351,3706651,35542469,5432489,62430
1635288967.0051212,3820659,34342806,228353949,3755833,34253586,73445,2673783,3611041,35331343,5512621,77362
1635288967.1052506,3752168,34262617,228476836,3678698,34238152,74551,2522659,3721228,35485526,5515822,78027
1635288967.2053726,3739105,34289159,228029724,3813864,34259668,75927,2743489,3724177,35229148,5431046,71516
1635288967.3054938,3831685,34324577,228393741,3809019,34367121,76586,2625225,3717579,35233830,5514404,77933
1635288967.4056144,3710145,34402845,228009303,3694137,34318956,76006,2730428,3709868,35308368,5524967,80175
1635288967.505735,3676705,34310707,228083212,3803103,34373797,72684,2746083,3583008,34979207,5580474,84237
1635288967.605856,3716562,34404830,228105893,3765001,34302120,73758,2629406,3716972,35288583,5444132,70586
1635288967.7059762,3834613,34222028,228316848,3710876,34473298,73190,2774190,3697205,34974556,5493304,77038
1635288967.8060997,3708490,34295799,228446327,3811314,34364390,74418,2600062,3750273,35465232,5492394,75123
1635288967.906222,3804859,34261483,228295118,3600601,33602274,72231,2721552,3569936,35110768,5447955,79970
1635288968.0063517,3623334,34350248,228545713,3812787,34314311,74617,2656722,3777533,35508222,5510888,80817
1635288968.10648,3808309,34341692,228132685,3780188,34271820,71717,2768539,3583752,35033469,5566763,75807
1635288968.2066038,3743488,34279303,228060757,3777982,34245520,74138,2637059,3715176,35271806,5504409,76634
1635288968.306727,3671839,34439378,228002751,3794816,34204713,74130,2760542,3706877,35118356,5393126,72433
1635288968.406853,3806647,34183668,228068061,3600999,34284820,74559,2509832,3673851,35220287,5468693,79132
1635288968.5069816,3630559,34363693,228148303,3753695,34298191,72458,2770266,3682593,35459065,5475772,80834
1635288968.6071053,3791236,34293370,228021240,3817555,34346211,72939,2806893,3595849,35054537,5497238,77426
1635288968.7072272,3792001,34205834,227987675,3803972,34181544,74545,2528199,3702784,35326135,5514854,78155
1635288968.8073494,3771329,34172664,227934823,3666028,34263066,76163,2710945,3728960,35019726,5326868,78447
1635288968.9074771,3633903,34188464,227929651,3813065,34300029,76873,2445403,3621840,35095013,5564374,75667
1635288969.0075996,3795309,34185961,227967825,3681892,34268104,76218,2770405,3682853,35420262,5499826,76724
1635288969.1077328,3593626,34327862,228062479,3807148,34359913,72959,2739714,3681694,35276251,5499324,79365
1635288969.2078636,3800934,34422203,227997149,3812482,34293710,73123,2692387,3686404,35107396,5381206,70345
1635288969.307987,3814720,34333603,228077964,3662346,34370708,73177,2446557,3687769,35329822,5496694,77065
1635288969.408109,3763379,34395646,228107332,3795639,34311986,72706,2751457,3688409,35248343,5466036,78726
1635288969.5082345,3807852,34302741,227848892,3807032,34456161,72498,2589661,3621456,34962250,5468015,75395
1635288969.6083646,3694448,34223626,228074895,3836445,34243477,73862,2726799,3712651,35346919,5514396,79120
1635288969.708488,3703548,34244974,228043812,3686413,34210592,73124,2759357,3710408,35261872,5377163,69911
1635288969.8086102,3733476,34091635,228131584,3803343,34182017,74000,2602920,3459207,33357720,5200065,76902
1635288969.9087331,3478173,32322159,228150358,3724401,32370770,95005,2597403,3459356,33326920,5161120,80426
1635288970.0088549,3757349,34178066,228074516,3679811,34273015,74067,2710459,3719518,35090073,5376963,77292
1635288970.1089802,3807117,34269493,228007364,3798195,34197637,73939,2531702,3776208,35404781,5477839,87747
1635288970.209107,3813816,34211743,228031412,3669986,34389032,72764,2686697,3536647,34845156,5444222,79238
1635288970.3092334,3670825,34274758,228034067,3824065,34370802,73840,2736405,3732616,35629388,5497713,80983
1635288970.409363,3824033,34254851,227939167,3816071,34269285,73605,2717064,3508185,34897715,5515859,73189
1635288970.5094862,3758249,34239378,228126204,3779872,34343263,75471,2661921,3717600,35535041,5510120,77317
1635288970.6096113,3807562,34293943,227994672,3594347,34205326,77484,2748049,3709453,35438000,5429019,78970
1635288970.7097387,3802317,34312928,228054734,3810994,34379418,77139,2563609,3646232,35027414,5514675,77355
1635288970.8098607,3720600,34356711,228049350,3736878,34290371,75553,2783273,3685222,35259418,5506628,79866
1635288970.910005,3816143,34349952,228092476,3803690,34358584,72405,2721859,3583215,34770413,5445855,74359
1635288971.010138,3790167,34444009,228081077,3802733,34364767,74590,2679617,3676121,35367573,5513140,77907
1635288971.1102703,3715853,34264359,228156523,3658962,34451388,73975,2739499,3699228,35154078,5388352,65029
1635288971.2103982,3849190,34598515,228095345,3812384,34471133,73912,2683870,3638278,35410840,5518214,94191
1635288971.3105228,3816847,34404005,228052060,3785202,34288282,71668,2603404,3637096,35575528,5493670,76822
1635288971.4106472,3717000,34356805,228052661,3761056,34359717,73152,2793389,3681726,35290037,5539453,77885
1635288971.5107732,3744229,34263473,227931530,3813975,34207638,76301,2312389,3713906,35359237,5381557,73424
1635288971.6109035,3796487,34247274,227929836,3689637,34249905,72868,4157805,3711941,35339191,5501181,77091
1635288971.7110314,3729964,34450214,227949998,3801704,34311193,73142,2759517,3724416,35383490,5486270,78862
1635288971.8111556,3798300,34456241,228074597,3787653,34274135,73660,2757607,3593734,35086218,5418577,77174
1635288971.911279,3736230,34293156,227894775,3781309,34386702,75089,2595228,3684626,35260267,5352162,78110
1635288972.0114055,3736345,34508547,228097851,3673490,34520549,73830,2734913,3691491,35286420,5392909,73349
1635288972.111537,3805843,34252949,228070559,3808877,34316807,76214,2748374,3735530,35098160,5524569,76746
1635288972.2116659,3795021,34278224,228068992,3709472,34236230,74193,2754380,3731454,35436845,5519318,77651
1635288972.3117886,3553508,34434489,228178872,3818477,34454563,76601,2771652,3664876,35326122,5482606,57627
1635288972.411916,3809410,34327568,228048296,3806712,34283127,74802,2596860,3714943,34865751,5452034,77310
1635288972.5120387,3785232,34275684,228059361,3665120,34299586,72622,2770938,3746737,35412098,5510017,76937
1635288972.6121619,3666280,34368713,228058719,3799702,34363208,73327,2763884,3710732,35365839,5441919,74777
1635288972.8124075,3659905,34962304,5479902,76443,3657999,34277956,227935028,3636593,34135862,73578,2709983
1635288972.912536,3723300,35298469,5519885,75985,3801863,34253704,227834925,3795678,34433623,72913,2750212
1635288973.0126662,3714896,35180214,5412199,75958,3795426,34226554,228043763,3791769,34457379,74351,2626025
1635288973.1127937,3665270,35053500,5514015,76019,3719612,34216659,227960085,3674326,34237874,73908,2732598
1635288973.2129216,3718826,35515340,5526657,79160,3601738,34310473,228159648,3782066,34297429,75566,2793857
1635288973.3130484,3491618,35082343,5458880,68405,3758896,34303412,228026487,3722794,34313955,74690,2765770
1635288973.4131749,3711741,35462879,5477908,77668,3502493,34238825,228104751,3771218,34254275,73732,2732559
1635288973.513306,3805674,34303602,228074354,3800819,34230905,73289,2606681,3794653,35465837,5401612,76528
1635288973.6134293,3801100,34268891,228087693,3659174,34331968,72849,2731898,3527408,34955205,5514818,76569
1635288973.7135518,3670623,34297563,228030559,3800843,34382441,74447,2771187,3690590,35392185,5491254,78573
1635288973.9138043,3532287,34721635,5407773,69492,3734186,34130422,228132509,3738371,34302154,78714,2740070
1635288974.0139267,3709890,35353929,5471682,75819,3784461,34282116,228289205,3795798,34291879,76741,2720836
1635288974.1140547,3715526,35487045,5406959,61817,3806184,34211269,228082669,3584473,34269494,73875,2653103
1635288974.2141848,3630671,35021892,5501389,76438,3685812,34300408,228069193,3723371,34227436,73753,2724230
1635288974.3143122,3696360,35273570,5526303,77850,3697435,34218167,227934454,3790027,34278804,74447,2754749
1635288974.414435,3598243,34762776,5433628,69858,3783912,34400759,227972143,3787706,34185016,74810,2691775
1635288974.514557,3702720,35305741,5506173,76007,3797840,34274810,228066974,3655805,34364001,73821,2765779
1635288974.6146865,3742678,34277295,227973706,3802004,34274976,73411,2614780,3640233,35303827,5451732,62369
1635288974.71481,3798379,34225723,227975444,3660933,34181489,74286,2716666,3521935,35101684,5508269,75559
1635288974.8149343,3657835,34204439,228043502,3807203,34202642,72693,2781804,3702314,35323584,5479588,78564
1635288975.0151849,3590876,34869163,5385512,69701,3795137,34191937,228184830,3670520,34213298,73455,2724407
1635288975.1153088,3709482,35463245,5486771,75040,3715047,34326288,228112666,3803034,34209288,73647,2752653
1635288975.2154348,3674364,35364078,5416565,62931,3800175,34302828,228029570,3792140,34211134,72283,2658617
1635288975.3155615,3592347,35046831,5497643,76629,3685093,34116289,228025343,3654511,34196098,73684,2723894
1635288975.4156885,3698056,35425514,5505049,78185,3786593,34286548,228043850,3766615,34298524,76194,2720570
1635288975.5158162,3638770,35119660,5418621,70914,3851372,34428823,228236434,3809224,34316893,77156,2722398
1635288975.6159434,3754492,35287873,5503429,75458,3805705,34127833,227922534,3660776,34244658,77124,2734538
1635288975.716066,3658320,34171063,227988524,3799696,34242803,74477,2672665,3618830,35177605,5386508,63188
1635288975.8161876,3808149,34167995,227930839,3693995,34229569,75227,2733687,3479016,34711315,5502754,75024
1635288975.9163117,3670338,34208661,228016157,3791125,34437839,73514,2785209,3747952,35583977,5464791,76962
1635288976.1165657,3682366,35139058,5412689,69673,3788547,34485572,228068591,3666706,34310188,72010,2640162
1635288976.2166882,3687391,35270619,5504932,76057,3587524,34289524,228033810,3734938,34349828,74461,2724351
1635288976.3168185,3686259,35320972,5488265,80123,3798949,34372513,227960330,3795772,34347979,73408,2732265
1635288976.416949,3557541,35061004,5571798,76296,3780439,34292209,228057648,3814428,34280517,73803,2560706
1635288976.5170724,3686638,35323219,5483174,76945,3708642,34132276,228086637,3713617,34426489,73392,2754911
1635288976.6171944,3677292,35399910,5357970,77997,3409905,34414080,228154161,3824789,34310785,72698,2416069
1635288976.7173235,3630754,35331164,5535978,76812,3820003,34280044,228079682,3665807,34305954,73462,2707611
1635288976.817454,3592590,34256695,228104932,3815728,34198401,73860,2772157,3621363,35207637,5673477,79595
1635288976.917577,3800022,34320496,228077712,3798470,34134428,74400,2581010,3836380,35217625,5415721,76636
1635288977.017699,3804679,34254569,228057653,3663222,34283441,76817,2758278,3517627,35018415,5487396,76017
1635288977.2179601,3694661,35331332,5400133,78473,3802777,34188802,228053782,3702940,34292567,77375,2496172
1635288977.3180826,3599323,35032443,5486630,76746,3617600,33498809,227976971,3757800,34280968,73169,2730514
1635288977.4182067,3702185,35371819,5477674,76969,3801851,34171718,227898288,3685972,34131207,73331,2724297
1635288977.518329,3632216,35032598,5443840,75378,3801796,34230657,228093370,3686531,34297610,74845,2531323
1635288977.6184497,3715840,35580660,5484178,75622,3657204,34288483,228082260,3746452,34341531,73911,2711562
1635288977.718574,3709311,35347087,5383477,77784,3385772,34335885,228041983,3795525,34247321,73347,2381913
1635288977.8186972,3606525,34926584,5515713,76561,3799413,34299817,228018990,3652360,34184407,73663,2772628
1635288977.9188218,3582618,34320931,228074976,3815112,34258405,73313,2751273,3669546,34904603,5447375,77887
1635288978.0190313,3809670,34276165,228205884,3814026,34291590,73867,2503917,3714505,35340236,5489027,72213
1635288978.1195552,3786719,34225639,228168829,3670113,34300531,73539,2773300,3515953,35158284,5445458,76125
1635288978.320145,3710546,35366350,5390985,77904,3804415,34183841,227988469,3688905,34175714,75105,2516690
1635288978.4204564,3622773,35096557,5504186,75655,3604691,34223519,228025227,3808098,34151717,72838,2704952
1635288978.5208051,3702228,35544981,5495708,78380,3803883,34246719,227966958,3771841,34247978,72987,2790033
1635288978.6210203,3674262,35078325,5401453,68227,3790185,34236492,227823677,3803521,34232269,74366,2569600
1635288978.7214546,3669463,35344578,5500134,74160,3683602,34108147,227951609,3581527,34245298,76623,2774094
1635288978.8217144,3695488,35280246,5422657,77044,3330034,34305065,228117223,3757103,33664423,76554,2366734
1635288978.9220002,3645012,34990807,5537786,75097,3769155,34279295,228111015,3647033,34370746,76996,2743025
1635288979.0225263,3703722,35342147,5505298,61256,3774065,34254254,228232132,3806439,34327550,73117,2699698
1635288979.1230032,4477334,33420600,5625838,90054,3692482,34228209,228019902,3803666,34204495,75033,2553371
1635288979.2231295,3699565,35074290,5250526,69866,3803292,34154345,228074077,3650959,34278324,74688,2735803
1635288979.3234594,3491597,35225480,5498248,75415,3613783,34251671,228089593,3795921,34177517,74208,2558333
1635288979.4237454,3791928,35488532,5397644,77065,3793308,34241619,228071187,3661580,34215269,71558,2764604
1635288979.5240843,3646330,35104385,5540447,75285,3575797,34360196,228045062,3800418,34108338,74104,2529889
1635288979.624419,3705161,35312439,5479827,78614,3804347,34269607,228011685,3708991,34221901,72114,2842135
1635288979.7247653,3625016,34898530,5481322,75587,3813829,34338881,227778774,3807432,34265338,74665,2499138
1635288979.8250322,3707941,35284830,5491323,73291,3664481,34217963,227989031,3810295,34513936,73232,2784403
1635288979.9255393,3718512,35499269,5409213,78567,3572976,34123171,228114677,3734173,34348925,73858,2441875
1635288980.0257976,3625465,35115267,5509280,75094,3691366,34290864,228025313,3724447,34302968,74653,2785280
1635288980.1261554,3716996,35599833,5501268,67528,3778686,34313389,228075719,3756458,34374549,73026,2753899
1635288980.226499,3711139,35498209,5424031,69932,3757391,34525587,228319802,3815795,34467393,73394,2713651
1635288980.3269622,3801604,35590431,5504898,73300,3810529,34374412,228114771,3667008,34319588,77144,2681523
1635288980.4274049,3771731,35161642,5497422,73251,3630815,34388274,228112566,3815924,34361196,76034,2489892
1635288980.5276904,3494071,34988221,5492081,75388,3817287,34433497,228085702,3805778,34317547,74349,2793240
1635288980.677998,3782392,35239955,5428836,77541,3823318,34263198,228051902,3663494,34427125,72522,2747317
1635288980.778129,3746006,35260535,5510150,76782,3673464,34280118,227990496,3839789,34346771,74143,2751921
1635288980.878252,3707964,35292112,5468618,77376,3812101,34352578,228097484,3793359,34339043,73107,2770702
1635288980.9783745,3511726,34861928,5584052,69837,3806992,34373823,228129990,3563252,34241123,74051,2412622
1635288981.0785067,3731428,35372276,5522190,75672,3819254,34324097,228075112,3795370,34331043,72640,2781246
1635288981.178639,3710081,33788250,4101783,79160,3782631,34415947,228055332,3809892,34242228,73739,2516960
1635288981.2787614,3687375,35124858,5533563,75771,3798503,34203375,227839433,3671469,34294978,72753,2732277
1635288981.378886,3704491,35340848,5486814,77140,3604542,34439390,228068852,3804735,34341754,73735,2739762
1635288981.4790125,3604866,34832818,5313300,77746,3825166,34348795,227987055,3795612,34350693,75547,2551818
1635288981.579144,3717130,35223396,5533994,69032,3807065,34309177,228198448,3673318,34433467,72861,2778685
1635288981.6792676,3689440,35425038,5480919,75523,3817201,34330141,228104704,3818687,34332714,73227,2694473
1635288981.7793913,3665403,35420253,5427150,78018,3803756,34227802,228015807,3737664,34227910,72730,2653066
1635288981.8795183,3600243,35132141,5478508,73279,3710457,34260103,228085120,3769803,34283152,75795,2597456
1635288981.979648,3686856,35510647,5524560,77144,3778514,34438338,228096109,3755296,34325701,76511,2890762
1635288982.0797803,3715826,35168930,5394049,71741,3809149,34366548,228022220,3791732,34386925,77439,2741385
1635288982.1799104,3692400,35445050,5516937,74001,3614224,34498889,228136337,3798568,34408321,76547,2710579
1635288982.2800114,3722849,35381439,5511460,76160,3738173,34206119,228023854,3699370,34354242,73250,2760034
1635288982.3801382,3639976,35014819,5425264,74441,3802203,34436179,228056246,3805548,34336044,75312,2603650
1635288982.480263,3717875,35305344,5519632,73726,3807147,34304221,228109834,3672650,34433378,73747,2742702
1635288982.5803864,3708832,35337874,5438593,73446,3722868,34328860,227950425,3819782,34347431,73083,2696598
1635288982.6805153,3724587,35383908,5507484,75620,3813801,34362429,228059768,3737401,34301646,75071,2716183
1635288982.7806385,3734896,35416644,5451771,71502,3520064,34298766,227919177,3768165,34304537,73573,2663073
1635288982.8807652,3589038,34937689,5504350,74229,3813083,34338402,227909352,3805702,34253390,74365,2694943
1635288982.9808965,3787027,35489496,5421799,74084,3810461,34382172,228047282,3679019,34366892,72022,2720645
1635288983.0810301,3692496,35232548,5487262,73777,3676782,34449501,228172194,3872604,34298421,74034,2643619
1635288983.1811602,3695146,35539668,5490965,77107,3818930,34379230,228028720,3609995,34267292,73292,2766082
1635288983.2812839,3581227,34886856,5416140,68437,3812833,34255115,228098156,3782853,34341839,73719,2785969
1635288983.3814087,3688089,35499849,5495338,74089,3794496,34360684,228120338,3751798,34438708,73268,2748417
1635288983.481536,3691829,35446295,5422474,60524,3802499,34291247,228037451,3813835,34380282,75594,2650397
1635288983.5816622,3626464,35038197,5527557,76988,3734199,34294968,228060551,3717398,34255653,77096,2667345
1635288983.6817858,3724219,35531910,5469308,78335,3682541,34258154,227997177,3795756,34373076,76707,2793069
1635288983.7819138,3731676,35028439,5445457,68836,3765038,34278114,228040244,3798569,34253916,73833,2695451
1635288983.8820372,3759523,35308669,5527393,75601,3820165,34253693,228075664,3661938,34326032,73080,2760189
1635288983.98216,3695186,35276914,5495306,73816,3621511,34452476,228085625,3799240,34465735,73965,2725035
1635288984.0822957,3707717,35242853,5520210,76559,3815500,34369530,228099047,3803944,34302592,73349,2581374
1635288984.182422,3612637,35014304,5515571,75126,3816434,34291394,228004696,3675396,34461906,74566,2755648
1635288984.2825449,3726889,35346398,5517593,76238,3636323,34388870,228100759,3803474,34269770,72347,2723663
1635288984.382677,3726470,35322256,5421492,77507,3815382,34252608,227884932,3808356,34371439,72531,2359855
1635288984.482808,3650799,35012666,5550586,76383,3591748,34206669,228144530,3735740,34298882,74231,2728977
1635288984.5829318,3738992,35505131,5505767,78997,3789246,34299075,228034339,3753578,34261030,73227,2753755
1635288984.683055,3690151,35115378,5420556,69375,3803409,34339658,228129681,3817595,34291272,75252,2578517
1635288984.7831852,3707433,35456133,5507293,74591,3803465,34336776,228066658,3677467,34359534,72942,2793040
1635288984.8833158,3695974,35415951,5470813,75757,3791184,34480222,228162977,3814645,34314873,72525,2591422
1635288984.98344,3613256,35284191,5517592,89965,3807386,34275669,228109707,3762947,34354686,72800,2788123
1635288985.0835738,3641034,34884300,5391451,63411,3754001,34205004,228141028,3709047,34374436,75757,2693454
1635288985.183707,3700169,35303430,5535492,75718,3715643,34321738,228038360,3812054,34317305,78422,2758127
1635288985.2838306,3716492,35518812,5363130,68202,3807976,34268048,227995975,3650765,34357075,78034,3005841
1635288985.3839545,3728479,35398131,5522491,75066,3680144,34278178,228007010,3818914,34244076,73324,2397779
1635288985.4840798,3720261,35360304,5516103,75936,3808779,34284949,227817031,3714493,34395611,73703,2732345
1635288985.5842066,3674919,35066740,5432015,61803,3804465,34289887,227992915,3810678,34372464,75004,2591114
1635288985.6843288,3708874,35364748,5526090,76418,3718025,34361399,228009585,3719776,34405475,73247,2742787
1635288985.7844546,3706169,35337928,5418000,69290,3799741,34347940,227972462,3806728,34310499,73507,2751828
1635288985.8845782,3691619,34952482,5509662,76910,3593335,34445730,228083788,3709928,34314468,74028,2602397
1635288985.9847045,3726268,35284067,5430571,69961,3778831,34358313,228005984,3760159,34500738,72773,2753787
1635288986.084833,3706280,35056577,5501984,72563,3815012,34338424,228129119,3819698,34362883,72088,2536527
1635288986.1849618,3737155,35385169,5505126,100705,3825909,34279522,228091683,3681365,34290600,72644,2763802
1635288986.2850943,3715707,35409879,5461243,76910,3682565,34290185,228039402,3820770,34279582,73041,2599235
1635288986.3852217,3668009,35450348,5502372,78955,3810404,34285980,228038376,3821979,34223528,74372,2609096
1635288986.4853473,3565886,35086787,5512012,71260,3817090,34173866,228071937,3699705,34325290,72699,2833165
1635288986.5854743,3690559,35520306,5508874,75502,3798072,34491494,228110616,3799713,34316488,72586,2768955
1635288986.6856053,3691437,35414453,5416005,78863,3812237,34341086,228077986,3768870,34268709,76568,2623235
1635288986.7857292,3622821,35072430,5544193,74768,3695850,34273619,227872858,3638870,34338588,76395,2726853
1635288986.8858519,3719976,35360939,5504366,78120,3832324,34275553,228018106,3783278,34507070,76559,2761224
1635288986.9859748,3710578,34991201,5401125,71932,3800175,34284492,227967363,3816332,34395477,73603,2676599
1635288987.0861075,3730274,35367767,5517986,74585,3788314,34229583,228000614,3674644,34293617,73394,2758282
1635288987.186234,3727804,35423784,5514375,77019,3751224,34404998,228100002,3809933,34349395,73460,2771554
1635288987.2863607,3606730,35104263,5367374,61402,3810082,34307177,228088421,3789870,34238422,74326,2627532
1635288987.3864896,3707199,35212436,5549610,74287,3783208,34334830,228059380,3694298,34381429,72066,2792475
1635288987.4866133,3736965,35331180,5513998,76197,3689422,34420761,228038073,3813620,34288277,73222,2785111
1635288987.686858,3784039,35283368,5547743,75946,3532930,34296904,228082496,3788211,34293901,73529,2724278
1635288987.7869806,3727625,35340633,5497552,74751,3807917,34309117,227917225,3797366,34379774,72380,2779773
1635288987.8871033,3664690,35000826,5427869,74170,3814532,34274531,228130999,3810829,34288033,75250,2589602
1635288987.9872265,3734523,35464587,5522906,75262,3773808,34318642,228162680,3704328,34323044,73411,2725827
1635288988.0873618,3706324,35604124,5444909,73337,3645600,34360761,228054273,3819652,34293094,73809,2717462
1635288988.1874936,3520040,35200582,5466777,70605,3827900,34320292,227935483,3770643,34218169,74477,2760824
1635288988.2876189,3689587,35380452,5479325,74498,3647615,34258259,227964873,3735697,34314154,75863,2727521
1635288988.387749,3810017,34375221,227948026,3809327,34279022,76052,2635295,3768431,35381857,5418804,74158
1635288988.4878793,3820172,34307052,227955847,3658896,34367478,76286,2774965,3542588,34915877,5523120,75140
1635288988.5880094,3671523,34305175,228091884,3810181,34455866,74650,2768480,3718168,35374919,5518988,78220
1635288988.7882597,3547457,34762714,5448892,69428,3824128,34318967,228110774,3736709,34503957,73847,2774167
1635288988.8883865,3717840,35488042,5535198,73857,3779419,34380105,228063882,3798070,34308335,73725,2791419
1635288988.9885106,3728852,35534453,5429758,61944,3798635,34273479,227978305,3604745,34212838,72706,2598394
1635288989.0886395,3639103,35107918,5529575,75653,3692280,34497058,228089178,3764554,34295433,73385,2703331
1635288989.1887705,3703637,35503249,5532696,77164,3680947,34475129,228112725,3799123,34280620,73004,2697963
1635288989.2888925,3709196,34922850,5437212,69556,3787043,34375476,228028312,3803117,34238862,74329,2747846
1635288989.3890202,3764166,35171514,5517233,75805,3812285,34268562,228055023,3665883,34301960,73493,2787816
1635288989.4891448,3688025,34278729,227998331,3818391,34361033,73321,2693162,3643205,35372297,5670745,72704
1635288989.5892718,3824799,34284379,228009227,3764756,34285981,73947,2598090,3534375,35399978,5490638,76918
1635288989.6893945,3729119,34223996,227991175,3759398,34311419,72423,2730135,3686781,35560075,5530392,77386
1635288989.88965,3701832,35360699,5431856,67615,3803797,34240962,228064539,3679692,34302520,72366,2573348
1635288989.9897776,3675599,35338638,5530329,75931,3947758,35537860,235633533,3938361,35418553,237746,5250063
1635288990.0899127,3790724,36303989,5593567,78895,3814283,34303748,228103512,3708725,34264122,75293,2691291
1635288990.1900127,3741983,35229941,5508610,76599,3671929,34356884,228115486,3680833,34322715,76502,2756821
1635288990.290136,3705916,35244486,5442074,75303,3784329,34171782,228011946,3800438,34449495,73494,2720104
1635288990.3902764,3669568,35092171,5477474,75258,3831313,34429625,228583139,3731067,34436200,73151,2742944
1635288990.490411,3711490,35410571,5501781,74254,3555122,34309616,228097354,3752025,34319624,73696,2784473
1635288990.5905342,3810314,34342156,228047113,3801020,34235925,72892,2600851,3724413,35129337,5301215,74997
1635288990.6906548,3801443,34323717,228076643,3673321,34301644,71655,2730771,3456006,35468820,5552499,75521
1635288990.7907758,3658369,34370513,227964603,3812117,34324017,72858,2765564,3764330,35570896,5504782,76734
1635288990.9910169,3484570,34802396,5442426,67984,3699152,34240646,227986767,3687803,34352959,74569,2710659
1635288991.091139,3713970,35339461,5514415,75357,3811960,34343801,228000148,3751417,34441738,73701,2770907
1635288991.1912599,3707538,35362209,5366720,61947,3815974,34239095,227825329,3798519,34411795,73572,2560835
1635288991.29138,3659400,35131011,5482623,74846,3666329,34291543,228074065,3803569,34383317,73021,2721875
1635288991.3915002,3666298,35510293,5507334,77695,3784035,34173113,228059568,3723291,34328731,73797,2790440
1635288991.4916193,3575834,34821945,5429289,68012,3872131,34455812,228127040,3822411,34251707,73896,2792529
1635288991.591739,3697619,35550788,5510830,73972,3800145,34233914,228046285,3666295,34316048,74888,2794242
1635288991.6918588,3752987,34390970,228062891,3796472,34314398,76891,2670481,3614769,35126843,5516682,60298
1635288991.7919788,3804851,34361806,228024444,3693027,34369832,76672,2722375,3733801,35083609,5454803,73458
1635288991.892098,3684820,34293247,228028869,3779882,34328027,73070,2718284,3691414,35150649,5536373,76140
1635288992.092339,3666246,34922244,5442843,68816,3810582,34242068,228142093,3680077,34382461,71948,2763773
1635288992.192459,3739280,35328801,5505806,73985,3685886,34375227,227893944,3864981,34205546,72691,2754470
1635288992.2925785,3712228,35293779,5454766,65481,3805338,34321699,227906138,3584271,34267580,73699,2662440
1635288992.3926985,3624367,35039536,5502569,74503,3601168,33589327,227966579,3889534,34329410,74090,2616706
1635288992.4928176,3732576,35589067,5510013,75980,3829872,34357311,228064325,3753277,34332747,73995,2745859
1635288992.5929494,3713715,35050584,5439871,69476,3405521,34283347,228108263,3816198,34236680,73119,2678416
1635288992.693076,3758417,35273816,5510714,75782,3783671,34293898,228134935,3667525,34338244,71694,2694021
1635288992.7931955,3643821,34371486,228071594,3805043,34327443,72757,2685287,3602591,35137373,5674054,76376
1635288992.8933146,3804923,34252195,228051980,3745078,34378450,73653,2592782,3698669,35568354,5480615,76584
1635288992.9934337,3738731,34366000,228049888,3711925,34413146,73400,2766902,3497391,35265480,5500147,78494
1635288993.193675,3702012,35226893,5440877,71929,3820031,34508175,228118624,3703414,34446367,71544,2469961
1635288993.2937934,3656516,35415290,5530361,76769,3674678,33392269,221580786,3634801,33227690,75739,2608429
1635288993.3939118,3480092,34412841,5178428,100682,3725603,33983751,226988589,3713686,34070629,70077,2738041
1635288993.4940295,3611760,35067613,5362911,124585,3596216,31248800,217014667,3525099,33143113,60058,2694169
