2021-10-26 22:48:20 modena root[564510] INFO [Watcher] Initialized
2021-10-26 22:48:20 modena root[564510] INFO [Timestamper] Initialized
2021-10-26 22:48:20 modena root[564510] INFO [SystemPerfmonDaemon] Initializing System Performance monitoring Daemon
2021-10-26 22:48:20 modena root[564510] INFO [SystemPerfmonDaemon] Number of cores on the system: 128
2021-10-26 22:48:20 modena root[564510] INFO [SystemPerfmonDaemon] Number of sockets on the system: 2
2021-10-26 22:48:20 modena root[564510] INFO [SystemPerfmonDaemon] python3 -u /nfs_homes/dmasouros/ThymesisFlow/libthymesisflow/scripts/read_counters.py
2021-10-26 22:48:20 modena root[564510] INFO [SystemPerfmonDaemon] Initializing System Performance monitoring Daemon
2021-10-26 22:48:20 modena root[564510] INFO [SystemPerfmonDaemon] Number of cores on the system: 128
2021-10-26 22:48:20 modena root[564510] INFO [SystemPerfmonDaemon] Number of sockets on the system: 2
2021-10-26 22:48:20 modena root[564510] INFO [SystemPerfmonDaemon] Starting monitoring S0 and FPGA
2021-10-26 22:48:20 modena root[564510] INFO [SystemPerfmonDaemon] perf stat -I 1000 -a -x, -e LLC-load-misses,LLC-loads,LLC-prefetches,mem-loads,mem-stores --per-socket | grep S0
2021-10-26 22:48:20 modena root[564510] INFO [Watcher] Active containers: memcached-server
2021-10-26 22:48:20 modena root[564510] INFO [containerDaemon564499] sudo perf stat -I 1000 -a -x, -e cache-misses,cache-references,cpu-cycles,L1-dcache-load-misses,L1-dcache-loads,L1-dcache-prefetches,L1-dcache-store-misses,L1-icache-load-misses,L1-icache-loads,L1-icache-prefetches,L2-load-misses -p 564499
2021-10-26 22:48:20 modena root[564510] INFO [containerDaemon564499] Started monitoring PID 564499 of container memcached-server
2021-10-26 22:48:22 modena root[564510] INFO [Watcher] Active containers: memcached-server
2021-10-26 22:48:23 modena root[564510] INFO [SystemPerfmonDaemon] [1635284900.0517244, '1125375', '4401106', '0', '11864809', '7323257', '8812', '1561', '368']
2021-10-26 22:48:23 modena root[564510] INFO [SystemPerfmonDaemon] [1635284902.9046924, '2801435', '6955902', '0', '22837761', '18248297', '5855', '1309', '369']
2021-10-26 22:48:23 modena root[564510] INFO [containerDaemon564499] [1635284900.0517244, '62823833', '557238388', '3960258759', '62908710', '551772765', '1535239', '56149875', '61345689', '576370147', '92261580', '2426544']
2021-10-26 22:48:24 modena root[564510] INFO [SystemPerfmonDaemon] [1635284902.9046924, '5130867', '15550564', '0', '35315746', '28663957', '47495', '8502', '367']
2021-10-26 22:48:24 modena root[564510] INFO [SystemPerfmonDaemon] [1635284903.8556645, '5074338', '17255660', '0', '32940245', '33726866', '8329', '9624', '383']
2021-10-26 22:48:24 modena root[564510] INFO [containerDaemon564499] [1635284902.9046924, '118533582', '1043745705', '7354931946', '117939854', '1049218930', '2412224', '109297133', '117699009', '1103251963', '175559391', '4848964']
2021-10-26 22:48:24 modena root[564510] INFO [Watcher] Active containers: memtier-benchmark memcached-server
2021-10-26 22:48:25 modena root[564510] INFO [SystemPerfmonDaemon] [1635284903.8556645, '5208970', '15252657', '0', '36482947', '28709762', '2731', '1988', '373']
2021-10-26 22:48:25 modena root[564510] INFO [containerDaemon564499] [1635284903.8556645, '117900625', '1045868289', '7361984420', '118917352', '1052103638', '2479096', '109458237', '117793144', '1103578072', '175588640', '4830106']
2021-10-26 22:48:25 modena root[564510] INFO [SystemPerfmonDaemon] [1635284904.8066347, '5139176', '17272651', '0', '37030921', '34483992', '1748', '739', '372']
2021-10-26 22:48:26 modena root[564510] INFO [containerDaemon564499] [1635284904.8066347, '118344761', '1049565264', '7363321300', '118631728', '1051209284', '2478830', '109102869', '117586622', '1101693272', '174311664', '4835526']
2021-10-26 22:48:26 modena root[564510] INFO [SystemPerfmonDaemon] [1635284905.7576025, '5133310', '14815102', '0', '35740009', '28682454', '1709', '569', '369']
2021-10-26 22:48:27 modena root[564510] INFO [containerDaemon564499] [1635284905.7576025, '118473788', '1049675842', '7360929773', '118586831', '1050294268', '2447645', '108421748', '119008337', '1094283881', '172927470', '4842142']
2021-10-26 22:48:27 modena root[564510] INFO [SystemPerfmonDaemon] [1635284906.708564, '5047652', '16811133', '0', '35842498', '33499025', '1190', '646', '373']
2021-10-26 22:48:28 modena root[564510] INFO [containerDaemon564499] [1635284906.708564, '118566259', '1050217411', '7360808673', '118687860', '1052809415', '2439057', '109293320', '117855960', '1099801580', '174246421', '4823105']
2021-10-26 22:48:28 modena root[564510] INFO [SystemPerfmonDaemon] [1635284907.659529, '5145089', '14872218', '0', '34676193', '28798120', '527', '356', '379']
2021-10-26 22:48:29 modena root[564510] INFO [Watcher] Active containers: memtier-benchmark memcached-server
2021-10-26 22:48:29 modena root[564510] INFO [containerDaemon564499] [1635284908.6100163, '117991041', '1043618402', '7343596207', '117794459', '1046301051', '2486228', '108873486', '115513365', '1101134545', '172930599', '4828830']
2021-10-26 22:48:29 modena root[564510] INFO [SystemPerfmonDaemon] [1635284908.6100163, '5178658', '16985318', '0', '36166465', '33586464', '16984', '5549', '369']
2021-10-26 22:48:30 modena root[564510] INFO [containerDaemon564499] [1635284909.5609865, '117007530', '1035825490', '7362007489', '117976532', '1047486723', '2533457', '109018560', '117119505', '1095466294', '171231270', '4872058']
2021-10-26 22:48:30 modena root[564510] INFO [SystemPerfmonDaemon] [1635284909.5609865, '5133290', '14904916', '0', '34465147', '28668767', '1838', '1769', '387']
2021-10-26 22:48:31 modena root[564510] INFO [containerDaemon564499] [1635284910.5119584, '117959471', '1042929767', '7378598728', '117883836', '1045580343', '2510006', '109595456', '117631171', '1102337523', '173448274', '4896940']
2021-10-26 22:48:31 modena root[564510] INFO [SystemPerfmonDaemon] [1635284910.5119584, '5027249', '16956682', '0', '35764391', '32816622', '3847', '2317', '378']
2021-10-26 22:48:32 modena root[564510] INFO [containerDaemon564499] [1635284911.4629338, '118087562', '1042720635', '7337785830', '118469638', '1047873029', '2535917', '109396531', '117058477', '1097858822', '175090352', '4904159']
2021-10-26 22:48:32 modena root[564510] INFO [SystemPerfmonDaemon] [1635284911.4629338, '5530737', '15090341', '0', '33750558', '29314964', '697', '985', '394']
2021-10-26 22:48:33 modena root[564510] INFO [Watcher] Active containers: memtier-benchmark memcached-server
2021-10-26 22:48:33 modena root[564510] INFO [containerDaemon564499] [1635284912.4139063, '118338631', '1044609049', '7353619813', '118392361', '1046942540', '2520155', '109457167', '117644990', '1098697746', '173746043', '4841003']
2021-10-26 22:48:33 modena root[564510] INFO [SystemPerfmonDaemon] [1635284912.4139063, '5495876', '17108905', '0', '38357127', '35970479', '985', '1270', '391']
2021-10-26 22:48:34 modena root[564510] INFO [containerDaemon564499] [1635284913.3648782, '118136481', '1044727026', '7365250358', '118465282', '1044368390', '2486878', '109134175', '117593957', '1099375753', '172537524', '4851243']
2021-10-26 22:48:34 modena root[564510] INFO [SystemPerfmonDaemon] [1635284913.3648782, '5190876', '15971574', '0', '38198637', '28663504', '9111', '5039', '378']
2021-10-26 22:48:35 modena root[564510] INFO [containerDaemon564499] [1635284914.3158507, '118655919', '1047965080', '7381934251', '118962970', '1048602432', '2444084', '108216287', '118388309', '1097397637', '174750857', '4834072']
2021-10-26 22:48:35 modena root[564510] INFO [SystemPerfmonDaemon] [1635284914.3158507, '5014260', '17152466', '0', '32777858', '33618089', '2009', '2898', '393']
2021-10-26 22:48:36 modena root[564510] INFO [containerDaemon564499] [1635284915.2668173, '118481740', '1045202380', '7365609328', '118569800', '1051060343', '2507997', '109208231', '116727775', '1097372635', '175283515', '4807306']
2021-10-26 22:48:36 modena root[564510] INFO [SystemPerfmonDaemon] [1635284915.2668173, '5244538', '14686644', '0', '37053172', '29089680', '882', '1405', '396']
2021-10-26 22:48:37 modena root[564510] INFO [Watcher] Active containers: memtier-benchmark memcached-server
2021-10-26 22:48:37 modena root[564510] INFO [containerDaemon564499] [1635284916.217786, '100366711', '893520220', '6266161630', '100725596', '895729277', '2122208', '92566098', '99483878', '934195508', '147456003', '4178599']
2021-10-26 22:48:37 modena root[564510] INFO [SystemPerfmonDaemon] [1635284916.217786, '5064129', '17261511', '0', '37424653', '34449205', '517', '465', '379']
2021-10-26 22:48:38 modena root[564510] INFO [containerDaemon564499] [1635284917.1687527, '82619', '817672', '5979719', '87292', '834298', '1813', '83362', '30341', '949219', '143992', '3692']
2021-10-26 22:48:38 modena root[564510] INFO [SystemPerfmonDaemon] [1635284917.1687527, '5128501', '14773155', '0', '36373521', '28512754', '8260', '1815', '364']
2021-10-26 22:48:39 modena root[564510] WARNING [containerDaemon564499] Event L1-dcache-load-misses not counted
2021-10-26 22:48:39 modena root[564510] WARNING [containerDaemon564499] Event L1-dcache-loads not counted
2021-10-26 22:48:39 modena root[564510] WARNING [containerDaemon564499] Event L1-dcache-prefetches not counted
2021-10-26 22:48:39 modena root[564510] WARNING [containerDaemon564499] Event L1-icache-prefetches not counted
2021-10-26 22:48:39 modena root[564510] WARNING [containerDaemon564499] Event L2-load-misses not counted
2021-10-26 22:48:39 modena root[564510] INFO [SystemPerfmonDaemon] [1635284918.1197193, '4987663', '16902442', '0', '36987667', '33427060', '8150', '2975', '368']
2021-10-26 22:48:40 modena root[564510] CRITICAL [Watcher] Catched SIGINT... Cleaning up, please be patient
2021-10-26 22:48:40 modena root[564510] INFO [Watcher] Killing perf subprocesses
2021-10-26 22:48:40 modena root[564510] INFO [containerDaemon564499] Terminating PerfmonDaemon PID 564499 of container memcached-server
2021-10-26 22:48:40 modena root[564510] INFO [['1635284900.0517244' '62823833' '557238388' '3960258759' '62908710'
  '551772765' '1535239' '56149875' '61345689' '576370147' '92261580'
  '2426544']
 ['1635284902.9046924' '118533582' '1043745705' '7354931946' '117939854'
  '1049218930' '2412224' '109297133' '117699009' '1103251963' '175559391'
  '4848964']
 ['1635284903.8556645' '117900625' '1045868289' '7361984420' '118917352'
  '1052103638' '2479096' '109458237' '117793144' '1103578072' '175588640'
  '4830106']
 ['1635284904.8066347' '118344761' '1049565264' '7363321300' '118631728'
  '1051209284' '2478830' '109102869' '117586622' '1101693272' '174311664'
  '4835526']
 ['1635284905.7576025' '118473788' '1049675842' '7360929773' '118586831'
  '1050294268' '2447645' '108421748' '119008337' '1094283881' '172927470'
  '4842142']
 ['1635284906.708564' '118566259' '1050217411' '7360808673' '118687860'
  '1052809415' '2439057' '109293320' '117855960' '1099801580' '174246421'
  '4823105']
 ['1635284908.6100163' '117991041' '1043618402' '7343596207' '117794459'
  '1046301051' '2486228' '108873486' '115513365' '1101134545' '172930599'
  '4828830']
 ['1635284909.5609865' '117007530' '1035825490' '7362007489' '117976532'
  '1047486723' '2533457' '109018560' '117119505' '1095466294' '171231270'
  '4872058']
 ['1635284910.5119584' '117959471' '1042929767' '7378598728' '117883836'
  '1045580343' '2510006' '109595456' '117631171' '1102337523' '173448274'
  '4896940']
 ['1635284911.4629338' '118087562' '1042720635' '7337785830' '118469638'
  '1047873029' '2535917' '109396531' '117058477' '1097858822' '175090352'
  '4904159']
 ['1635284912.4139063' '118338631' '1044609049' '7353619813' '118392361'
  '1046942540' '2520155' '109457167' '117644990' '1098697746' '173746043'
  '4841003']
 ['1635284913.3648782' '118136481' '1044727026' '7365250358' '118465282'
  '1044368390' '2486878' '109134175' '117593957' '1099375753' '172537524'
  '4851243']
 ['1635284914.3158507' '118655919' '1047965080' '7381934251' '118962970'
  '1048602432' '2444084' '108216287' '118388309' '1097397637' '174750857'
  '4834072']
 ['1635284915.2668173' '118481740' '1045202380' '7365609328' '118569800'
  '1051060343' '2507997' '109208231' '116727775' '1097372635' '175283515'
  '4807306']
 ['1635284916.217786' '100366711' '893520220' '6266161630' '100725596'
  '895729277' '2122208' '92566098' '99483878' '934195508' '147456003'
  '4178599']
 ['1635284917.1687527' '82619' '817672' '5979719' '87292' '834298' '1813'
  '83362' '30341' '949219' '143992' '3692']]
2021-10-26 22:48:40 modena root[564510] INFO [containerDaemon564499] Results saved in /nfs_homes/dmasouros/project/src/profile/memcached/requests//1635284896/results_memcached-server_564499_perf.out
2021-10-26 22:48:40 modena root[564510] INFO [SystemPerfmonDaemon] Terminating FPGA monitoring subprocess
2021-10-26 22:48:40 modena root[564510] INFO [SystemPerfmonDaemon] Terminating Socket's monitoring subprocess
2021-10-26 22:48:40 modena root[564510] INFO (20, 9)
2021-10-26 22:48:40 modena root[564510] INFO [SystemPerfmonDaemon] System's monitoring results saved in /nfs_homes/dmasouros/project/src/profile/memcached/requests//1635284896/sysmon_results_perf.out
2021-10-26 22:48:40 modena root[564510] WARNING [containerDaemon564499] Event L1-dcache-load-misses not counted
2021-10-26 22:48:40 modena root[564510] WARNING [containerDaemon564499] Event L1-dcache-loads not counted
2021-10-26 22:48:40 modena root[564510] WARNING [containerDaemon564499] Event L1-dcache-prefetches not counted
2021-10-26 22:48:40 modena root[564510] WARNING [containerDaemon564499] Event L1-icache-prefetches not counted
2021-10-26 22:48:40 modena root[564510] WARNING [containerDaemon564499] Event L2-load-misses not counted
2021-10-26 22:48:41 modena root[564510] INFO Everything cleaned up. Thanks for using me :)
