1635290433.6049585,3144846,30773620,228325112,3305999,30490973,57925,2067778,3360866,31294507,4764016,140410
1635290436.3086114,3389139,30932636,228260850,3208371,31130460,57662,2260894,3163305,31541040,4671338,132276
1635290436.508901,3523720,34405311,228054112,3660653,34878881,66169,2546526,3691274,33858163,4670810,86270
1635290436.6090307,3555835,33873531,228054892,3605706,34928876,65867,2593725,3462114,34785568,5379638,62177
1635290436.7091553,3590972,34751205,228049758,3655844,35252560,67976,2602291,3725030,35176878,5275546,62142
1635290436.9094033,3612604,35307376,5374922,52313,3785199,34991962,228095418,3606680,34789960,68175,2663137
1635290437.00953,3601171,35157799,5357069,41494,3703227,34674433,228036263,3707579,34421924,66727,2627040
1635290437.1096563,3554643,35291215,5359758,43561,3591888,34908866,228175255,3700828,34698817,66674,2501935
1635290437.2097824,3590900,35374584,5276351,51879,3666844,34658230,228114656,3562174,34839973,67236,2613374
1635290437.309906,3644804,35463014,5371068,57658,3664573,34537358,228148884,3648097,34784327,65871,2672716
1635290437.4100175,3589748,35237758,5384539,51499,3460992,34653518,228104996,3658251,34827731,67106,2643467
1635290437.5101435,3653947,35275450,5354227,45267,3610244,34540025,228098015,3680222,34800260,65905,2518803
1635290437.6102707,3585228,34587445,228118268,3657107,34856814,65525,2557459,3583263,34801243,5167148,68357
1635290437.7103956,3647910,34571111,228066923,3681773,35093372,67669,2562351,3954326,34744763,5432227,64869
1635290437.8105197,3619196,34723188,228049023,3679793,34886181,67259,2684977,3597447,35269907,5340071,59637
1635290438.0107687,3622929,35232219,5387856,55428,3505995,34969971,228123018,3654177,34503944,67635,2400028
1635290438.1108918,3596383,35268964,5379339,69884,3712246,34803936,228023682,3684729,35010067,67959,2494006
1635290438.211015,3582666,35285101,5376344,45410,3651113,34651504,228146037,3499193,34623751,67482,2521690
1635290438.3111382,3593718,35235344,5319811,55925,3648987,34342232,228081972,3750046,34705889,66830,2487852
1635290438.4112637,3571269,35298452,5432064,57395,3690261,34120702,228164413,3672567,34646380,67490,2403655
1635290438.5113873,3472304,35177506,5376275,53983,3721344,34953296,228125961,3665666,34787994,65660,2657206
1635290438.611514,3685653,35309618,5365684,66525,3425176,34877282,228188487,3663322,34640904,68235,2475752
1635290438.711639,3748651,34692747,228105482,3663665,34812525,67658,2576535,3560205,35336924,4891166,59428
1635290438.8117623,3638755,34662352,228105700,3658757,34760960,65608,2540813,3383530,34635640,5316684,68188
1635290438.911888,3664818,34605991,228063381,3678059,34707906,67561,2582241,3623745,34808035,5390971,60597
1635290439.1121345,3652735,35373969,5377876,68545,3482562,34781255,228089001,3654096,34563105,68288,2693832
1635290439.21226,3578785,35118883,5387255,51552,3783555,34712185,228007674,3567065,34512310,69976,2491937
1635290439.312385,3574349,35075924,5373203,46856,3685263,34781524,228045910,3817072,34660081,70567,2525345
1635290439.4125082,3604517,35109578,5404544,67167,3663435,34937862,228028268,3583278,34409788,70077,2647255
1635290439.5126324,3724345,35302081,5312578,60790,3730669,33904564,228187357,3661610,34563825,67906,2580944
1635290439.6127536,3624790,35177310,5415178,58092,3402156,34472878,228231047,3677440,34622361,67809,2561851
1635290439.712876,3594424,35250950,5403045,65283,3863300,34666744,228139402,3653723,34613226,67099,2477310
1635290439.8130128,3754390,34695680,228141680,3646531,34357127,67177,2535892,3691775,35148919,4878124,50637
1635290439.9131393,3728849,34539998,228079595,3670273,34484759,67255,2506815,3536022,34378993,5272212,59834
1635290440.0132625,3662125,34563555,228091080,3716830,34526194,67164,2518725,3643424,34724859,5425293,62510
1635290440.2135108,3577181,35222111,5429209,69429,3772530,34630032,228170244,3641771,34247363,64683,2360660
1635290440.3136349,3584589,35185996,5444137,69369,3797989,34589481,228085492,3684724,34011354,65715,2514029
1635290440.4137602,3649469,35270594,5375902,52415,3703717,34472028,228054643,3592322,34391062,68387,2528984
1635290440.5138843,3697664,35376253,5330117,65084,3729918,34568386,228085797,3568053,34099043,68034,2491212
1635290440.6140108,3636393,35383160,5346122,65168,3660862,33865819,228089963,3724894,34409105,68219,2576491
1635290440.7141368,3624523,35211229,5379335,64584,3929948,34100371,228114342,3639798,34637299,67715,2659896
1635290440.8142612,3684397,35613507,5382125,67371,3805951,34595482,228097010,3659204,34533212,67312,2472292
1635290440.9143856,3712625,34671617,228022200,3667896,34553983,66741,2565461,3600496,35069304,5316473,52569
1635290441.0145102,3669759,34768757,228135945,3657739,34453956,68381,2679108,3554607,34096399,5259378,72605
1635290441.1146362,3674103,34726253,228134817,3770447,34522494,68004,2356438,2660396,34966071,5547181,65769
1635290441.3148873,3579582,34932960,5388834,63009,3810382,34457316,228146181,3653245,34434798,68113,2582326
1635290441.415013,3661744,35567573,5401203,72735,3681553,34556210,228042373,3650487,34428528,67694,2450548
1635290441.5151374,3648755,35202705,5466924,54155,3684653,34443442,228404953,3753667,34517483,66710,2600830
1635290441.6152608,3610806,35116636,5490342,72005,3828897,34366601,227999559,3601737,34362454,67506,2518968
1635290441.7153857,3624091,35078051,5432773,66065,3723768,34371882,228034058,3692348,34478511,67367,2667675
1635290441.8155107,3679835,35810041,5468271,69850,3372751,33731620,228093626,3680862,34614536,68584,2699634
1635290441.9156406,3608578,35083826,5414768,56614,3842416,34225655,228092320,3743291,34452854,69523,2517470
1635290442.015772,3667669,35273989,5400975,51263,3574570,34413778,228145058,3664764,34647113,67913,2667413
1635290442.115898,3552937,35171144,5489818,75666,3731215,34667081,228079544,3770116,34663401,67842,2476407
1635290442.2160234,3678645,35124938,5255367,67591,3684646,34613418,228073625,3679086,34545539,67946,2627920
1635290442.3161454,3519306,34587561,5196013,70948,3749825,34491037,228141324,3716896,34524723,68709,2761911
1635290442.4162679,3708203,34917187,5360493,65500,3827859,34741906,228139480,3729125,34495879,67720,2604352
1635290442.516389,3611438,34894301,5426468,73211,3823982,34532341,228110670,3671907,34604113,66943,2584230
1635290442.6165104,3633595,35089683,5421327,73499,3747867,34562313,228024989,3733067,34154381,70353,2576530
1635290442.7166328,3588675,35188745,5519984,72609,3668640,34304199,228015581,3817810,34193850,69845,2498923
1635290442.816769,3679952,35546579,5527905,69537,3600271,34265654,228877122,3779514,34337094,71811,2437948
1635290442.9168983,3688547,35556423,5403960,78271,3638988,34029914,228104872,3629518,33970772,69998,2639105
1635290443.017022,3635771,35101926,5430913,60768,3910433,34242140,228141113,3667108,34369931,70721,2638129
1635290443.1171455,3570804,35138866,5421956,86255,3846369,34173498,228099445,3679110,34536504,71238,2577238
1635290443.2172687,3604018,35099915,5507731,73044,3645797,34415081,228077821,3764223,34389614,71002,2584465
1635290443.3173907,3672972,35602922,5312086,77089,3671581,34479608,228104444,3840170,34401288,70050,2668805
1635290443.417513,3668898,34494604,5356842,78019,3763516,34549260,228164176,3822709,34512684,71267,2696638
1635290443.5176387,3668802,34968011,5389591,75636,3846233,34655875,228143516,3819039,34426705,71854,2580823
1635290443.6177642,3686334,35100873,5449133,76372,3733691,34445051,228068587,3786475,34416622,71222,2474087
1635290443.717889,3655729,35292990,5417757,60308,3670600,34564665,228107976,3835552,34164045,71166,2606260
1635290443.8180125,3676012,35314956,5381815,61367,3682882,34521953,228082417,3792430,34109316,70786,2491657
1635290443.918136,3702297,35500029,5485473,72448,3806580,34569060,228197715,3790527,33060967,70532,2191736
1635290444.0182576,3695104,35717901,5508700,73225,3588668,34385935,228187411,3792867,34339805,71636,2643387
1635290444.1183815,3704495,35484516,5519506,76673,3778693,34169278,228135835,3834917,34355396,70820,2507159
1635290444.2185035,3717710,35214543,5521087,73549,3638813,34111150,228105269,3777373,34409224,70565,2546015
1635290444.3186257,3632686,35123241,5521264,74428,3884292,34230061,228257560,3677560,34489922,70244,2674497
1635290444.418749,3547049,34951602,5481172,74573,3782221,34303590,228021997,3655292,33991751,70513,2683456
1635290444.518872,3706112,35371356,5370298,71333,3707639,34359126,228006885,3829844,34334124,71002,2645715
1635290444.6189957,3657958,35027278,5265217,74491,3743041,34475155,228082845,3813951,34299883,68386,2539917
1635290444.7191179,3823312,35292713,5442512,78631,3749115,34503596,228081555,3663103,34165190,68516,2459571
1635290444.8192432,3644004,34967002,5494099,73565,3820810,34158140,227740822,3624826,34015795,65781,2803541
1635290444.9193838,3641476,34866604,5421831,72285,3831301,34245742,228032661,3729086,34067929,68113,2495495
1635290445.0195143,3501443,34357496,228155384,3992916,33874213,69110,2648567,3718976,35229380,5530068,78948
1635290445.1196375,3824958,34343661,228113090,3591467,34258501,68085,2497243,3641014,35062366,5561568,74941
1635290445.219759,3850061,33982546,228193669,3705386,34222340,68197,2627135,3695325,35346369,5445366,70968
1635290445.3198833,3637453,34108337,228058725,3705978,34269774,69155,2580052,3689789,35417868,5487074,74253
1635290445.4200172,3706825,34042709,228181889,3809478,34285632,67771,2696957,3690285,35331736,5492337,83990
1635290445.520139,3690550,34193382,228072579,3696924,34357876,68587,2657031,3617616,33960677,4007522,60431
1635290445.6202607,3758458,34065865,228113084,3658448,34436504,68153,2642975,3607620,34086960,4632220,65994
1635290445.7203817,3769799,34337831,228096492,3825237,34422300,68885,2550400,3920581,35119924,5329571,63905
1635290445.8205025,3809831,34219838,228072853,3678616,34400153,68400,2647386,3677696,35064025,5520225,78579
1635290445.9206254,3789044,34330904,227989286,3832358,34397541,70644,2268876,3707400,35293083,5405979,73182
1635290446.020747,3598532,34398482,228109177,3835028,33994310,67747,2775500,3707575,35421269,5477721,81588
1635290446.120889,3818476,34413346,228073343,3637830,33985941,68439,2610879,3613560,34903377,5431784,59932
1635290446.221025,3607262,34491005,228132971,3769163,34150222,68616,2633183,3709919,35398703,5499497,78990
1635290446.3211486,3862211,34199205,228106956,3755850,34073094,68011,2578149,3623175,35067791,5482924,73992
1635290446.421271,3594287,33915024,228116814,3654342,34452134,68187,2643592,3657015,35254478,5505007,72452
1635290446.5213957,3805506,34104553,228182066,3813936,34098642,69409,2612846,3743805,34416503,5355726,86151
1635290446.6215203,3838522,34439568,228451948,3685662,34419463,69129,2683543,3680954,35526776,5483529,75621
1635290446.8217647,3821923,34298614,228046138,3678021,34264017,71550,2653261,3681500,35230407,5455351,74888
1635290446.9218838,3666990,34369499,228104501,3834308,34286728,70729,2665638,3759620,35182110,5452339,73021
1635290447.0220032,3804851,34265436,228030703,3659689,34292595,72785,2655909,3722549,35108396,5527815,76968
1635290447.222241,3695155,35220862,5508821,78902,3838819,34381991,228146803,3783482,34249328,68761,2546703
1635290447.3223603,3593698,35093053,5505535,64186,3694286,34387793,227960077,3822707,34181025,68746,2637880
1635290447.4224796,3724432,35372839,5541140,78113,3833187,34253969,228047014,3592939,34231190,67770,2627713
1635290447.5225978,3702525,35157541,5461771,70976,3770293,34224761,228058018,3870961,34283175,69218,2442933
1635290447.622716,3742828,35540081,5535616,76200,3674859,34095455,228139126,3680556,34397920,67436,2692138
1635290447.722834,3723887,35492272,5427164,78094,3793521,34412012,228091948,3833908,34465919,68490,2395502
1635290447.8229523,3631914,35042122,5577731,76855,3812203,34502274,228066661,3675124,34340171,69218,2651582
1635290447.923071,3610171,34481013,228098434,3819974,34413919,67913,2639821,3651368,34971671,5411573,78065
1635290448.02319,3831879,34359477,228056516,3805876,34402010,69992,2479627,3594726,34802792,5521092,76749
1635290448.1233096,3798231,34271828,228067757,3721863,34425463,67915,2631427,3685269,35503995,5498353,77461
1635290448.323561,3694391,35117592,5447332,73201,3832778,34316285,228132349,3731367,34156758,68794,2538883
1635290448.4236813,3719203,35453162,5523083,74898,3751700,34394889,227998056,3825628,34135370,67579,2670472
1635290448.5238006,3698950,35731977,5459604,63373,3818618,34264635,228007788,3583750,34128441,71164,2629759
1635290448.623919,3628668,35067552,5546842,74874,3713803,34212884,228054632,3797516,34378519,71997,2623789
1635290448.7240374,3702066,35398895,5532401,76016,3641096,34098933,228011338,3836414,34462134,70863,2649509
1635290448.8241565,3693738,35067652,5444556,70964,3811348,34425988,227992285,3829167,34435471,69244,2629906
1635290448.9242752,3765533,35234961,5534045,74288,3851670,34385156,228074469,3672249,34417101,67656,2643328
1635290449.0243936,3717110,34374525,228089364,3827464,34494806,67988,2574619,3636778,34757050,5253998,64936
1635290449.1245134,3839334,34343067,228070011,3738082,34305740,68439,2560950,3799168,34796635,5513977,77020
1635290449.2246323,3744887,34421363,228035576,3778603,34284723,69095,2631848,3703226,35485179,5563473,76926
1635290449.4248698,3728946,35207705,5470372,71028,3827655,34391186,228173773,3690155,34230585,69762,2574198
1635290449.5249884,3728116,35343881,5540607,73654,3589801,34483621,228081508,3807230,34123121,68359,2650002
1635290449.625107,3710962,35356368,5559344,79592,3832347,34416388,228045667,3805596,34080168,67864,2639501
1635290449.7252264,3587493,35031175,5598696,76903,3819427,34244743,228080846,3759747,34305925,69708,2522436
1635290449.8253453,3712390,35540643,5534695,77052,3517038,33813359,228083183,3672029,34511333,67912,2619340
1635290449.9254634,3671050,35385836,5430843,73887,3873173,34052401,228075548,3825021,34361333,69450,2448229
1635290450.0255818,3677903,35345295,5513550,75635,3848940,34333103,228007471,3680883,34320505,67869,2686804
1635290450.1257007,3618045,34359649,228043775,3840316,34360620,70966,2687829,3624804,35459936,5558439,80675
1635290450.2258186,3833008,34336816,228074055,3828555,34267987,72504,2474490,3517981,33950788,5324237,77396
1635290450.3259485,3802514,34364957,228100208,3701540,34388550,71779,2675928,3764658,35318686,5549949,76637
1635290450.5262053,3695761,35329311,5402150,78444,3818276,34419142,228079710,3674145,34408131,64994,2376098
1635290450.6263258,3666063,35177492,5556359,75366,3604519,34339697,228066355,3828697,34190334,70386,2649705
1635290450.726445,3710246,35360009,5543779,79904,3823084,34369106,227962443,3729224,34282506,69507,2659622
1635290450.826564,3714404,35134667,5425968,70392,3840188,34291661,228027807,3816900,34284153,67608,2489603
1635290450.9266832,3722528,35304125,5529766,75936,3944520,34200473,228172193,3727609,34317089,68824,2642030
1635290451.0268025,3728270,35518535,5533335,78155,3357049,34105600,228157057,3842901,34296121,66821,2556766
1635290451.1269212,3604729,35115557,5510710,64452,3846850,34295408,228021304,3771684,34313618,69167,2634760
1635290451.2270405,3677093,34340430,227978552,3786955,34315521,66781,2636876,3706204,35121331,5281681,78782
1635290451.32716,3775942,34419342,227962485,3835378,34376586,69284,2513456,3810306,35399037,5319957,70655
1635290451.427279,3841958,34393845,228045683,3681752,34395360,67767,2647809,3623603,34892146,5507423,77529
1635290451.627517,3660203,35532937,5491394,78363,3848531,34362682,228111270,3817508,34372519,67970,2545917
1635290451.7276366,3597225,35177446,5479066,70295,3827027,34287217,228093272,3721398,34099614,69255,2670815
1635290451.8277571,3715023,35668423,5548709,76453,3730148,34361322,228050173,3817903,34148017,71859,2689185
1635290451.927877,3722370,35434180,5367246,69917,3828465,34241782,228002476,3648051,34225581,72630,2609221
1635290452.0279958,3770763,35486950,5559495,74819,3746567,34049303,228070530,3734791,34363084,72064,2663439
1635290452.1281147,3728881,35274567,5557700,77429,3286780,34067428,228116155,3837888,34362164,68013,2664069
1635290452.2282338,3662185,34958036,5479200,63368,3818299,34492404,228092828,3834574,34405280,70286,2582758
1635290452.3283525,3841404,34447082,228113915,3673384,34526647,68268,2641998,3707226,35288203,5179748,77912
1635290452.428471,3694745,34373202,228169206,3823150,34434179,67570,2622497,3792493,34499605,5052525,72517
1635290452.5285997,3830363,34319233,228010126,3696538,34514598,69853,2589940,4437829,34833558,5484365,76834
1635290452.628722,3639740,34463654,228106998,3842238,34364038,67956,2154340,3724651,35240557,5471145,76426
1635290452.7288406,3842999,34367273,228069324,3831747,34317367,68488,2666581,4574477,33663177,4122090,52980
1635290452.8289592,3843689,34381497,228051870,3696492,34365974,70951,2459530,3763293,35445468,5531389,78259
1635290452.9290783,3673758,34430476,227985479,3813802,34126330,67435,2646622,3737540,35386400,5438247,70702
1635290453.0291967,3826347,34516638,227916216,3807240,34143885,68841,2701171,3610728,35110568,5551401,75064
1635290453.1293159,3771811,34306626,228118345,3776267,34247892,69891,2411064,3684493,35510639,5518821,77721
1635290453.2294335,3856748,33792294,228040722,3692476,34409789,66360,2648169,3700847,35325551,5439847,79972
1635290453.3295515,3667925,34066553,228050841,3822320,34429480,67995,2525575,3682178,35342584,5537535,67354
1635290453.429669,3828367,34195978,228097120,3689740,34398427,70525,2665832,3727473,35368441,5461144,76462
1635290453.529787,3722664,34343452,228009061,3842391,34456505,70685,2641245,3613404,35235328,5543592,77506
1635290453.629905,3843897,34452370,228038719,3840320,34435983,68899,2531313,3996780,35081923,5454296,71751
1635290453.7300138,3821770,34324071,228073185,3691053,34446641,68192,2232637,3509193,35009007,5419535,70061
1635290453.830134,3825721,34682442,229136057,3855435,34521854,69262,2615394,3862734,35468545,5546896,78106
1635290453.930253,3827030,34213273,228017343,3756320,34310557,67631,2682331,3596878,35016786,5460641,75359
1635290454.030372,3825651,34456290,228049088,3738651,34409747,68094,2593054,3714261,35371390,5541722,76353
1635290454.1304903,3704306,34421645,227968057,3822358,34211751,67954,2657261,3711054,35283089,5378150,72400
1635290454.2306094,3846553,34368254,227976790,3588750,34375386,67783,2631568,3783460,35123813,5576825,74999
1635290454.3307283,3408443,34062720,228156434,3822885,34458076,68298,2653530,3729521,35433815,5517224,74428
1635290454.4308472,3973365,34132780,228025365,3784699,34352638,68419,2631476,3741937,35401290,5448309,81207
1635290454.5309658,3815494,34193764,228148127,3850095,34406586,68501,2566440,3691578,35282760,5551753,77474
1635290454.6310937,3762606,34339580,228048269,3685158,34367444,68014,2648619,3689495,35553453,5222600,78077
1635290454.731219,3661465,34439734,228357202,3851903,34444098,66274,2664234,3538621,34065096,5356175,70932
1635290454.8313406,3842059,34615037,228072330,3839226,34428878,68394,2684187,3850117,35241439,5427444,72408
1635290454.9314597,3832991,34554050,228118413,3676425,34511537,71072,2672765,3714237,35195414,5508678,76191
1635290455.0315785,3618224,34410763,227999752,3838049,34598372,72710,2650046,3687716,35388175,5516251,78630
1635290455.1316977,3847313,34422079,228048413,3841664,34178778,68588,2650402,3623872,35058026,5557857,74852
1635290455.2318168,3845402,34364947,228027441,3613842,34412462,70034,2448551,3738047,35391889,5554048,75963
1635290455.3319354,3728918,34385734,228125113,3819047,34238509,69598,2678738,3736268,35535697,5474509,76862
1635290455.4320543,3847233,34281787,227808394,3802332,34244813,67799,2521888,3637028,35256889,5503039,71097
1635290455.5321732,3796294,34196923,228106628,3783400,34310267,69134,2651649,3724248,35427312,5566078,76719
1635290455.6322916,3689733,34179200,228078724,3723725,34361508,68014,2663194,3700654,35338427,5350035,75324
1635290455.7324102,3630708,34294773,228086504,3817452,34333698,69139,2625491,3736966,35269097,5485259,65636
1635290455.8325295,3857176,34519753,227995285,3705721,34478127,69377,2551809,3724951,35147045,5427726,75613
1635290455.9326484,3681503,34421788,228077869,3780959,34462537,67562,2625542,3677317,35133361,5418811,78908
1635290456.032767,3837883,34382964,228108399,3841782,34454532,68540,2599117,3858198,35095846,5377001,80403
1635290456.132885,3848593,34410367,228058290,3693586,34342115,66802,2550279,3673933,35081770,5521481,75688
1635290456.2330034,3687106,34340729,228142295,3844684,34300831,68772,2531345,3719400,35655894,5559297,79021
1635290456.3831947,3833783,34401758,228084732,3787839,34140719,66644,2699756,3641086,35068332,5508978,71254
1635290456.4833143,3825993,34417155,227983100,3831217,34182181,68426,2539970,3721944,35541957,5540220,74019
1635290456.583432,3746935,34534586,228116070,3813113,34265479,71085,2742792,3705296,35469507,5525432,76443
1635290456.6835504,3756136,34167848,228054603,3725587,34273909,70539,2641386,3608810,34965590,5483515,75646
1635290456.7836776,3776605,34123618,228107552,3766667,33988735,70436,2548332,3704699,35435041,5535789,74173
1635290456.8838017,3826621,34142126,228157566,3681584,34567807,66753,2643490,3699250,35456016,5449460,76351
1635290456.9839213,3748876,34361178,227908412,3839208,34431642,67197,2647875,3725711,35518769,5452283,75864
1635290457.0840418,3857327,34471770,227937875,3750234,34434237,69836,2698896,3782184,35347803,5438844,72835
1635290457.1841605,3581719,34465828,228034385,3783570,34434117,68881,2499586,3523356,34745824,5421410,75880
1635290457.2842793,3834544,34389943,227965498,3846624,34366119,70917,2629486,3900955,35328703,5472745,75197
1635290457.384398,3829845,34543488,228035458,3694085,34491834,69783,2644039,3693997,35165812,5546126,74854
1635290457.4845173,3676231,34590299,228057775,3892710,34275431,69907,2558616,3733636,35389150,5523857,76458
1635290457.5846367,3804887,34613149,228021747,3809161,34228603,69635,2670275,3718872,35140448,5441324,69929
1635290457.684755,3845332,34479214,228028926,3598504,34299558,69860,2582722,3726461,35410920,5527072,74592
1635290457.7848747,3640581,34254073,228037336,3746199,34552933,70779,2624984,3705660,35518217,5521954,76453
1635290457.8849945,3803577,34213650,228061319,3814423,34477552,69921,2679416,3684206,35394853,5434586,68175
1635290457.985113,3825210,34241150,228108346,3841411,34471932,69366,2558170,3737884,35583516,5555132,73171
1635290458.0852325,3816109,34477515,227991115,3703514,33825321,72840,2527445,3765216,35670705,5475694,76033
1635290458.1853504,3800453,34451077,228018786,3850840,34471791,72456,2611503,3618625,34814684,5282992,76082
1635290458.2854686,3846649,34420147,228000972,3836320,34393096,71244,2557737,3840193,35049239,5508334,61555
1635290458.3855867,3822207,34471371,227975183,3690757,34502202,69829,2646310,3743956,35146721,5536575,74778
1635290458.4857044,3694577,34511519,228022412,3827813,34527873,69679,2631449,3729662,35230922,5504481,72246
1635290458.5858226,3843967,34564486,228059269,3805804,34544203,69839,2643011,3566183,34997127,5603178,70817
1635290458.6859455,3836869,34464514,228016157,3641236,34294973,70709,2282432,3711398,35490204,5556991,74249
1635290458.7860634,3649235,34519765,227900628,3785688,34309654,70173,2648402,3717547,35373191,5520746,75496
1635290458.8862,3824707,34295748,228076869,3832802,34283450,70263,2620757,3665080,35177677,5434795,75762
1635290458.986323,3792905,34152402,228079687,3874154,34385522,70029,2528243,3777147,35527133,5529746,74167
1635290459.0864437,3817195,34232711,228052658,3686362,34489605,69263,2677117,3716323,35716854,5538837,74234
1635290459.1865623,3830709,34354990,228075205,3842772,34451910,70381,2745002,3675078,35226283,5514636,76854
1635290459.2866802,3630964,34545677,228015435,3844900,34455713,68836,2545006,3722394,35448872,5319132,78975
1635290459.3867986,3822916,34639067,228009274,3680972,34464999,71513,2673904,3637768,35022681,5386680,60644
1635290459.486916,3607369,34502377,228078823,3835408,34569831,72598,2597736,3738863,35276134,5520469,77337
1635290459.5870345,3829082,34499134,228047466,3842565,34630713,75345,2649536,3768601,35309059,5419678,67124
1635290459.6871526,3847047,34412904,228024427,3693174,34600219,76711,2745102,3728500,35489982,5528244,74771
1635290459.787272,3759650,34508160,228029324,3834582,34374432,70200,2287527,3738076,35513778,5536363,75090
1635290459.8873918,3853532,34529098,228016389,3784121,34324629,70365,2625456,3748855,35600016,5422450,77308
1635290459.9875104,3846075,34401701,228106818,3634908,34326858,70031,2550775,3630444,35316829,5514606,72857
1635290460.087629,3704942,34354769,228073526,3847411,34261109,71235,2557138,3732433,35385837,5537998,73431
1635290460.187748,3806171,34366415,228130743,3668783,34460428,71949,2637527,3708256,35577780,5502344,71690
1635290460.2878659,3796590,34421483,228062604,3819954,34494475,71600,2682883,3552271,34979301,5531681,68179
1635290460.3879836,3694679,34567209,228049611,3814173,34548938,72727,2645250,3725000,35645144,5441927,75479
1635290460.4881022,3842169,34417593,228156976,3673826,34629626,70483,2636138,3713645,35124497,5369883,63348
1635290460.5882201,3661469,34493959,228131378,3839497,34488945,71335,2566047,3678507,34889254,5400807,76111
1635290460.6883373,3829646,34474996,228050836,3833777,34543097,72357,2613454,3678612,35235993,5591572,75071
1635290460.7884557,3832102,34442127,228063169,3681830,34434561,70507,2580515,3697965,35797349,5554809,75518
1635290460.8885744,3742230,34462932,228112650,3858524,34200180,72733,2303936,3740604,35646750,5555333,76691
1635290460.9887009,3814636,34356071,228064588,3816554,34088145,73393,2677078,3646545,35077318,5452113,61589
1635290461.0888307,3811755,34500640,228059883,3652744,34198064,73598,2526576,3732923,35411281,5550016,73691
1635290461.188951,3688222,34243893,228051704,3726629,34442680,73379,2668089,3707844,35420217,5542449,77575
1635290461.2890697,3821085,34340956,227945565,3804597,34524948,71468,2619232,3597631,34960326,5534152,69944
1635290461.3891873,3815359,34279179,228118186,3816337,34589521,72060,2538228,3731817,35461670,5557563,74111
1635290461.4893053,3834829,34408106,228012760,3682379,34526499,69961,2612276,4197059,30729685,1725106,76443
1635290461.6895447,3823764,34509952,228067305,3712938,34448563,72593,2591027,3707134,35105593,5483638,75167
1635290461.7896645,3770888,34458580,228045458,3717065,34531432,71481,2664812,3823417,35415234,5562488,75778
1635290461.8897831,3668844,34648624,228041494,3832706,34478983,71057,2615949,3711440,35470874,5418475,71182
1635290462.09002,3729776,35191478,5512766,75453,3452497,34342731,228083949,3771012,34253882,70556,2630455
1635290462.1901386,3714668,35407527,5510523,75144,3834542,34264196,227874619,3824699,34281063,70353,2669713
1635290462.2902575,3698337,34992497,5423535,74291,3830666,34204530,227960161,3804027,34369228,71922,2514700
1635290462.3903759,3740988,35276758,5516444,75409,3759994,34323437,227980258,3634794,33651650,69077,2663362
1635290462.4904943,3699252,35251450,5394565,72368,3654977,34395652,228050282,3838613,34298409,73353,2675888
1635290462.5906124,3680806,35100704,5496345,74814,3838712,34259207,227963898,3762490,34236238,73647,2653110
1635290462.6907318,3718124,35381061,5493093,75118,3573041,34177162,228034725,3765901,34290134,72417,2636465
1635290462.7908518,3822674,34290636,228092132,3837771,34273674,69993,2524179,3712612,35270706,5432315,70866
1635290462.8909712,3805123,34281362,228023650,3665230,34259768,69112,2628777,3526850,34762497,5528111,73893
1635290462.9910896,3671244,34228428,228045191,3813791,34215653,70897,2692309,3701919,35089124,5508952,76265
1635290463.1913466,3597048,34711531,5430026,68747,3800574,34147554,228126214,3717844,34228500,69682,2625615
1635290463.291471,3702305,35226541,5518335,74144,3702608,34261733,227980506,3814531,34225242,70130,2654105
1635290463.3915913,3698456,35287835,5443290,62581,3829253,34212244,228061781,3608173,34236927,68085,2579967
1635290463.4917111,3608314,35017435,5518677,74528,3694913,34211763,228002120,3829844,34168806,70831,2537443
1635290463.59183,3711402,35430141,5502514,76467,3664619,34200182,228106291,3771405,34209442,69748,2624884
1635290463.6919496,3694667,35145618,5429778,69581,3834211,34264676,228044577,3825479,34212838,69468,2433788
1635290463.7920694,3654060,35258661,5518693,68542,3819891,34275964,228048086,3661171,34199792,69438,2648547
1635290463.8921883,3584813,34265650,228013970,3811303,34305620,69393,2684720,3595275,34872199,5458561,77434
1635290463.9923072,3831867,34208082,227990844,3807286,34284105,70204,2456003,4077534,35339925,5433088,69740
1635290464.0924263,3827078,34117945,227963724,3679194,34259771,72965,2655109,3678328,35287853,5529719,75010
1635290464.2926664,3701020,35193975,5447785,76772,3820106,34116873,228045218,3667222,34092310,70295,2495284
1635290464.3927855,3622028,35009408,5528194,75030,3616659,34184724,228097179,3870132,34318773,74814,2649329
1635290464.4929044,3712519,35430597,5517612,77801,3805312,34254908,228023041,3809728,34248410,69671,2652318
1635290464.593023,3690582,34977418,5424390,68264,3811439,34287527,227933356,3807211,34225126,69489,2487569
1635290464.6931412,3688250,35259545,5527745,74588,3881438,34288414,228087142,3676789,34256199,70027,2622039
1635290464.7932603,3691773,35262084,5499002,70645,3684706,34413101,228178892,3815922,34268359,69362,2538753
1635290464.8933792,3558525,34927449,5460380,63330,3810299,34240269,228032267,3759286,34250141,70806,2623825
1635290464.993498,3743850,34194380,228043245,3722588,34284692,70289,2640551,3699615,35211342,5507059,77942
1635290465.0936172,3739738,34306441,228040435,3840012,34231273,70195,2576688,4282539,36039168,5401451,68181
1635290465.1937358,3811779,34177110,228048227,3676974,34203839,70314,2622051,3581055,34890327,5485913,75876
1635290465.3939848,3711964,35507668,5511495,77587,3838143,34329761,228059319,3831273,34265038,69386,2587811
1635290465.4941037,3612880,35041711,5453849,60419,3803992,34405031,228044637,3777889,34281779,70314,2640248
1635290465.594222,3690782,35347205,5508430,75668,3678590,34411832,227896273,3578310,34266393,69457,2661667
1635290465.69434,3673114,35387427,5366278,69342,3835085,34337727,228010683,3819033,34389917,71976,2694002
1635290465.7944605,3743022,35152756,5538421,70516,3696283,34332930,227994049,3809368,34369278,73003,2474544
1635290465.89458,3694747,35227655,5520079,75592,3800945,34247537,228127728,3743610,34369700,72604,2662974
1635290465.9946983,3705249,35138007,5428400,77771,3832458,34229078,227994156,3824807,34245889,70756,2462273
1635290466.0948167,3835449,34198086,227978263,3682607,34283664,69355,2633799,3721520,35065453,5362119,75666
1635290466.1949346,3677257,34224969,228006366,3833008,34242052,69133,2658760,3535846,35464509,5638950,76899
1635290466.2950528,3813838,34339598,228072095,3838634,34239759,70220,2402907,3586302,34945132,5527755,69479
1635290466.4952893,3714841,35296060,5524100,74577,3823458,34384009,228020695,3815053,34201983,70200,2686201
1635290466.5954077,3711629,35237284,5447490,76305,3836389,34249975,228006971,3715990,34325611,69813,2541109
1635290466.6955266,3623818,34907343,5508098,75371,3770232,34357367,227968884,3759371,34391694,70963,2587327
1635290466.7956455,3692634,35314733,5493286,75118,3707205,34285599,227981660,3823807,34317874,70740,2628794
1635290466.8957634,3689772,35279542,5341593,71430,3896069,34126145,228061092,3780400,34236971,69655,2643684
1635290466.9958818,3788365,35337609,5572115,74148,3397715,34250384,228059185,3677018,34284015,70026,2627950
1635290467.095999,3703378,35523608,5536189,75603,3449922,34344835,228075382,3823446,34349633,70605,2662661
1635290467.1961164,3811198,34361272,228038469,3818806,34257654,71284,2512376,3700059,35291126,5526067,73816
1635290467.296235,3812032,34330793,227968462,3666145,34281455,74130,2686047,3714915,35233994,5509129,74555
1635290467.3963666,3652605,34083624,228039397,3802407,34249709,73543,2671674,3565510,35110228,5499587,78197
1635290467.5966136,3519907,34881430,5488212,69576,3714288,34200603,228108384,3706183,34382168,71203,2645547
1635290467.696732,3696724,35249560,5530925,73901,3828847,34487571,228134437,3812443,34172137,71134,2644882
1635290467.7968516,3701009,35264580,5417588,67486,3829992,34244936,228033046,3806897,34153948,70021,2542098
1635290467.8969746,3622574,34982722,5534052,74604,3676459,34204082,227917964,3595028,34129375,71087,2608437
1635290467.9970937,3717070,35400107,5533705,76038,3796753,34170090,227974249,3818741,34232316,69057,2631530
1635290468.097212,3669365,34925005,5445891,68578,3295851,34195819,227971319,3844911,34180291,70020,2625733
1635290468.1973307,3733836,35190932,5524274,73681,3895695,34191650,227992246,3667462,34208591,70139,2641547
1635290468.297449,3706478,35137692,5464423,54706,3584097,34194972,228067267,3808524,34204472,69598,2596821
1635290468.3975682,3536770,34603022,5418208,73879,3864779,34274801,227971501,3729911,34435950,71817,2597707
1635290468.4977062,3689927,35173754,5452482,81255,3757230,34347694,228060989,3789858,34400212,70708,2652713
1635290468.5978434,3523906,35630855,5506352,77499,3727464,34339141,228011956,3849145,34342997,71434,2584787
1635290468.6979795,3761837,35421915,5461602,69978,3855885,34294987,228066362,3729496,34388966,69583,2631809
1635290468.7981157,3638861,35321171,5594019,75091,3667830,34353245,228069254,3813755,34193229,69993,2499485
1635290468.898253,3705220,35605434,5556787,77088,3787024,34427657,228035463,3766524,34374582,74760,2729094
1635290468.9983888,3703785,35287461,5445611,67592,3836419,34498477,227928845,3841845,34398132,73459,2599379
1635290469.0985255,3730595,35324414,5557530,73351,3662532,34555897,228120036,3828521,34441206,74290,2677037
1635290469.1986616,3708956,35413032,5544319,75755,4317875,34342200,228031928,3743918,34423026,70126,2658666
1635290469.2987967,3681724,35133106,5467687,76661,3379492,34301539,227920925,3831224,34504605,69861,2482570
1635290469.3989334,3756673,35238139,5547516,88509,3849102,34421361,228016151,3689657,34406117,70925,2649383
1635290469.499078,3698722,35385780,5452540,63706,3749981,34327577,228028234,3832323,33989416,70810,2661718
1635290469.5992217,3493419,35232895,5930047,74913,3839475,34267488,227997828,3832609,34277036,71198,2373299
1635290469.6993606,3848810,35653415,5567876,73855,3814977,34269579,228000061,3700668,34510358,71558,2795635
1635290469.799497,3679859,35408028,5512466,76751,3840215,34397313,228048448,3842301,34336592,71249,2325636
1635290469.899633,3674933,35437325,5458141,76155,3821531,34434974,228023728,3792166,34319678,71273,2633876
1635290469.9997697,3633832,35069661,5491561,73277,3823181,34339711,228006865,3730153,34514887,70762,2621516
1635290470.099906,3695651,35452392,5531728,76604,3700338,34401724,227983695,3830781,34474187,71570,2677007
1635290470.2000132,3686924,35584777,5385849,72402,3850275,34308428,228033337,3829046,34518512,71864,2651188
1635290470.3001487,3640353,35331213,5521957,75536,3356830,34373041,228083154,3724905,34397095,70914,2748888
1635290470.4002857,3677799,35533661,5517462,75302,4181907,34457276,228133390,3726181,34442191,74242,2672126
1635290470.5004232,3700768,35522033,5441027,59846,3839878,34400356,228040836,3859612,34399671,72955,2611851
1635290470.60056,3643818,35163827,5572043,75576,3829944,34309252,228019959,3781397,34408771,73067,2568043
1635290470.700696,3693583,35562838,5549794,75032,3785007,34338907,228025660,3755159,34541196,70214,2677199
1635290470.8008337,3702699,35358335,5512819,75291,3665673,34502614,228000318,3850164,34424810,70463,2446126
1635290470.900972,3577564,35150255,5397643,77609,3815072,34562762,228005797,3761938,34415957,70654,2656099
1635290471.0011086,3677800,35048647,5528588,75806,3845107,34398253,228075327,3688438,34490638,69411,2652526
1635290471.1012456,3719216,35434766,5535637,76365,3694271,34425955,227959017,3838791,34376968,69521,2678573
1635290471.2013826,3706525,35302570,5413344,68740,3852038,34369240,228057259,3823606,34435698,69994,2679433
1635290471.3015199,3714497,35150561,5548323,74525,3766704,34351520,227910634,3790773,34374640,71143,2403600
1635290471.4016569,3716236,35410399,5538304,74807,3844998,34257302,227987775,3640251,34446044,71265,2637275
1635290471.501795,3726060,35516264,5420361,77077,3745702,34335219,228059136,3895783,34383204,71380,2547771
1635290471.601944,3626973,35073426,5512989,75917,3817400,34343589,228045055,3753541,34329167,71004,2617831
1635290471.7020912,3716290,35031461,5447696,71906,3754953,34455601,228213536,3826003,34407532,72265,2658908
1635290471.8022327,3716482,35293843,5511171,75296,3720042,34503758,228008425,3835894,34324465,70377,2665528
1635290471.9023695,3720360,35991704,5519912,77165,3848900,34388544,228039306,3669690,34387998,74339,2675438
1635290472.0025065,3646709,34949075,5421273,69540,3469647,34364909,228046690,3808578,34476377,72935,2577851
1635290472.1026428,3702546,35432958,5566049,75726,3858251,34392155,228015500,3840994,34451732,69150,2653710
1635290472.2027805,3755148,35420593,5438735,73930,3849562,34333299,228024058,3684561,34439431,69896,2647452
1635290472.3029168,3689876,35303034,5559194,75128,3705407,34401722,227997059,3923372,34391726,69432,2535468
1635290472.4030528,3727132,35455206,5558941,76247,3773221,34463037,228047371,3613309,34382240,70304,2667034
1635290472.503189,3734223,35267837,5453755,67521,3820066,34379340,228034231,3830633,34411923,69880,2461974
1635290472.6033258,3682294,35294243,5542726,74652,3653993,34550539,228111879,3757479,34381303,69622,2644960
1635290472.703464,3713489,35338628,5541161,77093,3721782,34556563,228011084,3846767,34439096,70038,2671308
1635290472.803602,3696797,35254741,5428091,68499,3838131,34396395,228037763,3829842,34428328,70309,2633242
1635290472.9037387,3731417,35434671,5568896,75876,3781442,34377049,228049762,3695420,34503328,71295,2644968
1635290473.003874,3700741,35488450,5496262,76236,3680295,34366605,228003074,3808486,34400509,69577,2661854
1635290473.1040113,3627117,35087011,5406430,71436,3848944,34342053,228024684,3849942,34261042,70063,2472599
1635290473.204148,3752963,35450861,5505429,78381,3840593,34304573,228054654,3689448,34294497,70007,2624936
1635290473.3042839,3674911,35530402,5561263,74177,3703951,34337903,227955199,3827079,34338367,68887,2669882
1635290473.4044197,3705276,35637766,5538573,75959,3785295,34368193,227940809,3865735,34308679,74795,2623382
1635290473.5045555,3704127,35256483,5445734,70184,3830464,34354933,227919399,3608649,34384708,73582,2649749
1635290473.6046917,3710919,35456149,5548124,74460,3473741,34472209,228032043,3833603,34437014,73126,2653875
1635290473.7048273,3709538,35424470,5545299,74165,3871517,34410864,228023276,3796867,34378444,70626,2654448
1635290473.8049774,3707612,35185584,5446647,74885,3841924,34077222,227926882,3803847,34293687,69512,2524141
1635290473.9051185,3724618,35267048,5536386,75795,3842811,34344104,228034780,3689108,34360304,69546,2670784
1635290474.0052552,3685996,35320576,5555214,75517,3602116,34332940,228042962,3844267,34279098,70396,2652512
1635290474.1053908,3500569,34852510,5406413,69951,3847895,34362476,228045130,3840417,34260598,70185,2675406
1635290474.205526,3690909,35406282,5540213,75200,3842441,34231909,228107953,3686177,34289683,69115,2667187
1635290474.3056617,3656173,35519160,5525195,72260,3689954,34330592,228027370,3846142,34324153,69294,2641018
1635290474.4057977,3672447,35445332,5495024,62894,3824006,34333336,228107508,3793129,34293834,71126,2620127
1635290474.505934,3601422,35041864,5529248,72976,3817237,34375509,228058772,3705465,34381936,70503,2323695
1635290474.606071,3694880,35475542,5517361,75875,3655257,34409229,228040021,3798052,34403999,70072,2735079
1635290474.7062066,3668957,35496524,5408512,77599,3848080,34336721,227838133,3830705,34407722,69177,2401942
1635290474.8063433,3605118,35201997,5549358,69035,3824238,34350021,228008151,3789804,34399786,70360,2664155
1635290474.9064791,3693371,35528468,5540177,76327,3786133,34359817,228106925,3730069,34447969,73156,2681444
1635290475.0066144,3710959,35456979,5417795,69358,3599087,34291716,227943181,3850048,34374660,73567,2689557
1635290475.106751,3686978,35314976,5551751,78296,3856104,34437737,228071014,3781698,34437232,73085,2511307
1635290475.2068877,3694516,35505118,5495485,66970,3840174,34298241,228080497,3740058,34455666,70310,2646999
1635290475.3070238,3713184,35147727,5547244,71752,3827800,34478134,228074402,3843960,34392402,70506,2523047
1635290475.4071608,3672790,35305441,5521041,86687,3845750,34536278,228044481,3733826,34359288,70109,2687501
1635290475.5072975,3688747,35310750,5503850,73953,3791581,34367536,228008357,3732138,34477952,69718,2535438
1635290475.6074345,3653260,35133667,5558198,76131,3728912,34421889,228006909,3838972,34330098,72630,2641531
1635290475.7075696,3711887,35257892,5368894,71090,3847630,34400955,228016107,3742731,34406841,68739,3082721
1635290475.8077059,3775697,35303201,5590240,67635,3675980,34356603,228058889,3815376,34374884,70451,2637100
1635290475.90786,3709746,35531038,5513366,74668,3857614,34397471,228161289,3831840,34081282,70269,2680973
1635290476.0079992,3733754,35262317,5421201,74128,3810003,34379323,228060851,3786734,34350476,70131,2538368
1635290476.108137,3678267,35331968,5539307,73217,3723846,34355378,228046991,3710088,34360635,70343,2647562
1635290476.2082727,3664606,35553646,5531125,72207,3783361,34368936,228125981,3827047,34425145,69609,2670405
1635290476.3084078,3692572,35220469,5468117,74084,3741391,34506567,227949156,3847174,34350407,70231,2428736
1635290476.408544,3664978,35408632,5550873,74519,3838637,34371869,228007546,3678145,34458319,74078,2698528
1635290476.5086813,3714371,35360833,5558732,66258,3603500,34397626,228022824,3848916,34450459,73621,2666293
1635290476.608819,3615992,35304120,5510275,76902,3852462,34369253,228057643,3843590,34456874,70668,2575973
1635290476.7089548,3728515,35140532,5451751,68017,3851567,33721485,228015800,3634352,34391817,68822,2744652
1635290476.809091,3728216,35465834,5556510,70481,3756299,34371086,228094068,3854450,34352922,70001,2252540
1635290476.9092283,3737859,35466524,5562337,75966,3840987,34379352,228013077,3819298,34192104,69611,2638666
1635290477.009364,3650895,35020389,5461090,60199,3827246,34354340,228066349,3697777,34202777,71303,2545519
1635290477.1095004,3707287,35301417,5538221,75419,3677294,34401649,227944551,3731746,34304483,70372,2641344
1635290477.2096367,3723187,35203274,5486550,68910,3737328,34374675,228001580,3837811,34288917,70077,2642385
1635290477.3097723,3662469,34930476,3467200,74658,3855084,34384884,228124210,3690614,34323243,70647,2578560
1635290477.4099083,3704947,35172531,5513569,75439,3480330,34247548,228010245,3802469,34395647,69279,2695997
1635290477.5100212,3702552,35192429,5525069,77500,3848750,34312392,227938666,3845767,34361113,70176,2446101
1635290477.610155,3840685,34263694,227943562,3691319,34232623,71334,2651161,3695279,35560222,5541859,74894
1635290477.7102902,3694161,34469458,227999010,3845660,34329537,70776,2670422,3747786,35710988,5520154,74392
1635290477.8104267,3839088,34306521,227922208,3845336,34283817,69590,2471047,3604688,34930805,5522680,69693
1635290478.0107105,3710878,35270215,5533704,74549,3818674,34500355,228025047,3766589,34334544,74487,2665574
1635290478.1108568,3695920,35278215,5476467,77164,3849063,34385065,227925052,3831389,34268771,72434,2563459
1635290478.2109933,3622604,34924724,5514112,73293,3801199,34289720,228047506,3791137,34427944,74046,2592300
1635290478.3111298,3691945,35435497,5528256,75974,3811479,34307223,228013664,3723571,34535654,70215,2649235
1635290478.4112656,3709393,35385679,5352779,70687,3671658,34346429,228044275,3842806,34385263,70568,2637041
1635290478.5114021,3773520,35202290,5574635,74054,3840938,34269017,227977327,3719790,34310648,69977,2637569
1635290478.611539,3723231,35584490,5497341,74382,3542836,34384771,227966583,3792048,34284773,70638,2640376
1635290478.7116754,3848092,34532817,228067345,3850713,34270375,70085,2564490,3652669,35242719,5482628,73933
1635290478.8118122,3826383,34382784,227949688,3738111,34313012,71207,2607128,3538274,35039454,5551834,74223
1635290478.9119499,3755274,34406341,227897379,3775158,34394931,70511,2684525,3698742,35327790,5514342,75739
1635290479.1122234,3718467,35293825,5403920,75651,3854706,34332382,228003779,3727227,34416096,69829,2375356
1635290479.21236,3641470,35148660,5542335,74869,3713598,34264902,227943622,3810609,34435673,69983,2675295
1635290479.3124964,3703095,35464312,5524348,76329,3780810,34344507,228008046,3848095,34409863,69924,2678545
1635290479.4126341,3700404,35346634,5395986,67638,3895069,34297344,228044782,3799941,34317416,69432,2618861
1635290479.5127714,3808741,35426700,5550719,73755,3752391,34309481,228065140,3705843,34388722,73647,2608899
1635290479.6129072,3730071,35558517,5549138,75563,3492515,34394237,228043879,3820574,34399442,73255,2677102
1635290479.713045,3712610,35216313,5483810,76331,3849211,34432141,228116655,3841179,34446191,71416,2492851
1635290479.813183,3825386,34419288,228038770,3714214,34382270,70614,2618497,3722707,35316376,5504147,75136
1635290479.9133193,3756667,34385988,228054807,3768135,34476265,71147,2664872,3521958,35230055,5548287,76161
1635290480.0134556,3761381,34410747,228026416,3828304,34433291,69943,2663973,3704879,35208129,5415266,70892
1635290480.2137709,3795244,35293826,5582792,74316,3526814,34347586,228092224,3809033,34357829,70148,2655498
1635290480.3139086,3721735,35384354,5559502,75430,3846480,34529246,227952674,3843494,34388685,70274,2644986
1635290480.4140437,3714200,35358421,5465022,73347,3855154,34378904,227883304,3848879,34363807,69998,2566572
1635290480.514181,3644948,35284355,5548464,73419,3707419,34293310,227970330,3775626,34420363,70252,2627462
1635290480.614317,3703973,35538097,5551543,74927,3605809,34239907,228085394,3746647,34349403,69211,2649568
1635290480.7144527,3668278,35342437,5448435,69019,3901275,34488861,228131506,3836412,34430460,70170,2390219
1635290480.8145883,3604172,35172605,5551053,75084,3825920,34429793,227963322,3615358,33660448,69408,2670662
1635290480.914724,3622439,34351775,228062232,3846183,34470230,72610,2676177,3669171,35242815,5623603,76188
1635290481.0148594,3863928,34389053,228048433,3840941,34429292,73182,2493645,3906035,35323683,5456445,68253
1635290481.114998,3853654,34315573,228014689,3699075,34438859,73274,2699680,3643566,35066659,5560172,73643
1635290481.3152704,3703155,35346504,5553613,75150,3853322,34335531,227999664,3842957,34362197,69657,2621049
1635290481.4154062,3637031,35210624,5457432,60940,3840213,34316041,228026712,3768097,34306334,70240,2560335
1635290481.5155437,3701753,35378115,5544699,75571,3673855,34417604,227962235,3702834,34248587,69750,2655163
1635290481.615681,3704374,35297652,5472628,68961,3839274,34364497,228053527,3738589,34278698,69667,2643065
1635290481.715818,3641009,34966269,5543631,74566,3702750,34350733,227926564,3841388,34382100,71405,2405460
1635290481.8159547,3707135,35380876,5541078,74850,4284680,34291540,228056565,3676812,34453280,70712,2640645
1635290481.916091,3716612,35324854,5465708,76000,3843189,34300892,227881221,3835728,34384261,68962,2569902
1635290482.0162265,3846097,34351249,227935178,3801727,34281959,70941,2559187,3706501,35563265,5464926,74137
1635290482.1163628,3820371,34284848,227993631,3707932,34346372,69387,2658213,3507915,34694987,5494396,75195
1635290482.2164981,3716787,34304953,228047143,3845189,34278646,70382,2666176,3937111,35969517,5363142,71130
1635290482.4168165,3639552,35283513,5512985,73473,3540711,34299549,228034396,3784589,34298351,70647,2679584
1635290482.5171077,3684787,35429778,5535154,74782,3831320,34402995,228005089,3822780,34248008,75423,2676825
1635290482.6675026,3682653,35243910,5444016,74436,3842463,34344730,227972323,3656509,34316011,73530,2574128
1635290482.7676423,3651414,35077723,5549482,73871,3731006,34324780,228025085,3769362,34509824,73586,2667623
1635290482.8677788,3707771,35266951,5536436,75518,3822141,34274391,228033579,3800991,34469839,69327,2662895
1635290482.9679148,3681892,35202642,5446388,69237,3380322,34249927,228026071,3834716,34301627,70151,2503807
1635290483.0680509,3700471,35249459,5541026,72655,3852274,34305578,227943258,3679324,34244198,70610,2661231
1635290483.1681862,3611070,34297511,227899437,3833424,34220929,69491,2644683,3640628,35089630,5604051,78150
1635290483.2683244,3835194,34322957,227952713,3843578,34246949,71070,2464950,3715486,35319702,5530371,73491
1635290483.3684607,3822039,34335732,227935584,3693065,34331107,70611,2664362,3491429,35300259,5561788,74959
1635290483.4685965,3739722,34440930,228086158,3826654,34299764,70829,1861666,3683413,35214294,5488873,76741
1635290483.5687318,3828809,34337414,228034421,3733592,34318517,69777,2441378,3610498,35053380,5517249,74261
1635290483.6688676,3629536,34305692,228002447,3833400,34322797,67371,2600091,3695437,35441201,5517090,76379
1635290483.7690036,3794087,34303793,227955027,3817982,34364952,69914,2673052,3676849,35311005,5437430,66938
1635290483.8691385,3849949,34289300,227825041,3843400,34386778,70373,2557532,3670562,35543212,5551969,74012
1635290483.9692733,3679253,34290338,228063724,3839213,34388561,69572,2672234,3724805,35589800,5541866,75938
1635290484.0694082,3348446,34349209,228065060,3732166,34343999,73478,2674298,3696092,35263132,5488219,76171
1635290484.1695442,3833666,34334795,228049037,3844003,34280841,72866,2485297,3737497,35273857,5556148,70112
1635290484.2696798,3823757,34418744,228051624,3697947,34364274,73570,2698509,3703667,35338334,5471597,70733
1635290484.3698156,3717466,34455946,227985550,3827663,34360826,69243,2668136,3574336,35129699,5709479,75006
1635290484.4699714,3844394,34395151,227956213,3818735,34299818,71027,2434057,3889012,34815121,5458080,73899
1635290484.570088,3845161,34238272,227946305,3680542,34502774,69619,2317807,3581776,34943613,5526095,73643
1635290484.6702228,3853886,34402455,228048519,3849676,34454053,70993,2642473,3756414,35590751,5514488,76384
1635290484.7703583,3848716,34374214,227985578,3848021,34327708,69980,2635407,3615684,35203710,5511212,72607
1635290484.8704944,3851346,34394074,227990805,3757535,34372113,72486,2582664,3734221,35550670,5544602,74845
1635290484.97063,3623758,34576024,227880461,3744219,34284737,70586,2665230,3722180,35568843,3388677,72054
1635290485.0707653,3825804,34345816,228027194,3717780,34354482,70674,2671732,3714184,35115160,5543916,72902
1635290485.170901,3394356,34428856,228063044,3839255,34401871,70391,2672869,3702841,35457236,5541252,74851
1635290485.271037,4023957,34436902,228029198,3780213,34406766,69609,2645708,3683261,35360924,5439848,78328
1635290485.3711736,3847446,34467728,228158711,3838461,34401417,69902,2531060,3640795,35198529,5574062,76215
1635290485.4713101,3790024,34341017,228093625,3700731,34454788,71468,2632303,3707506,35482924,5372053,76083
1635290485.5714471,3739041,34376172,227984072,3808241,34366558,72465,2636084,3537934,34586643,5474201,73170
1635290485.6715832,3783457,34387124,227991336,3850546,34371120,73676,2582119,3812712,35310750,5519354,68723
1635290485.77172,3854624,34303337,227967832,3696662,34432739,73717,2661368,3703434,35404066,5579019,67424
1635290485.8718574,3633778,34374228,227925743,3837406,34368737,69021,2676190,3718397,35479556,5554551,75337
1635290485.971993,3808635,34425986,227909485,3834174,34406847,70585,2628735,3708721,35166309,5417263,67149
1635290486.0721297,3839134,34480349,227900650,3662931,34407764,70875,2509434,3719419,35351690,5543669,74331
1635290486.172266,3733637,34479226,228105008,3819438,34413968,70581,2656307,3698994,35376173,5520072,75634
1635290486.2724018,3874128,34426955,228011171,3813288,34415128,70412,2643136,3653617,35100534,5460321,62649
1635290486.372538,3833569,34338357,227949595,3834162,34421307,70870,2543514,3717095,35394516,5542208,76736
1635290486.4726746,3751517,34363895,228046166,3700719,34378759,68879,2641662,3702220,35440330,5455025,76061
1635290486.5728304,3700898,34378018,228082360,3854007,34249064,70214,2652467,3504153,35016183,5693087,65646
1635290486.673139,3847601,34378430,228028855,3826325,34296929,71220,2379364,3720874,35424641,5540481,75029
1635290486.7732754,3839567,34267983,227993698,3693814,34408245,70647,2708959,3689294,35577314,5532722,69537
1635290486.8734124,3838527,34354655,227956371,3854402,34294712,70376,2615144,3677578,35562315,5476341,75396
1635290486.9735496,3835693,34420045,228032960,3767432,34312661,70720,2583615,3620856,35232728,5520343,73441
1635290487.0736866,3804298,34366558,228014091,3740994,34325500,71267,2567070,3685872,35575246,5533842,76150
1635290487.1738229,3706682,33987452,227959591,3800046,34402672,73572,2700681,3713220,35296746,5349156,70466
1635290487.273962,3855805,34355774,227842605,3840941,34540093,73087,2675110,3738667,35292636,5538142,73045
1635290487.3740993,3473527,34241136,228005689,3839938,34490500,73706,2701889,3725188,35352281,5529891,74201
1635290487.4742355,3782513,34312433,227900277,3730092,34411363,69160,2655730,3714553,35280579,5468893,73736
1635290487.5743723,3815091,34398829,227917373,3848756,34390752,69791,2553388,3726429,35383701,5531867,73540
1635290487.674508,3852597,34410469,228063147,3700135,34299500,69460,2663464,3714911,35398469,5454912,74432
1635290487.774645,3727890,34499902,227978268,3846079,34364774,69896,2648441,3628451,35165016,5533977,69643
1635290487.874783,3844162,34470760,227951849,3845833,34323250,70176,2678234,3843043,35321019,5498167,71540
1635290487.9749203,3821989,34406047,228069809,3679184,34348897,70365,2647636,3530552,35128764,5472260,72832
1635290488.0750568,3619027,34356141,228016499,3832510,34455514,71430,2571899,3772694,35357598,5531334,76577
1635290488.175193,3848466,34375315,228009298,3839176,34395702,69897,2650340,3624923,35036031,5551566,73726
1635290488.2753294,3846297,34349222,228024804,3754338,34372689,70427,2521214,3714622,35444965,5526466,74922
1635290488.3754656,3745639,34349878,227989517,3849780,34306588,69513,2651297,3684034,35483418,5469642,76069
1635290488.475602,3853177,34242670,228042538,3667378,34351155,68997,2577318,3579546,35280502,5483185,62186
1635290488.5757387,3662763,34404442,228053877,3893289,34339029,71230,2644676,3686119,35456356,5553091,75554
1635290488.676762,3827578,34460858,228065450,3728527,34336743,73464,2674688,3688542,35114043,5288747,71315
1635290488.7769022,3830174,34513524,227979944,3849180,34277337,73107,2649212,3758309,35178407,5573881,73517
1635290488.8770425,3776046,34417614,227919738,3708203,34413014,74249,2607936,3707616,35339300,5521312,75090
1635290488.977179,3689783,34314578,227910301,3769059,34455886,69172,2648389,3612909,34854123,5372014,71050
1635290489.0773168,3853489,34280694,228071081,3840228,34386256,70315,2482236,3914138,35335409,5548971,77533
1635290489.1774535,3851430,34330237,227945550,3694533,34292795,70091,2639070,3677043,35294688,5543031,74415
1635290489.277589,3690870,34364630,228006793,3844863,34330233,69527,2641862,3724662,35364420,5560563,75811
1635290489.3777258,3844077,34432563,228017712,3845030,34301908,70336,2659862,3583588,35024710,5509954,69289
1635290489.4778621,3833464,34314132,228046415,3643314,34316534,71151,2517842,3718709,35444642,5568455,73364
1635290489.5779994,3856308,34542537,228140771,3842843,34400047,71104,2647434,3715875,35391412,5518953,76674
1635290489.6781359,3851563,34411886,227992640,3840881,34346927,70343,2633413,3591055,35019321,5482998,72429
1635290489.7782722,3843531,34445551,228052580,3831928,34257159,70307,2530298,3701379,35542431,5527593,74800
1635290489.8784091,3828012,34363771,228082205,3679796,34471547,70410,2648926,3664261,35455386,5486283,75468
1635290489.978546,3623350,34354398,228070254,3844548,34442956,68964,2653116,3578757,35149741,5443806,68048
1635290490.078682,3886345,34333983,227985140,3827140,34294642,69440,2665831,3705243,35456623,5556935,74187
1635290490.1788185,3773220,34236592,227992372,3716555,34395728,72946,2673212,3679927,35538773,5542130,73987
1635290490.2789543,3827044,34349677,227967605,3857971,34404913,73656,2658142,3722962,35418934,5471481,60940
1635290490.3790905,3845259,34331500,227978904,3756424,34419075,75333,2619794,3639378,35249890,5563083,73845
1635290490.4792259,3745214,34433958,228047489,3772287,34320444,71495,2378869,3723632,35351868,5548164,75321
1635290490.5793602,3711544,34543804,228055264,3775811,34485680,71228,2798119,3709467,35283938,5451990,68261
1635290490.6794965,3841252,34356130,227972216,3818126,34384941,70534,2410282,3676706,35110625,5540620,72825
1635290490.7796426,3632192,34172524,228129802,3782710,34478023,71249,2658832,3710066,35319467,5555316,75205
1635290490.879787,3908968,34298517,228064228,3724996,34409657,70435,2648196,3676306,35093740,5471038,66900
1635290490.979925,3690071,34384703,228006936,3851026,34347310,70473,2485774,3733472,35415870,5563698,73703
1635290491.0800846,3841245,34457219,228136347,3707594,34371317,70113,2643837,3727668,35438470,5518211,73692
1635290491.180219,3929734,34454992,228060383,3857993,34349353,69833,2631954,3650569,35235224,5560328,72116
1635290491.2803538,3849500,34383463,228011332,3855355,34290817,70716,2551182,3755596,35306498,5540424,67867
1635290491.3804886,3839124,34401565,228062001,3692653,34430958,71475,2690325,3597041,35350717,5512390,75409
1635290491.4806244,3693765,34499684,228011038,3841429,34326437,70456,2531036,3708073,35459908,5521406,74973
1635290491.5807614,3851801,34493537,228065987,3824365,34467336,69348,2666289,3440875,35196220,5620448,67782
1635290491.6808972,3855811,34379314,228078140,3726294,34580861,69988,2457485,3716106,35532486,5556749,73214
1635290491.781033,3866619,34421351,228002215,3836687,34375739,72567,2651552,3692347,35422061,5478660,77885
1635290491.8811696,3858304,34320466,228021946,3776422,34484178,73758,2602025,3611328,35105565,5492071,73932
1635290491.9813068,3719357,34402157,228064841,3793595,34407920,73733,2574939,3716994,35591273,5539645,76596
1635290492.0814438,3834919,34482388,228113758,3737415,34477371,70861,2681467,3710408,35544627,5358317,71176
1635290492.1815803,3838988,34407110,228096727,3853375,34378285,70643,2665396,3800277,35209156,5621463,74934
1635290492.2817173,3774990,34441661,228044145,3698703,34423524,70649,2680176,3717523,35346580,5526758,78115
1635290492.3818536,3463665,34517028,228059445,3823347,34365195,69694,2711536,3609933,35164999,5418477,54430
1635290492.4819903,3849666,34513753,228051674,3833101,34449988,71545,2543291,3909554,35174771,5532886,74619
1635290492.5821269,3851398,34388155,228072330,3686947,34505712,71378,2630581,3695275,35459332,5564982,75308
1635290492.682264,3690149,34394753,227984320,3857353,34413792,72442,2649570,3709338,35393852,5525868,76426
1635290492.782401,3845278,34362362,227976483,3844622,34215629,70597,2340446,3589078,34964484,5440165,67921
1635290492.882538,3861330,34371113,228102426,3608001,34301197,70942,2648632,3730625,33989035,4147904,72481
1635290492.982691,3997667,35595875,235584658,3970570,35335104,73766,2744382,3187062,37547277,5151604,82600
1635290493.0828397,3747979,34412803,227924625,3888780,34479678,70490,2603014,3632492,35601309,5529824,76436
1635290493.1829815,3698767,34408003,227943925,3711808,34471905,69933,2654992,3690981,35293124,5397869,71267
1635290493.2831192,3882638,34619974,228063083,3847896,34425272,70278,2690886,3702217,35514225,5522122,73016
1635290493.3832557,3856492,34485944,228016366,3680374,34535505,74159,2661527,3702972,35465369,5508802,74274
1635290493.5835302,3850429,34381632,227998526,3845304,34448466,70642,2523040,3816231,35463018,5451401,74697
1635290493.6836662,3852675,34321688,227988169,3699287,34565675,71090,2721492,3591429,35119630,5545928,74735
1635290493.783803,3687470,34360247,227914087,3842828,34439376,71151,2703601,3723641,35566732,5534799,75845
1635290493.9840767,3654302,35206250,5473540,67621,3826180,34431263,228066250,3771834,34341650,70001,2598687
1635290494.084214,3733661,35351517,5531722,73683,3617954,34455757,227858364,3767604,34287751,71206,2661842
1635290494.184351,3702420,35438729,5512315,75236,3850420,34355006,227948578,3670308,34391387,71285,2642419
1635290494.2844884,3593005,35036539,5580721,73698,3755613,34433204,227867244,3898813,34372048,71319,2501543
1635290494.3846262,3701847,35401293,5504969,74665,3772884,34274864,228106026,3691353,34526798,69601,2665005
1635290494.4847636,3700659,35507362,5430349,76326,3866016,34378915,227939435,3854461,34372261,71011,2428805
1635290494.584901,3629378,35174325,5544099,74804,3849977,34370643,228082126,3783051,34433196,71922,2663884
1635290494.6850371,3762825,34406512,228029551,3768401,34592103,69206,2509995,3478022,35652693,5561284,75528
1635290494.7851732,3800195,34297406,227669518,3811840,34301916,68694,2612902,3728572,35211188,5385756,105544
1635290494.885311,3764202,33945151,226163081,3762080,34005154,62384,2602545,3604991,34749004,5392238,118708
