1635291362.8876426,3719066,33728409,228147395,3431300,35594902,58006,2308805,3542880,35242451,5288953,68011
1635291362.9877632,3576468,34337838,228146361,3561007,34451387,79432,2522799,3475535,34716046,5258084,47823
1635291363.0878835,3695769,34490324,227965292,3546871,34779847,66522,2581938,3581983,35472009,5356070,46514
1635291363.188002,3622157,35119053,228108542,3679234,35182318,66860,2587040,3456839,35435505,5317945,57559
1635291363.288121,3840583,34949738,228051634,3661585,35132129,65794,2484371,3586534,35405690,5416477,70591
1635291363.3882396,3639251,35127473,227974894,3624938,35048318,66642,2527691,3581681,35502681,5364954,43985
1635291363.4883587,3619541,35101461,228113566,3682703,34974318,65399,2627032,3699084,35534609,5406974,59813
1635291363.5884778,3684993,35056124,228025759,3700355,35023235,65193,2519422,3608229,35460236,5381068,51055
1635291363.688597,3670936,34886273,227994708,3672438,35011979,65065,2682824,3571908,35318262,5381207,54668
1635291363.788727,3700661,35080138,228076682,3642792,35074777,66777,2656915,3617619,35635442,5383089,50188
1635291363.8888547,3805517,34849383,228069164,3747852,35253222,66810,2644553,3616341,35671105,5415608,61114
1635291363.9889762,3654314,35218693,228196530,3819974,35073390,68434,2597909,3649484,35480478,5401731,61024
1635291364.0890954,3708797,35069659,228058588,3618978,35125280,67601,2612993,3616740,35666887,5345734,52733
1635291364.1892147,3759356,34984348,228092482,3700896,35099917,66809,2560000,3614419,35602737,5402690,55327
1635291364.2893333,3581219,35101817,228078670,3712528,35113209,67697,2692268,3675830,35777059,5404480,61174
1635291364.389452,3893318,35050009,228074454,3706774,35060772,68352,2778031,3683963,35581389,5388134,61833
1635291364.4895723,3703410,35042904,228167663,3739407,34944391,69905,2770060,3587997,35625797,5394433,62791
1635291364.5896926,3649085,34960749,228131099,3705819,35054544,73072,2688575,3558421,35441276,5525537,65064
1635291364.739876,3699582,35023185,228084483,3711108,35013797,67573,2697965,3670619,35591143,5424729,53023
1635291364.8400147,3670639,34761717,228091724,3694985,34777889,68463,2732262,3647190,35710062,5412299,58445
1635291365.0402553,3725873,35374988,5450213,65366,3828542,34638367,228144227,3688532,34574888,68684,2596667
1635291365.140374,3597015,35502660,5470104,64457,3699206,34672769,227991532,3730896,34630903,66882,2570397
1635291365.2404935,3579888,35354359,5477338,52300,3692702,34500941,228055520,3618852,34646546,71867,2696955
1635291365.3406131,3593299,35199161,5480298,67959,3789719,34582006,227990382,3719142,34606859,71846,2727599
1635291365.440732,3604582,35159308,5490462,65950,3630628,34605913,228160016,3758154,34594283,70113,2569311
1635291365.5408502,3542321,35127020,5409936,57881,3551211,34534114,228033226,3778509,34496696,71133,2711088
1635291365.640969,3673907,35382749,5437801,70190,3816062,34606977,228104067,3679714,34749028,70228,2592011
1635291365.741088,3750387,34597793,228023237,3695412,34620587,72061,2695920,3624142,35504746,5391633,51437
1635291365.841207,3697620,34579670,228107146,3798457,34442653,67945,2564126,3543768,35189490,5467985,62445
1635291365.9413369,3765387,34353134,228054828,3670485,34405462,68128,2755169,3645081,35304716,5338634,64541
1635291366.1415837,3641526,35490123,5394372,69522,3584944,34477970,228085534,3754822,34528016,68270,2575915
1635291366.2417023,3592456,35093535,5459164,68645,3841991,34487530,227932236,3782074,34481653,68389,2725745
1635291366.3418214,3659873,35233405,5399452,69016,3685476,34385651,227953734,3700042,34512938,67215,2639734
1635291366.4419408,3670595,35382283,5397674,62991,3740977,34509938,228025571,3681631,34425466,67594,2706298
1635291366.5420597,3509387,34946504,5477787,63497,3598999,34629953,227954853,3749733,34467132,67772,2651042
1635291366.6421788,3668329,35458375,5389391,70554,3820474,34488265,228012052,3711168,34549723,67094,2706942
1635291366.7422984,3557361,35096648,5451768,60037,3541715,34360031,227994307,3797357,34429046,69936,2671119
1635291366.8424172,3790493,34653652,227988091,3688967,34372669,67861,2736803,3599362,35273474,5447692,53905
1635291366.9425366,3755428,34494039,228001978,3739194,34427491,67831,2625925,3495709,35146442,5468870,69009
1635291367.0426555,3700677,34461846,228054214,3723286,34440727,68004,2602181,3679420,35487534,5418009,68970
1635291367.2428927,3647848,35094082,5389109,64987,3460076,34359513,228060355,3862029,34372959,68010,2495306
1635291367.3430119,3586674,35193319,5480712,69263,3760425,34450636,228072014,3763100,34349504,69371,2619347
1635291367.4431307,3679840,35565175,5421876,56409,3776329,34487036,228069396,3672329,34385974,72620,2708044
1635291367.5432491,3675200,35220733,5371091,63692,3846114,34388323,228049681,3656655,34374704,71854,2749169
1635291367.6433675,3523731,34875363,5477333,66437,3820419,34231765,227898634,3674320,34465830,71143,2749588
1635291367.743486,3683138,35035033,5466731,71553,3592215,34301717,228003413,3773042,34380111,71719,2478316
1635291367.8436043,3665862,35278028,5502537,70154,3528989,34736372,228166240,3856200,34550841,73007,2564929
1635291367.943723,3624313,34452219,228032847,3846011,34530059,72233,2619740,3692391,35135121,5515818,74822
1635291368.0438418,3685463,34501023,228003444,3837284,34474928,72000,2573071,3519550,35458552,5500286,72984
1635291368.1439607,3714898,34492646,228015105,3832091,34564251,71938,2637632,3698487,35495943,5499987,72909
1635291368.3441992,3690903,35453326,5494799,72310,3734003,34530163,228071151,3847304,34470511,70976,2719277
1635291368.4443173,3676524,35490455,5481752,72374,3629909,34474271,228046302,3810613,34477995,73109,2612442
1635291368.5444362,3687980,35608510,5486631,76310,3685446,34507480,227927442,3829992,34440691,72653,2641897
1635291368.6445546,3669803,35442645,5486653,73407,3684753,34432806,227935753,3923157,34449725,73092,2549296
1635291368.7446733,3704918,35401225,5491042,73271,3952968,34665728,228053782,3813534,34433323,72444,2620923
1635291368.8447924,3701060,35457725,5504912,72731,3422326,34469869,228077542,3830138,34653214,72377,2597279
1635291368.944911,3692113,35236697,5499257,70430,3531083,34437172,228037811,3814791,34473542,71696,2596532
1635291369.0450296,3813766,34276007,228022291,3714876,34479714,71348,2767306,3598645,35373371,5889197,71297
1635291369.145149,3851862,34407387,228043425,3708780,34443760,72216,2803949,3537785,34348098,5428760,71889
1635291369.2452679,3837540,34532512,227933186,3713735,34441191,70825,2770847,3608343,35099173,5463487,67691
1635291369.4455047,3688955,35155399,5418568,68030,3856503,34421355,228023044,3834366,34497833,69945,2740565
1635291369.545623,3685062,35406523,5453175,72224,3639253,34392874,227981612,3834610,34411145,68609,2642726
1635291369.6457422,3674811,35436001,5505832,74619,3808634,34420213,227978971,3805051,34563711,69058,2609627
1635291369.745861,3653161,35265493,5486643,74577,3842214,34365054,228046741,3630769,34500780,67446,2821828
1635291369.84598,3479951,35055887,5556835,68824,3760737,34495005,228075822,3786916,34540670,68657,2724722
1635291369.9460983,3674673,35368531,5400988,70482,3415230,34374704,228035638,3826154,34375113,69507,2778085
1635291370.0462155,3686893,35379078,5490761,72626,3736593,34518352,228031267,3828013,34448999,69592,2576704
1635291370.1463342,3806826,34344003,228062784,3715900,34545200,67521,2759786,3594702,35097450,5566398,73099
1635291370.2464535,3847457,34419050,228057563,3703257,34382409,67838,2724568,3638640,35139848,5447256,73801
1635291370.3465724,3717300,34435554,228028721,3842342,34288319,69995,2528668,3859091,35282226,5337399,71588
1635291370.5468092,3720096,35591949,5500071,74893,3834363,34435398,228037207,3703020,34394493,69265,2560168
1635291370.6469276,3609549,35131054,5477920,75623,3818916,34476161,228054766,3776709,34340458,69242,2782703
1635291370.7470467,3683111,35278912,5411068,74989,3705163,34443536,228073860,3917437,34518431,69460,2656604
1635291370.847165,3680180,35309305,5480297,74730,3844023,34345953,227971650,3783416,34581970,68536,2735305
1635291370.947283,3690525,35078978,5485293,74390,3751832,34367996,227980317,3687757,34491260,68263,2718975
1635291371.0474014,3696915,35103868,5424426,68647,5023840,34271402,228028088,3844027,34339860,69433,2727485
1635291371.1475198,3701579,35533030,5467772,74359,3572383,34391845,228033965,3848403,34396639,68520,2569538
1635291371.2476375,3628435,35163116,5520118,49137,3942654,34357719,228138404,3688630,34419637,68823,2766084
1635291371.3477552,3684097,35172400,5385638,72528,3744884,34434508,228030299,3799741,34352838,69981,2612239
1635291371.447873,3688914,35088248,5332116,67675,3702622,34471818,228091641,3830447,34385003,68365,2774363
1635291371.547991,4580704,36071777,5607529,77399,3847505,34382631,228137152,3690478,34485008,67737,2294431
1635291371.6481106,3547570,34964683,5432949,75060,3857881,34367971,228026589,3848532,34362890,68332,2979027
1635291371.74823,3711279,35395638,5420923,79011,3668917,34339236,227928828,3820796,34268594,71243,2536996
1635291371.8483484,3679258,35488056,5477796,76708,3840526,34347976,228072328,3784734,34337241,68076,2802569
1635291371.9484665,3612170,35271370,5491743,74729,3698024,34351694,227889556,3673969,34290181,69098,2702822
1635291372.0485845,3686221,35522778,5460453,75255,3852995,34337065,228052717,3851420,34419786,68705,2800106
1635291372.1487038,3709396,35311548,5505702,74495,3979474,34235307,227947236,3740912,34347431,71316,2779608
1635291372.2488215,3673563,35147473,5427745,77909,3609275,34427348,227980738,3835961,34354499,72522,2696228
1635291372.3489392,3686040,35336352,5498351,63141,3884418,34381353,228095227,3821475,34506537,71993,2774745
1635291372.4490578,3576799,35081379,5640120,87302,3756496,34312706,228003425,3722705,34374507,72440,2704064
1635291372.5491753,3673089,35050225,5297868,70080,3693451,34374224,228082459,3850779,34394290,68689,2789870
1635291372.649293,3896197,36087723,5620172,79094,3855122,34336044,228112747,3705551,34376155,67948,2895089
1635291372.7494109,3609903,35244123,5473668,74710,3850303,34318217,227941051,3859900,34351197,69689,2442327
1635291372.8495302,3706056,35360436,5447466,75620,3812340,34333115,228435188,3705147,34418298,65719,2772350
1635291372.9496481,3689496,35284582,5498675,75124,3697204,34462685,228028267,3796176,34270514,68987,2681356
1635291373.0497665,3698089,35292085,5411852,69767,3859224,34401881,228034447,3741926,34327800,68747,2711055
1635291373.1498852,3727975,35307002,5495392,74614,3823054,34540289,228106941,3829220,34466020,68213,2720630
1635291373.2500095,3679660,35361494,5469369,76719,4023605,34364968,228074298,3801681,34426566,68377,2494989
1635291373.3501291,3604324,35086814,5503966,76776,3419171,34374958,228028710,3705215,34382154,68860,2739882
1635291373.4502482,3706370,35511697,5502824,66899,3845245,34342198,228072212,3866809,34382523,68041,2794314
1635291373.5503662,3608413,35203981,5524267,86668,3818462,34335457,228006592,3812919,34312911,69133,2597383
1635291373.6504843,3710804,35637258,5452517,75730,3743484,34366606,228007939,3814832,34365306,68123,2822393
1635291373.7506022,3519464,34925940,5374493,74816,3829621,34463258,228043580,3850607,34321410,71026,2801234
1635291373.8507211,3859023,35425512,5482494,70803,3866609,34376881,228013113,3690245,34413340,68795,2818814
1635291373.95084,3672139,35540009,5501713,74249,3866747,34374965,228066258,3852645,34457320,68647,2766653
1635291374.050959,3678799,35313566,5387785,62820,3862886,34370412,228088313,3714038,34389474,69557,2572273
1635291374.1510785,3658400,35205567,5520536,75727,3711572,34347620,228092182,3852433,34350611,72127,2796846
1635291374.2511969,3665374,35391827,5457975,76133,3873957,34355786,227808103,3845707,34381869,71776,2859505
1635291374.351315,3684689,35194112,5512442,74783,3548932,34298447,228151092,3765041,34471454,72638,2763338
1635291374.4514332,3710313,35451743,5513427,74088,3773557,34467665,228171291,3812055,34424118,69023,2778944
1635291374.5515518,3658277,34958716,5446064,73535,3846876,34392867,228065128,3856955,34358065,68785,2607068
1635291374.65167,3696888,35358360,5507441,73727,3877238,34395907,228157629,3740429,34439761,67692,2772018
1635291374.7517884,3700322,35204066,5480680,76039,3726290,34379733,227916126,3838310,34426667,68402,2780832
1635291374.8519068,3689464,35538591,5370053,77752,3855777,34393617,228028439,3700450,34456989,68970,2718378
1635291374.9520252,3632571,35256104,5567935,63390,3547201,34365834,228045389,3858334,34358263,67146,2629049
1635291375.0521436,3682016,35430050,5541152,75286,3833577,34376829,228023000,3847302,34312101,70500,2746373
1635291375.1522622,3669845,35115440,5429004,74711,3852175,34287811,227950174,3706241,34339459,70368,2723334
1635291375.2523801,3709258,35501984,5487320,76503,3700122,34376860,228033826,3785595,34321671,69004,2648405
1635291375.3524985,3725017,35664503,5363596,72957,3854467,34356538,227994616,3848299,34348415,67967,2751287
1635291375.4526167,3717010,35197469,5513705,76300,3569331,34538106,228165072,3805754,34333535,69850,2767705
1635291375.5527346,3681359,35507168,5500796,76819,4036906,34414729,228060524,3763579,34390451,67216,2776806
1635291375.652853,3664115,35337438,5435615,77512,3655357,34331105,228054821,3838830,34503716,69374,2624985
1635291375.7529724,3646381,35324738,5518508,83312,3819186,34414665,228026190,3703673,34429095,70739,2782657
1635291375.853091,3694787,35383363,5440012,66600,3766721,34359206,228051437,3857025,34427649,70813,2819118
1635291375.9532094,3668665,35006432,5517758,73651,3867798,34364715,228036288,3832926,34219617,69907,2753339
1635291376.053335,3798312,35538778,5505368,73872,3855555,34272209,228146244,3678759,34072139,67775,2893404
1635291376.1534636,3684256,35391602,5473618,74021,3661192,34363853,228111442,3858248,34393137,68813,2537198
1635291376.253583,3670785,35369551,5516050,78395,3837165,34477724,228051892,3853229,34333990,69252,2797674
1635291376.3537016,3605191,35060219,5539393,74865,3839003,34460759,228033689,3731021,34367767,68315,2696606
1635291376.45382,3693426,35400556,5523803,76803,3723760,34451619,228096704,3826137,34486127,68359,2776555
1635291376.5539384,3679240,35452242,5452388,77883,3860265,34337371,228123493,3843312,34412389,67852,2535365
1635291376.6540573,3626441,34987663,5496735,77136,3647562,34302707,228151870,3730086,34427752,69901,2737674
1635291376.7541757,3695330,35377330,5496859,76695,3843966,34545244,228155642,3767543,34447745,67774,2755839
1635291376.8542943,3700506,35352518,5368657,66293,3846475,34409860,228069909,3851939,34348513,68741,2777845
1635291376.9544125,3780544,35450138,5515611,75308,3844818,34353764,228146156,3722207,34335593,68953,2650136
1635291377.0545313,3666036,35716911,5494756,75650,3658021,34359001,228177185,3854518,34386316,68624,2796294
1635291377.1546493,3694309,35427355,5511935,76031,3843155,34529140,228173921,3867876,34505025,69290,2614512
1635291377.2547677,3697505,34933537,5390638,79395,3844232,34477079,228026862,3707090,34345025,71148,2773551
1635291377.3548872,3682498,35395320,5510838,75666,3715807,34344391,228096846,3841984,34470970,74493,2803785
1635291377.455005,3711045,35425978,5509106,78047,3863070,34370021,228030829,3844296,34533084,67906,2861804
1635291377.555123,3531705,34905312,5533490,71778,3862367,34320579,228000730,3726299,34327652,70063,2511821
1635291377.655242,3725072,35497405,5523302,77161,3838814,34363293,227882985,3717283,34464443,69143,2777461
1635291377.755361,3716595,35416204,5456133,77397,3849342,34462676,227990944,3851635,34476446,68438,2674587
1635291377.8554792,3619715,35231627,5497816,76143,3803765,34341825,228079720,3829841,34331949,69676,2664978
1635291377.9555984,3718686,35558755,5510692,75952,3820658,34503078,228058259,3761788,34354776,68154,2781741
1635291378.0557175,3716277,35202755,5369128,74682,3632739,34451632,228200273,3852731,34304188,68777,2735440
1635291378.155842,3721595,35357596,5447532,77302,3920150,34499719,228060899,3706768,34361809,70012,2759502
1635291378.2559679,3696724,35118720,5556392,63288,3678669,34331294,228096739,3826754,34475859,68375,2763113
1635291378.356088,3667375,35329324,5484479,79879,3854543,34355360,228039062,3846705,34411114,70043,2655699
1635291378.456206,3739391,35287273,5464173,73144,3863332,34301232,228027784,3716697,34375850,67055,2665478
1635291378.5563242,3654741,35208399,5491555,75482,3709598,34363986,228085570,3868517,34297545,71687,2433728
1635291378.6564426,3701172,35484914,5401285,72929,3857921,34327686,228067492,3762513,34356769,66758,3267326
1635291378.7565615,3634462,35248784,5495677,75994,3602972,34491618,228010913,3866215,34325176,72064,2747483
1635291378.8566804,3695376,35522677,5519901,75779,3834288,34479173,228053482,3843245,34347889,72150,2836614
1635291378.9567988,3700285,35342601,5394406,64304,3792479,34231549,227952159,3776659,34363405,71155,2640280
1635291379.0569172,3660340,35062228,5502264,76426,3774752,34470626,227865997,3691795,34377755,72262,2792365
1635291379.157036,3685226,35360589,5505160,74017,3852017,34416576,228037843,3845726,34475156,68492,2771164
1635291379.257154,3646562,34904393,5444167,75550,3758115,34401981,228057464,3845675,34469854,69538,2739713
1635291379.3572721,3739265,35465347,5494168,77481,3856077,34316748,227994960,3708771,34405148,67471,2767398
1635291379.4573903,3720196,35456796,5508633,62020,3688592,34398974,228008983,3859620,34399002,68696,2640197
1635291379.5575106,3530169,34790135,5423168,77469,3847815,34442402,228071550,3846981,34305941,68382,2739986
1635291379.6576297,3614663,35472296,5584365,74643,3819779,34278809,228040822,3755113,34406880,68179,2815031
1635291379.7577481,3705184,35559713,5501950,76874,3667811,34359762,228029038,3870852,34524592,68623,2297212
1635291379.8578663,3707006,35325815,5400590,78867,3821868,34433595,228050884,3789304,34342103,68202,2518053
1635291379.9579844,3624229,35072756,5482831,78027,3717950,34358302,228065199,3683322,34321243,69283,2729845
1635291380.058103,3716418,35483174,5489423,77223,3801485,34363632,228054443,3828350,34457845,67568,2785700
1635291380.1582212,3683104,35295706,5388888,70356,3852449,34353854,227981298,3852472,34466920,69194,2657958
1635291380.2583392,3671890,35567699,5529177,75604,3867658,34386636,228097490,3700668,34349274,68919,2791102
1635291380.3584576,3704861,35398808,5497072,76947,3525660,34330432,228010742,3858066,34368787,71294,2778098
1635291380.4585757,3676181,35154543,5402706,67818,3858575,34333232,227976004,3854147,34384934,71854,2609399
1635291380.558694,3866126,34360946,228019213,3707980,34436345,72011,2763458,3667272,35544210,5543993,75661
1635291380.6588116,3693000,34379396,228007648,3854238,34421154,69004,2802150,3726125,35518461,5497410,77367
1635291380.758931,3844461,34453937,227967420,3855164,34475930,69418,2479897,3506329,34836221,5531119,71319
1635291380.959167,3708945,35360762,5506493,78088,3849784,34426775,228083735,3802969,34410827,68225,2788111
1635291381.0592854,3692823,35248203,5444608,77160,3863463,34425460,227958655,3836694,34472759,69554,2652961
1635291381.1594033,3621889,34926991,5487067,76084,3800861,34390365,228057908,3850371,34344232,69068,2642934
1635291381.2595208,3700543,35374534,5488678,77351,3859339,34454918,228061036,3752147,34407994,68581,2772240
1635291381.3596385,3698739,35381850,5346652,73554,3669631,34353669,228144986,3861679,34306900,69062,2744695
1635291381.4597561,3789445,35531872,5551846,75901,3871216,34372768,227985993,3688162,34362799,69676,2803663
1635291381.559874,3691535,35472431,5439739,75637,3486349,34382239,228103694,3880837,34374776,68230,2791785
1635291381.6600125,3842326,34427792,227969717,3857642,34333009,69231,2623097,3767074,35506918,5428583,75900
1635291381.7601316,3859172,34413623,227971002,3685943,34489104,68679,2754852,3520850,35064994,5477879,77440
1635291381.8602505,3700980,34234194,227989782,3844873,34404839,69475,2787476,3693682,35357041,5455320,78356
1635291382.060488,3487899,34854326,5407721,70055,3785087,34258696,228096226,3757440,34328197,71757,2758128
1635291382.1606061,3697004,35432783,5484318,77966,3863399,34358230,227894216,3839298,34337569,70851,2784095
1635291382.260725,3695094,35464521,5375059,68087,3846768,34278459,227992560,3613887,34432707,69430,2596433
1635291382.3608437,3649343,35188431,5496480,76722,3714727,34317493,228062086,3787539,34338120,68863,2733131
1635291382.4609628,3701007,35407617,5505794,76903,3769209,34238301,228057044,3859712,34388938,68391,2802688
1635291382.5610814,3564390,34797677,5409687,70643,3826241,34481241,228062134,3852755,34333806,70251,2780820
1635291382.6612,3682658,35334307,5521474,76222,3843581,34391877,228049131,3683354,34377191,68433,2764864
1635291382.7613194,3724978,34359045,228077108,3850482,34414036,68781,2693309,3614991,35077715,5547580,63066
1635291382.8614388,3851390,34332598,228128789,3805561,34287947,69765,2583707,3425001,35206362,5514807,74973
1635291382.9615574,3801442,34330443,228109132,3755192,34352755,68297,2730868,3686520,35307127,5478652,76837
1635291383.1617959,3710888,35245469,5410416,72207,3858820,34319212,227929155,3711645,34318268,69396,2428576
1635291383.2619143,3651557,35290092,5533472,75643,3623799,34334195,228051528,3840412,34386027,68451,2765961
1635291383.362033,3676661,35433824,5496772,80877,3846364,34513376,227913694,3845374,34275515,69052,2760459
1635291383.4621518,3602567,35187302,5454965,76612,3863863,34273954,228011970,3854998,34354761,70717,2548708
1635291383.5622702,3683238,35380085,5501526,75973,3592675,34313324,228068403,3697863,34372064,73283,2747568
1635291383.6623893,3683198,35292724,5427330,78626,3875826,34468603,228122609,3853795,34472771,72816,2466231
1635291383.762508,3608768,34985231,5490782,77238,3851976,34330562,227995698,3748626,34377828,73391,2729901
1635291383.8626266,3736702,34351697,228007150,3788759,34409545,69646,2771833,3716517,35420623,5487998,77501
1635291383.9627454,3806131,34360170,228041586,3859610,34331742,71048,2614513,4056501,35810975,5402485,70307
1635291384.0628643,3858050,34378107,228026333,3704671,34330154,69989,2789539,3609522,35197358,5532195,75085
1635291384.2631013,3698064,35337396,5511060,77943,3819834,34544876,228067383,3817503,34351911,69298,2720998
1635291384.3632193,3585328,34978730,5431152,63240,3823094,34428117,228045898,3801019,34431271,70353,2764787
1635291384.463337,3679453,35361547,5489086,77032,3734989,34445609,227880538,3617795,34344338,69803,2769797
1635291384.5634553,3693981,35289489,5316871,71691,3851556,34315768,228019060,3834463,34554552,69626,2655351
1635291384.663574,3726199,35389150,5478695,76071,3868971,34404728,228066708,3754102,34320927,70564,2751167
1635291384.7636926,3702980,35526264,5486209,76513,3397804,34304290,228039568,3859663,34391453,69679,2812726
1635291384.8638105,3669521,35296029,5398825,65487,3853711,34336880,227998835,3851520,34289547,70644,2599568
1635291384.9639282,3857127,34306766,227962464,3704973,34366315,68550,2764803,3670733,35187508,5548234,76915
1635291385.0640476,3687983,34470803,228039643,3858513,34354737,72518,2781658,3793376,35961905,5446227,71825
1635291385.1641662,3848370,34475513,228009767,3750655,34358464,72763,2660164,3537208,34977722,5493091,76654
1635291385.3644035,3694496,35280326,5495048,77334,3858538,34397762,228019421,3840139,34482127,71570,2768150
1635291385.4645214,3675982,35106957,5406905,78034,3867312,34379980,228075996,3741703,34453175,68539,2576891
1635291385.5646393,3741700,35290493,5494971,75078,3706975,34336215,228046182,3850589,34398089,68800,2747585
1635291385.6647577,3706810,35323876,5439573,75913,3868388,34368736,228035059,3850879,34349103,69503,2750537
1635291385.764876,3609032,35085379,5505140,75541,3641601,34384772,228084842,3746620,34295206,70556,2451359
1635291385.8649945,3697818,35639059,5519830,69547,5175672,34335299,228072625,3733241,34449928,70193,2780852
1635291385.9651136,3699691,35332624,5389094,78619,3816875,34439009,227975875,3856491,34316528,70372,2542075
1635291386.0652316,3823331,34456940,227988821,3700446,34323294,68919,2752250,3685693,35408193,5508413,78601
1635291386.1653497,3696426,34314610,228027320,3861303,34454649,70206,2780381,3516761,34835165,5440445,78711
1635291386.2654684,3865362,34300527,227953047,3849415,34418572,70069,2618556,5065062,34863096,5421287,72725
1635291386.4657063,3687682,35449839,5507886,77192,3851210,34386407,228079084,3861449,34400361,70402,2716727
1635291386.565825,3697191,35434116,5441006,78447,3862176,34393722,228071009,3783487,34288914,68832,2726544
1635291386.6659434,3615403,35170236,5471592,77381,3760507,34230117,228017546,3754783,34335595,69805,2643122
1635291386.7660613,3674860,35661177,5494489,77374,3763794,34425736,227913480,3853407,34368283,73058,2767242
1635291386.86618,3679427,35223930,5408504,69707,3841913,34401722,228058513,3863275,34409985,74133,2811186
1635291386.9662979,3739012,35321403,5525103,76006,4681242,34447535,228044229,3715064,34255325,73340,2761514
1635291387.0664175,3712052,35330334,5506362,76318,3385816,34269556,228032783,3836128,34463920,69300,2758189
1635291387.1665359,3618014,34950009,5427037,104368,3859096,34392261,228055571,3834705,34390897,70818,2595631
1635291387.2666543,3689483,35428442,5430470,67267,3899552,34239596,227983680,3698749,34466576,69881,2740057
1635291387.3667724,3701485,35010901,5486841,76818,3718776,34382926,228047301,3854439,34311063,68933,2744717
1635291387.466891,4453717,36356032,5520797,73629,3858337,34383557,228017247,3715838,34288850,69127,2576694
1635291387.5670087,3498248,35059777,5447239,75385,3597024,34414310,228146704,3867452,34364083,69833,2720807
1635291387.6671274,3754309,35500056,5494327,74420,3838664,34471027,227991505,3873134,34349036,69680,2818940
1635291387.7672453,3650395,34964858,5406633,74564,3848538,34580084,228117229,3772339,34427171,69931,2672100
1635291387.8673627,3696066,35322731,5486882,71915,3725690,34410635,228030524,3827726,34470227,70637,2771995
1635291387.9674804,3677276,35607084,5437136,78300,3868660,34320196,228086308,3640870,34420414,68851,2754573
1635291388.0675986,3520627,35001270,5429255,71702,3386231,34415367,228076136,3898710,34398817,70922,2730943
1635291388.1677172,3668689,35448427,5479235,77648,4163559,34350599,228078883,3758052,34428485,70225,2776564
1635291388.2678356,3674623,35305589,5406349,83403,3846521,34297268,228178819,3864746,34338387,69191,2630691
1635291388.367965,3637670,35138087,5544898,78403,3793699,34401545,227997025,3708974,34327506,72456,2761331
1635291388.468087,3688433,34982818,5245804,73691,3703406,34362611,228048581,3854907,34400385,72638,2799303
1635291388.5682056,3541872,35620243,5548553,78676,3852667,34424515,228082465,3860156,34405572,71148,2962145
1635291388.668324,3695983,35440028,5497751,70207,3824711,34426595,228051140,3709170,34521603,69058,2783365
1635291388.7684424,3669640,35391341,5502770,78031,3782845,34502919,227916631,3839140,34511503,70413,2713793
1635291388.86856,3706903,35345326,5428056,62358,3868386,34347560,227994682,3737720,34362711,70052,2659136
1635291388.968679,3622513,34968071,5506867,75369,3806146,34356957,227974089,3833563,34450784,69603,2604114
1635291389.0687966,3699162,35377074,5492967,76947,3738329,34471191,227965628,3848320,34383198,69748,2737971
1635291389.1689162,3723702,35073453,5457196,71747,3928449,34421499,227955379,3823763,34344732,69668,2506402
1635291389.269034,3686604,35288271,5510366,74212,3401713,34378161,228084113,3715224,34390625,70491,2789397
1635291389.3692927,3710268,35439796,5494343,82883,3860427,34435809,228035633,3878759,34443065,70111,2776299
1635291389.5196772,3641212,35038685,5464281,77159,3832955,34475737,228022920,3873459,34338130,71326,2557200
1635291389.6197977,3724954,35533741,5468183,76106,3833350,34191023,228102038,3717885,34483505,69777,2752809
1635291389.7199159,3688823,35449261,5488770,79036,3704236,34430370,228012815,3849173,34449089,70527,2470788
1635291389.8200157,3619251,35313011,5444951,80141,3854129,34565493,228041215,3797102,34457531,69823,2705546
1635291389.9201336,3589674,35082873,5498260,78417,3783662,34348989,228077184,3763068,34390125,70647,2742247
1635291390.0202532,3712098,35437918,5520503,77698,3772019,34354693,228027343,3868054,34358710,75107,2765474
1635291390.120372,3719121,35304542,5413409,70354,3873065,34406316,227943302,3837188,34467233,72905,2757831
1635291390.2204902,3778963,35540387,5517710,75798,3671558,34454226,227897998,3737041,34466957,75097,2830376
1635291390.3206093,3694331,35569351,5522777,75996,3858810,34371730,228078306,3764142,34512592,69656,2810939
1635291390.420737,3713924,35132945,5441137,80580,3773363,34513719,228343699,3908250,34403976,70093,2572670
1635291390.5208652,3734460,35274615,5516506,76759,3845508,34337628,228089357,3671335,34162581,69281,2783276
1635291390.6209884,3711167,35341538,5478652,75494,3865645,34421265,228433989,3847269,34533964,69697,2809330
1635291390.7211103,3525871,34953095,5726681,79980,3753463,34390516,228025094,3813776,34397119,70211,2443925
1635291390.8212295,3706819,35006144,5395791,71422,3813580,34299105,228050850,3755950,34543255,70024,2743561
1635291390.9213479,3669029,35327557,5523289,78319,3888909,34500996,228089964,3870914,34368826,69475,2602594
1635291391.021467,3696962,35299659,5419459,78877,3874918,34420798,228012088,3733790,34407574,71306,2772077
1635291391.1215856,3668239,35297235,5526572,78932,3728607,34373246,228019428,3851301,34351679,70606,2704977
1635291391.2217064,3725726,35511777,5505307,77868,3835455,34496890,228016780,3760488,34384187,69472,2690553
1635291391.321829,3708241,35115346,5374644,72734,3847442,34529444,227902321,3856370,34420958,69302,2782358
1635291391.421948,3687003,35456259,5493326,76829,3803657,34496620,228022605,3857086,34383365,69721,2791484
1635291391.5220664,3688137,35372518,5500961,78239,3970120,34579556,229048634,3790569,34676531,73273,2824700
1635291391.6221857,3598337,35154533,5432277,74137,3700600,34364535,227917216,3855152,34471809,73236,2618546
1635291391.722304,3718479,35434761,5522952,76462,3809963,34499137,228022402,3715548,34535411,73566,2803382
1635291391.8224277,3703258,35434136,5396238,70404,3821297,34430272,228007685,3856956,34345442,68875,2764880
1635291391.922548,3558907,35068145,5461238,68693,3864392,34388309,228088603,3846940,34388342,69868,2756612
1635291392.022666,3713569,35369353,5512670,74773,3872293,34359362,228073797,3713578,34499757,69916,2824682
1635291392.1227853,3700173,35459775,5518060,75760,3761114,34500992,228063201,3861793,34385872,69883,2781155
1635291392.2229047,3711530,35282286,5447036,61861,3855282,34528537,228008545,3785518,34389651,71036,2610599
1635291392.3230257,3635792,35058652,5526575,74889,3810404,34336533,228077999,3746323,34618705,69382,2712391
1635291392.4231448,3689640,35405238,5506563,77253,3681469,34440364,228038767,3853983,34381447,69528,2774319
1635291392.5232632,3730608,35411583,5407108,77441,3870810,34414317,227812521,3828829,34462022,69799,2457765
1635291392.6233823,3662018,34987381,5578544,74867,3691204,34358481,228083336,3725775,34462908,70546,2749253
1635291392.7235005,3716497,35460002,5508077,76049,3776635,34404362,227963619,3801652,34427044,69981,2768536
1635291392.8236237,3718590,35398955,5394220,69927,3852934,34381307,227929928,3866432,34501701,69689,2727757
1635291392.923742,3740846,35460971,5533557,74526,3840001,34280849,228321741,3710623,34405629,70607,2788929
1635291393.0238624,3707165,35342863,5481136,76891,3655650,34405284,228066680,3871275,34363631,72895,2754622
1635291393.123981,3684509,35199217,5518397,75575,3818125,34446208,228071762,3854168,34319435,72556,2597596
1635291393.2240994,3738729,35158429,5384295,84416,3863152,34409167,228022340,3692935,34437954,72855,2720725
1635291393.324218,3682946,34932740,5535756,76489,3708609,34391353,228114770,3840997,34488279,70313,2755066
1635291393.4243395,3740640,35368035,5473994,78325,3865885,34358740,228002713,3826674,34411020,68687,2839319
1635291393.5244582,3596338,34856195,5548612,74431,3823383,34321110,228083855,3831174,34426438,70451,2292105
1635291393.624577,3710252,35296797,5504070,76871,3863972,34457512,227869588,3629319,34343893,68293,2764034
1635291393.724695,3726683,35442231,5389633,78709,3862103,34379019,228029479,3865355,34448674,68773,2593867
1635291393.8248131,3644266,35165855,5551822,78462,3761241,34445507,228075318,3758255,34343669,70379,2756455
1635291393.9249358,3693338,35280781,5507986,76013,3820999,34394572,227981253,3833491,34341128,69621,2796301
1635291394.0250566,3724709,35022147,5385887,74262,3751499,34438873,228038217,3849722,34301024,70297,2753286
1635291394.1251752,3689149,35331933,5495244,77972,3816224,34378368,227998579,3684573,34395637,69762,2755465
1635291394.2252944,3692091,35075414,5446579,65150,3862105,34370430,228056154,3858722,34443034,68772,2650691
1635291394.3254132,3644743,35420614,5492618,89368,3858661,34339101,228032645,3773087,34328168,71066,2727219
1635291394.4255319,3706178,35470880,5438227,77407,3760090,34359532,228017453,3804412,34363537,69261,2722506
1635291394.525651,3644894,35276921,5486303,77899,3813006,34319581,227960266,3857400,34306020,70630,2401982
1635291394.6257696,3690177,35136501,5378694,73214,3850448,34264625,227984222,3741215,34394230,69131,3607185
1635291394.725888,3689598,35517104,5494736,75406,3798777,34441453,228108127,3847886,34321384,73367,2787613
1635291394.826006,3686987,35316395,5498598,78850,3833736,34408633,227999062,3841253,34383109,72361,2748988
1635291394.9261253,3626426,34907643,5406163,72664,3741530,34260292,228052067,3814871,34397195,70756,2600068
1635291395.0262437,3694511,35259479,5499530,76188,3840115,34459535,228063279,3680981,34443486,69195,2754224
1635291395.1263626,3688218,35374896,5396650,73988,3847097,34406448,228057666,3843917,34413537,67756,2762892
1635291395.2264817,3786278,35287323,5546243,75801,3799870,34396138,228022294,3702640,34318080,70448,2727211
1635291395.3266,3717436,35472822,5502199,75635,3474984,34390035,228084430,3843984,34340820,68841,2751975
1635291395.4267192,3651789,35379269,5413851,58185,3860735,34355802,228027809,3862908,34348776,69957,2595923
1635291395.526837,3846260,35056980,5497318,75475,3850675,34366742,228003385,3694000,34341723,70192,2730241
1635291395.6269555,3694164,35527379,5531178,76252,3690547,34417713,227995512,3864207,34365461,68711,2739497
1635291395.8271923,3530903,34777450,5446014,69580,3865986,34417947,228081952,3618059,34327456,70602,2779476
1635291395.927311,3726959,35399682,5488310,77236,3755840,34403889,227958619,3840186,34435196,69871,2766518
1635291396.0274293,3692943,35399616,5423966,62563,3864314,34277984,228050799,3838556,34512710,68867,2574767
1635291396.1275477,4459513,33565551,5509410,76577,3824509,34402395,228007734,3753136,34391699,69873,2689392
1635291396.2276657,3691697,35374890,5486444,77006,3644242,34443755,228163365,3824649,34412234,71886,2802369
1635291396.3277848,3691852,35193916,5418209,71530,3864792,34374425,227980391,3859658,34433866,72984,2576465
1635291396.4279027,3692485,35343920,5473806,73236,3881900,34386413,228101030,3716123,34401263,72126,2772702
1635291396.5280216,3628607,34348965,228051034,3868054,34406996,69112,2815650,3654723,35391640,5543071,78133
1635291396.6281402,3863132,34472396,228106657,3857090,34399936,71488,2566430,3637815,34964459,5453578,74462
1635291396.7282588,3856425,34403164,227953672,3690282,34499483,68407,2762996,3720295,35388808,5487727,76160
1635291396.9284961,3693732,35387773,5490321,72624,3856160,34357877,227964490,3780294,34434431,69030,2754913
1635291397.0286152,3617515,34971781,5425490,63066,3862446,34335807,227913537,3867287,34458156,70449,2661827
1635291397.1287332,3696330,35464039,5503224,77128,3715285,34408514,228089403,3866185,34385237,69326,2744648
1635291397.2288508,3726459,35548300,5442885,71438,3842925,34273011,227971216,3776859,34360929,69732,2749720
1635291397.3289685,3503367,35018138,5546458,72030,3861763,34427872,228110945,3852457,34308797,69752,2397337
1635291397.4290862,3701128,35481748,5501187,76765,3853063,34328577,228031955,3729238,34402643,69787,2775934
1635291397.5292041,3683015,35396323,5432043,78123,3823306,34589072,228068431,3859954,34356875,69507,2646313
1635291397.6293218,3861170,34425011,228081637,3756207,34375035,69616,2704780,3711496,35504347,5446630,77619
1635291397.7294393,3802904,34363155,228051495,3762612,34442416,71897,2742134,3558553,35089827,5503003,77343
1635291397.829557,3762214,34314147,228056885,3860562,34405667,72609,2806615,3690656,35158011,5370351,71015
1635291398.0297928,3763573,35191390,5525484,77009,3482327,34337586,228081881,3882108,34359290,70099,2719007
1635291398.129911,3732067,35429122,5496945,75484,3864234,34376218,227969149,3847566,34368939,69680,2766662
1635291398.230013,3734075,35193889,5435634,76332,3844605,34322862,228074485,3666006,34359294,69444,2642484
1635291398.3301315,3724368,35146382,5524288,77914,3712298,34501606,227976760,3784237,34329895,70769,2764769
1635291398.4302502,3730332,35201280,5507426,78765,3806484,34425021,227974488,3847067,34346430,70103,2783669
1635291398.5303683,3520135,34725081,5445090,69676,3843843,34484968,227922655,3839631,34268217,70868,2766244
1635291398.630487,3707800,35308396,5499227,78462,3871539,34291883,228058506,3698180,34468840,69295,2768169
1635291398.7306056,3794446,34436762,228005879,3850823,34415612,69477,2658787,3622001,34762640,5256408,63786
1635291398.830725,3848031,34405156,228041436,3800787,34359191,70013,2643337,3290698,35193421,5511573,70982
1635291398.9308434,3793928,34348637,228066159,3770839,34359747,69668,2745503,3744281,35430366,5495273,77278
1635291399.1310806,3714674,35387889,5388725,71504,3856388,34403710,228142062,3712987,34306981,69428,2432075
1635291399.2311995,3654172,35198467,5545154,74406,3616206,34468206,228086478,3823443,34315554,71142,2751363
1635291399.3313177,3696757,35408742,5526928,78563,3876447,34446199,227931781,3827972,34389638,71759,2779131
1635291399.4314363,3685324,34969115,5449763,69479,3875866,34376993,228012067,3848775,34397049,73098,2576548
1635291399.5315554,3722867,35321016,5512974,76282,4064395,34547885,228094982,3725041,34542854,72705,2796937
1635291399.631674,3696024,35350099,5505641,77821,3393712,33065220,226616253,3720875,33408930,75361,2465883
1635291399.7317927,3589809,34338008,5391367,75157,3809040,33601357,228209505,3649379,33737731,76469,2693325
1635291399.8319108,3811180,33873949,228393532,3794546,33740090,77850,2562918,3633623,34704766,4923573,75490
1635291399.9320295,3705522,34087613,228278101,3694711,34147441,70439,2755895,3521660,34175419,5327725,121032
1635291400.0321488,3733916,34217972,228015759,3806448,34088686,70820,2700369,3817895,35076967,5377766,72122
1635291400.232386,3678436,35010729,5497899,77734,3798534,34191481,228058274,3793036,34155578,71200,2781288
1635291400.3325047,3671256,35116436,5392090,78082,3805556,34110334,228104601,3712599,34185383,71195,2513899
1635291400.4326234,3608339,34730211,5511547,79230,3652534,34092563,228016956,3802942,34180699,68568,2758586
1635291400.5327415,3675709,35046868,5461523,78916,3796451,33954518,228060965,3586042,34091010,69032,2721495
1635291400.6328735,3471172,34596850,5494241,73095,3869180,34446299,228089769,3651318,32226556,70928,2782607
1635291400.7329996,3709630,35124212,5418451,79684,3349146,34189825,228133082,3816444,34135347,70895,2616564
1635291400.833119,3578245,34770219,5430687,72559,3816439,34172280,228106465,3742741,34072425,72003,2730173
1635291400.9332397,3627943,34180020,228059640,3763582,34135075,71668,2778182,3627195,34889071,5449823,77044
1635291401.0333602,3819255,34193810,228054772,3795619,34122077,71074,2511628,3723350,35389664,5426875,68833
1635291401.1334794,3819014,34045478,228046182,3646430,34248607,74389,2730447,3508608,35001936,5475434,77346
1635291401.3337162,3661914,35059592,5348685,78901,3807083,34036863,228100507,3662054,34144982,75545,2482148
1635291401.4338343,3676302,34916151,5462888,74271,3647759,34173838,228156718,3817029,34135670,71316,2756669
1635291401.5339558,3705301,35241641,5433660,74842,3808614,34128188,228130562,3776486,34054120,69947,2688066
1635291401.6340759,3592514,34881148,5482392,76363,3637656,34076606,227985643,3612188,34069220,71784,2710327
1635291401.7341948,3690226,34932232,5468070,77636,3794376,34164868,228161115,3793962,34156361,70499,2772632
1635291401.8343124,3523811,34485110,5394353,69149,3233927,34237215,228101775,3796786,34102902,71978,2735355
1635291401.9344304,3684951,35105818,5467146,78908,3780758,34012496,228091056,3664757,34238577,71138,2764106
1635291402.0345483,3682894,34932511,5398293,182084,3775685,34223357,228244999,3811119,34166504,71477,2589963
1635291402.1346695,3736609,34956088,5405899,62846,3833134,34112801,228126384,3653120,34123592,70292,2700788
1635291402.2347877,3669884,34909932,5442347,78054,3652631,34145189,228065113,3810092,34067793,71168,2732419
1635291402.3349056,4748575,36075565,5517634,74810,3794781,34097416,228062772,3659446,34125234,71864,2337887
1635291402.4350235,3500083,34609527,5401767,76876,3779313,34232050,228005915,3817928,34066639,71242,2746691
1635291402.5351422,3709904,35435416,5459435,78264,3782639,34181630,228038007,3697713,34073333,70126,2835470
1635291402.63526,3582163,34767591,5424568,77839,3663104,34166909,228128199,3757952,34038965,70613,2633690
1635291402.7353895,3658604,34960651,5458369,79216,3816166,34038293,227909949,3758320,34169610,71002,2822232
1635291402.8355172,3514180,33717540,5536371,72565,3730876,34080817,228096093,3772382,34050284,71209,2436262
1635291402.935637,3678578,35052904,5465796,77248,4364633,34040995,228136710,3705965,34249472,72697,2720028
1635291403.0357566,3670976,34976486,5383883,78956,3354848,34060744,228074173,3805405,34131569,72896,2534582
1635291403.135876,3699079,34970540,5475630,69897,3806857,34165264,228167140,3662492,34151169,74347,2770972
1635291403.235994,3699426,35167803,5388144,72767,3720371,34113886,228046715,3799705,34121579,70205,2808357
1635291403.3361125,3672260,35047100,5516381,76274,3795649,34127980,228074673,3652458,34089597,70159,2718958
1635291403.4362297,3745205,34978498,5469993,73918,3639757,34229951,228072078,3806670,34152300,70737,2293290
1635291403.536348,3537905,34513612,5455836,76100,3809423,34271132,228073758,3786945,34052520,70467,3098069
1635291403.6364667,3667116,34875801,5380345,63696,3794202,34123531,228052212,3666275,34271282,69509,2754406
1635291403.736585,3668800,35126415,5424700,76498,3724355,34144953,227980013,3747502,34117542,69427,2706428
1635291403.8367035,3659039,35007236,5339283,69941,3788052,34148720,227952204,3719723,34340996,71635,2643396
1635291403.936822,3681094,35161845,5451871,77077,3799365,34241734,228018680,3801286,34145676,71028,2748661
1635291404.0369408,3683915,35168775,5444391,78420,3924948,34119355,228098380,3771506,34136520,70968,2607437
1635291404.1370597,3590760,34883513,5426031,75391,3333141,34054318,228028006,3679379,34100246,71000,2726274
1635291404.2371778,3681782,35125946,5445336,69603,3789201,34160833,228149621,3812540,34117361,69719,2774021
1635291404.3372958,3611676,34723170,5457397,86771,3767151,34151588,228046524,3774391,34033055,70900,2565934
1635291404.4374146,3657738,35189169,5506424,76659,3676771,34056957,228025546,3746807,34211693,70871,2817075
1635291404.5375326,3429047,34235226,5349463,76241,3792841,34053624,228036925,3724112,34102684,72095,2819985
1635291404.6376512,3750895,35015798,5585335,69010,3457719,34080213,228093380,3802422,34089029,76007,2782385
1635291404.7377698,3664841,35026871,5539000,76000,3803717,34093977,228155803,3691691,34090979,71727,2712105
1635291404.8378885,3551839,34780250,5460755,77649,3652508,34069426,228005788,3793319,33981732,78505,2810753
1635291404.938007,3693415,35161142,5534027,79004,3771799,34056939,228011124,3765363,34105632,75208,2845451
1635291405.0381253,3559751,34619462,5555199,75605,3750179,34228888,227850516,3545557,34003181,75611,2785351
1635291405.1382437,3687687,35099181,5542533,77811,3798935,33998521,228021449,3784632,34115636,71505,2562583
1635291405.2383618,3597899,34763395,5553881,72696,3790693,34156027,228042402,3643062,34064116,70350,2811152
1635291405.3384798,3677767,35122938,5477720,64211,3624703,34075022,227991873,3766263,34162944,72322,2616355
1635291405.4385977,3653231,34870077,5532061,75049,3818064,33971376,228068471,3642509,34055123,70952,2748031
1635291405.5387156,3690590,34939999,5481489,77139,3679134,34038351,227933262,3782930,33963160,70915,2751661
1635291405.6388338,3711644,34941288,5366221,73972,3785038,33885584,228116756,3638286,34071104,71756,2743969
1635291405.7389512,3648341,35044754,5542512,76826,3770224,34096072,228030273,3782466,34017167,72073,2887908
1635291405.8390694,3859280,35299685,5490229,79590,3644702,34149776,228054756,3721660,34011632,71657,2557001
1635291405.9391875,3630789,34817601,5529821,77036,3786824,34132836,228042486,3732144,34086801,72425,2823588
1635291406.039305,3646049,34680596,5484228,75047,3625374,34046731,228083679,3812313,34047993,71017,2606394
1635291406.139423,3679615,35046084,5523021,77021,3775909,33935390,227950857,3640977,34207994,71562,2704406
1635291406.2395413,3445974,34635297,5455399,68689,3715198,34108098,228075073,3805299,33998978,72246,2801808
1635291406.3396587,3683716,35169880,5525869,78664,3629586,34064498,227995687,3708129,34038543,72307,2648268
1635291406.4397762,3604840,34973969,5527484,73862,3779699,34106195,227947639,3630539,34072135,72306,2734824
1635291406.5398939,3679541,35226101,5448506,72235,3774452,33991096,228023693,3781132,34000591,71792,2716788
1635291406.6400113,3661181,35373179,5584582,77871,3695668,34109970,227909075,3649075,34122527,71317,2751099
1635291406.74013,3652262,34747870,5390499,70760,3581334,34146953,228017289,3773296,34039490,71137,2695867
1635291406.840248,3748470,35550951,5459573,85399,3784963,33959031,228071177,3632015,34143083,74719,2844688
1635291406.9403667,3592113,35047147,5480642,78099,3787145,34052077,228014633,3788870,34083669,75019,2583609
1635291407.040485,3704968,34956223,5446376,74625,3768621,33988670,228049687,3660978,34126656,75586,2807473
1635291407.1406033,3678468,35169275,5510005,77036,3794413,34050237,228034641,3664265,33880333,72389,2711527
1635291407.2407217,3691105,34746774,5387553,71489,3625636,33971820,228030254,3935665,34131407,71916,2495028
1635291407.3408399,3686570,35180347,5525428,76471,3776814,34118937,228040201,3778304,34062307,72053,2741282
1635291407.4409585,3612684,34816550,5449838,64503,3593148,34045714,228060031,3676838,34036133,72401,2756903
1635291407.5410764,3674609,35153076,5525622,78283,3764063,34126512,228006663,3780687,34101629,71684,2764702
1635291407.641195,3566677,34772497,5593301,76365,3773951,34147689,228064274,3642291,34044446,72415,2742059
1635291407.741314,3702243,35149503,5537265,78101,3565022,34139374,228003369,3784170,34180219,71205,2783387
1635291407.8414323,3698487,35033193,5543306,72702,3766784,34162202,228048775,3648515,34067182,71305,2768104
1635291407.9415512,3697876,35269214,5527808,76369,3801732,34241699,228002522,3789529,34068661,71728,2559036
1635291408.0416694,3540223,34846880,5595989,77517,3789982,34131374,227927590,3650703,34137844,72063,2739113
1635291408.1417882,3657451,34951051,5550461,77357,3625483,34218161,228033275,3788744,34071781,71157,2791220
1635291408.241908,3686680,35177294,5441076,70728,3778721,34134332,228041697,3630574,34043026,70225,2628023
1635291408.342026,3684103,35178209,5507199,76621,3573047,34095709,228059791,3736929,34244051,71195,2822246
1635291408.4421449,3682978,35034292,5395168,79320,3786598,33984191,227914921,3770549,34143917,71455,2722703
1635291408.5422628,3715276,35038915,5528283,77831,3781917,33999873,228032986,3559146,34174947,70985,2731261
1635291408.6423805,3660373,35032493,5417615,73184,3723260,34116171,228101179,3829240,34021349,71232,2612050
1635291408.7424986,3695873,35292190,5535761,77770,3769592,33945601,228060308,3717040,34144498,71371,2808231
1635291408.8426173,3581380,34879553,5469072,69508,3663325,34045809,228105598,3775044,33948288,71905,2362800
1635291408.9427354,3668095,35068542,5467163,68297,3596555,34012372,228000964,3784226,34103105,76065,2794411
1635291409.0428536,3561366,34945238,5524533,73828,3742683,34224344,227959486,3651604,34022598,75939,2796924
1635291409.1429734,3612525,34559060,5394895,66655,3564878,34104903,228036521,3763288,34204857,75445,2713197
1635291409.243091,3689180,35092540,5575542,80011,3785910,33999481,227953224,3636311,34174637,74632,2836926
1635291409.34321,3620549,34936165,5539496,77159,3633110,34093141,227981888,3787370,34040063,71937,2430801
1635291409.4433281,3683573,35120859,5445894,73603,3784582,34036445,227981625,3688699,34150524,71353,3238838
1635291409.5434463,3702682,35187474,5533089,76097,3781053,34065971,227957268,3632151,34035279,71822,2811879
1635291409.6435642,3691027,35193166,5429740,79966,3765608,34076403,228100320,3705749,34114089,70342,2611811
1635291409.7436829,3732213,35090115,5530926,76462,3808106,34152569,228080338,3707221,34116277,71460,2776537
1635291409.8438008,3704450,34855891,5396000,63007,3553825,34051993,228039491,3771336,33936312,70639,2537315
1635291409.943919,3689991,35030067,5533083,73908,3863264,34098203,228026874,3694207,34142044,72252,2797676
1635291410.0440376,3502023,34593693,5441679,74450,3670193,34093894,227979556,3704041,34118186,71837,2758817
1635291410.1441567,3659920,35230997,5524934,77470,3492249,34119235,228063867,3783369,34022904,71604,2748832
1635291410.2442744,3609185,34678798,5454702,58348,3781569,34100910,228087197,3629550,34040648,72929,2819827
1635291410.344393,3655122,35144428,5507324,78769,3640660,34167894,228094265,3792964,34014158,70593,2618654
1635291410.4445117,3667592,35268285,5500091,79648,3765554,34046274,228000737,3638610,34028378,73561,3093169
1635291410.5446298,3704529,34941596,5529949,75578,3618343,34193739,227952199,3793792,34048422,71680,2438727
1635291410.6447473,3699523,35169337,5429345,79219,3774041,33997156,227993653,3554400,34093140,71835,2568324
1635291410.7448647,3667275,35016081,5517857,77827,3784807,34024295,227946729,3756095,34128850,70800,2781717
1635291410.8449829,3675507,35030029,5418359,73443,3738643,33983703,228020654,3762358,34062247,71077,2627707
1635291410.9451013,3681149,35228122,5526976,77075,3795796,34018979,227955730,3670483,34175395,72761,2761604
1635291411.0452197,3648387,34684152,5411816,72579,3798650,34090403,228119332,3785287,33969106,71381,2442795
1635291411.1453376,3699272,35329570,5516452,77606,3408359,34032135,228029047,3776138,34073196,74219,2781328
1635291411.245456,3581709,34797175,5345199,62562,3783737,34113705,228014223,3704848,34045439,74875,2785893
1635291411.3455734,3565894,34149680,228054293,3773985,34027013,74763,2704924,3657491,35061014,5561333,79004
1635291411.4456913,3783903,34079527,228021652,3620084,34079464,74777,2749692,3513076,34691718,5507844,76561
1635291411.5458093,3634786,34037934,227982248,3765929,34101134,72191,2743977,3693290,35101113,5479877,73355
1635291411.7460454,3752999,34978299,5488676,76560,3835438,34253178,228085178,3727405,33903868,71210,2723719
1635291411.8461637,3687723,35002998,5439737,78512,3801818,33998709,227872838,3783956,33957161,70169,2664797
1635291411.9462814,3607645,34760331,5431993,78679,3644412,34036545,228077576,3804623,34021072,71379,2752748
1635291412.046399,3681446,35085148,5469485,78808,3711243,34070681,227967648,3685051,33974973,71002,2726106
1635291412.1465175,3461930,34488434,5517083,71894,3896655,34204811,227996709,3706037,33970438,72112,2554654
1635291412.2466352,3670559,34989142,5454154,77301,3345155,34136382,228009521,3789120,34042462,70200,2720733
1635291412.3467538,3592714,34658573,5411698,62989,3806602,34055138,228088576,3770062,34036525,69973,2768532
1635291412.4468715,3671573,34002651,228025533,3742465,34086284,69201,2746239,3626005,34824978,5573462,79159
1635291412.54699,3804815,33991850,228033709,3807217,33961248,70306,2528406,3765647,34783208,5354595,69288
1635291412.6471074,3746193,34002389,228010817,3710116,34055690,68815,2728498,3693086,35157215,5440963,77694
1635291412.8473518,3669157,34901832,5356453,72134,3358381,33992979,228147454,3874800,34063931,70989,2795113
1635291412.9474797,3665687,34350825,4980981,91918,3782135,34109874,227970084,3564059,33921768,69509,2745292
1635291413.0476012,3557381,34547707,5357881,75926,3703720,34091658,228104476,3892966,33999069,71890,2616145
1635291413.1477215,3644510,35090708,5449298,77193,3856686,34001820,228036393,3718960,34131518,74289,2780463
1635291413.2478445,3607492,34536618,5386865,71641,3712445,34063418,228038151,3790854,34020066,74344,2430766
1635291413.3479624,3688024,34937612,5460346,76109,3730927,34013993,228019679,3694344,34225960,72534,2758672
1635291413.4981468,3693643,34928219,5402074,80196,3819032,34089485,227931111,3787922,34099455,69504,2511158
1635291413.5982714,3805802,34051946,227963884,3653091,34156102,69913,2772473,3702349,35013199,5426889,77542
1635291413.6983936,3662705,34109463,228068273,3806086,34105556,71009,2681261,3534012,34830388,5244841,70535
1635291413.7985115,3793605,34203930,227954359,3662349,34120780,69771,2702589,3708472,35056264,5457800,76158
1635291413.9987469,3695424,34941632,5466507,77447,3806746,34116540,228057537,3682668,34045270,69799,2607591
1635291414.0988655,3597877,34678962,5436003,74144,3556380,34143476,228146071,3826290,34166937,71650,2760943
1635291414.1989841,3685381,35013251,5457917,77620,3818380,34171116,227874362,3811380,34149731,69858,2786604
1635291414.2991025,3611683,34639804,5452502,75642,3763849,34045847,228033139,3872980,34112219,71620,2527981
1635291414.3992202,3696064,35115373,5461268,76603,3583797,33918157,228075650,3671741,34122254,70115,2728329
1635291414.4993377,3715455,34958309,5391604,71298,3887587,34145702,228098276,3810817,34066062,70286,2656012
1635291414.5994558,3718370,35063938,5457186,77142,3806873,33988980,228040338,3656782,34097980,70695,2761476
1635291414.6995738,3747620,34231910,227994368,3806118,34047704,71183,2665912,3624921,34869271,5118158,61438
1635291414.7996914,3795697,34094628,227952564,3636720,34097178,71146,2739000,3500588,34799370,5530717,76703
1635291414.8998096,3658794,34109435,228067948,3787616,34073062,74142,2712474,3766454,35325235,5446030,78772
1635291415.1000798,3708702,34752472,5472711,77476,3809004,34217385,228034871,3811072,34012037,76910,2718339
1635291415.2002006,3683534,34981091,5436544,78066,3809695,34043677,228018556,3736808,34078650,74108,2620587
1635291415.300319,3618040,34789311,5472572,78150,3648882,34073033,227998415,3789783,34074887,74924,2729012
1635291415.400438,3677799,35109466,5469949,78829,3785202,34086802,228011711,3566143,34104069,71832,2822949
1635291415.5005574,3480658,34418125,5513921,71257,3650402,34111907,228015663,3788708,34031049,72372,2465549
1635291415.6006775,3695009,35006773,5462993,77083,3504297,34177706,228168058,3754030,34166755,70009,2812491
1635291415.7007961,3621195,34674897,5381707,64006,3803417,34103032,228078733,3789192,34120388,71919,2694070
1635291415.8009152,3749432,34016687,228044518,3680617,34122966,70627,2723907,3664618,34740181,5475089,76876
1635291415.9010339,3720868,34133861,228005820,3803859,34041389,70740,2588159,3798659,35746245,5361496,70025
1635291416.001153,3793203,33964640,228038301,3640524,34057591,71558,2747020,3508229,34710393,5452944,77886
1635291416.2013924,3699953,35252919,5395315,79310,3794611,34001368,227977705,3646857,34020377,69013,2393874
1635291416.301511,3587705,34721668,5471155,74988,3548601,34135965,227964363,3840078,34057985,70987,2766214
1635291416.4016304,3666261,35063304,5467351,80516,3796089,34060338,227971617,3528108,33909767,70790,2734531
1635291416.501749,3546081,34759659,5509994,76720,3538554,32324431,227957789,3896249,34140580,71419,2644075
1635291416.6018693,3632424,35194285,5450770,78460,3838168,33960158,228003802,3738302,34075631,68805,2793166
1635291416.7019892,3520389,34720927,5419191,75693,3363974,33998472,228067357,3696040,34008532,70850,2730265
1635291416.802108,3668958,35132350,5462089,77836,3386415,33993552,228099270,3809859,34040129,73222,2778522
1635291416.902227,3799672,34010067,228025891,3793734,33932348,74550,2626151,3676459,35043494,5424388,75083
1635291417.0023463,3764356,33871696,228110466,3672056,34098019,73488,2783356,3660696,33502482,5422059,77837
1635291417.1024656,3742523,34127778,228052232,3785986,34027606,71014,2615307,4098855,34624621,5344272,73796
1635291417.2025845,3781380,34104310,228038666,3633998,34115710,71429,1826084,3668372,34889805,5467030,77814
1635291417.3027034,3781971,34059852,228114568,3784759,34133265,70503,2708761,3690617,35039861,5359517,79766
1635291417.4028223,3805416,34047033,228003566,3642915,33920288,70920,2500642,3653223,34768584,5470127,76022
1635291417.5029407,3637531,34043654,227956112,3757824,34149082,70036,2745192,3665916,34974627,5392655,72406
1635291417.6030593,3798987,33893335,227820176,3788139,34003875,70540,2765299,3710798,34860412,5454920,76564
1635291417.7031777,3754890,34081168,227988592,3614389,33916724,70894,2726427,3695968,35261801,5470763,77965
1635291417.8032968,3304406,34227313,227963455,3791245,33986924,71060,2630899,3586385,34628534,5420343,71892
1635291417.9034154,3073735,32785271,232931327,3791132,34720950,73202,2812906,3745772,35735118,5042990,153499
1635291418.003534,3320135,33310212,231023632,3837536,34485327,72633,2608250,3711236,35435419,5079247,92328
1635291418.103653,3780422,34012136,228002540,3694356,34180716,71109,2756789,3682251,34682770,5280773,79358
1635291418.203771,3767353,34044862,227993346,3787644,34054444,72389,2616152,3807220,35164438,5401296,74633
1635291418.3038898,3799019,34012519,228038028,3646949,34069011,70823,2233361,3559161,34698151,5398234,78260
1635291418.4040086,3790157,33989527,227975174,3803169,33972712,72225,2791202,3695587,35153819,5362641,82059
1635291418.504127,3551223,33366820,227984268,3740927,33928594,70946,2456902,4584952,33637438,5440180,78732
1635291418.604245,3770416,34010715,228041637,3700678,33977051,72417,2806355,3611185,34740773,5395933,74624
1635291418.7043629,3712200,34083266,227977907,3898211,34007059,71756,2527132,3656224,35009669,5446873,78744
1635291418.8044803,3748447,34079373,227979096,3725685,34023337,73466,2756667,3676055,34775178,5388224,67051
1635291418.9045985,3330975,34026155,228070530,3743016,34002239,74192,2706404,3712270,35018807,5442899,80059
1635291419.0047166,4239132,34072941,228066145,3632958,34207587,73326,2736178,3679486,35010838,5360004,68415
1635291419.1048357,3790914,33988508,228041848,3793246,34109573,70219,2593048,3700712,34827559,5493657,80060
1635291419.2049544,3731631,33960094,227948892,3636391,34108092,70527,2748462,3676107,34626250,5240743,73459
1635291419.3050718,3640631,34043394,227965325,3796883,33989969,70787,2822191,3751526,36044043,5421672,77020
1635291419.4051895,3785972,33997706,228016257,3635081,34074159,70046,2927713,3664948,35091538,5446464,78481
1635291419.5053105,3783259,34091392,228016292,3786059,33996198,71839,2255616,3642243,34846732,5378097,80109
1635291419.605432,3786310,34095533,228004485,3628371,33982277,68985,2732178,3615139,34603697,5492071,77084
1635291419.7055497,3647879,34072477,228044664,3810549,34091010,70856,2741615,3665784,35006318,5419836,76851
1635291419.8056679,3799506,34025450,227961059,3561802,33810287,70742,2772900,3737935,34814742,5496621,73376
1635291419.905786,3689631,34041287,228023369,3785420,34133325,71378,2685904,3681059,34977363,5438559,80631
1635291420.0059042,3841775,34086543,227995417,3771709,34030163,69837,2726067,3558317,34703886,5375548,63931
1635291420.1060247,3611269,33960425,228061427,3742081,33976366,72406,2735562,3685652,35238804,5441316,82841
1635291420.2061477,3639190,33997886,228068708,3789283,34023313,69617,2738274,3618862,34756256,5395614,75433
1635291420.3062656,3777650,34017938,228013016,3804716,33993650,72374,2550839,3627989,35134043,5414300,78478
1635291420.4063835,3738619,34131782,227958977,3701054,34049110,69860,2746749,3668602,34869114,5433003,78735
1635291420.5065024,3750369,34059801,227991914,3762981,34023920,71777,2803092,3625625,34812880,5327790,73161
1635291420.6066203,3804657,33972800,227934887,3634170,34149693,73274,2731648,3672925,35010893,5460526,80182
1635291420.706741,3807075,34080543,228009843,3800679,34128508,75534,2765784,3684128,35139499,5371903,72088
1635291420.8068607,3804493,34172216,227964272,3652347,33978896,68800,2587247,3694458,34949762,5433796,73504
1635291420.9069808,3647388,34027927,227958660,3755074,34163495,75403,2755409,3672090,35020950,5338493,75927
1635291421.0070987,3787580,34009894,227870171,3793475,34120205,71143,2718720,3774603,35169582,5514032,78370
1635291421.107218,3784390,34020719,228070004,3649756,34081831,70682,2758051,3651785,34973331,5410117,80011
1635291421.2073355,3692724,34154757,227983184,3765580,34079685,71550,2621315,3569922,34655693,5467640,77479
1635291421.3074548,3820205,34267754,228017612,3642677,34073004,70701,2744685,3636377,35013180,5444965,102968
1635291421.4075737,3556085,32625277,216594948,3531221,32638278,66098,2522410,3464976,33147481,5103656,104042
1635291421.5076916,3700155,34060458,227400020,3712934,33948246,65092,2644822,3624920,34777031,5380228,117433
1635291421.60781,3681711,33800626,226355655,3692285,34046166,51332,2713395,3533906,34176595,5268286,126384
