1635341798.699559,12815936,83322107,893852660,12427311,83816612,201857,8086267,11921610,76373953,2448892,296343
1635341798.799682,9788667,82808654,912663212,11666656,94940513,249387,9206109,12860185,80767865,5168532,279511
1635341798.8998024,10634526,103198728,911961052,11400150,107746975,259785,9720130,11614410,108257846,16918843,306864
1635341798.9999225,10987550,97914786,911411696,11105401,101336365,241738,9548747,12651162,113803239,17216931,332700
1635341799.1000156,11249392,107227672,911907929,11439686,104013910,267775,10204935,12816924,97486318,12909308,332942
1635341799.2001376,11335767,101295308,913410076,11015585,100938879,254119,9209678,10202646,102265947,16534685,369174
1635341799.3002584,10242109,93302575,912871175,10671809,99056614,260230,9564865,10768604,103834204,16372652,338753
1635341799.4003782,10518478,103148559,912264723,10698870,98791267,245303,9344547,10896911,101757121,16075185,337118
1635341799.5004976,10977782,101381212,912187592,11011416,101086967,259269,9982502,11200581,106905916,16736836,343488
1635341799.6006176,10880293,100827534,902337503,10605520,95663315,248422,9865882,11193491,106120812,15888201,349669
1635341799.7007382,10880265,103570318,913380943,10910291,99174951,252683,9859450,10867695,104341170,16004024,351112
1635341799.800858,11297470,97240605,912923758,10489407,95874841,250242,9112372,10761505,103686615,17517632,373641
1635341799.9009793,10464757,97525111,914543381,10535818,95635654,249900,9271311,10693069,98446720,14959679,357916
1635341800.0011027,10729797,98186747,914017309,10797338,98150929,253684,9521176,10858338,102406740,17201373,381293
1635341800.101228,10779592,100125680,914267483,11000326,101744986,248662,9634030,11027992,101607418,15623611,360101
1635341800.20135,10989690,97825582,914347916,10774495,94074080,231680,9275586,10030316,103221483,15818629,379898
1635341800.3014703,11616368,98462969,911390871,10473295,97555806,243840,9404109,10275008,95951188,15319449,336043
1635341800.4015908,10154701,96133447,913290531,11475038,101938098,247512,8942854,11162311,102861533,16430479,363575
1635341800.5017114,10823582,94793852,913956865,10316740,98523232,258534,9348713,10781520,101358275,16914797,368958
1635341800.6018307,10883102,101097838,908792622,10859009,96250925,249104,9563858,11688992,108721611,16293902,372594
1635341800.7019591,10529315,92761339,915789233,10803245,99936621,265241,9884986,10399754,98212620,15231693,355100
1635341800.8020859,11202068,107505306,913754318,10954426,95226279,245001,9850927,11251715,106189513,16176057,362004
1635341800.9022071,10841937,95246610,913817024,10999621,102007803,252995,9077618,11062240,106246399,15752303,423211
1635341801.002328,10608881,97396009,914786725,10671357,96837880,244455,9338489,11979242,105754792,15869345,377598
1635341801.1024475,10614970,96887411,914817373,10761696,102617226,264293,9907549,12030059,104853893,16853942,377450
1635341801.202567,11155453,101496406,914867117,10736534,98358866,253794,9564094,11708366,101210909,15597342,357193
1635341801.3026872,10957010,100173773,914520706,10998858,102342759,243103,10175596,11762004,109103433,16159491,370082
1635341801.4028065,11176563,95105785,913453382,10839154,98480091,243887,9271647,10665701,101682011,16324737,367161
1635341801.502927,10835915,98006162,914246627,10532210,94815066,246286,9293455,12745221,102633812,12569077,398570
1635341801.6030478,10519326,98605059,912356662,10348289,92131900,243435,9476005,11277363,103554072,16491486,383961
1635341801.7031705,11272566,97580117,913438899,10315353,95844860,238679,9600164,11216051,103080423,15942035,371967
1635341801.8032908,10817129,98579398,913121619,10475592,94256899,250484,9674642,11210548,105053945,15984927,361244
1635341801.903411,11236461,95914680,913123324,10599121,101834376,260381,9088648,10186377,100000003,16712073,379156
1635341802.0035307,11481464,100796877,912942053,10341973,97506617,268731,9171734,11083341,105758106,17273664,373445
1635341802.103651,10754671,97413554,916825172,10722117,97885140,243780,9137202,11048362,101107054,15501957,373035
1635341802.2037709,11169611,98271173,916860217,10474108,95975572,247659,10022116,11732211,106122262,17000290,408333
1635341802.3038907,10804218,96704599,916178364,11000033,98694784,234584,9322874,10406883,99529744,16010855,363032
1635341802.4040105,10921716,97049435,917330476,10768134,100302880,239047,10725144,11098182,104817981,15867990,373937
1635341802.5041304,11531627,99118238,916545361,11037124,102686609,250574,9764367,10926939,101289429,15273263,363404
1635341802.6042497,10151169,93735925,916682322,10793279,96609742,240626,9048110,11075078,104016744,16563210,360156
1635341802.704371,10638000,102599488,918350946,11131887,97715850,250858,9316529,10932479,103629473,16561856,373629
1635341802.8044906,10850282,98164751,917164290,11132530,98116092,241075,9612002,11396055,109982235,15327137,400844
1635341802.9046097,10899081,99749619,917383460,10965723,101477634,252835,9728242,11231051,105283509,15599642,360285
1635341803.0047297,10808045,94408616,917182589,10684945,98788659,252998,9261834,13705882,96798789,13510354,357435
1635341803.1048503,10564989,95142532,919435605,10509884,98711919,257185,9337907,11249486,97359264,12954268,386337
1635341803.2049866,10299785,95102559,916591393,10611642,95444203,246645,9414199,11589443,111325596,16404679,368849
1635341803.3051162,10914703,99611820,916517699,10953146,99744581,242152,9577356,12678559,107920252,15489093,362466
1635341803.405238,11205705,98979798,916857964,10542161,98487958,255206,10108797,9894388,100128649,16361622,382078
1635341803.505358,11068792,105829868,916065920,11112060,97407093,235541,11562334,9936268,95634038,14445273,357658
1635341803.605478,11016079,92087995,917574911,10630710,102291128,248006,8432652,9986870,98305879,15796596,378539
1635341803.7055995,10694831,97963865,918108562,11211306,105080405,251708,9428932,11135140,107404137,15987165,361087
1635341803.8057213,10514645,93792247,907735869,10713923,97706784,233155,9300246,14958994,103065843,14205916,415532
1635341803.9058444,11278537,103063295,916465202,11276990,102739075,257985,10217443,10868140,102855273,16024489,386649
1635341804.0059679,10891732,109905449,916650520,11295809,96647680,243946,9762220,10989812,106471747,14400060,383172
1635341804.156149,12477339,96632603,920979606,10459412,99914158,241772,9320198,9804350,98604744,15613622,386962
1635341804.2562714,10037805,101931725,914066962,11030359,94879705,231743,9216806,11039035,108622512,16487704,391435
1635341804.3563938,9571171,92314580,914465479,11360457,105717998,262888,9719876,10421408,101137538,16830722,327781
1635341804.4565146,10680263,102240149,913925897,10627245,96306039,234567,9827246,11936617,113862389,14892901,376250
1635341804.5566344,10924715,100413178,912936768,11004873,99066795,234960,9710864,12317681,101593959,15032938,362235
1635341804.6567554,10594107,98032795,911910663,10722298,96868239,225760,11521430,11259474,103178889,15648559,382369
1635341804.7568765,11135787,100254837,914778230,10973352,97851623,237404,10237162,10880579,102077267,15377213,363880
1635341804.8569963,10998558,95231716,913970442,10355873,99183028,250355,9459135,10897179,104378970,15825792,378419
1635341804.9571164,10783843,99577255,914062836,11110049,98871424,230271,9126970,10283883,100651214,15780922,369529
1635341805.0572357,10933391,91101390,913821943,10329953,100095869,236912,9071880,10909566,105231715,17226650,399848
1635341805.157355,10232675,103949420,914972215,10974349,100362523,250734,9821221,11334910,104509074,15502601,381061
1635341805.2574747,12193527,104091153,914462506,10989940,97669324,236650,9669811,10657062,105219477,16306671,468607
1635341805.3575938,11352772,102058798,914944396,10833514,98836355,241212,10060428,11326236,106922777,15187576,405836
1635341805.4577131,10917463,99081541,915423667,11223853,100597030,244681,9253632,9894950,94283265,12796433,395276
1635341805.5578327,10986471,98271947,909508502,10741234,96616234,245291,9559423,10751772,102922983,16772928,395337
1635341805.657954,11005283,95627606,910311111,10849074,101002274,249718,9379744,11989931,113004268,17165638,442532
1635341805.7580745,10672221,96995919,915381311,11107004,100735197,229292,10028844,11580004,108321001,16623289,408326
1635341805.8581939,11239555,100031558,914195644,11237790,104515949,243874,10037372,11194412,106080464,16509751,409640
1635341805.958313,11237753,98212625,913189062,10861995,100514498,245801,9731832,12470451,107100459,15868512,372550
1635341806.0584316,10988820,98176967,911415241,10502254,97203980,244753,9291534,10162796,98165704,15148961,390353
1635341806.1585522,10653593,97327635,910456789,11285031,103455648,252102,9546423,10245977,97568771,15624842,376020
1635341806.2586734,10390081,93298864,910154873,10854284,98420651,243382,9161225,12221552,110999712,16658414,391591
1635341806.3587935,10937186,99842680,910538878,10920987,97143725,239075,9712332,11921007,101262653,15825323,361024
1635341806.4589188,11080929,100752080,911183820,10884555,98617678,245315,9827714,10837081,102821855,15195856,348143
1635341806.559048,10377375,93767101,909597177,10697106,102476295,251795,9685418,10260759,99770428,15189010,410338
1635341806.6591725,11481204,100502106,911712068,10532201,97196924,244072,9275608,10370706,96319846,16775214,420739
1635341806.7592945,10427998,95877105,912012140,11152616,99369723,235055,8978656,11742243,113461288,16526333,369628
1635341806.8594139,10402974,97748758,911221550,10549872,96523572,251266,9462258,10715220,105260879,16964062,387681
1635341806.9595327,11197113,104380670,913691264,10929653,96428408,225772,10151902,10949750,100454984,15046073,353515
1635341807.0596516,10867922,95226761,914361634,10303711,92077917,234509,9268354,10779451,103633491,16461844,375293
1635341807.1597712,10646809,99520558,914004954,10896122,100765766,273232,9981015,11469752,104412077,15170144,357886
1635341807.2598908,10666228,96585597,913977523,10413043,94716937,240515,9118187,10399827,102380135,15786030,384096
1635341807.3600125,9843341,95956324,913399070,10880442,101087085,262090,9871180,11627202,103208414,15406248,349553
1635341807.4601316,10556792,99198642,914994077,11003068,100269835,244691,9652272,10693617,102589233,16219909,403644
1635341807.5602512,10970061,96448945,912879309,10707236,96036159,237091,9725583,12740313,105335204,14724694,416398
1635341807.6603718,10763133,102110638,914857003,11145153,99687984,228866,8957060,11170139,102967141,15232477,400077
1635341807.7604918,10856179,97517868,915563697,10704168,97438284,245569,9497350,11070555,99944352,16293135,363886
1635341807.860611,11194597,99863316,913618078,10864767,97258733,235728,9011958,12049260,111028030,16978946,393378
1635341807.960731,10303319,100222323,913398257,11025661,99539566,244918,9588476,10728738,103594593,16152008,375477
1635341808.0608509,11650605,103928082,913733543,10387727,93016294,226874,9620936,11207300,103056802,15109988,369073
1635341808.1609704,11060049,100754391,914065820,11027391,97256144,233103,9724671,11208479,109669906,14514265,381431
1635341808.26109,11501829,104020229,914284875,10389968,90999134,244065,9075042,10828879,95997376,16862246,401000
1635341808.3612103,10369324,92031503,914221040,10508976,99214944,254652,9329718,11170756,105674489,16920223,373963
1635341808.461331,10077678,91845811,913121277,10912521,104472625,242327,9161624,11870275,105332022,14508309,364613
1635341808.561451,11617325,97763074,904942387,10489814,99822738,237479,9815693,10895054,106598908,15379490,451297
1635341808.6615908,10914466,97276345,914182732,11540838,101926591,252895,9916969,10862395,101228240,13908465,362308
1635341808.7617419,10796441,103052786,914507352,10860270,97712769,246998,9095446,9810924,98445329,15707696,377078
1635341808.861863,10685004,101665509,913469009,11260053,104794751,252364,9295576,10786240,98823559,15578346,364853
1635341808.9619827,10915457,95278020,913512939,11016232,99853991,240602,9246595,12063603,107086483,16592056,390897
1635341809.062103,10585011,104329430,914758171,11048356,98728781,254696,9904502,10446501,100530828,15380300,382422
1635341809.1622238,11427493,106418827,913533340,10979048,97435828,239562,9187886,10518456,101691704,16821063,375607
1635341809.262344,11372773,98259089,913604794,10780036,99081698,219763,9406811,11402451,108295261,15389339,378684
1635341809.3624647,10675218,99846102,914530530,11214385,95615699,240269,8595102,10006112,101510107,16298638,371885
1635341809.462585,10044931,92640568,913918629,10261219,97409772,274836,9669829,10449380,100253815,16600667,372720
1635341809.5627062,10057151,100352489,910107571,10705941,99673202,255149,10012988,11632392,105497217,15658703,371349
1635341809.662827,11078566,94935174,914174630,10687322,102394578,254064,10013430,10888565,103748373,16455064,386423
1635341809.7629483,11129228,99338191,914995813,11512181,101891883,246260,9942383,10651453,99504592,13714132,387668
1635341809.8630683,10479148,98101966,913755404,11363845,100247000,235306,9053161,9414562,92619063,15525601,378330
1635341809.963188,10838011,102304452,913991573,10884957,99518943,239306,8463914,10432989,99382621,16317110,378349
1635341810.0633075,10761590,96539014,913616375,10978323,98798796,243514,9296485,11898317,104787130,15550605,371787
1635341810.1634266,9938421,96305186,913569445,9749575,87721633,192310,8606379,9164139,92251718,15193065,371863
1635341810.2635462,9357571,85200847,912449840,9311830,81411600,186334,8873909,9634084,94809903,13924771,418452
1635341810.363666,9806775,86072618,913367228,9568980,85928980,190501,8133137,9494684,89451704,13404075,438627
1635341810.4637866,9443733,84058011,911476504,9822030,93603870,201179,8594898,9661842,89438999,13694995,403053
1635341810.563907,10054156,90003303,905662043,11288952,101098047,191847,8142044,8922312,85833705,14875023,408290
1635341810.664029,9526198,99608537,912713390,10650348,99400717,261380,10127415,11666062,110219310,15974573,408790
1635341810.764149,12345955,106665403,914433624,11149742,102972807,248855,9718395,11231596,103346612,15483375,376095
1635341810.8642683,11530370,98678701,913607907,11182387,104396672,242952,9593562,10909303,105096681,15473843,377167
1635341810.964388,10537589,100463471,913615255,11166360,96746155,244821,9161752,9960248,98279942,16134347,375588
1635341811.0645075,10956201,102868452,913440810,11001874,99457232,241185,8609877,10661626,99825909,16343276,378312
1635341811.1646266,10517146,97466357,913906826,10546122,97921335,245920,9706055,12040524,111166763,16040292,404099
1635341811.2647464,10410470,97581572,912762723,10730714,99495650,249483,10375845,12638219,97212644,12864952,413980
1635341811.3648667,11889207,106513195,913582584,11104936,100676343,242840,10053607,10795014,108351693,16350961,386835
1635341811.464998,11539511,100842285,914960791,11051950,98704748,237290,8919181,10663304,100310949,16131567,384681
1635341811.5651262,11216553,99097211,907534364,11173249,101514544,219550,8851324,12246007,101515375,15503214,393390
1635341811.665271,10468207,100185375,912831234,11181776,94300038,236674,7319649,10913932,105604133,16711104,387228
1635341811.7654052,10615266,102095789,913901235,11037008,102581156,274906,11370346,11397525,105625665,16235756,411452
1635341811.8655322,11761527,101178337,912688258,10950111,103324053,247582,10042539,10398208,100400609,15635107,378366
1635341811.9656582,11631200,97439544,912744469,10829343,101761850,239330,9599108,10896948,101807204,15198345,374643
1635341812.0657833,10171731,94708695,914065725,11758880,104257386,246541,9366216,10129962,102405279,16379957,371827
1635341812.165909,10598133,97606539,913554579,10931313,99810607,240001,8666427,10731145,102316075,16661617,385475
1635341812.266034,10227845,103123804,913587398,11267360,100850101,238220,9226382,11999882,110268011,15740952,391301
1635341812.366159,11524896,102673600,912683438,11019074,103680165,252003,10249802,11168874,102180684,15508254,412765
1635341812.466284,12276087,109699217,913041246,11279039,99673466,236484,9625506,10454929,99123598,14601670,420683
1635341812.5664098,11654423,98824162,911095737,10652662,100411772,253871,9207819,9570566,96719470,14382591,394744
1635341812.666546,10473100,98876585,913265106,10827824,99431392,242913,9223031,12136424,111249543,14229618,426460
1635341812.766677,10297166,96755160,914024794,11095934,99839277,230171,8357829,10852216,106267776,16973578,395803
1635341812.8668008,10200167,100663588,912292917,10693234,96962623,257327,11503977,13220907,107846725,14967537,397341
1635341812.9669254,11573378,105168813,912906490,10330109,95513864,261888,10028083,11650433,102787869,14928944,368455
1635341813.0670574,11256516,98023327,913026909,10775453,97834428,251373,10022786,10760511,105087038,14727068,371235
1635341813.1671839,10731083,92250002,913195439,10839350,101059320,250806,8935019,9393577,95637287,16412691,390654
1635341813.267309,9852559,93418576,913040336,10832387,95128957,243316,8669795,11198507,105030653,16967391,378226
1635341813.3674343,10844990,108465659,912569436,11184749,100504754,250876,9109674,11813308,106745807,15655998,387460
1635341813.4675589,11055009,98286993,911127041,10676694,98351167,243373,10327699,12142596,101635662,15422279,394531
1635341813.5676847,11561107,102545849,910497383,10896855,98163598,248811,10043398,11149353,101062222,15453404,410689
1635341813.6678205,11169487,96726151,911362429,10917599,100691435,245897,9012823,7901925,93276529,16789759,385548
1635341813.7679558,10729006,97852402,911887387,10452543,96935155,245789,8864917,13542714,109320930,13740931,384775
1635341813.8680813,9984177,91355793,910633169,11153520,100626707,220105,6590558,11274382,104795112,16925523,366840
1635341813.9682076,10231882,99470450,910657775,10203196,89083973,243691,11375247,11271094,104605384,15547807,376822
1635341814.0683315,11895322,102879326,910637312,10328625,98284535,272101,10299219,11157023,104844105,16376836,365874
1635341814.1684566,11347106,96019989,910772492,10596413,101127323,245143,9720268,11181094,103293837,15638069,386433
1635341814.2685816,10388356,91049512,909517885,11141027,103880793,242569,8764977,9466745,94514728,16635528,381474
1635341814.3687062,9537553,89044398,910849065,11108394,100756682,239510,8521825,12145862,106306399,16948289,372451
1635341814.4688308,10145481,103135010,910012796,10871777,97294323,246464,9815957,11535495,107131109,15558357,377295
1635341814.5689552,11645849,104526624,910528254,10714322,95731031,241664,10399042,11146399,102676063,14746943,366232
1635341814.6690922,11870369,100745713,911243957,10856014,102146325,250442,9793338,9910194,90748144,13194379,362065
1635341814.7692273,11243213,99280258,912258283,10784206,94483693,232598,8697276,9905023,99039271,17528630,367055
1635341814.8693535,10191418,93613663,910592060,11049590,104000146,248380,8641547,14198543,104073708,14590400,370000
1635341814.9694784,10072804,94325632,910348703,10522580,95846982,224350,8849490,11900062,106188033,16732795,379513
1635341815.0696034,10306165,102410821,910220083,10828389,95805145,222828,11414248,11625207,109387376,16021653,374901
1635341815.1697288,12176245,103621490,910706879,10023833,92266747,252478,10189685,10853627,101840437,15650245,373561
1635341815.2698524,11229716,96336199,910010686,10485562,103747909,260025,9728838,11140789,105596961,15697244,372182
1635341815.3699772,10951853,93748278,909660611,10583042,103619024,246190,8655269,9797465,95262536,16441640,390369
1635341815.470075,9221409,85360031,910436602,11216569,99333160,239558,8773515,11192897,102738252,16892927,369396
1635341815.5702007,9907782,105344428,910051011,10888621,96667119,243945,10063003,11804360,109824951,16388156,422259
1635341815.670342,12960478,110437944,910631587,10783288,95037630,237957,10502584,10914284,103258135,14740111,413680
1635341815.7704744,11638858,99613354,911087065,10882530,97989941,232628,9445195,10027415,93476856,13904550,372482
1635341815.8706002,11094937,97670243,911092870,10668030,96125404,243835,8858008,9387422,95152039,18197271,362236
1635341815.970725,11178813,98791010,910484612,10556376,96497602,237891,8231781,9920672,107462286,18326958,401384
1635341816.0708513,9449240,91585694,910707109,10880921,97530553,234207,8243622,13628993,116265054,16927393,371436
1635341816.1709769,9660537,95303344,910691052,10838487,96291987,211245,11149345,11546029,106974280,15978132,367146
1635341816.2711015,11909337,102624673,910289034,11046829,99987703,250171,10055961,11751567,103647127,15959687,363358
1635341816.3712263,11566186,101004199,910539404,10967275,103640045,254763,9600109,10772850,102387939,14412147,385017
1635341816.4713516,10790996,93392484,910025724,10294863,98432818,251998,9128812,10757381,103433625,17076761,400511
1635341816.5714765,9741497,88468315,903027193,11138519,102457876,240012,8858981,11904938,108927459,16872799,406213
1635341816.6716113,10293834,103187977,909966476,11375013,102204614,248034,9885367,11782604,108681647,16446760,391657
1635341816.7717428,12452553,105789333,911970782,10885475,98751318,240399,10229001,11144484,104065004,15648952,359318
1635341816.8718693,12159146,102569054,910909014,10528640,97852956,250794,9466036,10542254,102979767,15027272,392487
1635341816.9720018,11587367,103987305,910990606,10967044,97526728,240478,8783031,9526350,95146076,17440744,398962
1635341817.0721328,11149044,98441176,910106693,10912507,96857662,246666,8836687,11063033,106052318,18315223,436428
1635341817.1722593,9055745,87740705,910680901,10571513,97964155,232717,9590253,11947385,113963591,16341146,363165
1635341817.2723799,10639424,102721618,910830459,10821267,95311475,231857,10415875,11524357,105278159,15161080,380820
1635341817.3725002,11951864,103877221,910942646,10950741,96243087,234255,10299456,11242503,105652838,15650024,386796
1635341817.4726202,11265226,99332572,910725103,10869288,96580592,252769,9493809,10195150,99036490,15173040,368738
1635341817.5727403,9943387,90226613,900284876,10230833,99445038,261262,9353490,10671939,104501944,17288283,395504
1635341817.6728613,9399028,89323714,911072302,11207982,103269323,244691,9260723,11328384,107780470,17044407,377181
1635341817.7729816,10904470,97188817,911301631,11069587,101503657,257365,9987988,11714071,105331786,15803260,390945
1635341817.8731017,11784347,111831082,910534369,11724631,101611184,250366,10443386,11244932,103279871,15371226,359306
1635341817.9732223,11799108,101510490,911437484,11099516,99502285,244794,9674176,10549997,97692857,13891785,368744
1635341818.0733461,10909956,101105117,911278994,11020567,100809563,238982,8900203,10537470,99123101,15111786,376404
1635341818.1734672,10532712,95680560,910848782,11183548,101868998,245892,9160752,10692180,96021179,17566592,364780
1635341818.2735872,10381222,100748361,911446510,11327374,100163500,234395,9809481,12051713,113453344,16635622,388743
1635341818.3737075,10439936,102004994,910656093,11102537,99145855,239497,9692747,12676424,103532545,15193833,369244
1635341818.4738276,11827064,101077845,910875203,10424809,96280979,234788,9917081,11075973,105173011,15758372,382391
1635341818.5739489,11451281,97325714,908488169,10607543,92530161,238945,9022681,10459016,97430637,15144861,441144
1635341818.6740713,10241273,92949604,911400962,10214596,98246945,266562,9234473,10561667,102262294,16905717,380043
1635341818.774192,10110328,92564985,911491034,10667510,101378340,245928,9152892,11415376,106516622,17081779,379755
1635341818.8743126,10589845,96717699,909472695,11262657,103864285,247386,9999957,12130841,109246345,15932144,386787
1635341818.9744325,11372284,105922321,911269172,11351210,103351491,255874,10048021,11736968,99825297,14140462,372928
1635341819.074555,11492000,100053363,910391305,11006114,97762771,239570,9465613,10524212,98137241,15248556,377033
1635341819.174675,11093946,102716690,911602826,11190320,103400425,242565,8771627,10463751,99508720,15832615,380441
1635341819.2750053,10298324,97142783,911000230,10586176,100156874,261554,9589178,10601582,101389694,16853659,378865
1635341819.425523,10703608,93066963,911586534,10282816,98375692,247436,10313728,11835107,110204575,17341232,388602
1635341819.525645,10767134,103272821,911588349,10792212,97157699,243363,9689323,11795468,104516755,15645747,381077
1635341819.625765,11999115,104544646,911647459,10663813,95309993,238926,9631567,11082801,105373118,16106840,444555
1635341819.7258873,10646665,93370470,911777446,10492970,94823184,240837,9352861,10844865,103226936,14258330,353447
1635341819.8260078,10328427,95301718,911442824,10645970,97113204,252697,9046688,11539788,100619930,15308941,374267
1635341819.9261272,9909028,93862172,912716583,10931697,104028861,272271,10257484,11287194,105653171,17216125,378276
1635341820.0262465,10092689,95612062,912035960,11055032,99144816,240558,10022455,11791233,110714373,15967081,384658
1635341820.126368,11697470,103936586,912772909,11694579,103969467,237876,10205854,10435267,99737116,14398885,383575
1635341820.226488,10519401,98326047,912628222,11279363,96911310,238462,9626858,10400842,100120468,14129666,373930
1635341820.3266087,11231241,102002668,911620670,10790737,98127497,245234,8896145,10498483,100199043,16801360,397494
1635341820.4267282,10335539,102352392,912900079,10974061,98879739,241107,8990752,11796377,97601143,14281288,372906
1635341820.5268471,10886373,96330585,912638110,10765510,99836262,249259,9805099,11633569,103171434,16446939,371650
1635341820.6269705,11229181,105744984,905104270,11110915,97480527,238204,10072686,11757689,106727213,16177426,407049
1635341820.7270927,12022071,100716540,911389518,10443559,94610689,232846,8981832,10617253,103486155,16863357,376318
1635341820.827213,11482004,98590133,911922554,10737928,97490698,228127,8811011,10803128,102511469,15548482,384235
1635341820.9273338,10188581,93709031,912233102,10348142,94639407,244236,8913552,11000935,104641830,16870674,383156
1635341821.0274541,9762618,89327139,911465572,10256014,99101191,254350,9436191,11363738,101758268,14146298,357748
1635341821.127574,10334256,95908967,911771575,10462893,99672103,248617,10319047,11449800,105497710,15211176,382262
1635341821.227694,11779640,99805141,911689040,10950615,102535380,246324,10460230,11267768,105868277,15869217,384275
1635341821.3278139,11100755,98863608,911880205,11320488,101246805,233262,8926888,9973508,96676904,15416462,400568
1635341821.4279335,9777021,95435914,912088954,10771687,94744100,239231,9016393,11235366,101900608,15276427,367776
1635341821.5280538,10658149,95995598,913103201,10766435,97204156,227318,8657585,10333514,96385327,16837266,390628
1635341821.6281748,10408963,96875268,909510193,10379139,97409639,245133,10139180,11305699,103145428,15101882,387915
1635341821.7283049,11270413,101553857,911721855,11064003,98700104,231339,9771205,10346209,98282836,15598306,362248
1635341821.8284254,11702437,100326333,911903432,10465390,96803707,246003,9231688,9895372,99323934,16838541,370061
1635341821.9285457,10944615,94004242,912205537,10932860,96697774,224359,8514482,10963518,100466895,15698577,375033
1635341822.0286663,10124505,89746127,911376093,10244857,94189203,238732,9009712,11090609,102257515,17159413,389605
1635341822.128787,10352879,96885648,912116516,10454418,91594077,248446,9326895,11719455,104134299,16533277,370021
1635341822.2289076,10377610,93404998,911455784,9797206,96268322,257726,11028867,11578739,107899770,15668810,388434
1635341822.329028,12137445,104428723,911474873,11058694,101228523,246587,9864367,10202015,98962396,15577385,385942
1635341822.429148,10508254,89307414,911106529,11060770,103130880,238332,9037862,11567558,98524101,13809607,361274
1635341822.5292673,10313405,99473871,912414917,11507735,99830844,239266,8398061,10002580,94002911,16067397,392062
1635341822.6293867,9622584,95685150,912627390,10473473,93276447,235116,8819811,11606683,109903316,16781217,371336
1635341822.729508,10276715,98731817,912127288,10582995,99362369,244205,10221112,11322337,104040229,15087521,394411
1635341822.8296273,11398339,97428314,911220022,10307108,93314420,231430,9845647,10428802,95430873,15328299,353450
1635341822.929747,12310524,106416376,912491687,10970519,101439148,241025,9425783,9605290,97799421,15723001,375957
1635341823.029867,11393345,97705790,911429134,10522110,94272398,244708,8909602,10475687,99872797,14671748,391857
1635341823.1300046,9780972,94914977,911984027,10724008,97324340,231384,8851191,12061301,115236853,17231387,363847
1635341823.2301292,10643327,101870714,911132184,10743632,93616763,243543,9485840,11126143,101697671,16929408,389160
1635341823.330249,10716826,98733116,911883045,10330025,98560973,259374,11284759,11524374,109685265,15687948,396802
1635341823.4303694,11623625,103201701,911864663,10802727,98770134,243977,10075370,10247677,98050161,14941618,377497
1635341823.5304894,10996520,92219071,911822802,10882554,100416680,234454,9322168,10896235,104633993,15875089,377099
1635341823.6306095,10275668,93665031,900609572,11703605,106919540,247420,9058406,9932382,95904157,16171464,390276
1635341823.730731,10157815,96041743,912104982,10956374,97532257,236517,9165235,11058101,102021240,16681460,384151
1635341823.830854,11327114,105022355,911622494,11093689,101988518,237018,9799001,10674314,100624086,15153352,367354
1635341823.930974,12076396,102006742,912748590,10852473,99573880,231015,9785740,11055448,102905353,15892534,373897
1635341824.0310943,11442789,99827680,911691297,10932787,96800330,223174,8668717,10239173,97405010,16057479,373451
1635341824.1312149,10828278,95537841,911579624,10714329,94548569,233249,8535595,10151304,103065504,17373736,393598
1635341824.2313356,10288142,95241148,911904069,10660622,97827279,234400,8936927,13530288,117070655,17148759,381178
1635341824.3314562,10263782,92959293,911431925,10253868,92098737,218702,9371850,11729754,107128057,15450471,377244
1635341824.4315772,10765351,97296459,911242233,10534672,96641583,253341,11267707,12252589,109744636,15358333,373735
1635341824.5316968,11501924,100040936,912108760,10551990,100859965,264640,9691376,10973198,104013787,16539793,386322
1635341824.631817,10907370,96223108,909078663,10514890,88861004,201855,8418415,9026915,87672568,13330947,414153
1635341824.731939,9764781,81537129,909882159,8748516,88708898,204271,8447766,9166292,88271190,13992512,417515
1635341824.8320594,8355397,76471621,910754426,9622252,87057169,192049,7909187,9529112,89326646,13204709,393724
1635341824.9321795,8963554,86297368,912372903,9276804,83068765,189300,8353942,11157345,97857696,14674665,403479
1635341825.0323,9216900,83703635,911537590,8972996,78778354,171033,8519827,10655424,90153725,13225892,367811
1635341825.1324196,9517323,91385717,911305839,9518928,85118490,198702,8785647,8809764,82688662,12184219,410496
1635341825.2325406,9750778,88163602,910993418,9434768,82473552,200152,8288630,9668754,83318397,13041978,396611
1635341825.3326614,9441676,84799632,911349958,9148354,82183930,191526,7986288,9208716,92084757,14160932,405026
1635341825.4327822,9056630,80589280,910558357,9329243,87213536,189824,7648031,9003947,87166289,14854632,410075
1635341825.5329025,8397705,79396524,911720350,9091615,81512213,193381,9111305,11287472,91889501,13001339,407246
1635341825.6330252,9723924,89156545,912075116,8992696,85261495,210965,9397586,9443437,91285485,14018178,407809
1635341825.7331476,10123016,85611867,911210309,8613805,77723969,178410,8911710,10765640,91839192,13323185,403811
1635341825.8332675,9286487,83947709,911031800,9609517,85058768,178114,7869676,8710062,84270423,13678770,424542
1635341825.9333878,8733554,74150910,911902454,8489229,79959279,184637,7916694,9319915,88542254,14770715,405591
1635341826.0335076,8346116,83428586,911458870,9331844,81601398,182644,7950553,11197351,95393274,14251478,393204
1635341826.1336272,9197824,85802111,910895911,8764757,82111175,199619,8789565,10241905,93916087,14553879,409432
1635341826.2337472,9312672,86992519,910636477,9002058,83756396,193587,9149529,9486314,85919619,10784066,400619
1635341826.3338678,10161168,86263040,910916715,9146481,83171312,200467,8345373,8961326,75541027,12497518,395519
1635341826.4339876,9532395,90923278,911088010,8995260,82987580,212003,8396219,7949707,81486977,12695775,400891
1635341826.534108,10494268,94306052,909334179,9951252,83230059,218944,8501934,13153891,111259266,16444377,374901
1635341826.6342278,10663562,102177204,909533870,10670290,94808181,236107,10988275,11232654,112625300,16665124,428790
1635341826.7343504,11573816,104492883,910294416,10830893,94748579,249107,9704411,10092503,98142754,15809297,384545
1635341826.8344905,10437034,91721480,911377366,10103585,97975460,262219,9236879,11429393,100040148,15482590,385045
1635341826.9346192,10209033,99085950,911466258,11308315,99040023,243689,9053068,10067284,96640042,16164352,393964
1635341827.0347407,10256165,87681534,910918985,10688314,104496956,246660,9424505,11342838,105504185,16735062,391920
1635341827.1348612,10530043,103961625,911393012,11381154,100015774,254377,9668207,10586682,97928447,14639311,385807
1635341827.2349815,12831566,110473887,910885045,11001584,97990859,239337,9438674,9294002,94694503,15864810,394928
1635341827.3351014,11015952,93646262,881986965,10111081,92623583,267610,9825760,9310858,86712243,13311319,398437
1635341827.4352212,8536783,74688608,767802218,8294189,77094973,157731,6666403,8097088,77397138,14221066,366116
1635341827.5353408,7255692,63922464,683263348,7031722,63298103,139247,6602401,8178848,77793903,13142618,307769
1635341827.635461,7078229,66735238,683209845,7461082,68973925,148680,7535972,8534732,79110751,10208144,296426
1635341827.7355804,8302816,71642296,682990861,6732692,64634678,157866,7625995,7255280,67056754,10872529,322666
1635341827.8357003,7598671,60204741,682865914,7168060,68123834,151330,6039259,7868393,65565307,10045939,318484
1635341827.9358191,7173287,64343019,683322514,7308210,69886356,162354,6109966,6919005,68574201,10318932,304384
1635341828.0359383,6973665,65518389,682641255,7433766,69548712,153585,6799695,8275379,79913602,12781269,306543
1635341828.1360576,7131241,67723958,681904919,8104242,74223954,146923,6773627,7819454,76752827,11455957,318866
1635341828.2361784,7149218,71311255,667099979,7630128,67838781,136061,7285661,7448155,67354045,9410592,310614
1635341828.3362978,5222804,34333662,482035549,4793292,44088390,101769,3776661,3953919,36918037,6012705,234822
1635341828.4364169,4423359,41697918,455454011,4151691,33807933,77793,3647551,4372713,41271501,6688987,193702
1635341828.536536,4923246,35661612,455340415,4294159,46513691,115224,4915081,5328078,49695420,7255223,234312
1635341828.636655,5345095,48398489,456110021,5464740,48733805,106421,5011399,5476988,54964223,9208454,232011
1635341828.7367752,5182604,49881150,455893634,5525704,49356758,110942,4802010,5120421,50406841,7729441,208208
1635341828.836895,5561803,56104126,456279329,5552114,47592103,106450,5191126,5677691,51731834,7847332,217198
1635341828.9370186,5516267,49267728,457567052,5324772,49520158,109206,4729310,5474304,55224332,8656048,258698
1635341829.037145,5501732,51719243,456859229,5420451,47366762,104351,4839742,5425321,52853849,8011254,227996
1635341829.1372664,5634433,50157609,456305573,5289293,48006363,105833,4947893,5854189,54367830,8458630,239280
1635341829.2373867,5381597,50421417,456294500,5678862,50637044,118533,5054083,5054475,47692132,7851005,223457
1635341829.337506,5168470,46101904,456463453,5081067,47049785,103013,4803502,5497355,52995840,8162536,222119
1635341829.4376254,5283827,49168354,457307890,5377856,49336602,105865,4408743,6286887,49469501,8056070,217062
1635341829.537744,5676796,50744000,456992335,5352157,49701489,107882,4647866,6532341,53797279,8666102,218137
1635341829.6378634,5259022,47483873,457250435,5657811,52583230,112557,4915315,5384408,51074442,7847708,219809
1635341829.7379825,5622493,50526581,457320371,5662821,51903496,109439,4827655,5437366,51700430,7382896,226334
1635341829.8381014,5490618,48505847,456741152,5247635,47434202,110105,4695310,5749948,52604254,7943852,216564
1635341829.9382203,5714778,50375338,458070100,5612166,50411912,106800,4812825,5521578,53094468,8669093,239366
1635341830.0383403,5450651,50824678,457234775,5439539,49104378,108970,4844108,5673904,50844756,6522881,218223
1635341830.1384602,5314529,49774693,457262289,5978845,53169096,104518,4848020,5605883,52661413,8096488,221580
1635341830.23858,5458469,49775683,456565137,5244804,47833446,109277,4702168,6833250,54987114,8489346,218161
1635341830.3386996,5365750,48533055,456500356,5407395,51038358,113280,4894007,6111143,54004590,7820906,222052
1635341830.4388182,5743550,50815978,456954860,5238966,50637433,110832,4988487,5070913,48385933,7806690,221272
1635341830.5389369,5363117,49094529,455322812,5324999,47889535,107121,4876183,5771757,55339511,8684588,243056
1635341830.6390562,5835190,52968822,457297741,5274688,50859176,112238,4607501,5309146,49746065,7795990,230768
1635341830.7391746,5112388,47590359,456690305,5411320,48583197,105573,4733518,5623861,55301199,8543468,214741
1635341830.8392937,5382848,47565664,456803066,5455611,51631416,112545,4915291,5228795,48692109,7917318,226218
1635341830.9394133,5340854,52248520,457916600,5629750,48161347,105767,4699287,5526712,54446902,7899249,229034
1635341831.0395336,4936786,47855981,456534783,5313970,48243226,104115,4765404,5295767,50182439,6536298,196903
1635341831.1396537,5240616,51812162,456882119,5639303,48839290,106763,4846741,5549243,54310986,8455404,248651
1635341831.2397723,5238799,48006023,456862099,5391552,48151110,107375,4905342,5424365,50126539,8643774,220822
1635341831.3398914,5419809,49750469,456950027,5529207,49828732,109872,4841153,5395678,52769552,8287157,225312
1635341831.4400115,5523245,49055762,456405748,5301847,48413941,106055,4736851,5381232,48917311,6243288,224299
1635341831.540132,5702960,52206239,456679489,5899313,53672564,111555,4454697,6000543,54258603,8578205,227506
1635341831.6402519,5650863,48852773,456412354,5180533,48176931,104538,4522460,5460000,51092889,8071832,224479
1635341831.7403736,5300176,48671462,457129756,5485468,50382268,105916,4627752,5797401,55128171,8829709,228613
1635341831.8404927,5391093,49581350,456409218,5459326,53352775,117991,5051210,5454449,52186793,8092317,218240
1635341831.9406126,5557009,48156103,456718145,5250476,47481128,112000,4839796,6694429,51536083,9191229,240634
1635341832.040732,5527281,47111134,457512521,5353166,50529524,108031,4883619,6620710,51896250,7719470,239087
1635341832.1410797,5018533,45613826,456354765,5097387,47264088,103881,4833942,5410918,53733207,8537125,246485
1635341832.392003,5380810,49511003,457044568,5297194,48075083,106982,4789544,5395257,52034649,7941169,229841
1635341832.4921224,5555214,47475784,456827975,5243230,49602543,111592,4800247,5459443,53957598,9029029,242226
1635341832.5922408,5095176,47337708,456515550,5619286,49781083,99578,4783176,5140864,52503725,8254064,221744
1635341832.6923597,5563921,47972138,456510295,5226643,49389850,110283,2395572,5956875,55243780,8700139,233437
1635341832.792479,5343997,48052276,457088971,5561775,53008783,113034,4889990,5818663,53551766,8274393,215598
1635341832.892598,5605291,49013264,456189272,5490036,51677274,100926,4669119,5226211,49907127,7813938,249368
1635341832.9927173,5120033,47790463,457325465,5477968,48881548,103595,4703032,5624544,51941619,7724725,207358
1635341833.0928369,5330495,49543469,456703589,5906724,53177588,109342,4720910,5218814,50438452,6945453,231097
1635341833.1929572,5242553,47883498,456542822,5174163,47315729,104399,4899035,5386031,50783105,7983309,214864
1635341833.293077,5966632,53878644,456174439,5709826,52040792,109911,4544872,5141360,50098157,8067945,231620
1635341833.493315,5136298,46885038,456664013,5433749,49872433,104470,4779564,5224834,49502426,8002914,212577
1635341833.5934339,5430269,46561458,456879654,5010461,47957419,107460,4805856,3350637,46326281,7886242,232664
1635341833.6935534,5181655,48123896,457054785,5618162,49198312,104602,4651074,5684810,51139225,7823260,211774
1635341833.893792,5642381,54307952,8448613,236344,5359952,48424518,456486692,5569043,51703949,103201,4837644
1635341833.9939113,5354848,50050759,7951448,214199,5448010,49825907,457396439,5395458,48948603,109502,4995814
1635341834.094031,5406801,50142809,7735157,238361,5190446,47063362,455809870,5445376,52222893,113613,4940540
1635341834.19415,5676610,54090048,8175449,215302,5663830,51970621,456436613,5368576,47587586,100985,4634119
1635341834.294269,5176131,50480279,8132828,223916,5363772,50944477,456544379,5312323,47459036,108318,4762152
1635341834.3943884,5728748,52462663,8167330,220346,5861554,49794400,456466568,5270743,51028134,112387,4847095
1635341834.494508,5273247,50636212,7998100,230241,5526018,50454731,455989662,5450646,50158512,111447,4695552
1635341834.5946274,5433050,48256170,456233984,5213242,47930750,113472,5040064,5518549,52552068,8058995,231069
1635341834.6947474,5270503,49874658,456647196,5395518,47782999,103445,4530035,5039755,49871858,7896831,225475
1635341834.794867,5394971,47607633,456656853,5292248,49509249,116659,4837751,4853687,53509760,8437649,232719
1635341834.995105,5662200,52075339,8244580,225460,5270189,49087853,457254032,5505775,49769406,105437,5106001
1635341835.0952244,5518461,53155802,8452010,233440,5138871,47844147,456854382,5435176,49593668,106193,5043516
1635341835.1953428,5748299,52895587,7741914,217471,5480336,49593140,456452621,5247376,48067731,105020,4854666
1635341835.2954621,5392694,52366604,8333557,247987,5483677,49706887,455829296,5179191,47027977,105032,4586372
1635341835.395581,5054896,51762296,8298685,232000,5873903,55317452,456247057,5692612,50740575,102490,4738679
1635341835.4957,5148616,51770988,8280357,234013,4725385,49698651,455435473,5519874,49961755,108358,4884941
1635341835.5958188,5621355,56044417,8601067,262654,5161164,48241300,456008513,5671565,51787415,112205,4987142
1635341835.6959388,5306985,49252562,7870126,253195,5463298,52446627,456925027,5732784,49612716,104629,4897030
1635341835.7960584,5351220,51728114,8189629,230667,5286656,49959039,456518007,5562586,49750087,113547,5129780
1635341835.896178,4898904,47669868,7627383,215498,5256382,48443710,456811409,5257506,47789479,103237,4732058
1635341835.9962971,4858701,49110587,7707422,227977,5675192,46946245,457275913,5362044,49740930,110304,4630425
1635341836.0964167,5329760,49727373,7126507,253348,5437543,48150129,456427028,5437001,49149146,98280,4683503
1635341836.196536,5464402,52341639,8208420,245080,5073412,44633556,456415649,4983392,46803855,99602,4740090
1635341836.2966547,5360142,50139503,8445494,238903,5354148,48718305,456130525,5418207,48499227,115729,4871135
1635341836.3967736,5061806,50251918,8549685,235536,5534390,47575016,456431168,5454805,48321062,98642,4780221
1635341836.4968925,7284202,48406291,8543374,245468,5373328,48000196,456535950,5285546,46367957,111829,4708492
1635341836.597011,5026933,49072381,7896337,234246,5253524,53115763,457058678,5476739,47116974,102311,4645895
1635341836.6971304,5567618,52684659,8732678,260492,5383319,47711318,456603253,5429327,50740523,108291,4886475
1635341836.79725,5594490,51478134,8146251,252406,5517126,50626418,457203670,5482522,49627015,113163,4935428
1635341836.8973687,5515510,51598834,8088429,229259,5589180,51245016,456112554,5312675,48254102,103435,4770053
1635341836.9974887,5652241,52063478,7721448,248305,5190779,47200476,456518899,5567644,52280512,107052,4910852
1635341837.0976076,5696139,53153410,8060957,224214,5502455,49222474,456694815,5194382,46457995,101452,4806905
1635341837.1977274,5890630,50542258,6497540,230016,5662326,49740377,456715354,5542638,51397429,106727,4632303
1635341837.2978463,5554191,49051507,6791855,224427,6086598,52396153,456765236,5001282,47102511,113054,4637671
1635341837.3979647,6903991,51609773,7430314,260388,5565235,50013168,456935490,5567110,50942235,106317,4975231
1635341837.498084,5884049,53985955,8258880,241078,5501675,48195304,457051394,5307772,52589405,114480,5032500
1635341837.5982027,5157923,48972634,8116968,229164,5188561,47561345,455270500,5374572,48822425,105693,4670711
1635341837.6983218,5802760,56889108,8520026,247161,5393847,48418342,457476575,5320854,49842331,108635,4376150
1635341837.798441,6340701,49910815,8153836,239440,5162252,50483496,457287436,5696771,48285973,99744,4494583
1635341837.89856,5107158,50603993,7973682,243783,5465821,48247740,457157967,5356260,48798848,107408,4724955
1635341837.9986784,5333844,49622771,7943941,234600,5261197,51291796,457856540,5471952,46643916,104674,4830245
1635341838.0987976,5210257,52269119,8231467,249953,5067965,47942425,456488212,5580474,50880102,119493,4808584
1635341838.1989172,5643497,52781509,7899418,234629,5298387,49806437,456729523,5376745,47469733,103038,4729981
1635341838.2990365,5423752,52802252,8186435,242006,5589023,48555694,456913867,5224627,47865197,112608,5115079
1635341838.3991551,5105000,50415792,7878431,253486,5445590,49287302,457019095,5433849,49700547,108126,4750495
1635341838.4992745,5177391,49935707,8155453,251037,5508842,48833919,456766362,5305095,47453962,101774,4926820
1635341838.5993943,6561606,54112573,8775968,246421,5127866,47879519,457558880,5563674,50400789,102515,4640580
1635341838.6995146,5096615,50237350,6141935,228130,5310809,45445850,456465887,4973081,43937700,104039,4176480
1635341838.7996356,5498971,51402770,8171387,242619,5659899,49310564,457347308,5475916,50155762,107644,5258668
1635341838.8997562,6280984,57066995,8518766,250737,5292050,48506312,456528929,5816632,52068952,105967,4662574
1635341838.999877,5483256,50827964,7582884,251799,5246207,50487843,457885443,5281758,47629613,110899,4801508
1635341839.1000116,5380546,50619684,7649806,234401,6019118,50046280,455789813,5726086,51584442,105174,4613192
1635341839.2001307,5562540,58878749,10336082,261509,6856819,63101544,456151940,6794809,62719171,136939,5749525
1635341839.3002503,7071961,65894643,10383129,255824,6836493,62951482,456179658,6828731,63025046,135835,5767617
1635341839.4003696,7045864,65671857,10337197,244196,6831693,63030905,456565152,6842385,63092362,136251,5755493
1635341839.5004892,6985650,66062568,10342072,254316,6832114,63095361,456221498,6848976,63215741,136227,5744546
1635341839.6006086,7030592,66095479,10432732,273645,6850469,63609012,456915757,6868358,63732490,129965,5821852
1635341839.700729,7077353,66774647,10429302,260632,5664605,50593183,378200556,5473512,51728620,108957,5226301
1635341839.8008506,5706820,53352751,8417412,224900,5256383,46712829,346100819,5256209,46755360,101906,4509742
1635341839.90097,5424583,50989457,7965788,210013,3352712,30867498,227901495,3364703,30915472,64761,2843081
1635341840.00109,3463818,32301493,5103297,147812,3249271,30361153,229314487,3394802,31220803,66327,2881458
1635341840.10121,4388621,31154040,3823747,143222,3358207,31216078,228969753,3400285,31138331,66525,2874172
1635341840.20133,3493700,32733293,5070989,135444,3402292,31239046,229422533,3391272,31272503,67952,2865844
1635341840.301449,3529063,32884408,5069693,138590,3383670,31220203,229332648,3407214,31254890,65803,2853274
1635341840.4015691,3504813,32771304,5096680,142131,3400329,31227336,229629801,3401972,31238195,67068,2468864
1635341840.5016885,4369064,30904786,5057768,139721,3372718,31123069,229226497,3390390,31173830,66743,2871296
1635341840.601808,3486188,32669634,5064702,169541,3379059,31233126,229128338,3392439,31066984,65293,2851897
1635341840.701928,3491699,32689004,5089157,138538,3404635,31222146,228666940,3296596,30504826,66510,2871815
1635341840.802048,3520343,32745821,5071235,146550,3398716,31194542,229103565,3395223,31214288,68808,2888081
1635341840.9021673,5195987,30325435,5064906,139760,3395477,31064212,229150492,3386702,31180300,65557,2858628
1635341841.0022876,3513197,32690421,5102780,142468,3245909,30561452,228642998,3402951,31355806,68371,2870179
1635341841.1024077,3509268,32842818,5145883,141632,3365377,30594393,229929013,3310523,31423150,65310,2867845
1635341841.202527,3493773,32827871,5088054,140062,3396707,31076067,228720855,3362885,31043956,67089,2856605
1635341841.3026462,3494624,32656600,5101311,140576,3368427,30046180,228351786,3289858,31127695,66832,2880723
1635341841.4027662,3456444,32632249,5112234,135647,3394558,31313907,228759176,3391367,31066570,65514,2856305
1635341841.5028858,3514151,32721333,5167711,137263,3330713,31037322,228363368,3384547,31112042,66359,2861185
1635341841.603006,3499900,32672680,5091753,138635,3348339,31005936,228465249,3367975,31095415,65739,2858243
1635341841.7031271,3483516,32438629,5134566,56623,3381633,30996105,228741747,3380992,31177089,65631,2848639
1635341841.8032467,3449495,32715613,5059111,159331,3384451,31243346,228821028,3398070,31112207,65833,2862212
1635341841.9033675,3547360,32761015,5041531,139365,3384944,31102219,228415950,3376061,31109335,65697,2877905
1635341842.103607,3441367,32671188,5127462,140201,3357975,29948776,229448289,3300051,31380882,67697,2902367
1635341842.2037265,3523456,32880633,5100731,153753,3402201,31184904,228607064,3389035,31196006,65201,2872808
1635341842.3038461,3490536,32717539,5112108,161322,3390806,30706906,228930436,3324238,31266668,65519,2874591
1635341842.4039657,3494935,32784428,5095761,146114,3385484,30666397,228555489,3332152,31120703,66419,2879526
1635341842.5040853,3495978,32554919,5086573,137822,3400259,30884265,228694707,3385136,31200685,67917,2856889
1635341842.6042047,3510502,32717799,5150843,143555,3418292,30824104,227956928,3386480,31174176,65564,2851830
1635341842.704325,3485050,32618529,5173542,154452,3408638,30916080,228311795,3382031,31079764,65506,2863911
1635341842.8044438,3486262,32687999,5195470,688199,3387434,30971408,228356891,3377396,31011803,66539,2848033
1635341842.9045632,3509618,32775034,5195412,154537,3387313,31039346,228382500,3387043,31154254,66797,2835331
1635341843.0046828,3514669,28974654,3248579,145134,3387806,30966439,228446698,3384655,31156386,66417,2842091
1635341843.204921,3534546,32968840,5249175,143673,3358949,30863612,227912064,3295203,30131802,66106,2842023
1635341843.3050413,3477483,32498144,5172788,142266,3392490,31064305,228194802,3382093,31004487,67264,2863306
1635341843.405161,3494637,32744669,5223412,152197,3377483,31028772,227684057,3342717,30827811,68628,2803966
1635341843.50528,3476468,32634127,5196846,141640,3394492,30864240,228231376,3382310,31229942,66204,2862532
1635341843.6053991,3464235,32599196,5210075,140183,3355627,30948075,226963245,3387018,31084197,67032,2883342
1635341843.7055175,3470550,32561075,5193820,136944,3378167,31060236,228143209,3377422,31127162,66580,2876922
1635341843.805637,3488447,32668805,5225632,136129,3364196,31094837,227927349,3395253,31299017,66433,2893946
1635341843.905756,3501461,32640151,5190181,106854,3378476,31112981,227781468,3422326,30756937,61288,2749762
1635341844.0058753,3522839,32766220,5244078,146622,3412536,31360397,226996229,3413401,31495263,64619,2923020
1635341844.1059947,3482177,32976149,5242267,140639,3361987,30916675,228362414,3459192,31913520,61007,2945937
1635341844.8073423,60,1025800,7000320,100675127,1115544,7208274,1211,473498,1190934,6543262,818186
