1635288855.6282516,2551579,32907128,227794859,3583244,35321243,57974,2808211,3580963,34994236,5241073,56313
1635288858.181395,3627651,34831015,227831542,3611423,34981733,67774,2561325,3531856,35139509,5188196,69251
1635288858.2815225,3647743,34886520,227937153,3646910,34855601,71274,2563791,3652160,35351296,5475098,52673
1635288858.3816433,3612725,34873726,227715444,3644796,34880058,70203,2387292,3606481,34752368,5332804,59416
1635288858.4817643,3473609,34902138,227474900,3657786,34792517,70742,2455742,3516000,35249318,5335472,57533
1635288858.5818858,3714876,34717676,228051766,3590233,35213405,74151,2540080,3560891,35265053,5271963,35984
1635288858.6820073,3601338,34739024,227546608,3658632,34962435,67205,2469583,3586702,34982093,5342937,72307
1635288858.7821279,3624717,34732438,227984037,3591449,35002608,67935,2534122,3485925,35385659,5386518,55085
1635288858.8822486,3659666,35054574,227754821,3626832,34982687,70216,2513200,3614151,35256837,5330394,59097
1635288858.9823694,3729230,34744869,227924713,3557116,35136876,68284,2588420,3519330,35027145,5337724,50092
1635288859.0824957,3632741,35059053,227909750,3688652,34810143,68422,2611181,3507727,35236664,5318667,38463
1635288859.1826177,3974866,34915774,227716037,3649402,34786962,71121,2560572,3556931,35141526,5322784,44836
1635288859.2827408,3707889,34826306,227965035,3579528,34968195,70282,2507506,3579100,35157247,5315543,36298
1635288859.3828626,3575237,34994281,228007721,3636186,34871823,71193,2521315,3550799,35208165,5271927,52398
1635288859.4829836,3656672,34953751,228057658,3641021,34759795,70568,2592755,3360796,34460892,5251814,61142
1635288859.583104,3754616,34945380,228066841,3663126,34779307,71396,2811788,3588560,35473664,5415490,53201
1635288859.6832254,3727774,34813540,227914420,3646715,34675312,72056,2381062,3513558,35328164,5318163,44287
1635288859.7833483,3718357,34780927,227804613,3659216,34956693,67050,2132369,4773707,30099744,3900204,48502
1635288859.88347,3664007,34881986,228039128,3684570,35090235,74091,2591334,3504222,35172214,5409136,58561
1635288859.9835908,3652191,34857839,227893369,3588621,34624378,69247,2521262,3581121,35120228,5407824,55871
1635288860.083717,3581011,34819240,227940998,3774095,35107135,70722,2707557,3615390,35231769,5366724,53744
1635288860.183839,3629107,34550810,228126242,3586592,34952316,71497,2334128,3593896,35299582,5362962,62933
1635288860.2839596,3635679,34781320,227903230,3667341,34861010,68885,2641553,3519388,35333530,5356273,46196
1635288860.3840811,3808962,34813825,227995141,3659823,34837185,67234,2555673,3673276,35219288,5368055,60687
1635288860.4842017,3548542,34780308,227924253,3656376,34957945,68053,2621473,3654630,35362147,5192130,64785
1635288860.584323,3662675,34831371,227916758,3657204,34781998,68815,2363155,3580242,35037464,5383634,52149
1635288860.684444,3724349,34815854,227782186,3663736,34808822,68474,2692961,3620863,35572380,5377316,62018
1635288860.7845647,3469792,34948468,227986076,3651633,34907160,68591,2595342,3569524,35046082,5375294,44738
1635288860.8846855,3800228,34813309,227871004,3655458,35017810,68031,2429600,3609835,35366567,5376056,43585
1635288860.984806,3644302,34837449,228098686,3665749,34641237,69561,2549754,3605344,35312745,5395690,63797
1635288861.0849316,3447430,34603998,227927711,3648619,34964122,68412,2662399,3832560,31108272,994240,58773
1635288861.1850522,3764834,34847622,227962156,3728809,34674868,68576,2351336,3460995,35111235,5337684,56344
1635288861.2851727,3688476,34595549,228091081,3625718,34765640,67062,2533454,3656584,35366379,5357052,65227
1635288861.385295,3659949,34602573,228051400,3668267,34673105,69011,2643601,3534224,35210792,5342235,67173
1635288861.4854152,3548793,34767341,228046356,3643413,34794155,66354,2539095,3590253,35267472,5270586,64714
1635288861.5855358,3753702,34703523,228131099,3658197,34671028,69357,2500474,3634131,35280930,5266394,57105
1635288861.6856575,3635672,34667997,227972970,3734033,34613855,68644,2368105,3450744,35064611,5378119,54880
1635288861.7857788,3697783,34861790,228080785,3631835,34711839,67074,2356942,3593986,35081236,5487935,56852
1635288861.8859124,3786785,34600322,228134788,3661626,34979820,69243,2562112,4185009,29812401,1431382,65839
1635288861.9860384,3797307,34608680,228104803,3653506,34608334,69516,2474380,3585413,35542024,5341474,65761
1635288862.0861666,3716091,34590923,228010924,3683915,34532136,72022,2505467,3630260,35306578,5331369,58137
1635288862.1862876,3694242,34560770,227956497,3679955,34422026,68703,2509151,3587431,35110460,5337772,61637
1635288862.2864103,3580047,34496306,227912971,3753975,34414772,68375,2335361,3540490,35158131,5334853,59302
1635288862.3865309,3460729,34587811,228038914,3900159,34562581,68647,2657727,3555442,35313467,5351181,51563
1635288862.4866521,3647783,34447639,227999445,3625771,34599716,67876,2655672,3485020,35550755,5355421,67307
1635288862.586773,3569206,34569528,227998180,3716771,34567769,68545,2598252,3568392,35055985,5427544,64033
1635288862.6868935,3780075,34506119,228026915,3777335,34375728,68536,2497680,3590147,35042834,5398155,65843
1635288862.7870152,3625915,34465004,227967872,3710863,34441978,70144,2441671,3638901,35133026,5317546,62958
1635288862.8871365,3777631,34545811,228083672,3683347,34608710,69432,2553190,3679294,35509131,5418300,63920
1635288862.987258,3785772,34516154,227960278,3632923,34466705,68815,2496926,3509651,34971570,5346693,68312
1635288863.087386,3586300,34442965,228059164,3720616,34438996,68764,2645961,3605246,35441457,5423630,72653
1635288863.187507,3735116,34503528,228060032,3703503,34393239,68430,2467651,3587627,35324683,5416607,70875
1635288863.2876282,3671482,34542877,228094795,3670883,34376678,70274,2580965,3645661,35539221,5319507,66438
1635288863.3877487,3729625,34507329,227972449,3714828,34455103,71090,2658308,3745486,35129576,5498009,70107
1635288863.5380142,3758200,34316403,228078549,3525590,34437314,73004,2701478,3612747,35095856,5378809,57077
1635288863.6381385,3698957,34302420,227960360,3747841,34511208,72570,2459646,3660260,35333484,5382223,57768
1635288863.7382596,3768985,34478523,227885582,3632060,34463261,71991,2680112,3574191,35162825,5470190,70837
1635288863.83838,3477997,34291108,227921919,3702916,34494244,69134,2464752,3639133,35369509,5291388,72160
1635288863.9385002,3753183,34527687,227983572,3633489,34510048,68082,2655649,3650679,35127526,5358537,64748
1635288864.0386431,3760500,34488942,228124719,3661232,34652510,69085,2424041,3603802,35072190,5525993,54889
1635288864.138775,3421972,34500415,228098121,3796247,34512618,70736,2546411,3649379,35434746,5442773,69487
1635288864.238897,3745981,34602623,228073909,3639858,34423955,70876,2667512,3678968,35640068,5389301,54436
1635288864.3390193,3787749,34614531,228055702,3652180,34582371,70089,2676330,3618936,35131635,5436363,67999
1635288864.4391406,3658516,34540694,228078619,3791798,34617703,69792,2684702,3714352,35357506,5467803,69057
1635288864.539262,3719479,34590908,228078491,3775664,34447111,69172,2616444,3665270,35521535,5418598,70998
1635288864.6393826,3816653,34562100,227944730,3706275,34492861,69907,2662831,3655698,35447612,5371749,74686
1635288864.739503,3810824,34492742,228047681,3575490,34500920,69103,2676447,3613129,35295352,5385281,70297
1635288864.8396232,3734228,34517101,228063114,3677826,34479964,68694,2647536,3591961,35186515,5433068,69616
1635288864.9397433,3730953,34396658,227846696,3703638,34494661,69309,2642972,3726859,35322910,5441496,70691
1635288865.0398686,3659836,34526051,228069376,3740821,34611432,70337,2693866,3662006,35532217,5418619,69577
1635288865.1400104,3651733,34470404,227974331,3796645,34542002,70131,2506303,3665688,35159054,5445711,70950
1635288865.240132,3598076,34469888,228101964,3804663,34445752,70820,2489986,3711161,35830693,5464247,73833
1635288865.3402543,3588919,34392901,227973289,3800195,34392050,69489,2615179,3834502,35573524,5454083,75282
1635288865.4403746,3637213,34390809,228035653,3800675,34438813,70472,2483968,3612105,35279055,5429998,73345
1635288865.5404956,3651017,34486607,227994358,3790171,34479334,70332,2332625,3672628,35442913,5435398,72203
1635288865.6406164,3609777,34415714,228016123,3752547,34511471,69004,3008002,3668939,35420074,5445547,69981
1635288865.7407377,3542041,34435636,228035147,3856652,34672047,68822,2438502,3651232,35221235,5447727,71263
1635288865.8408592,3753613,34398963,228107366,3631144,34466547,68897,2510608,3613196,35168477,5483748,71243
1635288865.94098,3705779,34294588,228053479,3717950,34472373,69175,2645732,3583564,35338680,5495083,73864
1635288866.0411067,3923150,34571051,228018916,3661678,34359884,68871,2682544,3654844,35166776,5340245,69767
1635288866.1412315,3566586,34398317,228088607,3688888,34325540,70756,2548274,3666063,35538680,5316348,68852
1635288866.2413526,3719101,34458076,227869679,3778363,34257390,71734,2687322,3670496,35308871,5241804,90125
1635288866.341481,3557893,32891722,218141408,3688832,32089129,66892,2578453,3438796,33826471,5180151,47673
1635288866.4416037,3767865,34244097,227949314,3796328,34191039,70787,2545964,3884284,35632990,5367345,67909
1635288866.5417254,3750930,34060710,227939151,3692287,34159456,68230,2683073,3625600,35251819,5426690,79564
1635288866.6418476,3796678,34142205,227923044,3706366,34052255,71153,2503572,3544160,34846374,5418336,75885
1635288866.7419717,3740382,34167312,228076003,3825288,34076850,69395,2210114,3655616,35407299,5447261,81906
1635288866.8420954,3781783,34099749,228059996,3576788,34015179,71209,2379293,3575862,34756609,5445920,83163
1635288866.9422178,3773529,34167874,228052825,3775234,34041949,72307,2674401,3647889,35169040,5350094,71562
1635288867.0423458,3723553,33965670,228029395,3764881,34078324,72398,2554242,3697962,35007213,5421023,82620
1635288867.1424696,3881996,34001290,228079850,3650029,34227127,73224,2683002,3585448,34686500,5354912,79785
1635288867.2425923,3787991,34040512,228064991,3769159,34019693,74184,2323917,3685283,35173892,5457066,83364
1635288867.3427138,3480472,34047471,228120846,3793319,34078802,69583,2540602,3588428,34910746,5367719,82923
1635288867.5429573,3628989,34037549,228101771,3790966,34046214,69068,2548564,3561880,35036588,5424550,72171
1635288867.6430786,3785374,34107652,227936764,3590986,33400433,69026,2715602,3693209,34839572,5444061,82187
1635288867.7432005,3727912,34122336,227918276,3782335,34025052,69830,2484708,3640560,34876619,5326955,80961
1635288867.9434435,3668198,35094142,5424550,82191,3781013,34055765,228033906,3748917,34103800,67667,2692551
1635288868.0435693,3635959,34856308,5359407,86597,3620187,33978331,228177385,3898539,34060137,70852,2593988
1635288868.1436944,3671805,35284227,5432721,84052,3786699,34024050,228054898,3622606,34101428,69411,2679463
1635288868.2438166,3595606,34908153,5430600,81848,3729657,34105309,228066808,3765912,33999856,69785,2591450
1635288868.3439386,3682250,35199277,5443359,84505,3607055,33989783,228186014,3803466,34101049,69421,2715632
1635288868.4440598,3571367,34701431,5375416,82621,3780385,34146528,228033934,3646355,33968473,69291,2683886
1635288868.5441818,3669271,35150016,5384186,82368,3809882,34216390,228119729,3792669,34119570,68523,2495497
1635288868.6443033,3796357,34011595,227988724,3635361,34057687,70516,2672104,3612201,34465938,5343822,82821
1635288868.7444248,3643526,33970944,227977847,3790257,34034533,69157,2539201,3773377,35631733,5301732,79745
1635288868.8445456,3790492,33969906,228068332,3645098,34000973,69022,2683136,3634409,35346016,5443887,82822
1635288869.044794,3678251,35010535,5367846,79777,3780291,33817777,228042266,3693111,34132365,69206,2613345
1635288869.1449187,3684956,35144208,5453671,82083,3784050,34110540,228012335,3563682,33867278,72207,2687490
1635288869.2450404,3664374,34878182,5360867,81215,3708766,34027968,227972908,3912486,34054325,72627,2542013
1635288869.3451622,3670388,35115818,5464676,83415,3850096,33975979,227944053,3715425,34189104,71897,2743439
1635288869.4452827,3565063,34477783,5412945,79252,3674933,33993634,228172401,3745490,34071403,74631,2371134
1635288869.5454044,3670492,35133627,5432610,82669,3433963,33993661,228090978,3800715,34128923,69923,2588054
1635288869.6455252,3583892,34710827,5430081,78473,3812070,34074180,228063981,3644885,33983204,69126,2699867
1635288869.7456462,3582886,34061082,228370380,3787400,32950002,64064,2335480,3817293,34498800,5530810,87290
1635288869.8457692,3718439,33954836,228046085,3714785,34068314,69516,2701822,3505570,35155342,5453280,83550
1635288869.9458916,3788788,34280147,228068358,3786482,33900081,68848,2375839,3581402,34545074,5391842,79326
1635288870.1461575,3674635,35112244,5435914,83368,3318479,29499185,228087013,3474654,34121170,68390,2684373
1635288870.2462823,3588463,34745954,5372217,71065,3797817,34077144,228105898,3788452,34000227,69754,2692636
1635288870.346406,3668686,34783214,5381546,83574,3684336,34007144,228087509,3745873,33872101,71202,2517730
1635288870.4465287,3678424,35216234,5426719,83644,3802886,34008490,227799104,3793639,34068817,68645,2695832
1635288870.5466504,3545868,34673391,5420431,79064,3830144,34004725,227969523,3754100,33961963,70736,2379281
1635288870.6467726,3649713,35295353,5432467,81320,3150733,33070126,228215637,3798666,34019922,69833,2572119
1635288870.746894,3569506,34689080,5390063,77998,3784395,34142757,228011450,3645035,33976027,70081,2695101
1635288870.8470154,3573104,34013118,228007565,3787844,34067487,69015,2612017,3587107,34781659,5464773,89324
1635288870.9471369,3791280,34082048,228048418,3632647,34184911,69986,2664669,3461865,34532208,5401788,82980
1635288871.0472643,3647076,33968889,228044552,3800027,34094561,70042,2652185,3682674,35405214,5441179,85831
1635288871.2475123,3628421,34929150,5434358,83641,3797823,34084671,228074764,3800020,33984932,71466,2709511
1635288871.347634,3668554,35379740,5420076,83449,3792834,34027119,228040983,3724450,34102235,70533,2499765
1635288871.4477558,3574111,34902737,5471338,82396,3638666,34120164,227980534,3563873,33942740,72552,2699163
1635288871.5478768,3672338,35087166,5337762,79255,3780938,34079610,227984792,3787975,34139308,72716,2625102
1635288871.6479988,3657425,35161668,5429622,82723,3715722,34271076,228067841,3680387,34084667,71486,2731921
1635288871.7481205,3657613,35218315,5327583,86962,3348874,34024401,228013985,3777106,34169156,70264,2540646
1635288871.8482432,3669735,35002366,5422836,83094,3802770,33963035,227967573,3643332,34150010,69884,2669150
1635288871.948364,3792810,34050268,227984576,3789082,34214202,70403,2522800,3670876,35234982,5405083,78115
1635288872.04849,3796653,34017385,228038539,3643076,34072085,69055,2681952,3477668,33870087,5356702,82536
1635288872.1486142,3676925,34104054,227990714,3789688,34055558,70305,2672807,3933057,35728110,5270232,81246
1635288872.348882,3680637,35115493,5450832,81642,3761439,34228072,228045110,3783586,33955001,72659,2678841
1635288872.4490106,3677342,34979112,5331278,87142,3789952,34000197,228051044,3665845,34199241,68665,2459589
1635288872.5491354,3708442,34869168,5432071,82765,3705000,34007090,228031216,3758920,33923997,68854,2685923
1635288872.649259,3658647,34912192,5318033,78071,3783428,33944977,228042364,3583923,34033659,71473,2480239
1635288872.7493865,3668800,35088418,5425213,82693,3783090,33983395,228049542,3738105,34022118,68960,2692240
1635288872.849513,3674926,34836107,5364961,79926,3363258,34007080,228091291,3791506,33997883,71142,2719936
1635288872.9496381,3694100,35353608,5455683,82346,3721253,33838657,227982428,3677827,34162994,68570,2629402
1635288873.0497704,3794337,34093084,228012314,3804493,33954323,70838,2514168,3667412,35237185,5413245,84097
1635288873.1499023,3750553,33980781,227953362,3688728,34047791,68909,2673039,3508793,34556464,5423520,83474
1635288873.2500203,3778590,34061001,227973431,3783016,33998453,71070,2391200,4817654,34905173,5322761,81670
1635288873.450276,3658835,35245928,5430227,83513,3790705,34025335,228053928,3797026,33956343,72072,2673203
1635288873.5504036,3671523,34829930,5364687,88367,3736350,33973366,228003306,3709980,34038437,78202,2564832
1635288873.6505322,3699333,35267956,5440411,83874,3805455,34014972,228023936,3801182,34040276,70696,2663259
1635288873.7506595,3682943,34963210,5344509,77381,3719970,33977846,227945440,3679819,33873911,72134,2440685
1635288873.8507886,3694466,35127377,5454398,83225,3804146,34000117,228054125,3794322,34165271,69221,2673966
1635288873.9509163,3615200,34527146,5364614,79118,3318617,34033977,228056153,3821021,34095019,70663,2658493
1635288874.0510461,3672435,35102071,5440547,83243,3687263,33996759,228073185,3689889,34173569,68867,2667239
1635288874.1511781,3688978,34776642,5378346,143775,3764384,34182747,228086166,3789819,34041712,71401,2504581
1635288874.251303,3693035,35055011,5385254,72144,3783613,33976736,228055327,3703384,34051021,68867,2649453
1635288874.3514304,3638793,34856549,5481491,81367,3803821,34105021,228047881,3814722,33915943,70239,2377246
1635288874.45156,3200604,34436354,5269212,82981,3693588,33937418,227995743,3731348,34051392,68378,2210110
1635288874.5516913,3775810,34978563,5535845,83111,3788531,34050040,228082811,3795952,33965335,70828,2961719
1635288874.6518197,3722088,34976062,5388718,86085,3663986,33978500,227975620,3741964,33973164,72682,2425991
1635288874.7519484,3697669,34995031,5462739,84765,3797598,34084685,227945762,3721252,34086460,67512,2725968
1635288874.85208,3662835,34728792,5364493,80322,3706412,33949968,227950567,3919480,34093257,70569,2443973
1635288874.9522078,3691733,35135222,5427329,84527,3811375,33976698,228126110,3561931,34054380,69129,2681474
1635288875.0523443,3620370,34632786,5368900,80187,3343871,34104066,228042177,3891407,34082257,71013,2663252
1635288875.152478,3676239,35275844,5443361,83334,4017217,34058654,228072130,3723643,34027617,68595,2677910
1635288875.2526054,3641843,34859134,5359672,87723,3571911,33966977,228092556,3801861,33305388,69451,2468771
1635288875.3527353,3680623,35398759,5375989,80427,3736350,33954540,228096931,3792659,34083975,71395,2661201
1635288875.4528592,3546769,34653768,5636694,82772,3792000,34087459,227987136,3747478,33935170,71557,2379829
1635288875.553029,3796692,34925057,5453472,82528,3590303,34015962,228066952,3798361,34036277,72456,2207032
1635288875.6531599,3519802,34427014,5426351,83624,3802048,34091767,228100619,3713101,34002371,73511,3075544
1635288875.753288,3649876,34888785,5360989,72901,3577847,33949959,228103947,3794985,34181496,68927,2659685
1635288875.8534136,3689312,35024781,5475201,87584,3808130,34013479,227967922,3677002,33965150,68396,2615670
1635288875.9535437,3562261,34671062,5500877,82970,3651748,33941763,227969450,3891032,34171158,69236,2539837
1635288876.0536761,3690459,35175040,5455472,84478,3809889,34096024,227875698,3791425,34069290,69976,2654078
1635288876.153807,3505549,34604963,5358430,78332,3359705,33902873,228088298,3699166,33945377,72240,2679853
1635288876.2539377,3665268,35269479,5448049,81621,3796687,34159083,227989643,3794192,34053025,70657,2653119
1635288876.3540652,3618853,34674230,5360312,84121,3779266,34166556,228109568,3756993,33948115,70603,2543612
1635288876.4541938,3691452,35071557,5420897,84736,3586318,34060345,228043731,3781975,34132755,67920,2659694
1635288876.554325,3541448,34432654,5388273,78720,3802385,34064386,228096010,3747815,34020374,69998,2352469
1635288876.6544511,3697833,35036888,5440817,83592,3586614,33905321,228204574,3802449,34121237,68858,2665435
1635288876.754576,3656377,35061227,5434492,82367,3798568,34043187,228028268,3754401,33917842,69780,2620040
1635288876.8547063,3525272,34501976,5359800,71678,3571592,33968280,228088974,3808928,34057284,70310,2650831
1635288876.9548354,3702323,35428219,5447278,86082,3794726,34021069,228017644,3777053,33887155,67885,2687980
1635288877.0549717,3628263,35000848,5428085,84168,3681242,34007654,228044471,3729952,33816363,71570,2468012
1635288877.155099,3648842,35312428,5446024,83829,3793096,34144707,227787883,3786243,34056789,69509,2664467
1635288877.2552226,3580440,34491634,5380347,79146,3510009,33926232,228163494,3900337,33959124,70817,2649380
1635288877.3553493,3666058,35222344,5430442,83504,3713605,33870321,228002507,3667320,34133308,72364,2657985
1635288877.455474,3640728,34639023,5372611,82942,3789302,33997154,227899675,3768421,33944867,73017,2531412
1635288877.555597,3692517,35095494,5441213,83328,3830923,33908373,228000483,3774491,34062217,72025,2643859
1635288877.6557283,3535119,34498481,5526629,82614,3682184,33972960,227951552,3777307,33971317,75680,2294056
1635288877.7558525,3696292,34933031,5325783,80644,3615206,33938317,228031588,3773892,34075467,69769,2662144
1635288877.8559804,3632090,35186412,5451949,82969,3810692,34066759,228048973,3761722,33981685,70415,2847539
1635288877.9561102,3723509,35031296,5393712,73143,3660159,34093689,228067931,3735227,34118984,70065,2453440
1635288878.0562425,3625835,34928590,5456490,85930,3808137,34100520,228389915,3797245,34070813,70831,2637445
1635288878.1563756,3668988,34812594,5376981,78310,3742487,33986356,228081078,3771009,34133784,71082,2523109
1635288878.2565012,3684508,35087247,5445559,84011,3802868,34073649,227995615,3571057,33950052,69359,2643361
1635288878.3566356,3627620,34605522,5364325,79037,3129419,30843696,228176251,3885263,34016461,70901,2650224
1635288878.4567685,3692732,35271682,5450104,84631,3631577,32921106,228132394,3463739,32702198,70620,2442611
1635288878.556898,3662198,34940347,5479791,81755,3791937,34194743,228127354,3657958,33966743,68633,2667902
1635288878.657021,3691130,35190187,5334662,79829,3791018,33997583,227907562,3803197,33972113,69765,2557588
1635288878.7571428,3698827,34957151,5472814,83090,3721999,34034802,227999601,3639744,34018340,69652,2660830
1635288878.857265,3688680,34568953,5323772,79506,3629347,34138647,227990006,3798102,34082961,70702,2424088
1635288878.9573863,3698251,35431384,5412576,91335,3798459,33964684,228066145,3650262,34097491,69207,2702968
1635288879.0575132,3677350,35185515,5428053,83056,3704661,34041260,228002252,3801915,34084187,71311,2438618
1635288879.1576374,3618164,35122290,5349967,72030,3808825,34045611,228045224,3657600,34019457,66518,2631745
1635288879.2577598,3607139,34975242,5427301,82478,3659257,34042799,228013572,3831265,34016873,69933,2606730
1635288879.357881,3686582,35277176,5333577,81825,3805962,33979453,228056765,3580301,33981198,70661,2663629
1635288879.4580033,3692034,35205001,5444166,81963,3794050,34173476,228028954,3801586,34072946,73218,2738919
1635288879.5581255,3675284,35080365,5362686,86148,3811755,34104382,227992442,3781865,34051310,73707,2447734
1635288879.6582472,3656110,34837833,5428695,82775,3583016,34024045,228055656,3645977,34085380,73333,2677647
1635288879.7583687,3674123,35125851,5285672,79515,3803709,34037333,228017142,3653441,31309648,69311,2252406
1635288879.8584912,3687922,35082889,5438673,83146,3594843,33922793,228048717,3777772,34120434,71124,2639812
1635288879.9586146,3509163,34520484,5314592,78413,3817127,34088197,227949149,3795870,33969966,72417,2647379
1635288880.0587416,3703644,35205924,5442303,84421,3495361,33896259,228031465,3754131,34136827,71008,2652042
1635288880.1588635,3682479,35027875,5447418,82964,3806940,34073351,227984244,3792059,33929315,71033,2441645
1635288880.2589846,3578048,34609603,5397353,83529,3692108,34048004,227972464,3751689,34092336,71375,2664586
1635288880.3591065,3750929,35067657,5463189,83809,3799560,34215674,227934312,3798073,34103668,71200,2649173
1635288880.459229,3613477,34485038,5383185,79930,3682332,33972890,228095320,3649484,33912284,70442,2279154
1635288880.5593283,3692667,35072824,5434882,82752,3808712,34148106,228035069,3807413,34173843,70234,2660513
1635288880.6594565,3660063,34752303,5377966,83289,3734370,34110007,228070641,3889884,34205020,71118,2599921
1635288880.7595792,3704356,35168684,5440443,83615,3739600,33954351,228043060,3694435,34124836,70216,2664559
1635288880.8597012,3688423,34799685,5343812,77288,3809597,34081839,227983548,3811758,34022471,71640,2448183
1635288880.9598238,3709265,35482977,5443803,81047,3874430,34223471,228087505,3709043,34111046,70025,2676936
1635288881.059948,3659728,34970678,5402551,82096,3643908,34129996,228088666,3808973,34027004,70728,2677695
1635288881.1600785,3683762,35291159,5314136,88823,3770160,34003170,228116271,3666607,34120072,69653,2662807
1635288881.2602015,3600157,34912134,5431133,68134,3812774,34162523,228028151,3797707,34087893,71999,2597039
1635288881.3603225,3821715,35581976,5398671,83074,3804693,33975856,228024585,3649894,34220605,70644,2489520
1635288881.4604447,3612046,34954670,5453141,82556,3776362,34093042,227902541,3809972,34021463,78181,2527423
1635288881.5605671,3676191,34830196,5327498,80574,3793508,33899649,227932932,3717618,34276313,74075,2885331
1635288881.6606889,3683760,35090586,5436564,82559,3809275,34148454,227932332,3661978,34019681,72845,2657156
1635288881.7608109,3685427,35146788,5351900,87184,3801819,34006747,227946657,3731052,34219277,69150,2479407
1635288881.860933,3701286,35197944,5449204,81879,3746682,34251487,228050523,3739962,34190858,70427,2685626
1635288881.9610548,3683653,34985519,5316240,76721,3724916,34176082,228086677,3798342,34200168,71247,2496851
1635288882.061182,3689086,35087184,5438211,85028,3764873,34118574,228099192,3580048,33547098,70012,2695230
1635288882.1613042,3670529,34808603,5387461,77538,3713597,34194982,228068290,3796066,34176065,72065,2700244
1635288882.2614264,3675128,35269646,5465175,81179,3791867,34047347,228080077,3650767,34174142,71046,2652187
1635288882.3615468,3607052,34733243,5341270,80194,3807785,34172844,227976921,3802734,34059846,71113,2513501
1635288882.4616675,3973134,35174342,5465453,82769,3811903,33989386,228008145,3655856,34088789,68756,2648015
1635288882.5617886,3671284,35152797,5445696,82644,3721972,34141044,227999560,3809678,34003462,70998,2416075
1635288882.6619117,3708839,35040824,5349962,80570,3797953,33962779,227956035,3672451,34174415,69797,4652617
1635288882.762033,3671948,35102126,5446865,82294,3782790,34239729,227965678,3800365,34113277,70944,2694029
1635288882.8621542,3692154,34974591,5357583,87486,3798928,33996649,227988314,3629997,34028987,70248,2478250
1635288882.962276,3735533,35114412,5437739,82700,3598125,32794767,227904223,3716886,34346099,70741,2660320
1635288883.0624034,3664118,35177830,5285660,78697,3663790,31897250,227910738,3345038,32604212,70813,2659088
1635288883.1625254,3657154,35272558,5433696,85986,3730304,32031201,228170774,3316309,31043286,71595,2392201
1635288883.2626626,3683091,35385087,5437228,83416,3388199,33943069,228061675,3813628,34116034,70060,2680521
1635288883.3627923,3612905,34857249,5285842,71384,3814701,34115813,228088150,3764898,34050784,71760,2673748
1635288883.4629152,3574400,34080543,228068046,3809423,34127312,74106,2674654,3633787,35175620,5463310,86447
1635288883.5630372,3803623,34231000,228043241,3760252,34008700,74407,2497259,3562659,34588212,5430376,82596
1635288883.663159,3687908,33996002,228028802,3757222,34249338,75124,2689201,3677469,35131111,5440788,83496
1635288883.8634026,3555364,34570857,5002681,76574,3841526,34225295,229120230,3751700,34218762,73736,2734647
1635288883.9635386,3725961,35252444,5353435,85840,3807182,34060073,228064721,3777459,34114390,70079,2430421
1635288884.063672,3714708,35114292,5469533,82520,3471922,32147871,228054319,3576294,34084890,69838,2657778
1635288884.1637964,3708964,32690115,1173020,70983,3715188,34220621,228019413,3704608,33994536,69346,2646648
1635288884.263919,3675972,35157661,5421136,81979,3657857,33956859,228041286,3800733,34155060,69557,2653390
1635288884.3640404,3726317,34950065,5479250,81876,3783503,34208312,227848254,3645951,34066347,70941,2657046
1635288884.4641619,3702380,35068763,5413963,83626,3835817,34209201,228029752,3800451,34237099,70107,2534379
1635288884.5642836,3802300,34090261,227959900,3661928,34073778,71175,2662459,3589625,34759515,5368324,81783
1635288884.6644046,3659838,34109759,228042807,3808426,34104415,69274,2648358,4032297,35211447,5412429,84935
1635288884.7645252,3804767,34121046,227995142,3657014,33995816,68999,2665604,3711393,34931693,5441994,82847
1635288884.9647615,3703644,35343705,5447441,84151,3806697,34120618,228082550,3693159,34143122,71028,2516454
1635288885.0648808,3592049,34739854,5419699,84005,3569446,34128137,228049427,3787516,34159207,70037,2645411
1635288885.165,3693676,35207481,5430034,87202,3806297,34068642,228030063,3683443,34032898,70013,2612925
1635288885.2651193,3607289,34846744,5418787,84914,3671649,34153774,228067252,3635692,34033113,70716,2666980
1635288885.3652382,3653210,35327766,5421051,85554,3732071,34064370,228054387,3803985,34173875,71131,2636477
1635288885.465357,3565088,34807637,5410149,84180,3808579,34096003,227981761,3674419,34009816,71496,2663151
1635288885.565475,3694874,35286056,5404082,82866,3626684,34070387,227905165,3797425,34004068,73596,2641420
1635288885.6655931,3799589,34032698,227910734,3642878,33942884,73591,2653292,3668017,35165841,5416172,81487
1635288885.765711,3647879,33976918,227944531,3803122,34075695,73360,2662702,3450534,35258256,5428185,85958
1635288885.8658297,3746818,34030243,227887188,3664652,34077289,72833,2966658,3658825,34774077,5290561,114901
1635288886.066067,3667008,35080638,5374647,87428,3826849,34020302,228103455,3664271,34009753,70911,2354205
1635288886.1661851,3631585,34714716,5443360,82866,3784368,34050803,228021318,3795762,34170951,68868,2718201
1635288886.2663043,3704072,34836873,5301256,71118,3824535,33995954,227934241,3810088,34226784,68865,2555039
1635288886.3664238,3671090,34769019,5432332,81889,3682960,34062143,228044880,3589290,34004521,67856,2680806
1635288886.4665418,3694676,35119971,5290507,82246,3738827,34113513,227999608,3848471,34040835,68306,2703537
1635288886.5666602,3672354,35141279,5456311,83076,3905298,34077798,228163311,3660712,34005275,69361,2698515
1635288886.6667883,3702444,35004240,5344443,86404,3788721,34168505,227914506,3748504,31343654,68182,2691633
1635288886.7669168,3555991,33916226,228095601,3831532,34086114,69251,2713006,3579508,34898313,5701084,88558
1635288886.8670418,3820044,34064906,228042918,3720701,34089144,70150,2584155,3514677,34006830,5354775,83913
1635288886.9671614,3662047,33960476,227987563,3819229,34160448,69820,2684250,3726655,35403142,5405307,85760
1635288887.1674001,3503651,34543367,5346004,78631,3428183,33839367,227985995,3836483,33971631,72122,2695980
1635288887.267519,3686027,35359226,5436721,83470,3813209,34047786,227960229,3740917,34085303,68640,2685477
1635288887.3676386,3589894,34872439,5348508,82755,3661419,34024154,228009629,3925672,34090534,70456,2606731
1635288887.4677572,3671053,35227104,5411804,86278,3822584,34013838,227922903,3598858,34038240,69409,2693060
1635288887.567876,3445664,34451606,5458860,79932,3755966,33855637,228036023,3789924,33940179,69629,2537231
1635288887.6679947,3653075,35069016,5407185,84262,3355461,33946714,228051335,3803808,34101927,72293,2511541
1635288887.7681127,3574665,34644900,5377250,85513,3790116,33896438,228022947,3666821,33995278,71675,2695106
1635288887.8682306,3590448,33988240,228036588,3813713,34061510,71817,2589981,3612033,34877966,5649441,89470
1635288887.9683492,3815438,34038531,228024946,3665509,33973650,72087,2709947,3694873,35021338,5343245,85268
1635288888.068467,3669475,33921495,228163620,3808092,34053779,69024,2700668,3687169,35132411,5383469,84373
1635288888.2687037,3725258,34898406,5476313,83234,3803445,34079493,227974278,3806514,33933841,70003,2704751
1635288888.3688233,3675495,34989255,5365095,86408,3811341,33953829,227975684,3669199,34222190,69402,2482129
1635288888.468942,3628618,34824686,5436152,84164,3673611,34069176,227971482,3805617,33961349,69403,2663772
1635288888.5690598,3679280,35005232,5289720,80154,3820167,33922093,227937023,3574780,34095246,69206,2523112
1635288888.6691785,3694927,34950381,5444014,83532,3691130,34133439,228053154,3783682,33984452,68847,2679740
1635288888.7692974,3672685,34823049,5348328,81769,3359371,33974863,228075291,3813602,33887163,69232,2667790
1635288888.869427,3704421,32551919,4520406,73503,3541267,34004155,227999459,3815259,33984667,68422,2622251
1635288888.9696598,3809207,34131738,228023524,3683768,33970341,69971,2648315,3666160,34910560,5419445,85064
1635288889.1200721,3653439,34057860,228104097,3805616,34020301,69634,2676007,3633070,34026471,5382015,87421
1635288889.2201962,3809514,34083118,227967935,3647111,33962987,69384,2681929,3332411,34925714,5420448,84175
1635288889.3203156,3741533,34067360,228109314,3798795,34079415,68602,3330799,3726529,35323714,5377286,86914
1635288889.4204345,3819117,33957505,228118598,3661756,33867870,69337,2216133,3593046,34715850,5416476,84724
1635288889.520553,3809251,33993658,228031724,3805194,33872367,68545,2665393,3693842,35066267,5303754,71510
1635288889.6206725,3803354,33822405,227983261,3642359,33984561,70376,2543379,3672827,35115492,5421686,83078
1635288889.7207916,3736819,33982890,227850365,3707425,33757442,69343,2685336,3666962,34872346,5331425,80728
1635288889.8209107,3731298,33943435,227907900,3871718,33955140,70758,2463002,3653411,35082912,5403183,83026
1635288889.9210296,3341469,33577983,227925823,3692862,34036640,72107,2688971,3634834,34693685,5326553,78864
1635288890.0211484,3787156,34008560,227878550,3801379,33862567,72686,2671550,3663488,35086942,5405422,82216
1635288890.1212673,3857597,33964130,228134056,3763664,34152334,72012,2709362,3611470,34525766,5504261,90415
1635288890.2213864,3713120,34065964,228051815,3767013,33983178,72897,2535470,3677252,34697798,5187379,80616
1635288890.3215058,3656005,33945890,228080046,3828837,34136681,69495,2687860,3503652,35114916,5438981,84253
1635288890.4216251,3818298,34139668,228075125,3712167,34023361,70423,3256395,3612811,35064555,5384182,77239
1635288890.5217435,3588362,34047700,228083199,3820489,34125992,69357,2251479,3631590,34866997,5448513,81157
1635288890.6218626,3800418,34247496,228045992,3682866,33978307,68802,2840769,3565220,34590100,5385771,82356
1635288890.7219815,3676053,34151340,228056423,3833983,34053858,70436,2615120,3693693,35034357,5421422,86134
1635288890.8221,3812947,34134698,228018040,3654242,34016833,69348,2699492,3599707,34556214,5427088,82259
1635288890.922219,3740201,34340610,228114379,3794529,34151459,70755,2679741,3694388,35041729,5436036,83564
1635288891.0223377,3673585,33824236,228103811,3749815,34163994,69847,2472423,3598235,34643083,5419971,83084
1635288891.1224568,3612469,34142557,227987744,3664473,33948717,69424,2678110,3704340,35253103,5434460,75825
1635288891.2225754,3802064,34030302,228007236,3821830,34069629,70064,2603817,3606948,34707267,5484331,93755
1635288891.3226943,3751753,34051984,227886206,3666596,33996872,68987,2670166,3705376,34703663,5141460,87276
1635288891.422813,3652584,34074382,227934338,3813332,34020900,68629,2689589,3864315,35680905,5569088,76277
1635288891.5229309,3794666,34161748,228054812,3670282,34049651,69138,2829632,3685466,35101458,5401966,83038
1635288891.6230493,3827613,34106175,228075315,3808570,34151752,70582,2258444,3652115,35061263,5362180,86751
1635288891.7231674,3835962,34043635,228067092,3678423,34020009,67617,2657843,3641692,34821623,5432416,83709
1635288891.8232863,3675589,34057045,228038866,3832425,34062746,70059,2659047,3667138,35181487,5300679,79478
1635288891.9234052,3824845,34054745,228049677,3588691,33958857,69900,2591896,3683120,35221049,5463629,83537
1635288892.0235255,3611270,34081114,228140204,3814399,34026662,73126,2715670,3713342,35138251,5324594,86901
1635288892.1236448,3821140,33979438,228402515,3822419,34092857,72274,2574861,3693063,34981912,5431841,83822
1635288892.223765,3802834,33932963,228060530,3667205,33925092,71780,2701912,3689427,34888154,5337156,82606
1635288892.3238978,3808074,34127820,227926374,3810007,34041628,69610,2545241,3725196,34969031,5443127,82900
1635288892.4240184,3916264,34005873,228043433,3660705,34165731,69623,2684926,3698948,34830704,5423928,82925
1635288892.5241394,3688568,33996504,228022899,3801847,34158247,69601,2619569,3695499,34926628,5346343,79890
1635288892.6242588,3829760,33877810,227971964,3678193,34141074,69443,2684196,3651923,35203152,5444451,82854
1635288892.7243779,3822473,34064392,227996402,3815333,34069822,69103,2604246,3893368,35309441,5380898,87100
1635288892.8244963,3814924,34026011,228006715,3675935,33388454,65341,2399896,3622114,34848824,5462636,81118
1635288892.9246156,3776831,34161269,227912114,3822393,33937337,69776,2671963,3685325,34730476,5344607,77159
1635288893.0247343,3761632,34078264,228058979,3723740,33959407,69647,2504859,3694200,35036802,5449060,82773
1635288893.124853,3785507,34093972,227896507,3692276,33951421,68486,2673336,3689143,34525124,5361330,79338
1635288893.2249715,3427298,33930855,228102104,3995648,34048754,67824,2674114,3692380,34982713,5434595,82557
1635288893.325091,3687674,33807564,228086457,3701174,34133341,69492,2673248,3622666,34560539,5379389,84333
1635288893.4252095,3816980,33986592,227988614,3769578,33906646,69786,2584872,3702813,35154903,5431429,83518
1635288893.5253282,3802853,33985990,228148733,3826075,34010926,69239,2688836,3482548,34682623,5538794,82172
1635288893.6254466,3727255,34011822,228007185,3733895,33915237,70523,2510133,3675823,34754587,5309218,81940
1635288893.7255647,3680333,34045564,228091999,3817989,34044098,70209,2590436,3623290,35175475,5379934,85271
1635288893.8256834,3804482,34115680,227960171,3666940,33886945,69140,2823423,3610952,35223972,5385005,76641
1635288893.9258018,3587129,33970582,227903119,3792462,34037608,70112,2455140,3621697,34911086,5431118,87436
1635288894.0259209,3813057,33966461,227892274,3646621,34070258,73289,2822660,3600216,34633247,5438695,82573
1635288894.126039,3670054,33892045,227955763,3884142,33951276,73779,2546537,3672927,35014090,5421707,84711
1635288894.226157,3819915,34008596,227992479,3593324,34021337,71355,2748280,3663020,34727786,5425506,82615
1635288894.326275,3769336,34124601,228111137,3809792,34051470,73353,2677031,3704168,35174189,5440898,83622
1635288894.426393,3884462,33981959,228106117,3767507,34146639,68641,2560635,3599452,34682793,5443930,82566
1635288894.5265117,3576869,34020534,228064172,3664388,34012269,68996,2702396,3680037,35018665,5435331,81035
1635288894.6266298,3807279,34080434,228087173,3807691,34117151,69065,2703426,3687967,34772626,5470910,88093
1635288894.726748,3775438,34224548,228002519,3659783,33986073,69265,2654576,3683788,34977144,5403404,84833
1635288894.8268661,3792921,34140821,228039737,3796487,34133850,69166,2289932,3623219,34461135,5477045,81646
1635288894.9269934,3816643,34104080,228103543,3674507,33822166,70679,2601512,3796495,33198442,5430970,83205
1635288895.0271227,3791998,33898777,228069942,3818879,33869265,70044,2495578,3716286,33427840,5137920,84660
1635288895.127244,3771454,33949801,227986163,3722381,34039445,70323,2659443,3718874,35162091,5426167,83288
1635288895.2273626,3809933,34008572,228046164,3814846,33918043,70260,2654142,3684932,34703235,5352638,80214
1635288895.327481,3676827,33924475,227980303,3706685,33841727,69291,2389188,3689431,35046580,5447878,81997
1635288895.4276004,3802459,34091762,227778912,3799806,33997265,69458,2654119,3679030,34600070,5356275,79607
1635288895.527719,3661604,33908456,228030609,3921632,33976747,69396,2676280,3680875,35161639,5422962,85614
1635288895.6278372,3787191,33844610,227998201,3680411,34111798,68671,2687278,3621526,34668855,5369791,83658
1635288895.727956,3815882,34047386,228015984,3781105,33958767,69705,2497948,3671075,34793940,5301289,82774
1635288895.8280747,3661929,33966876,228199923,3817169,34010974,70214,2671815,3474025,34455601,5314583,84453
1635288895.9281929,3770407,34000921,227996821,3736676,33898953,69747,2697625,3669163,35090043,5424116,73072
1635288896.0283113,3454846,33907779,228049917,3819382,33997798,72563,2684815,3627698,35179040,5447743,83164
1635288896.12843,3808586,34009921,228056185,3727051,33895907,73092,2603158,3446851,34696540,5394753,82424
1635288896.228548,3661737,34048187,228110796,3818400,34065354,73927,2676187,3763250,34744114,5443260,85178
1635288896.3286664,3813610,34129501,228104912,3666459,34127682,74626,3053006,3584978,34539019,5449594,82898
1635288896.4287846,3735553,34055075,228086023,3725253,33768801,69239,2257014,3672987,35046263,5429020,83677
1635288896.5289028,3829837,34055823,227830713,3808967,34277481,68991,2516295,3606828,34625372,5393667,84500
1635288896.6290214,3599367,33977648,228049249,3808851,34072296,69845,2680125,3689036,35120225,5456285,88689
1635288896.72914,3727528,33779910,227914619,3718081,34052326,68840,2645916,3610321,34840787,5455718,83246
1635288896.8292582,3806887,34054889,228015805,3661802,34014058,69899,2689253,3698841,35182197,5459217,81900
1635288896.9293766,3808517,34041793,227978931,3817876,34039908,68564,2695454,5365082,32340185,3854917,89011
1635288897.029495,3653631,34064074,228034169,3663531,33999350,68976,2677248,3688245,34625551,5300165,76505
1635288897.129632,3801344,34110535,228062942,3806275,34053641,69850,2457246,3765353,35368233,5356223,95150
1635288897.229755,3807494,33876461,228006374,3654256,34097487,69515,2648156,3491048,34587479,5385492,83142
1635288897.3298752,3738041,34127000,228025363,3830076,34071841,70645,2612024,3778949,34931593,5337970,77889
1635288897.430017,3810980,33952047,228040390,3665415,34142253,69326,2669797,3681833,35104695,5418221,82635
1635288897.5301366,3744548,34060692,228088937,3674593,33850098,70486,2226213,3684382,34787886,5353524,80909
1635288897.6302552,3668155,33942278,228068350,3897055,34078117,70293,2674644,3673049,35286935,5438247,82359
1635288897.7303746,3792800,34069030,228100584,3807659,33981145,69608,2691601,3687886,34832267,5337943,83233
1635288897.8304935,3680460,33943982,228081819,3781236,33945858,69822,2538282,3667936,35171719,5417612,83937
1635288897.930613,3922891,34208141,227986363,3741557,34127435,69994,2677073,3628466,34779237,5339889,81238
1635288898.030732,3551707,31853881,218715068,3684330,32304466,66301,2605272,3501206,33350425,5135746,82898
1635288898.1308515,3782180,33749710,227931485,3817632,33795130,70330,2748309,3644704,35046064,5418260,90959
1635288898.2309706,3514069,33680085,227960878,3774399,33834150,72400,2688715,3576174,34578278,5256808,76335
1635288898.3310905,3813521,33802942,228003669,3682396,33742631,72199,2664799,3677258,34682657,5458045,89821
1635288898.4312093,3662547,33728827,227989767,3817216,33831064,72269,2698885,3683998,35096933,5425620,91720
1635288898.531328,3798440,33859914,228066664,3670277,33783484,73906,2760248,3766548,34627484,5419936,89143
1635288898.7315671,3671936,34707293,5333611,85996,3616819,33666637,228066614,3673771,33782878,69616,2693632
1635288898.8316855,3674523,34716270,5425949,89490,3813891,33787449,227887349,3793953,33971160,68715,2690585
1635288898.9318042,3596120,34428830,5365141,88386,3672515,33718851,228056975,3759591,33812120,70164,2647205
1635288899.0319233,3661311,34922730,5399794,93103,3762969,33790978,228011630,3783209,33846439,68941,2722005
1635288899.132042,3713236,34845780,5418309,89422,3631953,33956130,228122561,3666529,33737247,68318,2719266
1635288899.2321606,3695155,34940419,5326538,89693,3821036,33940502,228058159,3812786,33770952,70309,2735301
1635288899.3322787,3685405,34790150,5379377,88749,3690750,33826042,227991098,3707857,33895785,69912,2688137
1635288899.4323976,3807509,33957813,227929181,3728315,33772007,68749,2619213,3605320,34158194,5308899,88239
1635288899.5325158,3669572,33782327,228001910,3796278,34014947,68692,2726628,3763493,35174392,5426515,91230
1635288899.6326346,3812638,33857259,227886292,3667732,33817389,68472,2661220,3656492,34594356,5437988,88706
1635288899.8328717,3660368,34813806,5327074,91772,3668902,33636122,228096273,3787834,33885268,69260,2690338
1635288899.9329898,3729589,34893184,5403974,89450,3818259,33826119,227951673,3580329,33724654,68380,2702327
1635288900.0331092,3625394,34439572,5316700,89939,3659210,33872467,228026995,3906997,33772016,70510,2611496
1635288900.133228,3671072,34942873,5396122,91769,3708570,33712507,228021760,3732245,33805213,69089,2662085
1635288900.2333467,3691315,34684016,5397014,89669,3687403,34155467,228146092,3656550,33749945,68867,2688528
1635288900.3334653,3656053,34945560,5276545,93377,3836348,33881061,227959617,3806713,33899449,69469,2710508
1635288900.4335835,3662869,34891362,5371104,89863,3699964,33644701,228077563,3713016,33789420,68450,2713487
1635288900.5337017,3823444,33775655,228009573,3725997,33700513,69643,2642180,3691253,35162972,5360380,88559
1635288900.6338212,3661490,33669116,228047000,3770963,33742673,70237,2628697,3486622,34661774,5404871,91745
1635288900.73394,3759600,33654594,227913001,3639209,33810200,74349,2708973,3672345,34831432,5432973,88070
1635288900.9341774,3623521,34212327,5329222,85752,3533335,33742144,227973749,3837795,33949174,74561,2702622
1635288901.0342958,3662341,34807019,5389786,90879,3816210,33770947,227960879,3590620,33748259,72391,2613884
1635288901.1344147,3593189,34390360,5378828,89989,3678026,33772477,227967047,3808618,34014520,71677,2720888
1635288901.2345326,3665709,34781921,5268461,85825,3762086,33765607,227964171,3793751,33801441,68733,2519568
1635288901.3346522,3668792,34807103,5395908,90312,3966991,33552997,228070471,3662479,33854328,68414,2751228
1635288901.434771,3646863,34363950,5362168,84769,3819087,33746619,227969685,3757437,33713896,68735,2717642
1635288901.53489,3658512,34844888,5415686,91438,3593566,33804310,228185865,3817247,33842350,69525,2587949
1635288901.6350088,3798944,33946424,227998189,3663433,33722197,69587,2704843,3670248,34591296,5396298,88160
1635288901.7351272,3618998,33238399,228023896,3808707,33754368,69344,2481063,3434260,34735347,5281771,85964
1635288901.835246,3753929,33832540,228062775,3740725,33843896,68916,2679320,3682735,34954307,5420887,89444
1635288902.0354836,3498210,34205269,5349304,83638,3773053,33852537,228000312,3818792,33731467,69556,2697266
1635288902.1356027,3684248,34892576,5432812,91494,3812704,33859695,228013591,3774450,33876573,68502,2492901
1635288902.235721,3595250,34542005,5452643,92357,3715087,33917267,227792496,3587944,33448464,68127,2713891
1635288902.3358395,3669796,34689811,5281605,84443,3715074,33760766,227910631,3964881,33798658,68467,2465414
1635288902.4359577,3672614,34860616,5389066,90416,3698841,33431155,228059343,3704200,33799748,67750,2687386
1635288902.536076,3438727,34235213,5317897,83649,4038780,33884064,228143105,3648902,33788448,69550,2731954
1635288902.6361942,3663972,34955753,5384944,90797,3822620,33733054,227933655,3826671,33823736,69705,2466359
1635288902.7363129,3831495,33727605,227999280,3664213,33758995,68837,2675947,3663191,34851979,5394458,92347
1635288902.836431,3788275,33807922,227973382,3819798,33672788,68207,2512938,3757324,35097006,5330993,84190
1635288902.9365494,3672693,33868244,228108932,3814381,33752146,69928,2683282,3569021,34923435,5436305,90569
1635288903.1367862,3399533,34452479,5342010,84140,3828735,33936080,228082564,3810047,33724137,70620,2725715
1635288903.2369177,3656076,34962096,5389750,92427,3575391,33589005,228082177,3895720,34041943,68924,2487593
1635288903.3370388,3661967,33834739,4617774,98875,3811496,33775476,228009052,3599671,33665447,71618,2646794
1635288903.4371583,3588035,34346049,5430331,89623,3672614,33833387,228074361,3812860,33863772,71669,2703356
1635288903.5372777,3678122,34797404,5306874,87694,3648974,33550712,227951583,3760685,33872771,72278,2698318
1635288903.6373959,3704428,34999714,5411317,89640,4703638,33604545,228012952,3670122,33866887,72255,2709182
1635288903.737515,3667741,34605200,5361515,94491,3819415,33830314,227934141,3784118,33766317,73114,2689820
1635288903.8376334,3575536,33736332,227968976,3820615,33838769,69360,2613717,3588350,34466523,5733576,91554
1635288903.9377515,3803236,33839243,227924298,3642331,33806738,68920,2691020,3592181,34376898,5362738,89146
1635288904.0378714,3672724,33777248,228031541,3816681,33952723,69363,2587733,3870811,34652680,5244520,87553
1635288904.2381077,3653280,34856625,5410065,90156,3823420,33883889,228113637,3742300,33712091,71091,2693223
1635288904.338226,3628093,34451437,5333366,80381,3599777,33805610,228052191,3830899,33758592,70479,2701923
1635288904.4383442,3690048,35006217,5434887,93995,3806167,33848116,228054443,3585827,33662998,70168,2583229
1635288904.5384622,3594575,34445759,5435647,88671,3655905,34002766,228076591,3819166,33779801,69395,2679087
1635288904.6385803,3687632,34769582,5264108,87033,3742255,33625730,227974272,3822132,33792222,68954,2609804
1635288904.738698,3690733,34880926,5435262,90026,3232476,33571769,228105870,3700394,33829739,69609,2737533
1635288904.8388174,3612711,34409531,5347110,79254,3810478,33755208,227886093,3737502,33795526,68966,2689650
1635288904.938935,3677293,34784471,5417129,86891,3584029,33764131,228071116,3810653,33812667,69382,2590577
1635288905.0390544,3596681,34434470,5374364,94159,3833186,33773010,227977928,3665093,33697084,67931,2692786
1635288905.1391723,3691962,34959400,5395684,88344,3662990,33846196,227948533,3802249,33762074,69351,2672256
1635288905.239291,3063541,35541900,5181455,87584,3752120,33632177,228070348,3709647,33816782,68249,2256750
1635288905.3394182,3726844,34846024,5464952,89352,3802081,33193617,228093329,3698745,33722139,68836,2994314
1635288905.4395459,3678712,34606568,5321801,80030,3594256,33774367,228034693,3809631,33894401,69846,2518838
1635288905.539668,3646502,34917348,5389767,95723,3821205,33788727,228016479,3762029,33840440,68643,2603043
1635288905.6397874,3579741,34515382,5408607,89549,3700065,33828833,227977367,3586489,33758632,69370,2682702
1635288905.739906,3660575,34786098,5261746,88179,3731368,33664883,228091986,3896700,33842308,70069,2611512
1635288905.840013,3685231,34747272,5386350,91496,3345558,33515894,228093545,3716430,33776082,71731,2691037
1635288905.9401329,3609095,34600185,5372666,78595,3799234,33816103,227973617,3724444,33750584,72598,2696325
1635288906.040252,3666126,34915396,5446987,80674,3792483,33817209,228068199,3820411,33814771,72684,2586503
1635288906.1403716,3601457,34381641,5503629,102847,3724436,33874823,227993615,3659835,33738050,72082,2708129
1635288906.2404902,3646790,34488828,5200722,85733,3708227,33848720,228069324,3804118,33870178,70729,2545806
1635288906.340609,3843536,35739437,5397901,89024,3714751,33705309,227961448,3736401,33963890,69553,2275329
1635288906.440728,3483552,34210493,5379919,90473,3810888,33752355,227919542,3692830,33829043,69288,3065854
1635288906.5408468,3612934,34694487,5331078,78165,3590202,33701340,227981455,3810274,33838460,71579,2455059
1635288906.6409655,3681657,34999516,5409163,94197,3816551,33817550,228022449,3705700,33980384,70304,2608286
1635288906.7410839,3596798,34662230,5422511,89654,3692876,33893500,227887315,3721993,33739825,70073,2699544
1635288906.8412032,3666068,34795697,5308988,86775,3704398,33693704,228100005,3760467,33774682,70231,2471484
1635288906.941322,3655326,34816517,5413360,90955,3971042,33854581,228057302,3758044,33935701,69743,2673103
1635288907.0414405,3593072,34398280,5332163,78007,3354034,33723376,228037005,3665135,33774947,69730,2695401
1635288907.1415598,3664636,34771812,5428789,83028,3797586,33880021,228058142,3805198,33862550,69375,2537831
1635288907.241679,3610284,34459641,5403229,103063,3766032,33848484,228061716,3658834,33715063,68432,2709351
1635288907.341797,3668235,34402550,5186830,86587,3722120,33838188,228000458,3812428,33747202,69146,2510396
1635288907.441916,3698609,35966924,5418653,89793,3632792,33667461,228059868,3783096,33802749,68764,2641335
1635288907.5420349,3572296,34980722,5411065,89215,3811418,33854924,228070387,3666253,33678499,69739,2804101
1635288907.6421535,3521760,34408014,5322156,77951,3606156,33862299,227956053,3813509,33858671,69931,2676003
1635288907.7422717,3680873,34893148,5358625,92088,3810790,33752258,228054516,3655297,33821639,68949,2464900
1635288907.8423905,3624092,34593187,5356113,91188,3757387,33795265,227919066,3803327,33816161,70010,2703384
1635288907.9425097,3661372,34735274,5316450,87919,3634206,33590207,227696751,3759861,33712691,69958,2378381
1635288908.0426278,3648653,34994830,5388571,90914,3815470,33636287,228190351,3806268,33861610,69690,2708829
1635288908.142747,3552800,34716184,5344190,76897,3681111,33774950,228074093,3672791,33711478,69454,2734552
1635288908.2428658,3651002,35130941,5399791,80208,3688062,33704240,228004756,3826884,33816952,68326,2543333
1635288908.342985,3602716,34611159,5404007,88685,3929662,33867610,228150979,3676362,33823594,71288,2727676
1635288908.4431038,3682273,34544574,5366488,89482,3695976,33883397,228035062,3807179,33733954,73654,2363928
1635288908.5432227,3665374,34571762,5307246,86208,3625916,33673061,228042174,3783551,33892565,71366,2744476
1635288908.6433413,3616625,34898176,5426694,90610,3828993,33787760,228063943,3662926,33783699,73317,2619117
1635288908.74346,3416423,34230019,5358253,78970,3678081,33746704,228039563,3817365,33807963,69143,2699825
1635288908.8435783,3707565,35096530,5377687,79578,3827492,33755115,228065450,3666341,33799083,68195,2612688
1635288908.9436972,3662172,34775087,5426114,90108,3755845,33828168,227986090,3738775,33761833,68973,2655886
1635288909.0438168,3690968,34515668,5315422,87532,3587971,33741539,227858584,4035219,33866345,69576,2308588
1635288909.1439376,3674809,34800456,5420000,89730,3811809,33743332,227902549,3586842,33797465,68819,2666800
1635288909.2440565,3566871,34427546,5347503,81584,3775039,34040489,227985377,3711631,33723317,68618,2693635
1635288909.344176,3662671,34817293,5360019,79180,3577468,33699796,227951146,3805847,33938813,69255,2532249
1635288909.4442945,3647030,34648042,5409786,88340,4017043,33782166,228030642,3669282,33823804,69201,2675846
1635288909.544413,3668067,34436616,5321041,89390,3728060,33787300,227958330,3810655,33707220,70245,2306696
1635288909.6445322,3698487,35019369,5319450,92763,3639716,33757312,228032132,3813454,33804563,70012,2567010
1635288909.7446508,3608660,34485142,5461154,82927,3797182,33671853,228073389,3673009,33796423,68962,2772237
1635288909.8447695,3665146,34821137,5383241,89675,3729201,33954152,228075004,3817427,33770432,70968,2480105
1635288909.9448884,3622350,34628306,5328077,77679,3812678,33748007,227964231,3657009,33885996,67575,2661318
1635288910.045007,3689437,34786974,5325832,91961,3832545,33829469,228042017,3692669,33793959,68933,2619267
1635288910.1451254,3668647,34397783,5295675,85915,3667196,33792681,228048526,3992203,33899337,69025,2366963
1635288910.2452438,3661655,34924526,4045063,89422,3787632,33595044,227983361,3582911,33790456,69863,2368352
1635288910.3453627,3589357,34492879,5421059,90208,3852437,34062045,228078079,3774760,33853831,69130,2702053
1635288910.4454818,3680019,35197148,4030336,88724,3708037,33894934,227938742,3813105,33851082,68968,2581010
1635288910.5455997,3678544,35058870,5464381,92345,3744430,33814977,227979089,3759375,33921270,68394,2697415
1635288910.6457179,3535401,34292716,5433161,82195,3777197,34005816,227951688,3711480,33838859,69131,2597475
1635288910.7458365,3693348,35019067,5426623,89275,3730997,33957036,227972954,3810156,34047856,72170,2428680
1635288910.8459551,3588925,34312416,5426408,89166,3817328,33954241,228090848,3668245,33978416,71878,2706573
1635288910.9460738,3662111,34962552,5417437,89290,3696644,33902918,228028713,3817256,33975296,73418,2640069
1635288911.0461926,3734178,35211881,5385873,79346,3753891,33243280,228000255,3662764,34034653,75105,2554950
1635288911.1463118,3634537,34786509,5433217,89314,3789594,33877175,227996449,3810859,33874368,69035,2720530
1635288911.2464302,3699744,34691294,5309186,87267,3579969,33776948,228092107,3785156,33705799,69744,2371253
1635288911.3465493,3663950,35014854,5423695,89301,3785424,34003409,227925130,3788426,33908394,68954,2615455
1635288911.4466677,3563465,34497963,5358217,82940,3662758,33754904,228084464,3569415,33837251,69399,2700383
1635288911.5468009,3670580,34962910,5389467,79419,3764250,33886851,228108248,3829343,33955744,70418,2553221
1635288911.6469357,3666884,34745695,5423318,89377,3924428,33807376,228019263,3653508,33905133,68840,2686363
1635288911.747057,3683460,34589669,5312740,89588,3648023,33912999,228129221,3801564,33799528,70550,2390526
1635288911.847176,3666068,34977982,5390056,85367,3617238,33812227,227936480,3805238,33859465,69420,2712341
1635288911.9472947,3548968,34873711,5454639,84226,3672327,32870826,228036259,3652284,33664841,67265,2667985
1635288912.0474138,3606581,34234684,5327853,83292,3747960,33785614,228114489,3810435,33774512,69552,2607706
1635288912.147533,3816566,35288203,5330176,80363,3694109,33667324,228118184,3738846,33907767,70259,2472441
1635288912.2476518,3596712,34613800,5430079,94794,3791903,33730491,228117410,3625960,33742912,67336,3084544
1635288912.3477716,3503683,34367495,5443961,87066,3760796,33915432,228456555,3714052,33663084,67585,2320314
1635288912.4478908,3680394,34893007,5413401,92442,3811594,33772526,228365792,3803667,34134986,66534,2480372
1635288912.5480092,3646711,34635383,5382292,92297,3815419,33916657,228430884,3733193,33844824,69194,2688238
1635288912.648128,3686131,34681201,5336472,89810,3701714,33844178,228275250,3783288,33795692,69549,2566141
1635288912.7482464,3670234,35101320,5435768,90603,3793324,33949279,228218512,3831369,33893820,68266,2718265
1635288912.8483648,3581198,34564060,5430265,90462,3584734,33854531,228209445,3661144,33812847,68410,2679347
1635288912.9484832,3645417,35034798,5369038,86132,3860407,34019711,228167015,3805709,33883627,68869,2472638
1635288913.048602,3655986,34898452,5449728,100542,3823201,33788922,228254242,3644439,33920306,68269,2706082
1635288913.1487207,3594373,34685342,5321515,81649,3820641,33919714,228207630,3814466,33784568,69237,2569619
1635288913.298898,3840025,35085188,5432579,90313,3679851,33768391,228118543,3805568,33883138,72019,2691014
1635288913.399018,3651284,34941583,5434677,90569,3811063,33844189,228111603,3656728,33813800,70763,2693139
1635288913.4991364,3434879,34372367,5499863,84879,3773077,33943384,228137554,3815049,33820329,74497,2327106
1635288913.5992634,3671252,35212996,5418682,90933,3825456,33848404,228320930,3573379,33773962,71763,2370775
1635288913.699391,3640152,34618075,5433465,89600,3796799,33950668,227875512,3786860,33773059,70764,2686314
1635288913.7995112,3682492,34745114,5348321,90400,3693759,33798549,228079394,3912910,33843915,69894,2544966
1635288913.8996305,3675575,34953218,5423854,89819,3780592,33755717,228061886,3695999,33983928,68844,2692609
1635288913.99975,3441849,34277713,5476552,85550,3751854,33197942,228156388,3599560,33819817,67721,2720929
1635288914.099869,3675830,34989695,5390519,91419,3807714,33891403,227988654,3804813,33897786,68153,2439748
1635288914.200011,3649319,34847832,5415314,87735,3809321,33780046,228030316,3659301,33931201,68543,2696072
1635288914.3001318,3803471,33932979,228040429,3812479,33789713,68821,2556888,3609914,34729277,5342299,89577
1635288914.400251,3671973,33929147,228031726,3781519,33877613,69056,2691848,3742851,35148455,5430218,91172
1635288914.5003707,3811878,34009026,228026169,3638573,33813685,67863,2725008,3441913,34398916,5471142,86345
1635288914.7006092,3688224,34953139,5447784,90054,3822040,33870815,227946814,3737617,33896911,68227,2355814
1635288914.8007283,3624665,34622650,5442642,89426,3803024,33846020,227920222,3578792,33780616,69056,2671192
1635288914.900848,3664541,34914563,5340125,89293,3708449,33798238,227928422,3961259,33830038,69689,2593170
1635288915.0009673,3684278,35133597,5405497,91230,3384713,34539480,235449471,3845024,35026118,71250,2781077
1635288915.1010864,3662378,35604985,4381304,172818,3892080,33727114,228071236,3661428,33888809,67814,2721086
1635288915.201206,3676161,34648126,5299091,87851,3781769,33988197,227952869,3784549,33800015,69621,2709830
1635288915.3013256,3653998,35069725,5348426,90661,3398675,33801004,228024388,3799193,33909291,68947,2620230
1635288915.4014444,3819599,33905589,228070006,3656915,33915950,68107,2663531,3580008,34470242,5350137,89625
1635288915.5015638,3658345,33834975,228060704,3809034,33909252,68657,2550824,4050821,35473725,5299570,85405
1635288915.6016834,3813145,33836637,228104299,3669087,33902691,68472,2723829,3642665,35234616,5436026,89695
1635288915.8019214,3676322,34740317,5378469,85002,3465954,33805818,228102127,3853897,33784030,67334,2718636
1635288915.90204,3652460,35149593,5443620,90677,3793002,33908396,227994788,3577185,33828100,72071,2615430
1635288916.0021594,3572987,34527615,5372444,89782,3652368,33827371,228075645,3784733,33834750,71111,2695453
1635288916.1022785,3674468,34854754,5296604,86241,3674649,33644138,227943891,3761981,33944643,72515,2493810
1635288916.2023976,3661869,34905004,5435120,89620,4141054,33778047,227924707,3640308,34000327,72726,2707112
1635288916.3025162,3615570,34396978,5339111,84651,3808521,33826986,227941311,3764919,33766944,72441,2714401
1635288916.4026341,3696423,35095822,5418758,90691,3595574,33829200,227983504,3803626,33884879,67966,2559530
1635288916.5027533,3812850,33823316,227932234,3651017,33789748,68407,2696159,3666567,34879780,5387754,89581
1635288916.6028724,3646589,33924552,228011326,3812631,33897323,69671,2500067,3506993,34925442,5268773,85437
1635288916.7029912,3771897,33873000,228100130,3689693,33949764,67842,2743670,3660390,34961067,5424362,90215
1635288916.9032295,3563354,34384199,5344263,83637,3643400,33864832,228066810,3805897,33929830,68645,2703535
1635288917.0033498,3671546,34932813,5418392,89488,3782393,33814690,228051152,3649368,33847931,68561,2564860
1635288917.1034691,4450919,33062318,4059870,90042,3712968,33868115,227934760,3697246,33774453,68097,2694273
1635288917.2035873,3683008,34951985,5308855,84301,3696263,33853128,228025239,3970324,33840473,69231,2460391
1635288917.3037071,3660837,35183509,5471876,88622,3723080,33574393,227989463,3675603,33844635,68936,2708797
1635288917.403827,3470234,34271824,5350832,83607,3931486,33984436,228193752,3651522,33753546,69200,2721996
1635288917.5039463,3671217,34881216,5419309,90571,3837819,34001567,227959945,3790715,33817117,69635,2498993
1635288917.6040654,3800626,33794838,228002558,3646164,33896242,68955,2690019,3656249,34743867,5384561,91217
1635288917.704184,3701393,34342209,227417134,3498577,35011740,65329,2545709,3603373,35089290,5338912,88292
1635288917.8043034,3729262,34120304,227093747,3740525,34061751,55242,2630131,3621196,35132950,5325260,125821
