2021-10-26 17:31:50 modena root[405482] INFO [Watcher] Initialized
2021-10-26 17:31:50 modena root[405482] INFO [Timestamper] Initialized
2021-10-26 17:31:50 modena root[405482] INFO [SystemPerfmonDaemon] Initializing System Performance monitoring Daemon
2021-10-26 17:31:50 modena root[405482] INFO [SystemPerfmonDaemon] Number of cores on the system: 128
2021-10-26 17:31:50 modena root[405482] INFO [SystemPerfmonDaemon] Number of sockets on the system: 2
2021-10-26 17:31:50 modena root[405482] INFO [SystemPerfmonDaemon] python3 -u /nfs_homes/dmasouros/ThymesisFlow/libthymesisflow/scripts/read_counters.py
2021-10-26 17:31:50 modena root[405482] INFO [SystemPerfmonDaemon] Initializing System Performance monitoring Daemon
2021-10-26 17:31:50 modena root[405482] INFO [SystemPerfmonDaemon] Number of cores on the system: 128
2021-10-26 17:31:50 modena root[405482] INFO [SystemPerfmonDaemon] Number of sockets on the system: 2
2021-10-26 17:31:50 modena root[405482] INFO [SystemPerfmonDaemon] Starting monitoring S0 and FPGA
2021-10-26 17:31:50 modena root[405482] INFO [SystemPerfmonDaemon] perf stat -I 1000 -a -x, -e LLC-load-misses,LLC-loads,LLC-prefetches,mem-loads,mem-stores --per-socket | grep S0
2021-10-26 17:31:50 modena root[405482] INFO [Watcher] Active containers: redis-server
2021-10-26 17:31:51 modena root[405482] INFO [containerDaemon405476] sudo perf stat -I 1000 -a -x, -e cache-misses,cache-references,cpu-cycles,L1-dcache-load-misses,L1-dcache-loads,L1-dcache-prefetches,L1-dcache-store-misses,L1-icache-load-misses,L1-icache-loads,L1-icache-prefetches,L2-load-misses -p 405476
2021-10-26 17:31:51 modena root[405482] INFO [containerDaemon405476] Started monitoring PID 405476 of container redis-server
2021-10-26 17:31:53 modena root[405482] INFO [Watcher] Active containers: redis-server
2021-10-26 17:31:53 modena root[405482] INFO [SystemPerfmonDaemon] [1635265910.6873114, '150504', '574497', '0', '1969453', '668079', '12', '24', '410']
2021-10-26 17:31:53 modena root[405482] INFO [SystemPerfmonDaemon] [1635265913.540041, '2058041', '3314596', '0', '19770511', '13925048', '107', '215', '405']
2021-10-26 17:31:54 modena root[405482] INFO [containerDaemon405476] [1635265910.6873114, '15582530', '148512471', '983759824', '15469675', '150553658', '285547', '10700155', '15266748', '151397290', '22884874', '367412']
2021-10-26 17:31:54 modena root[405482] INFO [SystemPerfmonDaemon] [1635265913.540041, '1027438', '4501492', '0', '4658537', '9323032', '44', '88', '405']
2021-10-26 17:31:54 modena root[405482] INFO [SystemPerfmonDaemon] [1635265914.4910223, '1374202', '8440682', '0', '20074620', '11766872', '1117', '2233', '402']
2021-10-26 17:31:55 modena root[405482] INFO [containerDaemon405476] [1635265913.540041, '36611902', '337352481', '2273890793', '36550091', '337760427', '654088', '25361068', '35812075', '345084961', '52990350', '1078090']
2021-10-26 17:31:55 modena root[405482] INFO [Watcher] Active containers: memtier-benchmark redis-server
2021-10-26 17:31:55 modena root[405482] INFO [SystemPerfmonDaemon] [1635265914.4910223, '1244133', '4505691', '0', '8018570', '9002253', '60', '120', '401']
2021-10-26 17:31:56 modena root[405482] INFO [containerDaemon405476] [1635265914.4910223, '36828460', '334877341', '2274207173', '36788600', '334854743', '656271', '25534148', '35882982', '343995394', '53120169', '1142736']
2021-10-26 17:31:56 modena root[405482] INFO [SystemPerfmonDaemon] [1635265915.441997, '1842020', '11415007', '0', '27294345', '16365170', '20', '40', '403']
2021-10-26 17:31:57 modena root[405482] INFO [containerDaemon405476] [1635265915.441997, '36845320', '334724687', '2274139802', '36851305', '334713003', '657760', '25537306', '35935980', '343225879', '53036208', '1173663']
2021-10-26 17:31:57 modena root[405482] INFO [SystemPerfmonDaemon] [1635265916.3929706, '1259973', '4343070', '0', '8980661', '8974984', '18', '36', '413']
2021-10-26 17:31:58 modena root[405482] INFO [containerDaemon405476] [1635265917.343937, '36843065', '334819873', '2274120294', '36863352', '335138082', '664707', '25600127', '35825347', '344192673', '53037915', '1157781']
2021-10-26 17:31:58 modena root[405482] INFO [SystemPerfmonDaemon] [1635265917.343937, '1568794', '11473736', '0', '25402651', '15130050', '8', '16', '397']
2021-10-26 17:31:59 modena root[405482] INFO [containerDaemon405476] [1635265918.294911, '36844517', '334586441', '2273887348', '36854070', '334494463', '646931', '25494369', '35876551', '343486738', '53145922', '1162205']
2021-10-26 17:31:59 modena root[405482] INFO [SystemPerfmonDaemon] [1635265918.294911, '1255664', '4397345', '0', '7190666', '9037837', '7', '15', '412']
2021-10-26 17:31:59 modena root[405482] INFO [Watcher] Active containers: memtier-benchmark redis-server
2021-10-26 17:32:00 modena root[405482] INFO [containerDaemon405476] [1635265919.245882, '36944587', '335930089', '2274064665', '36930713', '335777798', '632511', '25589886', '35995707', '343889588', '53261442', '1188470']
2021-10-26 17:32:00 modena root[405482] INFO [SystemPerfmonDaemon] [1635265919.245882, '1681268', '11970656', '0', '29230604', '16520731', '12', '24', '409']
2021-10-26 17:32:01 modena root[405482] INFO [containerDaemon405476] [1635265920.19686, '37044108', '337040382', '2274157819', '37037169', '337018814', '656555', '25453929', '36061067', '345326759', '53450762', '1142801']
2021-10-26 17:32:01 modena root[405482] INFO [SystemPerfmonDaemon] [1635265920.19686, '1227824', '4387853', '0', '5436925', '8953590', '39', '77', '405']
2021-10-26 17:32:02 modena root[405482] INFO [containerDaemon405476] [1635265921.1478288, '36964200', '335847538', '2274203521', '36959644', '335962784', '635490', '25599657', '36045194', '343701720', '53433768', '1149751']
2021-10-26 17:32:02 modena root[405482] INFO [SystemPerfmonDaemon] [1635265921.1478288, '1616493', '10840459', '0', '25239272', '14987530', '14', '28', '401']
2021-10-26 17:32:03 modena root[405482] INFO [containerDaemon405476] [1635265922.0988016, '36855232', '335199969', '2273987563', '36862504', '335197162', '633412', '25522774', '35915456', '343173967', '53052550', '1167201']
2021-10-26 17:32:03 modena root[405482] INFO [SystemPerfmonDaemon] [1635265922.0988016, '1266260', '4418970', '0', '8864881', '8944042', '11', '23', '402']
2021-10-26 17:32:03 modena root[405482] INFO [Watcher] Active containers: memtier-benchmark redis-server
2021-10-26 17:32:04 modena root[405482] INFO [containerDaemon405476] [1635265923.0497699, '36768534', '334435870', '2274221965', '36755977', '334427817', '646413', '25527912', '35850878', '343931347', '52983860', '1172508']
2021-10-26 17:32:04 modena root[405482] INFO [SystemPerfmonDaemon] [1635265923.0497699, '1963353', '11404092', '0', '28086041', '16652724', '70', '140', '404']
2021-10-26 17:32:05 modena root[405482] INFO [containerDaemon405476] [1635265924.0000303, '36741020', '333902429', '2273805417', '36698859', '333122499', '630111', '25439714', '35767080', '343319531', '53000502', '1171771']
2021-10-26 17:32:05 modena root[405482] INFO [SystemPerfmonDaemon] [1635265924.0000303, '1234472', '4347385', '0', '6963362', '8967325', '18', '36', '401']
2021-10-26 17:32:06 modena root[405482] INFO [containerDaemon405476] [1635265924.9509962, '18775645', '170801877', '1160657311', '18763930', '170647382', '316057', '12973211', '18310628', '175297805', '26979214', '583588']
2021-10-26 17:32:06 modena root[405482] INFO [SystemPerfmonDaemon] [1635265924.9509962, '1633748', '9888496', '0', '26002465', '15399783', '250', '500', '403']
2021-10-26 17:32:07 modena root[405482] WARNING [containerDaemon405476] Event cache-misses not counted
2021-10-26 17:32:07 modena root[405482] WARNING [containerDaemon405476] Event cache-references not counted
2021-10-26 17:32:07 modena root[405482] WARNING [containerDaemon405476] Event cpu-cycles not counted
2021-10-26 17:32:07 modena root[405482] WARNING [containerDaemon405476] Event L1-dcache-load-misses not counted
2021-10-26 17:32:07 modena root[405482] WARNING [containerDaemon405476] Event L1-dcache-loads not counted
2021-10-26 17:32:07 modena root[405482] WARNING [containerDaemon405476] Event L1-dcache-prefetches not counted
2021-10-26 17:32:07 modena root[405482] WARNING [containerDaemon405476] Event L1-dcache-store-misses not counted
2021-10-26 17:32:07 modena root[405482] WARNING [containerDaemon405476] Event L1-icache-load-misses not counted
2021-10-26 17:32:07 modena root[405482] INFO [SystemPerfmonDaemon] [1635265925.9019578, '1219632', '4402448', '0', '6714329', '9000581', '17', '33', '397']
2021-10-26 17:32:08 modena root[405482] INFO [Watcher] Active containers: redis-server
2021-10-26 17:32:08 modena root[405482] WARNING [containerDaemon405476] Event cache-misses not counted
2021-10-26 17:32:08 modena root[405482] WARNING [containerDaemon405476] Event cache-references not counted
2021-10-26 17:32:08 modena root[405482] WARNING [containerDaemon405476] Event cpu-cycles not counted
2021-10-26 17:32:08 modena root[405482] WARNING [containerDaemon405476] Event L1-dcache-load-misses not counted
2021-10-26 17:32:08 modena root[405482] WARNING [containerDaemon405476] Event L1-dcache-loads not counted
2021-10-26 17:32:08 modena root[405482] WARNING [containerDaemon405476] Event L1-dcache-prefetches not counted
2021-10-26 17:32:08 modena root[405482] WARNING [containerDaemon405476] Event L1-dcache-store-misses not counted
2021-10-26 17:32:08 modena root[405482] WARNING [containerDaemon405476] Event L1-icache-load-misses not counted
2021-10-26 17:32:08 modena root[405482] CRITICAL [Watcher] Catched SIGINT... Cleaning up, please be patient
2021-10-26 17:32:08 modena root[405482] INFO [Watcher] Killing perf subprocesses
2021-10-26 17:32:08 modena root[405482] INFO [containerDaemon405476] Terminating PerfmonDaemon PID 405476 of container redis-server
2021-10-26 17:32:08 modena root[405482] INFO [['1635265910.6873114' '15582530' '148512471' '983759824' '15469675'
  '150553658' '285547' '10700155' '15266748' '151397290' '22884874'
  '367412']
 ['1635265913.540041' '36611902' '337352481' '2273890793' '36550091'
  '337760427' '654088' '25361068' '35812075' '345084961' '52990350'
  '1078090']
 ['1635265914.4910223' '36828460' '334877341' '2274207173' '36788600'
  '334854743' '656271' '25534148' '35882982' '343995394' '53120169'
  '1142736']
 ['1635265915.441997' '36845320' '334724687' '2274139802' '36851305'
  '334713003' '657760' '25537306' '35935980' '343225879' '53036208'
  '1173663']
 ['1635265917.343937' '36843065' '334819873' '2274120294' '36863352'
  '335138082' '664707' '25600127' '35825347' '344192673' '53037915'
  '1157781']
 ['1635265918.294911' '36844517' '334586441' '2273887348' '36854070'
  '334494463' '646931' '25494369' '35876551' '343486738' '53145922'
  '1162205']
 ['1635265919.245882' '36944587' '335930089' '2274064665' '36930713'
  '335777798' '632511' '25589886' '35995707' '343889588' '53261442'
  '1188470']
 ['1635265920.19686' '37044108' '337040382' '2274157819' '37037169'
  '337018814' '656555' '25453929' '36061067' '345326759' '53450762'
  '1142801']
 ['1635265921.1478288' '36964200' '335847538' '2274203521' '36959644'
  '335962784' '635490' '25599657' '36045194' '343701720' '53433768'
  '1149751']
 ['1635265922.0988016' '36855232' '335199969' '2273987563' '36862504'
  '335197162' '633412' '25522774' '35915456' '343173967' '53052550'
  '1167201']
 ['1635265923.0497699' '36768534' '334435870' '2274221965' '36755977'
  '334427817' '646413' '25527912' '35850878' '343931347' '52983860'
  '1172508']
 ['1635265924.0000303' '36741020' '333902429' '2273805417' '36698859'
  '333122499' '630111' '25439714' '35767080' '343319531' '53000502'
  '1171771']
 ['1635265924.9509962' '18775645' '170801877' '1160657311' '18763930'
  '170647382' '316057' '12973211' '18310628' '175297805' '26979214'
  '583588']]
2021-10-26 17:32:08 modena root[405482] INFO [containerDaemon405476] Results saved in /nfs_homes/dmasouros/project/src/profile/redis/requests//1635265907/results_redis-server_405476_perf.out
2021-10-26 17:32:08 modena root[405482] INFO [SystemPerfmonDaemon] Terminating FPGA monitoring subprocess
2021-10-26 17:32:08 modena root[405482] INFO [SystemPerfmonDaemon] Terminating Socket's monitoring subprocess
2021-10-26 17:32:08 modena root[405482] INFO (17, 9)
2021-10-26 17:32:08 modena root[405482] INFO [SystemPerfmonDaemon] System's monitoring results saved in /nfs_homes/dmasouros/project/src/profile/redis/requests//1635265907/sysmon_results_perf.out
2021-10-26 17:32:10 modena root[405482] INFO Everything cleaned up. Thanks for using me :)
