1635341537.0279393,6949534,55971959,914872706,7014812,35246216,126773,9170286,4529031,24869176,596254,209971
1635341537.128081,11116181,88408369,911193894,9478612,64758550,341336,8616359,9501924,62209311,4530465,384151
1635341537.2282155,11163953,78442462,911695518,10533329,81635235,431312,8984515,11163758,77257352,10857998,434750
1635341537.328348,9519826,80975094,911640456,10394419,81258348,382063,9329752,10238253,89282591,15311311,408039
1635341537.4284832,10265193,86635166,911844360,11029164,90700655,400831,9510778,10864233,98586036,15650444,377490
1635341537.5286088,10074360,79950504,911585014,9464839,76561470,345260,8263034,11938419,89575671,11714088,384113
1635341537.6287382,10595508,89707006,912286037,10300030,84940085,373338,9471373,9189453,78289143,10924611,423190
1635341537.7288744,10231324,77358103,919501822,8941761,70709996,319402,9380574,7474769,70786247,12106474,458397
1635341537.8290274,7617571,53656385,916288653,7647913,64231435,306725,10238764,6492527,53635218,6106449,357564
1635341537.929168,5989042,53022188,916405407,7342984,65084205,317950,11202961,6471917,59337164,10199597,306046
1635341538.02929,6608647,57432003,922465637,7557423,65473134,253530,9777032,7544819,65424973,11050087,262116
1635341538.1294143,8119026,67721345,929046945,8082410,58504357,259133,10971150,8627001,73137956,8663100,334096
1635341538.229536,9159533,76837358,931911570,7668148,54535114,263407,9947455,6753186,60149332,7913145,421305
1635341538.3296566,9295204,67387474,928282530,7445414,58270589,276477,9449887,6646052,58718345,9895816,439625
1635341538.4297776,6893905,50582702,929311735,6930502,62508508,285187,10416193,7713180,65874015,10336950,366541
1635341538.5298977,6681064,60505676,926705079,7969506,64267204,281131,10836201,8185190,69297313,12305394,336638
1635341538.6300163,7588894,57470689,930386436,7944354,64160900,295886,10186541,8066654,74842618,10193599,314530
1635341538.7301364,7413766,66428701,928042035,7872456,63653199,297600,10283832,7778598,59962921,4732815,382927
1635341538.8302567,8579977,57533875,917619587,7036923,54269349,251928,10696849,7560745,47801408,5552889,407245
1635341538.9303765,8054917,49951360,916849834,6991981,52094294,264114,11043673,7720212,51879802,5078439,410819
1635341539.0304968,5622220,47438109,928211492,6971935,52709612,285128,11869780,6737847,49100417,5826863,318824
1635341539.1306174,6527475,53831183,932374956,7180319,59210527,262454,10344029,7874071,54419801,6586645,275748
1635341539.2307374,7927398,65392028,930895540,8186419,64533828,242526,11092237,7624024,66772302,7736229,362559
1635341539.3308575,9000160,72319531,930316130,8210639,60808233,273877,10798627,6884936,59029948,7286292,491610
1635341539.4309776,8435157,64349202,929429821,7585518,57159170,281755,9835524,6280749,57971805,9117886,479728
1635341539.531097,6263102,56294211,915502071,7191147,57182905,284588,9648899,8299820,65972005,9484871,380579
1635341539.6312163,8355269,62342821,916605298,7462798,67139212,307449,9780054,9123943,75691737,12177048,409569
1635341539.7313364,8781065,67476986,922511754,8545592,68240552,299049,9674344,9222037,78191858,10209148,454477
1635341539.8314567,8835693,70538306,925288307,8562717,68332288,304861,9976105,7965358,74079320,10537414,498795
1635341539.9315772,8958343,70219271,926962265,7698183,62682714,289075,10242973,7259101,65664308,9294273,529680
1635341540.0316978,8443098,62946748,925877313,8562031,65995432,279052,9542439,9148017,71228667,7201155,444791
1635341540.131818,7219886,63149566,927553624,8845261,68836357,310574,9681209,7786356,67667068,10262597,418184
1635341540.2319376,8335263,71238662,927055472,8899566,72116178,313998,9779970,8109623,71660483,11797206,391779
1635341540.3320577,9162369,74690564,926507273,9165265,76156907,266171,9520721,9140332,78446640,9513892,488988
1635341540.4321778,9820781,76062449,926558078,9183567,70545711,265419,9333740,7540864,67221662,9475701,555931
1635341540.5322974,9128677,69067348,926505405,8978157,67984587,298499,9657721,7235616,65082039,10499232,541286
1635341540.6324167,7663898,68970795,925849142,8597555,66360131,302335,9887522,7904602,69794437,10574684,434577
1635341540.7325363,8690408,73279549,926317324,8438778,69146717,307655,9963983,8652941,73848427,11217627,421847
1635341540.832656,8754910,67293940,923244262,8599863,70741843,306655,10021947,9187989,79057629,9561516,490089
1635341540.9327753,8650921,67073666,917291689,8808715,69708735,298933,9641874,7690371,70475283,10401893,533936
1635341541.0328953,9063398,70408769,917868105,8921220,70539452,305500,10232061,7730847,71838990,11445277,561413
1635341541.1330156,8116788,62517152,916761724,8735868,70429186,302683,10190898,8879344,76627772,10141766,517110
1635341541.2331364,7468599,62110020,917679183,8463801,69808603,307476,10236992,8734064,70928060,10452260,371781
1635341541.3332565,8220570,70433607,927425906,8663774,68419063,312434,9780059,8314979,71897894,10273810,428968
1635341541.433376,9135221,74245523,927887402,8747839,68780521,278427,8472160,8559310,74483382,9501302,502745
1635341541.5334957,9769520,75588183,927428916,9005501,74280636,258689,8958253,7830758,57157712,7848437,550242
1635341541.6336482,9046002,65847912,926435134,9357965,70338176,272618,9611274,6989423,64285199,10401767,556580
1635341541.7337828,7383322,68073936,926371616,8714290,65592793,298964,10093879,8206212,68252076,10329237,469334
1635341541.8339047,8288040,74156779,923921673,8346827,64433420,302689,10106231,9069204,75622040,11336371,438390
1635341541.9340255,8963852,67438136,919120535,8225695,69475552,289497,10109849,9085612,78371083,8690556,497553
1635341542.0341465,9252713,68062593,915670168,8443617,68828830,286935,9914915,8659351,64761823,8693729,556676
1635341542.1342685,9566917,68626233,914321995,8447879,66939102,290422,9819766,7441858,68756770,11536464,611861
1635341542.2343893,7971747,65324548,915462324,8433538,66752666,287683,10043339,8904172,76175035,10201945,520580
1635341542.3345146,7426699,63815889,916599229,8267433,64022072,272288,9912791,8839900,74384078,9312430,334262
1635341542.4346461,7438091,64568246,927431834,7813352,61431668,294604,10261473,8595324,71174964,9436846,399910
1635341542.534768,8581055,70307536,926490851,8053635,65495336,299864,9811642,7608940,62692946,8702608,469259
1635341542.6348925,9438473,73319081,927541051,8527107,71024468,258456,8839116,7302903,64510801,8751525,552621
1635341542.7350168,8473825,62094540,924260536,8769247,70131252,231246,9364287,6972874,63255501,9055214,524439
1635341542.83514,7005904,62685348,925403884,8729235,64207056,241192,9785046,7850629,69468266,10940530,445954
1635341542.9352646,7787755,70698284,925831918,8152028,61836551,259971,10183928,8267465,73028058,11321822,407763
1635341543.0353973,8981630,75042513,926448670,7890095,62889448,260821,9900391,8847640,75722992,8426965,478314
1635341543.1355271,9651962,68988075,923166816,7813548,66998458,264377,9630186,7317729,64855761,9006457,547962
1635341543.2356513,8692858,59224517,923648076,8271270,66573165,263852,9811164,6956571,63440230,10956322,598043
1635341543.3357747,7603188,62840995,923562439,8311107,66052475,262781,10066118,7825515,72347684,12177046,520931
1635341543.4358978,6929131,60913311,920282246,8346260,66275575,266821,10044176,8702236,80210400,10691690,301803
1635341543.53602,7630083,66552493,924295839,8326161,66603380,260758,9773702,9363213,72495344,8129415,408977
1635341543.6361432,8636753,70251624,924006095,8289580,66164042,276306,9595537,5509551,59641933,8972127,483195
1635341543.7362678,9432475,72575032,922037300,8356652,69532582,305709,8886265,6862118,62508263,8881964,554496
1635341543.8363903,8728988,61815039,922662555,8430509,71053669,259724,9887789,6482153,60564743,9941033,538607
1635341543.9365122,6808242,59895138,922598983,8732924,67690659,247187,10181132,7503104,67494915,10747300,418942
1635341544.0366435,7648284,68773683,923219659,8478638,63843627,268547,10152147,8220672,70798677,10776316,420855
1635341544.1367702,8908206,75814204,924586250,8044410,61777309,275416,10009215,8649297,71818491,8501172,492535
1635341544.2368934,9874542,74141077,925886623,7872654,64970491,271833,9917248,7342039,61984930,8309945,555367
1635341544.3370168,8844721,58269654,923218869,8011180,66324949,270230,9475844,7465243,62783214,10106165,592123
1635341544.437139,6349479,57891201,925872531,8297532,66665235,274125,10294701,7892020,70644794,11174247,541327
1635341544.5372636,6623144,58953949,919190545,8336582,66364399,273719,10409657,8332221,77893330,11969304,323229
1635341544.6373954,7577292,65198976,917512901,8182461,65594533,281654,10028749,9600086,79620299,8286445,413891
1635341544.737534,8428343,68126209,920603017,8311475,66570974,275044,9711026,8166295,61100424,7707161,482221
1635341544.837659,9296359,68541337,916047692,8005636,67198411,293389,9884466,5942154,57330001,8622876,554075
1635341544.9878445,8654126,58624562,914127948,7995200,69498801,296899,9428434,7397281,61296305,9879266,542799
1635341545.087977,6905005,57531422,917267857,8240342,71201476,252098,10213971,7685866,68298150,10778712,445000
1635341545.1881027,7639376,63504188,917261743,8431498,66143322,239136,10235458,8174025,72560735,11339313,416711
1635341545.288226,8593364,70466267,916879492,7837817,62587719,275368,10096200,9280880,74029248,8934618,481629
1635341545.3883495,9920816,78886482,916068107,7586686,58735759,272785,9987751,7215127,64554899,8766662,542097
1635341545.488473,9813572,59642429,925705860,7606458,63381573,268295,9745581,6882170,62534761,10037717,577338
1635341545.5885968,5595962,53711082,922888648,8251638,65911660,261861,9810812,7804698,68420468,11196663,513490
1635341545.6887188,7071267,61334803,923290927,8180990,65880443,267656,9994895,8609328,75281251,12830144,339846
1635341545.7888417,7718859,65057705,925592642,8301661,66364802,270268,10114131,8312134,78567304,8457699,415693
1635341545.888964,8405990,69498676,925334258,8147925,65547348,274449,10175272,7105799,60408075,6908642,481791
1635341545.989086,9361497,72353652,924992418,8210042,66368361,280880,9970581,5783989,51983015,8014506,541718
1635341546.0892215,8506931,61866325,926859746,8229037,67550371,299519,10242744,7086454,61475956,8962716,536810
1635341546.1893458,6605273,59888061,926359431,8366785,70150206,273540,10027100,7439774,66567229,10324223,435652
1635341546.2894702,7483211,66302488,924962112,8710207,70467309,239974,10192170,8547505,71284521,10537249,418830
1635341546.3895917,8293202,71296226,926328894,8719573,65177318,255212,10134683,8591396,75115471,8023455,476816
1635341546.4897146,9153837,76180695,922460612,8115342,61514142,270233,10003159,7246596,63832881,7911673,545850
1635341546.5898373,8853170,63235833,918687689,7766922,61472497,272626,9887440,7463176,61942704,9492973,538059
1635341546.6899595,6682925,51447491,916232001,7766837,66596746,271088,10264062,7733223,68644359,10989696,486984
1635341546.7900765,6996967,59351652,915949183,8101902,65426555,275486,10311014,8074028,72408477,12306689,428931
1635341546.8901997,7881572,60643968,920771570,7939003,63079028,269582,10301216,8761251,80365221,10317413,449793
1635341546.990322,8019309,68615484,925517447,7819007,63138127,271365,10196411,7628869,71124523,7867913,483549
1635341547.090455,9326558,72124434,926600534,8083726,63170240,266225,9930860,7609275,59248679,9095728,529315
1635341547.1905808,8499331,60812364,928056256,8263415,63829564,269181,9699285,7340825,64518514,8777580,546658
1635341547.2907045,6795736,59751792,926255989,8101952,67343004,276892,9537208,7020714,63159098,10713981,447515
1635341547.3908284,7588597,66538692,925285825,8537172,71126122,253742,9930966,7657977,69916505,11245139,405473
1635341547.4909532,8645108,69876958,927082590,8634840,67305323,241428,9506506,8220112,73015166,8945237,478996
1635341547.5910766,9339710,74951254,925624647,8225272,59760901,267843,10087434,6741105,61090308,8381873,543224
1635341547.6912005,8541138,64771293,925146287,8058922,63330844,272683,10308039,7357324,63331822,9598347,512109
1635341547.791323,7623220,63728523,925560064,7951165,65445750,271521,10306486,7817123,66165393,10251598,471822
1635341547.8914464,8034870,64288249,924365909,8149590,66357784,278253,10195064,8220819,69603841,10496935,453160
1635341547.9915702,8036567,62322083,923179536,8202922,66309410,271044,9724752,8362623,70601372,9086797,480709
1635341548.0917034,8278996,68083081,925263115,8201231,65412435,274335,9933121,7230405,63916730,9008383,496775
1635341548.1918263,8785979,69361289,925460711,8273707,66571094,276541,9863575,7678777,63414817,8894261,518638
1635341548.291951,7864942,61778595,926506900,8257736,66265621,277174,10119732,8076141,67232630,8486790,489398
1635341548.3920724,7242837,63044292,924155029,8204591,66898173,291962,10141835,7316460,64513917,9833281,437707
1635341548.4921963,7791970,64691573,921080075,8216972,68274323,290107,10179199,8221807,68505942,10024796,447146
1635341548.5923197,8408832,68086653,920338327,8555546,68736550,251810,10032830,8249340,71539882,8846579,499884
1635341548.6924434,8784672,65205085,918030262,8349064,66291760,258852,10151923,7756938,63585412,8898768,536876
1635341548.7925682,8118130,61714263,913224531,7807693,61661443,272823,10070278,7459184,65915865,9962544,508458
1635341548.8926914,7685121,64804268,914021862,7559297,61267043,272079,10143734,7840949,68576856,10837223,437757
1635341548.99282,8166724,65738050,923891070,7640274,62853590,275804,10221948,8016799,71560724,10675610,454339
1635341549.0929575,8309483,62561189,925928411,7884832,63299104,273082,10013805,8222287,71671374,9647303,494273
1635341549.1930814,8404741,67644060,924480250,7982997,63312649,273916,9909217,8476364,59558934,6373625,516023
1635341549.2932045,8894462,68508455,923048336,8005373,63679807,286086,10070617,7505532,67997866,10282836,525409
1635341549.3933282,7963396,61294889,925822263,8278843,64324794,271172,9643937,8488384,68641772,9371424,491216
1635341549.4934516,7269641,62316491,924681559,8293529,66791201,296201,9879351,7347186,64830973,10232498,412236
1635341549.5935757,7958190,66030197,926292649,8283533,67824807,299044,9590703,7432045,67290986,10344429,442708
1635341549.6936984,8538857,69448959,924395606,8326385,69106400,282719,9752920,7514215,67467909,8742908,494814
1635341549.793822,9052757,68978313,924295543,8556001,67787044,271270,9880506,7891655,58624904,7898237,531374
1635341549.8939455,8217389,63043120,925003233,8503416,64749483,284928,10054581,7420331,63117290,9460307,515746
1635341549.9940677,7388676,65584171,924021322,8148817,62723154,291083,10040745,7784272,65895063,10208703,452004
1635341550.0942008,8209488,68180411,922744407,7858281,63518316,288479,10011987,8153482,69677645,10051472,457656
1635341550.194326,8425905,65009265,922042136,7964564,65776192,290690,10170877,8284903,70351698,8730247,484771
1635341550.2944496,8342273,63874754,915059260,8202465,65582530,289654,9957035,7167793,63598975,9642008,526316
1635341550.3945723,8845659,64823810,915804133,8045312,64649127,289241,10038076,7325352,68429567,10443877,571646
1635341550.4946985,7550002,61204090,921683149,7998116,63578097,285233,10241354,8063471,71472623,10081398,446113
1635341550.5948231,7482611,62953954,923386233,7908413,63298017,288256,10285044,8240709,68902071,10009620,393804
1635341550.6949463,7755752,64100908,913302620,8064765,64329323,303274,10018252,7826583,68196079,9862719,436320
1635341550.7950702,8529850,69466233,920897953,8016721,66452945,303436,10000527,7484165,66836725,8290026,485406
1635341550.8951926,8952591,68425490,922203270,8145108,65392693,271166,10031214,7112909,64096004,9491180,525584
1635341550.9953146,8188519,61580447,922362407,8344860,64084532,273262,9881332,7344310,64160975,9041330,501699
1635341551.0954442,7433365,65033115,922518614,8290308,60933287,278489,9856811,7715063,68228451,10852836,445249
1635341551.1955695,8080539,68528062,919828890,8031178,62991162,284185,9704256,8475530,71514293,10709071,435003
1635341551.2956936,8731530,69593390,920860280,7914935,64486036,279624,9902397,8224165,71850668,8991372,489449
1635341551.3958166,8941767,65583618,919743118,8076962,65645854,288439,9698169,6892880,62600180,9222763,526314
1635341551.4959393,8550925,63439194,923687773,7792061,57702550,260576,9270506,7050236,62673081,10627607,572119
1635341551.5960755,7628592,61412582,923056797,8206367,66078102,289823,9889195,7587003,69957469,11140763,445389
1635341551.6962137,7291443,62959458,921289197,8265517,66088495,288415,10051098,8409159,71434621,9494445,402095
1635341551.7963383,7873654,65668818,920610447,8171292,65021892,285676,10159392,7565075,63143330,8736640,429332
1635341551.8964627,8570368,68967111,922362180,8149324,65873668,302355,10231361,6627865,61698952,8566682,495478
1635341551.9965866,9011579,69692517,917158391,8626547,71611636,307367,9791792,7378530,64413662,9473524,531890
1635341552.0967395,7725470,55578709,914399366,8269152,65433367,282573,9593470,7803747,68669567,9773992,533264
1635341552.1968822,6905516,55735401,914998968,8102211,59576270,261184,9773414,7944935,64524052,9112490,413830
1635341552.2970302,7290613,60887455,915843940,7739762,57172097,271222,10000768,7995044,65029383,9204719,388603
1635341552.3971672,8046671,64456788,915948552,7523533,57228232,271382,9864101,8087737,66561236,7485654,441719
1635341552.4972963,8548686,59186499,915050351,7514377,59617325,273646,10107478,7045719,58704996,7667284,484392
1635341552.597423,8181657,52320184,915699047,7425912,59951632,271644,9661826,7777105,57451777,7715920,530407
1635341552.6975486,6926854,54674688,915853551,7583018,58449634,272959,10001907,7450088,64323087,10065434,446482
1635341552.797679,7008308,56722423,916390012,7551479,58076983,267764,9819008,8014178,69444813,9347225,344690
1635341552.8978066,7432235,59915234,916280980,7622614,58276365,265058,9714329,8614178,67797587,7228944,390817
1635341552.9979312,8038778,62729254,924070499,7787422,58296415,264910,9290857,7366409,57477097,7095966,434757
1635341553.0980637,8548417,63605199,920420013,7737625,59589614,276197,8912500,6642706,56438399,7648718,478947
1635341553.1981874,7879151,56779267,920862645,7903231,60907917,252595,9793692,7093028,59355449,8379235,482353
1635341553.2983105,6917202,56641779,919952896,8070117,60204204,241148,9730563,7554308,62643569,9093849,400016
1635341553.3984344,7479316,60622277,919865058,8036614,57137638,249547,9723903,7853742,65767981,9241115,395560
1635341553.498558,8157657,66448010,918320426,7681736,55748757,260874,9544692,7992627,66230906,7478393,434789
1635341553.5986834,9083831,69630611,921762244,7533827,55856611,260577,9458521,7111846,58767052,7628677,486344
1635341553.6988132,9088721,52696233,921848960,7355315,57899365,256228,9660906,7186838,59348813,8481758,520941
1635341553.7989368,6225730,52315658,918387878,7785229,59772251,264473,9823291,7486078,62669314,9853610,452537
1635341553.8990593,6899611,56823040,919126201,7674764,59056997,254709,9727253,7930716,69171976,10640954,335731
1635341553.9991815,7508876,60080561,920592927,7824317,60227385,257717,9691090,8548045,73160058,6978242,387734
1635341554.0993063,8073166,62987465,918227908,7865422,60754451,266462,9506954,7729299,56526975,6549797,438619
1635341554.1994371,8590664,63743596,922424329,7673014,59140231,279622,9097623,6484365,55169999,7699961,482534
1635341554.2995784,7362228,49613092,918565920,6766146,56454522,278068,9414996,6796067,57409801,8223004,469539
1635341554.3997066,6938667,56527254,920150187,7748904,62028712,253796,9409371,7081049,59877645,9018027,397016
1635341554.4998276,10580671,81403367,918700669,11445448,64832979,235894,9503654,7583507,63118865,7997453,490913
1635341554.599948,12094126,78660100,918241645,12226536,77998919,345931,8393725,9263007,77873932,5080898,504873
1635341554.7000723,12071653,76847626,917954603,12329156,78128544,344144,8246069,9466403,77627217,5822703,498653
1635341554.8001924,12675049,76625214,918315838,12112021,78164008,340169,8199919,10134141,78362842,5438834,494481
1635341554.900312,12205083,78419500,917979959,12016742,77103995,338080,8343015,9846093,78149219,5937713,483676
1635341555.0004315,12198701,78736856,918243380,12272758,83733079,351547,9067460,9538174,89681917,8436133,502996
1635341555.1005602,12346629,86852732,916970630,12328793,86018422,347424,8905265,9182404,84361916,6954893,530505
1635341555.2006872,12270450,86088013,917010826,12342175,85648942,349463,8440604,10175544,83499070,10099764,525234
1635341555.3008072,12543028,84501581,917537574,12430369,85737719,347833,8671031,9586639,89210098,9155069,530510
1635341555.4009273,12502443,85831566,917401154,12463225,85964666,349040,8802203,9351327,88265936,9627844,512563
1635341555.501048,12328570,87356260,917572111,12358609,85813864,339515,8903474,9554364,89313463,9101058,521474
1635341555.6011684,12282364,85986741,918361334,12431823,84263409,344791,8903073,9268979,87411936,8259469,541071
1635341555.7012882,12376391,86159598,917121968,12553072,85697198,354226,8844736,8972308,86472602,9094771,539795
1635341555.8014083,12451124,83789990,917323801,12342399,85749420,349599,8739698,9308908,87638622,9714984,514121
1635341555.9015284,12272161,83304712,917197165,12327587,86874381,350660,8987456,9618364,86855836,7934377,515756
1635341556.0519102,12397896,86764252,918278204,12119721,84501245,347055,9096129,9217588,87463531,7646990,520904
1635341556.1520298,12153287,85025899,918251673,12265028,85372688,342730,9053547,9839888,85125703,7857762,531824
1635341556.2521515,12342860,86127240,916733433,12195936,84306093,341343,8906126,8964701,84675103,8213270,538820
1635341556.3522716,12318659,85979430,917209723,12308273,84902268,341066,8729907,9412662,85840215,9396094,543034
1635341556.4523911,12303101,83719954,917421944,12277785,85161776,341532,8663877,10686626,84722271,8869109,531034
1635341556.552511,12394774,84914710,917543752,12316125,85178430,346325,8978273,9320839,86570695,9133145,536556
1635341556.6526306,12152669,86300234,918077463,12333236,85290879,345507,8970613,9525187,87528589,9148302,545627
1635341556.7527502,12156837,85042922,917527024,12298475,84706830,340449,8915712,9525183,87799947,7979692,544941
1635341556.8528697,12240229,85260151,917531664,12284155,84196087,340891,8816574,9329734,86415822,8860126,548788
1635341556.9529896,12232434,82829394,915266212,12361868,85128226,345873,8786016,9530409,87318574,9569215,517124
1635341557.0531104,12366158,83967187,915547189,12186142,84154777,342497,8935501,9592459,88903712,8940855,535585
1635341557.1532297,11905047,84520709,915865813,12296986,85874195,339636,9025112,9460535,86093530,6413203,541188
1635341557.2533534,12184227,82855309,915289776,12092379,85165401,341244,9018519,10140849,86243668,8163293,555943
1635341557.3534732,12217739,84552282,915928837,12339790,85159988,345238,8820006,9201074,86353866,9025546,539969
1635341557.4535928,12114639,85446505,914994569,12334744,84862555,336822,8696905,9340021,87761639,8987731,544350
1635341557.5537128,12247365,82942779,915780564,12290247,84778863,345906,8936142,9679542,87846801,8919493,531799
1635341557.6538324,12335380,83901707,916162206,12261621,84967358,345407,9053025,9294004,87200493,8973624,531906
1635341557.7539523,12166081,85603139,916368485,12304084,85032691,344106,8877861,9246047,88056843,9584282,542645
1635341557.854072,12128272,84013998,915204694,12268443,85127121,343179,8964420,9599836,88996989,8273143,537406
1635341557.9541912,12047410,82839691,914693112,12253053,84142141,341976,8788255,9367728,86726758,8941988,527533
1635341558.0543113,12313834,82588898,914496080,12385573,84531862,351964,8830607,9384900,87621691,9559735,517621
1635341558.1544309,12307767,83770289,914383981,12358338,85441697,352102,8756193,11006729,85148904,7918371,514189
1635341558.254551,12101834,84615638,914048025,12345767,85459050,342108,9000669,9403883,87566892,8903742,533063
1635341558.3546703,12120653,83063594,914585260,12077333,84425098,342019,8981387,9334841,87869943,8183838,539311
1635341558.45479,12101664,83822041,914471889,12224162,85108058,342509,8855716,9192369,86240389,8943974,539429
1635341558.55491,12146938,84142192,914435329,12100123,85068399,342557,8764843,9446952,87274720,9468353,524648
1635341558.65503,12363070,83061373,914790292,12068621,84969677,341417,8939821,9795356,88272068,8374080,516618
1635341558.7551491,12191807,83836547,915070988,12032841,84657720,343270,8954004,10134343,84478741,8932394,526240
1635341558.8552687,12056579,84909703,915700361,12187632,84169500,343133,8983335,9648677,86842493,9049709,541400
1635341558.955388,12138044,84963566,915022362,12027627,83833370,343527,8790272,9411351,87693927,8819234,537380
1635341559.0555072,12347910,83668971,918663795,12003319,83839384,330507,8587954,9274049,87935528,8936339,538035
1635341559.1556296,12489964,83517588,918218807,12312631,82688554,333470,7997116,10231770,85514714,9621821,522347
1635341559.2557507,12192533,83576158,918308306,12379444,84865840,346738,9057484,9403960,88505019,8838924,517505
1635341559.35587,12041707,85804363,917487551,12302764,84872987,345901,9038320,9850674,85212993,7544288,522871
1635341559.4559896,12175498,83545314,917991941,12197244,85717727,341847,8952618,9287981,86532069,8002284,540929
1635341559.5561085,12319689,84469076,917676836,12034512,84117717,341899,8816735,9024936,84846866,8860537,537227
1635341559.656228,12280716,84343898,918698635,12202223,84922733,345490,8844261,9344043,84705810,8234907,519757
1635341559.756354,12328117,84179724,917655674,12140865,84822348,332643,8960036,9487814,87477472,8336634,506078
1635341559.8564749,12112835,84763142,918093724,12088050,84459767,344903,8969683,9364234,85459223,8417511,512682
1635341559.9565957,12136082,85820488,917799225,12186069,84601362,344899,8940253,9080554,85578325,8327115,549775
1635341560.056716,12177552,84708877,918565331,12236672,84990288,347206,8758226,8916540,85688526,9224997,543588
1635341560.1568358,12347160,84734429,917992964,12171972,84529592,340783,8626645,10852056,85104485,8766164,550190
1635341560.2569556,12341893,83383147,917749489,12135166,84124795,334624,8676489,9360093,86835855,9396966,543370
1635341560.3570752,12319449,84443874,918110445,12208403,83721608,340461,9079608,9636994,88122002,8788986,542765
1635341560.4571946,12060616,84801806,917714426,12240674,84778709,346760,8989809,9353327,86894254,8696212,544792
1635341560.5573146,12214481,84298267,918262271,12331204,84938567,340049,8972636,10026471,84735613,7941570,553617
1635341560.6574337,12231956,83281142,918366908,12299795,85857088,342742,8778405,9031440,85099306,8728332,548119
1635341560.757553,12546514,83217825,917834239,12222740,84832700,330993,8720363,9470519,86604750,9368440,541467
1635341560.8576722,12312992,86208553,917341723,12242692,84779292,344139,8917456,9509211,88238936,8694727,528583
1635341560.9577913,12176475,84226951,917554578,12013723,82666758,331393,8876852,9434468,86623475,7692464,516814
1635341561.0579104,12151042,85612120,917639141,12239288,84592402,344669,9010933,9494462,84840665,7674605,559506
1635341561.1580303,12091562,84527744,917311899,12260776,84595375,342396,8792747,9056182,84124660,9512207,545967
1635341561.2581534,12191226,84651203,918069722,12244431,84432030,342302,8538066,9583533,84977351,7586703,549327
1635341561.3582726,12265706,81765319,917975232,12079504,84282136,339418,8606242,9494838,86748995,9388481,537265
1635341561.458392,11995820,78699967,917866475,11444085,78284169,342159,8843905,10239514,86097767,8741746,533752
1635341561.558517,12145756,85378588,918196730,12054056,79489731,329624,8120970,10629735,79463822,7409814,547602
1635341561.658657,12076180,83348267,918662368,12321292,84688545,342084,9004236,10113467,84528391,7864264,541963
1635341561.7587805,12227722,83482149,917910863,12340594,85357253,337368,8762729,9096250,85009671,8709301,547433
1635341561.858901,12555259,81824603,918192645,12219315,84630960,340918,8686770,9289684,86546812,9389198,540000
1635341561.9590201,12462005,85218886,917798334,12177942,83697790,346921,8641687,10116412,85788942,8665372,522783
1635341562.0591395,11927945,84058831,918082579,12273175,84134922,338426,8872693,9958245,84332064,8266931,530418
1635341562.1592603,12136775,85578802,918358732,12212732,84307310,340511,8954725,9434920,85295435,6838540,556700
1635341562.2593806,12022291,83015660,918503060,12176904,84665978,342254,8753915,8978386,82176999,8782718,554633
1635341562.3595,12259381,84546474,918948812,12061063,84620441,341676,8630944,8958187,86527818,9387510,552826
1635341562.4596193,12171641,82891940,918200834,12092442,84218333,340101,8548404,9614747,87150673,9321484,532987
1635341562.5597386,12316455,84066997,916831371,12033375,83279957,335155,8973247,9494319,87231856,8703045,540720
1635341562.659858,11855906,85119372,918235079,12119378,83095765,341061,8913897,9436677,84396299,6305698,530251
1635341562.759979,11947800,79851731,924088153,11572643,82316775,347316,8924797,10061095,84572898,7935216,549401
1635341562.8600798,12043595,82480974,918232561,12306881,84625594,343820,8719216,9142675,85089342,8690630,540059
1635341562.960205,12115211,80990756,917693804,12285053,85324329,331069,8655009,9226185,86704421,9351613,520190
1635341563.060326,12410118,83600792,918188324,12080009,84380936,334022,8644387,9486083,87947654,8694007,530113
1635341563.1604478,11644285,85558000,917651036,12079567,84169179,338930,8917534,9249507,85333798,7270459,550970
1635341563.2605712,12008067,84418180,916352098,12187732,84320682,337846,8986540,9408817,86501918,7022570,543418
1635341563.3606923,11885754,83624793,914412471,12130763,83854264,347917,8669019,8992939,83372991,6541224,540193
1635341563.460812,11581798,75981777,914772979,11558331,82439710,337416,8714189,9300352,85448558,9797945,542467
1635341563.5609403,12019015,80745468,915106754,11958199,83150082,334262,8583609,9603959,87418019,9055899,541062
1635341563.6610734,12061292,81604222,915435642,11824055,82905346,332647,8837941,9314864,86666142,9191679,532327
1635341563.7612038,11950003,83523648,914549193,11873361,82556973,329632,8713144,10089664,84868242,8775256,549010
1635341563.8613348,12116342,83268821,914961815,11998582,82125269,342696,8814869,9299869,86459676,8062673,547301
1635341563.9614654,12091563,82750486,913945684,12033902,82418008,333909,8565711,9241657,85051956,8885677,545704
1635341564.0616214,12261305,81674944,916769133,11949854,83134544,338955,8728492,9346350,86618197,9511018,530850
1635341564.161754,12411801,82760966,917779913,12065129,84353072,339928,8881504,9319984,88016814,8848996,528322
1635341564.2618747,12094090,85170272,917198421,11917791,83325509,340205,8968413,9227123,86713576,8850920,533898
1635341564.3619955,11931044,83942427,918372975,12003892,82301557,333990,8814191,9400207,86380237,7784051,546256
1635341564.4621162,12247574,85030751,917939720,12123884,83228288,337551,8589427,8944752,84534566,7970036,536329
1635341564.5622368,12101124,84152469,917899859,12135795,82505251,325961,8283739,9282221,85069384,9681852,538542
1635341564.6623573,12231766,82420621,918442622,12127648,83628832,335950,8630766,9517941,88059928,8945366,533960
1635341564.7624767,12285687,83927641,917363289,12067870,83570782,334801,8678000,9300259,86541516,9330735,529510
1635341564.8625972,11982559,84067082,917863949,11827838,83221490,328923,8793530,9510252,87688337,9068706,546590
1635341564.9627168,12076016,83735014,917633042,12131080,82935376,327231,8720188,9544873,86677017,7997315,542682
1635341565.062837,11956347,83763873,917585582,12169777,83281012,337237,8659289,9489090,84623204,7670102,538772
1635341565.1629574,12210496,82419757,918342681,12112872,84227001,339029,8561879,9353782,86738159,9552581,528056
1635341565.2630816,12248934,83343061,918003310,12077659,84410593,335066,8813042,9547078,87680397,8887291,530074
1635341565.3632011,11933531,84460891,917957085,11931987,83648168,334438,8853546,9392146,86198906,8826546,538674
1635341565.4633207,12043733,83309982,918490764,11981209,83291329,335381,8774726,9274817,85863338,8011559,542188
1635341565.5634408,12064449,84292220,918480166,12151684,84044937,330060,8708909,9891130,81802604,6999092,541256
1635341565.6635609,12028856,83563791,918666934,11947286,83792030,336937,8435970,9160206,85581003,9028158,541154
1635341565.7636802,12145436,82549783,918179781,12109447,83618644,341346,8623029,9436898,86138664,8884625,532655
1635341565.8637998,12245833,83874495,918254566,12091946,83669829,337615,8970184,8993934,85130577,8682492,552291
1635341565.9639196,11955316,84742810,917841408,12054881,83625240,338927,8839072,9384351,85385720,9320519,541159
1635341566.06404,11754385,83804266,919029891,12134409,83902566,329874,8879271,9673471,86793611,5132823,542064
1635341566.1641605,12069243,83850226,917678867,12136620,82355380,333016,8698287,9112203,84187497,8634562,547341
1635341566.2642808,12179077,82223405,917792965,12148026,83610834,343977,8815068,9157308,85746433,9250411,538466
1635341566.364401,12229718,83444467,918607531,12062377,84035828,341135,8864920,9397340,87217503,8650739,542010
1635341566.4645212,11818592,83924844,918180927,12046634,83515702,340956,8882765,9212793,86496611,8598728,543186
1635341566.5646431,12030765,82935477,918373040,12024816,83817630,339152,8874993,9266281,86249154,7792091,555567
1635341566.664763,12060987,83064721,917473307,12187168,83618032,338736,8700066,8880508,85083001,8724611,547497
1635341566.7648833,12216086,84195879,916462745,12172244,83753959,339255,8685137,9219922,86635445,9190209,548981
1635341566.865003,12159079,80931235,915557206,12113764,83853217,342219,8888445,9481408,87213872,8429382,541821
1635341567.0152917,12239868,83253117,915995577,12249699,83807138,339708,8870619,9027700,86095568,8836216,533951
1635341567.1154115,11790880,83383925,916210599,12129206,83714821,337436,8895070,9197385,86446260,9078813,555641
1635341567.2155306,11896598,82986217,916455090,11997724,83460275,339293,8628839,9501963,84385168,7072113,551654
1635341567.315654,12018970,82945016,915731643,12117156,83635596,335182,8702591,9196389,85898998,8857267,547816
1635341567.4157739,12250648,81485854,914297931,12108258,82961602,336747,8724056,9221959,86525759,9458615,528843
1635341567.5158935,12229793,83153740,914428598,12100491,83924617,346209,8870587,9435485,87605769,8781692,518847
1635341567.6160135,11971335,83707111,914224598,11881527,83889400,338504,8826845,9272842,86131738,8784174,541301
1635341567.7161334,11897411,81189655,915333068,11913479,83781467,340115,8832342,9284693,86270692,7984258,549373
1635341567.8162532,12210425,82363819,913914539,11882096,83777902,339004,8739061,9114794,84869146,8839437,546403
1635341567.916373,12036953,82220936,914542318,11945967,83533559,339274,8586239,9391583,86412908,9576946,517785
1635341568.016493,12286765,82660638,914709673,11977864,83596125,337119,8755004,9550725,87575593,8168797,509075
1635341568.1166134,12136664,82574233,914869658,11962415,83655086,339287,8811675,9382680,84634562,8721225,509747
1635341568.2167337,11942992,83921404,914783048,11945558,83663673,338329,8892246,9123925,86408887,8579978,551363
1635341568.316853,11977193,83281344,915523721,11966357,83299798,338761,8664912,9469315,82832548,7489850,541380
1635341568.4169734,12025153,82447035,914817481,11759582,81800102,332709,8592330,9236135,87007192,8847698,543696
1635341568.5170932,12176543,82140536,914250925,11942347,81875530,332487,8531648,9329171,86102653,9456564,522942
1635341568.617213,12167990,83405980,914201940,11952872,81798267,342015,8836550,9411923,87254302,8805422,522537
1635341568.717333,11832157,83264400,915271389,12090853,83067693,342895,8930810,9240595,86660710,8776332,537441
1635341568.8174531,11900891,82978619,914651728,11961192,83400165,340502,8878172,9465918,85890881,8009588,547727
1635341568.917573,12126977,82445954,915853821,11939862,82420656,327277,8656818,9201350,84251278,8796303,540530
1635341569.017694,12178434,82468706,918362766,12011367,82822286,333966,8640076,9211230,85932712,9474128,520696
1635341569.1178143,12249846,84949500,917957218,12122115,82828988,333271,8630371,9416963,87560450,8599795,514337
1635341569.2179337,12092286,83658398,917553405,12078557,82823542,333127,8820354,9326230,85566044,8008962,512722
1635341569.318056,11981980,84914992,918626031,12063299,82063660,322035,8657637,9163707,84455290,7885039,541553
1635341569.4181764,12073288,83665958,917533363,12011411,81987716,331230,8624238,8635873,84546585,9686212,542034
1635341569.518296,12095599,83611037,917818884,12104753,82699219,330224,8422580,9612942,87994355,8774040,545462
1635341569.6184149,12090945,81020628,918423359,12113948,82913514,319520,8327554,9077248,86530205,9413488,525915
1635341569.7185347,12241672,83533067,918916503,12033431,82094751,329593,8786313,9503434,87164695,8768768,522768
1635341569.8186543,11877763,84563437,917315633,12099840,82957583,334715,8760870,9263266,86271400,8803781,541189
1635341569.9187734,11881159,82432280,918015991,12002706,83632407,335247,8834486,9287200,86379178,7998801,540182
1635341570.0188928,11904696,81937690,917889833,12137111,84768442,333154,8568891,8992859,84583034,8736425,542248
1635341570.1190124,12327848,81634338,917975859,11977587,83797407,326820,8438744,9272437,86430319,9450791,528378
1635341570.219132,12143185,84615235,918387623,12103472,83412381,335507,8688512,10074426,85445115,7593320,522164
1635341570.319251,12043001,84116728,917508816,12076102,83608397,337224,8737777,9113904,85613599,8166288,517449
1635341570.4193702,11989821,84611893,917946739,12080909,83454249,339216,8803845,9120903,84701983,7185149,553435
1635341570.5194898,11935769,83570352,918096986,12041252,83254032,335309,8464234,8755937,82397283,9324286,550044
1635341570.6196096,12092780,83464067,918016321,12043474,83447329,337088,8481858,9108826,85715701,9019929,552301
1635341570.7197292,12174598,82119591,918500756,12083879,83144394,335772,8532805,9431049,87237047,9255687,540217
1635341570.8198488,12105805,83587351,917730569,12011022,83231051,330385,8950495,9309417,87339751,8658904,540485
1635341570.919968,11914779,84794548,917636127,12009250,82663045,341260,8885784,9330022,86008455,8637173,551982
1635341571.0200725,11945010,83642026,918477265,12129301,83240190,341415,8857555,9370331,86087085,7788556,551835
1635341571.1201918,11989420,83054804,918376603,11997361,82407389,331359,8471422,9056498,84530770,8639041,545805
1635341571.2203116,12174112,79748176,918640100,12058792,84611357,336770,8672392,9981682,84546789,8157092,530443
1635341571.3204317,12213968,83493381,917964535,12089590,83459543,334649,8788610,9593965,86840538,8629233,543342
1635341571.420555,11688897,84497587,918512906,12079400,83617236,330903,8620952,9862046,84650697,8522982,555435
1635341571.520674,11336494,75497347,917177550,11388842,77141447,305367,7771629,9875184,81961654,6568894,547430
1635341571.6208365,11963465,83120043,916591983,12024557,83496869,337208,8655472,10053522,79051733,8655804,554518
1635341571.7209668,11931035,82189978,914782471,12108247,83722707,337202,8599196,8832977,85317273,9616306,545334
1635341571.8210883,11952778,81183567,914478397,12019478,83408664,336625,8780861,9352258,88036948,9259592,527378
1635341571.9212084,12170948,82445768,915008434,12053500,83460543,335289,8787291,9287766,86868481,8936405,516719
1635341572.0213277,11895896,83547545,915324853,12018609,82302315,337241,8897281,9394335,86392234,8738534,537030
1635341572.1214492,11785085,82649134,914673715,12029236,82757330,338840,8800270,9315574,85688088,7995830,546347
1635341572.2215698,11965577,81898708,913941579,11965502,83328478,342861,8719578,9344057,83925942,8796027,550322
1635341572.3216898,12082679,79289209,914044806,11959044,83879560,336657,8489143,9190658,85978648,9411024,520575
1635341572.42181,12151203,80352235,914205338,11982975,83763488,334982,8852995,9491560,86884057,8778313,519705
1635341572.52193,11811753,81706425,914581759,11809713,83368813,336483,8845777,9270991,86217077,8762072,533717
1635341572.6220496,11935385,82915872,914722334,11799733,82245722,335433,8869110,9401880,83886067,5691184,538869
1635341572.7221694,11902652,82349266,915749034,11951069,82563382,328938,8502337,9102622,83237641,7917786,542228
1635341572.8222895,11792336,82332244,915072744,11959299,83354978,338176,8653063,9302003,84037871,9678192,537190
1635341572.922409,12079205,80943487,913930970,11841999,83123203,329242,8497798,9431317,88022704,8845790,533615
1635341573.0225284,12131850,82387639,915530497,11975637,83593863,340429,8814534,10035548,84263892,8287019,521778
1635341573.1226487,11762679,82671330,914812534,11895184,83153714,313805,8787616,9364336,87271269,8740294,515282
1635341573.2227688,11957302,82741922,915481005,11982707,82157919,331550,8869554,9228759,86229850,7952724,545682
1635341573.3228877,12103232,82524966,914704166,11970315,83246635,341961,8702388,9063539,84695642,8819436,546260
1635341573.423007,11965541,79082861,913648115,11933303,83669778,334926,8743627,9202379,86449864,9427085,527428
1635341573.5231264,12130229,80859889,913472192,12038787,84458329,337136,8780146,9416899,87321199,8738116,526650
1635341573.6232457,12042723,83697606,914214882,11953516,83960041,336824,8857515,9273894,86206510,8695132,532440
1635341573.7233655,11996962,83212939,915206907,12013384,83259795,338238,8841547,9309740,85766078,7843607,534400
1635341573.823485,11998551,83745204,914775737,12034573,82632533,336608,8644632,9002161,83983930,8244077,548171
1635341573.9236045,11961737,82933909,915182238,11964272,82798051,338412,8669206,9206244,85061721,9292055,527436
1635341574.0237236,12120401,81849437,915251223,11896562,82585313,337897,8806773,9341248,87152317,8823503,524787
1635341574.1238427,12148278,83569833,915118480,12005033,82775415,341966,8934523,9359058,86349330,9112619,532924
1635341574.2239625,11996373,84554552,918156056,11742254,81341926,339389,8805615,9328269,86366134,9226900,534632
1635341574.3240824,11985638,83320036,917870170,11941129,82083354,331617,8841096,9510580,87078788,8053169,540881
1635341574.4242022,12015863,83155306,917433237,11854507,81149220,337062,8755574,9008586,84369997,8847580,540662
1635341574.5243216,12192949,82118411,918327038,12079553,82580020,339895,8787668,9390171,86146436,9462394,530495
1635341574.6244404,12079398,83035721,918599401,11990611,82723417,328725,8738528,9471232,85248588,7764389,522686
1635341574.7245593,11901543,83761500,917532205,11942916,83078890,332135,8838049,9348445,86488082,8787400,519720
1635341574.8246794,12070521,83329931,917212465,12031608,83342677,339545,8822496,9351170,86885735,8177161,539111
1635341574.924799,12213766,85197622,917449760,12214169,84230773,337338,8612018,9364911,85741416,9034898,512353
1635341575.024918,12177828,86380700,918167290,12254812,84914132,340443,8576943,9531723,88324581,9207703,521515
1635341575.1250377,11177002,75056045,839571124,11340189,76594407,306908,8231317,8367634,78090762,7647127,454307
1635341575.225157,11249324,72501557,831078095,11072504,71095521,291143,7820550,8539614,80434083,8642648,456772
1635341575.3252764,10988141,76461445,826023964,11120026,76152992,308183,8115419,7907517,72587669,6665041,449781
1635341575.4253957,9836828,63813852,743067405,9929724,63306541,285917,7188497,7384700,67458969,4778301,420384
1635341575.5255148,9189286,59777362,688819943,9182566,58028947,229269,6226650,6506027,60099623,4242967,400226
1635341575.625634,9148166,58283185,689260527,9366809,58000259,234405,6213592,6457203,59935532,5222764,394687
1635341575.7257533,9112464,57207128,689716969,9070103,57316711,226210,6050826,6697425,60219851,4661240,370174
1635341575.8258722,8874654,58240883,690585837,8966453,56488782,230253,6177769,6635604,59085112,5075570,374394
1635341575.925991,8595791,56778154,691192054,8786855,56975028,227952,6222534,7252618,54510608,1490696,382690
1635341576.026111,9106149,58229195,693527459,8919158,57315951,233908,6243021,6502133,58442228,4236827,385891
1635341576.126231,8853193,58248169,691756240,8796849,57667555,231648,6039231,6479887,58670287,5433007,394843
1635341576.2263522,8866735,57681321,690251018,8955149,57800914,228703,5977842,6745257,60304571,4207312,390035
1635341576.326472,9085891,57108638,690449849,8837003,56881885,228964,6192755,6750277,58093818,4569685,355069
1635341576.4265912,8945763,58558507,690230945,8940471,57817542,230880,6242497,6613012,58847756,4618424,381152
1635341576.5267105,8793773,57602943,690226203,8938442,57936434,236326,6155273,6348675,58509025,4648337,385137
1635341576.6268303,8870228,58542374,689469138,8932507,58464612,237142,6049534,6366140,58673183,4111905,394522
1635341576.7269497,8853291,56719667,689653506,8844619,57238043,231299,5683829,6259771,57731039,5032583,383224
1635341576.827069,8907025,56383586,690534558,8867419,57791116,238112,5965557,6482880,59477438,4671333,382326
1635341576.9271884,8917498,58772707,689321831,8850254,56877218,237456,6217173,6453787,58781728,5024159,371642
1635341577.027308,8795398,57176691,690188605,8917007,58100607,241034,6357625,6605216,59035329,4112515,386076
1635341577.1274276,8920038,58022728,690176223,8980328,58184218,236574,6207957,6261002,57159486,4032421,390995
1635341577.2275457,8908320,57014089,689671721,8898947,57709596,237324,6091179,6087373,57845367,5243855,377955
1635341577.3276653,8986535,58113378,689852665,8860232,57799963,239073,6346376,6465846,59716350,4458295,375177
1635341577.4277847,9112343,56921673,689729770,8768562,56739878,237849,6290088,6466012,57808480,4547037,349816
1635341577.5279038,8811088,58445194,689670241,8810275,57645200,238226,6324344,6399916,58378566,3899155,383769
1635341577.6280234,8871157,57663081,689865422,8923849,57714617,238447,6283547,6059608,56312133,4790179,384999
1635341577.7281432,8825422,58523723,690375658,8853306,58083891,242510,6381322,6289212,58335841,4030052,393534
1635341577.8282626,8824048,56485660,690636449,8802680,58247066,233209,6189397,5991268,57035585,4940509,382421
1635341577.9283812,9099482,56872061,689682886,8941614,57380745,236020,6260807,6449100,59035249,4566293,370078
1635341578.0285,9038342,59148650,689928351,9109200,58074192,237132,6239776,6343026,58452117,4992281,381352
1635341578.1286194,8811216,58043952,689623801,8933597,57640060,240543,6319030,7143199,57578282,4054553,383974
1635341578.2287393,8792889,57728422,689901799,8939249,58670059,241068,6293690,6413157,57115705,4057772,402791
1635341578.3789184,8963237,55610995,690573317,8897036,57809488,238364,6218576,6092241,57094450,4990736,384684
1635341578.479042,8894565,58917987,690435628,8962236,58031947,236541,6136192,6523128,59000961,4925929,390283
1635341578.5791614,8935537,56971710,690111234,8918976,57914981,239708,6204115,6456048,58488020,4529617,354509
1635341578.6792808,8951930,58648373,689910761,8930545,58034210,236914,6364291,6560032,57921392,3223003,377906
1635341578.7793999,8820682,57940562,689727474,8889260,57905057,236312,6276040,6099391,54863985,4997061,386175
1635341578.8795466,8578887,54869693,691386022,8234877,54714220,243491,6216473,6799368,58494126,4025332,402407
1635341578.9796748,8732643,56717466,689167499,8815937,58183396,233742,6005020,6500380,58481469,4931617,388430
1635341579.0797968,8889281,56005145,687755279,8897801,57439957,230590,6276447,6703597,59739895,4595519,377981
1635341579.1799169,8830109,57804373,687560424,8948523,57198329,235967,6265384,6638005,59046654,5009320,388494
1635341579.2800105,8894853,57536390,687841465,8937733,57600590,237912,6368504,6611050,59932853,4108947,393376
1635341579.3801303,8880338,58044083,687834850,9193655,58246410,238165,6402467,6432458,58674040,4103690,400659
1635341579.48025,8679390,54533225,687411792,9001455,58051439,236930,6229143,6329290,58156338,5001524,384064
1635341579.5803697,8875031,56391047,687395945,8866369,57804553,237263,6219569,6730932,60316767,4797005,412129
1635341579.6804883,8798590,56427161,687970223,8931901,57801405,233221,6326490,6479183,59375773,5142143,379826
1635341579.7806077,8905815,57859251,688064610,8886303,57532692,235336,6444601,6774975,60287295,3322840,395719
1635341579.8807273,8847158,57063036,688828607,8897022,57719195,235200,6256031,6271125,57205738,4354896,390122
1635341579.980847,8790710,57602767,687677076,8887555,57440996,238177,6151510,6201301,58567833,4392577,400336
1635341580.0809662,8738588,55831637,686684340,8878438,57775949,240021,5827607,6593205,58679693,5032032,386695
1635341580.1810863,8734860,55502752,687299378,8854100,58072958,235161,6365614,6891832,59879467,4618771,381726
1635341580.2812057,8717389,57344140,687310336,8769652,57079832,230395,6223456,6528542,59350099,5029867,375227
1635341580.3813264,8573292,56757645,687144310,8900234,57728744,241228,6423955,6874297,59936292,4144719,385333
1635341580.4814458,8690550,57995732,686924268,8800277,57099279,239290,6293582,6489651,58228174,4130237,395494
1635341580.5815651,8702360,53755813,684482438,8775402,58507292,237343,6121813,6648093,57569205,5011431,388767
1635341580.681685,9205574,54018428,684597431,8682054,57800103,237346,6172758,6557202,59950061,4545460,388220
1635341580.7818043,8946627,56963347,686563320,8800339,57166449,235749,6309748,6538639,59724687,5481979,373340
1635341580.881926,9003145,58106406,687975175,8768464,56624520,237918,6358575,6751472,60621242,3519911,380819
1635341580.9820511,8956981,57584632,687399050,8727472,56481279,235381,6258995,6651900,56896906,3642554,386424
1635341581.0821784,8840568,58455354,686741584,8799014,56791792,235095,6130283,6331654,57011109,4826425,391517
1635341581.1823015,8850455,56952418,686332991,8895379,56709678,235634,5994979,6553074,59347730,4759114,378577
1635341581.282423,9143244,56666511,686160873,8727375,56035879,224221,6258543,6586376,59295344,4788865,377820
1635341581.3825433,8976123,58134144,686416195,8710794,56140086,228776,6404066,6600505,59480256,5026791,368201
1635341581.4826627,8757032,57246514,686940272,8644537,55671341,232971,6291012,6604868,60073268,4102278,379856
1635341581.5827942,8650632,58585618,689687443,8594418,55789730,238744,6324896,6609964,56645715,2292586,378903
1635341581.6829278,8750222,55782181,689295441,8560033,55939623,235220,6179988,6327548,57712529,4956874,380539
1635341581.7830715,8806994,54966904,689718318,8661752,56353446,232863,6229007,6675671,58705506,4560998,382406
1635341581.883195,8816892,56997328,690030092,8570692,56145179,230045,6073079,6639823,57945049,5145630,367857
1635341581.983316,8646569,56455384,689031959,8770089,56830783,227135,6197524,6673760,58804836,4189689,377264
1635341582.083438,8718702,57314348,688770637,8458025,55630269,227687,6106457,6342676,56592774,3415346,385415
1635341582.1835594,8558169,57153074,688555971,8658198,56646705,231053,6016037,6148955,54750908,5122638,386196
1635341582.2836802,8652791,56113494,689784610,8716663,56799061,232200,6116056,6341080,57746868,4247645,392678
1635341582.3838007,8913497,55854435,688742416,8706350,56809951,239377,6225989,6179229,56491756,4883193,380033
1635341582.483922,8678371,57340311,689046870,8546049,57046903,226985,6287551,6628181,57797795,4818823,379321
1635341582.5840435,8882715,57961636,688010843,8810543,56903420,227327,6201256,6744542,58383697,4069286,381899
1635341582.6841705,8820292,58642117,688102331,9039057,57872612,239291,6227166,6769338,56403140,4009184,390354
1635341582.7843025,8971707,59096839,687479520,8994466,58181481,274035,6210980,7031737,57279923,4940537,357413
1635341582.8844235,9092512,57016767,685959131,8849988,59179373,278240,6246058,7164663,59232355,4571349,350737
1635341582.9845433,8588118,58295765,668649604,8778178,58072833,269182,6241857,7196338,57851394,5341754,365703
1635341583.0846627,6297982,43496161,504545908,5941643,47916283,244890,5086494,5481494,51607288,8253916,331750
1635341583.1847832,5530942,45675523,459052181,5510509,45907963,210337,4598992,4991129,45549628,7477975,306789
1635341583.2849023,5494277,45649461,459708308,5502758,45883088,212080,4580876,5010012,46177787,7461034,316073
1635341583.3850226,5520258,45885278,459535672,5507050,45842906,185722,4689069,5084032,44979497,6630048,305818
1635341583.4851427,5550488,46639138,459492759,5532583,46505642,185258,4655423,5063606,47343442,7599621,319874
1635341583.585262,5561461,46506483,459767959,5558462,46696712,182610,4650942,5093455,47392470,7544156,312748
1635341583.6853814,5421034,46517809,458916487,5507948,46403476,176731,4521898,5127028,47468884,6138043,299915
1635341583.785501,5511859,46451308,459322949,5530863,46328318,180149,4614438,5043010,47102922,7644865,311374
1635341583.8856194,5456337,45934391,459911506,5528344,46806060,183857,4647798,5135050,47933726,7624365,318078
1635341583.9857383,5413790,46404275,458863718,5508039,46639847,182822,4620757,5069460,48174488,7586768,314810
1635341584.0858579,5470318,46000161,458567987,5535475,46410133,181285,4656221,5105749,48490006,7762741,306670
1635341584.1859775,5496040,45946050,458308471,5414566,45625632,184515,4629862,5042459,48027037,7823032,310822
1635341584.2860968,5402171,45530086,457947473,5550872,46596108,179958,4610747,5092965,48663175,7872373,301614
1635341584.386216,5403467,45314601,457828001,5521514,46622300,185295,4724287,5111595,48479177,7778777,303022
1635341584.486335,5361259,45050459,458268482,5536490,46666951,183765,4693739,5082691,48502776,7866175,305401
1635341584.5864546,5353299,45249585,459126524,5556377,46732943,183155,4673650,5100059,48666497,7907497,310295
1635341584.6865735,5424593,45133265,459090990,5524711,46464958,183254,4660674,5120722,48270324,7742693,307204
1635341584.7866926,5497210,45371520,458940416,5479786,46480789,182005,4658233,5078566,48163590,7812424,302657
1635341584.8868117,5542415,44333016,459536725,5358772,47104979,183609,4758826,5112942,48513504,7918906,305076
1635341584.9869306,5455654,44415824,456950474,5336338,46378469,181188,4716890,5108941,48391265,7769304,313792
1635341585.0870502,5580655,45592909,456570175,5408641,46664185,190860,4695992,5114867,48747615,7839662,309705
1635341585.187171,5674125,46720461,456573434,5509607,47175015,191153,4707071,5172406,49506634,8059204,295079
1635341585.2872906,5762636,47204700,456976911,5631058,48384212,194328,4859941,5334071,50650351,8121371,282161
1635341585.3874102,5815614,47565763,457539479,5691627,49076590,195082,4924977,5346627,51528808,8240322,278579
1635341585.48753,5847239,48772372,456219926,5761673,48731415,189278,4967709,5272398,51095837,8223063,265082
1635341585.58765,4708838,37523888,351157881,4449885,36720246,148710,3627695,3931601,37936689,6237311,213550
1635341585.6877692,2806663,23037635,228986600,2755938,23424573,93342,2342339,2560575,24504899,3973387,151246
1635341585.787888,2787565,22950385,229015596,2739426,23287271,91521,2344087,2534689,24400099,3954943,153432
1635341585.8880074,2811886,21886551,232227654,2559070,22670167,96852,2422700,2635725,25101597,4023766,153653
1635341585.9881263,2743744,23325055,229929978,2551882,20871962,95156,2407406,2517576,24389623,3902866,155108
1635341586.0882454,2758843,23316926,229586326,2542230,20959833,94789,2350231,2535044,24227111,3923826,157229
1635341586.1883645,2773019,23273638,234246364,2525372,21279309,96517,2366667,2552882,24327540,3975048,156368
1635341586.2884834,2767887,23327512,234463846,2567132,21565239,92431,2393361,2564322,24501950,3964109,157236
1635341586.3886027,2804100,23441864,234322491,2610508,21570875,93840,2360220,2581666,24413089,3961663,157008
1635341586.4887214,2777577,23284839,232887385,2595580,21590359,91470,2297132,2547203,24117242,3918984,155048
1635341586.5888412,2822812,23384106,234900078,2566166,21554658,97301,2404992,2556676,24421902,3950242,156208
1635341586.6889608,2783121,23463374,234493781,2692775,21381454,87042,2331468,2527916,24343612,3898142,160564
1635341586.7890804,2781586,23316863,233722319,2771578,21658895,85361,2271211,2564546,24310850,3976060,156565
1635341586.8891988,2904409,21681505,239117691,2583580,24218049,85587,2327086,2655152,25486799,4134637,167737
1635341586.989318,2775741,23549684,234375497,2809416,23422084,77793,2096555,2514886,24336226,3942690,158478
1635341587.0894368,2794936,23231965,233319552,2777467,23341169,83100,1460247,2561352,24275239,3953025,156651
1635341587.1895561,2770093,23458714,234505661,2795235,23409106,90362,2126355,2441338,23834081,3928947,154622
1635341587.2896755,2772366,23229962,233934555,2764628,23347677,95234,2246894,2400240,23458215,3963118,154966
1635341587.3897958,2777813,23425581,235031185,2811517,23516617,96818,2323599,2261032,22719652,3775037,157968
1635341587.4899144,2760590,23101964,233385544,2734398,22875035,94008,2358020,2069142,21936393,3641540,156240
1635341587.5900097,2826552,23573657,235626775,2797154,23491732,94491,2374424,2314270,21748177,3627533,155058
1635341587.6901288,2470356,23402144,234878724,2779401,23514640,96209,2423431,2542451,24466441,3410374,160204
1635341587.7902482,2402381,23294457,234242810,2801377,23281988,92401,2339850,2543486,24272473,3415171,142763
1635341587.8903677,2638312,22064296,234061846,2630489,23914103,95140,2412207,2561436,24795476,3572306,151599
1635341587.9904873,2661963,23198574,233134870,2775830,23260178,95909,2351814,2550120,24430387,3492174,148693
1635341588.090607,2649241,23123445,233821678,2779619,23431901,91992,2375307,2562798,24442162,3474801,156570
1635341588.290846,2592329,24435308,2950535,148981,2756003,20847158,230418549,2555148,23346330,95658,2085531
1635341588.3909652,3114180,22763807,3913337,156762,2783502,21519536,230539751,2510348,23168388,92083,2328034
1635341588.4910843,2546324,24331591,3965138,158121,2768427,21049743,230236533,2516958,23449619,96962,2344583
1635341588.5912032,2535595,24316727,3911591,158507,2763883,21189255,229667363,2578651,23256065,92356,2331075
1635341588.6913226,2490230,24365753,3939222,156671,2791065,19812217,229955050,2578820,23357673,95567,2341419
1635341588.791442,2566814,24265145,3942479,161144,2786727,20549570,230913425,2569211,23361506,95541,2393028
1635341588.8915617,2535148,24475186,3971627,157605,2839908,20501731,230206561,2416335,22224525,95373,2426861
1635341588.991681,2788377,23286382,230849698,2577469,21553281,90919,2372573,2533560,24309077,4002366,159139
1635341589.0918002,2771332,23389098,230747629,2621394,21537318,95498,2337773,2525346,24350692,3957435,158273
1635341589.1919198,2772919,23069132,230704370,2584281,21656726,93502,2401918,2558638,24146181,3936761,156087
1635341589.392158,2573632,24255025,3968209,157330,2747682,23401865,231078513,2526134,20250043,95478,2355045
1635341589.4922776,2545656,24395786,3958011,153429,2795012,23294369,230908852,2530764,20914208,97327,2368239
1635341589.5923967,2538420,24261724,3966645,158961,2779991,23391122,230183912,2504042,21011551,93172,2379700
1635341589.692516,2543827,24310861,3948118,158237,2807817,23433545,233265256,2478933,21153335,96686,2355287
1635341589.7926354,2559615,24243025,3963526,157570,2782837,23313929,234430102,2601208,21606023,97086,2381927
1635341589.892755,2526830,24250682,3944122,157206,2852405,24017478,234484362,2460753,20388607,98592,2493843
1635341589.992874,2647109,25212944,4066640,160350,2777546,23563644,234384669,2601335,21386258,91393,2372037
1635341590.092993,2785929,23341871,234024448,2489883,20725306,91453,2357156,2554516,24192895,2420088,159446
1635341590.1931124,2797005,23306897,233765499,2583861,21535244,95550,2369095,2623002,24468411,3999557,157166
1635341590.2932317,2797461,22539919,233683790,2508988,21646599,92945,2358317,2549582,24240791,3943299,156914
1635341590.4934697,2568150,24237839,3953212,158641,2822286,23515905,235077917,2599119,19693275,78616,2240776
1635341590.5935888,2556071,24303825,3984246,159274,2784328,23333968,233882500,2784535,22077385,84866,2230237
1635341590.6937077,2534613,24211672,3948210,154125,2789865,23361659,234265069,2783231,23251526,84811,2259278
1635341590.7938275,2539141,24329495,3951279,160460,2788822,23383315,236315046,2798809,23617899,83208,2195119
1635341590.893947,2547316,24504524,3958255,157905,2847284,24116840,231024789,2589027,21706734,87158,2157246
1635341590.9940655,2658697,24967041,4065044,162258,2845227,23486663,234725699,2777158,23356496,91039,2220716
1635341591.0941844,2496632,24028524,3963598,153195,2755679,23354241,233967740,2787332,23254751,96543,2234513
1635341591.1943045,2796926,23513713,235020207,2804059,23357540,95486,2263312,2349177,22980447,3862820,154547
1635341591.294424,2784216,23186226,233938971,2757720,23260161,95185,2310802,1787990,19939910,3682055,159310
1635341591.3945441,2795395,23431512,234642884,2794628,23527374,94092,2382672,2468630,20563961,3450140,154909
1635341591.5947874,2573755,21850809,3661647,149161,2783235,23216633,234034511,2778206,23338447,93969,2337624
1635341591.6949089,2531742,22451483,3591228,152608,2757201,23154725,233411577,2773959,23184935,96052,2355510
1635341591.7950287,2532431,22547695,3603124,145644,2789068,23329576,234743241,2785693,23335357,96029,2355133
1635341591.8951492,2545285,22250713,3369596,151486,2691746,21794627,233808307,2607992,22413466,94758,2411847
1635341591.9952683,2581254,22902173,3446842,156872,2549123,20391748,231988459,2688330,22840146,94972,2327711
1635341592.0953884,2538847,24443412,3894269,156142,1183031,18827221,229321643,2805378,23296205,96819,2306513
1635341592.1955087,2543148,24277039,3973935,153935,2673971,20474924,230471635,2602975,23290719,94845,2348918
1635341592.2956283,2782177,21611875,231326056,2619785,23288109,98130,2267688,2907047,23172170,3907857,152248
1635341592.3957474,2813404,22908077,231700574,2537125,21651071,95556,2388970,2532577,24273459,4017275,156887
1635341592.4958658,2820870,23657589,233811727,2516223,20773171,93675,2347207,2394248,23982961,3862954,159108
1635341592.5959847,2816889,23656172,237148674,2539737,21136435,100687,2306324,3398315,18281338,1883736,148869
1635341592.696113,2799458,23523138,235722838,2550727,21117033,93533,2378442,2545403,24527207,3959147,154411
1635341592.7962337,2843731,23862404,238517304,2584900,19860458,87193,2378707,2604171,23201469,3024943,159766
1635341592.896354,2805947,23620658,238560802,2776337,20345994,80907,2269223,2590992,24769813,3988343,159738
1635341592.9964736,2893075,23291471,242573181,2473284,21951948,85090,2319940,2663126,25307721,4105428,163712
1635341593.0965931,2801670,23497204,235585077,2775764,23503398,84494,2130805,2530510,24479979,3971629,156396
1635341593.1967132,2732762,23559766,236631065,2820222,23516399,83151,2039330,2501664,23753936,4011994,161375
1635341593.2968323,2830741,23635210,237398494,2811976,23672629,97560,2224601,2295448,22914714,3992578,159916
1635341593.3969512,2791507,23524328,235991447,2797297,23413293,95553,2292468,2372311,23248862,3935658,157167
1635341593.4970703,2807187,23481055,236177832,2798902,23547999,96210,2225910,2118551,21635948,4009435,156612
1635341593.5971894,2789101,23407072,235891567,2788730,23435142,94529,2025560,1720157,19590337,3967629,159340
1635341593.6973076,2785561,23634484,237053956,2833256,23590078,95747,2169103,2101952,21712762,3683317,154816
1635341593.7974267,2816988,23514852,236475804,2811922,23591909,93915,2362328,2590459,21431161,3530089,150876
1635341593.897545,2825021,23661476,237800994,2828898,23617570,96429,2394212,2593331,21933491,3499487,140514
1635341593.9976637,2759395,24165208,242480391,2674007,21886089,99771,2411224,2633555,23625892,3331970,152484
1635341594.0977845,2669103,23487634,235931917,2800340,23566865,96167,2382705,2585010,24469900,3394079,152022
1635341594.1979039,2488596,20985640,233143273,2820902,23673643,93609,2401508,2519438,24485451,3910022,152422
1635341594.3480828,2485058,17073661,229141481,2512450,23562239,92849,2421590,2587119,24681000,4046206,160064
1635341594.448207,2846416,21431976,232056516,2522268,22430302,95352,2385358,2566808,24596599,3986942,159112
1635341594.5483265,2815621,23592261,231742957,2533409,20923424,92368,2379940,2570463,24500098,3985803,155503
1635341594.6484473,2791527,23443862,232132692,2533450,21017102,95267,2382540,2611114,24667630,4013541,161165
1635341594.7485666,2840917,23565557,232509082,2519594,21127007,94606,2381223,2541438,24108649,3952197,156398
1635341594.8486855,2770923,23500610,232693715,2548211,21105965,97060,2345108,2522853,24348988,3979785,157824
1635341594.9488046,2832762,23730455,237651515,2523751,20886951,95769,2397598,2637845,24761633,4046396,162149
1635341595.048924,2843969,23836559,239864405,2541046,20656885,87921,2388434,2598182,24844952,4025749,158207
1635341595.1490428,2818862,23750164,237107242,2817171,21916020,71717,2272752,2577974,24621521,4005529,159607
1635341595.249163,2816817,23494544,236519401,2779764,23534113,90766,2234669,2273054,22879187,3972418,159957
1635341595.349283,2806699,23636043,236879365,2812422,23552164,93323,2113354,2981672,20156923,2967119,159629
1635341595.4494028,2847799,23446961,236670916,2812794,23582346,96037,2164766,2331193,22891378,4009324,159209
1635341595.5495222,2851428,23858955,235726515,2796680,23413627,96659,2202491,2307307,22901306,3973290,149339
1635341595.649641,2918723,23886445,230738811,2859666,24437323,99357,2400574,2566307,24988944,4196158,131435
1635341595.7497609,3004389,25337661,229753806,2990343,25305512,102875,2466370,2592125,25536653,4233758,127457
1635341595.8498802,2877344,24412125,218498290,2923223,24714165,105725,2380198,2347272,21802596,3930873,121606
1635341596.350521,147245,868478,2020,1279557,68544,515881,11319,4411,613057,4640661,838120357
1635341596.4506543,885296,5353963,22307,11065961,1258957,5788200,72244,26176,158014,1100515,321960046
