1635289630.13611,3789990,34831513,228234104,3844135,34794570,66786,2512280,3566232,35570595,5367346,33517
1635289632.6392996,3649342,35276530,228102163,3655950,35121090,67278,2630898,3575721,35645260,5485603,56527
1635289632.7394218,3595768,35141766,228095746,3668085,35136903,64745,2508397,3562224,35668777,5350879,49157
1635289632.8395445,3665509,35073331,228153998,3630240,35279110,65121,2464264,3460296,35489224,5409783,46430
1635289633.0397885,3649679,35522780,5401150,48697,3727565,35111386,228016638,3639173,35133704,64760,2638336
1635289633.1399112,3600109,35111736,5297198,128773,3695077,35017592,228012290,3594041,35156251,67119,2589929
1635289633.2400131,3557945,35402731,5354778,40203,3634895,35286766,227966799,3644384,35085183,66513,2526309
1635289633.3401368,3574821,35594348,5379499,51238,3650883,34753242,228042515,3559665,34118791,66261,2506528
1635289633.4402606,3467433,35287185,5428684,52829,3802936,35005223,228035023,3668653,34767608,65962,2515647
1635289633.5403838,3468615,35102607,5338493,53363,3598577,34850074,228147335,3644925,34832295,65846,2663708
1635289633.640506,3624854,35148969,5358085,46092,3605267,34904066,228060428,3643695,34769865,65155,2504150
1635289633.7406294,3659141,34702128,228012004,3639416,34637034,65268,2548989,3549192,34993195,5242647,60710
1635289633.8407528,3653322,34711800,227997698,3650602,34699175,67222,2522393,3331212,35088140,5365033,57373
1635289633.9408755,3623051,34718273,228060100,3681319,34811237,67374,2627277,3868118,35273548,5259828,59146
1635289634.141122,3669017,35286411,5368910,63800,3523610,34765799,227989770,3648408,34601104,67021,2656717
1635289634.2412446,3578965,35206192,5360449,47976,3718097,34727804,228026698,3657236,34907412,65628,2539739
1635289634.341368,3597206,35420558,5389685,48122,3676813,34670240,227965188,3569532,34738201,65729,2566966
1635289634.4414911,3660027,35237127,5252936,57685,3691204,34512327,228011354,3668178,34467750,67261,2476110
1635289634.541614,3602387,35142010,5327433,61227,3614055,33934928,227938930,3726420,34478954,67630,2351409
1635289634.6417367,3483159,34889245,5345364,59503,3435584,34447817,228093929,3676121,34408053,66811,2635835
1635289634.7418587,3537983,35062099,5354506,50918,3648522,34621587,228003666,3652188,34466935,67223,2521043
1635289634.8419814,3579383,34407944,228069401,3644151,34535177,65948,2561239,3578855,35123096,5537444,72423
1635289634.9421048,3632456,34546564,228022656,3636976,34524858,66720,2701033,3743762,35227537,5232570,64285
1635289635.0422277,3638390,34534068,228005166,3638958,34467716,66951,2659699,3495995,35582264,5278170,64751
1635289635.2424726,3700047,35183571,5395031,70090,3809498,34646377,228093110,3653006,34629635,65729,2362256
1635289635.3425958,3553412,35047645,5392922,66790,3583841,34457469,228055306,3669045,34296897,64408,2551118
1635289635.4427195,3547238,35064272,5393849,74164,3632053,34497066,228088631,3790140,34581037,67578,2635548
1635289635.5428421,3525045,35037462,5488092,69981,3667663,34507837,227940988,3626759,34338774,67398,2597832
1635289635.6429641,3473956,34898609,5464530,63622,3689991,34333327,228112339,3821889,34456753,67308,2365897
1635289635.7430859,3559939,34918834,5375999,63146,3337166,34356824,228101366,3666569,34436681,66749,2655421
1635289635.8432076,3667994,35430737,5349986,73267,3884628,34455520,228047768,3654475,34513283,66365,2487544
1635289635.9433289,3667275,35413645,5307613,51453,3691552,34503046,228098091,3659141,34524216,65751,2555088
1635289636.0434532,3610196,35193115,5349576,55602,3673180,34451853,228121018,3641825,34556931,67073,2665994
1635289636.1435757,3609210,34993818,5298799,76664,3650787,34429401,227971578,3731391,34421823,68422,2447855
1635289636.2436981,3515792,35277335,5450453,66192,3661433,34386941,228021802,3737805,34662067,68810,3008841
1635289636.3438203,3534417,35316568,5376144,62352,3784343,34504727,228078768,3666582,34582424,66446,2485755
1635289636.4439433,3656954,35276441,5351685,71250,3638938,34570335,228022910,3632920,34541815,66076,2654748
1635289636.544065,3618446,35289292,5431185,70810,3659171,34494223,228066147,3730326,34487119,68167,2578385
1635289636.6441872,3498115,35131993,5510106,70655,3791774,34428088,227913474,3792776,34503143,68508,2477291
1635289636.744309,3610669,35104073,5340754,65840,3663542,34400950,228101097,3602098,34542827,67811,2701841
1635289636.844431,3661594,35395490,5371044,72944,3375829,34686398,227986116,3695766,34474360,71314,2641524
1635289636.9445522,3549483,35083115,5389691,54144,3853808,34565838,227940093,3765146,34427024,71897,2623566
1635289637.0446746,3642951,35301517,5354558,69201,3633740,34563280,228107510,3667677,34450115,68950,2620449
1635289637.1447961,3575003,35203792,5340209,74565,3686595,34495678,228027492,3797075,34407180,67269,2464154
1635289637.244918,3637070,35083400,5494590,63776,3719780,34688035,228019661,3656870,34577552,68063,2686828
1635289637.3450398,3563345,35576096,5374073,66623,3682973,34446931,228077772,3724486,34613482,68023,2781448
1635289637.4451625,3631589,35239328,5437837,61182,3826432,34631998,228103262,3706923,34473777,68409,2651604
1635289637.5452845,3624335,35241271,5439896,71454,3785806,34420894,228011088,3664766,34556960,67567,2675786
1635289637.645407,3654354,35250529,5396856,69699,3713733,34418539,228001476,3782044,34576589,67656,2559506
1635289637.7455292,3599068,35385763,5458914,72689,3645529,34497839,227993530,3790823,34464794,68052,2563588
1635289637.8456511,3671552,35454911,5419268,73915,3612024,34580441,228037103,3776932,34420084,69660,2352026
1635289637.9457731,3652543,35431455,5327061,76226,3889981,34513202,228090065,3575526,34491987,68444,2701504
1635289638.045895,3646742,35147973,5366702,78053,3789856,34473734,228050112,3675824,34575597,67053,2672343
1635289638.1460185,3556550,35042758,5382726,72766,3793943,34420374,228116053,3666292,34571573,67302,2597055
1635289638.2461405,3604572,35328588,5451796,72369,3673916,34413957,227970862,3740331,34419593,68761,2622178
1635289638.346269,3745125,35361633,5421023,72075,3666740,34467655,228010786,3780746,34442371,66625,2650981
1635289638.4464068,3668426,35571561,5478495,73365,3697437,34627330,228118168,3798360,34481269,68159,2671116
1635289638.5465329,3743264,35288328,5428297,72221,3740113,34605140,228137002,3797763,34453610,69135,2498762
1635289638.6466544,3657195,35587783,5474390,72671,3677570,34487247,228061340,3812750,34437852,69678,2534349
1635289638.7467763,3687857,35528706,5420396,63302,3660384,34489155,228060659,3750598,34429239,68880,2683303
1635289638.846898,3693325,35608959,5320736,67491,3654798,34465743,228088970,3772027,34437245,69330,2489396
1635289638.9470198,3678427,35520989,5311001,69223,3594205,34615282,227907032,3643792,34448491,69312,2574367
1635289639.047142,3648398,35380031,5342745,75272,3820530,34431693,228136463,3646737,34491421,68352,2680138
1635289639.1472642,3670700,35368604,5332868,74421,3720200,34476324,228013235,3731934,34506041,68668,2688831
1635289639.2473853,3653616,35275115,5323971,59053,3813164,34700463,228107272,3739056,34457700,68651,2590984
1635289639.3475082,3669882,35509326,5335296,72102,3603689,34544343,228072380,3807100,34383857,69201,2489497
1635289639.4476302,3686417,35642120,5430117,68209,3697577,34569790,228013769,3818841,34407442,69762,2358368
1635289639.5477514,3668000,35111951,5385353,70216,3768157,34625597,228020677,3808370,34423981,69955,2682337
1635289639.6478724,3594893,35675526,5396585,78922,3700783,34648802,228102799,3796761,34400060,69292,2592764
1635289639.7479944,3907544,35643114,5511466,75640,3578796,34509492,228086036,3765356,33895470,69292,2483902
1635289639.8481185,3621322,35293402,5470378,75640,3681647,34475222,228048476,3792895,34354922,69201,2480882
1635289639.9482408,3676354,35321552,5435519,75613,3793054,34388565,228009081,3749341,34521333,66617,2750707
1635289640.0483625,3732499,35440560,5444496,74343,3816581,34315156,227994276,3590682,34520949,67438,2681944
1635289640.1484838,3480817,35330618,5434173,65562,3793091,34236552,228058678,3595559,34462945,68306,2669630
1635289640.2486053,3635078,35208830,5392378,70885,3898741,34494870,228077266,3725117,34475531,69142,2672271
1635289640.3487282,3652263,35584566,5384324,59298,3587663,34479385,228052996,3790007,34399569,69903,2554925
1635289640.4488502,3649860,35485361,5405879,71867,3586250,34418158,228077681,3803049,34464361,70231,2490518
1635289640.5489845,3573132,35225335,5336723,82581,3749746,34431719,228052539,3813588,34493029,68212,2686565
1635289640.6491103,3665718,35730576,5575571,80638,3729798,34357766,228029804,3722421,34498724,67148,2616955
1635289640.749233,3586947,34979965,5388260,73042,3808511,34399578,228096364,3671431,34477930,68058,2687696
1635289640.8493552,3491042,35422679,5474148,60689,3806192,34516196,228068879,3711245,34426858,69450,2680524
1635289640.949477,3659230,35122110,5426073,73683,3662731,34498209,227922167,3798187,34313625,70663,2474627
1635289641.0495994,3640651,35352503,5416883,70519,3714389,34427293,228038742,3790657,34619140,68875,2611947
1635289641.1497211,3669408,35379972,5470518,75394,3810127,34397919,227987398,3586453,34307972,72119,2665692
1635289641.2498422,3640270,35138435,5474192,75062,3815756,34465789,228175756,3801500,34387991,71197,2665236
1635289641.3499637,3664745,35283329,5435470,75388,3611720,34446108,228111717,3799743,34323920,73119,2677480
1635289641.4500911,3691622,35568454,5495903,77794,3793055,34396860,228040228,3818877,34444929,72134,2607719
1635289641.550213,3611709,35078873,5489999,75809,3760016,34236958,228085344,3669847,34460855,71935,2704408
1635289641.6503413,3675434,35160160,5387373,69681,3792215,34442632,228125685,3774375,34430078,72730,2435709
1635289641.7504632,3655677,35386446,5455982,74391,3773029,34519786,228069921,3800239,34491037,67969,2414280
1635289641.8505857,3625271,35002019,5467642,76946,3823260,34327882,227900487,3661198,34509428,67809,2674311
1635289641.95071,3660794,35368290,5451040,73881,3817316,34445806,228116452,3731508,34367347,69322,2559444
1635289642.0508323,3621375,34726536,5401567,75735,3661879,34399033,228079793,3812294,34417281,69522,2691935
1635289642.1509538,3707970,35519837,5449592,79600,3815322,34346388,228103159,3663737,34388841,67751,2642235
1635289642.2510753,3714638,35342477,5490207,75446,3724167,34399338,227991937,3764975,34411112,68294,2768260
1635289642.351198,3674292,35138010,5405753,68926,3457829,34413552,228252873,3847231,34354567,71191,2673758
1635289642.4513204,3668939,35445729,5480795,76383,3813807,34384622,228041460,3706142,34429869,68574,2673698
1635289642.551442,3559180,35117559,5408516,74376,3748443,34451709,228102717,3674303,34350129,68628,2685959
1635289642.6515648,3664934,35413525,5402077,70951,3595375,34366955,227970604,3806089,34298406,67775,2531064
1635289642.7516868,3692950,35369931,5476617,73891,4013305,34330574,228125413,3666927,34350245,68221,2738142
1635289642.8518095,3594011,34934868,5447649,74175,3653892,34214801,227995687,3741149,34355266,69028,2660858
1635289642.951932,3679003,35115693,5367346,67177,3659042,34333177,228053893,3811616,34334217,67811,2525536
1635289643.052055,3627375,35556898,5582417,81472,3789355,34356624,228100808,3666053,34371471,67810,2595398
1635289643.1521761,3511178,34757529,5418284,76200,3685192,34432713,228088839,3800010,34356680,70291,2724041
1635289643.2522984,3737622,35563661,5281972,71027,3796715,34464724,228085600,3670113,34527027,65111,2642037
1635289643.352421,3672877,35520019,5441087,77288,3789102,34343050,228035790,3710947,34380417,69157,2289696
1635289643.4525437,3629568,35070598,5362023,71917,3551783,34402282,228051497,3943745,34401677,69520,2654517
1635289643.552666,3673391,35382226,5444091,77627,3823033,34291647,228046668,3653577,34427212,68110,2696940
1635289643.6527877,3604583,35213181,5396277,76189,3709740,34486915,228072887,3806904,34362123,68979,2601292
1635289643.7529106,3659887,35521763,5454159,78535,3791606,34447614,227948476,3813795,34373452,70621,2692633
1635289643.853032,3548009,34977419,5503208,74247,3592649,34422212,228074441,3669813,34324121,72473,2657016
1635289643.9531538,3684022,35356714,5408866,70626,4011565,34551148,228093292,3811024,34343962,69903,2351253
1635289644.0532753,3628935,35164701,5608094,84455,3827968,34492167,228293194,3670165,34418186,70531,2736405
1635289644.1533976,3699111,35399983,5483307,69428,3722685,34414523,228075880,3818682,34492865,68603,2576709
1635289644.253519,3678895,35083558,5367413,61797,3822764,34449488,228021250,3665785,34504746,68412,2690872
1635289644.353641,3674069,35345686,5493443,76277,3677052,34394902,228046660,3816097,34470426,68447,2625683
1635289644.4537625,3694000,35451994,5360159,73379,3816355,34423035,228032399,3671421,34495994,68954,2588017
1635289644.553885,3722946,35692615,5517426,74020,3810039,34568515,227967479,3808284,34406971,67028,2668713
1635289644.6540074,3693143,35370265,5423178,77793,3804008,34453844,228000361,3782881,34350997,67989,2474437
1635289644.7541292,3656178,35173202,5497950,77821,3672310,34448363,227995917,3613043,34414210,68523,2679508
1635289644.854251,3695539,35311309,5402110,73788,3804906,34416941,228012584,3824575,34491674,68442,2708101
1635289644.9543736,3696408,35122725,5473199,76125,3831888,34367727,228080245,3674095,34454963,68017,2677971
1635289645.0544958,3673432,35416612,5466272,78209,3739865,34511618,227987653,3822451,34391099,67901,2514544
1635289645.1546173,3601160,35075389,5417788,73563,3816498,34411330,228033902,3706967,34373951,67179,2609786
1635289645.254739,3599821,34449471,227966831,3818581,34419414,67988,2717260,3646203,35599964,5486670,80025
1635289645.3548605,3817862,34416487,228003500,3745717,34311057,69828,2577908,3498309,35145343,5499126,74392
1635289645.4549825,3670231,34488890,228004796,3810515,34365723,68323,2711200,3662136,35520155,5481580,77788
1635289645.6552253,3554812,34982697,5425566,68950,3634468,34282922,228121405,3734879,34346213,69853,2725916
1635289645.755347,3673893,35563951,5483273,76120,3822822,34343270,227937014,3707620,34536396,71488,2702915
1635289645.855468,3671350,35208420,5424304,74574,3799260,34258551,228033381,3831486,34408276,73476,2554838
1635289645.9555902,3696436,35494252,5476284,77504,3825418,34354807,227997089,3711551,34503029,71460,2699616
1635289646.0557115,3681609,35236660,5329786,72789,3700433,34485510,228146879,3825163,34435427,69955,2668200
1635289646.1558328,3693486,35519388,5455153,76377,3817476,34312918,227997846,3670661,34468148,68152,2678203
1635289646.255954,3685795,35308201,5410492,79991,3820246,34489935,228101351,3818103,34546426,69135,2497161
1635289646.3560753,3805161,34463804,228053351,3663378,34381849,68488,2682842,3618174,34764147,5423258,77883
1635289646.4561968,3678480,34474035,228064203,3804914,34472574,68145,2696597,3910239,35751510,5437286,78293
1635289646.5563183,3808716,34396626,228001387,3668753,34337952,67786,2628831,3685813,35130426,5489550,75143
1635289646.7565792,3662578,35395968,5467409,76459,3829944,34373069,228106034,3716353,34348816,67094,2604908
1635289646.8567016,3566246,35128372,5423150,61251,3638018,34399997,228085685,3893246,34250169,68692,2688916
1635289647.0069268,3692762,35533713,5465612,76415,3812180,34310156,228077998,3806169,34372848,68125,2707195
1635289647.1070516,3651486,35125938,5428020,71315,3686482,34315427,228048019,3758801,34380011,70051,2503739
1635289647.2071726,3677501,35530073,5457628,76843,3785586,34232988,228104899,3710490,34466194,69094,2699341
1635289647.307294,3678179,35311064,5381585,71420,3807146,34465604,228017596,3815047,34430034,69783,2487800
1635289647.4074166,3659546,35246132,5446112,77770,3822278,34386348,228129630,3665686,34501146,68300,2723756
1635289647.507538,3648469,34436836,228136077,3821066,34448137,70566,2638704,3629383,34983456,5440726,77076
1635289647.60766,3827854,34372620,227988170,3729947,34393411,72094,2626022,3505167,34940651,5457654,77443
1635289647.7077813,3676499,34411618,228076139,3817907,34449373,71458,2726358,3688955,32962822,3417147,78076
1635289647.9080243,3508764,34908619,5403212,68344,3615599,34439502,228121876,3741929,34442826,69336,2696997
1635289648.0081458,3679902,35366721,5493539,76561,3810905,34483245,228129924,3803265,34399829,68045,2689526
1635289648.1082678,3672601,35340491,5399862,73405,3826507,34375915,227920601,3783087,34324116,69282,2546766
1635289648.2083893,3728654,35304889,5489945,77019,3678962,34486415,228122188,3595003,34348327,68468,2687250
1635289648.3085108,3685845,35405042,5368682,74109,3777728,34437845,227959825,3817397,34370406,69141,2650761
1635289648.4086344,3724224,35169874,5512212,75162,3869067,34432643,228074147,3669873,34318302,69506,2749532
1635289648.5087557,3684047,35413588,5482246,76958,3536610,34408083,228093791,3823707,34417543,68061,2701814
1635289648.608878,3815828,34359860,227993359,3809367,34335626,70291,2554793,3690419,35218025,5422347,77997
1635289648.7089987,3744184,34215023,227956906,3739521,34448374,68366,2686883,3505068,35784462,5507817,78281
1635289648.8091335,3732089,34397775,228084693,3820613,34397556,70042,2608389,3724970,35374941,5309731,73732
1635289649.0093806,3706579,35427925,5457795,77053,3827985,34487100,228078210,3815294,34490989,69318,2690291
1635289649.1095023,3673675,35339950,5363290,79220,3820679,34380149,227986756,3755601,34391150,67991,2519715
1635289649.2096233,3608489,35153767,5468332,76919,3677610,34412768,227992704,3801890,34490910,69239,2672867
1635289649.3097446,3656880,35425392,5483738,79446,3816269,34335580,227961598,3601740,34439538,70813,2690464
1635289649.409867,3514582,34898444,5499664,71027,3686658,34518423,227992776,3858251,34254810,72865,2356708
1635289649.5100071,3714584,35710204,5472791,76975,3677238,34331322,228125220,3764850,34373185,72297,2708424
1635289649.6101341,3685831,35187023,5412637,79345,3821895,34379384,228041478,3807343,34300012,70557,2571359
1635289649.7102559,3823727,34595310,229343095,3688992,34566291,69603,2715170,3694236,35319872,5524825,76578
1635289649.8103774,3696112,34417943,228074083,3746228,33929441,69562,2477103,3754250,36301799,5330688,69535
1635289649.9105,3822808,34231701,227999002,3655825,34451312,68913,2731209,3541019,35148051,5488501,76152
1635289650.1107457,3668474,35363382,5397318,78862,3809072,34391867,228025562,3671944,34390940,66187,2377876
1635289650.2108676,3646397,35096654,5509214,75258,3590350,34371528,227996248,3852530,34294722,68889,2677895
1635289650.3109899,3699195,35572799,5468490,80986,3818889,34396882,228022177,3690617,34298867,68714,2673207
1635289650.411113,3609243,35153450,5505799,76916,3710113,34378699,228049341,3806437,34381637,69740,2539712
1635289650.5112355,3652900,35295679,5429707,78472,3764465,34428434,228039515,3786797,34442451,68834,2706077
1635289650.6113575,3659610,34969047,5385107,72138,3373507,34346757,228041874,3823180,34359521,69503,2676324
1635289650.71148,3706553,35324945,5455187,76710,3807497,34361014,228011553,3658611,34398610,68115,2686806
1635289650.8116016,3741690,34431761,228062404,3818096,34339108,68408,2586022,3604931,35076498,5607644,64021
1635289650.9117236,3826740,34239777,228079637,3666939,34293228,68166,2665398,3672108,35399374,5436644,76122
1635289651.0118458,3675792,34325627,228117016,3817473,34296083,70372,2664632,3232386,35060141,5442910,79119
1635289651.1119678,3819675,34361977,228133905,3829237,34230974,73079,2039794,3529231,34816571,5421897,68369
1635289651.2120895,3733623,34144156,228118525,3696263,34497784,74476,2662015,3677298,35611139,5482829,76140
1635289651.3122113,3779255,34412233,228055015,3820487,34358320,68181,2685406,3686017,35389319,5364803,61674
1635289651.4123344,3809168,34327641,228055351,3775432,34405470,68392,2567490,3641689,35136624,5475797,76221
1635289651.5124564,3675304,34341699,228026039,3591743,34319176,67904,2702871,3669230,35389790,5435648,78725
1635289651.6125782,3817198,34269706,228094653,3777719,34560700,68192,2676324,3485827,34884327,5397007,68723
1635289651.7127001,3367960,34493011,228058344,3814593,34402798,70216,2687818,3673668,35290088,5451794,76592
1635289651.8128223,4125609,34388463,228114442,3703608,34426037,67224,2685906,3660008,35166564,5369485,106111
1635289651.9129446,3586542,34422337,228123613,3821488,34298287,68563,2554873,3663751,35199164,5404286,65488
1635289652.0130672,3865827,34356117,228027425,3669449,34359910,68231,2677658,3691944,35003405,5463091,75717
1635289652.1131895,3669463,34431311,228191478,3825303,34435290,69148,2690196,3588458,35814024,5494614,79987
1635289652.2133112,3809078,34413165,228057076,3792619,34263534,69544,3246943,3623700,35355488,5414809,69269
1635289652.313433,3747401,34342020,228088709,3681124,34376355,66943,2332651,3611372,35262446,5481115,76149
1635289652.4135559,3802781,34440868,228042472,3806775,34321554,69465,2651606,3654191,35436934,5352202,62539
1635289652.513678,3825360,34365036,228108538,3731529,34347026,66470,2609826,3630836,35250090,5488238,76620
1635289652.6138,3667783,34332518,228072120,3816253,34475845,67287,2663226,3695292,35311869,5466669,78049
1635289652.7139218,3832394,34119547,228015040,3744035,34456790,70635,2707420,3603639,34985771,5403857,70881
1635289652.8140433,3381286,34443926,228131303,3808491,34378424,72979,2729490,3739316,35620604,5482608,75105
1635289652.914165,3938228,34446396,228148659,3681180,34485345,72070,2707213,3693021,35392711,5440279,63143
1635289653.0142865,3819499,34412118,228148231,3828026,34439508,68581,2656522,3576231,34911637,5600628,86832
1635289653.1144085,3753010,34386651,227949981,3755683,34397005,70955,2575155,3709450,35358426,5444586,79628
1635289653.2145298,3772198,34422185,228082137,3740713,34536396,68227,2682946,3486629,34044837,5363662,75695
1635289653.3146508,3698640,34452898,228111999,3815720,34509816,70590,2391301,3718439,35223910,5457032,71139
1635289653.4147735,3822643,34501183,228060752,3691212,34498662,69894,2678660,3648115,35288010,5504920,78137
1635289653.5148952,3595557,34462044,228075225,3833608,34512870,70314,2675683,3693148,35412288,5470707,78337
1635289653.6150165,3830148,34548799,228058681,3847162,34389200,70214,2626196,3672457,35200324,5416483,69333
1635289653.7151377,3834448,34473682,228048118,3608076,34273677,69378,2507467,3718638,35690343,5467747,77394
1635289653.81526,3793198,34518385,228094043,3809970,34309676,68713,2667250,3666517,35672088,5457608,78286
1635289653.9153817,3856249,34455003,228115597,3810986,34373387,68674,2645082,3572164,35131567,5430444,62941
1635289654.0155032,3815246,34354355,228069255,3792156,34372413,69999,2723572,3661292,35549470,5461904,78962
1635289654.1156251,3587656,34294774,228181098,3704413,34549674,71248,2700570,3685395,35428381,5319304,78436
1635289654.2157469,3807442,34479767,228110585,3819250,34510816,69335,2634632,3772823,35408832,5478470,68142
1635289654.315868,3834885,34434770,227942570,3721911,34487240,72974,2553458,3677428,35248463,5486401,75935
1635289654.4159906,3426649,32380027,214565662,3580481,32472593,69610,2507978,3267249,33176105,5150750,74668
1635289654.5161119,3825247,34064448,228130595,3673781,33960188,69251,2575957,3583884,34588600,5407322,88830
1635289654.6162345,3676613,33971698,228055002,3818380,34013341,70077,2689724,3690140,35091222,5377997,86467
1635289654.7163553,3823351,34068982,228108091,3764698,34166774,70361,2728959,3696831,35229349,5460750,90159
1635289654.8164773,3600962,34011552,227854081,3575300,33899754,70102,2755972,3671597,34982774,5342946,93239
1635289654.9166157,3808437,34191665,228038974,4013159,34039234,70498,2664801,3697150,32916442,2917659,87971
1635289655.0167425,3566189,32245326,218835052,3713543,32159752,67435,2372434,3544681,33451263,5233526,87504
1635289655.116865,3992771,34046709,227977335,3660924,34006970,68883,2685731,3660576,34754004,5332319,84617
1635289655.2169867,3598699,33942833,227987957,3827279,33929095,70194,2485195,3665424,34948832,5380153,87402
1635289655.3171077,3780313,33993767,227997469,3779670,34001426,68050,2672964,3513978,34616614,5443751,88657
1635289655.4172294,3827169,33885287,228035252,3748630,33895171,69560,2687421,3614255,34649038,5308607,87781
1635289655.51735,3680555,33934556,228089569,3829729,34011687,69020,2554846,3719285,34783743,5482865,92029
1635289655.6174705,3815915,34029919,228111789,3679210,33906658,68072,2792197,3622648,34738249,5409112,92718
1635289655.7175918,3672204,34037153,227981147,3814986,33912238,72107,2479374,3660983,34993113,5292179,89772
1635289655.8177135,3824310,33976463,228055368,3715592,34190211,68279,2689932,3657537,35016729,5387718,93361
1635289655.9178352,3711609,33996049,228037374,3645478,33907751,68577,2730456,3622114,34835790,5357470,89143
1635289656.017958,3625774,33833799,228081370,3862711,34039315,70883,2651117,3655504,35024698,5435859,92844
1635289656.1180787,3925595,33965212,227972667,3754764,33985050,68931,2698280,3605909,34722072,5354823,93113
1635289656.2181995,3589567,33783770,227973414,3782578,33803496,70677,2593847,3655653,35162229,5480246,88391
1635289656.3183212,3814145,34232948,228164125,3827706,33894117,73945,2725271,3531141,34466214,5521059,95673
1635289656.418444,3760709,34033866,228016721,3674328,33791122,70915,2699258,3680142,34802263,5347827,93527
1635289656.5185657,3789813,34125689,228067669,3812957,33928803,70820,2393892,3638770,34704308,5514097,88621
1635289656.6186867,3838520,33852504,228092910,3664309,33965537,71803,2753465,3669462,34951554,5403424,92298
1635289656.7188075,3835030,33908569,228054134,3818601,33969756,70586,2522365,3641332,34749681,5346340,85591
1635289656.8189287,3790853,33770067,228108745,3712878,34054640,69688,2680371,3671493,34930318,5427482,91596
1635289656.9190497,3821985,33800903,227952778,3690807,33687874,68946,2631384,3633026,34339118,5389954,88720
1635289657.0191813,3704620,33696940,228061097,3889229,33867242,70072,2448970,3672898,35179085,5438574,91873
1635289657.119312,3822923,34030228,228136547,3812862,33963226,69524,2447695,3597304,34420009,5439272,91161
1635289657.219437,3754795,33949453,227937874,3600307,33875377,69553,2728115,3654385,34874007,5350750,78291
1635289657.3195581,3819866,34161158,228090680,3815566,34122981,69949,2540219,3647532,34638119,5466803,91678
1635289657.4196804,3715077,33933781,228037299,3661988,33973358,69625,2678466,3657482,34754089,5339375,93900
1635289657.5198016,3807819,34081639,228123390,3826551,34006920,70645,2492493,3667465,34873950,5402425,84569
1635289657.6199234,3722409,33796131,228037451,3763324,33907910,68896,2681026,3622220,34898501,5432338,86847
1635289657.720063,3820660,34019330,228060149,3730103,33815990,69265,2685978,3633142,34344977,5309602,85084
1635289657.820186,3614729,33906121,228091926,3829558,33878956,69451,2675896,3684301,35093247,5472619,95493
1635289657.9203076,3819517,34051087,228036217,3666537,33806499,68175,2624533,3620658,34654140,5440275,91806
1635289658.0204303,3677467,33908827,228048284,3814266,33931932,69883,2634870,3665582,35101534,5361612,88763
1635289658.1205528,3830738,33851449,228021308,3747457,34099439,68459,2855095,3666849,35034347,5427484,91030
1635289658.2206745,3837844,33967281,228104201,3600315,33881930,68324,2678595,3661853,34951928,5346381,95408
1635289658.3207965,3761910,33827989,228124415,3882800,34221597,69773,2546772,3665629,35061268,5445149,92281
1635289658.420919,3766597,33850829,228016981,3723898,33985465,69570,2684312,3628902,34763048,5351211,92313
1635289658.521041,3787296,34012065,228146593,3800656,33947945,69276,2527200,3695092,35037746,5424585,90678
1635289658.6211634,3810457,33977203,228093610,3829761,34007945,71906,2696687,3552003,34357954,5414592,96493
1635289658.7212853,3672063,33995615,228012145,3677824,33899589,70982,2695925,3659261,34567417,5332633,85719
1635289658.8214076,3837703,34098122,228074963,3814037,34093121,73086,2507090,3650083,35015615,5530735,99097
1635289658.9215298,3823046,33956098,228034516,3669918,33997636,72824,2667793,3466762,34519555,5428195,91907
1635289659.0216534,3715115,33934754,228063014,3821980,33959416,70353,2662013,3774856,34919908,5354737,85978
1635289659.1217754,3789698,33873773,228092813,3729894,33988163,68099,2724533,3669819,35031691,5451903,90514
1635289659.221897,3834645,34012810,228097867,3699800,33769698,69533,2347798,3577494,34362887,5396768,85717
1635289659.322019,3477485,33771188,228125452,3961330,34303569,70318,2681842,3687480,35091470,5470330,89493
1635289659.4221416,3810297,33897920,228071972,3637330,33916075,69673,2637536,3552333,34596009,5407342,88914
1635289659.5222645,3700406,34009522,228101544,3740125,33917135,68064,2702061,3656389,34964637,5445812,92863
1635289659.622387,3816344,33929121,228053540,3809134,34024348,69043,2660226,3717415,34867078,5458794,91892
1635289659.7225084,3693978,33983711,228144615,3664959,34000298,69936,2662310,3985519,29617131,2573603,83778
1635289659.8226311,3756396,34025072,228069058,3700131,33921787,69833,2714094,3670126,35070163,5426514,90124
1635289659.9227536,3775558,34067714,228051516,3835447,33985373,67894,2515432,3596822,34375025,5471006,91803
1635289660.0228748,3810565,33986843,228058966,3669678,33913859,69171,2700804,3640616,35004429,5445746,91095
1635289660.1229968,3663542,34030798,228067372,3830692,34026098,69587,2479993,3642720,34986252,5314352,88213
1635289660.2231178,3808675,33920833,228012270,3681039,34079099,68267,2743707,3652362,34982445,5443192,91124
1635289660.3232388,3736063,34016878,228059767,3813011,33944980,70834,3674754,3656884,34692170,5363558,88420
1635289660.4233615,3478764,33887956,228434237,3754654,33807101,70151,2692530,3674294,35075893,5450055,91771
1635289660.5234838,3823014,33964964,227914161,3806769,33880827,69736,2694905,3580178,34591687,5359515,92585
1635289660.623606,3675678,33752500,228062192,3592961,33805851,68992,2660467,3672862,35015784,5469539,94968
1635289660.723728,3789598,33989668,227988003,3861948,33919553,69458,2683230,3730903,35064082,5459364,91417
1635289660.82385,3651425,33857297,228161323,3669342,33914701,69100,2677515,3676021,35060827,5345214,92037
1635289660.9239721,3817173,33874755,228032135,3827046,33967497,69857,2710317,3677662,34989233,5421256,91762
1635289661.1242177,3818859,33952515,228025292,3764253,33899182,73323,2607384,3621738,34391441,5378527,93048
1635289661.2243392,3667426,33853237,228017394,3815282,34048115,71277,2717532,3755645,35173018,5450497,93399
1635289661.3244605,3825863,33949593,228026599,3670932,33888925,73547,2708597,3558861,34276521,5442334,91772
1635289661.5247056,3651568,34797181,5406632,94829,3820412,33902558,228054555,3738838,34085991,67985,2456546
1635289661.624827,3651596,34617077,5481995,91559,3821125,33960314,227852123,3580134,33692906,69752,2692015
1635289661.7249482,3639948,34697838,5380863,91266,3677481,33938390,227992889,4002994,33946706,68944,2542529
1635289661.8250706,3651133,34915277,5457617,90643,3779352,33834647,227966385,3723159,33912366,69963,2696640
1635289661.925192,3432201,34330380,5491891,88426,3905998,34197570,228053548,3661145,33832819,68891,2660042
1635289662.0253143,3668599,34927037,5457420,92774,3777568,34015803,227978897,3802899,33916423,69278,2328658
1635289662.1254368,3604016,34520250,5560342,93224,3806754,33930201,228047520,3675630,33819242,67595,2669908
1635289662.2255585,3824479,33974370,228077560,3815671,33905926,69563,2543634,3746764,35734810,5358744,87569
1635289662.32568,3784881,33825644,228018398,3711689,33985489,68812,2712556,3530203,34813606,5456872,92529
1635289662.4258018,3817162,33888686,228319559,3787549,33934160,69491,2389823,3648410,34482732,5390485,89470
1635289662.626045,3673944,34996367,5424380,92515,3820437,34048880,227971734,3683641,33812502,68824,2545907
1635289662.726167,3595526,34439461,5378942,93116,3714557,33951085,228034147,3810989,34009148,68459,2679060
1635289662.8262885,3663320,34965391,5366684,80804,3823977,33862596,228043345,3578992,33995289,68756,2529733
1635289662.9264102,3646182,34659049,5452398,92719,3811939,33953244,228028191,3792734,33955244,69404,2669958
1635289663.026532,3638128,34795037,5328729,90911,3756053,33895832,227933554,3826362,33877550,70135,2435187
1635289663.1266537,3668903,35128330,5449486,92033,3384963,33821271,228100385,3817877,33927867,68701,2759057
1635289663.2267869,3873855,30799296,1740545,87888,3062835,29417548,228047279,3663754,33890153,70875,2549167
1635289663.3269253,3326151,32450533,228135752,3807650,33922348,69446,2551321,3671461,34650795,1075472,78290
1635289663.427052,3817194,33850377,228028314,3659150,33941370,71813,2732966,3328874,34873037,5476357,91379
1635289663.5271735,3835096,33919497,228103713,3796538,33881515,72861,2321893,3637900,34354764,5393794,88568
1635289663.7274163,3678075,34908402,5440593,91840,3806263,33792506,228086687,3673234,33817264,69854,2603377
1635289663.8275373,3602265,34650971,5408407,91342,3677775,33826057,228049158,3788681,33959239,73398,2712184
1635289663.9276583,3683513,35091113,5414570,81707,3654960,33837933,227933274,3801603,34007751,69950,2548595
1635289664.027779,4357014,29163868,3226540,94642,3817924,33885844,227965987,3807158,34016303,69180,2694327
1635289664.1279001,3662309,34481615,5410972,93613,3779929,34256873,228068157,3681071,33955772,70044,2706960
1635289664.2280219,3652999,34868697,5352023,96076,3466127,33913985,228144515,3819411,34049145,69959,2582421
1635289664.3281434,3675899,34798849,5439723,87686,3826698,33901770,228075409,3667103,34024314,69555,2671553
1635289664.4282653,3816515,33941414,227979008,3813972,33885092,69566,2556567,3691661,34872831,5195049,90746
1635289664.528387,3717390,33912185,228027204,3786953,33907298,70578,2691072,3505714,34928395,5517309,90517
1635289664.628508,3811765,34012443,227982996,3685185,33792116,71032,2605529,3529304,34535151,5464325,86789
1635289664.828751,3673397,34992007,5331950,135036,3788362,33698875,228040661,3644455,33844043,66888,2472132
1635289664.9288719,3653987,34532268,5425746,91349,3807009,33851242,227903448,3702040,33661283,67552,2714414
1635289665.0289931,3637164,34366409,5338695,90411,3648975,33703547,227930771,3933623,33878489,66307,2592044
1635289665.1291144,3648926,34800240,5401142,93116,3803885,33688840,227916644,3576490,33797103,66705,2687094
1635289665.2292354,3692902,34560536,5407539,90829,3699869,34005157,228056703,3725705,33663492,67250,2710060
1635289665.3293643,3673329,34815646,5330523,86541,3349512,33577145,228071078,3796431,33702670,67426,2647865
1635289665.429492,3663173,34838743,5424373,91320,3444587,33641879,228076707,3784052,33755471,67321,2682183
1635289665.5296135,3794027,33886202,227990780,3654570,33726321,66813,2677692,3640298,34525364,5141054,90381
1635289665.629735,3651896,33784950,228083368,3790364,33892725,66983,2550610,3660455,36232011,5469159,86652
1635289665.7298563,3808721,33732285,227997220,3658144,33842194,66919,2648453,3467488,34646363,5434210,90725
1635289665.930077,3631285,34356270,5339940,86053,3582171,33752787,228038342,3816643,33810063,67801,2652712
1635289666.0301995,3650478,35057258,5424481,90837,3812987,33795125,228049489,3652565,33199373,73560,2566331
1635289666.1303215,3574293,34516498,5420457,91265,3675222,33820607,227976914,3805606,33819657,69616,2698864
1635289666.2304435,3648885,34797260,5315423,84847,3707291,33933753,228073365,3692583,33703816,71661,2477505
1635289666.3305652,3624212,34775074,5410203,90034,3815733,33722834,228011136,3774255,33773358,71264,2702191
1635289666.4306881,3451480,34230460,5350123,83945,3353693,33794682,227866616,3634607,33767572,70962,2661070
1635289666.5308104,3635089,34806054,5375379,89406,3806309,33713262,227929727,3811554,33924400,67160,2492281
1635289666.6309328,3636531,34561834,5409406,73167,3862508,33743404,228085982,3656741,33804611,67877,2682061
1635289666.7310553,3673114,34541314,5187295,91101,3777779,33789068,227949268,3779651,33735181,67705,2493977
1635289666.8311775,3655836,34759257,5415147,85119,3652619,33665626,228006961,3807029,33852277,67411,2661087
1635289666.9313009,4563145,35397385,5517903,90530,3805637,33866079,228056662,3660326,33701464,66602,2266482
1635289667.0314224,3508991,34021850,5391341,90963,3806915,33876617,228062779,3799751,33790473,66826,2693679
1635289667.131544,3657223,34884279,5317470,88778,3765356,33758684,228122846,3676576,33795291,67381,2470056
1635289667.2316658,3678985,34729657,5415123,89694,3805657,33977234,227990630,3758840,33797444,66400,2709225
1635289667.3317876,3595761,34368673,5395749,90114,3648397,33682325,227995409,3665157,33521896,67410,2552678
1635289667.431911,3659099,34805175,5435313,91842,3815383,33686642,228052649,3808598,33826952,67641,2672866
1635289667.532033,3745430,34725669,5474305,90533,3994117,33818792,228005268,3692449,33686036,65684,2666916
1635289667.6321552,3650571,34773662,5356358,92940,3591419,33717021,228022928,3805370,33669273,67329,2602891
1635289667.7322772,3652085,34748113,5404861,83877,3818909,33769279,228069979,3777748,33750242,66087,2669751
1635289667.832399,3547624,34310192,5591198,96052,3700146,33808669,228001831,3649434,33668397,66858,2660894
1635289667.9325204,3669354,34279460,5197438,87078,3658657,33728347,228004256,3794959,33874858,67122,2658533
1635289668.0326426,3792437,36260407,5449790,89040,3810545,33591075,228074912,3660158,33798897,67038,2256349
1635289668.132764,3480503,34283570,5351500,90592,3821011,33769831,228031476,3782583,33655133,67337,3057765
1635289668.2328863,3695589,34726178,5341613,92268,3573177,33736844,228018047,3807768,33848494,68904,2458259
1635289668.3330076,4525144,33497560,4054522,96595,3791665,33752389,228043183,3706279,33672604,66894,2660301
1635289668.4331303,3567225,34463621,5428719,89766,3686657,33790391,227949357,3622797,33623340,66495,2698480
1635289668.5332518,3650016,34687214,5302914,87644,3648022,33639151,228109445,3908723,33779065,66826,2483634
1635289668.6333737,3635020,34800465,5397139,90462,3345732,32204978,218867129,3577434,32089453,69755,2588310
1635289668.733495,3487892,33460092,5207200,87821,3790028,33778205,228022075,3806894,33905991,70708,2572436
1635289668.8336174,3564986,34372855,5384387,94040,3579983,33776411,228000245,3657827,33752629,70059,2722217
1635289668.9337392,3645323,34886919,5295627,81583,3758353,33798980,227994831,3814065,33820737,67812,2477523
1635289669.0338616,3680676,35164639,5361404,90168,3776208,33669980,228049618,3689902,33863188,67521,2697876
1635289669.1339831,3488128,33529994,5297015,88889,3798522,33748382,227952646,3734723,33755842,68296,2791650
1635289669.234105,3717885,34792219,5414814,84724,3646434,33851526,228016030,3808246,34021227,68082,2433984
1635289669.3342266,3633782,34734050,5423177,90882,3812316,33855481,228010481,3644693,33748438,67290,2608819
1635289669.434349,3582418,34347731,5429563,90537,3679209,33877809,227980553,3805249,33849010,67057,2669188
1635289669.5344708,3676862,34738647,5256748,85968,3751473,33738097,228025848,3661976,33721194,68585,2490860
1635289669.6345928,3654447,34895202,5417591,90801,3805109,33846254,227967269,3799920,33752097,67383,2662529
1635289669.7347136,3487442,34181072,5327523,83753,3807763,33832282,227931540,3595755,33684741,68253,2693786
1635289669.8348372,3655577,33259575,3971156,86641,3776196,33888449,228103206,3825994,33819840,66875,2477200
1635289669.934959,3629705,34676814,5420799,91603,3770789,33657964,228064739,3664396,33839441,67473,2685312
1635289670.0350802,3658158,34558726,5315065,78565,3784671,33961627,228067285,3799729,33656639,68379,2487821
1635289670.135202,3643858,34848578,5371322,89975,3674003,33748091,228078331,3809370,33839693,66912,2682023
1635289670.2353237,3587815,34605384,5402582,97171,3809956,33759466,228065137,3653614,33949749,68622,2706196
1635289670.335445,3614149,34283053,5339715,84723,3814565,33895799,228096902,3812856,33828428,68101,2589779
1635289670.4355667,3804011,35224931,5330549,92760,3811809,33712217,227981105,3667371,33870860,67224,2473421
1635289670.535688,3587757,34671671,5411553,92664,3801489,33803708,227948358,3808527,33767086,67637,2708481
1635289670.63581,3657768,34749970,5307084,83460,3644518,33785773,228053092,3765597,33634598,68394,2517591
1635289670.735931,3609275,35067360,5441814,91552,3793733,33887591,227918801,3803975,33831130,68329,2671656
1635289670.8360524,3438727,34454839,5343437,86331,3820296,33924215,228018284,3783954,33797270,68377,2696503
1635289670.9361742,3649338,34868545,5378799,92397,3689297,33700471,228022996,3709744,33879032,67698,2491659
1635289671.0362957,3618510,34635810,5425107,92444,3977527,33836444,228027019,3659294,33828199,70174,2726267
1635289671.136417,3643014,34667762,5310406,84979,3587533,33818884,228057500,3811656,33730492,71210,2485865
1635289671.2365384,3675187,34842248,5335233,87625,3720384,33719675,228037602,3810387,33905081,72433,2806096
1635289671.33666,3424844,34376395,5425167,88218,3813547,33782946,228106192,3646224,33731628,71023,2692574
1635289671.436792,3547380,34334689,5266264,90653,3789367,33783639,228013741,3786122,33558671,67434,2536275
1635289671.5369234,3907155,34977991,5488960,91769,3790826,33715207,228056292,3655057,33844257,68175,2593422
1635289671.6370475,3604470,34595365,5431914,91020,3819013,33828371,228015280,3739307,33844004,68014,2620120
1635289671.7371686,3641851,34491178,5341976,84522,3665058,33759394,228013869,3867433,33846403,68108,2569833
1635289671.8372903,3638694,34877260,5424321,92339,3823860,33867712,227952938,3575003,33777314,66870,2659581
1635289671.9374113,3654675,34594350,5408405,90092,3814430,33876385,227928898,3800207,33824809,67985,2661827
1635289672.0375326,3687104,34949160,5330488,90068,3615878,33695298,227988245,3749228,33849856,66775,2497489
1635289672.187754,3714847,34796411,5448621,90747,3944359,33928178,227966775,3700306,33887298,67132,2678981
1635289672.2878785,3619733,34452209,5393058,90603,3627678,33882370,227990378,3705186,33775648,68293,2608652
1635289672.3879993,3644254,34591773,5257936,95786,3705977,33764071,228136135,3807474,33853200,67249,2684406
1635289672.4881203,3758436,34741494,5617947,91902,3815397,33871680,228097983,3655054,33827386,66379,2673075
1635289672.5882418,3678654,34737387,5429398,90758,3826249,33918738,228076955,3821750,33812073,67324,2577804
1635289672.6883628,3661171,34643243,5308067,93638,3696194,33787655,228061739,3755714,33845329,66464,2673004
1635289672.788483,3663381,34755108,5414219,91302,3808354,33808375,227993360,3698329,33729018,68062,2610474
1635289672.8886034,3595861,34513487,5422247,90013,3666669,33740285,228138831,3814492,33796070,68105,2666543
1635289672.9887247,3668097,35026380,5442223,93145,3802242,33641805,228037341,3562779,33719539,67709,2710712
1635289673.088846,3724865,34918674,5457859,90128,3797402,33867087,227972672,3792204,33847943,67550,2660773
1635289673.1889677,3635908,34701640,5328223,96640,3569937,33748126,228182987,3945492,33783565,69034,2651649
1635289673.2890887,3657210,34971901,5408549,92898,3759197,33666514,227945139,3717347,33836978,67305,2626173
1635289673.3892112,3570583,34696373,5377428,92152,3795947,33882079,227975368,3661256,33749210,66547,2672592
1635289673.489333,3655140,34911229,5301392,91812,3578805,33738043,228026919,3805566,33805622,68116,2665372
1635289673.5894659,3656812,35042427,5378337,87983,3854251,33635391,228091323,3675873,33834304,70292,2713305
1635289673.6895955,3613530,34654350,5422233,87962,3815800,33800930,228027908,3747084,33725251,70223,2714268
1635289673.789718,3609518,34179548,5309003,85990,3568817,33767051,228025070,3802105,33858160,70760,2662955
1635289673.8898401,3664975,34678228,5456806,96562,3804547,33839460,228072777,3653497,33792325,71974,2525079
1635289673.9899614,3582554,34510457,5419171,89972,3694506,33798356,228000246,3797694,33854337,69556,2657460
1635289674.0900812,3645741,34710304,5304298,88434,3680352,33695952,228082562,3802465,33893604,67654,2643432
1635289674.1902034,3649123,34814067,5426573,90439,3801699,33830380,227979469,3607907,33799608,66637,2642459
1635289674.2903256,3553739,34508386,5342672,77857,3580018,33652957,228112706,3798667,33821882,67684,2659602
1635289674.390448,3671237,35143815,5437890,95677,3709876,33733532,228017193,3712478,33812633,68510,2539074
1635289674.4905705,3599819,34470399,5450037,90548,3907826,33885088,227976965,3649397,33768406,68108,2712954
1635289674.5906923,3666632,34598844,5327614,88292,3568890,33891964,228040066,3799882,33731809,69310,2369406
1635289674.6908145,3651927,34771677,5374342,88334,3710347,33722929,227982707,3774049,33868417,67390,2687140
1635289674.790937,3541581,34528543,5443463,88231,3794102,33851381,227994343,3652436,33761785,67026,2688113
1635289674.8910584,3573694,34501823,5282064,87749,3683892,33833586,228018002,3814202,33780550,67396,2577457
1635289674.991181,3798535,34865102,5409510,80713,3809069,33737860,228095038,3668033,33793432,66890,2670198
1635289675.0913029,3629783,34711738,5425149,91738,3789605,33863474,227979831,3797578,33689746,68052,2286530
1635289675.1914253,3680138,34576170,5306536,87528,3629051,33722354,228099893,3848555,33773377,68245,2241872
1635289675.2915473,3638452,34889261,5405259,90898,3779794,33721971,228078898,3572681,33658326,67732,2522417
1635289675.3916702,3575182,34423824,5384658,85982,3746172,33789631,228074264,3795210,33783585,67400,2694091
1635289675.4917934,3648532,34832989,5304618,78470,3658637,33501772,227936630,3755791,33818421,67340,2538027
1635289675.5919163,3689060,34735279,5403041,92061,3968034,33828549,228065870,3695376,33804777,67606,2692309
1635289675.6920388,3524254,34293521,5401209,86831,3650821,33695749,227996512,3695926,33633751,67096,2548522
1635289675.7921605,3653492,34940581,5347093,93854,4003648,33834104,228053505,3806114,33741677,67608,2353255
1635289675.8922815,3591350,34616067,5503869,87573,3800881,33674358,228102531,3649451,33776413,67958,2700205
1635289675.9924037,3630806,34963972,5413049,81599,3788661,33822313,227982716,3802504,33682067,67188,2556009
1635289676.092525,3598371,34505226,5322183,90461,3653666,33752764,228064273,3791735,33791420,71281,2679444
1635289676.192647,3646204,34840474,5411809,93405,3806398,33736235,227888378,3635502,33723362,67428,2679922
1635289676.3928907,3647523,34844160,5291697,93981,3587236,33639080,228081178,3662034,33819607,71917,2682914
1635289676.4930124,3664603,34941275,5415388,90507,3808681,33752619,227878247,3796738,33884719,70352,2698324
1635289676.5931346,3573815,34510905,5333041,89520,3653203,33619968,228092804,3573224,33810820,72370,2676369
1635289676.6932566,3647896,34869520,5397792,89964,3752241,33854270,227998209,3848718,33863487,67858,2599533
1635289676.7933786,3676858,34784425,5455245,90464,3804606,33787260,228119648,3650586,33819459,67452,2718571
1635289676.8935006,3650339,34426866,5332836,87550,3803335,33906753,227998539,3782294,33731615,68127,2680383
1635289676.993623,3655585,34827866,5375421,91041,3408036,33696904,228096902,3797670,33866508,67915,2586219
1635289677.0937452,3804649,33852389,228008715,3657364,33750292,66630,2672681,3610279,34281321,5344857,90663
1635289677.1938667,3660870,33872724,227979924,3817449,33818392,67303,2538848,3756039,35177596,5306644,87288
1635289677.2939885,3809004,33863972,228061225,3646726,33755017,67833,2706196,3686269,35061690,5435302,89991
1635289677.4942322,3649960,34402027,5358397,87491,3525151,33840787,228020673,3758751,33651198,67943,2687995
1635289677.594353,3658155,34758397,5430074,90904,3797245,33886652,227964328,3738692,33773947,68798,2560416
1635289677.6944745,3565543,34386675,5411837,90900,3659456,33977393,227982569,3796631,33806069,67991,2682571
1635289677.794597,3660876,34783446,5237588,87748,3707267,33637817,227959213,3717157,33885011,67246,2486881
1635289677.8947186,3648761,34848486,5399713,91551,3906381,33690896,228138354,3705038,33841944,66870,2669716
1635289677.9948401,3549494,34232813,5328452,85890,3809966,33783432,227988555,3714746,33650344,68187,2738322
1635289678.0949624,3671393,34998035,5354270,92424,3766829,33818019,228042950,3813392,33816806,67871,2484753
1635289678.1950843,3814418,33791570,228050228,3659654,33727225,67184,2709432,3527840,34324496,5388515,91759
1635289678.295206,3703425,33973393,227955543,3803544,33664134,68584,2464717,4103072,35339438,5338249,85674
1635289678.3953278,3715285,33728562,228014581,3736042,33832619,66573,2671718,3606515,34936640,5438606,91668
1635289678.59557,3428343,34195819,5370567,84329,3803317,33813044,228003513,3846013,33738903,67669,2681039
1635289678.6956913,3646677,34969256,5404484,91477,3805050,33704158,227936371,3580136,33735696,68412,2507935
1635289678.7958121,3600817,34732789,5444582,91051,3790790,33815518,227979130,3806191,33743902,70485,2706402
1635289678.8959334,3657446,34647144,5318816,83696,3654767,33685739,227960075,3776540,33662500,71176,2501123
1635289678.996055,3655014,34819269,5433944,91293,3782591,33825807,228051042,3810534,33862647,70881,2722635
1635289679.0961754,3611189,34400225,5399030,89678,3791069,33844306,227985460,3651949,33741460,70645,2685016
1635289679.1962967,3661982,34779116,5342591,91411,3812812,33851813,228084593,3797535,33909031,67813,2487296
1635289679.2964177,3799997,33679877,228031949,3658849,33994038,68313,2672936,3623299,34752521,5473476,91715
1635289679.3965402,3817599,33758138,228025370,3756543,33699641,69847,2543704,3341727,33525779,5328778,90559
1635289679.4966614,3663794,33702799,228016525,3812393,33810145,67651,2683942,3697716,34988750,5441206,93404
1635289679.6969144,3653543,34691887,5430952,90019,3789754,33718650,228055104,3779502,33442829,67727,2677811
1635289679.7970455,3671751,34724938,5312723,92795,3671524,33796707,228042163,3662980,33698691,66704,2556650
1635289679.897172,3647871,34849927,5407855,90667,3805605,33840004,227917099,3794888,33823236,67492,2677058
1635289679.9972937,3548364,34432587,5450084,90141,3655277,33681956,228037604,3604930,33789156,68359,2673908
1635289680.0974162,3660698,34778156,5387774,88532,3709469,33829911,228075588,3819377,33832627,67544,2699125
1635289680.197539,3681969,34801854,5456079,89916,3996081,33740398,227994620,3659458,33790388,67466,2694009
1635289680.2976606,3674155,34666460,5355795,96938,3793300,33805881,227935755,3811998,33897175,68406,2630001
1635289680.3977823,3578862,33739652,227965530,3810663,33796887,67406,2636870,3563530,34630582,5620705,94512
1635289680.4979036,3783005,33836365,227903819,3659109,33733956,68468,2694588,3464695,33470995,5323944,89641
1635289680.5980244,3654825,33817019,227924738,3805880,33795801,67428,2667618,3804824,35265259,5310778,89272
1635289680.7982662,3637365,34896472,5411854,90112,3797045,33758488,228006550,3737435,33743959,67136,2699987
1635289680.898387,3626162,34461344,5331433,81569,3585634,33701811,227946310,3788288,33622929,67606,2673539
1635289680.998508,3649291,34974926,5405328,95718,3807376,33779021,228005632,3696297,33780323,68621,2556142
1635289681.0986297,3562206,34677456,5426808,90726,3711939,33824258,228038221,3804442,33775881,67005,2693671
1635289681.1987505,3654664,34715332,5317758,87646,3630517,33550400,228043877,3727745,33677263,68750,2426805
1635289681.298871,3640320,34936237,5409530,90423,3471244,33815156,228092738,3790148,33962145,70972,2745272
1635289681.3989916,3523940,34429514,5342938,78382,3799199,33813161,227969091,3640531,33719668,71848,2705960
1635289681.4991126,3653022,33713278,227933440,3802126,33852997,70997,2557296,3663937,34705500,5554802,81311
1635289681.599233,3807144,33683719,228003735,3661107,33879190,69934,2693876,3471508,33588167,5383377,91351
1635289681.6993537,3823621,33794321,227975370,3798410,33718538,71011,2351162,4257126,34855091,5311676,88383
1635289681.8996117,3658786,34975458,5431053,91162,3804494,33766838,227970847,3651618,33718245,66761,2445101
1635289681.9997373,3556932,34443628,5413977,89209,3802789,33901706,228097857,3813800,33827494,68303,2683525
1635289682.0998595,3646856,34737914,5275065,78621,3730595,33704005,227970865,3661971,33853010,68143,2550910
1635289682.1999807,3648517,34783866,5401775,91400,3810131,33819003,228053325,3789084,33820807,66748,2681227
1635289682.3000798,3458348,34222300,5439348,85517,3779534,33836172,228045032,3566874,33767817,68631,2629959
1635289682.400202,3650203,34573887,5373238,92744,2585304,33469718,227988639,3800502,33823361,68803,2532677
1635289682.5003252,3683327,34840446,5440288,89750,3788263,33702640,228032828,3659137,33787445,66456,2678143
1635289682.6004474,3656462,34467850,5340882,84210,3796082,33855802,228064264,3736110,33649910,68052,2597287
1635289682.70057,3673044,34759191,5374273,90087,3646968,33747361,228018306,3804166,33769662,68361,2725070
1635289682.8006916,3716441,34180032,5423643,93821,3786953,33880539,228034743,3654292,33741362,66660,2678025
1635289682.9008136,3435302,34696211,5406231,90480,3662352,33806539,227948312,3788248,33719800,67833,3087974
1635289683.0009353,3664708,34962725,5343805,87410,3431417,33705232,228013226,3779817,33825791,67402,2533693
1635289683.1010573,3676982,34741746,5400950,90566,3813060,33713356,227958911,3659414,33722309,66176,2860599
1635289683.2011786,3547964,34368184,5340139,91116,3650601,33724629,228091174,3757841,33655423,68499,2552121
1635289683.3013008,3687696,35000495,5294395,88384,3802831,33627516,227905714,3790977,33914707,68196,2542388
1635289683.4014235,3653952,34999043,5401522,92421,3804738,33673600,227971398,3578155,33723491,67371,2675986
1635289683.5015457,3650164,34408409,5329144,86885,4000280,34015801,228043479,3800737,33708988,67035,2681997
1635289683.6016672,3646098,34814880,5408523,91693,3344826,33674589,228037060,3787841,33782588,67338,2517467
1635289683.701789,3564906,34471764,5412079,87101,3857732,33866795,228129446,3643542,33744166,67595,2680687
1635289683.8019116,3647129,34823822,5347792,85842,3707866,33791467,228040958,3809762,33771375,68679,2474257
1635289683.9020348,3681478,34747704,5159086,94695,3717564,33747641,228071861,3744863,33785098,69624,2723658
1635289684.0021574,3473630,34210478,5459353,86802,3798888,33751953,228012277,3647882,33663343,70378,3130987
1635289684.1022797,3580051,34879920,5406273,83040,3803542,33845806,228062249,3814697,33843918,71782,2276923
1635289684.2024019,3627952,34718651,5387310,91394,3785308,33736385,227964569,3651382,33826633,71782,2685500
1635289684.3025231,3642441,34512407,5411966,90942,3770172,33772463,227973528,3678787,33663918,68318,2614245
1635289684.4026456,3666187,34652737,5259286,84492,3661054,33709448,228077639,3998375,33829351,71346,2495801
1635289684.5027666,3648467,34873105,5404176,92420,3808144,33586739,227868287,3557295,33798832,68207,2681717
1635289684.6028883,3629414,34390566,5414130,90372,3998205,34090478,227989454,3745015,33739096,67710,2679873
1635289684.70301,3676477,34797067,5291917,91551,3346287,33567378,228028603,3804792,33822714,68040,2499465
1635289684.8031316,3696211,34869164,5426960,103772,3900671,33802310,228042758,3722168,33838447,67016,2750285
1635289684.9032533,3577662,34368727,5462012,84708,3740582,33839549,227966677,3657900,33703398,67924,2650772
1635289685.0033748,3645382,34886331,5342283,92592,3648733,33807696,228018183,3789722,33746176,67615,2664637
1635289685.1034977,3671773,34985726,5434027,91728,3797745,33787973,228069737,3649760,33837124,67051,2832776
1635289685.2036202,3643012,34811917,5401405,89586,3799529,33865220,228115189,3783730,33702549,67925,2644866
1635289685.3037424,3626949,34366873,5353827,95224,3566104,33650621,228070603,3808013,33798184,68081,2674615
1635289685.4038646,3651790,34978290,5447249,93109,3797733,33812530,228050832,3663860,33623473,68712,2603460
1635289685.5039861,3576427,34402310,5401964,90506,3655644,33870322,227990733,3797059,33700409,67726,2668623
1635289685.6041076,3667482,35035250,5278564,89039,3720634,33665481,227911653,3631179,33744143,67231,2657022
1635289685.704229,3641704,34896422,5429661,90352,3780581,33711759,227945444,3808589,33856132,67626,2733006
1635289685.8043501,3596254,34376045,5326817,80832,3629903,33716329,228032347,3696323,33710956,67772,2687868
1635289685.9044719,3653063,34859138,5404665,98678,3647036,33683796,228068417,3793847,33858067,67463,2547430
1635289686.004593,3592360,34499436,5406620,90405,3920693,33780355,228100611,3658276,33758799,67036,2671127
1635289686.1047142,3636894,34736491,5376947,91524,3677451,33782750,227967116,3804438,33684356,69893,2429930
1635289686.2048357,3635670,34905988,5292220,87621,3619681,33651444,228017314,3779834,33772048,67708,2753078
1635289686.3049574,3608030,34977368,5402855,91707,3798785,33665157,228056339,3645212,33699782,68668,2603570
1635289686.4050794,3409401,34333101,5409850,76126,3644143,33750090,228023563,3806606,33718830,67629,2691740
1635289686.505201,3649395,35072161,5380180,81431,3795409,33707670,227992762,3652309,33691464,66364,2536429
1635289686.605323,3617507,34668023,5420437,91359,3813727,33761244,228021743,3720927,33842324,72029,2782662
1635289686.7054448,3656559,34261705,5316754,88716,3679230,33734248,227942186,3908637,33736647,72007,2368691
1635289686.8055665,3658860,34737029,5425120,91148,3801248,33655761,228134854,3613445,33832485,70404,2365547
1635289686.905688,3582027,34369579,5448421,90819,3970392,33931223,228061641,3702838,33711228,71135,2671126
1635289687.0058095,3673319,34880706,5343942,89826,3559236,33630607,227971680,3808012,33759422,68089,2540328
1635289687.1059315,3670156,34821831,5441870,89457,3836687,33748786,228039079,3765811,33821746,67124,2680547
1635289687.2060533,3425615,34206423,5588646,88413,3703290,33812594,227954405,3650782,33780279,67958,2657285
1635289687.3061743,3656597,34335793,5301441,88011,3712132,33730809,228003228,3785069,33820193,69774,2496800
1635289687.4062955,3678597,34959740,5472024,96786,3801713,33605058,228055059,3646566,33873320,66773,2525673
1635289687.5064166,3481305,34093619,5384657,90787,3810600,33847723,227977860,3748439,33716252,67541,2714506
1635289687.6065383,3707775,34703382,5329625,89612,3652929,33731655,227976535,3807002,33705476,67897,2520991
1635289687.7066593,3673698,34831870,5406247,92696,3808443,33792908,227984681,3685577,33767836,67556,2770457
1635289687.8067808,3712042,34581231,5398823,90876,3651121,33859354,227931699,3757846,33728011,66875,2690814
1635289687.906902,3656741,34665468,5325206,87710,3394063,33726381,228136829,3828379,33658366,68265,2671724
1635289688.0070343,3655074,34790168,5413176,90905,3832735,33689186,228053561,3760521,33715682,67530,2625344
1635289688.1071584,3571043,34396855,5368794,90599,3642076,32593227,218715039,3700766,31840940,64436,2476749
1635289688.2072806,3420031,33043132,5216826,87743,3599811,33808840,228009893,3648975,33793683,66521,2691826
1635289688.3074026,3640326,34757820,5312915,85723,3768431,34006694,227987551,3798116,33697305,68735,2556517
1635289688.4075243,3666729,34826801,5392070,88660,3671077,33612389,228024300,3730658,33775306,67267,2661903
1635289688.5076463,3571570,34263163,5253273,90479,3809402,33792367,228067270,3668471,33700023,68860,2668916
1635289688.6077678,3719738,34657032,5475132,78097,3615984,33703004,228007355,3809573,33818886,67486,2608688
1635289688.70789,3672235,34900780,5428221,85708,3790340,33793836,228030139,3649764,33803029,67297,2531075
1635289688.808011,3605480,34520144,5384099,89717,3760670,33845982,227936478,3792964,33816330,67890,2662303
1635289688.9081326,3627760,34675373,5339568,87156,3581053,33674347,228042391,3701752,32772677,67905,2343920
1635289689.0082543,3633978,34918651,5433542,89718,3565079,34785909,235590450,3873989,34956551,68467,2519360
1635289689.1083784,2875907,37163369,4722963,119975,3820376,33722694,228026288,3819919,33826706,66819,2657103
1635289689.2085004,3530272,34557783,5292707,91064,3640744,33906329,228043151,3681089,33770847,66345,2711144
1635289689.308622,3653476,34942688,5333403,85884,3703942,33968551,228020926,3796875,33738616,68537,2554285
1635289689.408744,3650253,34834068,5426215,90170,3998809,33864774,228095853,3659140,33854359,69565,2669699
1635289689.5088654,3678068,34339328,5393541,90134,3604600,33866511,227995218,3763085,33696987,70517,2679002
1635289689.6089866,3656104,34571399,5329066,82309,3544353,33764940,228033453,3789003,33893049,70310,2573467
1635289689.7091076,3616681,34778230,5555428,94413,3805310,33807829,227967184,3656277,33839201,70195,2639936
1635289689.8092296,3488284,34136313,5395834,91246,3664577,33872497,228030352,3801623,33477314,77497,2635018
1635289689.9093547,3710790,34945156,5251298,86093,3568534,32210519,228037515,3723986,32366048,84114,2207905
1635289690.0094764,3492643,33322433,5156296,83939,3575581,32082763,227941151,3626224,32032760,82668,2346536
1635289690.109607,3447430,32946091,5067788,90261,3689974,32188540,227939450,3628344,31879974,85717,2604295
1635289690.2097363,3451756,32746607,5039616,89555,3799022,33650452,227957283,3506389,32067888,84628,2602892
1635289690.309858,3446075,32629905,5043738,121545,3732367,34013840,228076518,3828009,33967999,71083,2662555
1635289690.4099793,3689018,34929863,5456470,90278,3818975,34017848,228017716,3823381,34093370,68397,2674508
1635289690.510075,3619947,34511298,5463779,90198,3597513,33988359,228086227,3681887,33956984,68605,2685198
1635289690.6101968,3695439,35046173,5399577,86670,3900897,33969092,228060381,3823123,34054631,69271,2389623
1635289690.7103186,3634086,34744310,5534131,100982,3819550,33926141,228036305,3673121,33968728,68617,2702957
1635289690.8104413,3606590,34338496,5352244,79504,3817041,34093383,228057003,3813951,33975900,69666,2579360
1635289690.910563,3830673,35438934,5419252,83640,3785960,33972527,228031081,3699904,33989362,68925,2632519
1635289691.0106847,3629066,34773162,5443900,90043,3817469,33964813,228013358,3678440,33510338,68687,2608114
1635289691.110808,3527735,34365459,5423045,86415,3778689,33986717,228002457,3861928,33923714,67455,2310428
1635289691.21093,3671727,34950369,5449366,89463,3829229,33983331,227982617,3598969,33887151,69381,2331682
1635289691.311052,3587551,34497075,5472329,90498,3793811,34014455,227989193,3808608,33994495,67833,2683080
1635289691.4111743,3674386,34991561,5344817,78101,3703404,33813077,227918964,3790275,33960355,68004,2544189
1635289691.5112967,3692389,34772010,5448806,89568,3954780,33973725,228042195,3689945,33988187,67623,2679410
1635289691.611419,3666703,34434048,5315266,87633,3807505,33968845,228028840,3782034,33850759,69258,2334350
1635289691.7115412,3669755,35033192,5434162,90232,3446109,33878419,228051813,3810730,33976847,68123,2588084
1635289691.8116634,3583795,34727905,5367307,80554,3750054,33718789,222629181,3496101,34152494,65077,2584941
1635289691.9117844,3528265,34363293,5256403,88002,3767456,34106614,227231795,3748339,34023614,58461,2613841
1635289692.0119061,3571854,35028047,5391409,121789,3745990,34022589,227874549,3741294,33957407,51107,2685643
