1635285401.1478274,14815914,110993511,832459287,13372046,132659968,213068,9870558,14339962,136323436,21881809,379393
1635285404.0000215,113701058,1041664233,7212557785,113652383,1043577260,2242001,101591796,115910155,1087378438,174507403,4305764
1635285404.9510164,111372209,1002780792,6994826676,111765090,1007748922,2202426,101827727,113618593,1051887291,166519157,4242458
1635285405.9019973,111952538,1006795978,7005467594,112066337,1007313810,2220628,101947755,114548446,1055668879,169786454,4245647
1635285406.8529813,112193218,1008792808,7031081200,112332863,1009554710,2212299,103427734,113216868,1059047872,168889043,4269001
1635285407.803973,111893969,1008183478,6994513705,112037577,1008103925,2205664,103179785,112701140,1059308099,169894781,4294782
1635285409.705955,109592518,996526151,6876671731,109237875,988162670,2202828,98106204,111790144,1043199347,167546836,4080834
1635285410.656957,108002256,987449942,6788526204,108114190,989441648,2177143,96557293,109690508,1038063073,165656235,3966551
1635285411.6079519,108198443,988348823,6807395118,108284837,989627922,2178843,97343864,111366264,1038188809,164131150,3988354
1635285412.558954,107468892,982701464,6775448782,107763593,983883079,2170590,96809532,109570731,1033576980,161349342,3996583
1635285413.5099485,108132019,986011840,6784833021,108030621,984857193,2174908,96575601,109448056,1032552480,163990020,3979715
1635285414.4600449,108886682,989471811,6835416761,109277113,994509843,2192197,97982420,111335227,1041264637,165639340,4073910
1635285415.4110403,109604257,993883617,6871763391,109601288,991930130,2200323,99445733,110933390,1044820209,167387507,4105963
1635285416.3620327,111688609,1004272097,6984537333,112016729,1007953528,2232911,103101664,112406354,1057576132,168070381,4193218
1635285417.3130374,110104005,995838617,6898324760,110212369,999308136,2188221,100716161,110836577,1042933763,166474663,4096864
1635285418.264035,110611472,999691197,6923304038,110715732,998114055,2201338,100922303,111384412,1049933747,168351920,4097125
1635285419.2150393,109135637,991015534,6888934915,109757133,995935030,2179505,99648538,110805059,1044232190,165348462,4063702
1635285420.1660361,109780349,993221612,6877309228,109839361,993297741,2206190,100376912,112200461,1037562757,165661652,4075896
1635285421.1170418,109339975,991629443,6848024211,109418293,992715310,2196209,99650765,110284630,1040625960,166761289,4054079
1635285422.0680356,109314221,990619073,6844027425,109304836,991302045,2193887,99615257,110582232,1041374164,167039679,4053282
1635285423.0190315,109820922,994243816,6876181615,109986933,995978153,2185570,99910734,110667749,1039950090,166038772,4051954
1635285423.970034,109030970,989849319,6833195219,109256704,989565283,2173377,98751529,111525362,1031072352,164923318,4016333
1635285424.921026,109543566,992466251,6870405508,109791704,995370743,2210685,100019634,110547824,1041830217,167288919,4028380
1635285425.8720315,109548890,989060051,6853145024,109690329,991774384,2200228,100019817,111414304,1038871125,165623755,4042382
1635285426.8230243,109551527,989581501,6856659196,109743984,993236159,2212244,100163009,110291048,1039597356,167126322,4056380
1635285428.7250202,109523607,988749723,6861280452,109608928,989537087,2182339,99554909,111577975,1039940067,165657561,4050457
1635285429.6760225,109662333,996575951,6974722111,110571523,997093653,2225865,100305420,111898444,1030161005,158382863,4132007
1635285430.6270192,110244415,989646553,6916049363,110122370,991393275,2185733,100096131,112867935,1032889631,164377656,4127268
1635285431.5780048,109663046,988053572,6842279607,109757566,990589405,2149763,98934010,110294128,1035139977,165271397,4057653
1635285432.528994,110227356,991676409,6879904089,110417020,991618793,2163324,101107176,112138030,1040498605,166046634,4127000
1635285433.4799833,109964130,991827079,6869342767,109891927,991686483,2156516,100532706,110735068,1040182844,167259426,4061571
1635285434.431007,110107023,993340359,6872295348,110255910,994243505,2159283,100391268,110636750,1039859583,167378408,4087239
1635285435.382,109631333,987307042,6840946478,109513700,990983980,2156940,99669401,110331370,1035712672,165095589,4026237
1635285436.3330016,109689065,989836003,6858674133,109862419,991561322,2148602,99611980,110526560,1040440743,167123971,4037478
1635285437.2839947,110427533,992917304,6900113733,110357389,993633899,2161409,101052547,111004816,1043753246,167783818,4108472
1635285438.235001,109714785,991055650,6876154032,109974825,993439452,2163305,99419556,110433777,1038715241,167069874,4078396
1635285439.1859949,109596828,987711388,6850086949,109665301,987849757,2138008,99735063,110394010,1034006988,166255995,4071508
1635285440.1369805,109682204,987630444,6856504452,109757692,990305094,2140957,99461559,111450772,1034897517,167029982,4035009
1635285441.0879734,109613576,987897413,6847297071,109675048,990078229,2138886,99254616,110193150,1031344719,166651278,4039295
1635285442.0389638,109356312,986829990,6837379415,109492486,989967251,2135011,99034139,111164307,1033125612,166559398,3971108
1635285442.9899511,109950180,990172877,6871131082,110150441,991700698,2141428,101165014,111028532,1040777187,167588419,4061422
1635285443.9400396,110247415,990988260,6880008208,110233447,993041481,2151022,101351726,110969911,1040328611,167650470,4057445
1635285444.8910477,109766043,989561822,6855372340,109815845,989610819,2149628,99936470,110447544,1036214796,166646164,4045649
1635285445.84205,109852579,988981679,6862348119,110014282,991097133,2157003,100265474,110604381,1039230300,167174801,4054032
1635285447.7440386,109989268,990317072,6885492988,110492995,993684906,2156208,100860009,111974407,1038983386,166118022,4076015
1635285448.6950438,110490403,991944478,6890558532,110196863,994804404,2161717,100860943,111034726,1042782427,168070945,4084100
1635285449.6460338,109972213,991730758,6869351804,109881711,989959241,2140561,101218893,110537917,1037825436,166046507,4097273
1635285450.5970228,109905253,991383728,6867099821,109858479,990467954,2174019,99938229,110361810,1035095342,165707359,4069220
1635285451.5480304,109886110,992897129,6880427360,110203322,995198823,2172633,99962609,110732987,1039046608,165872832,4079320
1635285452.4990237,110197562,994099111,6881887051,110350406,993086913,2178860,100953549,111183570,1043253820,167686605,4061822
1635285453.450055,109903275,993954806,6866811633,109981668,995374894,2189779,100080243,112056192,1039655696,166364859,4009355
1635285454.4010522,110918965,994552164,6906239029,110805426,995151111,2189373,101316346,111460866,1044632422,168307851,4066814
1635285455.3520558,109317837,989250946,6844144839,109572906,991729053,2191307,98914717,110684895,1034810359,163882705,3959717
1635285456.3030515,109901437,991151539,6864138601,110083313,993233487,2187681,100124554,110918057,1039437937,167737696,4026495
1635285457.254052,110417317,996427153,6878924391,110360113,995290338,2202298,100520304,111101093,1043054387,167988546,4046844
1635285458.2050512,110394502,993838081,6877334396,110315035,993295750,2198823,101322137,111006575,1039769381,167706292,4064298
1635285459.156045,109694589,991220684,6902711763,109463096,983827981,2279855,98977546,110339354,1038435483,166636325,4054870
1635285460.1070457,109960900,993861026,6882140180,110011052,995512817,2192475,100019661,112047184,1040800102,167642237,4055206
1635285461.0580363,109576908,990799665,6863720184,109709251,993674956,2193362,99790229,111004634,1042901896,167941638,3981799
1635285462.0090408,108996621,984564896,6827357944,109043839,986873303,2176142,99376300,109891022,1032991180,165900510,4003223
1635285462.9600337,109699555,989888018,6859623106,109733052,990948204,2175297,100023692,110564685,1037067292,166239594,4041814
1635285463.9110446,110017332,992791097,6882230937,110232704,994686335,2183920,100193712,110692098,1037040145,165916020,4034668
1635285464.8620431,109209092,988571884,6840604341,109493029,991887942,2176669,98688416,110231811,1034625299,165190984,4014751
1635285465.8130248,109718578,990367207,6854107382,109680251,992074793,2179508,99547249,110543009,1038791177,167231770,4025012
1635285467.7149925,109072492,987421386,6831039183,109281335,990240964,2186820,99043138,110285971,1035211905,164723437,3999342
1635285468.665989,109609749,989249208,6854344128,109579782,992403918,2178960,99706885,110560786,1038157426,167108180,4055422
1635285469.6169822,109644061,988583062,6861354889,109906403,990718373,2174026,100441025,110900884,1037845145,167221671,4042935
1635285470.5679808,109310932,987890039,6841637341,109197489,989609065,2178808,98934407,110357035,1036171052,166464986,3988010
1635285471.5189743,109245574,987336313,6841645126,109402224,989558820,2173831,98869504,110254129,1036333713,166892237,4007767
1635285472.4699824,109389071,990736596,6854118237,109580718,991654197,2177555,99239700,110364182,1036783479,166868606,4009147
1635285473.4210148,109777420,989305341,6860759232,109767309,990867404,2181300,100065540,110576935,1036760936,165836074,4033751
1635285474.372014,108914274,985603036,6827407962,108938786,988098632,2175366,98608611,110107681,1034271958,166492157,3975628
1635285475.323009,109416870,987392367,6848659385,109625907,990162006,2181579,99485861,110392771,1037252428,167062011,4022994
1635285476.274,108913314,984745796,6820593962,109036734,985504514,2165665,99116831,109646652,1031759706,165955076,3996466
1635285477.2249997,109082872,987390071,6834705319,109115774,989529425,2173031,98924195,110869566,1031824571,166360648,3987594
1635285478.1759918,109651778,987998151,6859033522,109823788,990749250,2178726,99331351,110339741,1038230816,167121654,4018369
1635285479.126995,110131791,990677893,6881361095,109914001,989477622,2150686,98332061,111326289,1031342138,166944755,4056195
1635285480.0779822,109953576,990255893,6860705370,110021162,993074162,2173876,99811368,110196251,1037640259,166944477,4024416
1635285481.0289726,109759064,989130402,6868641266,110019496,992498050,2167040,99615019,110525576,1038769177,167165047,3992700
1635285481.9799547,109954669,990654750,6876621710,110098921,993600405,2169878,99993863,110531440,1037433778,167282538,4030713
1635285482.9300532,110530593,992862614,6897176116,110601129,994745189,2172711,100833970,110963227,1041078840,167925668,4064698
1635285483.881046,110620312,993937859,6902270459,110423739,990254507,2179140,100979611,111077454,1041499636,167874546,4086427
1635285484.8320327,110481514,992430083,6889130569,110451342,992853642,2165722,101274659,111021321,1043054468,167554359,4090905
1635285486.734007,109362974,988511049,6845741998,109495002,988848140,2160817,98931084,110022837,1034324788,164962005,4037554
1635285487.6850095,110051982,992312394,6885022098,110404716,993964648,2165913,100435584,110771417,1038848769,167078351,4063950
1635285488.6360035,109578737,989479950,6855539542,109408613,987659749,2158153,99163367,110238620,1037248635,166544821,4040534
1635285489.5870085,109263585,984888095,6838899352,108620858,986455051,2155870,98649517,111977265,1030037998,163496628,4003645
1635285490.5379999,109953984,989601679,6913277520,110321243,993412994,2234115,99975453,111490276,1032191531,167005801,4140714
1635285491.4889963,109755486,985658598,6929938169,110219347,991763374,2191708,99568171,109823556,1036332489,166340615,4257271
1635285492.4400089,110300088,991302516,6872111592,110347928,991218355,2130046,100656020,111609262,1033550893,164355453,4144503
1635285493.3910046,111606689,996407380,6920029415,111408826,997863706,2138052,102167608,111128727,1041960031,168209399,4186521
1635285494.342009,110227473,988591978,6866820162,110348828,993445516,2130970,100582992,110754285,1039566067,167102397,4114646
1635285495.2930021,109690906,988803618,6836761876,109716906,987029640,2132331,98999698,110041996,1034481033,166453972,4045126
1635285496.2440042,109858606,988816879,6858927794,110029616,990163055,2154290,98993744,110183645,1037797667,166779296,4059152
1635285497.194998,110774419,991291302,6920267439,111398239,998404414,2164812,102176246,111352476,1044159829,166489198,4142711
1635285498.1459994,110661556,992297943,6882687750,110698933,993919917,2154804,100093783,110691915,1040001694,167429355,4109098
1635285499.096995,110022085,983108390,6886672622,110165461,991888599,2168369,100764436,110730111,1038802334,165945758,4100076
1635285500.0479875,111296378,995832625,6912038265,111168817,995607720,2160571,101768775,111019993,1041296359,167831783,4141086
1635285500.9989715,109132796,982441383,6822553067,109174427,987028686,2143967,98536214,109822790,1034021196,165952692,4040418
1635285501.9499602,110358789,991974725,6869638859,110455560,992044678,2152356,100577044,110581089,1039316834,166927626,4079065
1635285502.900055,110565397,990318497,6883417983,110667664,994212968,2151135,101634141,111809753,1039595894,166038258,4100724
1635285503.851049,110031350,987732590,6850541192,110105235,990291930,2151379,99743657,110243424,1036574378,165490139,4070691
1635285505.7530298,110774463,991093776,6888956709,110768939,991141099,2156118,100558619,110632047,1039152660,167408976,4102525
1635285506.7040305,110203000,990100097,6871282221,110338378,992535980,2148249,99918500,110369934,1036893395,167137784,4091202
1635285507.655037,110409321,990888222,6877765232,110644924,990842853,2147302,100941301,110619883,1038466826,167336577,4110839
1635285508.6060324,110818765,991292314,6889243264,110733639,993852939,2153130,100912837,111740854,1038457141,167768211,4084298
1635285509.5570278,111089888,992258064,6906575272,110715022,991063784,2172104,100284220,112071823,1032108527,163250127,4144841
1635285510.508017,110294384,989738020,6870031080,110192240,991407304,2163467,99833522,110389108,1035783401,165552553,4104045
1635285511.4590187,110807139,992639540,6899681994,110748174,994683133,2173031,100392905,113844229,1030764590,164513137,4116646
1635285512.4100335,110610962,992082583,6889747468,110595942,994851051,2155966,100659146,110624773,1039717482,167282003,4092423
1635285513.3610353,110785052,989981805,6893211929,110973862,993420929,2164915,101686498,110965002,1043852827,167982912,4115181
1635285514.3120263,110369512,988303336,6881232218,110448391,992293220,2158006,100757035,110662204,1038668171,164554100,4095631
1635285515.2630267,109413158,985227541,6822128061,109315130,987533781,2152400,98556347,110687338,1029906417,163306426,4039614
1635285516.2140157,108450903,972995429,6763716075,108671471,976563383,2139527,98366294,108802854,1024836799,164596208,4012349
1635285517.1649992,110480736,991897892,6881895427,110537328,991844721,2149996,100578374,110647140,1040368716,167643244,4100095
1635285518.1159794,109261272,987932963,6838274535,109679701,987051474,2155136,98366036,110240464,1029603014,161780597,4023158
1635285519.0669603,108534066,982115462,6817137072,108905387,981221971,2135737,97906594,109294132,1024873716,161287007,4029764
1635285520.017947,109721842,986602420,6845891580,109778314,988342707,2155457,99270215,109892393,1034272323,166424696,4051823
1635285520.9689398,109928462,987453993,6852988414,109997348,990659886,2150338,99257687,109946696,1036455639,166643451,4052005
1635285521.919944,109330106,986604369,6861619558,108979696,983512099,2161623,99271016,110732099,1032347187,162928853,4123773
1635285522.870029,109400736,988840868,6855975420,109385778,989498745,2182204,99518441,110877076,1024111210,159435934,4117597
1635285524.7720203,110315621,992375583,6890111855,110382700,993151384,2199036,101319841,110546453,1036583909,167475518,4141481
1635285525.723025,110450212,991614221,6912400254,110525295,995621818,2206389,102054380,111087755,1041430056,168008802,4145524
1635285526.6740232,109816544,989899827,6862830741,109871266,992557223,2189444,99607821,111679091,1032652600,164118320,4079930
1635285527.6250136,108745844,985821930,6826980886,108903315,987674956,2179811,99227457,109990963,1033845435,164591244,4042663
1635285528.5760226,108590672,985108108,6809178037,108628856,986737213,2176668,98380436,110021548,1028055002,165841048,4009475
1635285529.527025,108950253,982851201,6833676867,108781277,984793927,2178122,99183629,111075393,1020053532,164154938,4072220
1635285530.478031,109484717,987490705,6853030485,109431127,990141386,2185476,99864206,110161092,1036078012,166612407,4066459
1635285531.4290285,109519292,987328184,6855845143,109497491,990238231,2167408,99504845,110064989,1039050360,166400823,4086637
1635285532.3800547,109328655,986089735,6835145527,109393356,988984786,2160884,99353491,109928534,1034100352,164838714,4060471
1635285533.3310444,109157349,986505601,6885290742,109384157,986015932,2222974,98160446,109206361,1026257305,165160280,4171193
1635285534.282035,109628035,987476579,6848734148,109470648,987443392,2157640,99476553,110290506,1035171891,166580283,4060588
1635285535.2330294,110148575,992397966,6888624984,110310816,992364709,2173313,100277345,111569147,1033217478,164068679,4129557
1635285536.184018,109754707,986261637,6864253497,109781243,987222896,2161834,100325747,111528104,1032492338,163615784,4143513
1635285537.1350281,110427880,992314320,6956082936,110495304,992932539,2247100,101762559,111001977,1041084519,166612507,4210348
1635285538.0860207,110210481,993829623,6906259751,110020972,991668165,2215025,101469902,111030517,1038202958,164629333,4119417
1635285539.0370145,109719256,991529864,6901004245,110050512,990320650,2182807,100880522,111273813,1037229014,163454573,4079643
1635285539.9879937,109729984,988858098,6864509647,109721682,988681888,2181434,99730109,110070736,1035077897,166682797,4089216
1635285540.9389985,108699858,981680382,6817361043,108557866,981149697,2158419,98427304,109736347,1031476386,165982202,4030813
1635285541.89001,108711083,981942249,6814230642,108555843,982782374,2158157,98407793,109644994,1029451763,165819943,4036671
1635285543.7919934,108550084,982139587,6817526421,108645732,982010943,2155877,98587905,109590751,1029093071,165817127,4057537
1635285544.742981,108490327,980439963,6810687237,108094825,978411473,2151804,98029706,109193525,1027148748,165433634,4070098
1635285545.6939776,108724390,983008969,6825050418,108957651,984420751,2159077,98287260,109883492,1028809527,163115632,4044900
1635285546.6449747,110065510,988928361,6877126942,110106918,990134236,2169384,100909839,110553533,1033401749,166894730,4135063
1635285547.5959866,110146496,988245565,6862858158,109993735,989967348,2176028,100987575,110527804,1036066127,167250221,4099796
1635285548.5469837,109855389,983357991,6865206143,109867591,989191886,2166682,100781632,109920389,1032369006,166962686,4102157
1635285549.497998,110738953,990341650,6977503874,110501319,990858178,2374062,100992854,112051987,1039706112,166191094,4181490
1635285550.4489982,109766203,986152220,6912114555,109855499,989096655,2195375,99750326,110869646,1039638233,164462378,4166981
1635285551.3999848,109552568,988740914,6863348867,109852757,990234910,2186660,99435800,111161586,1034759128,165418683,4077827
1635285552.350998,109010821,984371452,6851823276,109589491,987693392,2158605,99515859,110293021,1034512609,165397412,4070286
1635285553.301987,110235504,990141601,6888237648,110225658,992287201,2185573,101244829,110863443,1039296401,166207688,4132820
1635285554.252991,109430971,985187435,6842071737,109409003,987422160,2170401,99676266,110220095,1032040935,166567034,4073694
1635285555.2039876,109694234,987461516,6850629313,109570286,987627830,2168383,99536843,110373539,1035025023,167067885,4071339
1635285556.1549957,108935886,983621224,6827236938,108985091,982262873,2158259,97984549,109911274,1030956947,166206815,4040060
1635285557.105989,109165400,983950195,6828858954,108921835,984128971,2159688,99577296,109999047,1033360281,166429669,4055339
1635285558.0569859,109211752,984785012,6838703353,109205410,985580771,2166656,99585114,110809291,1027613559,163272505,4042530
1635285559.0079718,108955594,983019087,6821709890,108678202,981549658,2168994,98415114,109787773,1032998545,165972753,4069903
1635285559.9589589,108834931,984325895,6828391317,108927111,985804076,2181154,99430386,111016065,1030236710,163192965,4038807
1635285560.9099493,109146131,983512717,6851009686,109306746,988608573,2182291,100739315,111171192,1029884638,163674037,4078990
1635285562.8110359,109821560,989490900,6874684229,109822401,990455270,2189441,100848469,110575685,1038153384,167057190,4097922
1635285563.7620246,109138727,984670508,6868608565,108831412,987474439,2186270,100041983,110351133,1037521625,165598617,4072906
1635285564.7130213,109576075,986785486,6867333574,109616056,991158446,2200450,100341518,111371250,1036508205,165443696,4078822
1635285565.6640222,110081293,990857401,6897670820,109900937,989470484,2196589,99494195,114533951,1031535237,164323268,4099805
1635285566.6150281,109707394,988732284,6869070052,109684160,989937252,2196570,100545845,110275757,1037400642,166648955,4104824
1635285567.566025,109192601,985748103,6854130662,109431810,988116292,2209932,100487690,110250629,1036110465,166558781,4088652
1635285568.5170174,109078972,983941480,6855629301,109096442,988181859,2186869,100249248,110160040,1036166056,166358169,4068103
1635285569.4680092,109989872,989268918,6893368184,109136450,984654416,2201632,101081190,110832622,1039081775,167450368,4124429
1635285570.4180853,109648527,989142904,6859076157,109510548,988759568,2181723,100185641,110301068,1034290062,165180593,4084322
1635285571.369083,109018910,984948022,6839865045,109129118,988327480,2178092,99480422,111044776,1032232077,166284182,4060445
1635285572.3200438,109976885,987609527,6879856166,109815827,990744448,2171692,100461705,110622136,1036543011,166925649,4091159
1635285573.2710662,109582517,984195466,6852262574,109356067,984275722,2165890,100007895,110092432,1032017533,166511061,4080652
1635285574.2220604,109399929,985703898,6851877565,109301529,988904651,2160554,99212614,111744250,1026992583,165282519,4075250
1635285575.1730685,109806978,987865396,6868511596,109940507,989921606,2163702,100405225,110446449,1036260995,165769097,4094073
1635285576.124065,110188330,989441498,6888238102,110281218,991045266,2176218,101438202,110807162,1037102366,166089188,4124816
1635285577.075058,109692477,986113964,6865512948,109854457,990926693,2174684,99862351,111214773,1033034058,165629598,4080640
1635285578.0260406,109704880,985641984,6873025238,109271572,983904031,2158934,100516899,110292193,1034748172,166959719,4093626
1635285578.9770186,109301410,974195212,6964500993,109655595,985137975,2239797,98395698,112660926,1024335694,163001977,4024568
1635285579.9280026,109056021,983942800,6859806309,109205283,987970202,2162851,100059319,110531296,1034983694,166594553,4060518
1635285581.8299832,109072353,986359994,6864320947,109225677,988985091,2153157,100167463,110052828,1034425813,166662849,4063920
1635285582.7810009,108985508,980289861,6864645516,108696760,987636042,2161067,100645020,112369982,1024838495,162327388,4089285
1635285583.7319984,109280829,984298885,6861839213,109287012,988577389,2158303,101445203,110085487,1035807760,166585447,4090351
1635285584.6830046,109465590,987385659,6882102227,109514988,988901312,2163619,101316593,110398855,1036235783,166760403,4107518
1635285585.6340096,109539148,987099349,6879518858,109554022,988585165,2170718,100968354,111452381,1036551269,165618227,4085094
1635285586.585012,109055765,985717709,6854584837,108869120,985371281,2151995,100364583,110343310,1031311628,165157199,4062152
1635285587.5359962,109339626,986571733,6868051366,109436394,988627396,2159882,100602496,111047045,1035255517,166811797,4074421
1635285588.4869947,109585376,988710498,6897655188,109475972,990211919,2167966,101309343,112646135,1035357980,163624430,4081916
1635285589.4379914,109918285,990870453,6899114057,109904141,990946495,2166025,101635133,110341276,1037449562,167120453,4097670
1635285590.3889945,109534855,987631687,6880922847,109642106,991687479,2159886,100530649,110094549,1034132773,165150867,4072165
1635285591.3399851,109059406,986130645,6871385104,109369916,989419434,2169092,100255563,112556406,1031745420,163370310,4079367
1635285592.2910335,109193474,987539172,6858267470,109194475,986164844,2151915,99883251,110102604,1035283665,166409416,4074809
1635285593.2420235,109444607,986898141,6870866930,109497809,988718095,2163710,100845688,110261845,1036193267,166552371,4082373
1635285594.1930237,109561949,986459678,6879353273,109810762,989746131,2183027,101328176,110440548,1037215089,167191439,4074826
1635285595.144014,109208202,986390906,6865931742,109424478,985829794,2162924,99747282,110084462,1033409413,166519429,4065584
1635285596.0949984,109281795,987124939,6865272328,109484221,988789974,2179093,100477379,109899081,1032622358,166460814,4075044
1635285597.0459867,109690899,985716251,6886437840,109754600,991696599,2192657,101108808,111154004,1035634004,167179201,4103398
1635285597.996962,109310053,984975244,6912942164,109995870,994019168,2188229,101436573,112222084,1034756590,166444987,4101167
1635285598.9479544,109512053,986969087,6876091815,109606791,988843330,2171901,100542754,110291187,1036047563,167028541,4105893
1635285600.8499348,109866337,989902370,6891998412,109907196,990823864,2188957,101100176,110572954,1038117692,166976951,4098737
1635285601.8000433,109938148,988949779,6896279651,109946881,990434622,2190232,101569066,110454339,1037172709,167363441,4123040
1635285602.7510464,109887039,987410658,6885484789,109924506,990709210,2189028,101520877,110553895,1038715644,167167638,4107569
1635285603.70205,109985356,987036741,6877465098,109857928,989598100,2185315,101323491,110553321,1037431124,167052546,4097348
1635285604.6530483,109618009,984849547,6863148116,109836207,990317156,2194725,101217788,111535732,1036684389,165495099,4105983
1635285605.6040487,109793984,988662953,6873426692,109981760,991665071,2190328,100574647,110503739,1038083092,166937665,4094815
1635285606.555042,109688769,987335824,6865779768,109839445,990460324,2174205,100566028,110359254,1037402897,166787669,4095368
1635285607.5060482,110040592,989390013,6879605731,110089435,991704014,2195939,101073959,110527889,1036619654,167450148,4122620
1635285608.4570444,109436636,986188513,6874780527,109929508,990914407,2195466,101021796,110699989,1038658658,164279906,4104266
1635285609.4080546,110059586,988148999,6879924432,109968422,992598581,2188333,101029843,110601991,1038482831,167270493,4117768
1635285610.35905,109325894,985629073,6911132106,110064072,990300866,2172141,100908854,110507999,1033375139,164081638,4143128
1635285611.3100567,109727107,984544058,6852908963,109845784,990283010,2164460,100514945,110435929,1036811096,166126955,4115779
1635285612.2610524,110058349,987683464,6873279681,110003643,989349397,2166577,101588631,110594760,1037395838,166975506,4124405
1635285613.2120457,110050515,989111225,6873715046,110169576,989617274,2158787,100581849,110593262,1037819519,167074728,4118758
1635285614.163042,109874102,987308782,6856402045,109722413,988320160,2152913,100237080,110037252,1034448645,166750104,4091978
1635285615.114034,109605045,986523171,6855712705,109843619,988493530,2171156,100088921,111358999,1033647076,167018004,4095898
1635285616.065034,110043984,988502346,6870905627,110159982,988925097,2169750,101281919,110650521,1038138907,167294216,4104565
1635285617.016021,109743025,988353004,6872200701,109835707,989117170,2172191,100750199,110430031,1037153240,167085732,4113205
1635285617.9670155,109840299,989391243,6861775633,109862713,988146573,2172552,100306719,110301820,1036512646,166973929,4094510
1635285618.9180017,109524855,987850689,6856528807,109717492,989952255,2167545,100763715,110314573,1035759467,166824440,4080455
1635285620.8199735,109676116,986144964,6856384544,109689100,989883753,2172761,101303869,110389228,1038370376,166797628,4094324
1635285621.7700386,109537788,988019679,6854012503,109601310,988030321,2174094,101012040,110325702,1036210492,166712340,4093636
1635285622.7210293,110174308,991699527,6898339912,110484395,993161709,2185853,102007670,110874399,1040961355,167599515,4120661
1635285623.67203,109785560,988825449,6869385762,109984800,990359278,2173884,101014150,110395661,1037759354,166866080,4096888
1635285624.6230402,110386909,992607254,6898122276,110403005,992971916,2177875,100362738,113655608,1034386992,166558629,4117744
1635285625.5740333,109803826,988427823,6871972165,110053492,990205538,2181722,100978913,111255110,1034733446,165734356,4118488
1635285626.5250435,109847105,987500328,6872839135,110159330,991090646,2175934,100648371,110633521,1038758138,167489007,4086343
1635285627.4760413,109934354,989578121,6878723525,110104198,990114624,2174625,100929500,111533197,1035929589,165834091,4113993
1635285628.4270408,109860501,988951291,6866346655,109919171,989755869,2178487,101117773,110423870,1037933745,167049673,4115070
1635285629.3780365,109778994,988353915,6873694695,110061211,990172583,2182357,101349748,111406549,1035291305,165567895,4126419
1635285630.3290331,110166198,990458134,6884176676,110310431,992190585,2179605,101293672,110699717,1035630594,164160689,4122731
1635285631.280045,109539289,988538636,6861406892,109596562,987034186,2175396,100784300,110347741,1035224107,166727497,4096242
1635285632.2310386,109577190,987579689,6867126405,109778566,988680402,2170448,100410010,110519656,1035997229,166778007,4102365
1635285633.1820447,110392865,990120517,6933280696,110101850,987727435,2223587,101194792,111366416,1032419447,165703342,4198323
1635285634.133039,109881232,988573557,6887384818,110086471,990898201,2180090,101107552,111575025,1035895128,165601796,4112398
1635285635.0840435,110053770,987821879,6883228217,110322586,991625155,2177734,101358495,110735999,1037301167,165947893,4115047
1635285636.0350275,109709302,988804905,6868883066,109690154,988886271,2168863,100904319,110389657,1037558463,166686255,4103812
1635285636.986023,109580849,986665797,6873412116,109762343,989574525,2173808,101006032,110651917,1040343138,166886607,4107295
1635285637.937016,109366110,984471104,6880388362,109891307,990286883,2175883,100871256,110563384,1038941395,166946235,4127105
1635285639.83899,109725043,988271245,6870677854,109630063,989783147,2175036,100825918,111324874,1035009819,166364949,4114499
1635285640.78998,110305353,993130848,6909359249,110403107,992808582,2196789,101435868,110999137,1044011949,167881775,4166063
1635285641.7410185,110404654,994086975,6914195971,110488576,996929202,2209024,101461849,110896072,1042965249,167454057,4162091
1635285642.6920161,110281111,991049125,6942973929,110480591,998198665,2210404,101975013,112326210,1041790392,164633455,4183170
1635285643.6430197,110563865,992535324,6921911267,110544150,995927357,2188475,100994790,112005203,1042265507,167805936,4197774
1635285644.59402,110819887,994219433,6940127426,110867900,996125527,2195739,101797266,111681092,1047031649,168754691,4199741
1635285645.5450249,110782648,997436334,6950440317,110864287,997457697,2192425,100359025,111510657,1045663700,168276065,4192542
1635285646.4960186,111341579,997979161,6972953281,111039042,997450156,2215127,101721047,110817118,1044988562,168015127,4223062
1635285647.4470115,111284192,1000114148,6978321700,111587798,1002460424,2219543,101729324,111833102,1045071247,166935948,4264400
1635285648.3980074,111658119,1001982436,6999091448,111676811,1005851572,2221617,102740732,112820935,1046112336,167049736,4314121
1635285649.3489964,112347266,1004536480,7021126073,112356058,1006240207,2229957,103361071,114632005,1053717933,166921961,4362008
1635285650.3000238,112089262,1002384456,7005740888,111952300,1003993983,2222713,102258862,112360594,1050751110,167986478,4314808
1635285651.251015,111797362,1001968373,6987098751,111815934,1002038816,2224368,101682917,112988690,1050914265,168182404,4279100
1635285652.2020185,111700086,1002421483,6993620481,111907679,1006386216,2224153,102951530,112099843,1050545471,168287274,4271352
1635285653.1530128,111586137,999063997,6986868952,111857032,1004054615,2205920,103083375,112010839,1049613459,169211941,4269495
1635285654.1040163,112113902,1002494057,7003296877,111571045,1000385600,2214652,102974770,112213996,1053076565,169992203,4278464
1635285655.0550048,111732974,999915252,6987467597,111846198,1000495060,2197509,103292939,112724463,1045334277,167612938,4282123
1635285656.0059912,111683293,1000836877,6989538119,111945089,1003514997,2191951,103015207,112104570,1048480198,169604701,4299060
1635285656.9569747,111306048,998174656,6960966956,111098751,999331962,2206288,102713207,111802378,1046873300,168786523,4256981
1635285658.8589633,112283627,1001948827,7027112536,111574124,997938233,2223390,102796605,113020750,1058841409,170633527,4308452
1635285659.8099566,110853631,997712423,6945564036,110676452,999545244,2195165,100674476,112839077,1038694285,166829548,4222465
1635285660.7600527,110781927,997626774,6952753306,110995882,999092525,2184878,102111799,111408738,1046348082,168267946,4205203
1635285661.7110558,111525957,999146019,6959841271,111708200,1000344188,2188891,102047197,111658877,1043911115,167140962,4244074
1635285662.6620557,110727815,994855777,6923595826,110964496,997120027,2183609,101622772,111395894,1044372946,167860209,4206563
1635285663.6130533,110872244,994512505,6930346653,110233636,995820502,2187687,101594052,111363125,1044195945,168225978,4208055
1635285664.5640497,111373524,998242826,6957184429,111256719,1000197371,2203850,102307990,111761501,1048507461,168919631,4242641
1635285665.5150518,111355204,997879929,6955275009,111263907,999798862,2210570,102325643,112867835,1047146784,168794715,4240156
1635285666.4660423,111509259,999912727,6965119562,111380909,1002348349,2207782,102550827,111745894,1048177683,168754191,4235497
1635285667.4170494,111239183,998247884,6953882995,111297926,1001017226,2208317,102184767,111332347,1047350467,168746832,4234106
1635285668.368045,112052886,1004704495,7002312568,112010154,1003169432,2185993,101373594,114042958,1043253621,163866984,4257750
1635285669.3190498,111259935,999232932,6951037527,111133795,999873907,2207319,101416401,112642049,1046315769,168803639,4208911
1635285670.270039,111027841,996675589,6951439519,111356045,1000189743,2185905,102292943,112551322,1044252315,165978560,4243166
1635285671.2210383,111683004,1000246400,6965390720,111711918,1001704427,2189437,102517662,113242599,1045925813,169169159,4255340
1635285672.172033,111425844,997064727,6953561184,111305675,997967060,2181388,101622019,111764965,1045235199,167408770,4243534
1635285673.1230233,110894561,995969214,6925030617,110947410,997252946,2174204,101882646,111347703,1045127795,168205396,4213961
1635285674.0740142,110407041,992919742,6912110489,110585730,996222495,2176417,100792171,111049107,1040358792,167654246,4197037
1635285675.0249996,111567160,1000650002,6981161716,111749806,1003601763,2180762,102567896,114108633,1046128277,166113288,4246714
1635285675.9759967,111274613,997446898,6953577597,111304010,996849300,2180142,101501232,111554257,1047209143,168511326,4222011
1635285677.8779936,111394536,998396189,6953788793,111405717,996763622,2178411,101953482,111702327,1047116362,168629893,4207438
1635285678.8289943,109987704,988063902,6928835349,110816553,996483139,2161238,101855724,111493648,1044535422,165380730,4161322
1635285679.7800224,111659341,998398245,6965456313,111641366,1000571460,2183056,102603373,113009940,1045978608,167168687,4219763
1635285680.7310169,111392610,998485772,6962113404,111461642,999194137,2180882,102329666,111824756,1046415212,167249997,4226639
1635285681.682027,111202044,998605228,6953573598,111186983,996482590,2177827,102021434,111434007,1043832319,168519500,4212797
1635285682.6330268,111234674,995408974,6948656780,111205750,996998579,2191508,102378565,111325307,1043379596,167056760,4210351
1635285683.5840194,110728033,993978540,6923360496,110707718,995965964,2178607,101195057,111017402,1042689763,167763327,4151528
1635285684.5350251,110959947,994562327,6953999122,111073289,998231093,2204564,101940305,111801966,1047855488,167557769,4209334
1635285685.4860175,111553008,998983669,6978986281,111627922,998683093,2185320,102724550,111888821,1043568408,167333425,4242156
1635285686.4370244,111786880,1000071553,6986468409,111981118,1002950080,2197357,102692433,111891807,1048911520,169164353,4241819
1635285687.388017,111672700,998291849,6970502756,111564903,1000894678,2195452,103062197,111986313,1048311462,168717000,4236582
1635285688.3390172,111429504,998265307,6966581237,111454906,996411273,2211373,102056182,112098365,1039530164,166777648,4214961
1635285689.2900305,111732337,999562248,6985551836,111856881,999870136,2185067,102129158,114052334,1044969018,164855113,4271583
1635285690.2410235,112076987,999166087,6987611466,112089029,1001529739,2186861,103077982,113190558,1045539644,169056289,4257340
1635285691.1920161,111528523,997616369,6973616375,111499221,999825336,2181134,102284050,111825882,1044745948,168224099,4235239
1635285692.1430056,111148770,993715003,6945808352,111056165,998808764,2172494,102137846,111885556,1044799167,166715209,4221782
1635285693.0940096,111064988,994244854,6941348358,111085573,997435379,2171258,101951548,112070081,1037238705,166189994,4223157
1635285694.0449994,111356014,996708394,6956182158,111149108,998167450,2169407,102110166,112559901,1044667308,167332126,4225239
1635285694.9959865,111436796,994960791,6963478113,111396130,998328714,2185292,102968455,111512892,1047305838,168632157,4242116
1635285696.8979745,110825480,994040794,6931218448,110897362,995804493,2163461,101227619,112074610,1039659329,166467860,4200217
1635285697.8489707,110737545,991667747,6934656539,110513184,994545059,2156936,101660616,111146665,1042147213,167772847,4206906
1635285698.7999685,110860075,997556255,6969848629,111579053,999120761,2161295,100718438,114551006,1033186364,164563492,4215462
1635285699.7500367,110399855,991407738,6900846221,110518238,993634895,2165188,101073671,110673214,1037334394,167492159,4184145
1635285700.701029,109938059,988432674,6881058652,109892686,992154147,2167728,100861735,110559301,1038032752,167039177,4133569
1635285701.6520364,110615735,991098200,6901495933,110567573,993782193,2165016,101062859,112111518,1039686384,167675962,4165821
1635285702.6030307,110124367,991514331,6959644624,110723886,995907159,2167830,101388301,111266741,1038290627,164882519,4203419
1635285703.55404,110908801,995771634,6936823221,110975596,995684599,2172828,101793335,111333248,1042043526,167989441,4192199
1635285704.5050392,110956172,995180707,6931139954,110790481,994555134,2180676,101616409,111235345,1042459273,168311496,4193270
1635285705.456038,111442795,995147332,6952775951,111534075,1000285801,2170913,102473760,111495338,1042568550,168721417,4215654
1635285706.4070323,111074663,993675244,6947216341,111025778,994501233,2170500,102354491,111301319,1039203674,166280022,4211498
1635285707.3580315,110945231,993374393,6944593584,110969133,998557477,2180897,101376745,111576463,1043296567,168330496,4192645
1635285708.3090303,110118241,990159886,6958002873,111201770,998251989,2183801,102095732,111650484,1043163967,165521861,4175322
1635285709.2600415,110965871,994904880,6987051140,111171829,996227567,2253315,101784146,111185013,1039638995,165723409,4258809
1635285710.2110465,110968398,994366156,6947280817,111121458,997153403,2164661,102532235,111398460,1040492130,167209325,4194484
1635285711.162041,110482266,993296759,6928951389,110883482,995362208,2176043,101604163,111110846,1040907107,165268085,4167166
1635285712.1130357,110348966,991613212,6904026403,110347354,992178814,2174723,100925165,112032151,1038457574,167390614,4170715
1635285713.064019,110356028,992405981,6897510170,110450838,993904270,2176768,100791417,110819089,1041640130,167742525,4161470
1635285714.015007,109946536,990490481,6916390428,110790418,995524924,2167145,101707106,111240725,1040917895,164802093,4163406
1635285715.9169855,110244948,990547053,6912084299,110432053,992392443,2181464,101374975,111062462,1042460601,167925850,4190403
1635285716.8679817,110924004,993980741,6913782423,110950429,994431006,2166062,101805718,112115689,1039608730,166704864,4179822
1635285717.8189719,110611969,992554484,6903901293,110672896,995295547,2168556,101198673,110984170,1042121235,167714082,4169443
1635285718.7699733,110803771,991378365,6942946206,110476575,993627228,2176280,102498924,111501857,1044628894,164496798,4204635
1635285719.7209864,110523508,993027166,6905404877,110162637,991838076,2159704,100438989,112526670,1036156304,168031173,4172546
1635285720.6719975,110628296,994896364,6905753733,110855368,995247837,2145454,101544121,110974592,1041736498,167762809,4179783
1635285721.6229963,110881178,991978289,7046780274,111313225,994183576,2299127,101795439,111253997,1034146902,165690775,4394722
1635285722.574007,111478897,996835093,6958687694,111526772,998885691,2186113,101608661,111817665,1041787973,168164588,4263521
1635285723.5250013,110716919,993618351,6944558875,111248811,996840125,2162366,102032194,111328013,1042880503,164222322,4221368
1635285724.4760013,111051656,993387966,6944209152,111539313,997925355,2169027,101712413,111429920,1044043704,167560619,4208829
1635285725.4269984,111010806,995307041,6936040377,111231253,996652300,2160532,101701861,111252443,1041396964,167862817,4198232
1635285726.377989,111226974,996335518,6936611472,111388231,997020582,2165487,101954815,112153815,1039208137,165111595,4190361
1635285727.3289938,110982112,992785518,6935336781,110793450,993308736,2173549,101790110,111402082,1044304787,168157510,4194677
1635285728.2800124,110661560,993777428,6952875466,111011933,995508656,2221431,101272543,111547068,1039619295,163835409,4200796
1635285729.2310188,111216031,996230218,6983147631,111324810,997516157,2232720,102019324,110905956,1034561440,165811308,4229144
1635285730.1820126,111498169,997597797,6954418285,111434480,996890904,2161795,102026063,112049783,1042369480,166801717,4222227
1635285731.1330118,110877335,992802065,6935469032,111300622,997137269,2160344,102739287,111492943,1042161762,166576306,4205587
1635285732.0840027,110759791,993030526,6934981887,111151666,997563041,2177499,101981754,111636585,1044753192,165372325,4203655
1635285733.034994,110456491,991805552,6906106520,110813789,994518753,2177401,101275590,111112660,1043163735,167923635,4162312
1635285734.9369662,111261773,996267112,6952503667,111291693,996612077,2197808,102465453,113678071,1043699997,168499570,4222440
1635285735.887972,111285706,997047273,6948906084,111393192,996593422,2179371,102331925,111573556,1042841192,167094470,4207359
1635285736.83897,111477137,997878731,6954366665,111476171,996890699,2172795,102489191,111644806,1046973760,167613809,4235722
1635285737.7899742,111429793,996522182,6954661947,111578186,999675478,2182793,102346353,111395762,1045066403,168563598,4213795
1635285738.7409918,111004419,989358251,6971196095,111219133,995051466,2223622,101513666,111963949,1043123929,168262365,4253835
1635285739.6919992,111780969,997853405,7045259233,111726563,997257306,2282195,102598360,111089025,1042418215,167467482,4386724
1635285740.6429973,110812370,991723462,6923287278,110882050,996188112,2169279,101905658,111463966,1045711608,168345333,4202269
1635285741.5939872,111144556,996077314,6927344902,111181715,997567339,2167483,101810762,111073943,1041810949,167941507,4211420
1635285742.5449846,111371027,996859759,6941155485,111572523,998081949,2158680,102478546,111174366,1040172832,166964778,4236390
1635285743.4959776,111486608,997626005,6944731074,111495223,997808431,2173816,101892496,111555769,1044588768,165943159,4212996
1635285744.446991,111268361,996125699,6940065052,111105258,995169846,2171127,102052223,111473764,1042865657,168283062,4214022
1635285745.3979867,110814445,995594261,6919420999,111074223,997596575,2191429,101898036,111133449,1045152837,168089448,4184317
1635285746.3490012,111273942,995846811,6939775985,111421122,1000026456,2195412,102457970,111417284,1047338351,168400720,4210862
1635285747.3000195,110893018,994036451,6918785300,111099162,996151004,2183336,102046741,111194187,1045001071,168226359,4195753
1635285748.251028,111546274,997165325,6952893630,111562882,999827868,2182806,101305827,113533147,1035834148,163191163,4215826
1635285749.2020226,111202811,996717678,6935566659,111236261,998347927,2189497,102821321,111536108,1044093274,165558916,4223969
1635285750.1530206,111173481,999024971,6942077266,111285765,1000158232,2195002,101926864,112555279,1043554021,166939323,4223442
1635285751.1040149,111280284,996871267,6945729239,111444187,1000788088,2186486,102514969,111619016,1048382347,168543574,4233775
1635285752.0549986,111055974,997412972,6945862167,111468624,1001121698,2196142,102264450,111426323,1046505261,168440695,4228247
1635285753.0059822,111277437,998168626,6947675281,111392924,997684876,2179541,101272089,112508656,1046880680,168603106,4233987
1635285754.907972,111006783,994593047,6933200714,111292632,999945348,2187969,101889647,111385111,1047868433,168389887,4206234
1635285755.8589673,111086871,993018577,6930249148,111194718,997735329,2180726,102199051,110992105,1044648082,167946015,4226275
1635285756.8099701,111363915,996951071,6944291854,111377356,998083837,2179651,102656289,111517118,1048386181,168428517,4227152
1635285757.7600389,110660281,994209441,6914198609,110807100,994116268,2168058,100926852,112939202,1035567237,165708675,4190385
1635285758.7110457,110763622,998899419,6937816282,111132019,998260322,2175819,101511879,111223929,1037755289,162957422,4205174
1635285759.662047,110452694,991026646,6903964437,110307008,994133657,2172547,101122000,110509420,1041880256,167418692,4176369
1635285760.613039,110671207,994853739,6915081355,110700209,996899016,2164905,101070618,111635359,1043146544,166123219,4188946
1635285761.5640433,111050091,996313146,6935627537,111299084,998727871,2174352,102441712,111193635,1045266403,165236872,4212114
1635285762.51504,110613469,994546098,6922434566,110630208,995617714,2168567,101406494,112985366,1039991861,164967635,4191770
1635285763.4660387,110738298,995604590,6934477983,111023328,995566870,2170496,101239099,111074565,1044101377,167993562,4198420
1635285764.417029,110935787,994642137,6939565398,111066730,995359821,2172038,102629362,111370795,1046668988,168169326,4234447
1635285765.3680372,111256804,998590986,6952942646,111182290,996030740,2159893,101819792,111423626,1048290704,168582894,4230617
1635285766.3190315,110574463,992764942,6914526506,110803861,994849427,2181368,101717491,110909716,1041614136,167948629,4197691
1635285767.2700372,110961181,994451224,6930261654,110974254,996496698,2176871,101733624,112223295,1044023778,168540575,4210255
1635285768.221026,110798748,995275852,6921610577,110697922,993316608,2196544,102033119,111151452,1043299420,168153551,4211419
1635285769.172013,111363171,997429071,6958562100,111456601,997382751,2172105,102281686,111798380,1049537037,167915832,4236126
1635285770.1230094,111319286,995601283,6955171069,111552180,997800757,2175228,103321149,113758241,1045161097,166158145,4244497
1635285771.0739963,111087767,995659387,6943469463,111166503,995361727,2173774,102129100,111543626,1047698118,168795581,4209222
1635285772.024986,111080846,996715083,6933901979,110994923,996358019,2167024,102042754,111328226,1044873294,168322496,4214104
1635285773.926971,110756260,995329517,6935045544,111167433,999578834,2161327,101585548,112267228,1040777848,166585419,4194360
1635285774.8779614,110736369,992766395,6935359391,110957058,996061472,2168838,102459984,111380885,1044925115,168240163,4197997
1635285775.8289552,111078197,993894066,6952393471,111414331,998550478,2169008,103014104,111449430,1046029222,168824606,4225716
1635285776.7799509,110991052,995863200,6941192355,111192029,996394753,2162066,102241750,111193524,1043448595,168183165,4216366
1635285777.7300375,110479332,993082979,6931736507,110802256,994746887,2159634,101697310,111263673,1043774404,168257504,4215283
1635285778.6810453,110456664,994312090,6940116306,111051812,997332340,2162427,101115280,111365548,1036802675,168017216,4210000
1635285779.6320407,110617000,994226909,6936849488,110754238,994827397,2161883,101356230,110985893,1040570370,168167018,4193650
1635285780.5830464,110885265,994457212,6948927125,111076087,997960563,2171518,102035125,111399529,1045047603,168294087,4212035
1635285781.534038,110766170,994099057,6947589701,111118914,997478663,2177218,102089616,111294165,1043509306,168282257,4199480
1635285782.4850397,111293745,995895010,6966890938,111254685,997276727,2169074,102792538,111552487,1045813206,168801298,4219101
1635285783.436032,111125249,994863435,6958558551,111044050,995625222,2170378,102701072,112350051,1043827501,168760033,4223865
1635285784.3870296,110524681,993267075,6927940888,110686364,994901208,2150418,101237515,110962498,1043057581,168128228,4187756
1635285785.3380234,111205291,997033557,6972254985,111257980,998426604,2168610,102673052,111380156,1042971518,168857612,4224996
1635285786.2890131,110710166,995254359,6952046246,110997464,995052243,2164523,102304666,111526398,1044371290,168738982,4213173
1635285787.2400398,110569360,992767381,6939683452,110757530,994571440,2166890,101571831,111309212,1043903020,166658203,4191029
1635285788.1910307,110971330,997285675,6976152538,110842469,997051744,2178520,102155700,112852370,1039568697,165726705,4188219
1635285789.1420293,110624859,991934581,6945992006,110756290,995745136,2163321,101487136,111077807,1042946829,168075945,4200045
1635285790.0930233,110905050,992361625,6959786012,110969590,996502700,2173028,101841565,112563617,1040283768,165636679,4202729
1635285791.044012,110514830,991433356,6939724386,110636248,993566155,2162452,101210997,111881933,1038647062,167900930,4192015
1635285792.9459891,111287188,995353318,7001126944,110932790,991887808,2221390,102033713,111529240,1041173159,166285666,4289133
1635285793.8969839,110971095,996369441,6968488728,111101235,994072775,2180558,101619902,111059805,1042554285,168282851,4250421
1635285794.847975,110447100,991833396,6933831487,110612404,994407966,2166976,100977696,111119793,1042145368,166337330,4176381
1635285795.7989771,110627675,993189004,6948605926,110742750,997612449,2161482,101829150,111315679,1043143520,168211407,4199718
1635285796.7499716,110530351,993659368,6936767677,110544628,994370412,2176997,101845557,111242156,1042246962,167094785,4201956
1635285797.7000515,110609589,994399936,6950465730,110916074,996301775,2168567,102570155,111288155,1045251471,168225994,4202363
1635285798.651052,110116949,990463455,6925068763,110210813,992997191,2165315,101400419,110720957,1038895388,166626486,4169523
1635285799.6020563,110618790,994887280,6950011180,110962237,998530822,2172054,101931830,113355742,1039023060,165095215,4208313
1635285800.5530472,110276210,993174401,6933012543,110460045,992662930,2173464,101680588,110917572,1043823471,168000142,4194554
1635285801.5040374,111186229,996680935,6971434445,111307604,998106911,2181737,102373417,112105011,1041884893,166782883,4232184
1635285802.455028,110942838,994124447,6956960593,111078497,997470802,2178506,102023806,111019540,1044636457,168607670,4223536
1635285803.4060137,110550956,992820757,6949242343,110932095,996805256,2172179,101541256,111090994,1045775561,168553146,4207742
1635285804.3570144,110211616,993413546,6937993881,110568745,991149588,2174727,100806643,111911863,1040921520,163570016,4206490
1635285805.3080046,111246008,998198576,6979847838,111464440,1000916849,2175025,102553108,112156055,1043989824,167918674,4246447
1635285806.2590044,110827653,996152158,6957087425,110974202,997763248,2176713,102010578,111574320,1044970411,168131793,4230660
1635285807.2100165,111028181,999765491,6971525879,111208668,999669339,2193190,102253793,112454460,1046980579,167325055,4238082
1635285808.1610203,111142451,995407199,6986702300,111224857,1000512241,2200738,102544001,111639155,1044879116,166804173,4257189
1635285809.1120117,111343554,998338829,6990475028,111584640,1002838700,2183148,102900097,112848796,1048763067,167897372,4272158
1635285810.0630035,111247641,998004887,6974825695,111448058,1001511438,2181403,102304138,112568318,1047913014,168958425,4244999
1635285811.9649715,111543169,999372548,6998048216,111774219,1002399648,2186509,103085091,112106521,1053903911,169382614,4273077
1635285812.91598,111597540,1002296507,6998645512,111654562,1002618122,2199387,103044319,111975218,1052512747,169465273,4254964
1635285813.8669734,111308641,999427414,6988027010,111544908,1002663176,2191116,102692469,111934548,1046367959,166880541,4253368
1635285814.817976,111213905,1001058575,6980914199,111459048,1001122500,2171555,102502566,111451161,1046601829,168732906,4241597
1635285815.768973,110952474,997390440,6970865377,111276232,998832887,2193042,102196522,111566480,1048752885,168622501,4239488
1635285816.7199764,111163997,997552218,6975393080,111531119,999198924,2195906,102905103,112630843,1050241145,169248349,4253975
1635285817.6710055,111054505,997451450,6982394248,111236712,1000288736,2187591,101896373,111699056,1049470931,169054646,4237158
1635285818.622001,111154065,1000632229,6997672729,111585525,1003263013,2212462,102039013,111630313,1050180671,168884034,4273305
1635285819.572997,111054643,996716335,7050681628,111476388,1000889083,2277724,102322324,111130742,1046484724,166882114,4338108
1635285820.5239859,111262599,998960004,6976714951,111473823,1000653352,2193679,102591056,111825503,1051044711,169219584,4252274
1635285821.4749916,110846186,996556006,6969703300,111190077,996935012,2186806,101751901,111212049,1043023725,168090971,4253180
1635285822.425992,110765816,994129043,6950678560,110879097,997146554,2164755,101859988,111304264,1044974742,168314301,4223991
1635285823.3769932,110690214,993885279,6937277852,110443971,992165937,2150354,101831639,111178851,1041471504,167974835,4215471
1635285824.327984,110638474,996885972,6946098259,110913335,998526949,2175116,101694758,111425289,1043277907,168311185,4220595
1635285825.2789872,111064781,995648827,6965557238,111305317,999549587,2185588,103043356,111606718,1046260866,168597622,4237270
1635285826.2299783,111014173,996598076,6968572726,111362555,998678983,2172259,102222386,111315760,1042282930,166782483,4243136
1635285827.1810043,111052754,994640756,6958079357,111227008,998829755,2199736,102190648,111617945,1046437975,168978224,4236050
1635285828.1319904,111156784,998128589,6989484104,111567890,1000610775,2179604,102775087,111419748,1042353048,166789023,4271912
1635285829.0829742,111381683,999165335,6981459663,111490184,1000527026,2181898,102738926,111730046,1047757936,168828861,4246324
1635285830.9849527,111172531,995340203,6974237870,111373691,995918364,2186493,102506911,113907293,1047154664,168704853,4244515
1635285831.9359696,111170616,998917202,6975264130,111204634,998764877,2187075,102595213,111874982,1050194402,168011866,4238468
1635285832.8869665,110935328,996701093,6959657287,111040726,997428288,2175935,102615058,111488345,1048500142,168704928,4229441
1635285833.8379693,111815916,1000118240,6999582340,111853864,1002476580,2184049,103052093,112241459,1053436802,169881520,4265542
1635285834.788964,111197136,998248118,6984718501,111542280,1000726298,2188582,103380355,111719229,1049323898,168678796,4260214
1635285835.7399774,111421796,998991729,6986109744,111655788,1001817412,2187282,102652657,112906589,1050061272,168065117,4251157
1635285836.6910148,111059871,997888326,6961594875,111087802,996891712,2181138,102256473,112501482,1043902691,167018080,4223169
1635285837.642015,111514716,999940100,6991609183,111763987,1001429031,2184295,103457743,111680216,1049648763,169301383,4275717
1635285838.5930192,111575063,1000516355,6995256603,111761550,1000462960,2173677,102925181,111127554,1046441809,169066313,4294356
1635285839.5440123,111416397,999409268,6989193030,111685281,1001585992,2178229,103552291,111720176,1048138798,168924302,4261353
1635285840.4950185,111214659,998083548,6983494146,111532461,1001590052,2177719,102613467,111725236,1044868606,168235335,4257729
1635285841.4460127,111204511,997694765,6977133476,111402609,999054062,2177853,102074203,112618694,1045704350,167470788,4246163
1635285842.3970194,110942457,995521130,6960448651,111065443,997289714,2182972,102050866,113431189,1043549674,168540422,4232239
1635285843.3480089,111101225,994549038,6974734028,111386065,999416180,2183092,102585184,111415604,1046004912,168545717,4246860
1635285844.2990088,111623895,1000012707,6983764701,111674440,999853864,2173595,102504497,111929224,1049434861,169025244,4251281
1635285845.2500231,110602183,995401369,6941605985,110707657,997246386,2173018,101409119,111136635,1045218865,168212913,4198632
1635285846.2010117,111608426,1000257552,6989097432,111771496,1001134327,2186190,102645706,112060770,1050495548,169282459,4259441
1635285847.1520092,111825932,1000705042,7002257050,111779825,1000772081,2188713,103381622,111780295,1048907026,169279194,4274477
1635285848.1030009,111439530,1000595398,6987076199,111530536,1000747116,2212306,102496117,111700016,1048015369,168962414,4277700
1635285850.004981,111135883,997298753,6976078144,111177323,997211363,2186008,102891025,111796601,1049428353,168980180,4246674
1635285850.9559963,111001642,997782699,6964776604,111077634,999236961,2188646,102442661,111522086,1047737999,168890706,4245950
1635285851.9069958,110796111,996159111,6959092714,110889910,996109910,2186327,101973739,111570778,1046352189,168433106,4257404
1635285852.8579872,111438422,999564058,6980847899,111429639,998924040,2175732,102493143,112803051,1042962702,168768607,4257255
1635285853.808978,111085891,996913751,6969973199,111147082,997232768,2171244,102593098,111546437,1045050459,167329332,4242418
1635285854.7599752,111314089,997507086,6975512376,111519878,999747675,2183317,102032341,112889148,1044832937,167865837,4242739
1635285855.7100585,111207682,996216280,6969180957,111200524,998789899,2176732,102431560,111717973,1048367378,169074753,4231660
1635285856.6610541,111120958,995504749,6965164998,111027287,996233626,2171768,101738167,111500169,1046089281,167582419,4249062
1635285857.6120632,111101860,997066219,6968440546,111190051,998328637,2182531,102850648,112433276,1047686357,167482839,4247274
1635285858.5630615,111390366,998879805,6982659795,111385558,998500108,2227701,102375458,111711717,1049635466,169221240,4261823
1635285859.5140648,111106905,998581358,6971533769,111332949,1000593916,2185012,102295926,111342382,1045030188,168756632,4229201
1635285860.4650578,111097143,995551954,6966501149,111180091,997054445,2176158,102560909,111372043,1046043534,168725443,4233662
1635285861.4160585,111494650,997858979,6987713863,111673828,1000458568,2172223,103389625,112876797,1043868367,166099067,4231334
1635285862.3670516,111011183,996219918,6962676080,111240873,999167968,2181854,102508194,114024147,1042004850,168295901,4240257
1635285863.318039,111436298,998305418,6983631284,111710961,1000148510,2181758,103373096,111863151,1048326055,169183561,4240629
1635285864.2690375,111129850,997151730,6965420511,111267247,996441089,2173281,102998907,111407837,1046481864,168473273,4247973
1635285865.2200415,111607628,999020071,6986071764,111631555,1002231553,2192974,102938820,111818848,1048062163,169069533,4251921
1635285866.1710439,111333917,998524658,6967822782,111240166,998888415,2185918,102406020,111465553,1045571066,168806682,4240521
1635285867.12203,110943060,996925687,6971411095,111231955,999307645,2181087,102357365,112408283,1041697683,166723071,4222792
1635285869.0240018,111248799,998366776,6975258378,111274563,997618291,2205491,102759497,111611195,1046953916,167260216,4250136
1635285869.9749966,111713174,996684196,6994218346,111898499,1001995365,2195450,103295048,111955586,1048405921,169457132,4270877
1635285870.9259872,111113445,996565513,6965880606,111155208,995992909,2186018,101751065,111558706,1041678564,166791225,4218777
1635285871.8769789,111165988,994364144,6971700204,111464633,997712197,2187832,102090568,112723519,1043809177,169064294,4222677
1635285872.8279774,111211419,996712800,6969419281,111333380,998089718,2173278,102025704,111470403,1044428150,168711492,4229355
1635285873.7789707,110778770,993268488,6955112097,111105064,997357637,2179537,102360614,111263870,1040554982,168037704,4232818
1635285874.7299767,111227874,996118386,6969657033,111287043,996222454,2183683,101718455,111367599,1041020286,168176629,4227311
1635285875.6809964,110288145,989809101,6940428842,110532762,994463123,2209178,101475015,112369944,1036793117,164266539,4207081
1635285876.6319995,110983817,991633110,6941469260,110814032,993992926,2166204,101957474,111225583,1042258856,168636011,4225588
1635285877.5829945,110863313,992781642,6958967558,111280943,996012884,2175877,102238663,111426200,1039416659,165525406,4248686
1635285878.5339904,111235109,996370573,6969519243,111456664,995616709,2174165,102269226,111465681,1044053377,168598915,4246748
1635285879.4849868,110938020,992491375,6955907329,111131859,995914632,2182560,102101954,111384132,1042228589,168483736,4233165
1635285880.435974,111226833,996188300,6968796504,111328753,997457038,2166332,102487802,111626301,1043437019,167110770,4240520
1635285881.3869693,111204673,993310833,6954105868,111076361,993434868,2179221,101937751,111569089,1043249215,168494462,4234710
1635285882.3379602,111009918,994862600,6954378157,111117941,996112190,2172257,101476192,111189227,1038627731,168122221,4228422
1635285883.2889626,111275491,991509105,6966263472,110855123,994842162,2182200,100960563,111333849,1032620976,168166896,4269833
1635285884.2399554,111064736,998858925,6977162932,111416482,1000948376,2199860,102078313,112787754,1040076859,168332548,4240743
1635285885.1900508,111289483,996464236,6973665610,111456064,998107633,2183501,102467903,111753185,1045040873,168770553,4240234
1635285886.1410396,111072213,996463861,6980571213,111102403,998003708,2188221,101878259,112604397,1043142578,168647791,4252348
1635285888.043015,110916339,997563496,6967703192,110943963,998016604,2198521,102222130,111558643,1044849985,168593864,4239396
1635285888.9940073,110648019,994403524,6960783775,110839092,995323843,2197692,102485464,111416871,1043696733,168208889,4254171
1635285889.9450107,110728510,996395501,6962156590,111096840,999900885,2214548,102388055,111323700,1045439562,166791556,4235311
1635285890.8960018,111128477,998544799,6982220961,111275297,1000261435,2209399,102166273,111611501,1046462386,168051758,4259696
1635285891.8470008,111263162,999661060,6978459732,111394956,999786304,2199741,102604007,111684677,1048665833,169105437,4259146
1635285892.7979996,111041470,995147990,6966024407,111129799,998540086,2193102,102286722,111449374,1045164549,168545245,4253125
1635285893.7490098,110708545,993688817,6960357588,110960165,997285091,2186330,102284778,111309861,1046332604,168577420,4235566
1635285894.7000246,110805455,994297869,6970171032,111103343,998974877,2188158,102372665,112222128,1042471759,168196735,4245571
1635285895.6510272,111074057,994699887,6964527715,111051723,996697606,2195138,102476433,111478998,1045636890,168563072,4241321
1635285896.6020184,111001228,996550828,6973896653,111077428,997617570,2198077,102745153,111468476,1044156686,168522790,4243928
1635285897.5529962,110964699,995489210,6965695681,111010242,997527995,2191424,102805074,111494033,1045718297,168377986,4234477
1635285898.5039861,111001670,995532054,6976811719,111023676,992366086,2179630,102327513,111354971,1044683840,168553426,4257694
1635285899.4549716,110756166,994973471,6966855608,110932086,998233747,2204850,102268297,114543024,1038265877,165191978,4227222
1635285900.4059749,110425511,992936459,6942310565,110599019,995336536,2201574,101952926,112061746,1041993243,167966522,4214268
1635285901.3569653,110922350,996050787,6964944871,110877056,996782507,2204477,102500663,112255090,1043714064,167089285,4243249
1635285902.3079672,110779118,994551483,6964275536,110883062,999343718,2207305,102218306,110999646,1044979016,168030054,4229473
1635285903.2589562,110902630,994682919,6968916693,111024573,998342169,2202155,102398231,111166558,1042839367,168062348,4237530
1635285904.2099454,110730313,993876357,6960904931,110642337,995970941,2206912,102726519,111316964,1045200742,166474682,4213747
1635285905.1600327,110489261,992660487,6950061917,110615964,994989223,2214192,101941003,112346650,1041596757,166791892,4236417
1635285906.111015,110446083,993423605,6954121747,110823561,996366121,2211653,102164793,111274960,1046426378,168159582,4217077
1635285908.0129838,110545310,992991227,6954502897,110717792,995447549,2212607,102518095,111134480,1044370666,167790828,4225508
1635285908.96399,111410519,991957117,7033952518,111280179,997330067,2259362,102773595,113511584,1032514407,160671377,4236768
1635285909.9149852,110519004,997478922,6960163070,110336128,990335234,2223191,101486653,112315406,1037777168,166593440,4220990
1635285910.8659863,110614256,995115231,6957651255,110697275,997671635,2201418,102116146,111327179,1044049441,168067471,4215265
1635285911.8169801,109937064,990842556,6921086742,110021672,992732558,2193303,100916107,110635936,1037361377,166599998,4206071
1635285912.767987,109741283,988141996,6899619528,109747518,991268752,2182846,100604967,111553220,1037722184,165534672,4188992
1635285913.7189808,110174838,991011073,6926386604,110239788,992721108,2197213,101035181,110693381,1039591099,167292641,4206969
1635285914.6699815,110017722,990914824,6920123282,110189563,991734700,2189461,101604508,110529324,1039434791,167096476,4199580
1635285915.6210072,109760984,991717737,6926076914,110114129,993745288,2186904,101541865,111913037,1039629117,165021862,4190465
1635285916.5719945,110331987,993524216,6941382505,110603263,996002915,2193696,101445716,110913180,1040659517,167619915,4212119
1635285917.5230012,109992570,988930352,6919761430,110274282,994978525,2189510,101304949,111866747,1040651140,165995087,4202003
1635285918.4739926,110264772,991677700,6935467523,110355803,992993597,2196997,102035325,111017041,1042162836,167628070,4222550
1635285919.424997,110158571,991412393,6933319001,110410875,994532664,2189440,102133621,110980705,1041135867,165989356,4209077
1635285920.3759887,110127350,992139449,6918698761,110072756,992633487,2183553,101501618,111804800,1041119682,166152380,4197739
1635285921.3269897,110605980,993575289,6947852728,110712710,994335132,2186642,102310916,112040945,1040064313,165088714,4206519
1635285922.2779765,110500994,990256777,6951339773,110561656,996008660,2195089,102502142,111025564,1042353398,167779436,4229279
1635285923.2289634,110742464,994775178,6960113442,110788487,994311932,2190297,102569075,111248754,1042097164,167751799,4240879
1635285924.179957,110683921,994366441,6945451382,110609336,991755009,2186933,101755182,111958730,1039990351,166763832,4198259
1635285925.1300342,110401843,992044868,6939986626,110703117,996218174,2191035,102024373,111018150,1042402024,166415639,4192361
1635285927.0320055,110489732,992756037,6947409431,110717956,995947957,2189888,102231831,110971283,1042284882,166458271,4202917
1635285927.9830055,110739357,995270387,6958331074,110796362,996250368,2197413,102082060,110945338,1042525837,167965076,4225514
1635285928.9340007,110271377,988970359,6929726891,110106779,990246804,2179067,101993391,112158430,1040188819,165814801,4216095
1635285929.884996,110467892,992360094,6948062114,110591992,994545922,2199535,102701560,111119149,1041779759,167608255,4256655
1635285930.8359888,110232360,989937854,6943353527,110269527,993461058,2196359,101697434,111033919,1041564171,167228730,4240818
1635285931.786978,110519264,991174228,6983926552,110799475,995660507,2256269,101599915,113453153,1039257558,166262264,4305573
1635285932.7379708,110225708,990021069,6932513656,110435343,994327668,2210595,101397317,110862966,1034486548,165370016,4209137
1635285933.6889584,110471507,993290400,6938702277,110450992,993604239,2201276,101720431,110856919,1040259989,167459179,4249865
1635285934.6399612,110485342,992032852,6941472547,110480330,994447663,2212963,102901743,112134313,1042477326,166571989,4250802
1635285935.590038,110121264,992324599,6941878658,110390009,993637382,2208146,101951385,110894231,1040750567,163494462,4234543
1635285936.5410442,110508236,993027723,6947465683,110474716,993764077,2217871,101805220,110855980,1042336248,167899207,4232976
1635285937.4920394,110222805,989979056,6935419770,110359066,990460854,2190393,101175686,110795698,1042954009,167802052,4241204
1635285938.4430397,110695249,991405499,6996393795,110526463,992657516,2319145,102016195,111613191,1040339577,167303021,4290025
1635285939.3940365,110793823,992246989,6984729507,110788939,995972934,2231497,101996013,111083842,1041905754,167726708,4284814
1635285940.3450327,110622792,993197164,6947411832,110920089,996889844,2196480,102387561,111306133,1044433526,166764704,4248657
1635285941.2960231,110646645,993595949,6950009778,110700767,996385347,2198763,101965076,111267954,1040319382,167292506,4231133
1635285942.2470088,110130972,990542059,6913296931,110115443,991641077,2188221,101330656,110828030,1041587059,167747426,4198814
1635285943.1980095,110767017,993557242,6951326383,110978703,997647744,2196729,102561856,111590246,1046321619,166868378,4240838
1635285944.1489978,110527110,992172565,6941435874,110792639,996055318,2194601,102118068,112349723,1043811205,166788154,4245410
1635285946.0510125,110623906,992105582,6953349992,110590501,991410082,2186202,101112799,111366056,1042669315,167890636,4244153
1635285947.0020185,110885266,996335242,6963369440,111112480,998031177,2186040,102416177,111425905,1043258305,166983636,4248220
1635285947.9530158,110522313,991500400,6944822565,110741065,996041233,2184993,101984107,111333466,1044024780,166532755,4231652
1635285948.9040189,110409318,993759075,6927114587,110476086,993856265,2186702,101754003,110949942,1042306499,167562551,4208440
1635285949.8550131,110675914,992702796,6941137453,110458315,993376130,2189082,102083925,111491294,1046638312,168369383,4224256
1635285950.806004,110922326,995679626,6951045176,110911593,997388060,2192167,101942527,112371527,1042625287,168035184,4233323
1635285951.757008,110696733,993405591,6949133528,110902424,997352960,2189271,102286521,111339754,1044133454,167193306,4240013
1635285952.7080035,110782879,993898539,6950300061,110805211,997309783,2194009,102205632,111402922,1042072841,168147184,4259290
1635285953.6590097,110797342,993267328,6944549904,110816274,996810364,2196025,102145050,111647642,1046236795,168522733,4249028
1635285954.6100316,110522637,994469243,6944596213,110735953,995860584,2191396,101723896,111270399,1043371836,167964825,4241273
1635285955.5610332,110617311,995427293,6961254984,110934036,997307790,2204125,101338497,112637799,1044480026,168186014,4270360
1635285956.512029,110565247,993301711,6938009323,110720664,993569555,2183205,102137613,111175635,1040933761,167782532,4228726
1635285957.463028,110296807,990394735,6919681716,110290732,992285568,2182028,101587054,110984006,1037956801,166244004,4220854
1635285958.4140208,110563802,991671110,6943042744,110403312,992963382,2184321,101577680,111103930,1039528263,167825790,4229456
1635285959.3650095,110944457,994923379,6960060913,111105159,997695902,2182757,102574008,111519133,1040834574,164469886,4246157
1635285960.3160105,110833059,994084205,6963186083,111096335,995930663,2178417,102042880,111577779,1044919978,167039797,4262364
1635285961.2670014,110598081,992241911,6946658889,110766781,995705243,2181778,101876923,111964004,1041411096,166648239,4247495
1635285962.2180035,110498293,988548424,6936282951,110770538,996023441,2178730,102338789,112218358,1038323230,166376289,4237482
1635285963.1689935,110699619,994246341,6952118375,110898515,996024658,2180998,102046805,111037364,1041607250,166452185,4247703
1635285965.0709977,110638149,992514746,6943507957,110549863,992985309,2167686,102386720,112062552,1037083227,165059119,4240649
1635285966.0219924,110544503,991490368,6951554408,110800305,994171993,2175653,102230731,111177643,1042473881,166728466,4236503
1635285966.9729884,110678284,990154572,6945970721,110656710,993670896,2164472,101980453,112114675,1040063054,166859276,4238486
1635285967.9239788,110805964,990590116,6950166192,110870060,994757152,2192410,102498039,111620237,1041234094,167975077,4245004
1635285968.8749814,110800397,992252690,6948609891,110851579,994393272,2166923,102342772,111080288,1040709370,167964176,4233668
1635285969.8259833,110197080,991515183,6923552313,110418863,990839586,2161907,101109063,110732464,1039348212,166025938,4201272
1635285970.7769933,110760230,993514353,6936499881,110682625,994623913,2172180,101584858,110918022,1040012979,167626419,4220344
1635285971.7279906,110175434,988747149,6911360961,110475955,991392064,2156155,101430486,111019654,1036940867,165855265,4211670
1635285972.6789954,110687797,990606185,6924356526,110741016,992742912,2172479,102298170,111319767,1041376184,166836832,4208172
1635285973.6300085,111110564,992336463,6940990207,111049844,994322538,2172804,102566935,112488843,1042147684,168162226,4220004
1635285974.581,110809667,993789163,6940642609,111052101,996261038,2182502,102911410,111376745,1041932952,166464983,4219911
1635285975.531995,110374122,991093630,6915365638,110567716,992262502,2175390,101835822,111151820,1040810567,167548006,4206272
1635285976.4829836,110865762,994132910,6933702197,110863908,994252638,2176276,101962766,111260669,1043268159,167132616,4215147
1635285977.4339895,111098961,994100183,6947789463,111175290,996028922,2174210,102500099,112332839,1040096981,167238261,4229446
1635285978.3849812,110667588,989439244,6925440040,110662636,994458696,2176970,102625501,111261108,1041939865,167919105,4210757
1635285979.335986,110627491,991844482,6922729006,110820456,993959284,2167499,102397667,111057046,1041794801,167849736,4208036
1635285980.286981,110755649,992662505,6931984373,110911319,996417307,2175321,101530548,112598500,1043326313,166621233,4215904
1635285981.2379777,110747036,992528642,6945185329,111009256,996601977,2190407,102240107,111602813,1044299154,169042055,4215663
1635285982.1889653,110771895,989536252,6925354128,110883277,994365746,2173455,102461129,111422904,1043975541,168252738,4230456
1635285984.0900319,110670303,992067076,6928094445,110796669,995416496,2174338,102191732,111274347,1042860634,168235078,4218810
1635285985.0410128,110388799,990893669,6924500868,110769369,993975034,2170017,102233378,111069642,1040978657,167705312,4224952
1635285985.992016,111141109,995075649,6948168880,111110257,996575996,2182563,102763055,111681079,1046112306,167084773,4225933
1635285986.943013,110510139,990785368,6922020307,110635956,992369966,2185241,102431121,110876020,1042362690,167876229,4217475
1635285987.8940167,110890556,993434546,6941534845,110872333,995432555,2181178,101870942,111031300,1040280072,168189457,4218634
1635285988.8450124,110544197,989977478,6919013042,110578343,992010622,2172417,102008457,112188158,1039093789,166135690,4202689
1635285989.7960215,110825102,992789728,6930934084,110737070,995056337,2190456,101756185,111314821,1043785365,167386769,4211924
1635285990.7470229,110615829,991330438,6916010675,110584290,994574350,2166529,101728724,110985171,1039477422,167693806,4196855
1635285991.6980217,111147363,994468065,6940685951,110743221,993447530,2180753,102207334,111559637,1042701589,168194102,4229760
1635285992.6490185,110951398,991405380,6928117324,110937643,995248545,2192593,102280723,111174419,1040840977,166963885,4230496
1635285993.6000283,110993048,993388908,6944364402,111120323,997798336,2197055,102486272,111476277,1044306488,168716237,4239794
1635285994.551033,110961127,993248040,6936330187,111012213,997602903,2198010,102499270,111352423,1042510492,168221520,4221842
1635285995.502027,110983349,994079228,6942641810,111093365,995909812,2195560,102352833,113942363,1043262107,167062984,4220190
1635285996.453036,110554690,991878905,6919468143,110673297,995069977,2187505,101822769,111117020,1042924477,166403380,4200415
1635285997.4040308,110921262,993175948,6942279749,110987079,996224333,2183279,102338608,111611393,1043577684,167164087,4232132
1635285998.3550363,110931281,994361411,6934837694,111004516,994447461,2186336,102125344,111201868,1040736946,168089735,4227403
1635285999.3060327,110803299,991500740,6935302260,110936724,997042650,2184650,102537399,111272997,1042680432,168510139,4239288
1635286000.257019,110828614,992879306,6937428146,111105896,999545884,2188944,102731426,111652530,1046195191,168480509,4217350
1635286001.2080102,110627752,992662155,6928052996,110780689,994560549,2177071,102091957,110893284,1041691301,167995194,4216182
1635286003.110014,110739915,993088162,6935712995,110969926,997310458,2183689,101804538,111776729,1035526040,166390218,4219694
1635286004.061001,110740903,990075217,6934233672,110640211,995230821,2179877,101803360,112227642,1042090081,166833810,4236481
1635286005.012006,110503668,991367718,6918140276,110832183,996341879,2192586,101569814,111296130,1042714079,166453715,4204271
1635286005.9630046,110760987,993234998,6931042442,110905431,995673008,2188971,102293470,110989827,1038197928,167403990,4229361
1635286006.9140048,110919100,993861551,6939498121,111099087,996173863,2194049,102158575,111446660,1043698231,168556573,4228011
1635286007.8650048,110508695,990442102,6920646704,110528215,994548033,2194582,102177276,111282154,1042751750,168053809,4204337
1635286008.815991,110670558,991780915,6928263449,110892595,994743249,2189679,102595848,111202152,1043436717,168244213,4230998
1635286009.7669842,111118530,993445331,6944431682,111115985,995541038,2195746,102377146,112363829,1042452679,168612212,4240679
1635286010.7179778,110880669,993048584,6948499739,111133121,998550214,2196886,101892826,111596523,1047192778,168553510,4228917
1635286011.6689858,111045798,992778132,6941592562,111151094,998091652,2200559,102320444,111211777,1045030947,168645608,4217243
1635286012.6199808,110958231,995037299,6934697909,111065935,997701385,2194847,102222557,111458670,1045177433,168471136,4225573
1635286013.5710194,111074160,991952915,6929669253,111031410,995196245,2195905,102403594,111442235,1046176075,168581547,4225499
1635286014.5220144,110958056,992444077,6929530276,111140873,995521419,2188202,102589171,111153450,1043207193,168196366,4234131
1635286015.4730158,111260781,995882639,6947581518,111199747,998018364,2201619,102136818,111573692,1044983573,168457616,4217599
1635286016.424011,110862202,992348136,6931594641,110884110,995027532,2197061,102238678,111397144,1045419690,168552321,4213860
1635286017.374995,110250212,990150867,6899999595,110452766,989162080,2185003,101654860,110877354,1039226387,167176106,4196060
1635286018.3259897,110988645,994267542,6941539194,110982707,995506631,2196814,102353958,111287919,1044548123,168318675,4226993
1635286019.276982,111196362,996270035,6946279972,111308952,997856270,2199606,102307446,112758398,1043030311,168384010,4233152
1635286020.2279842,110941957,994137710,6937757395,111173904,996559558,2182449,102619424,111371521,1044395254,168450290,4215372
1635286022.129971,111111077,994695013,6942124135,111165506,995728982,2184091,102182606,111485344,1043249057,166836454,4215721
1635286023.080028,111047631,992736913,6942233995,111182565,993333016,2182138,102776694,112422614,1043726637,167268281,4228145
1635286024.031017,110548497,991784634,6921975921,110839627,994876594,2176766,101835419,111012236,1041547709,167746524,4205890
1635286024.982007,110410587,992990078,6940508649,111087562,994764741,2182079,102925289,111422287,1044508453,168529365,4222462
1635286025.933007,111065042,994751454,6940404877,111174614,996274600,2189218,102770086,111281405,1044594459,168324469,4229504
1635286026.884005,110404489,988567825,6909885369,110688532,994248969,2173497,101953904,110892147,1037930438,166361391,4216959
1635286027.8349967,111178129,994200987,6944869840,111086775,995688319,2182969,102257458,111598965,1041962821,165506484,4224642
1635286028.786006,110579515,993871601,6922876077,110947165,995422921,2164165,101928168,110893019,1039188186,167571308,4209014
1635286029.7369998,110615161,992266006,6943824994,111025159,997104904,2182449,102508445,111165209,1040793279,167798467,4211393
1635286030.6880043,110905769,996670141,6962346456,111130867,996915022,2192832,102277800,111379473,1043689986,168225892,4217027
1635286031.6390073,110723852,995329345,6958213407,111005507,995739534,2180357,102456114,111413035,1039024628,166520813,4245144
1635286032.5900416,110834040,994863034,6954975268,110920335,996291465,2180055,102055559,111074868,1041444649,168187581,4227510
1635286033.5410388,110754747,993108010,6950629489,110898850,995304993,2194939,102387590,111540410,1042500701,166702424,4207421
1635286034.49205,110798811,995175227,6954693774,110843687,993059863,2191771,102571781,111502478,1046699290,168357873,4225575
1635286035.4430544,110383691,990030350,6935578797,110692200,995515362,2182293,101614453,112429219,1040826768,167800338,4208376
1635286036.394045,110950670,995951874,6955667595,111042766,996567550,2204853,102357154,113416903,1042973828,167202341,4233599
1635286037.3450665,110991550,996166364,6957651604,111055137,996552478,2209406,101971585,112442255,1042420824,168334392,4206673
1635286038.296079,110760180,993331413,6945827965,110892002,996184205,2191593,102186572,111106568,1042572236,167958201,4218134
1635286039.2471063,110768916,993861233,6955983743,111027346,997153303,2201265,102529804,111202587,1042988807,167987855,4237252
1635286040.1981156,110365406,990978717,6924552446,110505931,993184637,2190886,101505357,110922486,1041972733,167804677,4178594
1635286042.100033,110597564,992355525,6944689574,110823994,994341570,2190109,102172459,110803739,1039156244,167658963,4213304
1635286043.0510151,110432505,992592489,6945723730,110680636,995470778,2190761,101262810,112578238,1038845034,167855362,4203638
1635286044.0020103,110398492,989863587,6933100813,110573075,993878156,2195048,101904051,110872364,1039465496,167642237,4206734
1635286044.953001,110288867,990997607,6925231679,110407735,992398668,2192236,101787830,110810973,1040287098,167555743,4196609
1635286045.9040031,110817925,994129729,6955948339,110956256,994786583,2195271,101964485,111392615,1044579801,168497496,4221589
1635286046.855,110524647,993287737,6945816893,110640249,995165974,2201763,102044101,111167689,1042556344,167733327,4204585
1635286047.806006,110116826,990116162,6942348518,110589254,995785621,2198355,101978474,111209700,1043121994,167711012,4203258
1635286048.7569993,110161507,988458685,6923183545,110286599,990891162,2190648,101837307,112114712,1039798708,166130480,4182535
1635286049.7080092,110658077,993072068,6949640902,110608739,994428582,2199420,102322458,111469032,1043908597,168189700,4211511
1635286050.659003,110783185,992900131,6957656608,110804240,993632495,2198501,102504221,111124688,1044020311,168133196,4223411
1635286051.6100135,110540232,992073125,6945437758,110723449,995975943,2196349,102281191,111369148,1045554249,168102646,4201856
1635286052.5610118,110286350,990923440,6930806864,110436133,993271282,2190006,101392641,111699100,1037545049,164597769,4194489
1635286053.5120072,110436601,992703221,6941011614,110561936,993957968,2201935,101765452,110851462,1044148020,167893660,4215252
1635286054.463016,110728577,993211001,6951246491,110863974,995915685,2208364,102445252,112273467,1042933805,168135684,4226741
1635286055.4140062,110440628,990970357,6942159458,110712726,995508376,2201763,102001133,111009648,1044136108,167936398,4213867
1635286056.3650088,110334997,990158565,6939250172,110603651,994745011,2206050,102720509,110848624,1043066284,167978490,4201199
1635286057.3159986,110950213,995516284,6961692888,111011077,997765694,2207062,102270224,111045398,1043279522,168245743,4228364
1635286058.2669997,110231914,990346373,6944425395,110617005,992706823,2212935,101974666,110957440,1044061463,167873910,4212171
1635286059.217987,110697813,992722372,6953186237,110731408,993207928,2194176,100754039,110896119,1040125232,167863302,4232836
1635286061.119947,110755915,993062390,6962099198,111070058,995880386,2186843,100600175,112758710,1035515621,166636438,4219845
1635286062.0700307,110403409,992490943,6962265370,110675812,992445781,2190681,100931590,111918034,1036556380,164350712,4213405
1635286063.021035,110960310,994259969,6978855876,111223776,996265254,2187961,101957667,112127280,1040374383,168335564,4233929
1635286063.9720387,110515699,992938593,6946680579,110710776,993560391,2186112,101893103,110952689,1040734845,167467455,4225082
1635286064.9230452,110805679,992959015,6967789738,111062244,996855747,2194908,102271195,111362926,1043357813,166574502,4217151
1635286065.8740404,110442586,990344632,6945928367,110689382,994261888,2179722,101782231,111978363,1041426238,166337649,4217222
1635286066.8250465,111136932,997221705,6981754299,111200297,998255802,2201870,102809549,111421033,1046735131,168539151,4234418
1635286067.7760391,111366523,996785554,6987192599,111443748,999345100,2202645,103135916,111473336,1048003506,168681922,4255458
1635286068.7270367,111166806,997387622,6981125860,111327488,999133108,2197488,102717882,112310320,1044206583,168626113,4250727
1635286069.678041,110928097,996158533,6963410243,110903196,995929326,2189044,101942058,111370468,1047078456,168362853,4239841
1635286070.6290336,110633271,993473392,6948455620,110719018,995471242,2197034,102548072,111056035,1044683123,167934853,4221872
1635286071.580052,110640723,993603865,6957616455,110952599,995653249,2191210,102406517,111052563,1045407038,167671130,4232582
1635286072.5310426,111172746,997281973,6974856168,111276898,996791166,2196588,102892354,111237352,1046995951,168347909,4235449
1635286073.482047,111090730,996735656,6974121730,111235065,998857497,2205581,102577150,111268466,1044188978,168251139,4268244
1635286074.4330385,110283906,993183679,6945264108,110519151,996543063,2194875,102201179,110875487,1041777504,165007384,4219482
1635286075.384043,110963585,995927565,6966239993,111138659,996872438,2192646,102849912,111714667,1046829412,168075439,4254812
1635286076.3350363,111268419,993811461,6977446968,111396790,999255196,2198335,102788178,111643346,1043865641,167255436,4281879
1635286077.2860305,110483272,993619664,6936224300,110544451,994340857,2175813,101578547,112146075,1037794104,164645483,4219846
1635286078.23702,110639121,994409139,6959034752,111007178,996795421,2208882,101453352,111756215,1034396548,163679876,4229178
1635286080.1389983,111340529,996963898,6978119044,111364449,997676788,2229463,101696966,112421020,1044175613,167570845,4252091
1635286081.090011,111380187,997756489,6981888665,111299173,999055528,2202023,102752841,111222560,1041201842,167035128,4263474
1635286082.0410018,111240336,996680061,6985378799,111394033,998209554,2214382,103100580,111919898,1048094469,168658936,4289033
1635286082.9919925,110624395,991086892,6973066186,110926157,997197196,2216142,102163585,111703921,1046897048,168712968,4255497
1635286083.942993,111020435,996385857,6966637169,110992110,997057317,2203873,101936874,111508556,1045215754,168259507,4268276
1635286084.8939888,111283079,998243491,6983258559,111443608,998066001,2203451,102940552,112858570,1045275117,167132868,4290819
1635286085.8449826,110892807,995834931,6965975888,110875712,996137294,2188908,102353835,111653261,1046255845,168273031,4266148
1635286086.7959783,110840256,995411862,6967266649,110959722,994255702,2182024,101909548,112467648,1043007506,168367006,4264101
1635286087.7469835,110894527,996171197,6970999153,111014147,997251895,2189018,101848477,111446951,1043536561,168064421,4274827
1635286088.6979842,110890831,995142118,6971822788,110820447,995292354,2208691,102216986,112240010,1031743037,162987344,4255308
1635286089.6490073,110976790,994064864,6978952309,111025399,997081952,2207010,101926320,111401646,1041390279,167045742,4283777
1635286090.6000583,110818664,992666239,6966346899,110832116,994483824,2192425,102066103,111251998,1038923436,166397801,4278553
1635286091.5510714,110876821,992700930,7004909311,110868425,994556166,2203934,102724300,111701234,1042273926,168176554,4341763
1635286092.502101,110845497,993468001,6967207476,111166280,997348282,2186926,103135691,111711620,1044666041,167184736,4262759
1635286093.4531136,110859520,994199070,6961331062,110897026,995887358,2192467,102917247,112485947,1042578434,165447111,4241895
1635286094.4041264,110891193,995184515,6982700654,111433530,999210476,2188289,102913169,112899086,1043072705,165638147,4250539
1635286095.3551323,110806959,992737718,6965452804,111053293,996224233,2193784,102646775,111320906,1040791333,168122807,4255734
1635286096.3061337,111115161,995827134,6967475141,111093110,996504998,2188692,102705881,112204135,1039937530,165565774,4265369
1635286097.2571476,111279262,996643891,6980256101,111225880,995533237,2190447,103319014,111938899,1044427211,168048751,4274313
1635286099.1591666,110849095,993679042,6977901828,110943113,992681099,2178319,101872423,112700560,1042679836,168278831,4258767
1635286100.110044,109797728,988442241,6917551373,109937912,992150662,2174356,100865449,110676239,1038243085,166876240,4188330
1635286101.0610435,110184957,992028558,6947921158,110586091,994778931,2177296,102301237,112075606,1037397564,166140538,4223746
1635286102.0120387,109970828,990565964,6938077422,110457251,994576982,2173564,101721650,113154699,1037257030,164807892,4208633
1635286102.9630291,110703318,993873534,6962703730,110768729,995748991,2177089,102464715,111109376,1038618253,165757889,4239160
1635286103.9140193,110232618,990591591,6941887223,110465865,994040515,2174637,101654332,111012966,1041390129,167563900,4219836
1635286104.865005,110864566,995777778,6976190802,110956076,997648681,2187799,102342092,111477531,1046654649,168375680,4268094
1635286105.8160076,110335464,990999866,6937138602,110497075,995222029,2163063,101753084,112076280,1041416002,167887883,4209799
1635286106.7670004,110478643,992298778,6937597372,110565543,994081342,2175472,101994706,111029771,1041055008,167279080,4227550
1635286107.718007,110900804,992864891,6953278811,110860816,996293685,2173395,102435101,111143825,1042461972,166568320,4275422
1635286108.6690142,110635575,994032869,6956891163,110589330,993170527,2169767,101296064,111091337,1041449721,166227797,4234889
1635286109.6200378,110285953,991341246,6926860174,110379701,993857778,2167612,101289347,110911774,1040582700,167471491,4211104
1635286110.5710292,110943134,995137811,6957761949,111018908,995166272,2179508,102512580,111336282,1041779213,168231154,4216815
1635286111.522023,110562431,993186663,6941271082,110738107,996651742,2182125,101409645,112116856,1039424247,166192538,4193409
1635286112.473011,110521218,991361400,6933215821,110546822,991960951,2177765,101865429,110939670,1041509243,167718030,4213146
1635286113.424,110680979,992405573,6942677246,110849998,994959560,2182097,102187266,111023241,1041346946,167848133,4206157
1635286114.3750074,110473552,990821122,6938014283,110532539,994197893,2164259,101692192,110939384,1040978398,167532730,4186480
1635286115.3260002,110085759,990542479,6921412833,110447597,993662202,2160894,102226802,110781882,1040371044,167527202,4192542
1635286116.2770002,110475370,990525689,6927797265,110459493,992312396,2167663,101741371,110847623,1041026854,167407549,4196271
1635286118.1789918,110661291,991694814,6941844584,110615640,992596764,2173177,102452470,110999519,1041677470,167853507,4218943
1635286119.1300104,110796437,992628731,6960179422,110663977,995103099,2173920,101893229,112813040,1036752367,166670237,4248425
1635286120.0809927,110564324,991550890,6958052743,110546331,995091677,2190140,101094784,110843885,1042033644,167625271,4249992
1635286121.0319843,110429226,989188763,6947477447,110752649,993774864,2190561,102141450,110974634,1042022246,167955213,4219283
1635286121.9829729,110435431,991176427,6948375761,110633608,993227888,2196137,101627766,112502639,1035786481,165738768,4235847
1635286122.9339678,109864362,986046730,6920467515,110198533,990562318,2179658,100832476,110685119,1037834158,165671611,4186395
1635286123.8849695,109991761,988619074,6923951300,109848060,985341977,2163012,101328156,110791629,1038985870,165928743,4186767
1635286124.835982,110402305,991246835,6938586231,110565007,995331968,2187610,101680281,111164440,1041292206,166276873,4207258
1635286125.786985,110442916,990751139,6941979715,110498495,993784617,2183754,101651484,110930239,1039334932,167640365,4205148
1635286126.7379894,109510025,989279406,6904396519,109845895,991413817,2174183,100609477,110575771,1037573498,165507029,4147108
1635286127.6889884,110476720,992665260,6939474227,110479682,993824005,2187610,101344457,110864777,1040470177,166594717,4189931
1635286128.6400294,110182984,991116177,6921906853,110001992,990921470,2173797,101214798,110616009,1039259689,167669629,4179806
1635286129.5910249,110623144,993021800,6948675152,110620000,994682554,2190445,102056376,111053300,1043219807,167950098,4222087
1635286130.5420103,111042218,995040860,6965371782,111134265,997918708,2199542,102028471,111371761,1043604712,168476889,4243397
1635286131.4930046,110726543,992396647,6944964291,110769756,994989355,2188574,102713803,112004264,1040135082,166669623,4225466
1635286132.4439929,110993626,995276170,6962389513,111137485,997679096,2198563,101566057,114610697,1038686084,168445744,4225868
1635286133.3949933,110641978,989675086,6941368184,110611760,992271958,2191346,101579717,111188165,1043380666,168256667,4219552
1635286134.3459795,110373682,992666308,6929203107,110498152,994047084,2180814,101430813,111103224,1040385852,166387873,4177822
1635286135.2969754,110217074,990918271,6928067134,110365944,992676930,2178463,100807934,111832887,1038039217,167133417,4180958
1635286137.1989546,110938553,994574137,6958468415,110937069,995466232,2186293,102325493,111355245,1043362086,168134328,4230880
1635286138.1499438,110488493,989378761,6929828019,110424772,989559922,2176028,102239925,110696172,1036815982,167206650,4206969
1635286139.1000693,110311985,990526495,6937838549,110600355,990633808,2178244,99980151,112921148,1035589504,166367509,4210010
1635286140.0511181,110205668,992567417,6948698313,110642872,991918277,2185641,101319635,110683467,1039112639,166390132,4194151
1635286141.002104,110450336,989396824,6934587528,110432182,991545290,2176831,102062930,110955343,1040709891,167475138,4201433
1635286141.9531035,110344220,990524772,6938461765,110608552,993439864,2181024,101358806,110882322,1038508161,167329116,4195192
1635286142.904102,104217651,936460526,6533341235,104011849,932106229,2053239,94640309,104371069,977846437,157869530,3821667
1635286143.8551106,85451415,755425702,5335648448,85557958,758699592,1696382,79143688,85241586,793244579,128964930,3141250
1635286144.8061106,85305336,755811143,5337858064,85467907,758357826,1687061,78617693,85180084,790592299,128666674,3145706
1635286145.7571092,82453642,730905649,5153952300,82846535,737107048,1656321,75890420,82534319,767877207,124189667,2925897
1635286146.7080986,58948433,510068774,3672739235,59025826,513452589,1257222,54123185,58593439,533255414,85552649,2017434
1635286147.6591053,33681073,288659193,2088790552,33730381,291480619,678036,30327116,33183430,303623628,50225895,1159280
1635286148.6100314,6668663,57836798,409637964,6730085,58265867,126648,6100234,6452972,59534774,9750755,232803
1635286196.155987,1884945,17665031,131287173,1914234,17401587,34243,1420150,2019854,18328008,2948141,93783
1635286197.1069798,949533,8821197,65380413,964335,8923370,159855,731001,1021138,9182813,1471342,44224
1635286198.0579581,938340,8758627,64602963,959715,8915440,143468,708337,1025422,9130793,1469596,42042
