1635289089.5247543,12702209,24694,1193895,2752451,15231006,1287377,23767,3468700,35016254,228161314,3782641
1635289089.6248937,34153287,62654,2818292,3547379,35009889,5365818,58144,3589817,34752843,228094955,3535502
1635289089.7250328,34900858,72832,2864694,3504642,34408206,5238860,56165,3636625,34695916,228265797,3561689
1635289089.8251746,34286114,71053,2346934,3644701,34817836,5336522,61318,3489119,34853773,228062012,3633730
1635289089.9253135,34609334,69268,2313340,3548266,35082192,5335680,56807,3591551,34619456,228028028,3561247
1635289090.025451,34864562,73102,2608151,3549645,35028689,5225933,40522,3563200,34511201,227971514,3609050
1635289090.1255887,34755750,69258,2456279,3593354,34891993,5289624,72744,3550922,34778520,228101910,3621094
1635289090.225726,34562620,70118,2498366,3524377,34896367,5198287,56316,3617105,34821772,227900588,3564782
1635289090.3258612,34660502,71021,2499887,3556815,35239309,5395887,49919,3684876,34487120,228116009,3551108
1635289090.4259987,34522066,70796,2601448,3546407,34868055,5317245,51124,3504492,34438173,228287143,3649431
1635289090.526135,34525434,69960,2601232,3497089,34997877,5274360,41253,3961177,34732191,228272045,3610361
1635289090.626272,34583858,69320,2524642,3551658,34927760,5281879,47588,3632912,34534535,228352811,3564972
1635289090.7264085,34717171,70572,2483746,3565229,34840808,5299653,39589,3542383,34713997,228197603,3578415
1635289090.826544,34553260,70862,2520322,3601205,34920227,5196570,56769,3591126,34528681,228263136,3618372
1635289090.9266806,34467363,70524,2656289,3365898,34808050,5236499,61580,3576001,34569704,228298090,3612673
1635289091.0268323,32524239,63074,2349139,3508248,33834317,5282342,58399,3700767,34413798,228287176,3529750
1635289091.1269972,34059920,70767,2593090,4529469,28568160,3277360,83226,3627555,34772732,228255332,3644168
1635289091.227137,34760166,73475,2443227,3541068,35162980,5351982,43168,3618100,35102203,228200287,3675527
1635289091.3272755,34766357,72198,2576613,3521515,35070309,5458425,55860,3640284,34844015,228121733,3567034
1635289091.4274127,35027954,72650,2614996,3748881,35278090,5289507,53847,3703893,34801191,228110929,3721809
1635289091.5275502,34752691,72771,2359472,3486769,34333110,5162763,53540,3740231,34653516,228126128,3564288
1635289091.6276891,34541891,70792,2360714,3614748,35301732,5293889,62644,3806019,34660240,228122116,3643041
1635289091.7278264,34813881,71764,2521840,3634105,35208747,5361504,64300,3632661,34890702,228194488,3689657
1635289091.8279648,34833609,72248,2539894,3549581,35068734,5443602,61762,3566217,34654450,228113446,3652628
1635289091.9281015,34639735,71659,2583444,3570431,35153928,5445006,63421,3635438,34529873,228260746,3615717
1635289092.0282385,34586050,70883,2625008,3627866,34764835,5351373,66442,3727146,34810523,228268626,3624397
1635289092.1283767,34613190,70853,2379063,3481565,35088957,5375857,63940,3796515,34719799,228248072,3620563
1635289092.2285147,34605031,70848,2603734,3692100,35217040,5414822,64040,3586260,34847186,228184312,3642926
1635289092.3286524,34571900,74884,2438526,3590215,35140424,5440699,56575,3621140,34638376,228228613,3637694
1635289092.4287903,34369250,70533,2701876,3587085,35172493,5419610,67127,3627075,34596759,228205406,3717694
1635289092.528929,34686517,71192,2544460,3469324,34999198,5474560,60516,3572442,34592988,228157949,3649715
1635289092.629066,34412542,71671,2421857,3479550,34981781,5344657,55908,3642761,34545160,228267017,3799193
1635289092.7292023,34407997,71957,2618776,3626355,34987975,5351161,49523,3670943,34718311,228174998,3666101
1635289092.8293395,34465733,73330,2506149,3651503,35401045,5360628,66122,3765100,34527461,228195754,3639901
1635289092.9294758,34621749,70716,2519715,3620255,35245294,5358429,63207,3558914,34607676,228213139,3613232
1635289093.0296133,34637042,72149,2679259,3572524,35190364,5260339,69670,3681577,34568339,228115166,3645874
1635289093.1297612,32723981,69318,2335384,3520642,35125661,5465321,58623,3667106,34600359,228213891,3707608
1635289093.2299075,34400297,72157,2654903,3530577,35119982,5259149,62811,3764852,34538166,228254166,3621954
1635289093.330019,34431510,70587,2528753,3706340,34613434,5156610,72946,3556632,34400929,228184324,3719005
1635289093.4301553,34377137,72280,2587017,3571966,35010484,5404073,70839,3767309,34327947,228263996,3636833
1635289093.530292,34391211,73104,2553415,3647813,35022368,5362447,61395,3642732,34413956,228220482,3675956
1635289093.6304288,34437309,72802,2597773,3693477,35158827,5440714,71019,3760077,34286156,228157512,3686141
1635289093.7305646,34411609,75478,2388659,3670447,35087800,5385926,62515,3526114,34568403,228263662,3765442
1635289093.8307004,34306974,73259,2349378,3611084,34914834,5469373,71959,3845217,34382481,228237095,3717487
1635289093.930837,34286648,71963,2617372,3672804,35078553,5370525,64363,3751209,34279319,228164346,3627162
1635289094.0309732,34494146,71572,2640843,3563537,34892292,5505179,73948,3637097,34270831,228232561,3670476
1635289094.1311114,34311231,71690,2560274,3691885,35375083,5378754,74061,3635945,34421190,228165568,3765853
1635289094.231249,34300342,72692,2293454,3659928,35320698,5454890,72681,3577205,34343419,228180366,3712563
1635289094.3313868,34463342,72694,2673176,3679395,35189724,5378618,71201,3740642,34422319,228278650,3638614
1635289094.431524,34392709,71608,2664198,3656529,35023802,5292769,71881,3772120,34241372,228218924,3629603
1635289094.5316606,34458085,71508,2632403,3665726,34950863,5391325,71950,3764259,34209411,228322200,3637559
1635289094.6317983,34382917,71216,2643327,3663504,34939043,5376146,64666,3770709,34247611,228239970,3640669
1635289094.7319357,34348392,71317,2674060,3615338,34715490,5411138,67820,3758772,34244269,228238351,3675186
1635289094.8320723,34299798,69993,2665885,3620555,34841501,5383739,64461,3722610,34376433,228055854,3652027
1635289094.93221,34323236,70928,2636832,3651842,34895580,5386724,74942,3783748,34291446,228262381,3566104
1635289095.0323467,34374905,72370,2634355,3673511,34901364,5388072,75394,3681561,34269922,228199522,3645581
1635289095.1324842,34429938,70380,2642044,3668221,34948128,5353454,65638,3812268,34159771,228141077,3646520
1635289095.2326221,34370832,70742,2623226,3680919,35084996,5360401,73136,3624057,34308649,228289377,3708909
1635289095.3327599,34435968,72750,2474402,3683702,35360043,5439474,65137,3611570,34276563,228152280,3747590
1635289095.4328978,34244350,72348,2649374,3668161,34952905,5316762,73057,3774526,34354445,228238876,3774900
1635289095.533035,34252167,72198,2587259,3584746,35357464,5334785,81597,3559593,34450998,228220590,3769892
1635289095.6331728,34217366,73206,2567286,3900006,35217834,5496200,75840,3640471,34380480,228123019,3755545
1635289095.7333107,34283524,71947,2455726,3613777,35018494,5432711,73983,3731939,34308404,228177816,3679177
1635289095.8334482,34313641,70516,2662249,3782840,35121300,5444590,74801,3775127,34281246,228205993,3691577
1635289095.9335852,34329811,70523,2818795,3597020,35000741,5418269,73109,3784375,34246224,228169501,3573856
1635289096.033723,34356961,72556,2640246,3646692,35078366,5406248,61962,3769875,34348590,228221309,3681831
1635289096.1338599,34307006,72627,2635382,3655368,35237216,5334461,58027,3542768,32567054,228198680,3700804
1635289096.2339969,34216494,71994,2537748,3645750,35123019,5392310,67218,3557601,34232148,228201979,3742589
1635289096.334139,34200136,72623,2446013,3649172,35063499,5427022,70872,3702213,34096500,228242123,3759476
1635289096.4342778,34194354,72087,2613547,3651666,35030120,5413194,83598,3471926,34209353,228274007,3775741
1635289096.534415,34090823,70548,2230582,3597668,34858721,5525754,76160,3793974,34170807,228236258,3629857
1635289096.6345534,34195646,69609,2653780,3598829,34874692,5342135,55640,3770500,34124714,228223396,3616635
1635289096.7346902,34180155,71120,2688527,3639039,35277384,5416331,76012,3714141,34286157,228168891,3726140
1635289096.8348277,34242565,72950,2540009,3660753,34916713,5359142,66577,3640170,34308245,228158315,3756468
1635289096.9349651,34129061,72666,2485506,3663286,35176808,5434931,75179,3608956,34184174,228224639,3734151
1635289097.0351024,34294704,70370,4141335,3651439,35122001,5420388,76011,3775470,34074097,228201701,3542526
1635289097.1352406,34031843,70326,2457756,3577751,34973922,5418633,73309,3768863,34042599,228046641,3778880
1635289097.235378,34227627,70408,2625870,3649005,34928999,5369935,75762,3629864,34148027,228101590,3635062
1635289097.3355145,34319571,72053,2575966,3656079,35306360,5461818,75982,3745871,34129867,228184862,3788331
1635289097.4356518,34138927,71387,2591495,3702783,35295577,5429567,75099,3831982,34171568,228377426,3642122
1635289097.5357895,34166449,69987,2660195,3623891,34753965,5377373,67154,3757235,34217552,228173343,3700930
1635289097.6359272,34186741,72210,2715177,3657139,35096250,5443070,75440,3725017,34274408,228290090,3770738
1635289097.7360654,3779907,34133653,228193279,3638718,34312556,73795,2680968,3627100,34934867,5539083,74990
1635289097.836202,3777233,34038883,228212572,3729780,34148464,74505,2531989,3726426,34851868,5384474,66306
1635289097.9363387,3631786,34138865,228210528,3768737,34113231,77525,2644306,3665398,35019040,5462377,75137
1635289098.136613,3751582,35155091,5503710,74914,3777033,34055765,228167956,3707205,34253100,75297,2649024
1635289098.2367496,3669274,34899243,5356003,78489,3638020,34272759,228100374,3865573,34070354,72229,2596959
1635289098.3368866,3675908,35060393,5458727,72075,3773755,34133629,228140440,3548199,34171761,70507,2644532
1635289098.4370244,3574134,34843273,5483210,74196,3692366,34165801,228236129,3658555,34350810,71011,2642427
1635289098.5371606,3651152,35164072,5418504,75603,3645667,34223682,228294671,3771983,34258928,71011,2636815
1635289098.6372972,3682845,35193751,5445110,76472,3786532,34189479,228244116,3636475,34173705,70523,2638961
1635289098.737434,3674038,35205014,5405378,77111,3779917,34246270,228290025,3774482,34279722,74096,2506400
1635289098.83757,3714220,34417015,228242322,3685345,34216481,71537,2650530,3613374,34693530,5404101,73914
1635289098.9377065,3767157,34124743,228181305,3734463,34205066,72745,2502889,3801805,34979025,5404659,69339
1635289099.037843,3623876,34324404,228093002,3762398,34085636,70789,2631504,3653415,35040099,5461044,75824
1635289099.2881935,3620369,34866730,5426164,74831,3764188,34303901,228356125,3815050,34239279,71546,2622863
1635289099.3883302,3678773,35126879,5448377,73761,3785336,34118695,228115569,3559264,34266954,70913,2498919
1635289099.4884665,3601578,34744410,5459905,77195,3626491,34016048,228818574,3781332,34212549,70245,2650357
1635289099.5886047,3699246,35417692,5293084,70385,3777657,34122289,228095269,3764553,34103849,72782,2538776
1635289099.688742,3677354,35424722,5413970,75829,3524442,34005366,228084531,3634137,34175065,71019,2628250
1635289099.7888796,3664370,35166502,5365650,68258,3798557,34109760,228276298,3779673,34176265,73187,2647137
1635289099.889018,3700797,35163202,5423688,74004,3736179,34350657,228114193,3647798,34286588,71085,2660325
1635289099.9891555,3795583,34267188,228180006,3766706,34299107,72619,2539365,3681091,35157407,5265877,74024
1635289100.0892925,3784060,34183087,228167728,3638996,34370098,74650,2652221,3476847,34984313,5466179,73747
1635289100.1894279,3732185,34219349,228205274,3781287,34288726,76421,2536134,3734471,35081957,5356552,70332
1635289100.3897007,3696850,35198398,5452726,74314,3785198,34201648,228122170,3785324,34234287,69389,2644031
1635289100.4898372,3683505,35252011,5355255,75229,3780647,34206320,228219025,3714670,34233403,71768,2434875
1635289100.5899734,3695294,34950078,5448463,73651,3621318,34287541,228114877,3557813,34275696,71319,2645059
1635289100.690083,3685814,35044872,5314513,66663,3780870,34060909,228206257,3771089,34176027,71003,2514785
1635289100.7902179,3678413,35136560,5453479,75711,3728125,34103119,228228953,3672727,34252553,69748,2645230
1635289100.8903544,3684016,35147661,5400895,75720,3365787,34384528,228306655,3769664,34325290,72051,2361651
1635289100.9904902,3656261,34839384,5498628,76196,3771794,34101009,228077324,3636843,34251907,71138,2659217
1635289101.0906267,3627735,34254326,228250054,3784481,34185829,71718,2551431,3618963,35017576,5580151,70315
1635289101.1907644,3772427,34095310,228061222,3635620,34243722,71196,2628007,3692818,35102230,5429381,75492
1635289101.2909012,3636273,34189607,228135921,3788283,34139486,73322,2635151,3680629,35307488,5489619,73270
1635289101.4911747,3496511,34643035,5376474,67933,3485542,34355249,228191692,3726526,34065631,71963,2642481
1635289101.5913115,3685086,35139564,5445516,76392,3783375,34216619,228241612,3651480,34345240,71702,2667835
1635289101.6914477,3670424,34893761,5364713,77286,3775251,34206755,228144329,3795516,34280779,73247,2509360
1635289101.7915838,3665372,35154780,5438716,76024,3713342,34117188,228226510,3768530,34335709,70523,2639675
1635289101.8917215,3676035,34942256,5354462,70996,3770983,34254125,228214936,3755133,34216733,73252,2625668
1635289101.991859,3668461,35142531,5474580,76531,3862470,34514260,230319435,3666324,34485492,75370,2757075
1635289102.0919964,3735048,35513504,5400037,78355,3765386,34137850,228233377,3786342,34072437,73817,2449226
1635289102.1921332,3668600,34891510,5490771,58304,3778331,34174198,228206505,3640766,34201038,73556,2677379
1635289102.292271,3676337,35070816,5425708,77170,3639933,34311630,228187460,3784889,34145715,70950,2642906
1635289102.3924072,3487732,34846035,5698174,71733,3781906,34201884,228149816,3703903,34256779,72385,2387845
1635289102.4925442,3511896,34304327,5369430,72109,3644862,34213483,228216219,3714888,34296833,71063,2199430
1635289102.5926802,3670884,35035229,5472770,75340,3774342,34169828,228198975,3768683,34217780,70577,2763475
1635289102.692816,3683001,35021404,5387721,77036,3784134,34233867,228254090,3646621,34182955,73715,2489155
1635289102.7929547,3708871,35149523,5436519,76023,3647435,34288779,228186630,3723392,34236391,71248,2674183
1635289102.893091,3686499,35326045,5277451,67986,3786444,34214977,228081713,3781702,34154228,72380,2605789
1635289102.9932282,3716886,35320118,5462620,76332,3755560,34209171,228227152,3777448,34262789,71891,2642042
1635289103.0933654,3693758,35182264,5469174,74192,3343350,34292391,228246097,3690050,34197122,71512,2551100
1635289103.1935024,3575926,34857846,5401588,67464,3746242,34299210,228216467,3693846,34239548,71515,2656631
1635289103.29364,3689512,35065501,5464484,58792,3838535,34328010,228339798,3705840,34237042,70909,2636054
1635289103.3937774,3684643,34992673,5358607,72865,3557038,32756330,218972214,3730683,31763184,66032,2521626
1635289103.4979582,3538624,33497360,5244257,75908,3781167,33552828,228146402,3634575,33553943,68451,2631072
1635289103.5980825,3480871,33487543,5302403,91256,3703268,33530364,228201740,3772588,33507130,70945,2943286
1635289103.698205,3782644,35043466,5357532,89213,3444483,33578038,228244625,3773782,33520946,70659,2254288
1635289103.798326,3619931,34646894,5405185,92554,3776228,33618351,228193111,3625714,33596820,71397,2789119
1635289103.898447,3564239,34198757,5401515,92722,3611601,33661386,228221365,3700036,33508595,74209,2627143
1635289103.9985678,3643028,34633614,5259881,88114,3705050,33585546,228136443,3783990,33687316,73821,2471131
1635289104.098689,3636521,34664593,5396196,92957,3774880,33585940,228231982,3775085,33702125,72244,2678990
1635289104.1988103,3462239,34039300,5324196,85526,3852765,33895982,228318902,3550209,33689812,73097,2653637
1635289104.2989328,3651450,34535383,5382935,93000,3751732,33583906,228289816,3776185,33692232,69956,2436067
1635289104.3990626,3628778,34511688,5417386,94544,3755895,33596580,228279686,3629237,33664641,68937,2698666
1635289104.4991834,3658769,34488221,5307501,80074,3766233,33623394,228175262,3751758,33646173,70073,2474057
1635289104.5993037,3651081,34650867,5406490,92110,3614027,33558625,228236357,3777317,33643506,67861,2640857
1635289104.699424,3611245,33835746,5377743,94133,3763235,33687490,228239243,3631656,33579436,69906,2634780
1635289104.799545,3644425,34476125,5412700,92619,3780439,33633715,228250278,3754379,33597622,70283,2476701
1635289104.8996656,3626251,34739773,5307758,93066,3671894,33626995,228163329,3695197,33655713,68961,2615567
1635289104.999786,3675494,34501782,5398653,92939,3764044,33590465,228182672,3615622,33508062,66771,2822032
1635289105.0999076,3552189,34182848,5446146,93187,3630051,33562257,228165543,3726481,33564378,69680,2454609
1635289105.200022,3660633,34653201,5339849,89279,3777107,33640977,228090458,3770787,33664915,70451,2643438
1635289105.3001442,3659053,34888198,5429611,92533,3780180,33550455,228176485,3553269,33547165,67379,2636355
1635289105.4002733,3656869,34357879,5330105,97287,3660652,33598611,228242176,3761702,33587136,70765,2635309
1635289105.5003948,3664111,34533842,5401665,99662,3546052,33676560,228182886,3768735,33598557,69343,2565037
1635289105.6005154,3573734,34169363,5376102,91408,3897604,33611533,228271553,3614131,33711395,68825,2630546
1635289105.700636,3651362,34420409,5299242,93700,3682086,33571487,228191269,3776129,33588589,70212,2323904
1635289105.8007567,3645025,34229195,5278779,89873,3618328,33558755,228146035,3773031,33572844,68600,2448286
1635289105.900877,3613273,34828489,5452238,96090,3775089,33593126,228184062,3632665,33588785,69215,2557017
1635289106.0009983,3446740,34407556,5367708,93543,3780674,33624803,228145158,3776491,33596700,69633,2591512
1635289106.1011186,3730667,34740127,5332412,92185,3626461,33685703,228169424,3767970,33532131,69599,2562658
1635289106.2012398,3632570,34766452,5408392,92006,3770787,33616350,228244459,3651072,33739660,69045,2643204
1635289106.3013608,3507902,34331823,5387198,92570,3575614,33619500,228158641,3755665,33508673,69991,2621383
1635289106.4014916,3636755,34724086,5299277,95172,3551533,33575723,228268404,3648495,33645962,72246,2646671
1635289106.5016131,3638945,34675065,5406275,93658,3839269,33601513,228109891,3731758,33505122,72263,2645744
1635289106.6017346,3532686,34254345,5322777,93559,3556407,33610737,228138609,3632027,33613807,71852,2662702
1635289106.7018554,3650747,34887480,5302315,90162,3743741,33534953,228188345,3777739,33618426,73005,2499407
1635289106.8019767,3624627,34707203,5433900,91779,3676221,33549019,228134390,3682933,33621310,72948,2662662
1635289106.9020977,3491044,34128028,5271785,87453,3750170,33784518,228211942,3625879,33572629,72979,2622403
1635289107.002219,3647641,34616475,5369349,91170,3781832,33614752,228166862,3753275,33718828,69953,2451486
1635289107.1023517,3631292,34290467,5330191,93659,3775681,33512017,228247611,3622687,33745733,70494,2650548
1635289107.2024753,3642573,34472106,5397159,92816,3781969,33522234,228222651,3728178,33660134,71940,2494866
1635289107.3025982,3612297,34252465,5324862,91875,3631528,33524146,228181283,3768631,33522199,71891,2644951
1635289107.40273,3656920,34695369,5379882,93322,3771272,33564586,228140869,3654389,33624372,69138,2653263
1635289107.5028522,3694738,34595602,5425724,91304,3763199,33672158,228068599,3632925,33528981,69223,2644462
1635289107.6029735,3644622,34576582,5325757,93319,3613166,33713213,228250567,3886249,33566521,71569,2551010
1635289107.703095,3642041,34540597,5407937,92292,3737008,33528562,228159526,3647888,33531468,68714,2660154
1635289107.8032174,3521701,34234177,5454602,91787,3758902,33672366,228208780,3615281,33652907,68602,2639029
1635289107.9033396,3636549,34558693,5349888,91065,3551699,33631171,228211307,3773099,33705871,69701,2623995
1635289108.0034611,3644160,34563914,5367410,87790,3867079,33569823,228128529,3635796,33669551,69861,2648525
1635289108.1035824,3663568,34496730,5390099,90348,3782717,33552806,228205046,3773798,33553687,72002,2600176
1635289108.2037039,3629502,34606629,5294806,105011,3547216,33539049,228127007,3781532,33649806,69161,2567047
1635289108.303826,3628028,34338961,5423441,94434,3756268,33641016,228182310,3633630,33513768,67729,2802900
1635289108.4039552,3545176,34362950,5433811,91557,3636190,33624062,228226279,3767174,33540361,74571,2260541
1635289108.5040767,3652977,34754245,5321793,90798,3782193,33561762,228277532,3663198,33767720,69379,3125204
1635289108.604199,3646370,34710091,5371879,92683,3781007,33547995,228188147,3552308,33561295,67729,2643963
1635289108.70432,3637149,34455097,5318382,95959,3547751,33564933,228305283,3937562,33608756,70301,2627039
1635289108.8044415,3641775,34773694,5388396,96133,3721740,33472869,228113840,3713742,33560461,69099,2614558
1635289108.9045634,3572662,34421699,5402136,92516,3764769,33662451,228135406,3633419,33474875,68575,2612870
1635289109.0046868,3649134,34688871,5293465,90476,3751409,33539551,228244592,3774860,33567886,70395,2514173
1635289109.1048095,3641067,34534783,5432931,92428,3479670,33593834,228260034,3723697,33581543,70738,2691423
1635289109.2049377,3534601,34191727,5279371,79041,3754795,33611074,228186574,3613802,33507390,72881,2674306
1635289109.3050637,3637286,34543435,5394933,88635,3625388,33523047,228260941,3763099,33729523,71891,2537625
1635289109.405194,3640529,34255808,5337104,81951,3767707,33508874,228164971,3614347,33638834,72111,2632931
1635289109.5053158,3628253,34522785,5404406,91195,3770380,33467178,228350801,3736022,33646863,77656,2359895
1635289109.6054382,3615207,34063786,5322833,89534,3675831,33518346,228254511,3771848,33591248,70387,2202696
1635289109.705559,3658286,34727434,5419305,92302,3769100,33603240,228320457,3566919,33475664,68859,2345900
1635289109.805681,3557480,34117877,5412341,91580,3751351,33647413,228113770,3731789,33494679,68430,2636185
1635289109.9058046,3635740,34509379,5300401,92191,3660260,33566726,228250475,3889191,33625982,70495,2521148
1635289110.0059254,3634589,34542502,5379762,91803,3745648,33523243,228187729,3650876,33694811,68287,2635143
1635289110.1060462,3469877,34074951,5419126,89570,3682019,33684667,228269099,3611997,33619158,69047,2645606
1635289110.2061677,3666527,34514127,5334334,93169,3766999,33614042,228123186,3766009,33589801,70128,2555992
1635289110.306291,3682485,34634651,5367135,90509,3750885,33532339,228237454,3613621,33592207,70804,2649983
1635289110.4064157,3760100,33597895,228187473,3678021,33506289,70850,2590947,3617479,33994301,5310955,90425
1635289110.5065367,3610078,33583972,228190762,3778626,33624473,70106,2650448,3738257,34775025,5414955,93888
1635289110.6066575,3761170,33733604,228179192,3635166,33671414,69993,2649340,3661423,34653730,5418233,91356
1635289110.8068967,3669948,34367135,5344819,88140,3353876,33585361,228246523,3803917,33658269,70684,2667520
1635289110.9070146,3671079,34623661,5397741,92125,3781556,33632975,228140834,3664474,33750027,69588,2592196
1635289111.0071332,3567214,34311047,5357476,93035,3629772,33722932,228134348,3773460,33686567,71148,2635302
1635289111.1072514,3673356,34864198,5230128,89756,3676375,33599589,228223350,3703178,33676226,71491,2478049
1635289111.2073689,3655687,35040513,5385253,92846,3857322,33629974,228259954,3684806,33635343,69710,2673802
1635289111.3074875,3560889,34363605,5326553,85779,3784553,33740042,228255001,3696652,33682413,71525,2652284
1635289111.4076054,3654047,34726125,5318377,92647,3698020,33832506,228315494,3767898,33655530,71175,2466384
1635289111.5077233,3782319,33628184,228140789,3618208,33707075,70865,2653431,3546213,34366305,5337810,94022
1635289111.6078413,3719261,33619955,228201151,3781136,33640710,72158,2447849,4224692,35020972,5295302,86372
1635289111.7079597,3647418,33595343,228242135,3775221,33629706,70022,2631079,3621450,34769655,5405053,92773
1635289111.9081953,3494087,34315068,5334841,90862,3777822,33678147,228256171,3802409,33671520,76916,2653239
1635289112.008312,3644363,34927323,5334741,91082,3760183,33716334,228215127,3555731,33795613,74456,2490201
1635289112.1084297,3633995,34542282,5401312,92275,3788920,33746256,228168105,3755533,33732955,72961,2657587
1635289112.2085476,3641863,34513762,5292720,85532,3636246,33706139,228194913,3699553,33759525,74225,2519401
1635289112.3086665,3661019,34917508,5395954,89540,3758865,33680610,228083373,3775841,33911973,70160,2678951
1635289112.4087846,3650410,34477582,5400098,92558,3802176,33743703,228376807,3640266,33736442,69789,2634675
1635289112.508903,3661788,34697865,5335692,93675,3792230,33630768,228158845,3776860,33657849,72130,2585438
1635289112.6090207,3610917,33653569,228247765,3744056,33732245,70656,2627388,3555987,34564140,5714889,92783
1635289112.7091382,3762538,33730882,228197204,3630175,33606370,68886,2654561,3444478,33608260,5293105,91281
1635289112.809256,3617889,33756301,228167185,3773527,33659421,70659,2652725,3723662,34747531,5325300,88892
1635289113.0094936,3655288,34706743,5400152,92407,3779478,33673480,228209564,3682470,33732942,68901,2671505
1635289113.109612,3601638,34331073,5314901,81163,3553305,33575728,228257458,3713322,33517060,72255,2638781
1635289113.20973,3639954,34610710,5368369,96796,3764715,33625262,228135682,3772546,33609141,69943,2515709
1635289113.3098488,3619155,34374391,5403891,86376,3764827,33600108,228121251,3548109,33589168,69354,2637451
1635289113.4099677,3684224,34374230,5269036,89376,3825683,33712913,228199861,3789809,33552535,70412,2377059
1635289113.5100777,3661979,34653317,5386127,91222,3328586,33606027,228192652,3774144,33593475,71620,2214007
1635289113.6101966,3556004,34232078,5402039,90947,3747602,33692906,228199823,3623755,33611208,70353,2632588
1635289113.7103174,3777744,33631413,228196143,3732965,33700194,70410,2536497,3625701,34578309,5110419,92545
1635289113.8104362,3628790,33565892,228246179,3777139,33716306,70031,2636477,3803724,34882823,5473916,92949
1635289113.9105546,3776366,33686145,228212395,3637107,33611890,70024,2603808,3474017,34535353,5362337,92750
1635289114.1107917,3613185,34691562,5287086,88057,3330313,33595170,228230779,3782758,33668745,70044,2675291
1635289114.2109108,3620051,34923743,5368007,91259,3753851,33789978,228267206,3646763,33543147,70459,2593786
1635289114.3110313,3549389,34368641,5319812,85270,3626260,33717255,228223598,3748102,33635502,69811,2637478
1635289114.4111507,3618851,34679240,5238191,87954,3681761,33371240,228264270,3685891,33566880,71316,2467174
1635289114.511269,3627707,34704079,5390061,91641,3796118,33480463,228189651,3700550,33413753,72285,2637111
1635289114.6113877,3552765,34101020,5354093,93198,3334063,33559841,228229331,3637966,33618990,72812,2649386
1635289114.7115068,3649832,34705079,5296436,92701,3783394,33655049,228184857,3779729,33601218,73341,2455142
1635289114.8116257,3664358,33606613,228282145,3715011,33701024,73028,2673632,3574897,34319318,5401830,90979
1635289114.9117444,3770518,33661838,228141306,3620743,33700930,74179,2651522,3651053,34482281,5416946,90980
1635289115.0118628,3615797,33740147,228154095,3772183,33731504,72067,2684538,2547162,34853321,5288495,88931
1635289115.1119828,3777842,33690285,228309084,3611750,33820242,71001,2367684,3729674,34450137,5454813,91416
1635289115.2121022,3779081,33812239,228231457,3733216,33754112,70676,2965634,3668987,34512857,5321896,95762
1635289115.3122213,3556355,33563418,228225289,3781243,33719801,72879,2487565,3661700,34601853,5387800,93816
1635289115.41234,3786462,33752190,228283874,3734328,33693394,71457,2620087,3572760,34294610,5411703,90494
1635289115.5124586,3641142,33752599,228150563,3554866,33599059,69519,2638673,3679791,34867691,5230238,88686
1635289115.612577,3663779,33806389,228300890,3869084,33702906,72901,2564674,3676392,34635106,5418767,90881
1635289115.7126956,3312345,33673553,228181638,3670267,33710823,70431,2646642,3585370,34256512,5331623,79282
1635289115.812814,3716088,33863210,228167275,3640790,33667486,72014,2640083,3653588,34702697,5414761,83158
1635289115.9129326,3660318,33804879,228246349,3764036,33782866,71020,2542792,3602698,34398978,5390173,108723
1635289116.0130503,3770855,33712732,228160103,3626027,33758963,70621,2649496,3647281,34272051,5326899,86662
1635289116.113169,3725020,33712738,228145873,3778432,33596392,70783,2364342,3795280,35341076,5404468,90738
1635289116.213287,3538724,33706194,228217700,3788566,33676812,71003,2225503,3484099,34066610,5359434,92286
1635289116.3134058,3776654,33644958,228264490,3634560,33658605,69742,2993063,3541604,34784479,5324358,79340
1635289116.4135242,3678827,33731242,228119536,3778875,33660413,74234,2446074,3657036,34723686,5341765,77870
1635289116.513643,3737295,33690042,228221861,3708877,33723161,70999,2600299,3675977,34656366,5385666,92353
1635289116.6137612,3784238,33614157,228164879,3550718,33600953,70489,2636048,3538588,34266496,5346845,88200
1635289116.7138803,3786907,33706991,228292434,3806775,33721460,71159,2524013,3625177,34771512,5399283,92239
1635289116.8139992,3499949,33455528,228222118,3727075,33698413,71406,2373150,3605165,34430081,5391524,90962
1635289116.914117,4071615,33700207,228170046,3630091,33628562,71205,2650604,3656582,34629620,5307094,93855
1635289117.0142357,3751354,33662037,228208047,3779428,33620851,71605,2529898,3655755,34888710,5420680,92294
1635289117.1143537,3563699,33575265,228193343,3779649,33642141,73760,2675327,3636518,34338387,5427070,92760
1635289117.2144713,3760501,33719030,228176023,3629909,33719028,72959,2644507,3655193,34619083,5429163,90853
1635289117.3145905,3555457,33864533,228255019,3757905,33679042,74999,2638985,3624311,34632677,5231617,93064
1635289117.4147093,3550658,33626663,228254164,3705888,33775509,72224,2604328,3647491,34616924,5414175,90233
1635289117.5148273,3784617,33687216,228169839,3629290,33741236,76017,2688367,3553411,34191316,5332146,91418
1635289117.6149452,3634748,33693762,228184796,3780259,33711839,70750,2636615,3672984,34591644,5340695,86920
1635289117.7150638,3775552,33609299,228200266,3544444,33721096,70702,2545107,3695791,34809379,5415598,91450
1635289117.815183,3780472,33679336,227982188,3768091,33761275,71105,2663097,3649983,34260343,5329668,86473
1635289117.9153016,3578306,33887327,228352026,3872053,33721832,71519,2667636,3664084,34625678,5391972,91751
1635289118.0154197,3683556,33634376,228222554,3692825,33729595,71750,2496307,3567424,34270430,5385644,91762
1635289118.1155381,3837501,33835983,228219396,3617841,33731263,70613,2665857,3655894,34600490,5302340,88169
1635289118.215656,3550060,33644530,228287457,3762371,33808685,72413,2440192,3650502,34659992,5347409,88832
1635289118.3157754,3747176,33690873,228212650,3713273,33696558,69881,2645889,3436653,34247208,5408164,87803
1635289118.4158943,3776923,33682146,228243062,3626027,33652662,70916,2649772,3627431,34126375,5304034,88974
1635289118.5160134,3780356,33703348,228259973,3789331,33682957,73183,2478722,3857040,35174401,5409744,91423
1635289118.616132,3764768,33726238,228241400,3636196,33631402,70930,2449936,3603012,34533380,5428465,90957
1635289118.7162497,3765464,33845878,228111607,3683482,33628273,71970,2745858,3629228,34365392,5327087,91339
1635289118.8163671,3639359,33717755,228256528,3754886,33749545,70607,2552081,3647351,34749022,5407767,93303
1635289118.9164848,3775175,33616908,228176226,3657648,33620283,70575,2660634,3713465,34594484,5449398,91211
1635289119.0166025,3776235,33595483,228141027,3762169,33705246,70420,2659459,3661654,34559943,5313543,96355
1635289119.166896,3600661,33580463,228149926,3717867,33608863,72617,2655743,3676885,34880491,5403541,94583
1635289119.2670174,3762918,33629692,228171063,3783158,33653525,71494,2589621,3568948,34446657,5401715,93160
1635289119.3671374,3557330,33673884,228231289,3633865,33629968,70456,2652223,3635723,34848020,5304811,87756
1635289119.4672558,3712426,33712362,228237132,3782078,33680442,71339,2640745,3626341,34848473,5333945,91557
1635289119.5673738,3706229,33705039,228261175,3671665,33720768,70854,2718193,3565020,34218928,5281466,91192
1635289119.6674914,3770568,33678663,228208919,3645991,33770066,72460,2676874,3694087,34725210,5381743,80088
1635289119.7676091,3557008,33702992,228193002,3774466,33741041,70362,2536513,3645856,34652842,5411486,95226
1635289119.8677273,3778623,33674938,228272055,3640494,33664246,71247,2524101,3595568,34357148,5391855,88861
1635289119.9678462,3712215,33614443,228301594,3773246,33535285,76565,2648975,3668663,34482200,5299085,88368
1635289120.0679643,3548734,33462626,228295991,3779863,33533497,75430,2413082,3685350,34835736,5423452,90796
1635289120.1680822,3777801,33575084,228080391,3772517,33619143,74113,2566664,3581467,34216889,5367649,91889
1635289120.2682006,3696106,33693185,228234171,3548379,33625695,75384,2619168,3670029,34628405,5340569,77960
1635289120.3683195,3742874,33680433,228048088,3779978,33774844,72182,2524663,3706681,34453736,5418817,91483
1635289120.4684372,3743179,33588025,228215269,3631080,33726326,71051,2642700,3538538,34037817,5390582,88657
1635289120.5685556,3773617,33729085,228243850,3670436,33631133,71749,2499154,3667668,34566669,5398308,88056
1635289120.6686735,3842723,33649367,228167404,3779366,33634468,71392,2303184,3604956,34535755,5484661,101955
1635289120.7687914,3781734,33674411,228234598,3634382,33691313,71428,2648421,3606258,34219482,5380118,80554
1635289120.8689091,3787647,33674942,228212786,3773526,33610342,72112,2584506,3837428,35050516,5358655,92001
1635289120.9690263,3620705,33692210,228144721,3779663,33643798,72112,2436177,3596956,34267052,5430597,91225
1635289121.0691447,3776866,33734686,228118965,3614531,33624905,67778,3001626,3583751,34180608,5414724,91305
1635289121.1692624,3568900,33636124,228160243,3674968,33591342,71494,2216035,3652550,34647722,5309598,93506
1635289121.2693808,3660972,33603762,228263901,3815272,33761052,71432,2669556,3668368,34603178,5390186,92442
1635289121.3695002,3776239,33654116,228263478,3553106,33619848,69793,2637503,3606263,34236345,5317519,92447
1635289121.469618,3673410,33732812,228270024,3752026,33550001,71345,2631255,3679581,34722040,5384174,93390
1635289121.569736,3621818,33597056,228167791,3785126,33613521,70588,2606717,3680949,34623851,5381595,93666
1635289121.6698534,3795297,33636368,228231463,3632784,33626756,69941,2605967,3653459,34374922,5343475,86231
1635289121.7699714,3646702,33743434,228071132,3767709,33620219,71440,2654829,3676392,34778325,5380536,90850
1635289121.8700714,3348381,33582433,228211719,3771300,33736299,68792,2579008,3585485,34037667,5336737,87961
1635289121.97019,3767182,33592828,228147086,3624990,33713556,69579,2703064,3659202,34712860,5354818,90924
1635289122.0703087,3628262,33575931,228119262,3779578,33651295,70776,2452315,3602207,34677311,5265383,88094
1635289122.1704268,3739575,33612425,228234457,3669568,33566431,68965,2666874,3657063,34820540,5392606,91896
1635289122.2705452,3767186,33648718,228241352,3633146,33553836,70944,2297401,3565271,34372765,5328917,84797
1635289122.370665,3774903,33726057,228255103,3842255,33669256,70538,2697801,3651709,34791108,5427142,91779
1635289122.470784,3752404,33714120,228131732,3649573,33531472,72028,2458730,3601052,34353265,5429330,90429
1635289122.5709033,3750042,33568597,228192251,3665257,33616866,74597,2680207,3666686,34399797,5304798,85624
1635289122.6710227,3763513,33658817,228720361,3768863,33741667,74083,2466809,3666633,34620567,5424927,92091
1635289122.7711413,3571737,33526922,228304311,3771756,33731689,72844,2715282,3672758,34456175,5409909,92011
1635289122.8712776,3771425,33643370,228240627,3637636,33676582,72629,2658961,3672068,34726415,5400884,95184
1635289123.0715296,3678807,33652379,228107279,3690272,33738407,70780,2648004,3653696,34767073,5490066,89615
1635289123.1716483,3767540,33800970,228140844,3687739,33746149,71549,2569915,3605206,34161069,5374011,90212
1635289123.2717671,3626212,33677926,228103200,3751959,33697150,70824,2640011,3662227,34683524,5405804,88747
1635289123.472006,3745011,34335402,5455206,91857,3776988,33666978,228167505,3691595,33582562,70602,2738050
1635289123.572125,3656188,34492928,5329056,94969,3584305,33647986,228163077,3961104,33704394,72867,2575093
1635289123.6722555,3674345,34625463,5412160,91141,3779600,33705905,228333862,3547913,33655556,70136,2644420
1635289123.7723885,3568853,34399617,5435174,90869,3686256,33825540,228258258,3688887,33628641,69891,2686916
1635289123.8725202,3652239,34858605,5318669,88446,3636525,33597058,228290265,3782001,33680466,70093,2642004
1635289123.9726548,3667990,34589129,5411163,90952,3761962,33625463,228191393,3640072,33701339,69726,2681029
1635289124.0727775,3614441,34338909,5349554,86720,3763618,33768123,228202067,3692365,33553559,71861,2638074
1635289124.1728961,3559230,33576383,228192278,3757241,33692080,70057,2501833,3576843,34266990,5497708,96757
1635289124.2730186,3773943,33664323,228184716,3630614,33573305,68541,2656269,3466868,34324291,5426274,86202
1635289124.3731413,3657671,33597270,228185712,3781152,33582237,71069,2512884,3655174,34572675,5295153,89754
1635289124.573379,3683799,34919295,5421618,92024,3780249,33613452,228251820,3648859,33576940,71257,2692425
1635289124.6734974,3531651,34407529,5328435,80601,3659418,33686540,228204171,3767680,33620424,70033,2690416
1635289124.7736158,3635988,34678298,5328409,79305,3769998,33677716,228202658,3551434,33647358,70066,2518891
1635289124.8737345,3669818,34502190,5404787,92732,3785786,33573278,228175474,3732928,33788846,70212,2695412
1635289124.9738526,3591759,34083198,5327878,88523,3761978,33616453,228130900,3692610,33749805,69923,2439603
1635289125.0739713,3636219,34657823,5380969,92153,3676092,33705289,228243514,3782730,33698551,72446,2255253
1635289125.1740892,3565124,34348042,5439946,91261,3781131,33687207,228256917,3631971,33639707,73507,2678750
1635289125.2742078,3765230,33681415,228192115,3780060,33595961,74973,2525354,3637114,34568292,5193142,83039
1635289125.374327,3622935,33627092,228219870,3769161,33712824,73470,2688187,3694106,34775671,5447407,90972
1635289125.4744458,3759623,33712510,228160479,3618430,33689303,73734,2668785,3443638,34173453,5436172,89223
1635289125.674682,3659615,34633838,5336513,93942,3695080,33568663,228252365,3647598,33690951,71558,2662462
1635289125.7747998,3692649,34587147,5416837,91293,3780389,33705342,228116160,3717008,33749375,70845,2691060
1635289125.874918,3578393,34318308,5330371,91063,3627165,33643264,228128255,3648789,33586091,71195,2600319
1635289125.975036,3671184,34784936,5411808,93863,3771132,33555947,228171376,3748362,33761181,69881,2628938
1635289126.075154,3717575,34853504,5434348,91253,3739432,33708107,228170688,3674828,33681926,70509,2635380
1635289126.1752717,3653316,34442186,5338362,87187,3505613,33744626,228302233,3771366,33630080,72395,2639238
1635289126.2753894,3657806,34180865,5241956,89893,3427375,33958596,228274621,3749355,33658411,71106,2587105
1635289126.3755093,3763239,33634191,228195602,3611298,33621561,68541,2631660,3630187,34351118,5139731,91080
1635289126.4756272,3625564,33656200,228208879,3778414,33654929,71998,2424782,3792693,35636201,5245894,89611
1635289126.5757453,3675878,33609910,228217715,3716601,33621207,69821,2655115,3471493,34263746,5399942,91980
1635289126.7759807,3390104,34079981,5302121,84858,3767669,33631814,228193998,3771932,33571476,73476,2691428
1635289126.8760986,3656283,34831779,5309895,90641,3666574,33653562,228193776,3705802,33582025,70747,2454688
1635289126.9762163,3694750,34447217,5389229,91507,3770464,33674033,228287594,3534131,33523372,68753,2673181
1635289127.076334,3571569,34159338,5372681,92625,3620375,33526455,228192494,3753060,33558104,69825,2612202
1635289127.1764522,3656766,34656792,5304179,89728,3630622,33423280,228269471,3715908,33664620,70672,2649371
1635289127.27657,3659560,34697527,5375532,92475,5594171,33608142,228134545,3517285,28660552,66102,2688096
1635289127.3767128,3767559,31864865,4469873,89429,3800069,31340934,229478905,3663313,30659758,72869,2713813
1635289127.4768531,3761483,33688984,228276167,3626773,33610079,70323,2631158,3569683,34676575,5390926,91936
1635289127.5769904,3610127,33742525,228157410,3771010,33565729,71038,2544873,3648160,34601811,5213136,87715
1635289127.67711,3755975,33588087,228172223,3632269,33675661,73404,2619903,3423456,34484804,5408070,92107
1635289127.777229,3789092,33592651,228155772,3685983,33706459,74082,2369959,3532034,34044574,5327264,86499
1635289127.877348,3707837,33720208,228297150,3783012,33741835,76647,2653770,3648233,34718283,5403375,92155
1635289127.9774663,3774090,33619370,228249459,3622858,33545750,69794,2485325,3580761,34237965,5471134,92070
1635289128.0775855,3706848,33602172,228161858,3724530,33718736,74688,2677121,3662860,34630386,5291968,85416
1635289128.1777034,3567038,32273162,219035916,3611046,31415587,68853,2814652,3512244,33006456,5091904,85182
1635289128.2778215,3551768,33646339,228290064,3976202,33708351,71806,2300287,3655326,34500579,5387331,90620
1635289128.377941,3318819,33550213,228280377,3661982,33688522,70747,2518371,3568109,34181041,5358049,90482
1635289128.4780593,4025579,33775710,228245820,3607144,33693004,70818,2692829,3661519,34577285,5343716,73985
1635289128.578177,3541742,33638440,228254233,3766518,33806263,70828,2488046,3694810,34551665,5279205,91712
1635289128.6782951,3852452,33569085,228074200,3617457,33645727,71664,2633035,3545519,34231908,5600852,85290
1635289128.7784126,3775207,33695629,228127011,3683982,33662859,72911,2472121,3634414,34424876,5346813,89589
1635289128.87853,3728044,33638857,228078541,3773452,33683192,72059,2238769,3588519,34270314,5445460,91783
1635289128.9786477,3757171,33634093,228265132,3623116,33627486,69406,2679636,3608842,34341301,5439888,90986
1635289129.0787659,3764542,33824455,228198032,3771290,33617570,73730,2424185,3640971,34433716,5326910,90741
1635289129.178913,3638074,33687746,228193389,3792719,33765030,72332,2560047,3644000,34548243,5423175,90990
1635289129.2790322,3766908,33709083,228104659,3541296,33668320,70870,2626403,3428148,34018909,5476837,88341
1635289129.3791509,3667350,33609333,228209408,3757774,33718217,71018,2629238,3636078,34629180,5367929,93147
1635289129.4792688,3854537,33597215,228255882,3180238,30483107,71667,2619977,3658010,34702644,5401993,90759
1635289129.5794027,3656024,33465703,228183240,3776631,33523303,70655,2453437,3600672,33887933,5023162,102436
1635289129.6795208,3717644,33491070,228276647,3671126,33588966,71457,2632990,3600100,34201972,5367919,94209
1635289129.779639,3649768,31736237,228143366,3281523,32113951,71493,2657974,3648580,34047748,5155985,88482
1635289129.8797576,3739453,33597526,228149766,3668814,33554410,71948,2435342,3658174,34751151,5265608,107240
1635289129.9798753,3719977,33511512,228161898,3750480,33551030,71782,2283086,3416531,34200487,5348342,91254
1635289130.0800147,3761920,33461293,228083572,3617112,33536137,70969,2603210,3733969,34381335,5439701,93231
1635289130.1801338,3765247,33489816,228091477,3756611,33566151,72631,2561406,3659254,34459908,5310952,92437
1635289130.2802517,3616969,33486199,228100291,3772100,33481830,73703,2444931,3654803,34762275,5390065,93584
1635289130.3803716,3753826,33517929,228158993,3647275,33526401,70790,2671664,3692726,34538172,5420940,90247
1635289130.4804897,3664885,33662465,228091745,3619594,33530769,70582,2636057,3659585,34357785,5308396,88393
1635289130.5806084,3419345,33459295,228242895,3968669,33539137,72477,2634051,3644833,34592702,5402214,90325
1635289130.6807263,3658956,33496303,228239428,3634682,33615422,74175,2531945,3553459,34188325,5381071,90659
1635289130.7808447,3782351,33572826,228187648,3616073,33588626,75708,2669133,3643114,34579493,5292343,88896
1635289130.8809626,3540633,33532436,228278775,3778820,33573697,75562,2468679,3662517,34683961,5323300,87072
1635289130.981081,3693492,33437611,228155360,3730307,33553033,73408,2670353,3400202,34352879,5402744,87335
1635289131.0811996,3757464,33550271,228191863,3615193,33550573,75109,2625273,3578769,34021414,5287734,88316
1635289131.1813176,3742359,33642460,228215859,3754767,33558162,72964,2511597,3853978,34965308,5366328,90590
1635289131.2814357,3730827,33584407,228167696,3612708,33636628,71779,2442679,3596253,34266757,5412274,90736
1635289131.3815548,3766195,33527567,228185813,3642556,33685987,72039,2768431,3595426,34168064,5357029,89963
1635289131.4816732,3615226,33470459,228124817,3745236,33617143,71672,2504309,3659837,34501788,5410300,92939
1635289131.5817916,3768630,33463106,228116120,3641364,33726165,72061,2666861,3652735,34520408,5418258,90599
1635289131.68191,3769075,33549908,228241074,3747116,33522229,71173,2649431,3666229,34388362,5328836,96774
1635289131.782029,3582121,33539411,228217007,3663581,33483909,71274,2630428,3670016,34553908,5390647,94714
1635289131.8821468,3740834,33682140,228135152,3749764,33514272,70806,2511234,3578159,34113021,5378106,91236
1635289131.9822652,3642124,33648573,228267642,3612290,33526717,72317,2629818,3645880,34283073,5255451,87494
1635289132.0823843,3715512,33629600,228172868,3752748,33535595,72038,2277970,3651562,34591908,5404800,90148
1635289132.1825027,3565863,33559461,228223535,3757073,33586619,71419,2452291,3570203,34029828,5338114,90527
1635289132.2826207,3769011,33499927,228236175,3616778,33475060,70239,2644656,3640550,34546290,5399651,91662
1635289132.38274,3760203,33591515,228652426,3779115,33638036,72535,2459650,3638909,34610483,5293244,87684
1635289132.482887,3675238,33575665,228112412,3709190,33593424,71313,2628488,3680237,34703570,5419887,91076
1635289132.5830295,3752650,33697889,228184926,3621575,33525215,69922,2748609,3488028,34034964,5401206,86284
1635289132.6831496,3751388,33830118,228144760,3740628,33601200,71652,2516488,3649219,34797077,5391657,91399
1635289132.7832692,3769611,33629435,228010697,3751134,33731202,70978,2382810,3610252,34406539,5399283,92056
1635289132.8833876,3779390,33503660,228042356,3535852,33622692,70524,2626755,3658095,34465755,5334634,92216
1635289132.9835064,3731693,33587785,228098647,3776533,33598070,72041,2502171,3664479,34746150,5406272,92181
1635289133.083626,3538628,33570154,228068708,3778112,33636027,69488,2641699,3599308,34457047,5416835,90321
1635289133.1837444,3756144,33685515,228306119,3628095,33662750,71388,2638503,3677026,34943050,5373220,89127
1635289133.2838633,3620124,33668320,228259773,3779527,33665620,72583,2584853,3679722,34438719,5198887,108671
1635289133.383983,3686278,33591558,228260565,3650231,33647579,75187,2673826,3590557,34343150,5476734,77137
1635289133.4841008,3765780,33772270,228227952,3699092,33621893,76347,2636465,3704208,34546721,5378111,91980
1635289133.5842192,3624853,33624249,228230314,3760612,33718187,75649,2461535,3625809,34278893,5426547,93166
1635289133.6843376,3775503,33624764,228149675,3629169,33729544,76335,3038474,3714596,34289838,5367521,92564
1635289133.7844563,3604456,33588876,228228997,3685348,33554402,72267,2252439,3674076,34416204,5315158,87692
1635289133.884575,3463717,33565075,228197227,3910001,33656369,72053,2635946,3678300,34733410,5395391,90657
1635289133.9846933,3757477,33571709,228259120,3536858,33643838,71455,2645490,3548441,34341237,5335260,91660
1635289134.0848124,3648612,33639826,228185756,3690404,33628111,70528,2640882,3665891,34568421,5398809,88276
1635289134.1849313,3659226,33574592,228146300,3772298,33663490,71755,2541235,3644903,34652625,5406937,89836
1635289134.2850516,3783636,33638726,228181337,3619547,33679192,70871,2659044,3664004,34199583,5360275,87244
1635289134.385172,3674793,33575943,228121310,3737826,33661284,72710,2645437,3668768,34629378,5422166,89079
1635289134.4852905,3397672,33676197,228311260,3772260,33615062,70985,2540411,3589954,33958278,5379448,87449
1635289134.5854092,3767021,33586050,228128008,3621694,33528025,72152,2685530,3674286,34661744,5410716,90657
1635289134.6855297,3623375,33657890,228284312,3770031,33532096,73506,2407296,3646135,34534585,5242988,87286
1635289134.7856483,3706567,33624243,228190209,3692446,33609270,70558,2608038,3654449,34718413,5421929,89910
1635289134.8857675,3762253,33668527,228146312,3622013,33576486,72892,2234745,3482544,33952671,5319356,85639
1635289134.9858859,3790621,33799853,228279384,3738946,33682060,72520,2692763,3648916,34582930,5401977,90466
1635289135.0860045,3773024,33652313,228196233,3691709,33651386,72833,2425195,3618439,34243784,5407201,90889
1635289135.1861224,3725701,33482219,228170550,3600748,33720378,71507,2634587,3663865,34419244,5298814,81122
1635289135.2862406,3766410,33638577,228243908,3786352,33584614,73255,2425295,3677622,34646066,5405738,92671
1635289135.3863597,3560726,33611890,228313893,3784829,33566359,71793,2629905,3557104,34309227,5355597,91657
1635289135.4864779,3774942,33571561,228024694,3627829,33561237,71372,2636939,3649733,34756939,5376933,90700
1635289135.686715,3690919,33649587,228096277,3662108,33576034,72948,2625481,3624402,34602589,5417412,91083
1635289135.7868338,3780071,33592244,228110580,3654585,33586437,73838,2547925,3593936,34199785,5386558,91563
1635289135.8869524,3622697,33537418,228073881,3765296,33657937,72919,2600202,3665904,34537975,5424946,92299
1635289136.0871892,3663999,34538037,5426564,91443,3778366,33554618,228205648,3694605,33530280,75529,2616516
1635289136.1873074,3677008,34434104,5328415,97361,3529735,33630987,228210011,3983925,33577008,75083,2594468
1635289136.2874253,3717713,34180735,5243717,90646,3757664,33641947,228198855,3552480,33635831,73874,2570599
1635289136.3875458,3573941,34217997,5417702,92421,3664652,33847547,228248469,3688030,33654458,74221,2658656
1635289136.4876635,3658696,34531263,5264388,89498,3639924,33698438,228237188,3757485,33698934,73782,2589444
1635289136.587782,3654459,34471228,5411228,91270,3677896,33569786,228217736,3639728,33738574,72325,2648542
1635289136.6878998,3616483,34191945,5343055,81054,3778270,33607764,228222039,3667261,33664079,73937,2672398
1635289136.7880182,3563560,33589752,228199085,3776160,33621202,72329,2485373,3612205,34534080,5604960,97736
1635289136.8881361,3775065,33658479,228051442,3627014,33584417,71586,2651670,3482388,34520336,5411930,91752
1635289136.9882548,3698639,33634521,228059982,3770700,33595811,73633,2330772,3684910,34599491,5305589,88847
1635289137.188491,3659376,34553617,5410428,90162,3731267,33920570,228115169,3627144,33601340,71957,2572931
1635289137.2886093,3551727,34132015,5349993,81633,3643205,33719275,228133815,3756160,33753711,71222,2654436
1635289137.3889685,3654361,34554364,5361955,81098,3775631,33631846,228224008,3534534,33718329,72788,2504142
1635289137.5394664,3645627,34349608,5382247,91699,3786804,33716535,228236252,3758671,33726979,70930,2652550
1635289137.6395855,3634567,34237149,5307958,89080,3739330,33565457,228147187,3751890,33605175,73148,2266181
1635289137.7397037,3652029,34720074,5401826,92017,3537684,33663718,228300566,3778443,33640511,71341,2419326
1635289137.8398213,3562235,34321139,5388428,90551,3772699,33650873,228209142,3617103,33626551,71748,2635439
1635289137.9399393,3738182,33782344,228213944,3768722,33653806,72733,2515094,3677627,34409546,5071130,79436
1635289138.0400727,3698324,33597099,228165846,3675038,33613262,71976,2702294,3426296,34773749,5426132,91980
1635289138.1401906,3775108,33609324,228152316,3636355,33684140,71130,2543083,3505659,34204803,5380997,89540
1635289138.340429,3637922,34775208,5391308,92434,3770593,33607642,228084445,3625013,33579997,70843,2349722
1635289138.4405475,3592932,34470116,5403689,93895,3771967,33629515,228195789,3700540,33646751,71801,2613048
1635289138.5406666,3661308,34651613,5326592,92249,3613368,33655092,228015390,3949152,33618893,73618,2498321
1635289138.640785,3648061,34840778,5416432,91698,3751218,33667525,228090712,3579061,33604463,75280,2677278
1635289138.7409031,3574507,34175079,5394681,91547,3679567,33784165,228249832,3663873,33616891,74232,2601038
1635289138.8410213,3656677,34580345,5298468,95159,3343057,33706288,228202065,3751556,33662234,75142,2654279
1635289138.9411392,3682548,34567235,5408312,91527,3655665,33631043,228252158,3643548,33758856,75196,2676466
1635289139.0412571,3776413,33644659,228213668,3676941,33704840,75127,2603061,3671088,34340616,5156647,93204
1635289139.1413755,3624910,33622213,228169167,3772411,33678600,72342,2630538,3934812,35802900,5503970,94532
1635289139.241494,3767911,33648981,228190641,3616348,33711945,71526,2643580,3480203,34464622,5414142,91762
1635289139.441734,3660579,34536873,5340594,88416,3349056,33646515,228195557,3762734,33718300,71293,2675088
1635289139.5418525,3654613,34567523,5419721,90198,3781696,33766892,228199775,3634241,33595181,72168,2616052
1635289139.6419704,3526659,34184825,5357393,91995,3625120,33702182,228089792,3755255,33636457,70973,2639838
1635289139.742089,3648057,34594486,5330713,87877,3388657,31470350,228073928,3751130,33735123,71717,2521150
1635289139.8422072,3672485,34591762,5417253,100424,3800032,33656386,228161349,3737626,33599852,72979,2630100
1635289139.9423258,3599279,34227460,5405817,92328,3318586,33609403,228058210,3620037,33544364,71175,2630449
1635289140.0424433,3677578,34742710,5321651,91126,3757671,33638099,228070832,3775912,33562949,72414,2474603
1635289140.142561,3653021,33665893,228117452,3693333,33667627,71222,2646831,3583298,34246485,5319131,91107
1635289140.2426789,3764192,33802110,228272062,3667414,33710981,71143,2579538,3664083,34458317,5397673,92139
1635289140.342798,3631102,33562317,228194852,3756148,33706069,71671,2638897,4551995,34905684,5449276,95220
1635289140.4429166,3779768,33542816,228211626,3626203,33647639,71228,2231192,3667507,34242152,5426894,92984
1635289140.5430355,3771576,33581565,228239453,3774538,33571729,72383,2870518,3674506,34534297,5340205,96410
1635289140.6431537,3568135,33591119,228232465,3766912,33550370,74662,2460914,3665987,34825612,5410330,93340
1635289140.7432714,3769169,33679305,228272272,3723876,33584462,72539,2659865,3537320,34453079,5473995,93253
1635289140.8433897,3606911,33633562,228092257,3538089,33554266,71285,2633166,3663317,34704706,5361259,90203
1635289140.9435074,3757701,33642940,228151138,3759485,33608846,72142,2642837,3640448,34587143,5412264,94395
1635289141.043626,3301587,33477260,228280165,3652637,33639203,71335,2669968,3629932,34387310,5331235,94419
1635289141.143744,3760289,33632757,227969610,3699408,33705333,72434,2669453,3619198,34739634,5400217,86262
1635289141.2438626,3671532,33609773,228194758,3778222,33734999,74500,2544561,3568202,34238560,5426415,106349
1635289141.3439815,3738601,33611563,228077247,3628745,33573885,74330,2642505,3667915,34351983,5296103,88128
1635289141.4441001,3645476,33629458,228139373,3770523,33590410,76242,2557535,3829447,35721023,5384518,90772
1635289141.544218,3631665,33553930,228268727,3707005,33658412,74960,2220402,3485367,34182749,5405397,91834
1635289141.644336,3746759,33630587,228207144,3634038,33639692,75544,2996085,3616132,34341666,5328366,80451
1635289141.744454,3575450,33633599,228224026,3752034,33647486,75552,2426566,3649449,34610895,5405073,92892
1635289141.8445718,3772624,33601528,228223705,3648007,33767154,71287,2586445,3635945,34353192,5419015,91856
1635289141.9446898,3768132,33579252,228170485,3585115,33545608,71696,2637252,3654953,34266573,5314042,90685
1635289142.0448072,3616470,33615860,228242972,3939808,33636578,72400,2249968,3670648,34631903,5428707,92270
1635289142.144926,3784269,33693449,228200559,3714023,33648414,71651,2436080,3591703,34431193,5417637,92334
1635289142.2450442,3828059,33759496,228256710,3627976,33593101,72124,2618363,3672557,34700382,5312388,77974
1635289142.3451638,3753494,33681773,228201733,3766528,33590327,73235,2496854,3660574,34625289,5447237,90382
1635289142.4452822,3622406,33675213,228106917,3683312,33612189,71709,2619425,3471481,34165495,5435177,85091
1635289142.5454004,3769358,33730483,228164018,3610096,33658486,73235,2602232,3672786,34575823,5411096,93166
1635289142.6455183,3757291,33644058,228045358,3763175,33708610,71906,2406115,3591068,34227018,5379466,91398
1635289142.7456365,3759953,33560128,228128773,3630675,33592839,72394,2611522,3646062,34545270,5439186,93645
1635289142.8457541,3767359,33631452,228189438,3782114,33558234,71962,2479749,3681596,34456329,5321793,92731
1635289142.9458718,3623280,33583736,228208849,3780125,33543030,73334,2580553,3678286,34688994,5387987,92897
1635289143.0459895,3749213,33659478,228147737,3735622,33629387,71702,2658917,3616589,34137087,5404538,92024
1635289143.1461074,3532293,33738781,228118267,3559012,33564681,71252,2650615,3660258,34747483,5296733,94783
1635289143.246225,3618588,33602577,228313826,3836751,33624692,73230,2629257,3658733,34733338,5396199,91851
1635289143.3463438,3688116,33627561,228208990,3633919,33707050,72690,2632373,3584289,34320363,5338911,93069
1635289143.4464626,3769173,33625606,228188706,3662810,33626678,73073,2584563,3657740,34640560,5421427,90284
1635289143.54658,3544910,33592161,228289613,3776225,33599657,71521,2600529,3657058,34757608,5375677,94749
1635289143.6466982,3823512,33563996,228166848,3629070,33550660,71247,2645515,3676992,34544036,5443941,91330
1635289143.7468169,3717269,33602546,228219802,3776567,33557017,71141,2689125,3584359,34755854,5308210,89512
1635289143.8469355,3401913,33554090,228158840,3764849,33576435,74580,2550102,3632132,34320204,5455589,92005
1635289143.9470532,3753025,33694795,228098292,3617266,33553732,73902,2747980,3605801,34369528,5376851,90948
1635289144.047172,3920723,35042692,237850502,3753154,35102935,309603,4821683,3723829,35218118,5658403,99168
1635289144.1472898,3646362,33526206,228042351,3662590,33522185,76593,2691528,3653763,34596253,5277621,89803
1635289144.247408,3567159,33509573,228138697,3955567,33650161,74984,2472452,3661215,34729382,5404962,90572
1635289144.3475275,3764711,33459407,228268252,3544113,33588791,73341,2561460,3561177,34456725,5355478,91417
1635289144.4476457,3805662,33356459,228225111,3700701,33528621,73943,2628843,3634624,34462222,5257087,78277
1635289144.5477638,3540276,33554596,228276200,3757432,33598343,73039,2506702,3639607,34499041,5409593,88104
1635289144.647882,3812097,33664040,228219746,3701255,33575216,71029,2641134,3385990,33976114,5492674,89005
1635289144.7480001,3717800,33603996,228207306,3599190,33618756,71470,2603067,3646700,34384942,5304877,94173
1635289144.8481193,3660706,33529994,228215549,3752159,33670800,72447,2515575,3662161,34555769,5442391,89435
1635289144.948238,3766503,33457557,228181765,3617504,33614847,70065,2616220,3596197,34522753,5396127,93238
1635289145.0483563,3766717,33552301,228264842,3649968,33503515,71485,2596115,3564865,34058792,5318434,92526
1635289145.1484768,3617375,33530175,228251701,3769468,33558209,70036,2634714,3650737,34706268,5391117,95108
1635289145.248596,3736213,33545739,228065878,3613958,33525024,71319,2521655,3657225,34527118,5400276,88379
1635289145.3487153,3717240,33748270,228214870,3748896,33575721,71007,2682572,3642947,34110543,5322099,88662
1635289145.4488344,3459429,33632264,227949180,3715283,33572581,72368,2628637,3651507,34577727,5404706,90757
1635289145.5489526,3768197,33630862,228127507,3737852,33738899,71377,2493367,3565031,34231120,5408378,91351
1635289145.6490712,3582836,33644082,228053576,3628637,33608861,71126,2631123,3650049,34519540,5287632,86591
1635289145.7491896,3760709,33549753,228181965,3771075,33534761,72785,2440891,3652538,34616190,5399115,91319
1635289145.8493073,3612267,33583700,228286153,3740139,33598702,71535,2603934,3396969,34182851,5242131,91661
1635289145.9494252,3766047,33591716,228161035,3617778,33573368,72221,2642335,3641964,34302088,5392984,82080
1635289146.0495431,3741023,33626758,228215203,3769389,33564809,71330,2414372,3750269,34924299,5340105,93728
1635289146.1496608,3686700,33584922,228233475,3661907,33604074,72157,2581213,3533863,34185774,5365572,92542
1635289146.2497797,3761087,33470274,228217211,3628925,33625066,71062,2808914,3576223,34411939,5387403,88856
1635289146.3498976,3618927,33554038,228219155,3766053,33492102,73521,2218335,3612772,34746195,5374502,92045
1635289146.4500084,3773948,33518262,228221088,3680277,33638266,71669,2946952,3632308,34691807,5398662,92370
1635289146.5501268,3764979,33588480,228039490,3537715,33560946,71378,2664148,3642201,34590159,5328961,98680
1635289146.6502452,3544945,33570053,228136799,3940295,33614620,72377,2657119,3633066,34800452,5408680,97816
1635289146.7503636,3660346,33608395,228089988,3686233,33531809,75330,2567646,3569139,34210141,5416707,92251
1635289146.8504832,3831635,33643614,228166793,3618324,33531616,72942,2664241,3636656,34446622,5297495,91121
1635289146.950602,3531968,33614647,228148731,3755163,33524457,74945,2347496,3661710,34501339,5302000,94962
1635289147.0507205,3662708,33458952,228214143,3763230,33722719,75136,2473417,3564423,34258046,5516621,87504
1635289147.1508393,3758492,33556316,228203800,3625120,33570521,75324,2623775,3554062,34102765,3188128,84731
1635289147.250958,3755871,33615958,228187793,3764122,33555481,72841,2520353,3894424,34697071,5448873,85029
1635289147.3510785,3624165,33516659,228213430,3761857,33597248,71620,2449355,3645030,34562268,5404493,93662
1635289147.4511979,3737814,33565242,228171669,3610854,33557985,70573,2948377,3626971,34192157,5419098,93006
1635289147.5513165,3584599,33656314,228220076,3721677,33613702,73295,2241213,3670804,34413843,5346168,88560
1635289147.651435,3317491,33510232,228268146,3828454,33636849,72664,2592916,3658906,34433224,5412570,92473
1635289147.7515543,3770269,33592735,228202988,3743135,33441549,71965,2539585,3560622,34078645,5395784,91774
1635289147.851676,3623279,33519758,228081840,3547435,33608273,70631,2641462,3655279,34447883,5253493,88048
1635289147.9517946,3749678,33543932,228137192,3769913,33523540,72256,2429383,3667049,34560914,5401878,91438
1635289148.0519137,3644820,33581401,228223048,3689501,33503311,70915,2623438,3440124,34146757,5356761,85708
1635289148.1520333,3741991,33531300,228071873,3609141,33377522,71194,2616011,3658005,34446919,5401611,91221
1635289148.3522716,3715989,33658860,228197311,3639086,33599263,71366,2656104,3631195,34452589,5431573,90856
1635289148.4523914,3770741,33601438,228180671,3645717,33649493,72904,2578600,3569601,34021731,5367342,92944
1635289148.5525107,3604655,33561711,228197537,3755328,33644488,73397,2624293,3671720,34491863,5403485,92581
1635289148.7527473,3675195,34496364,5400250,93143,3767088,33582201,228231151,3699051,33512916,71547,2612172
1635289148.8528664,3661895,34403728,5298867,97595,3545564,33485083,228139124,3817073,33438343,72144,2634813
1635289148.952985,3631611,34694844,5391274,97916,3753077,33609108,228171149,3633637,33497589,70548,2508485
1635289149.053104,3561276,34302695,5372976,90998,3559931,32490780,217780419,3429964,31408023,68476,2493875
1635289149.1532211,3456632,33606105,5137859,98654,3676877,33803653,224673017,3673838,33630127,62238,2520800
1635289149.2533412,3562984,34177979,5289808,132108,3713957,33892568,227948416,3719448,33722927,61978,2585544
1635289149.353461,3586296,34634230,5349673,141660,3707104,33879032,228130714,3719985,33875481,59336,2590863
