1635290658.8991938,3189279,28641030,228108671,3163833,29945114,49366,1705082,3099981,32089676,4661536,144102
1635290658.9994206,3060207,29976945,228051627,3156990,28059193,58418,2027254,3045595,29912902,3411083,179098
1635290659.099657,2937772,28523933,227931130,3083540,28543978,75686,2286215,2982949,29635262,4594396,161774
1635290659.1998777,3090564,29511101,227841810,3072605,27774301,74772,2235954,3002494,29495973,4477351,160698
1635290659.3001873,3206378,28511037,227837695,3057775,29269842,75279,2160092,3123320,29876044,4519098,164378
1635290659.4004123,3086142,28260841,227899005,2959958,28855627,72923,2267399,3017450,29776260,4475438,179608
1635290659.5006166,3124721,28101970,227824199,3005639,29460419,76013,2294518,2992570,29593263,4244395,156269
1635290659.6008277,2938956,29227315,227878413,3082116,29139968,72957,2172316,3065609,28627946,1237076,135594
1635290659.7010446,3184893,29556411,227861810,3157876,30592411,75401,2205102,3002720,29804017,4490371,144377
1635290659.8012545,3185808,30652782,227962628,3266316,30360525,73071,2267241,3152244,31184581,4167675,135559
1635290659.901419,3271225,30343219,227740784,3142252,30417495,84391,2433221,3345220,29931498,4182572,142602
1635290660.0015903,3096400,29455176,227755299,3218717,30596426,78259,2706960,3265956,29708219,4300846,136393
1635290660.1017785,3033465,30884575,227673623,3265951,30638293,77177,2475670,3267469,30384310,4226183,131045
1635290660.201946,3584035,34652281,228074727,3458007,34045172,89751,2514254,3703500,34171191,5328259,68880
1635290660.3020952,3524344,34654106,228080497,3651123,34464097,86304,2556254,3537431,34912097,5263756,53919
1635290660.4022365,3616277,34236589,228047017,3591613,34076889,89529,2596896,3613287,35094858,5318533,62179
1635290660.5023806,3592962,34764650,228126540,3642766,33765452,88375,2716037,3454861,34795638,5230472,57053
1635290660.6025264,3806311,34681342,228063852,3647338,33824455,92161,2646306,3536676,35398830,5464191,41372
1635290660.7027726,3799227,34737101,228018296,3646085,33930780,89744,2609990,3544270,35087032,5446921,45874
1635290660.8029156,3713071,34233758,228053983,3575158,34481617,89506,2589586,3475502,35065677,5255015,39795
1635290660.903062,3602159,33857625,227866543,3623299,34444896,89818,2510775,3565078,35051368,5322291,51726
1635290661.0032272,3669404,33819348,228106684,3640092,34493537,85180,2480782,3568518,34835786,5359502,58372
1635290661.1033719,3752009,34721875,228129203,3678811,34892600,86477,3000501,3457918,34927721,5358719,54049
1635290661.2035437,3710162,34728264,227974012,3592494,34754381,87834,2726257,3480864,34981921,5307401,42338
1635290661.303686,3687085,34532960,228166646,3573620,34504589,89880,2665071,3460783,34961464,4866486,52488
1635290661.4038277,3575725,34566355,228021477,3715511,34558572,87947,2540241,3510324,34015525,4582050,57509
1635290661.5039723,3695646,33738353,227946922,3389963,32314413,90082,2621016,3749392,33605555,4821870,61278
1635290661.604111,3456242,34539700,228114750,3599333,34736417,88002,2580713,3885804,34277807,4925558,61612
1635290661.7042444,3777574,34505824,228018024,3644584,34661399,90789,2674360,3617368,34361161,5402442,44174
1635290661.804383,3800233,34692143,228087104,3631001,34591399,86641,2556551,3509569,35107193,3269384,47642
1635290661.9045107,3583723,34615466,228132334,3627459,34358260,84936,2600169,3736763,35036234,5486395,66807
1635290662.0046375,3642541,34613457,227994012,3640143,33913440,89548,2651666,3593426,34970727,5340339,52880
1635290662.1047661,3633000,34539077,228118587,3645551,33883314,85629,2378217,3688489,35522917,5285061,57452
1635290662.204897,3688227,33881320,227992456,3501552,31741283,94097,2747105,3465615,34938506,5385791,53681
1635290662.305144,3494767,34306179,228089392,3757503,33518306,87148,2626162,3651809,35064269,5375494,70363
1635290662.4052699,3603642,33882856,228006219,3632713,34374676,89214,2614958,3560016,35262473,5414976,53728
1635290662.505392,3666719,33276512,228150409,3593157,34468184,86865,2572916,3664849,35018239,5371011,54453
1635290662.6055136,3641508,33717893,228039294,3612255,34505717,89129,2650627,3632608,35322475,5464621,62323
1635290662.705636,3567499,34784937,228140936,3626359,34539243,88855,2708840,3652553,35618251,5233086,67940
1635290662.8057666,3755832,34402445,228036069,3628748,34524088,89247,2694910,3609856,35216112,5301047,56829
1635290663.0060134,3576469,34442593,227969490,3632213,34564542,89240,2563110,3504916,33531307,4726315,63172
1635290663.1061363,3627757,34337514,228050181,3626559,34445850,90346,2496699,4127894,33719533,5184767,54177
1635290663.206259,3674827,34435613,228021855,3667596,34312680,88188,2346461,3951863,33491380,5381664,58971
1635290663.4065022,3447187,34982115,5389294,54201,3726112,34458700,228106785,3678797,34491362,88835,2619392
1635290663.5066233,3563197,35054422,5415766,61576,3574969,34459483,227958266,3526258,34305072,85904,2581815
1635290663.6067452,3599583,35216189,5466632,67514,3647539,34855054,228039742,3672349,33595490,81669,2573336
1635290663.7068665,3593277,35133062,5439428,58337,3706031,34451288,227985630,3584674,33892413,84663,2694295
1635290663.8069956,3446849,35066042,5546203,61131,3609905,34479389,228157149,3740185,33813291,85369,2448045
1635290663.9071174,3500859,35046525,5405472,56324,3479172,34336289,227972118,3753866,33748973,85364,2686661
1635290664.007239,3650274,35175636,5425621,66011,3746580,33367699,228059481,3659900,34414333,85935,2544937
1635290664.1073616,3785865,33773560,228062366,3629621,34495256,84543,2573605,3658596,35278268,5381815,64505
1635290664.2074826,3660774,33763153,228025181,3651346,34451261,84463,2685551,3544902,35238098,5430928,58045
1635290664.3076043,3643706,33762027,228003296,3763971,34351780,83808,2328615,3571702,35054836,5343011,66499
1635290664.507862,3706156,34531911,4872448,59166,3811462,34558180,228139148,3670135,34541430,84456,2614918
1635290664.6079848,3700058,34311243,5032855,67225,3712645,34518941,228097397,3603838,34565618,82208,2732617
1635290664.708107,3667383,34256747,5008869,60295,3657528,34527287,228102465,3732738,34280823,84079,2557685
1635290664.8082366,3835990,34469582,5278277,59931,3669634,34558788,228062855,3594906,34457959,81462,2700176
1635290664.9083588,3451756,35105056,5497736,61990,3503410,34453368,227944665,3746674,34395279,83170,2657243
1635290665.0084808,3605625,35216687,5338050,70330,3746496,34577017,227975990,3641724,33812089,81430,2695315
1635290665.1086025,3520032,35086275,5411016,50722,3629683,34483255,228012688,3689537,33769614,80620,2533354
1635290665.208726,3674012,34541814,228049261,3669796,33703268,86740,2702357,3583103,35340450,5334788,49413
1635290665.3091073,3784361,34405058,228001799,3666396,33562830,84998,2655818,4529482,35180713,5453880,68068
1635290665.4594212,3629144,34292424,228032584,3801362,33693295,86610,2398238,3703700,35381043,5486565,70416
1635290665.6596656,3645414,35262771,5375690,70294,3817136,33525215,228104892,3638436,34223275,81806,2721754
1635290665.7597914,3647752,35042037,5421641,52778,3730983,33687121,228055009,3636132,34265482,82835,2671650
1635290665.8599153,3568881,35040109,5434988,66153,3674203,33784235,227784620,3769590,34219464,84627,2557340
1635290665.960013,3651430,35218537,5357134,70693,3660918,34413205,228028576,3772438,34306891,86336,2515341
1635290666.0601337,3686440,35287769,4877696,63682,3438341,34051439,228064922,3739814,34348005,85828,2379010
1635290666.1602542,3678340,33946834,5020329,67612,3868538,34391511,228135140,3620792,34434266,85567,2708520
1635290666.260377,3768154,34234239,4973057,73596,3787852,34282418,227978744,3624478,34434985,82937,2709086
1635290666.3604987,3805651,34261972,227995719,3637229,34318515,82780,2748822,3743511,34279243,5637090,69147
1635290666.46062,3775756,34085609,227990876,3611425,34054512,80640,2681846,3630012,34583501,5385807,70115
1635290666.5607417,3772332,34347728,227997472,3632991,33556439,85735,2777205,3425206,34965212,5570002,64906
1635290666.7609918,3638794,35010381,5478025,69132,3787089,34121574,228048104,3638884,33247671,80516,2693482
1635290666.8611174,3629380,34940835,5412227,54963,3793965,34203798,228053469,3739126,33162307,84896,2725308
1635290666.9612396,3632693,34928618,5411804,68938,3794961,33491758,227936090,3565456,34078805,84842,2699124
1635290667.061362,3654148,35114934,5418072,64340,3762374,33423130,228083140,3615610,34247801,84491,2731800
1635290667.1614861,3701910,35072837,5382007,64966,3651179,32821326,228036638,3692288,34344703,86207,2702834
1635290667.261609,3675401,35288323,5369949,70212,3525115,33665515,228109658,3678142,34328864,88778,2697254
1635290667.3617313,3685310,35354541,5420740,70702,3804673,34453621,228064744,3774145,34337768,86400,2646076
1635290667.461854,3620156,33887062,227988620,3782189,32714027,63238,1746374,3278457,17135287,2220677,72397
1635290667.5619805,3709215,33507230,228000981,3598510,33432934,73557,2692152,3433780,27811785,3927768,84820
1635290667.6621058,3672584,32795014,227999766,3529233,32739573,70293,2635649,3383878,33897513,5283771,101352
1635290667.862367,3409444,33193713,5103983,131774,2912088,26964770,227945033,3072851,27516800,62082,2149974
1635290667.9625194,4547271,23688793,1271225,108866,3446175,31188059,228422042,3358258,29216793,59951,1696935
1635290668.0626664,3596032,20279343,739451,85845,3626123,34319189,227975396,3699197,30455089,65800,2118621
1635290668.1628,4592585,30061260,5378193,69425,3639521,34163506,228868661,3790608,34406705,88125,2507883
1635290668.2629275,3658783,35084769,5411793,82773,3736808,34333255,228061747,3763690,33477188,80737,2602365
1635290668.3630512,3675900,34851155,5482537,74378,4930948,34295354,228066599,3649917,34439822,84338,2713139
1635290668.4631734,3641348,35143514,5426477,67078,3814673,34305614,227999924,3728248,34347381,87720,2719871
1635290668.563298,3575049,34194821,228042828,3802889,34373989,86426,2580033,3684209,35359747,5536894,94456
1635290668.6634207,3785282,34297559,228026510,3661325,34223532,85907,2690382,3690862,35150397,5430534,70108
1635290668.7635498,3724923,34245525,228047166,3766281,34193425,86836,2326973,3357561,35138930,5378516,66747
1635290668.8636758,3696471,34463785,228040369,3787352,34246903,87338,2263205,3659605,35465866,5440679,73101
1635290668.9637992,3769775,34198776,228393530,3656181,34423745,83668,2364976,3605526,35249393,5486720,73174
1635290669.063923,3803641,34225062,228072803,3786896,34060054,85556,2716361,3652639,35169252,5399687,72806
1635290669.1640453,3646859,34281399,228051305,3763656,34088317,86845,2588331,3645455,35429306,5477848,72459
1635290669.2641687,3797703,34220553,227994649,3787804,34160719,83164,2739464,3618328,35250915,5507787,72167
1635290669.3642905,3596659,34109119,228069104,3576936,34314678,84296,2717123,3657474,35493450,5384536,73451
1635290669.464412,3348798,34273465,228060122,3841180,34228428,85265,2738859,3686884,35282133,5498876,72227
1635290669.5645354,3569041,34202013,228080081,3705005,34256009,87209,2730932,3608843,34898166,5073876,114133
1635290669.6646569,3799469,34503853,228036068,3634776,34485158,88704,2739496,3665445,35378732,5420151,60851
1635290669.764787,3697382,33645654,228067719,3717816,34380639,92920,2598345,3682959,35767950,5560722,78244
1635290669.8649154,3802781,33962142,228099648,3598647,34275981,87929,2736909,3525423,34670183,5447686,67769
1635290669.965086,3712255,34435720,228226467,3793076,34325273,86558,3182820,3834906,35463031,5357596,65166
1635290670.0652304,3664620,34334029,228131642,3707175,34354256,85460,2313876,3647241,35364805,5525337,71519
1635290670.1653655,3810046,34344243,228211567,3651438,34236536,77857,2929869,4138156,29543708,1012334,70141
1635290670.2654994,3757712,34369354,228043513,3694297,34275482,84579,2644073,3691363,35115157,5396806,61779
1635290670.3656256,3581854,33754327,227941511,3977054,33927601,86390,2498294,3660764,35135780,5506264,73402
1635290670.465752,3809847,34257040,228018746,3688271,34349738,88638,2708858,3492783,34927912,5442659,63957
1635290670.5658755,3673011,34448893,228080205,3759396,34447440,85245,2740769,3621541,34741055,5356442,88634
1635290670.6659987,3795033,34237833,228017263,3794960,34162697,84043,2721620,3594378,34969692,5444855,77289
1635290670.7661355,3570432,34288422,228068234,3764920,32633381,78746,2526045,3695950,35358304,5380619,59446
1635290670.8662744,3750304,34285464,228029538,3807033,34238258,83955,2741347,3634709,35078324,5711803,77705
1635290670.9664044,3787146,34220766,228077996,3677600,34234147,76017,2691887,3709253,35192019,5495055,70718
1635290671.0665283,3707680,34432826,228094138,3791794,34278982,83493,2284998,3540143,34872356,5429262,73267
1635290671.1666532,3806179,34608673,228043214,3640081,34135157,83629,2815579,3670593,35156090,5521812,72877
1635290671.2667918,3592879,34431453,228062856,3793164,34483787,83142,2682648,3678645,35215227,5499963,74778
1635290671.3669233,3814670,34293813,228033590,3734304,34362199,83046,2698404,3577448,35118335,5520667,71785
1635290671.467047,3802808,34189701,228136033,3841093,33999579,75951,2223055,4806899,31152421,5478027,66892
1635290671.5671713,3617681,34123604,228097191,3523051,30746169,72684,2187793,3675486,35700159,5397046,72927
1635290671.6672993,3793680,34376624,228464949,3803239,34261440,85372,2369432,3529039,35085935,5422449,73488
1635290671.7674325,3720077,34395766,228169631,3651512,34401145,81817,2729397,3663475,35347659,5485236,72230
1635290671.8675604,3583850,34276717,228198012,3807901,34211878,87116,2731973,3636321,34945688,5508288,71126
1635290671.9676826,3811356,34432795,228175159,3802863,34287732,87468,2430321,3693082,35242515,5466010,69993
1635290672.0678058,3807388,34256805,228319505,3696581,34475478,87713,2742036,3702103,35066797,5520640,72499
1635290672.1679285,3698431,34178394,228173179,3793970,34303612,84377,2591999,3787270,35418651,5506675,65635
1635290672.2680528,3792784,34204898,228219346,3665016,34239148,83862,2636049,3532987,34747022,5436662,70784
1635290672.368175,3653862,34238383,228131219,3793399,34123321,86086,2687018,3729904,35610707,5449842,63212
1635290672.4682982,3801807,34218159,228131205,3679913,34241143,80623,2775195,3619311,35115095,5520576,71353
1635290672.568419,3637520,34276997,228126576,3842901,34163800,84626,2535261,3688048,35203122,5530186,71734
1635290672.6685383,3795150,34341842,227924301,3664292,34188005,83636,2713130,3621504,34896267,5451286,64239
1635290672.7686577,3792194,34249633,228152674,3791750,34251195,87925,2706807,3692324,35243041,5507753,71678
1635290672.8687766,3888219,34336057,228065259,3707737,34350198,83178,2734088,3687362,35254699,5405418,55739
1635290672.9688976,3654292,34221486,228068639,3790821,34285681,82718,2505733,3674309,35124335,5480071,78449
1635290673.0690188,3734629,34305046,228091973,3664486,34305435,83599,2715257,3703175,35470356,5384078,64602
1635290673.1691396,3729615,34247385,228077378,3805303,34267337,82216,2759021,3474693,35064394,5491562,72231
1635290673.2692606,3795814,34232701,228102250,3800472,34256326,85777,2707881,3710317,35422704,5464702,68121
1635290673.369381,3727949,34233884,228154684,3687341,34287418,83804,2728772,3641011,35341271,5469247,71392
1635290673.469502,3806800,34358499,228063808,3807894,34191090,86798,2569070,3671938,35266843,5391512,58631
1635290673.5696232,3794938,33721900,228079920,3598290,34281056,80532,2722772,3633787,35177049,5519689,71754
1635290673.6697433,3652750,34346718,228167124,3827438,34388452,94855,2706364,3688309,35383852,5521163,70041
1635290673.7698698,3807920,34258648,228093796,3773737,34336627,86274,2726746,3498039,34830775,5423802,64042
1635290673.8700113,3818430,34334107,228185789,3584616,34345707,90684,2695277,3685996,35405687,5504207,71168
1635290673.9701335,3822519,34243833,228212816,3785017,34370135,81760,2751086,3690567,35404621,5394358,55963
1635290674.070254,3794138,34182849,228026221,3804704,34211981,82704,2601465,3630269,35074349,5507687,71565
1635290674.1703758,3785992,34224363,227970568,3655677,34309851,83334,2686047,3682858,35482821,5513159,71726
1635290674.270497,3580935,34313612,228072031,3800459,34217129,84737,2718280,3674244,35080842,5332654,73264
1635290674.37062,3780804,34298074,227984938,3809147,34246839,83864,2709366,3738790,35092062,5540122,55478
1635290674.4707417,3783610,34364122,228199641,3658088,34326306,83929,2712850,3663511,35319326,5494665,72316
1635290674.570864,3629533,34327101,228174811,3800566,34365088,83137,2691963,3679388,35233830,5477475,68411
1635290674.6709862,3805050,34256457,228092985,3782890,34323803,84682,2645143,3603331,35055072,5508995,69019
1635290674.771113,3799823,34271747,228142009,3666651,34340366,89307,2300354,3687143,35463484,5486481,71625
1635290674.8712354,3607117,34240861,228162488,3749674,34338865,83576,2852899,3686380,35388578,5381291,71916
1635290674.9713569,3801406,34228455,227943373,3789647,34217285,83590,2407027,3610546,35211088,5496048,73448
1635290675.0714786,3636571,34196623,228085086,3802020,34324804,85335,2716799,3674805,35518697,5491787,71454
1635290675.1716003,3748118,34313254,228064883,3691079,34209330,87167,2739076,3698479,35187775,5377574,64653
1635290675.2717214,3684401,34252447,228023492,3798377,34270571,89127,2611887,3686931,35306010,5488487,69341
1635290675.3718421,3777687,34340581,228095049,3646792,34317275,88028,2736610,3689619,35281495,5448614,70961
1635290675.471964,3760203,34327177,228029914,3781226,34370036,84711,2715347,3637089,35119458,5485608,69475
1635290675.5720866,3795456,34262501,227973222,3787585,34344366,88448,2567150,3754709,35295242,5484546,59087
1635290675.6722088,3811628,34369361,228086028,3662008,34389251,82960,2700221,3523335,35063243,5438947,64822
1635290675.7723339,3669484,34316472,228113721,3806701,34272260,86230,2624192,3748063,35280252,5461811,73202
1635290675.8724568,3804194,34289966,228049814,3774259,34273522,80512,2795794,3512768,35005754,5564730,66684
1635290675.9725776,3747684,34222775,228172430,3755760,34231641,86982,2231158,3694773,35512577,5505911,71492
1635290676.072698,3799234,34271951,228022638,3778542,34226177,83386,2696828,3683698,35309920,5370636,71028
1635290676.1728196,3784598,34318181,228112553,3602893,34237224,84891,2522037,3648779,34945636,5521764,70895
1635290676.2729416,3701312,34285319,228122695,3737537,34299312,84967,2728845,3690227,35389607,5473191,72337
1635290676.3730626,3799683,34293221,228123870,3803468,34337967,82420,2704300,3599465,34956549,5422333,67660
1635290676.473184,3800243,34246042,228038444,3800855,34312972,85416,2502188,3667079,35487985,5499591,71525
1635290676.5733054,3726712,34391798,228151523,3668291,34299687,83217,2707486,3669636,35282150,5317002,72011
1635290676.673428,3823729,34371830,228111412,3804999,34276613,87559,2660266,3616391,35292518,5514256,51340
1635290676.773555,3807213,34245625,228060156,3765976,34185619,92106,2618253,3664554,35349974,5486339,70809
1635290676.8736787,3748095,34209371,228025454,3712570,34323650,85959,2704867,3658569,35360241,5487430,71151
1635290676.9738002,3699961,34359479,228000886,3805232,34334164,83820,2810335,3701059,35293191,5348856,68212
1635290677.073921,3796441,34359858,228077813,3662438,34364752,84465,2281288,3762323,35281901,5525607,70793
1635290677.1740422,3436998,34352347,228146839,3742907,34360775,84346,2756622,3700879,35277731,5478671,72826
1635290677.2741628,3807338,34273143,227987733,3784615,34183219,83123,2763411,3683755,35098665,5403436,70699
1635290677.3742845,3807409,34288843,228087768,3790452,34408827,85664,2564101,3715561,35218800,5477510,70902
1635290677.4744108,3757368,34303112,228045798,3668737,34307053,89486,2725749,3698274,35380764,5497742,72054
1635290677.5745332,3631281,34351901,228129012,3811127,34286005,84386,2732186,3537191,34857118,5428941,63377
1635290677.674654,3805816,34387323,228088074,3803439,34358750,86838,2712005,3717028,35408268,5459606,70407
1635290677.8749013,3655489,34332671,228145369,3808175,34213723,83585,2661269,3669345,35486101,5431580,59665
1635290677.975024,3789443,34275937,227991232,3745841,34185330,85513,2569920,3474155,35039272,5527276,71364
1635290678.0751448,3753914,34183403,228046024,3673854,34296411,84973,2703557,3665833,35424197,5487439,72588
1635290678.275388,3700929,35171778,5404816,67385,3815971,34200002,228076540,3743165,34282397,82514,2437538
1635290678.3755085,3641543,35091745,5488231,71966,3578668,34239675,227959838,3793896,34308749,86332,2743760
1635290678.4756286,3682949,35342530,5498772,73165,3807037,34180895,227987044,3586103,34265242,86271,2728548
1635290678.5757492,3641764,35021476,5451576,71509,3717497,34221452,228005463,3884421,34345653,87573,2525698
1635290678.67587,3701468,35484181,5507254,71926,3864364,34258936,228204164,3656047,34373326,83946,2746408
1635290678.7759948,3682597,35343773,5472222,71369,3811681,34372440,228115527,3801778,34260632,83152,2648403
1635290678.8761182,3568969,34941943,5462845,56248,3780109,34376528,228032595,3781070,34293690,86435,2696272
1635290678.976239,3799136,34355002,228149495,3657775,34458842,84082,2723378,3639558,34869114,5463265,70585
1635290679.0763595,3672899,34404240,228088746,3794067,34361230,84998,2704279,3963954,35692188,5399791,64638
1635290679.1764805,3811525,34367503,228060361,3760574,34352374,85010,2430607,3677162,35073560,5493614,70718
1635290679.3767238,3695708,35384728,5493495,71697,3811839,34351805,228074964,3861664,34312771,84280,2708158
1635290679.4768467,3710449,35511485,5382021,72245,3813724,34283098,227982527,3586885,34335024,84374,2581915
1635290679.5769682,3630144,35234940,5510500,72621,3722781,34277801,228021014,3792809,34345347,85061,2662134
1635290679.677089,3697248,35403539,5503343,70038,3696129,34483094,228107412,3770726,34369367,83832,2711797
1635290679.7772155,3675544,35404575,5363202,67035,3743413,34365179,228015775,3806308,34294796,87216,2724359
1635290679.877339,3728429,35159871,5542282,71212,3800236,34430569,228017898,3710360,34349118,89398,2736066
1635290679.9774594,3699064,35351709,5533189,71284,3627190,34362227,228081010,3721833,34467169,86651,2720336
1635290680.0775812,3822940,34357922,228055356,3807247,34415814,85177,2582871,3651758,35091304,5511542,66245
1635290680.1777027,3815855,34310236,228057275,3685731,34414963,85722,2664065,3520488,35279191,5492814,71613
1635290680.2778242,3706640,34381705,228180189,3789835,34404858,83345,2732199,3714545,35430734,5510149,71679
1635290680.4780655,3720680,35316300,5431397,64502,3800917,34455961,228054162,3675911,34307907,85567,2494783
1635290680.578187,3694938,35184340,5510855,70404,3575811,34508505,228031497,3784796,34394376,85260,2722333
1635290680.6783073,3698710,35302116,5508856,71968,3790912,34436563,227954448,3791795,34458791,91208,2730897
1635290680.7784326,3697174,35217839,5407386,64462,3814506,34337698,228098551,3800236,34352715,87211,2552968
1635290680.8785555,3684505,35362502,5505687,72734,3961085,34385125,228044521,3666734,34394643,84726,2684069
1635290680.9786773,3694259,35432372,5509977,72076,3376072,34366187,228097516,3808589,34395436,85044,2701609
1635290681.0787988,3636579,35110213,5419716,57973,3812378,34304077,227912490,3818091,34304914,87818,2598223
1635290681.17892,3821648,34334362,228070108,3672303,34341675,84710,2747559,3705293,35510824,5507934,71011
1635290681.279041,3676840,34368863,228048607,3816078,34366033,89312,2752843,3715803,35600640,5466947,65948
1635290681.379162,3809360,34441293,228008539,3800572,34380424,89813,2413417,3465135,35180536,5534815,68050
1635290681.5794067,3693911,35330312,5511932,72237,3812297,34536849,228431996,3721579,34474551,89776,2404939
1635290681.6795309,3639976,35106293,5545959,71850,3787740,34324891,228154811,3736041,34573225,87885,2718187
1635290681.7796602,3680593,35355060,5515397,71799,3681354,34381816,228106814,3772258,34344357,84598,2724108
1635290681.8797817,3693637,35353075,5341476,65497,3814609,34369264,228001490,3609982,34469238,85270,2705628
1635290681.9799023,3747944,35179444,5509020,71858,3660762,34458438,228105030,3789015,34393874,87086,2565433
1635290682.080015,3706573,35448397,5520465,72459,3810514,34487000,228180627,3766282,34413571,84728,2722663
1635290682.1801355,3709097,35400889,5438998,72668,3815236,34376525,228108054,3814983,34326312,85898,2520686
1635290682.2802565,3809300,34400691,227942050,3668870,34397375,85888,2720646,3710852,35354813,5422469,72356
1635290682.380379,3645626,34447552,228044576,3827124,34391101,83844,2733897,3526564,34477254,5510448,71656
1635290682.4805026,3802413,34410992,228071619,3808199,34406895,87248,2629094,4037629,35252923,5412025,67054
1635290682.6807644,4008408,30370339,2201312,73607,3835098,34407562,228155472,3816799,34367981,87881,2706370
1635290682.7808943,3684247,35196981,5435949,72528,3826796,34374330,228111577,3688728,34499309,85815,2540065
1635290682.8810165,3729515,35392316,5486571,72364,3668039,34410513,228096416,3806410,34385970,84900,2747276
1635290682.9811387,3696295,35504173,5484234,71531,3816108,34419258,228055458,3812605,34377801,89160,2734397
1635290683.0812619,3521640,35002338,5538570,65725,3808199,34431741,228088899,3811298,34405178,92327,2520120
1635290683.1813834,3691300,35520421,5504194,71770,3540949,34279009,227979440,3677950,34457660,87500,2707984
1635290683.2815063,3705386,35318555,5491275,71985,3779183,34515862,228049858,3810979,34427141,85391,2689657
1635290683.3816283,3582774,35056002,5464115,57027,3806402,34487136,228144884,3782729,34409635,86939,2598342
1635290683.481749,3716268,35364480,5497582,70200,3395318,30409786,228130974,3639069,34465984,84246,2717387
1635290683.5818706,3687001,35114180,5514177,80265,3610886,30951052,228244951,3493277,34461031,84477,2749785
1635290683.682008,3519467,34736997,5496503,66643,3783727,34515507,228189791,3812915,34345205,84640,2278230
1635290683.7821534,3705915,35383358,5518447,71306,3803885,34370843,228117699,3819264,34299528,85292,2985885
1635290683.882276,3618327,35205920,5459419,55631,3806187,34357522,228061136,3668056,34292569,93616,2537155
1635290683.9823985,3701188,35435802,5528496,73005,3654395,34471043,228034260,3752735,34335535,85127,2727944
1635290684.0825207,3701635,35388075,5408927,65071,3796633,34374639,227912016,3803843,34267933,84373,2721863
1635290684.1826425,3695508,35038813,5484468,71503,3457757,31170487,228148320,3780678,34354750,86578,2538840
1635290684.2827635,3704968,35388707,4879983,71762,3380259,34422937,228121024,3773896,34479343,85240,2387651
1635290684.3828862,3639568,35123902,5516883,71442,3804906,34407073,228350550,3711725,34554461,87069,2718607
1635290684.4830086,3702358,35511778,5525177,56016,3792182,34583863,228667548,3772783,34476328,89682,2749577
1635290684.583131,3706498,35489215,5442026,69043,3743313,34396842,228421205,3823655,34390791,86385,2643082
1635290684.6832685,3712823,36022989,5520929,71064,3814292,34305378,228156795,3659668,34416533,87451,2722236
1635290684.7834177,3761452,35407825,5509634,67848,3658935,34424627,228210453,3829387,34435765,87379,2285065
1635290684.8835495,3563377,35103273,5495621,70828,3815194,34447495,228368057,3815354,34415607,89364,2763318
1635290684.9836814,3765369,35446130,5439347,71991,3805656,34513760,228354830,3668249,34424932,81415,2715209
1635290685.0838044,3745558,35292676,5522159,71514,3678993,34436884,228367809,3826464,34480425,85137,2691898
1635290685.1839268,3720087,35355343,5512521,72455,3825497,34377189,227969380,3800702,34369127,84333,2742923
1635290685.28405,3551899,34896474,5525260,65731,3809515,34341829,227943685,3583965,34437077,86152,2474319
1635290685.3841717,3703251,35385670,5513461,71637,3917172,34561051,228309548,3788446,34401737,85038,2714095
1635290685.484294,3713741,35441444,5485960,70901,3788103,34420774,228180700,3822663,34354120,84557,2690378
1635290685.5844157,3597265,35248348,5452285,72969,3801287,34449181,228376116,3820622,34315038,88517,2586038
1635290685.684537,3711924,35490542,5516803,64503,3805710,34337446,228308828,3675808,34394146,83610,2715054
1635290685.7846658,3703293,35537437,5445154,71161,3658315,34405140,228167809,3814799,34315071,84252,2720903
1635290685.884787,3563326,34943071,5353424,67047,3801771,34433445,228135531,3773707,34296849,87306,2743562
1635290685.9849093,3699374,35233718,5516117,63044,3724751,34264474,228250581,3677394,34419821,83580,2667258
1635290686.08503,3674296,35490521,5517493,71266,3826074,34334132,228354191,3796692,34332106,83780,2713076
1635290686.185152,3700602,35453284,5379938,60667,3804070,34261635,228102420,3655372,34216477,81600,2723073
1635290686.2852745,3635575,35181418,5496516,71535,3660324,34356647,228076776,3766819,34311180,89739,2535303
1635290686.3853955,3694811,35344882,5502193,71441,3819202,34400475,228224247,3808802,34420487,87749,2778107
1635290686.485516,3636074,35012796,5442215,64537,3836550,34376555,228419830,3812124,34468868,86835,2704664
1635290686.5856378,3736313,35537253,5521825,69827,3689291,34561861,228410719,3712803,34458177,83253,2781537
1635290686.6857603,3707969,35386953,5521132,65537,3817218,34383207,228115586,3818376,34429646,84834,2727583
1635290686.7859044,3664286,35120401,5453338,66727,3569313,34422989,228117104,3799253,33325674,76318,2231664
1635290686.8860338,3697548,35388424,5425058,64078,3717529,34292408,228225712,3790189,34410947,84703,2700863
1635290686.9861555,3495230,35017416,5524575,71624,3804298,34331570,228054079,3775765,34356176,86491,2714327
1635290687.0862782,3749739,35364868,5503949,65745,3765154,34281231,228337856,3682990,34417430,83912,2604324
1635290687.1864002,3462135,34970307,5461687,71183,3791382,34317399,228119196,3807992,34340087,85648,2693173
1635290687.2865202,3815200,35482138,5387751,55822,3801961,34322733,228067783,3665831,34301343,80437,2716829
1635290687.3866403,3630069,35220432,5488674,70868,3659994,34361484,228431156,3872786,34395533,86458,2608697
1635290687.48687,3715539,35641291,5495981,70436,3793126,34332625,228034471,3764272,34274008,84827,2787244
1635290687.6372974,3673609,35126860,5414357,64791,3767800,34554940,228152775,3609174,34276794,87290,2669258
1635290687.7374299,3713247,35383042,5497392,70542,3614854,34400979,228337671,3759987,34383752,90094,2734941
1635290687.8375554,3688786,35492720,5511018,72131,3809119,34424937,228262783,3800172,34440785,86160,2743058
1635290687.9376774,3628741,34990850,5489141,71542,3810515,34332460,228304494,3797965,34404094,91449,2505893
1635290688.0377977,3708401,35365480,5531825,70256,3796213,34300423,227966104,3665433,34404865,87640,2759852
1635290688.1379185,3686135,35347129,5517313,70736,3777138,34455995,228341791,3833495,34419061,84498,2674316
1635290688.2380393,3639110,35088209,5365393,70470,3814904,34354793,228241492,3785662,34345829,87187,2702451
1635290688.338161,3622011,35330625,5502851,57281,3774665,34329470,228359332,3679292,34433386,87813,2730295
1635290688.438282,3703723,35573650,5532521,71448,3662623,34507501,228295646,3805293,34319823,82775,2715959
1635290688.5384028,3724667,35387659,5346878,64140,3796765,34482138,228172172,3658970,34321390,81792,2966733
1635290688.638524,3762401,35292113,5502263,70372,3610484,34492029,228151009,3733972,34285548,87537,2385852
1635290688.7386537,3703944,35345269,5514677,71324,3822102,34329290,228033216,3816950,34433663,85794,2711100
1635290688.8387775,3684084,35203510,5417894,72808,3813045,34315575,228407079,3792362,34471900,84679,2505433
1635290688.9389112,3689585,35316993,5477826,70026,3749349,34280131,228426502,3699300,34377740,83167,2725711
1635290689.0390406,3688453,35453482,5455461,74879,3707900,34265612,228172806,3805353,34304148,84321,2720811
1635290689.139163,3541424,35059013,5493989,68260,3677173,34337849,228229830,3813612,34314465,87467,2513550
1635290689.2392838,3683216,35719291,5465843,63856,3906622,34272085,228169190,3661936,34315071,84684,2753846
1635290689.3394043,3672952,35283324,5511159,69658,3805805,34365595,228287153,3812888,34331951,86450,2636065
1635290689.4395232,3638117,35303134,5501053,80682,3799170,34405486,228017105,3712421,34352582,88485,2741208
1635290689.5396423,3663552,35395450,5448988,71291,3726453,34354241,228282504,3740090,34473904,89405,2546559
1635290689.639761,3633686,35239029,5513168,71950,3744583,34307879,228100754,3797244,34404983,86634,2648061
1635290689.7398794,3694132,35098577,5387287,66172,3817573,34325069,228213701,3708094,34464720,83605,3268944
1635290689.84001,3697717,35427406,5497515,70972,3592477,34409833,228337109,3804929,34468067,84641,2766609
1635290689.9401293,3705580,35401453,5498740,72205,3815379,34380147,228167258,3805312,34371876,85860,2706504
1635290690.0402486,3640635,35155425,5426306,70652,3687575,34349974,228196233,3751199,34299843,88637,2578927
1635290690.140367,3691554,35513868,5506973,70621,3789327,34464779,228250408,3664978,34367802,84595,2751941
1635290690.2404861,3704584,35384053,5404506,66412,3790356,34415916,228300588,3815916,34334190,84131,2747537
1635290690.340606,3685802,35029232,5501332,70924,3710402,34470059,228280574,3703221,34320317,85088,2736501
1635290690.4407253,3707795,35446633,5487468,69662,3522222,34404966,228315549,3757546,34458071,82767,2707929
1635290690.5408463,3646857,35180783,5406726,55525,3831073,34338421,228048403,3800523,34395728,86855,2569952
1635290690.6409657,3844262,35069046,5437308,69705,3813376,34329721,228133082,3663519,34390123,82780,2699922
1635290690.7410858,3690297,35468720,5491017,71965,3672025,34418350,228447245,3824455,34429007,84637,2725685
1635290690.9413242,3567949,35021864,5433100,63821,3808465,34348390,228212024,3648215,34338558,90879,2769108
1635290691.0414553,3686932,35664928,5501389,70052,3658842,33817708,227924598,3625097,34110511,86369,2742326
1635290691.1415823,3704357,35450178,5462207,57310,3805305,34486707,228408058,3345805,31320954,89664,2601191
1635290691.241702,3701089,35391509,5516835,70633,3721072,34341337,228353173,3685740,34486311,87628,2767676
1635290691.341821,3699263,35310884,5398058,66374,3701114,34408139,228207702,3802180,34459234,83171,2717376
1635290691.4419408,3723743,35175357,5533386,70093,3832401,34412649,228226547,3715269,34455449,85888,2737054
1635290691.5420606,3713616,35406680,5487573,71021,3556660,32168765,228423221,3249204,31398918,92424,2487786
1635290691.642183,3826459,34491207,228302729,3664239,34493829,86377,2716751,3605455,35140603,5445271,71224
1635290691.742304,3709870,34437072,228222613,3770717,34373527,84301,2719614,3956762,35755818,5507757,71673
1635290691.842424,3756347,34484027,228350160,3822737,34369171,86669,2749243,3714034,35340191,5414227,65958
1635290692.0426607,3720290,35459886,5508588,71003,3445143,34448976,228060719,3878449,34373979,85653,2753205
1635290692.1427813,3683726,35348774,5505225,71409,3817204,34300081,227965515,3609795,34305290,84340,2703370
1635290692.2429018,3710687,35111432,5435303,71011,3827300,34325285,228059404,3747062,34508052,87271,2573971
1635290692.3430228,3716561,35282213,5505913,71290,3715122,34356632,228123536,3751642,34473153,84817,2720225
1635290692.443142,3683133,35498777,5529502,72382,3703985,33022724,228389261,3766028,34376914,84224,2707447
1635290692.543262,3477185,35118343,5435332,62638,3811104,34292253,228025987,3816679,34285526,86772,2725445
1635290692.6433814,3687596,35595489,5538418,71807,3810330,34293977,228276642,3674012,34398681,88287,2741002
1635290692.743501,3635411,34339035,228162448,3816415,34340552,88114,2728098,3620555,35111779,5618992,72238
1635290692.8436203,3792407,34406972,228253106,3801298,34403243,90992,2562493,3176551,35099219,5577907,71315
1635290692.943739,3796033,34349567,228291286,3681049,34486425,83983,2749072,3704847,35376179,5512765,70932
1635290693.1439764,3708494,35328562,5409654,72381,3818634,34272105,228098863,3660958,34278109,85550,2348245
1635290693.2441163,3627363,35007735,5555018,70206,3622853,34298863,228061412,3783302,34406770,86821,2721169
1635290693.3442376,3689847,35397734,5498557,71867,3801233,34351828,228116403,3800038,34240440,84223,2731608
1635290693.4443574,3685185,35213443,5399740,63180,3790405,34239566,228089974,3808112,34314273,86662,2572614
1635290693.5444767,3719167,35550917,5495076,71208,4014330,34376255,228259306,3677791,34301512,83806,2720921
1635290693.6445956,3707120,35501057,5509774,70751,3492522,34278929,228251831,3802432,34241309,85313,2708055
1635290693.744714,3626551,34904827,5398888,57978,3796058,34290221,228290986,3804261,34276955,86624,2619792
1635290693.8448327,3789142,34283792,228214733,3653785,34318240,84684,2723182,3667716,35272833,5511343,69883
1635290693.9449518,3662301,34300352,228110921,3795726,34348528,84808,2735983,3869498,35907745,5445766,65316
1635290694.04507,3817998,34342517,228159055,3742372,34377302,85734,2456188,3508265,35048212,5519268,71516
1635290694.2453241,3688601,35419748,5518492,71384,3844131,34626114,229939808,3847502,34627820,89438,2718107
1635290694.3454478,3723775,35636189,5490535,73357,3807938,34382108,228086269,3729394,34418893,87162,2507730
1635290694.445567,3639874,35222823,5561649,71562,3692825,34356085,228055931,3786650,34372482,89069,2722983
1635290694.5456855,3691303,35481230,5522577,71015,3741812,34336491,228089547,3801970,34391485,85064,2714262
1635290694.6458044,3704860,35028520,5414039,66347,3625963,34167968,228060466,3723764,34277238,85926,2722343
1635290694.745923,3703025,35198518,5497764,72840,4405959,34552359,228149288,3656749,34331377,90075,2770591
1635290694.8460422,3693566,35315208,5535286,69887,3470533,34425497,228052562,3812170,34443492,83122,2719860
1635290694.9461617,3811907,34338168,227994667,3796517,34376828,86507,2550626,3754827,35360294,5510779,70410
1635290695.04628,3815029,34341075,228059280,3663561,34375164,83855,2736565,3710469,35406379,5479569,71422
1635290695.1463988,3662819,34335331,227967883,3809089,34305028,84475,2714423,3633690,35221662,5493760,71803
1635290695.346654,3484691,34900195,5440765,64607,2937868,29834667,228127415,3640978,34278475,90332,2704176
1635290695.4467764,3706088,35489638,5480488,71918,3791512,34388779,228136498,3678677,34369693,85209,2539939
1635290695.5468965,3635192,35129404,5521819,70766,3673148,34400954,228165090,3757870,34345940,86664,2707899
1635290695.647016,3672725,35352419,5504684,70945,3798099,34346631,228446975,3794145,34375726,85151,2717688
1635290695.7471364,3644027,35101706,5405900,65008,3819535,34347975,228202492,3775380,34341442,86657,2702028
1635290695.8472552,3704203,35324510,5502804,71885,4382419,34169733,228171133,3663177,34449506,87978,2728780
1635290695.9473739,3684653,35414710,5502142,73327,3534771,34293789,228033477,3813440,34293765,88333,2739511
1635290696.0474925,3633107,35081507,5432555,84834,3805361,34341321,228160359,3804077,34272355,87542,2572365
1635290696.1476123,3709052,35530895,5476772,71477,3834844,34380691,228327525,3664411,34401228,84014,2718988
1635290696.2477305,3713354,35200046,5491409,71658,3665167,34349863,227979856,3810869,34334162,84736,2725120
1635290696.3478477,3890556,35745790,5498459,68388,3804374,34317146,228033705,3766193,34261707,85827,2876871
1635290696.4479666,3468744,35000585,5458349,67048,3710999,34440945,228127973,3684474,34387935,86895,2582538
1635290696.548084,3742062,35217812,5520347,71682,3806417,34505434,228329861,3806397,34412061,85396,2720699
1635290696.6482022,3707581,35342910,5395778,57945,3785001,34273347,228315053,3752257,34300943,85002,2637588
1635290696.7483213,3628011,35071424,5522660,70279,3718827,34344517,228099098,3787363,34400604,86119,2611690
1635290696.8484395,3682956,35336116,5495501,71640,3716161,34222345,228063145,3630778,34342269,83774,2757441
1635290696.9485579,3704004,35173056,5428981,65145,3362510,34361590,228076548,3846096,34257990,86918,2524430
1635290697.048676,3678616,35324018,5507789,72104,3795263,34392509,228485162,3671056,34387711,83964,2721967
1635290697.148795,3679673,35601071,5525200,57696,3797141,34298435,228176726,3817163,34257591,83829,2716745
1635290697.2489128,3610012,35108230,5547371,85114,3720691,34410968,228114124,3809513,34276176,87447,2493944
1635290697.3490312,3698283,35695147,5497616,70384,3806715,34385664,228317699,3667202,34365232,87878,2708124
1635290697.449162,3520486,34389629,5427095,68270,3708003,34371281,228146780,3804303,34318733,83998,2281903
1635290697.5492887,3706782,35257475,5510422,73274,3835909,34394015,228311098,3747287,34444266,87961,2890425
1635290697.649408,3658495,35207186,5510334,69538,3737798,34175396,228059144,3686868,34440463,83376,2703446
1635290697.7495282,3702463,35282212,5522859,66929,3693967,34335130,228288336,3860391,34389645,86188,2666038
1635290697.8496473,3690224,35339437,5318677,64055,3812863,34400375,228293505,3593548,34385688,85376,2683312
1635290697.9497654,3783083,35416007,5510256,71075,3615287,34388882,228367305,3790451,34349425,87603,2629704
1635290698.0498838,3703317,35422808,5534382,71775,3851160,34440679,228234873,3778718,34274577,84784,2730669
1635290698.1500275,3696955,35150582,5447353,73322,3779605,34318960,228026587,3797923,34285278,86180,2534074
1635290698.2501464,3713800,35139290,5515449,73732,3745991,34357957,228073779,3656316,34322167,83940,2719683
1635290698.3502648,3698081,35393729,5484728,72755,3623758,34313965,228035654,3797621,34346213,84225,2718856
1635290698.4503849,3504635,34812846,5566175,64627,3812295,34310895,228108998,3805876,34356350,86093,2399150
1635290698.550505,3694548,35243654,5487445,71313,3814067,34277118,228395965,3659093,34293456,89392,2706621
1635290698.650625,3689483,35479999,5489241,72051,3821698,34269845,228083717,3803755,34299175,84094,2668645
1635290698.7507446,3672261,35526760,5413034,71725,3820828,34379357,228209995,3738053,34316646,84356,2596483
1635290698.8508637,3620366,35342030,5481071,71285,3714020,34248197,228062192,3746743,34241879,88570,2620520
1635290698.9509828,3677038,35567623,5506000,71139,3732219,34371262,228340850,3767731,34362470,87458,2798047
1635290699.0511017,3686872,35184471,5410078,66162,3804126,34420494,227968730,3799049,34376895,89386,2761914
1635290699.1512208,3687078,35347822,5516235,70638,3585473,34310362,228123593,3797545,34438435,87812,2767259
1635290699.2513392,3686510,35355977,5509544,70962,3670470,34227484,228217769,3669796,34404172,83545,2706161
1635290699.351461,3629422,34996924,5429472,70975,3813582,34288436,228072455,3797170,34393230,86957,2570096
1635290699.4515815,3702171,35306386,5503951,67255,3800219,34250458,228173402,3659031,34388760,83996,2727068
1635290699.551702,3690621,35335524,5416224,71433,3713617,34287136,228028450,3806346,34329341,85148,2724372
1635290699.6518383,3662590,33851594,4868843,70402,3420201,34394989,228217062,3725751,34125394,83579,2749604
1635290699.7519724,3619458,32686224,2029695,64558,3784012,34402067,228488700,3809368,34302601,85022,2595800
1635290699.8520932,3805111,35413657,5457260,73067,3775584,34381390,228167694,3658071,34301782,79857,2713653
1635290699.9522126,3629909,35183930,5498849,71736,3660073,34412675,228161931,3798191,34316454,86389,2640158
1635290700.0523317,3681650,35331941,5487949,72579,3806646,34280463,228093814,3700466,34433951,85609,2776961
1635290700.152451,3539416,34856239,5476521,66255,3814633,34278007,228273660,3801108,34309154,87546,2430604
1635290700.25257,3696374,35485612,5505882,71932,3820530,34206959,228431479,3800762,34395655,83217,2805413
1635290700.3526886,3683609,35446247,5424994,72918,3862791,34245518,228044419,3752789,34229897,83508,2556051
1635290700.4528077,3605526,35188731,5501828,72427,3567796,34260588,228282835,3726368,34352492,86679,2698627
1635290700.5529268,3708039,35540707,5507012,73146,3796241,34277768,228022475,3782458,34236937,86313,2795415
1635290700.6530461,3699694,35066299,5427744,64424,3766443,34322758,228094811,3797070,34311743,88645,2728687
1635290700.7531645,3688743,35352010,5507688,71265,3806301,34335213,228351291,3665876,34427436,85822,2728191
1635290700.8532836,3692960,35367434,5499541,70853,3596035,34410475,228353960,3805912,34374568,84140,2761138
1635290700.9534018,3683107,35304341,5506988,71789,3822118,34314499,228229630,3804493,34427370,88429,2484503
1635290701.0535204,3533984,34715924,5432558,71891,3811686,34271507,228114339,3659363,34450046,81967,2716989
1635290701.1536398,3698149,35354866,5501233,70317,3668522,34407066,228382585,3818647,34284887,84050,2702121
1635290701.253758,3690984,35332915,5402282,67567,3800993,34332181,228158685,3776928,34273530,83839,2750863
1635290701.353876,3708227,35138725,5513814,71050,3488336,34308314,227973491,3672599,34257152,86698,2705867
1635290701.453995,3708018,35439825,5513032,70838,3583785,32141272,228775435,3691286,34449566,83582,2723243
1635290701.5541139,3722175,35315436,5455846,71034,3754963,32764834,228692518,3490118,33749977,86505,2706277
1635290701.6542351,3709535,35384058,5518989,71248,3618573,34378815,228694098,3789116,34416529,85305,2725327
1635290701.754379,3715770,35497031,5314395,67941,3705718,34318856,228683650,3791971,34356223,89677,2706750
1635290701.8544993,3782564,35394160,5554512,71111,3757906,34231279,228110135,3638242,34338457,84900,2721604
1635290701.9546192,3688604,35282315,5439037,56593,3430063,34316167,228072550,3808235,34370389,82253,2743096
1635290702.0547378,3615845,35509129,5497316,80345,3818744,34484678,228123311,3822410,34356750,85839,2692440
1635290702.1548564,3807645,35586897,5472511,71734,3803086,34318251,228045748,3661387,34333119,86657,2720506
1635290702.254976,3638513,35312143,5498520,71018,3658219,34309539,228167236,3807683,34283895,86012,2475450
1635290702.3550947,3717623,35545687,5496393,71682,3800043,34293932,227989919,3698613,34391704,89751,2907894
1635290702.4552135,3592098,34854381,5428506,62727,3802202,34365194,228017969,3793627,34373291,90948,2733678
1635290702.5553331,3696072,35296639,5510175,70334,3640376,34389508,228135962,3788954,34469654,85209,2727556
1635290702.655452,3697484,35339640,5483688,70058,3860579,34250635,228042301,3739327,34434224,84251,2727992
1635290702.7555723,3618392,35034798,5515750,70126,3689675,34294059,228125491,3790343,34358322,89108,2494071
1635290702.8556905,3694631,35383320,5517007,71803,3685488,34415808,228030410,3658282,34365638,82617,2697871
1635290702.955809,3687195,35305149,5459436,62253,3833245,34313777,228026157,3804951,34227029,84623,2439613
1635290703.0559278,3609926,35085432,5505835,84587,3793556,34235024,228029273,3694185,34264540,85103,2704230
1635290703.1560464,3713971,35441353,5493868,56873,3634164,34278559,228033224,3766099,34247135,83454,2739450
1635290703.2561648,3695095,35275200,5472557,71014,3752514,34292893,228080320,3811040,34282964,87753,2491516
1635290703.3562849,3678565,35099103,5378242,63255,3793376,34309016,228075010,3651345,34286119,81756,2840908
1635290703.4564033,3709394,35415241,5477625,70401,3773122,34482683,228081777,3796347,34347536,85313,2280490
1635290703.5565217,3668921,35481037,5500036,71221,3812994,34336526,228105416,3782480,34383272,85462,2722933
1635290703.6566403,3587785,35192889,5429789,55680,3797427,34279466,228047609,3720368,34211624,87588,2647523
1635290703.7567606,3662854,35380688,5503884,70415,3658679,34291503,228137849,3636482,34402319,87747,2717053
1635290703.8568926,3700192,35339260,5386635,63856,3791226,34332473,228161377,3812942,34193129,85766,2722442
1635290703.9570286,3716516,35063024,5479353,70742,3823807,34331636,228193016,3696728,34216864,88130,2590077
1635290704.057155,3710307,35497095,5512575,70108,3439068,34309406,228150668,3791229,34339984,84686,2765132
1635290704.1572747,3694887,35196325,5481262,71924,3800886,34293054,228098026,3802226,34302444,87385,2504166
1635290704.2573934,3791024,34324861,228066565,3654569,34372479,84864,2725985,3667313,35260073,5547446,68971
1635290704.3575122,3662666,34395085,228064159,3793770,34349680,84533,2724210,3780524,35485844,5518358,71568
1635290704.4576309,3809655,34366546,228013038,3787275,34363045,85229,2382917,3495460,34869738,5585375,64650
1635290704.6578681,3717455,35354339,5526980,69838,3804124,34350042,228021158,3747096,34383042,86327,2684485
1635290704.757986,3683689,35332878,5445865,70379,3815253,34391155,227923319,3806489,34338365,83846,2619840
1635290704.8581042,3616248,35100697,5484925,69876,3650426,33461558,228053698,3869043,34349879,84521,2611607
1635290704.958223,3708429,35564988,5498770,70112,3823076,34017397,227879429,3702086,34019470,84716,2682013
1635290705.0583427,3614226,34857452,5358187,67335,3745014,34124315,228046002,3797965,34002036,84175,2388432
1635290705.158461,3632091,35326346,5470675,70693,3704090,34020292,228035511,3674894,34115389,82715,2736415
1635290705.2585797,3642159,35106322,5420002,72128,3799475,34128570,227985830,3788604,34040373,84958,2497642
1635290705.3586974,3816660,34040272,228105232,3644522,34152603,85539,2695611,3601508,34679256,5417063,70129
1635290705.4588146,3656762,34033411,228052632,3805532,34129651,86406,2600568,3939465,35628488,5326400,63522
1635290705.5589333,3801053,34013001,227986623,3653572,34086179,90429,2729065,3673204,35263557,5507676,69667
1635290705.7591708,3683128,35264824,5485537,71104,3799841,33996091,228007514,3674541,34058799,82979,2536076
1635290705.8592896,3573167,34952861,5445834,69877,3566026,34003161,228035941,3806111,34016440,83591,2685123
1635290705.9594078,3666015,35164076,5474891,73334,3780876,33911577,227656699,3770025,33938113,82373,2680918
1635290706.0595403,3557811,34775463,5485688,71863,3672509,34035955,228027026,3633037,34064044,85071,2572079
1635290706.1596587,3663322,35253981,5475944,70980,3773106,34158367,228032863,3770579,33517356,80497,2598324
1635290706.259777,3466117,34792388,5384579,63118,3801954,34092054,227990809,3745414,34096749,86012,2660838
1635290706.3598952,3658796,35266536,5474283,70147,3536649,34058966,228067736,3738752,34000977,84264,2663804
1635290706.460015,3793666,34097949,228060228,3794584,34023129,86331,2534671,3666082,35427760,5457092,70262
1635290706.5601344,3789487,33978263,228098218,3647837,34028026,83528,2685785,3519692,35210035,5456765,70240
1635290706.6602538,3662163,34153557,228165732,3797718,34055601,84113,2672037,3665228,35272439,5258025,65983
1635290706.9105551,3659730,35254872,5447935,70346,3793846,34196482,228064642,3793147,34012192,83128,2670168
1635290707.0106742,3660658,35288556,5461948,70577,3797137,33988029,227724122,3756786,34016001,81749,2576257
1635290707.110793,3551438,34883123,5433647,70309,3651807,34012928,227945316,3591849,34023101,83601,2667496
1635290707.2109122,3641800,35336790,5475620,71850,3800070,33875385,228069332,3794197,34062993,85618,2698025
1635290707.3110318,3434031,34672229,5489773,65427,3723368,33969829,228000128,3785162,33993230,87593,2368917
1635290707.4111512,3689406,35165502,5457695,70666,3517902,34049058,228066030,3766661,34061001,85830,2675168
1635290707.5112698,3669363,35092881,5385023,69672,3807093,34097569,228035553,3802227,34099323,85757,2569630
1635290707.6113896,3784708,34128071,228026435,3651923,34211840,80791,2674101,3668486,35045112,5483768,70487
1635290707.711509,3688768,34072320,228042113,3791322,34126883,83738,2560786,3988418,35862230,5398966,61716
1635290707.811629,3810642,34160483,228127900,3653016,34148047,83296,2676895,3506785,34866477,5482979,70524
1635290708.0118668,3666985,35178286,5462600,71109,3815002,34134793,227838691,3665369,34064787,79193,2413564
1635290708.1119955,3582252,34930380,5480741,70462,3581676,34093113,228026423,3838183,33987461,85006,2714186
1635290708.2121215,3665431,35328063,5463014,71751,3803405,34052397,227976634,3657632,34000567,82310,2667122
1635290708.312253,3577228,35018812,5547284,69587,3701737,34092709,228083193,3902303,34076922,85508,2531099
1635290708.4123735,3652953,35418757,5477512,70428,3899554,34099692,228074629,3729454,34047084,82626,2673113
1635290708.5124927,3667483,34965062,5413487,62463,3370605,34072322,228119498,3805450,34049623,85496,2671496
1635290708.6126115,3675427,35343566,5498091,69963,3784061,34078525,228022661,3655319,34092601,83409,2705217
1635290708.7127304,3795491,34043640,227952887,3800543,34101041,84802,2540438,3635824,35256068,5411723,59904
1635290708.8128502,3808652,34084805,228061541,3654027,34133664,89120,2662461,3612807,35100357,5452537,69629
1635290708.9129689,3653313,34034113,228211296,3816307,34072562,86005,2669971,3728893,35254068,5451319,65493
1635290709.1132078,3641382,35026500,5473674,70828,3656144,34103848,228018665,3812449,34075410,88909,2697654
1635290709.2133274,3675631,35326162,5481408,71496,3808035,34092418,228073023,3677833,34036557,84899,2699613
1635290709.3134463,3557223,34849871,5424625,68970,3685306,34119923,227986570,3888470,34118839,88315,2596102
1635290709.413565,3681889,35134117,5500808,70726,3824531,34102206,228043172,3788306,34097548,83365,2678627
1635290709.5136838,3584454,34736062,5439547,65768,3743741,34097104,228068629,3767822,34122578,89046,2391361
1635290709.6138027,3674402,35186221,5496056,70714,6036598,34047579,228133618,3659490,34228280,81363,2682248
1635290709.713922,3669680,35154838,5402121,71680,3785367,33986623,228054253,3795742,34223056,83937,2493443
1635290709.8140428,3605194,35078039,5544369,79512,3806730,34261958,228251945,3677317,34223344,84950,2663172
1635290709.9141626,3687550,35472227,5475184,68178,3673957,34223240,228142319,3831659,34170794,83637,2713975
1635290710.014282,3571098,35368603,5644093,69507,3807383,34144775,227806431,3810816,34072413,86305,2345686
1635290710.1144009,3435275,34193958,5364379,65568,3760760,34066331,228016529,3679975,34228362,83245,2191162
1635290710.2145197,3681399,35288967,5502743,70378,3792119,34177866,228030600,3807168,34116841,84504,2663356
1635290710.3146586,3691759,35271812,5375455,72793,3815462,34146792,228082336,3659987,34125463,81240,2571235
1635290710.4147778,3652931,35152862,5465231,70028,3679623,34200185,228009083,3778208,34248501,85783,2646696
1635290710.5148964,3662240,35348465,5438181,68013,3814474,34085744,228008454,3796513,34265399,80928,2674193
1635290710.6150143,3579993,35070314,5477232,69156,3647391,34149506,228120395,3854656,34111916,84779,2550581
1635290710.7151332,3661793,35277073,5474376,69075,3237026,34144233,228102573,3680283,33995989,86231,2684451
1635290710.815251,3609529,35007639,5402912,56805,3807201,34135469,228015474,3805411,33999699,88789,2620247
1635290710.9153695,3662568,35323549,5487678,60187,3854125,34009373,227915706,3697090,34087181,86417,2693351
1635290711.0154877,3653235,35048529,5399631,66952,3689944,34190644,228105434,3803581,34134520,86135,2449911
1635290711.115606,3683351,35496168,5406614,71451,3807982,34101654,228007299,3652797,34190108,83911,2683455
1635290711.2157247,3481382,34284259,5388886,66202,3657114,34142201,228077452,3796398,34170089,83620,2397898
1635290711.3158433,3725243,35304757,5439312,71090,3816308,34129782,228027581,3663439,34158751,81422,2644119
1635290711.4159617,3623357,35103872,5524586,69280,3591265,34150796,228010601,3803805,34022494,86631,2482031
1635290711.5160804,3684974,35259298,5497661,70806,3819146,34158181,228009619,3710584,34163032,82202,2709118
1635290711.6161995,3555573,35000711,5555585,69872,3680325,34171297,228015328,3886760,34157146,83772,2572434
1635290711.7163181,3692601,35358066,5508963,70380,3765866,34148975,228216734,3790089,34090698,82897,2677130
1635290711.8164377,3671252,34995451,5418328,63454,3365831,34093377,228135802,3744791,34121213,84318,2691089
1635290711.9165561,3719825,35165837,5492326,69004,3908503,32577855,229272894,3675747,34379879,84917,2688150
1635290712.0166745,3694469,35427752,5242767,61997,3636654,33763163,227975349,3790229,33949820,86156,2511266
1635290712.1167953,3824412,33250455,5122508,86688,3678617,33973552,228001587,3803010,34075225,81125,2665606
1635290712.216915,3433670,34764175,5635390,68007,3811389,34008212,228089344,3741815,34082938,84434,2413828
1635290712.3170345,3619245,35222694,5442681,73698,3609272,34004251,227992457,3719360,32463211,76985,2291815
1635290712.4171705,3411489,34830391,5455231,71847,3760219,33609253,227974807,3625026,33712281,81384,2784946
1635290712.5172963,3634775,34978922,5435456,75416,3624673,32251274,218325001,3511628,32354349,74378,2588971
1635290712.6174197,3581714,32829667,5242914,93599,3654430,33887738,228039206,3800820,33914538,78341,2821876
1635290712.7175395,3616044,35040329,5343560,85969,3811922,33835421,228072945,3581323,33810984,84066,2636130
1635290712.8176591,3672521,35022269,5459617,87284,3672478,33807805,227913332,3796134,33918132,82499,2707224
1635290712.9177778,3692253,34829772,5391966,84580,3653386,33640946,227914421,3877921,33904512,84689,2728225
1635290713.0178964,3679055,34976003,5464990,86394,3866305,34836343,235664371,3817930,34044211,251338,2977065
1635290713.118017,3743362,35909995,5656099,90082,3862012,33822305,228029761,3666201,33807519,82624,2790970
1635290713.2181368,3669541,34971038,5357822,84724,3647613,33937832,228067315,3812238,33873683,84002,2506835
1635290713.3182561,3667013,35033628,5398862,82475,3777730,33902764,228104648,3708838,33932686,81424,2693658
1635290713.4183755,3587206,34691580,5462911,85040,3799076,33992705,228100857,3753955,33886130,80994,2696417
1635290713.518494,3612087,34321668,5340323,85172,3444878,33827583,228125994,3805738,33959707,78007,2628669
1635290713.6186128,3664377,34897230,5502128,87597,3823303,33872864,228126657,3632217,33633664,75792,2800607
1635290713.7187312,3608237,34807741,5421021,86717,3682850,33863202,228130537,3813402,33872178,80788,2495647
1635290713.8188539,3686195,35024270,5438431,86828,3753559,33139772,228087820,3744113,34014145,78971,2766101
1635290713.9189732,3747705,34976917,5504265,96724,3675690,34005958,227971995,3601349,33842142,79084,2714271
1635290714.0190914,3708975,34982867,5414143,83470,3778293,33909446,228115011,3834500,33989221,80791,2706695
1635290714.1192095,3699917,35046878,5480666,86720,3929649,34018785,228119135,3736130,33995553,79627,2710705
1635290714.2193274,3691379,34748309,5403142,87143,3594450,33858429,228113731,3815625,33861204,81823,2561435
1635290714.3194456,3684796,35041412,5464410,85089,3895388,33874154,228070085,3749009,33969775,79726,2698882
1635290714.4195635,3559465,34426326,5471146,84608,3762454,33908818,227946402,3762175,33976414,81361,2446390
1635290714.5196946,3699016,34976265,5409482,90362,3687765,33902172,228093558,3828912,33896553,79401,2566021
1635290714.6198218,3607727,34626278,5457300,83356,3827546,33844742,228114553,3657467,33865427,79937,2767062
1635290714.7199414,3654605,34987016,5415395,89843,3634778,33927789,228234918,3826398,33931343,81425,2489837
1635290714.8200748,3610329,35001407,5417332,89188,3809096,33921698,228060209,3673546,33850231,74931,2745323
1635290714.920194,3577046,34655502,5473240,85471,3660800,34011258,228131668,3850642,33911551,79957,2633761
1635290715.0203128,3664853,35029824,5322873,84566,3823826,33921246,228066707,3579997,33868476,80720,2724787
1635290715.1204326,3659599,34995785,5454530,86170,3818851,33924334,228162862,3803662,33925017,82002,2735039
1635290715.2205527,3679844,34851246,5401155,90480,3677000,33809517,228059856,3782945,33906997,83905,2575548
1635290715.3206728,3681727,34956903,5469922,86761,3933704,33861271,228118422,3701713,33948634,82730,2699977
1635290715.420792,3662232,34748885,5369086,83440,3803731,33880230,228052799,3820414,33835590,85378,2493383
1635290715.520912,3709580,35221699,5471321,86420,3608454,33838815,228098866,3811608,33980914,79467,2770338
1635290715.6210315,3480931,34484462,5339051,81473,3818235,33927879,228053573,3709412,33901684,81350,2737995
1635290715.7211506,3707460,35031183,5472450,87322,3583767,33977206,228115822,3816222,33935828,79149,2652944
1635290715.8212693,3656939,35018949,5528176,87494,3813758,33980410,228035728,3661292,33898971,85448,2663805
1635290715.9213898,3498597,34432666,5390341,87108,3676729,33963090,228071352,3813082,33970744,78388,2681951
1635290716.0215087,3702335,35133372,5455892,89535,3806167,33819286,227644156,3658826,33695453,77397,2694752
1635290716.121629,3755765,34862618,5482935,87257,3604288,33910546,228075881,3776798,33862949,78963,2703599
1635290716.2217486,3680512,35011479,5363696,89492,3816541,33826346,228081216,3819162,33986314,81617,2626076
1635290716.321867,3720057,34946787,5475386,86461,3805677,33884624,228083978,3600081,33898612,80325,2711941
1635290716.4219856,3680779,34827336,5396753,86854,3736770,33883695,228078182,3870017,33826055,82469,2558326
1635290716.522104,3691107,35043180,5464820,87851,3760381,33828694,228059759,3764512,33896280,82306,2705198
1635290716.6222231,3536106,34414212,5415358,86526,3683587,33936354,228111214,3718811,33883862,79716,2514433
1635290716.7223532,3709680,35285247,5422730,83131,3779989,33985471,228612238,3820325,34035153,80261,2562858
1635290716.8224735,3592725,34921785,5485233,93888,3827148,33863481,228131620,3668784,33846067,79194,2689937
1635290716.9225922,3619028,34445096,5326925,82955,3657168,33875201,228032950,3834235,33889560,78884,2613255
1635290717.0227113,3643592,35145678,5459132,79641,3820389,33858420,228022968,3672477,33815422,78692,2727027
1635290717.1228304,3616236,35118120,5463216,87003,3661199,33884230,227962286,3807810,33794459,85919,2264136
1635290717.2229493,3677785,35146903,5290230,85467,3811305,33803438,228104909,3707603,33983355,78582,3332688
1635290717.323068,3678786,35045038,5466916,86586,3815129,33975069,228093978,3669833,33805549,82257,2733706
1635290717.4231865,3667605,34885685,5363924,92224,3757866,33796280,228085001,3781748,33933647,84363,2602712
1635290717.5233054,3672620,35043688,5470196,88966,3864574,33861215,227999786,3754904,33999730,82761,2736304
1635290717.623425,3658459,34607582,5390798,86010,3582182,33763469,228044389,3801993,33867800,85745,2525574
1635290717.7235436,3676962,35189685,5514390,79774,3853657,33919823,228137518,3798508,33945578,80817,2747851
1635290717.8236623,3490008,34516634,5395772,84664,3732632,33931335,228024961,3720555,33878524,81894,2705754
1635290717.9237819,3673762,35170243,5459744,86352,3609573,33876130,228144824,3814747,33923350,79124,2617948
1635290718.0239015,3623650,34384377,5408996,80628,3810879,33989260,228092319,3666906,33833011,78701,2718038
1635290718.1240199,3695203,34977790,5453941,85836,3667177,33932969,228154162,3806341,33900398,82353,2621337
1635290718.2241392,3669795,34914177,5440705,89887,3591352,33063250,219282924,3624021,33027191,81715,2669758
1635290718.3242586,3607952,33733714,5250061,90217,3713689,34076322,226871145,3758587,34018797,87006,3778224
1635290718.4243777,3639117,35149511,5428890,98025,3734368,33990490,227163148,3703285,34132202,81087,2606450
1635290718.5244975,3611569,35053687,5354285,114091,2446500,21019100,152821152,2712339,24631660,50041,1976240
