1635291517.4730146,3707304,31608914,228344195,3305233,34379167,51144,2219596,3784284,32882828,4407864,69158
1635291517.573138,3576140,31158568,228094175,3628486,31416111,78196,2590321,3737015,31875680,4393147,52360
1635291517.6732566,3482732,30983651,228254244,3508009,31627350,78507,2635709,3630517,31888206,4328831,35377
1635291517.8734949,3556496,31572428,228143995,3571848,33687384,83958,2642521,3382588,34363236,4446304,58638
1635291517.973613,3391516,31168309,228181141,3247798,32049829,83628,2637247,3576154,34976018,5138292,54084
1635291518.0737367,3502655,33829135,227985736,3571717,33557567,83754,2671465,3481320,34763778,5153711,58366
1635291518.2739794,3263452,34532341,4823495,54111,2961221,31347514,228143097,3550476,33447231,79257,2750205
1635291518.3741288,3381262,33059590,3317816,39955,3520038,33736339,228094130,3480819,33922847,84048,2650293
1635291518.4742508,3475414,34918389,5231783,65523,3508860,33942931,227940420,3674645,33743260,84936,2612858
1635291518.5743709,3397336,34585873,5166468,51887,3577965,33870748,228092057,3545169,34033269,84605,2660557
1635291518.6744905,3317224,34679082,5256348,55218,3392593,33587368,228142896,3618773,33784662,85625,2547224
1635291518.7746167,3523674,34773741,5228018,54838,3464079,33969054,228224787,3587844,33816256,85132,2703488
1635291518.8748384,3468818,34845120,5200647,45026,3710999,33924690,228089478,3593610,33801662,87159,2704358
1635291519.0252535,3619778,33914165,228075127,3526328,33893417,85980,2690341,3451231,34744221,5016406,38612
1635291519.125375,3591882,33658374,228011395,3588661,33595075,85680,2652704,3345124,34101893,5212401,52854
1635291519.225493,3578439,33639891,228120268,3568229,33751430,84773,2583172,3150757,34867371,5255892,50876
1635291519.4257314,3517384,34755781,5163769,64117,3387700,33816868,228153373,3572639,33627829,86025,2636717
1635291519.5258498,3441087,34695711,5233055,53680,3529355,33839791,228068415,3604173,33792872,83750,2639325
1635291519.6259687,3460798,34624352,5209467,66674,3589769,33644332,227998378,3518200,33586643,84395,2670125
1635291519.7260938,3493844,34613813,5206008,61491,3581082,33589084,228058147,3547975,33691578,84399,2638008
1635291519.8262174,3296596,34826480,5279111,56102,3685781,33840284,228068226,3657597,33632249,86010,2563630
1635291519.926336,3275558,34695769,5188163,54976,3439714,33489720,228134906,3572581,33755475,85261,2695341
1635291520.0264537,3405412,34651171,5168319,56421,3699904,33456103,228154785,3565367,33582300,84880,2683668
1635291520.1265721,3657197,33737859,228061899,3569710,33760682,85117,2645764,3417962,34608162,5237962,41358
1635291520.2266943,3562592,33631236,228123582,3570524,33690857,84779,2646362,3584321,35032658,5006790,54203
1635291520.3268118,3570690,33673593,228057062,3569541,33686090,87200,2587165,3250205,34628306,5103483,57851
1635291520.4269297,3588374,33774172,228194594,3598117,33659520,86972,2470117,3512564,34567258,5245130,58191
1635291520.5270476,3750414,33806704,228123873,3599835,33653029,86163,2769038,3360995,34711947,5203548,41881
1635291520.6271656,3534383,33552577,228050175,3603208,33710233,87679,2656295,3464652,34534249,5107404,70685
1635291520.7273066,3331146,29727765,228181759,3310974,33530039,83438,2692546,3534072,34646499,5192326,56168
1635291520.827389,3607003,33726265,227962113,3711060,33848939,83978,2646049,3444967,34544329,5224028,56952
1635291520.9274464,3519335,33648234,228136582,3583500,33717096,84553,2769693,3519904,35203905,5235557,54724
1635291521.027518,3149971,33410538,228194084,3577772,33718525,87773,2661746,3438180,34832202,5227023,60052
1635291521.1276093,3754527,33808387,228132336,3591238,33714312,87539,2750391,3397994,34848317,5244455,48257
1635291521.227725,3680846,33673413,228150587,3569829,33323011,84855,2683696,3512710,34870903,5236819,63606
1635291521.3277757,3541412,33551757,228028320,3636229,33564205,86253,2697423,3397738,34533216,5059424,64351
1635291521.4278977,3605616,33829338,228054587,3596416,33712903,85056,2770101,3320821,34612070,4922561,47842
1635291521.5280018,3461275,31774842,228353312,3244373,30872362,83488,2619024,3481416,35004775,5291216,55519
1635291521.6281142,3710677,33562198,228157755,3614249,33703733,89672,2780983,3467792,34970927,5269894,68242
1635291521.7282295,3546562,33726536,228135225,3589785,33614929,83502,2741733,3405452,34761041,5266796,67574
1635291521.828346,3631937,33678740,228142684,3544832,33796052,88112,2663002,3460403,34730127,5200385,54607
1635291521.928459,3570640,33619647,228067759,3685816,33578112,87257,2668890,3452470,34492681,4684775,59131
1635291522.0285716,3634959,33680961,228127226,3543077,33778125,84548,2800490,3593941,34956580,5334870,66723
1635291522.128655,3355485,33623164,228166884,3676557,33702913,86641,2779760,3550827,34806812,5271769,69314
1635291522.2287562,3620196,33564821,228065117,3636881,33629633,86894,2767443,3427895,34670371,5257364,72430
1635291522.3288724,3559094,33738178,228141145,3595373,33685779,86481,2740779,3461611,34768763,5194149,71613
1635291522.4289913,3678351,32999805,228008222,3613506,33684528,83908,2797318,3603054,35003258,5571145,52227
1635291522.5290887,3626963,33786512,228103471,3613803,33890273,85629,2788774,3576912,35174222,5324438,58300
1635291522.6291401,3684492,33715805,228147694,3617125,33751356,84810,2595068,3431173,34764762,5282059,67384
1635291522.7291946,3762644,33684800,228148841,3610220,33685891,84459,2678144,3520067,35174749,5337021,65425
1635291522.82928,3603271,33804337,228170069,3594140,33527381,83305,2702373,3483689,34848463,5338228,48716
1635291522.9293787,3476477,33566165,228085950,3621339,33605396,86288,2639136,3775724,31029258,996917,56591
1635291523.0295036,3477960,32260009,229416904,3508983,33530711,88127,2672844,3530342,35178834,4936902,63044
1635291523.1296222,3593543,33622589,227916477,3690941,33604115,88207,2763105,3529424,35147286,5283868,59316
1635291523.229743,3761639,33644112,228156042,3592993,33713018,87344,2740156,3542307,35041838,5239270,67874
1635291523.3298645,3401697,33619541,228073017,3619619,33828886,84984,2659758,3465310,34926592,5326880,52279
1635291523.4299815,3742888,33005393,228116616,3588085,33592669,84000,2767392,3442918,34700572,5333549,65307
1635291523.530075,3537046,33571308,228190370,3677878,33514929,86254,2708850,3419316,34568979,5219138,64789
1635291523.630194,3662415,33626205,228088840,3707224,33422898,85792,2553126,3533830,34707163,5366871,63543
1635291523.7303123,3352329,33612951,228124429,3710594,33423406,85010,2791429,3491600,34294013,2997274,61018
1635291523.8304322,3725166,33130314,228479463,3605307,33538735,85684,2703991,3767053,34981222,5305917,71978
1635291523.9305503,3745455,33571474,228102442,3617099,33521929,86158,2666163,3501760,34813741,5255861,51027
1635291524.0306683,3606231,33598715,228076067,3675761,33435649,81594,2744438,3459685,34666978,5351990,70505
1635291524.1307864,3715115,33503792,228088820,3539413,33601225,85083,2694065,3460270,34507188,5303022,64122
1635291524.2309043,3576794,33451349,228060357,3751891,33656453,90968,2753361,3539084,34829492,5267668,70763
1635291524.3310218,3382173,32534588,228141253,3729725,33502736,84014,2725975,3462602,34722836,5307479,70430
1635291524.4311395,3638860,33004119,228052768,3658038,33288339,85709,2751914,3544268,34861752,5303639,70798
1635291524.5312586,3718001,33533975,228096909,3617989,33524077,84917,2733442,3467820,34664101,5336072,65632
1635291524.6313772,3683383,33522102,228113421,3721080,33481020,86579,2657061,3517842,34833075,5292149,72818
1635291524.7314959,3681570,33382157,228032285,3622102,33506041,84808,2794998,3532144,34903352,5379936,71338
1635291524.8316138,3590008,33477149,228166647,3749241,33392386,87267,2809125,3531682,34924208,5331450,67757
1635291524.931731,3754939,33360257,228078615,3616031,33372098,85818,2696498,3387560,34559178,5281833,70931
1635291525.031849,3688854,33560558,228057978,3661128,33461001,90045,2818430,3491341,34712532,5294686,69943
1635291525.1319664,3623640,33407972,228163730,3714400,33595354,91867,2695872,3533720,34722720,5352474,71628
1635291525.232084,3694007,33396734,228087981,3634206,33412901,86424,2737703,3547000,34667995,5261329,67134
1635291525.332202,3709591,33416544,228141936,3583164,32537477,84803,2796383,3398394,34499440,5319354,68417
1635291525.4323196,3560747,33491699,228210900,3740395,33162343,84092,2610281,3506105,34672318,5349902,71155
1635291525.5324383,3721416,33549493,228095905,3735548,33334093,87605,2754405,3545042,34718741,5296099,54541
1635291525.6325557,3736233,33421655,228082570,3618963,33398540,84962,2794412,3561829,34602892,5270433,64522
1635291525.7326736,3751298,33415674,228065165,3613071,33455800,83447,2787175,3315849,34327987,5428198,64535
1635291525.832791,3743331,33356668,228106374,3620589,33409513,84811,2796912,3626222,34813803,5405664,73325
1635291525.9329083,3535981,33350724,228085449,3767804,33367075,85427,2784993,3563770,34692102,5338507,72050
1635291526.033026,3750270,33399429,228123151,3692108,32724384,86276,2816223,3518875,34912381,5347581,73028
1635291526.1331432,3770546,33539478,228136748,3609688,33413267,85319,2792011,3541574,34860424,5247879,60239
1635291526.2332606,3741969,33437863,228068206,3614209,33533509,85381,2792968,3566220,34657329,5256929,65594
1635291526.3333783,3749410,33325255,228082794,3621761,33442335,86962,2797558,3397989,34509163,5332043,68314
1635291526.433496,3758304,33264864,228143283,3542676,33253653,84223,2853600,3293208,34394842,5269728,66177
1635291526.533614,3577117,33281793,228023719,3753235,33320764,85811,2663174,3452394,34503022,5332653,73756
1635291526.6337316,3539966,33557633,228158564,3840094,33344408,86891,2649773,3501005,34497493,5371016,73727
1635291526.7338495,3690486,33362101,228039231,3654742,33372943,87211,2705853,3539737,34684816,5364942,73901
1635291526.8339674,3535806,33347837,228025782,3754801,33468237,86742,2642146,3567632,34876827,5340543,70541
1635291526.9340851,3541434,33336569,228155244,3725259,32778621,86690,2564371,3557175,34969124,5340863,74279
1635291527.034204,3755193,33281667,227995137,3747345,33287810,87031,2811172,3556086,34730679,5301623,72183
1635291527.134322,3755794,33258974,228128246,3707226,33320665,85642,2817602,3494023,34873881,5245783,81592
1635291527.23444,3737772,33492159,228038860,3662112,33287504,86290,2766571,3629342,35140732,5288190,57423
1635291527.3345582,3644475,33362568,228072221,3616255,32798080,86425,2855885,3564891,34623580,5241808,66131
1635291527.434676,3669420,33289545,228026979,3602862,33337872,85245,2811562,3561772,34677916,5237051,70415
1635291527.5347946,3649299,33249581,228471020,3670333,33378297,87550,2497367,3560387,34744901,5298862,66715
1635291527.6349125,3757837,33355464,228044438,3527162,33358077,85076,2832621,3559094,34861318,5286713,77436
1635291527.7350314,3744854,33440039,228200386,3668568,33337876,87272,2833573,3571290,34751784,5303471,73879
1635291527.8351493,3653178,33521003,228159256,3615784,33341024,86374,2778706,3558379,34785729,5206121,67512
1635291527.935267,3525903,33380039,228096844,3701916,33362921,86916,2711274,3572127,34801859,5287838,71847
1635291528.035385,3538227,33359967,228154661,3754818,33405330,89379,2546085,3569180,34790440,5278452,72231
1635291528.1355023,4066640,33364441,228145989,3763720,33357101,87079,2787032,3562537,35049583,5502420,73807
1635291528.2356205,3494956,33346347,228143646,3764385,33324236,86097,2665294,3542609,34468980,5344662,72396
1635291528.3357382,3621307,33359427,228138608,3727952,33310111,86699,2710188,3322954,34535832,5338891,73978
1635291528.4358556,3752255,33363895,228080811,3624341,33291287,84015,2914963,3575207,34667673,5346073,74443
1635291528.535973,3759443,33413596,228138377,3616124,33296218,84557,2789489,3331502,34362734,5390585,69329
1635291528.6360905,3763740,33295838,228020664,3616132,33253657,85268,2427178,3493435,34253948,5290908,68621
1635291528.7362084,3771101,33318672,228144052,3753125,33327115,84389,2804205,3556887,34688687,5289137,76298
1635291528.836326,3768002,33277610,227939102,3609529,33306020,85984,2809437,3578128,34928060,5254544,59423
1635291528.936443,3625379,33353215,228102443,3747105,33285975,86855,2707521,3546490,34985038,5346872,66240
1635291529.0365605,3723936,33304412,228045340,3778620,33362405,86741,2659233,3567010,34901264,5377769,74472
1635291529.136679,3574479,33402915,228179354,3766066,33357174,85675,2797157,3554452,34835076,5375926,73981
1635291529.2367964,3426392,33416357,228116409,3721416,33475788,84221,2540161,3469473,34520248,5376869,76989
1635291529.4370306,3764165,33279579,228086558,3618058,33192066,84909,2811366,3522603,34486636,5268703,74235
1635291529.537148,3762040,33267318,228124677,3621319,33197806,84885,2801408,3551424,34584639,5274275,75822
1635291529.6372657,3676058,33306004,228122286,3720446,33237252,84625,2597015,3547325,34987804,5258411,70391
1635291529.8375008,3547158,34901924,5326331,75495,3505899,33203173,228084662,3672623,33313813,86132,2811892
1635291529.9376223,3545578,34826161,5363390,75405,3495891,31589465,227923051,3916423,32925270,84372,2652304
1635291530.0377166,3514885,34499345,5344703,90010,3718808,33686575,228032150,3688723,32486204,81743,2490884
1635291530.1377418,3634406,34809605,5409941,75834,3727929,33830332,228085492,3667578,33809340,81129,2627874
1635291530.2378294,3521828,34426457,5362340,71025,3773659,33890840,228208994,3656347,33901175,82161,2508610
1635291530.3378937,3639401,34922366,5398567,75974,3790749,33907482,228139971,3766059,33861599,82170,2353346
1635291530.438002,3559601,34504064,5459678,76398,3762932,33854737,228136595,3617294,33845428,84846,2675890
1635291530.5381215,3742715,33899489,228079161,3760894,33883492,89725,2514449,3646916,35122629,5285138,59671
1635291530.6382148,3695881,33700583,228085237,3677519,33841042,82118,2657096,3440676,34353708,5401333,75684
1635291530.7382803,3763568,33745561,228118366,3615582,33755682,83485,2617175,3412360,34170815,5447196,70837
1635291530.9384983,3650094,34586077,5373738,77011,3675433,33536753,228149873,3654271,33562974,80343,2546402
1635291531.0385442,3629759,34516704,5385408,76051,3754486,33641327,228009178,3519738,33457097,80266,2623907
1635291531.138619,3559432,34298569,5327287,76415,3602978,33653746,228124077,3740614,33722145,81744,2603286
1635291531.2387004,3620375,34604463,5363762,68944,3661145,33556899,228103675,3713537,33678949,88331,2512361
1635291531.3387651,3602028,34626722,5407161,75144,3957126,33640503,228152753,3607185,33808787,80934,2658748
1635291531.4388385,3517539,34237947,5334885,61477,3756569,33692971,228023663,3674181,33699630,82681,2622826
1635291531.5389447,3613401,32215056,2956691,70285,3007091,30805531,228165580,3765857,33832083,81380,2579048
1635291531.6390007,3760296,33751375,228144350,3617426,33721141,81896,2630287,3630686,34749129,5339231,77341
1635291531.7391093,3611334,33816198,228106832,3768627,33722577,84130,2439215,3290689,34511119,5245297,69880
1635291531.8392127,3688084,33846166,228118203,3660509,33766223,82047,2638219,3609184,34621373,5413154,76139
1635291532.0393696,3426727,33814461,5238629,70660,3766369,33651650,228104154,3755337,33740400,80727,2620273
1635291532.1394668,3601438,34714482,5356240,76396,3758679,33669638,228125198,3552496,33807553,82731,2439914
1635291532.2395325,3613371,34651660,5373285,74664,3764522,33716037,227986533,3733066,33668733,82015,2628735
1635291532.3395853,3578667,34454434,5322310,75575,3615047,33786659,228083249,3873425,33685930,84352,2535534
1635291532.439657,3635163,35083009,5401104,72233,3651448,33727962,228066634,3642683,33658100,82933,2605393
1635291532.5397563,3577025,34625899,5378584,76399,3946456,33797620,228199607,3607104,33650917,82774,2675641
1635291532.6398005,3612948,34867733,5287072,76992,3758740,33701966,228069038,3762579,33722600,84271,2503069
1635291532.7398756,3686178,33665222,228075159,3656049,33772180,80792,2621374,3559728,34600784,5525064,75118
1635291532.8399265,3761816,33598468,228009340,3680331,33787785,82563,2535869,3235407,33984128,5333275,75973
1635291532.9400127,3606334,33631601,228013534,3757803,33769381,84618,2626087,3924434,34879243,5379718,78121
1635291533.1402316,3650297,34522606,5396180,78417,3759059,33620480,228099094,3753359,33661313,84251,2642690
1635291533.2403405,3628660,34824868,5282122,81085,3671098,33713677,228083077,3732125,33736295,88135,2486327
1635291533.3404577,3593047,34770858,5371051,75505,3754374,33907119,228060759,3533400,33647267,84862,2637323
1635291533.4405608,3555789,34278462,5341261,71836,3610354,33707324,228089128,3924570,33703379,86394,2475060
1635291533.540668,3606632,34723831,5392721,75915,3752482,33827200,228195010,3685382,33710969,80556,2634138
1635291533.6407826,3555709,34350539,5366415,75838,3803105,33679482,228185791,3607014,33696865,82532,2651082
1635291533.7408884,3623762,34767514,5324753,74775,3749111,33560104,228067977,3747201,33612695,82725,2441638
1635291533.8409996,3759489,33675164,228099416,3601272,33629741,80359,2627504,3632771,34595252,5145308,73692
1635291533.9411116,3748302,33603992,228080975,3730728,33630537,82618,2465547,3669960,35114085,5364865,67601
1635291534.04122,3606215,33684429,228108742,3755067,33645458,82089,2639474,3420826,34668202,5401963,74459
1635291534.2414465,3543119,34287890,5345142,74133,3743556,33774043,228099841,3751424,33784827,81625,2638584
1635291534.3415456,3624557,34713616,5339267,75639,3750462,33818974,228115777,3615600,33729610,82143,2434436
1635291534.4416614,3625184,34514988,5367130,76819,3697675,33739696,228120877,3752305,33758253,85841,2631904
1635291534.5417645,3621043,34549722,5245238,70177,3619169,33707263,228092335,3726994,33675170,82980,2429223
1635291534.6418781,3615786,34692119,5340809,76911,3749739,33533291,228151975,3747205,33639743,80261,2601577
1635291534.741938,3348186,34147749,5274681,69903,4007043,33615807,228120828,3613504,33672514,81645,2650975
1635291534.8420477,3619868,34750144,5329487,75490,3679865,33702552,228097775,3755726,33686274,80490,2437776
1635291534.9421606,3581884,34486804,5383623,63260,3863803,33769656,228153878,3610384,33645231,80704,2610960
1635291535.0422714,3626580,34630534,5337378,70811,3628294,33683425,228055662,3742350,33350219,82606,2392432
1635291535.142378,3594262,34568092,5141187,69109,3648457,33727940,228133396,3741008,33726900,81191,2648565
1635291535.242429,3417188,34800698,5400137,76004,3765054,33759368,228079836,3643442,33692199,82989,2288377
1635291535.3425288,3392264,34206741,5346934,67869,3733398,33898719,228124810,3763676,33760211,83001,2644397
1635291535.4426472,3663016,35108522,5408093,73828,3779771,33642250,228080451,3620888,33700616,82000,2699959
1635291535.5427697,3543617,34542462,5403083,74995,3612797,33740772,228125803,3699674,33734742,86011,2557375
1635291535.6428874,3630915,34823972,5279769,68044,3755529,33707907,228004902,3751705,33883922,85044,2527856
1635291535.7430055,3632911,34652455,5407845,75593,3692168,33616874,228104671,3525533,33771022,84589,2653853
1635291535.8431234,3635388,34395814,5301176,69736,3312606,33742569,228144166,3834809,33796666,85026,2632803
1635291535.9432435,3611538,34539348,5382349,75738,3851027,33724448,228095260,3726337,33773731,82544,2620811
1635291536.0433648,3495551,34264927,5304424,87951,3541013,33654095,228125161,3621578,33701835,81643,2601258
1635291536.143484,3619341,34703817,5302569,64594,3683876,33652134,228174089,3763048,33747519,82083,2600442
1635291536.2436016,3721016,35069905,5604988,81255,3765734,33688599,228085165,3608706,33685771,81650,2616388
1635291536.3437195,3464438,33517034,5267580,73143,3565918,33731625,228136637,3769181,33777397,80837,2845314
1635291536.4438374,3884735,34984963,5346315,71934,3720921,33743110,228123164,3626152,33646949,80415,2569019
1635291536.5439582,3589154,34529385,5390415,75329,3760763,33872085,228094072,3743199,33811642,83793,2476642
1635291536.6440804,3606007,34562249,5335373,75494,3625767,33830893,228144678,3806625,33619778,80715,2586575
1635291536.7441995,3627980,34779559,5408117,75077,3769624,33043216,228014419,3464024,33774237,81371,2623766
1635291536.844317,3379733,34277031,5446220,70828,3686881,33429963,228068507,3751455,33660009,80912,2633129
1635291536.9444351,3651558,34766525,5364767,76161,3458090,33096634,228033237,3711832,33468239,81172,2443162
1635291537.0445552,3628075,34542462,5384849,74537,4058432,33662107,228160928,3624463,33757094,81616,2629858
1635291537.144677,3640671,34606074,5317327,79708,3760954,33763148,228069910,3765935,33710364,84142,2503695
1635291537.2447965,3624213,34737501,5360300,73890,3610939,33780768,228083351,3711167,33760740,84001,2623085
1635291537.3449159,3506635,34185018,5265687,69803,3770213,33760810,228112594,3695377,33960246,84213,2418257
1635291537.4450345,3603562,34772985,5385176,78185,3610429,33836269,228223164,3773521,33880257,83472,2567639
1635291537.5451522,3594053,34657274,5405722,76105,3767761,33773525,228162580,3616770,33799905,86121,2621164
1635291537.645272,3412853,34335329,5315718,74492,3592294,33717891,228129793,3774735,33761468,80413,2630157
1635291537.745391,3605993,34928008,5374295,68504,3769134,33819823,228117518,3623030,33684622,82412,2448267
1635291537.8455083,3532591,34641822,5395767,74494,3620443,33872263,228091523,3741151,33635333,83356,2683709
1635291537.9456263,3620949,34885698,5240426,69930,3775939,33788862,228016504,3763841,33816568,85285,2637375
1635291538.0457442,3618145,34701061,5398118,74447,3770208,33735662,228076961,3542624,33674068,84819,2642100
1635291538.1458616,3626707,34577098,5317371,77198,3667477,33692468,228087230,3795405,33816413,83585,2538225
1635291538.245979,3616088,34696561,5384252,74771,3773089,33541117,228062873,3652511,33799213,87552,2629885
1635291538.3460972,3578270,34358688,5341603,83754,3671605,33658426,228087445,3709833,33827438,84135,2484310
1635291538.4462152,3637830,34731911,5320042,68462,3647649,33515794,228056075,3757053,33644506,81524,2632384
1635291538.5463364,3410098,34601534,5417937,72368,3769568,33741139,228084468,3630521,33751811,81506,2659487
1635291538.6466372,3573441,34158862,5278961,71739,3666219,33867416,228128934,3772039,33790900,82570,2503885
1635291538.74676,3623205,34767785,5435699,71811,3761100,33934375,228152544,3622543,33749812,80304,2712152
1635291538.8468788,3588006,34412399,5360898,76350,3617846,33778036,228073961,3750102,33781377,85661,2445365
1635291538.9469965,3620453,34604351,5308261,69868,3769592,33775615,228098855,3679228,33822003,82341,2627939
1635291539.047114,3587828,34595611,5396453,76499,3621547,33660867,228064862,3588212,33813595,81573,2621747
1635291539.1472332,3632470,34657168,5299848,69726,3669343,33645106,228194141,3778767,33808675,83775,2609031
1635291539.247353,3644965,34798030,5385999,75858,3875917,33629645,228151055,3704858,33684064,82893,2621433
1635291539.3474727,3624501,34469788,5309769,76323,3545437,33632388,228185423,3755530,33492287,83076,2505072
1635291539.4475906,3619930,34699558,5394495,69417,3798592,33772078,228147209,3757665,33610745,80616,2634696
1635291539.5477083,3438423,34325332,5431002,76102,3700380,33883429,228076889,3628242,33612978,82526,2590555
1635291539.6478257,3592287,34807936,5313992,76105,3737596,33711207,228123881,3768804,33867987,81871,2364005
1635291539.747947,3530354,34322376,5443800,71583,3768207,33707592,228126727,3623996,33760393,81347,2699844
1635291539.8983023,3605377,34838259,5352316,76625,3713144,33635321,228017185,3775357,33747597,86227,2447731
1635291539.9984229,3583530,34578399,5291665,60999,3772442,33591870,228065220,3625402,33713839,78367,2636228
1635291540.0985403,3593461,34632541,5388202,75965,3721331,33670242,228111023,3764001,33680854,88120,2596571
1635291540.1986601,3635851,34523669,5253094,72845,3597530,33619165,228077994,3727407,33576407,87329,2399656
1635291540.2987807,3638607,34518665,5391033,75184,3762741,33843220,228140522,3764543,33751441,83494,2627980
1635291540.3988986,3535795,34173165,5310400,63249,3555161,33520420,228057877,3606600,33708257,85178,2632550
1635291540.4990175,3614169,34684551,5397197,78414,3758942,33836952,228104877,3779806,33792551,80711,2587410
1635291540.5991364,3532039,34309940,5426891,77655,3766855,33715825,228118708,3618667,33784301,81196,2626141
1635291540.6992557,3637390,34707735,5408977,76171,3557991,33751673,228205707,3777276,33809605,82848,2590121
1635291540.7993755,3684379,34772600,5446047,71415,3812435,33841429,228143127,3623015,33694907,80946,2645433
1635291540.8994944,3652554,34894587,5421675,78270,3779307,33786438,228111520,3772288,33628028,81483,2441932
1635291540.9996119,3660442,34889605,5235064,78578,3777357,33780415,228095242,3624158,33660583,82406,2613401
1635291541.0997298,3623103,34387985,5434936,73144,3725668,33805313,228068464,3774671,33713274,83137,2628287
1635291541.1998472,3668710,34629158,5297143,66604,3671157,33707302,228072462,3722187,33854231,88802,2258262
1635291541.2999654,3650960,34724519,5431833,74858,3785631,33776092,228058470,3710429,33743668,80703,2823938
1635291541.4000716,3493869,34268315,5331430,67721,3379845,33809994,228038427,3887380,33840664,83560,2631717
1635291541.5001922,3649666,34834484,5420206,69201,3572321,31424688,228154260,3559619,33845548,87197,2616898
1635291541.6003106,3916637,27638337,1349138,63912,3664095,33786311,228179955,3860329,33840967,83869,2495388
1635291541.7004287,3662811,34718567,5191106,77859,3819031,33876200,228080301,3730780,33808059,81214,2631241
1635291541.800547,3528859,34025197,5365435,72612,3550820,33879994,228118926,3760705,33784975,83870,2323180
1635291541.9006653,3609168,34783427,5328390,69692,3673597,33792675,228024798,3741186,33762789,82647,2625336
1635291542.0007842,3471844,34020250,5275690,80778,3761506,33858288,228085639,3642974,33894075,81904,2635257
1635291542.1009033,3633968,34629058,5360529,64894,3551778,33776548,228110541,3768783,33879584,85569,2528692
1635291542.201022,3486585,34373214,5391008,78583,3777764,33848212,228055097,3627773,33662920,81092,2710393
1635291542.3011405,3570101,34733310,5414193,75873,3626923,33782392,228094847,3772137,33655719,86150,2285630
1635291542.4012594,3667726,34792078,5371298,71538,3746338,33792064,228089946,3646677,33666644,81875,3354375
1635291542.5013793,3709780,35029683,5465033,70153,3758586,33576359,228085902,3761427,33757024,84216,2625196
1635291542.6015012,3622948,34780854,5352446,76828,3758685,33802545,228083259,3547723,33831766,86181,2434217
1635291542.701622,3632306,34478021,5410988,72444,3745884,33583697,228088671,3731712,33851034,85312,2644908
1635291542.80174,3612866,34300435,5276316,68800,3682118,33670263,228103736,3750850,33869041,84237,2433904
1635291542.9018583,3652152,34800994,5416259,76899,3737797,33710311,228071823,3695829,33895043,82438,2628078
1635291543.0019767,3515436,34092776,5315426,68730,3743386,33781628,228126030,3701492,33719591,85077,2611432
1635291543.1020977,3634988,34740364,5387776,75664,3530264,33755190,228135014,3768700,33814018,82324,2571538
1635291543.2022178,3533552,34074571,5315833,58483,3779806,33777244,228131093,3624357,33705986,79989,2631587
1635291543.3023355,3586461,34618034,5388975,76796,3620944,33827238,228170208,3780449,33771336,82530,2595703
1635291543.4024534,3622335,34802808,5352523,70059,3741062,33905973,228093607,3624532,33784573,81640,2640343
1635291543.602694,3621722,34838769,5299157,78080,3783509,33656581,228202239,3568248,33630370,84631,2549038
1635291543.7028153,3641989,34631487,5417696,75300,3779004,33773895,228014366,3735201,33718358,82287,2626721
1635291543.8029351,3635689,34601294,5324017,77614,3678936,33708766,228150207,3900436,33692843,84000,2486225
1635291543.903053,3648155,34846014,5390058,75977,3723284,33715279,228034136,3645152,33613200,80360,2634087
1635291544.0031714,3509164,34310272,5371848,71798,3828797,33667479,228111831,3696062,33720116,83273,2422647
1635291544.1032891,3640146,34857845,5400699,75508,3555673,33597594,228122290,3778742,33723718,81145,2460061
1635291544.2034068,3553347,34343880,5351060,75784,3764580,33884135,228064087,3615736,33644000,80672,2629344
1635291544.303526,3656369,33650833,228130071,3774935,33839608,81648,2494541,3647748,34922193,5383512,64244
1635291544.403646,3775640,33873994,228078075,3622951,33875956,81716,2631054,3454257,34265431,5386325,73594
1635291544.5037658,3645381,33809989,228104723,3775846,33808408,81423,2630546,3632923,34541989,5190336,73356
1635291544.7040033,3608222,34645086,5403633,77249,3777413,33770177,228170748,3686012,33723584,89845,2642076
1635291544.8041272,3629263,34511322,5341054,79389,3619978,33744514,228121480,3930770,33756680,85309,2579060
1635291544.9042485,3616739,34613438,5434847,75091,3775438,33709994,227961519,3533933,33699540,85144,2634947
1635291545.0043674,3540953,34270206,5403312,74527,3665663,33857678,228111299,3788812,33690151,86429,2540268
1635291545.1044858,3624213,34744034,5409250,75613,3649197,33815513,228144759,3757777,33803491,81168,2652325
1635291545.2046032,3587359,34394324,5394135,75066,3777724,33798191,228082252,3616563,33803587,80426,2627233
1635291545.3047209,3634286,34776894,5350594,75177,3775717,33648103,228084440,3763433,33683991,88031,2443924
1635291545.4048393,3780888,33859858,228082136,3621227,33774035,81438,2629003,3598158,34697514,5347107,73572
1635291545.5049584,3623175,33707831,228090795,3773000,33775310,84074,2466160,3928044,34955281,5230351,67401
1635291545.6050797,3763466,33680387,228115822,3629718,33785505,81512,2636445,3629115,34766591,5407486,74514
1635291545.8053174,3621531,34386653,5295590,68450,3432265,33783962,228166344,3753808,33836250,82075,2628736
1635291545.9054375,3625231,34616463,5387991,75110,3763863,33732200,228026701,3711045,33777862,81860,2632619
1635291546.0055556,3547832,34186773,5297963,77288,3613537,33678036,228106264,3647276,33792681,82687,2563172
1635291546.1056733,3624281,34594789,5381365,78166,3776580,33724669,228146264,3772355,33790969,82267,2600532
1635291546.205791,3644880,34511723,5394715,77568,3369297,33524572,227996008,3627961,33731040,80693,2628920
1635291546.3059082,3666991,34917543,5297985,77451,3797797,33760842,228226709,3778672,33677526,82713,2528366
1635291546.406026,3657186,34587588,5406214,76439,3772189,33806035,228118153,3629865,33639243,81382,2635641
1635291546.506147,3766830,33849523,228092659,3770027,33633376,82224,2510410,3618718,34631122,5174037,75428
1635291546.6062663,3670484,33676214,228054464,3700557,33698748,81154,2645266,3396166,34677868,5427407,74718
1635291546.7063856,3774101,33785935,228058887,3682453,33688392,82946,2445610,3491591,34227106,5380331,70509
1635291546.9066257,3618312,34753632,5398272,75021,3764218,33329601,227996879,3610683,33650340,86830,2414152
1635291547.0067475,3541258,34346439,5385474,75893,3707204,33607789,228103786,3706772,33630127,86493,2628050
1635291547.1068676,3653230,34815754,5308208,60186,3765577,33646933,228004979,3763342,33829596,86064,2492592
1635291547.206985,3630829,34520154,5382099,76456,3727235,33685903,228097191,3536848,33679801,84479,2636204
1635291547.3071043,3609621,34244976,5248856,72004,3633185,33704214,228097212,3831800,33602776,83615,2251511
1635291547.4072218,3610435,34525621,5387562,76572,3376204,33882919,228179576,3753632,33939649,81384,2645768
1635291547.507342,3499834,34198581,5295794,62045,3771963,33753536,228093027,3661274,33824889,83121,2632629
1635291547.607465,3545924,33694251,228173578,3771786,33861733,81989,2564871,3540193,34457300,5657536,77222
1635291547.7075841,3778218,33733992,228074299,3612797,33597438,81386,2640345,3460005,33578377,5330776,75699
1635291547.807702,3627175,33776606,228133929,3775101,33685257,82041,2632364,3907204,35379478,5314064,70964
1635291548.0079386,3637555,34705161,5415679,73776,3749032,33898228,228091692,3770524,33618065,88444,2610981
1635291548.108056,3637378,34622726,5317230,76939,3691641,33729653,228139360,3710859,33880844,84580,2501579
1635291548.2081761,3642387,34671510,5400266,75297,3768620,33616589,228013317,3528230,33553039,81745,2632115
1635291548.308295,3591727,34278183,5353066,74119,3616040,33561141,228110050,3886308,33867522,82633,2521832
1635291548.408414,3632582,34685557,5387349,75336,3819154,33755524,228045291,3721314,33873046,80869,2621002
1635291548.508534,3520372,34296462,5356214,74439,3331402,33731696,228190454,3615485,33715405,86889,2622529
1635291548.608653,3649376,34929339,5347672,74788,3770036,33702518,228149457,3768679,33764207,81684,2434362
1635291548.708771,3766312,33776161,228114121,3622085,33698752,81443,2637350,3615225,34553096,5042056,75423
1635291548.808889,3640040,33844427,228096939,3769979,33767349,82956,2436013,3570561,35072997,5349405,69533
1635291548.9090066,3738969,33682692,228112894,3645733,33809048,81611,2621084,3425804,34618756,5399640,75759
1635291549.1092415,3534886,34185106,5309386,69948,3417181,33695752,228223095,3773185,33775367,86107,2623407
1635291549.2093616,3606949,34829086,5401879,73517,3773945,33744599,228167870,3618370,33712468,87691,2640192
1635291549.3094792,3545780,34419994,5342157,73711,3618920,33649525,228066073,3749268,33559748,85199,2607454
1635291549.4095998,3643939,34822538,5367374,71538,3771643,33793860,228021620,3770872,33809875,83535,2643619
1635291549.5097198,3728905,34576399,5409464,74183,3561604,33828833,228176026,3541228,33699949,84367,2654465
1635291549.609837,3613307,34749016,5288010,76344,3304373,33506623,228090444,3789027,33721300,82217,2609826
1635291549.7099562,3682608,34469103,5401245,75213,3956259,33567882,228105774,3613054,33835599,81698,2625588
1635291549.8100743,3638977,34435073,5322829,125464,3646374,33707501,228157094,3757015,33820466,84233,2505189
1635291549.9101925,3632035,34722193,5333376,61646,3662166,33624297,228103582,3747424,33756418,83258,2597988
1635291550.0103104,3403289,34381051,5734940,73470,3770782,33726695,228048148,3625014,33704408,81948,2598138
1635291550.1104286,3445110,33583957,5241801,73236,3774613,33708443,228111512,3768401,33706104,81277,2302964
1635291550.2105465,3641263,34664000,5415508,76432,3764778,33783747,228208077,3625087,33673556,80492,2459173
1635291550.3106642,3568313,34360230,5414206,78742,3739448,33847359,228135819,3779381,33686374,84420,2511425
1635291550.4107862,3626758,34629381,5288865,59311,3755192,33791909,228111085,3677733,33925583,81499,2535647
1635291550.5109072,3641127,34397667,5398178,74304,3728985,33766819,228034192,3547003,33695579,81281,2626665
1635291550.6110258,3626704,34386078,5268486,71387,3590853,33668650,228117246,3935401,33774997,82774,2350064
1635291550.7111442,3638929,34665659,5401377,74338,3784778,33791825,228157413,3688795,33653979,81047,2590471
1635291550.8112626,3537161,34399589,5301396,58914,3514928,33748607,228073025,3637878,33641610,82173,2615277
1635291550.911381,3645010,34994211,5385133,64514,3762459,33730740,228062965,3768380,33587756,80993,2498075
1635291551.011502,3555944,34398600,5434032,86673,3708825,33703770,228089385,3622162,33718449,81544,2625106
1635291551.11162,3609954,34334000,5147252,69358,3620341,33767337,228093072,3777452,33813180,83320,2596603
1635291551.2117374,3663742,35950760,5328589,73519,3769031,33551399,228141167,3621770,33854763,81262,2574212
1635291551.3118553,3508694,34577638,5379811,74610,3763987,33703529,228124696,3754396,33727141,83143,2752738
1635291551.4119732,3659286,34559378,5330001,77292,3573548,33711515,228154260,3756106,33769042,81131,2618945
1635291551.512092,3628177,34871484,5384593,78132,3532202,33696163,228087669,3672847,33624612,86476,2342110
1635291551.612215,4473382,23085071,1764395,74556,3624331,33699927,228040652,3940168,33666460,86827,2447507
1635291551.7123344,3648849,34629539,5415111,77116,3777965,33851816,228170871,3764897,33768952,88784,2656973
1635291551.8124523,3382345,33961788,5324730,69522,3745142,33958920,228153692,3564952,33756514,85549,2639293
1635291551.91257,3627798,34572003,5420951,75437,3747950,33753807,228059530,3761838,33835245,82256,2440410
1635291552.012689,3528673,34003421,5461254,73237,3585751,33760535,228063648,3613936,33804946,81073,2637633
1635291552.1128116,3654882,34626161,5245698,75326,3725230,33830029,228220213,3764166,33780759,83507,2442194
1635291552.2129297,3629954,34657318,5390593,66650,3788725,33714090,228086635,3615181,33702474,81725,2641303
1635291552.3130486,3634656,34695279,5401416,72442,3769125,33771045,228116328,3759268,33548659,91551,2634266
1635291552.413167,3599920,34342598,5301710,69770,3497356,33646759,228118760,3705591,33674074,81633,2587372
1635291552.5132856,3636791,34941615,5433713,70394,3747808,33760139,228126332,3674948,33691986,82373,2646277
1635291552.6134057,3580208,34400148,5328559,75557,3609234,33740545,228084288,3764544,33701317,84322,2500839
1635291552.713527,3647294,34749173,5390095,75917,3764147,33670666,228053624,3707743,33830511,81100,2682020
1635291552.813646,3591514,34273718,5403875,76288,3683755,33694889,227967251,3546076,33655118,81523,2615453
1635291552.913764,3626226,34698154,5355397,78011,3755932,33534771,228130458,3765583,33837377,82576,2375213
1635291553.0138822,3584470,34315096,5358590,76109,3928517,33712803,228141438,3648213,33678364,82178,2621587
1635291553.1140008,3637842,34524753,5299357,75699,3572707,33604741,228135982,3769029,33679678,83837,2518294
1635291553.2141242,3614845,34723336,5405644,73397,3910182,33740846,228155748,3676174,33696445,80820,2632990
1635291553.3142438,3571026,34138680,5386632,74912,3667117,33749775,228070491,3718840,33618522,83095,2366425
1635291553.414363,3604820,34541999,5268671,67819,3585891,33789318,228183580,3777207,33647699,81147,2555684
1635291553.5144813,3545220,34820867,5427846,73240,3786502,33837583,228190567,3612899,33759063,82451,2735485
1635291553.6145992,3601336,34881570,5341083,73597,3561772,33680675,228084081,3762909,33726352,82883,2431994
1635291553.7147195,3569268,34500550,5402672,74450,3777971,33781653,228119738,3624211,33611404,77982,2646731
1635291553.814839,3552785,34523399,5414241,73920,3633001,33633009,228069605,3656550,33582268,88301,2546710
1635291553.9149616,3639033,34697858,5219267,70807,3764135,33502477,228064268,3776316,33895666,86838,2645548
1635291554.0150797,3644487,34854569,5424044,73882,3759032,33684258,228120586,3761223,33714196,84398,2618747
1635291554.1151972,3637121,34393868,5306749,78087,3571653,33542909,228105971,3709789,33666757,83742,2613345
1635291554.215317,3626017,34683120,5403281,79298,3780415,33783143,228125613,3747039,33758184,80701,2639397
1635291554.3154366,3541900,34260420,5416788,78730,3582662,33648423,227997337,3625840,33792620,82748,2604546
1635291554.4155583,3612235,34584613,5277829,74808,3692029,33697963,228136787,3762390,33864401,81354,2595128
1635291554.5156767,3582006,34295155,5499430,76203,3771226,33798855,228071901,3618943,33649489,80992,2631291
1635291554.6157951,3634780,34708185,5398220,74556,3780409,33804543,228134476,3771450,33753218,81695,2439264
1635291554.7159135,3543525,34223502,5293684,77716,3763769,33691160,228052960,3622117,33674341,80956,2632524
1635291554.8160324,3615481,34758468,5400944,72319,3677320,33806201,228098500,3767250,33600431,83899,2514329
1635291554.9161532,3625756,34605565,5290980,68003,3685213,33796489,228222020,3695243,33573530,84798,2454983
1635291555.0162737,3647064,34623614,5416407,75573,3767904,33787479,228170753,3740061,33641337,80178,2645855
1635291555.1163917,3524008,34056251,5318461,68871,3556877,33653384,227955038,3627461,33648167,82550,2626032
1635291555.216509,3633180,34709582,5395144,73273,3773099,33719226,228134825,3755753,33757707,82007,2523647
1635291555.3166268,3542466,34344565,5365080,75748,3636066,33825006,228127683,3627501,33682020,80609,2631964
1635291555.4167445,3643243,34903639,5284605,64827,3638485,33559823,228100790,3768890,33800418,82297,2617502
1635291555.5168643,3644435,34974423,5394218,75380,3813109,33646394,228141086,3629253,33702880,86726,2630612
1635291555.6169865,3601580,34728080,5365366,73448,3575333,33747930,228072285,3773858,33727468,84315,2624568
1635291555.717104,3634613,34583820,5253842,63419,3571709,33754796,228074432,3680888,33779553,81584,2638962
1635291555.8172212,3570929,34681069,5364608,81813,3778697,33797839,228070057,3705691,33772098,81246,2563463
1635291555.9173405,3608364,34373503,5316627,76029,3627108,33721912,228075239,3777984,33845673,83636,2510719
1635291556.017462,3581203,34473628,5395813,77250,3775943,33675923,228123307,3625293,33794499,82803,2973905
1635291556.1175797,3556414,34274855,5426729,76168,3670210,33760987,228112140,3687346,33717632,86316,2256413
1635291556.217697,3648277,34712875,5352925,78547,3766052,33643897,228028757,3763294,33834620,87566,2393556
1635291556.3178146,3587959,34459135,5410595,76457,3767868,34044972,228180761,3723632,33633484,84708,2651792
1635291556.417932,3648627,34617011,5321687,73898,3671609,33753877,228118254,3708607,33707938,82881,2505726
1635291556.5180507,3654766,34692546,5396572,74348,3971039,33780173,228144249,3629685,33744750,80593,2630673
1635291556.6181734,3615340,34206413,5298364,71700,3536107,33735302,228198350,3725868,33664846,82081,2293289
1635291556.7182925,3637869,34669922,5334128,70414,3655318,33550773,228136409,3771612,33840006,81269,2573698
1635291556.8184106,3529551,34477425,5429347,77779,3749966,33651935,228071168,3596940,33702901,82334,2613732
1635291556.9185276,3678724,34808563,5398899,58083,3556313,33045810,228041816,3751686,33636630,83508,2536043
1635291557.0186176,3626821,34298415,5354562,63033,3735629,33448606,228080741,3622131,33771757,82297,2615796
1635291557.1187117,3611842,34641149,5402808,77717,3698205,33762758,227929208,3774126,33717882,86728,2269988
1635291557.2188332,3618887,34449779,5249440,71913,3618757,33802609,227992383,3747078,33737097,82685,2819850
1635291557.318879,3629799,34524410,5386803,75472,3775815,34008708,228045436,3687484,33788799,81803,2642589
1635291557.4189749,3530911,34231418,5310667,63349,3532359,33710436,228019998,3759058,33822011,84045,2629646
1635291557.5190132,3593581,34611179,5389080,78401,3778536,33729422,228023693,3751458,33831487,80503,2580220
1635291557.6191015,3522227,34277759,5376045,76090,3572054,33892246,227889166,3617775,33735410,81844,2622760
1635291557.7192101,3628306,34864669,5401806,73476,3785062,34241073,228020107,3795509,34174762,78779,2631204
1635291557.8192713,3471753,34863254,5407867,77187,3768271,34223093,227960649,3698829,33765678,82955,2627947
1635291557.919325,3610880,34776158,5390713,73172,3579302,33780148,228032565,3769986,33617601,82382,2545323
1635291558.019412,3521227,34151343,5335043,47785,3766821,33825931,227921929,3617799,33621139,81200,2634951
1635291558.119525,3593805,34866852,5405268,72477,3616219,33649667,227910079,3758277,33807842,83234,2543434
1635291558.219552,3648292,34789941,5308404,70287,3765914,33590881,227906641,3614271,33825741,82848,2629394
1635291558.419708,3624868,34421393,5338538,69502,3664659,33655070,228043787,3573144,33750559,87870,2607354
1635291558.5198193,3642923,34802856,5398331,75158,3765515,33700971,227836743,3772181,33757059,85035,2633280
1635291558.6199126,3615646,34552763,5299554,77870,3620314,33765658,228067201,3959843,33775144,87415,2535218
1635291558.720018,3633733,34660726,5391488,77281,3720358,33790558,228052076,3645873,33734002,84536,2632296
1635291558.8201265,3385686,34028194,5453328,72241,3795161,33903055,228077298,3605356,33712479,82868,2634649
1635291558.920229,3643301,34717199,5412115,77223,3800723,33835378,227997367,3760201,33857093,82131,2302961
1635291559.0203478,3547319,34192494,5411939,77146,3764949,33704075,228099357,3621437,33852084,82640,2622335
1635291559.1204545,3784050,33749816,228154424,3759872,33667929,83020,2488281,3769763,35235697,5258461,60182
1635291559.2205877,3741593,33482287,228043890,3617031,33542408,81488,2625584,3455769,34099803,5386268,75185
1635291559.3206966,3754545,33647634,227989438,3703087,33612228,87992,2357712,3544287,34151915,5337032,71174
1635291559.5209355,3617059,34651780,5396441,74848,3751101,33605903,228044591,3661539,33526450,79664,2501947
1635291559.6210544,3530742,34179627,5357724,76408,3774487,33632299,228051961,3521539,33474003,79502,2569647
1635291559.7211761,3618091,34621846,5273292,62094,3706534,33466122,228150986,3840666,33769384,84011,2494156
1635291559.8212953,3634087,34618626,5383593,76090,3816301,33521204,228029746,3683337,33697227,82919,2594202
1635291559.921414,3503845,33950037,5305553,72718,3635948,33596284,228046081,3682285,33573716,83229,2435213
1635291560.021532,3635096,34685399,5386476,76281,3647495,33656136,228056721,3751856,33650131,81606,2384223
1635291560.1216505,3541559,34300791,5413604,79457,3758983,33635364,228037124,3612489,33576413,79120,2616077
1635291560.221773,3762368,33760527,228035975,3762698,33618986,82649,2499754,3647068,35100663,5238653,60563
1635291560.3218908,3716503,33685448,228168906,3659707,33789091,82166,2615619,3418120,34377180,5415680,75585
1635291560.4220085,3773084,33678266,228072760,3712948,33641440,81377,2356528,3562886,34156922,5298247,71725
1635291560.6222446,3625298,34647864,5397955,75484,3758389,33730203,228121322,3625686,33509216,87321,2377862
1635291560.7223625,3520705,34289521,5386665,76644,3722175,33686442,228144334,3763112,33588862,83953,2620980
1635291560.8224854,3628672,34771049,5305106,58921,3766389,33536535,228060908,3532916,33668016,85531,2508826
1635291560.9226043,3625086,34592010,5395705,74220,3763420,33683320,228068835,3750104,33691757,84074,2640787
1635291561.0227237,3608591,34151624,5267455,71755,3745739,33360215,228087913,3742307,33614559,86243,2317487
1635291561.1228416,3615135,34605877,5388372,74766,3380291,33568201,228141295,3754130,33696038,82702,2475642
1635291561.2229593,3543690,34249845,5365433,75461,3768615,33705728,228066390,3603749,33675007,82158,2625501
1635291561.3230784,3681775,33579025,228093940,3757687,33768811,83139,2489668,3630017,34306888,5138482,65984
1635291561.4231997,3760427,33620297,228034908,3608579,33699159,72459,2535394,4233463,32850402,5394324,76731
1635291561.5233216,3608176,33697274,228102397,3757011,33655468,83268,2593677,4865028,24618667,3933683,75526
1635291561.723558,3579774,34479327,5367996,75609,3741358,33895958,228105194,3729128,33617670,80213,2647991
1635291561.8236759,3586813,34084029,5299873,71113,3530806,33710110,228104841,3708569,33713267,84300,2600250
1635291561.9237967,3615940,34563895,5398477,77440,3673275,31693081,227905010,3758613,33537106,79893,2565016
1635291562.023919,3765458,31752643,4605101,73558,3763190,33709943,228111370,3762771,33732841,82342,2584018
1635291562.1240387,3712695,34648754,5376646,77093,3673466,33798331,228112714,3653847,33594057,82301,2617783
1635291562.2241564,3635069,34714629,5306185,76278,3336853,33712044,228217724,3773674,33645531,84739,2619483
1635291562.3242745,3653867,34751104,5406494,76351,3670296,33562642,228102534,3653421,33688090,81701,2627130
1635291562.474535,3761756,33793193,228059866,3762574,33673135,84329,2521525,3602195,34615592,5038289,77424
1635291562.5746562,3629449,33768896,228123281,3761847,33789675,86857,2635230,3428122,34581094,5547405,76557
1635291562.6747773,3765530,33592076,228125994,3621119,33782723,83269,2579716,3385305,34550490,5401924,71717
1635291562.875013,3601776,34844716,5386445,76054,3774766,33588291,228070623,3621226,33682793,79304,2305748
1635291562.9751313,3519997,34266514,5419559,78779,3784447,33683379,228126184,3659692,33545244,84870,2637448
1635291563.0752494,3616563,34747892,5269239,62854,3746619,33616443,228099257,3813311,33823615,83148,2507170
1635291563.1753666,3612846,34672478,5401711,75402,3777229,33830402,228085357,3763497,33655158,84493,2645310
1635291563.2754855,3583625,34240796,5315781,71693,3597538,33670111,228180403,3685793,33659951,90896,2280117
1635291563.3756034,3612772,34700742,5413208,75307,3285615,33939184,228206137,3779435,33732108,84533,2560444
1635291563.4757218,3513333,34476555,5367781,59026,3775273,33801002,228094385,3658730,33692959,84826,2623173
1635291563.5758414,3549501,33683959,228104052,3763348,33785574,83526,2514568,3536993,34311078,5740551,79682
1635291563.6759608,3776800,33670269,228086911,3611404,33508010,81149,2611057,3644072,34800385,5379680,75565
1635291563.7760787,3624548,33631278,228107251,3763568,33715845,85381,2637277,3465393,34611175,5228729,71805
1635291563.9763162,3628429,34827470,5416773,74957,3760204,33709889,228035687,3743993,33651869,87923,2622616
1635291564.0764346,3631889,34314207,5339311,77504,3528968,33713607,228175197,3765529,33610091,83766,2618162
1635291564.1765528,3626285,34660035,5407617,79910,3766000,33736641,228145043,3718037,33773658,81614,2600671
1635291564.2766707,3526875,34258489,5348642,78665,3618947,33724171,228036771,3566727,33697376,81232,2616734
1635291564.3767881,3622643,34518491,5291250,72592,3765301,33636982,228133750,3763369,33855809,83465,2601338
1635291564.476911,3617014,34647717,5401811,73183,3269870,33634748,228206069,3633852,33658311,83933,2613155
1635291564.5770333,3632863,34562666,5305460,79139,3741666,33650933,228133143,3767305,33679898,85827,2487918
1635291564.6771538,3605837,34689006,5383357,76238,3789898,33693088,228186455,3700636,33689174,82721,2620222
1635291564.7772725,3563333,34195016,5317914,85455,3674330,33746347,228114572,3662869,33550555,83201,2545415
1635291564.8773906,3604572,34229002,5176198,70246,3607966,33622933,228103132,3751156,33537908,83200,2618992
1635291564.977512,4266673,35636506,5561367,78002,3758065,33538987,228030841,3604688,33560477,80377,2245093
1635291565.077632,3435516,34133545,5304316,77113,3767122,33619017,228068480,3755722,33552261,83067,2787133
1635291565.1777494,3629870,34728833,5273396,79285,3593883,33504801,228066888,3711918,33456106,88035,2411556
1635291565.2778676,3620812,34746451,5384271,76511,3760382,33506721,227997101,3672379,33566329,81322,2678105
1635291565.3779845,3483326,34442128,5447361,76273,3608281,33510109,228069776,3664030,33629680,83089,2615313
1635291565.4781082,3625190,34828392,5381420,69669,3754820,33556773,228092430,3612647,33671382,83448,2629865
1635291565.578228,3619266,34587505,5393878,75044,4138472,33771417,228173820,3676189,33586090,85298,2597575
1635291565.6783473,3623112,34452049,5282071,77973,3303762,33613434,228168808,3761479,33577517,87467,2575805
1635291565.778465,3613653,34470142,5362422,65631,3787670,33635304,228126554,3729803,33646644,86873,2603621
1635291565.878582,3520350,34071163,5476929,85206,3689114,33577768,228035031,3613384,33619736,85448,2648908
1635291565.9786994,3585372,33946855,5117575,71918,3609812,33585492,228081124,3759354,33668776,83350,2624448
1635291566.0788195,3708433,35829367,5424248,73549,3762828,33528654,228153048,3606945,33655397,82249,2499685
1635291566.1789389,3478212,34420842,5342906,76374,3770344,33659561,228103178,3753428,33498256,84506,2771830
1635291566.2790592,3684106,34452681,5277433,77195,3522734,33661467,228136828,3767972,33601482,83418,2596313
1635291566.379178,3623197,34644603,5367038,75748,3769275,33894765,228057341,3609914,33445872,82247,2522977
1635291566.4792962,3525564,34233761,5372613,71485,3608512,33574519,228096964,3740760,33533349,87581,2611586
1635291566.579415,3617870,34622106,5300457,72163,3744682,33440796,228122945,3524213,33635220,83801,2601293
1635291566.6795356,3627117,34521702,5381127,75672,3784769,33526652,228129313,3748626,33588104,85003,2600457
1635291566.7796547,3623173,34401243,5313547,76936,3546719,33493724,228095157,3752417,33486370,84351,2612596
1635291566.8797734,3630621,34621040,5352001,78104,3607501,33476926,228094888,3762572,33602425,81888,2581782
1635291566.9798915,3516371,34273162,5237528,74038,3711467,33061442,228144978,3605857,33493423,82322,2618452
1635291567.0800157,3598760,34602827,5378485,77371,3600428,33678787,227975959,3747413,33586767,84527,2563769
1635291567.1801367,3605139,34296807,5209364,71738,3690758,33627558,228116996,3654411,33687445,82124,2636455
1635291567.2802544,3585570,34407692,5354516,77145,3766222,33521513,228077248,3688362,33636916,83965,2570879
1635291567.380372,3516173,33884105,5294030,65847,3545065,33714964,228160634,3766919,33695598,83177,2622728
1635291567.4804902,3600401,34640052,5354205,78856,3759383,33584976,228121591,3610035,33549700,78278,2637853
1635291567.580608,3513814,34241514,5361822,76200,3603620,33566979,228284025,3720264,33623878,83638,2555876
1635291567.6807284,3608331,34911412,5223204,71737,3715034,33481726,228030615,3788674,33652377,83220,2616537
1635291567.7808502,3569913,34671512,5390238,74623,3758312,33660953,228067387,3531402,33469655,80105,2632853
1635291567.880968,3556405,34268774,5315886,62761,3643548,33722585,228133397,3700741,33409684,83451,2627691
1635291567.9810863,3602481,34690546,5396905,77880,3532906,33594652,228085844,3749413,33616653,86141,2500801
1635291568.0812042,3509085,34232299,5390228,70412,3842177,33541915,228147723,3603768,33621338,84938,2600343
1635291568.1813223,3614050,34424519,5321295,75172,3657734,33473121,228045997,3759090,33606654,87636,2424565
1635291568.281444,3617271,34534300,5215628,76015,3583478,33542379,228077966,3728148,33641325,85345,2593012
1635291568.381562,3559828,34389659,5449651,68908,3767706,33796058,228160145,3639128,33683188,85795,2741861
1635291568.4816806,3555886,34755489,5356325,59335,3548076,33601329,228070508,3754149,33586213,83255,2426922
1635291568.581799,3544649,34494934,5366012,78245,3758007,33654852,228077889,3600233,33629001,80145,2609064
1635291568.6819165,3545778,34106627,5368046,76855,3709109,33632674,228140091,3643327,33681952,82726,2500233
1635291568.7820342,3590265,34157235,5276726,73999,3576596,33577471,228149337,3938954,33620420,84592,2317729
1635291568.882155,3580704,34485493,5381929,75731,3763254,33508406,228045851,3512528,33730785,82285,2577356
1635291568.9822767,3509725,34129913,5251959,71760,3702274,33745518,228118405,3706780,33553950,81374,2607811
1635291569.0823948,3624521,34632462,5342981,61806,3704447,33607196,228085771,3762488,33520631,84101,2486331
1635291569.1825132,3594778,34409971,5360094,77613,3770614,33563589,228131189,3600137,33467891,82978,2636669
1635291569.2826319,3616445,34178813,5278937,68071,3711193,33676243,228086330,3740806,33351813,84436,2290882
1635291569.3827555,3623744,34658365,5392737,74335,3572578,33617706,228077652,3749272,33628623,81866,2494640
1635291569.482878,3526314,34020748,5315242,74848,3766539,33599001,228099218,3601294,33620421,81452,2631346
1635291569.582996,3603916,34539928,5372464,73929,3685066,33563741,228147705,3756409,33716413,91204,2426529
1635291569.683114,3588887,34556488,5287552,60983,3763529,33619655,228084164,3611875,33673237,79619,2610078
1635291569.7832317,3651878,34545477,5387290,75778,3758530,33593061,228024700,3734191,33614167,83443,2615990
1635291569.883351,3609981,34215443,5253272,73394,3626879,33526382,228154908,3747553,33523304,83376,2307131
1635291569.98347,3635513,34849536,5379672,77582,3764514,33743823,227913057,3750581,33666209,82940,2464287
1635291570.0835924,3535344,34167490,5341291,77539,3732017,33631631,228142059,3532590,33581961,80705,2628693
1635291570.18371,3580715,34648858,5250466,60599,3730737,33701663,228104134,3772877,33610001,83722,2485158
1635291570.2838278,3624291,34498659,5399817,74210,3731771,33470871,228139282,3613468,33756223,84706,2600500
1635291570.3839476,3491305,33981907,5359202,70175,3772259,33689816,228200991,3734639,33738347,83455,2321921
1635291570.4840693,3609414,34629652,5367061,76499,3640003,33618172,228109319,3773082,33609734,85222,2479551
1635291570.5841892,3518668,34715058,5470637,85159,3770305,33676062,228109167,3613698,33504686,83848,2632233
1635291570.6843088,3582479,34066539,5270814,64242,3660588,33731467,228097812,3772873,33649100,86405,2605492
1635291570.7844262,3793662,35014989,5363628,61320,3758247,33749080,228029587,3614417,33616753,88171,2444184
1635291570.884544,3553612,34328840,5386242,73780,3729631,33679104,228152737,3747743,33732535,80469,2610409
1635291570.9846616,3613392,34358452,5275965,72249,3545019,33502203,228107427,3759648,33672413,84417,2379438
1635291571.0847797,3617854,34802688,5395068,75002,3486269,34986488,237199089,3324628,29682595,108984,2702576
1635291571.1849036,3763943,35967513,5628933,77597,3759011,33597631,228150748,3532256,33669352,81656,2562502
1635291571.2850242,3533064,34218562,5350869,77696,3669472,33720040,228229376,3662082,33647343,81752,2620077
1635291571.385144,3644266,34801990,5285322,72795,3523080,33463509,228000408,3764595,33857140,84412,2548333
1635291571.485267,3617646,34509699,5387329,79230,3977657,33694069,228235587,3611388,33003671,109512,2531635
1635291571.5853899,3507559,34108088,5387249,80093,3613629,33794875,228104204,3602730,33633580,82310,2594926
1635291571.6855078,3613843,34291733,5272850,67268,3760593,33751392,228070674,3750028,33763616,84368,2442282
1635291571.785629,3661293,34785210,5400596,99552,3756971,33610856,228149022,3610681,33736113,83657,2541734
1635291571.885748,3382843,34178220,5392525,74096,3769557,33675238,228127649,3711836,32826768,83026,2616111
1635291571.985865,3732381,34381218,5314231,69203,3652709,31488662,228106035,3664927,31405821,80487,2686386
1635291572.0859869,3633923,32813595,4342632,97887,3799903,31502365,228116670,3695949,31447616,78617,2377809
1635291572.1861098,3771878,31477695,4511101,68046,3397979,31498944,228067612,3763426,31153545,77868,2509489
1635291572.2862306,3738663,31599720,4573329,76358,3663168,31496364,228122919,3800215,31478212,80475,2553167
1635291572.3863506,3813728,31938174,4553532,60641,3791105,31394430,228118096,3675834,31569302,79466,2674567
1635291572.48647,3806065,31827130,4480220,66600,3799879,31406646,228008808,3675436,31455012,77288,2706989
1635291572.5865922,3646647,31482642,4590661,73726,3739573,31512835,228024911,3687150,31318014,78588,2712099
1635291572.6867106,3617115,34738578,5382328,75380,3750729,33566436,228127963,3612185,33544149,85359,2629569
1635291572.7868283,3631051,34396913,5288009,77793,3750214,33810194,228129867,3761398,33625934,92478,2571711
1635291572.8869455,3558675,33696994,228067395,3738011,33741194,86360,2624881,3602667,34381664,5397460,76117
1635291572.9870636,3760461,33676983,228089746,3602684,33769715,85014,2616376,3364326,33903611,5439049,77070
1635291573.0871878,3618396,33625398,228061049,3763835,33768797,84813,2628801,3600162,34627627,5333816,72190
1635291573.2874281,3616077,34473838,5338602,75987,3767035,33694891,228122472,3711976,33720514,82355,2613747
1635291573.387549,3633698,34471651,5287347,76839,3527884,33732871,228083886,3854728,33484705,85340,2578812
1635291573.4876676,3636926,33126792,4049967,76592,3757809,33769278,228115963,3656751,33623458,88748,2603209
1635291573.5877905,3518929,34301137,5393968,75979,3694513,33819249,228125040,3637215,33535821,81072,2622060
1635291573.6879091,3636385,34583942,5344643,71964,3579234,33711729,228125694,3748713,33647937,83661,2593404
1635291573.7880268,3616088,34581237,5400735,75487,3740042,33459508,228062213,3609442,33755102,83351,2616220
1635291573.888145,3618146,34467250,5346598,78619,3751590,33584172,228038740,3764908,33627763,84512,2586828
1635291573.9882634,3514024,33600540,228067118,3772059,33639489,81740,2614144,3569242,34612503,5488057,77415
1635291574.0883877,3740008,33578865,228085364,3601324,33612033,83307,2613664,3312342,34396024,5459123,78934
1635291574.1885083,3594803,33643262,228045516,3757490,33608787,84945,2631990,3620941,34647369,5308425,74375
1635291574.3887463,3619131,34481616,5389484,78359,3763116,33721718,228180211,3664585,33687635,82649,2594370
1635291574.4888647,3625223,34403295,5314981,75973,3612377,33579266,228029163,3911367,33679964,84158,2544317
1635291574.5889843,3612777,34552371,5392845,76060,3765424,33588939,228116522,3532949,33657587,84660,2625423
1635291574.6891048,3501740,34262574,5434472,76421,3646206,33723595,228121862,3709409,33533411,83062,2578808
1635291574.7892232,3596404,34815043,5398053,76341,3655064,33641404,228146677,3773726,33626098,82355,2597609
1635291574.8893423,3602217,34905217,5400166,75817,3755394,33602851,228126103,3617751,33584794,83049,2615630
1635291574.9894595,3616673,34617560,5342068,78770,3766869,33748736,228057259,3764838,32887334,81961,2627422
1635291575.089577,3533924,33625205,228080922,3760488,33612664,85631,2549635,3536199,34016495,5347701,77039
1635291575.1896942,3765273,33563346,228059479,3603747,33701211,84960,2622145,3458451,34402853,5409242,75492
1635291575.2898164,3614607,33562440,228123999,3766440,33794978,86905,2624267,3631062,34617785,5258931,71234
1635291575.490074,3615161,34748351,5420860,69975,3781647,33689616,228138412,3734786,33603854,83843,2608378
1635291575.590194,3633350,34508626,5300388,76090,3539078,33583623,228083690,3804352,33565694,87983,2601721
1635291575.6903117,3632299,34587302,5372757,79274,3758386,33783614,228086355,3751522,33672981,82698,2598506
1635291575.79043,3531988,34088869,5361836,77002,3615774,33610504,228164479,3530417,33662695,81882,2629390
1635291575.8905482,3586941,34424139,5335082,73226,3717916,33797801,228113777,3764543,33740437,83696,2619722
1635291575.9906669,3602991,34633382,5388919,76434,3820444,33718424,228280338,3606385,33827337,82397,2627391
1635291576.0907886,3617612,34430707,5320445,78447,3762443,33662459,228052140,3753338,33635404,83610,2572377
1635291576.190909,3531629,33518751,228108522,3756621,33467997,81561,2574898,3522289,34464715,5571049,77174
1635291576.2910275,3761622,33634675,228100146,3599200,33412766,81601,2630970,3419057,33548514,5327085,75590
1635291576.3911455,3602155,33610743,228130817,3757485,33447925,83732,2621173,3701848,35031752,5307853,66744
1635291576.5913877,3601403,34485155,5374151,74737,3753380,33580944,228038328,3697597,33483190,82484,2596543
1635291576.6915095,3598050,34331578,5295463,77633,3531756,33414283,228119294,3681971,33529270,90644,2605914
1635291576.791628,3612203,34478107,5343623,77317,3745321,33470459,227974106,3743933,33672552,81757,2523319
1635291576.8917458,3533753,34104250,5383537,76887,3619403,33322068,228011557,3508099,33603182,81044,2613103
1635291576.9918635,3609731,33916870,4731100,75029,3612362,33638265,227962012,3849281,33587093,83315,2368619
1635291577.0919847,3623864,34713705,5374756,77887,3368348,33652714,228164242,3756532,33594237,82063,2614954
1635291577.1921089,3500343,34269002,5274259,65737,3770726,33670440,228126302,3606682,33517266,81740,2608291
1635291577.292229,3612879,33684661,228142274,3753188,33621973,85231,2506163,3549794,34437844,5531193,62780
1635291577.3923476,3773161,33965244,228086553,3613558,33739508,81506,2629130,3418221,33460245,5326305,70136
1635291577.4924667,3690671,33634030,228037901,3762139,33627630,84158,2396996,3911904,34906228,5264577,71941
1635291577.692707,3604001,34616243,5393545,74827,3764636,33648951,228196509,3630822,33514981,86912,2618923
1635291577.792826,3514113,34240701,5264099,58731,3563378,33642917,228100336,3702935,33690352,87796,2628339
1635291577.8929439,3637549,34757696,5374948,76529,3688709,33554674,227609438,3705370,33730801,87759,2578467
1635291577.9930632,3527275,35054493,5134622,97003,3650385,33061255,227184526,3658827,33534820,81319,2530899
1635291578.0931818,3515661,34092379,5267412,120031,3644685,32947031,227284225,3649454,33206551,77464,2543584
