1635341870.5671854,9348366,73170381,918754465,11475812,77749294,193638,7389521,11092590,73108375,4818638,242285
1635341870.717566,7755571,68722275,909756153,8921759,81501730,250390,6968544,11173381,69909794,4873011,267945
1635341870.8176973,7837462,73283198,909878449,7754480,74137693,191184,6590720,9426212,68552099,8143674,277092
1635341870.9178205,7748890,74393347,909457322,7823606,72595137,186997,6142356,9896783,70424548,8070640,257215
1635341871.0179572,8190592,79145597,909963365,8846019,81701590,220562,7394484,10740768,84991115,11122605,279884
1635341871.1180832,8531412,80098156,910431976,8869291,82877726,219480,7678696,11811750,86175089,11299736,310500
1635341871.2182152,8861096,83265254,910467738,9054848,82911814,211102,7562581,12421692,83080829,9701376,315726
1635341871.318342,9061962,84277957,911176842,8974334,83617566,229359,7839291,10432088,84048558,11367090,328276
1635341871.4184656,9039895,82689614,910908406,8834596,81674005,206653,7449659,9988427,85219591,11736619,342147
1635341871.5185971,8598372,75447487,910339636,8880771,82628755,220972,7540596,10438514,83246305,10461204,371372
1635341871.618743,6212988,62403547,909162149,7326499,75298652,215329,7680705,12043938,73193637,5202502,301698
1635341871.7188807,6774351,59778965,909473592,6743856,66099461,172134,6088280,9165443,59133498,5016828,281607
1635341871.8190033,6272185,57199032,910078641,6537244,58545058,151541,5825400,8695912,56977442,4461751,278082
1635341871.919126,6087090,57167230,909337521,6406258,59018474,154384,5561564,8476697,55375722,4929210,285781
1635341872.0192487,6304764,59068136,910037390,6098593,56413452,153906,5064767,9025486,58633693,5122581,273410
1635341872.1193702,6177782,57049102,909698398,6300457,57385772,151343,5736824,9164687,58262580,4774585,263895
1635341872.2194927,5830599,57683868,911962272,6360392,58849641,157534,6119836,8797048,56646359,4879618,257322
1635341872.319614,6489585,58347260,912386094,6069807,56117036,157291,5991205,8667482,57687497,5033069,273910
1635341872.4197364,6635050,58526206,911388255,6299988,57590866,153958,5394064,9204521,58572696,4538968,302090
1635341872.519858,6208636,57437839,912246856,6372711,58182693,153249,5216981,8402038,55010652,4744499,280762
1635341872.620018,5913319,54222707,911222527,6040116,54635635,166634,4909495,9155560,57925137,5142619,270355
1635341872.720146,5894889,58466331,910049866,6133624,57491015,160757,5876009,9373526,60181663,4835113,275027
1635341872.820268,6666872,59600618,910542208,6327835,57875327,152927,5781239,8715127,56386983,4797994,274322
1635341872.920391,6380192,54178941,910387826,6347413,60025678,161111,5980522,9149884,58814717,4489235,285156
1635341873.0205128,6065973,57222399,910337909,6317167,56235709,155584,5458223,8535804,55740364,4906158,285810
1635341873.1206405,6174952,57932245,912463180,6318107,57382963,154416,5350977,8801601,56519360,5095692,262305
1635341873.2207718,5811629,57444750,910242911,6374378,58804140,159848,5976531,9372452,59152680,4356221,273767
1635341873.3208978,6222664,56105541,910250791,6091428,56104730,154656,6026392,8932411,54774034,4765406,248872
1635341873.4210203,6699491,60764430,911418298,6382877,57395604,154779,5785651,8087340,56396822,4816545,304932
1635341873.5211413,6423730,57292132,913388703,6401386,58168825,156448,5388352,8869390,56659051,4753565,294328
1635341873.6212604,6129066,56447185,914055231,6172972,56366501,140403,5221588,9060911,57785670,4776787,290850
1635341873.7213788,6031820,55595916,913502535,6233992,54125836,151578,4555821,8965070,58050669,5199418,276742
1635341873.821498,5639351,57595442,914685389,6123447,57279475,164231,6439276,9145693,59134412,4871120,266817
1635341873.9216166,6507112,58245373,912833970,6127379,58149009,157862,6377732,8971230,57708652,4787070,277456
1635341874.0217361,6563243,56717758,914696458,6256820,58414098,153833,5978025,8977937,57653345,4417868,302361
1635341874.1218548,4898581,50151318,914695727,5433774,45403677,113085,4372726,6465740,43811576,4003832,289339
1635341874.221973,5237406,48009171,912820309,5350149,48248730,114212,4875197,7326220,46193981,4450429,280021
1635341874.322092,5038915,46677685,913465505,4892874,45776256,114016,5012719,7429139,48757349,4053001,280224
1635341874.4222128,5060088,46606844,913650655,5067671,47406404,118145,5074708,6970560,44997282,3932999,215919
1635341874.522333,5302522,47672343,912682020,4999236,47441623,125763,5429923,6861136,43754867,3540915,303059
1635341874.6224527,5295051,47213556,913608834,5116795,47287725,118854,4946154,7267474,47082748,4208051,295423
1635341874.7225718,5470356,49599298,911930841,5030756,46158100,112037,4651353,7166870,49622051,4439184,299988
1635341874.82269,4697824,45106210,912313458,5223441,46783278,118973,3766152,7469497,47567003,4350508,267001
1635341874.922809,4474268,46545260,913039350,5277129,47141718,116841,6078623,7725301,50448424,3983645,261767
1635341875.0229268,5494170,49624165,912311456,5046492,48569027,124017,5046901,7208248,47429231,4113777,305504
1635341875.1230445,5252259,46922392,914806572,5277102,47582961,118549,5286218,6998771,48136836,4067942,293260
1635341875.2231631,5089822,45164146,912458871,5285036,49883895,118878,5138584,6974032,46782975,4404014,284353
1635341875.3232844,4603266,45207502,912517797,5277941,48919540,122816,5033339,7713330,48708916,4359965,268151
1635341875.4234028,5386396,49716825,912032713,5135800,47078050,116229,4414928,6908006,46710032,4038235,260952
1635341875.5235224,5008257,47745394,912737163,5512137,49568896,116300,5409456,7067559,47953896,4013921,199202
1635341875.6236403,5267591,46540281,911718175,4921397,46603544,113276,5506952,7564091,48717285,3734303,295296
1635341875.723759,5169316,45709036,911705333,5107873,47060854,117257,5173157,5758962,45333370,4784449,291673
1635341875.823879,5123644,48567024,911785441,5260348,47394422,113937,4560378,7917433,48725783,3743326,282920
1635341875.923997,4610116,44568148,911593054,5062783,45841771,112519,3757245,7057107,46644440,4160673,263954
1635341876.0241158,4967691,46294237,911872251,5109732,46418088,109096,5858227,7863977,50946895,4334442,270299
1635341876.1242335,5277765,47862653,913665728,5061133,47428187,114949,5067737,6959669,45315554,3866050,301062
1635341876.224352,5258076,47271869,911642307,5075000,48391196,123762,5232238,6833038,45936492,3740305,305323
1635341876.3244703,5160399,45668684,911408751,4942028,47028170,110684,4641563,7073602,45493198,4043633,300492
1635341876.4245882,4902031,44661303,910693864,5230945,46890488,109975,4593467,6805212,45666289,4541430,275996
1635341876.524708,4737821,47140729,912149460,5153251,49099205,119362,4853282,7611609,49576402,4168756,264609
1635341876.6248276,5075854,45441987,910632157,5017939,47235151,118192,5399080,7261656,47240571,3811154,304452
1635341876.7249465,5362473,48069722,910702282,5057348,46362845,112864,5073242,6907021,44284588,2948207,364444
1635341876.825065,5158621,46054342,911449145,5176466,48351233,119390,5073506,6385765,41139192,4294923,294503
1635341876.9251835,4793030,44208739,910958087,5099547,48510045,119644,5281881,7177650,50648798,4340521,292075
1635341877.0253022,5083759,47636709,910756048,5078165,46026264,107724,3425527,7651971,49793246,4278370,286458
1635341877.125421,5762163,54407620,912769785,5209529,47201724,115236,5501386,7355662,47787153,3525896,292463
1635341877.2255409,5061383,46072578,913326082,4961473,45733039,116273,5321274,7589439,50070553,4465198,287022
1635341877.3256593,5236055,47501706,912561463,4995129,48484494,120063,5211644,7236329,47156084,3448948,313043
1635341877.4257782,5067767,48202218,911619300,5340328,47858766,113213,4826494,6660655,44814744,3998738,299841
1635341877.5258975,4824524,41488233,911350863,5156360,48017156,112353,4521864,6949453,48947242,4550009,280236
1635341877.6260157,3850679,45506178,911361780,5009812,45153004,114952,4924822,7472612,49450266,4261283,299518
1635341877.7261343,5442685,47051742,910707253,5004214,46310574,112739,5226324,6950982,45152459,4151216,245287
1635341877.8262527,5183098,47385012,911941272,5179526,47835181,112081,5112599,7029210,46712036,3165053,307559
1635341877.926371,5270164,46347688,911628287,5088163,46412545,113605,4609144,7487360,46206328,4580621,301707
1635341878.026489,5227845,47385475,911204999,5271215,47724242,113512,4475934,5956568,49457603,4843067,304381
1635341878.1266077,4841542,44874866,911350217,5271450,48781958,114775,4034256,7665160,51902496,4607226,280816
1635341878.226728,4742476,45217543,914070362,5144395,48686167,110312,5381908,7478541,49117951,4192812,294670
1635341878.3268461,5250336,47721708,911987869,5009317,44125969,108898,4847410,7234307,47211906,4193943,310029
1635341878.4269643,5177842,45523434,912020064,4944439,47260339,119588,5117050,7154794,48171833,3858466,299726
1635341878.5270827,4940570,46005516,910825963,5075435,47842257,112502,4900741,6953812,47296983,4120959,287077
1635341878.6272008,4845486,42380930,910380580,5383249,50234934,116667,5117160,7071845,45977780,4076747,287865
1635341878.7273188,4461846,46961945,911650923,5333908,46934440,108566,5299097,7268463,48081596,4084171,287860
1635341878.8274372,5117061,47619154,910928534,5154744,46066237,108678,5131164,7316894,48417712,4267643,306351
1635341878.9275546,5432967,46370789,911698405,5054419,47609107,112509,5091264,7488400,47966705,3453977,329183
1635341879.0276725,5233515,49289314,911305807,5314993,46431079,108181,4721501,6984922,44491315,3714678,306652
1635341879.1277907,5284464,47420844,911538810,5053886,47050467,114925,5020966,6881296,44231630,4480439,298836
1635341879.2279081,4744291,43582135,912861086,5135622,47213434,114828,4576388,7535927,51327101,4239807,283768
1635341879.3280272,4990072,47628468,911603073,5019668,45761403,113092,5065696,7444184,48284206,4151398,296847
1635341879.4281473,5397030,49683969,910555802,5324210,47743446,109340,5180720,7049741,46700332,3960762,297847
1635341879.5282655,5443216,46433988,910913004,4903699,44861227,110570,5190725,7205901,47233160,4032373,309028
1635341879.6283836,5092266,46431510,911168475,4906484,45993246,115967,5302586,7058522,45576818,4166574,294927
1635341879.728502,4976445,46161678,912002899,5077393,48500622,117688,4924563,7282405,49162397,4482888,287640
1635341879.82862,4611073,43812689,910947109,5521862,51311065,113042,4937989,7226550,48466804,4077128,280714
1635341879.9287384,5168172,49986942,911078502,5271625,45448015,105937,4768182,7179188,48593779,4241881,329354
1635341880.0288563,5239600,46303612,911588464,5024341,46018997,111216,5228699,7322374,49474414,3841573,295072
1635341880.128975,4881758,47461150,911703335,5235406,47517076,110479,4939431,6824351,44447450,3297684,287485
1635341880.229093,5155486,46993066,913283010,5275952,46884419,109537,4865563,7335800,44996543,5041315,298207
1635341880.3292115,5042622,47553062,910928926,6220574,59146158,157366,5856775,8978254,55763991,4027947,309258
1635341880.4293296,6299240,57950165,912561897,6479353,59977805,168323,5528195,9234999,57581150,4978669,323139
1635341880.529448,6113214,57980482,912184569,6388700,60371284,169478,5570564,8962763,59759302,5418862,316622
1635341880.6295671,6385157,60001286,911560233,6618472,60376298,153466,5870815,9533734,62093235,4493263,311273
1635341880.7296863,6666100,61145176,912036761,6634018,59826425,147669,6037556,9954088,60004648,4502182,313729
1635341880.8298047,6788518,61833859,911903489,6489235,58403471,156221,6234404,9006908,57234531,5056958,316558
1635341880.9299226,6405058,59227514,911700972,6465577,58392248,160109,5522417,8767604,58753858,4887012,309640
1635341881.0300117,6160687,58802762,912391149,6429809,59296544,158538,5869673,9127575,58587078,5130826,307165
1635341881.1301305,6415805,58840718,912267630,6454295,59221755,159260,6023432,9609186,61629648,4728807,312346
1635341881.230249,6531149,58950571,914579671,6425077,58882241,158002,6139271,10081697,61314125,4524785,320663
1635341881.3303678,6505561,61700817,912994485,6543632,59860985,160783,6028491,9087711,58862639,4925771,311659
1635341881.430486,6769573,60104618,912181764,6490434,59940384,163740,5585899,9080147,59977635,4879102,320583
1635341881.5306044,6333433,58583581,912468078,6802103,61566301,162432,5561432,9771737,59635072,4668878,305937
1635341881.630729,6145650,58568777,912811047,6489078,60454387,168443,5994111,9157800,58358412,5401371,304208
1635341881.7308517,6340615,59696432,912588416,6589924,61534826,171617,6238053,8752876,59612765,4522590,291069
1635341881.8309705,6536498,55364913,910982679,4999740,50380464,144047,5924627,10079062,61619192,4558410,308528
1635341881.9310908,5839083,53482353,911341376,5717107,47334703,105754,4899115,7576800,46997573,3296427,316177
1635341882.0312135,5958643,47943066,911358723,5299040,49219201,119479,5095777,7702059,49011082,4690597,345755
1635341882.1313386,4718953,46774018,911395113,5134668,45703660,117372,5026602,7985333,50705635,4231513,293057
1635341882.2314599,5395865,49537546,913744503,5099922,49258562,120167,4840931,7574791,49174961,4729825,290520
1635341882.3315847,5652325,51775371,911264069,5459293,48457639,116682,5380911,7854585,54113062,4409949,297689
1635341882.4317074,5339241,48405646,911850428,5371689,50518816,123530,5798237,7568345,49046653,3847731,303660
1635341882.5318286,5216065,50311819,911676578,5314723,49643635,123766,5054670,7513105,48127606,4150194,319689
1635341882.631958,5485546,49909300,911638198,5622028,49135111,117202,5035810,7384812,48993880,3950855,333185
1635341882.7320843,4757554,46997826,911797103,5419360,49577465,126151,5034466,7607144,47182130,3774352,289851
1635341882.832206,5036683,48467534,910667276,5336471,50037244,134362,5358440,8190876,51550979,5232786,291839
1635341882.9323277,5340892,49173051,911888412,5370954,50394241,124549,5943559,7953595,55315243,4082014,291291
1635341883.0324492,5970466,54299385,911534876,5564634,50478287,117643,5758048,7487056,46859413,3148501,315717
1635341883.132572,5893904,49291943,910953609,5367828,46896682,115902,4253894,7469089,46368854,4111228,326861
1635341883.2326949,4818544,46406289,909543929,5246870,49101580,122830,5070574,7761134,49524165,3636875,292153
1635341883.3328173,5053793,49926116,911999371,5235508,48413414,122327,5048973,7564605,49226126,4856809,276415
1635341883.4329388,5653279,49549929,911897721,5051913,48624495,123918,5586198,7885959,52971680,3832980,295558
1635341883.5330606,5413204,48445324,911268835,5294360,48713978,119362,5755903,7624334,50833233,3883145,321851
1635341883.6331892,5632789,49005476,911274218,5412278,49424836,123841,5149426,7689517,47858455,4949052,328760
1635341883.7333138,5265375,47706553,911258561,5344402,49141984,118108,4558237,7507397,51056663,4038620,350126
1635341883.8334343,4804778,47216326,911829336,5320127,48901553,122816,5109361,7631845,48525291,4225478,289641
1635341883.9335568,4949518,48159727,911344813,5278072,48936180,122860,5580879,7398698,49327404,4424308,284927
1635341884.0336807,5313881,49610540,911649105,5384223,50687176,135996,5773478,7599390,48323747,3606289,301111
1635341884.1338022,5974142,53477372,911019779,5469796,50931412,117648,6035078,7908108,49493795,3414828,321699
1635341884.2339242,5795765,47414822,911552568,5636230,48628765,119511,4187426,7424836,45482487,4258430,328850
1635341884.3340452,4914703,46933861,911397450,5268529,48229999,126914,4904169,7540463,48482178,4206219,300415
1635341884.4341664,5041620,52709871,911614220,5268814,45384758,118775,4714635,7299352,49155280,5147450,280434
1635341884.5342884,5705493,50443158,910904994,5143453,48419954,118046,5291988,7707431,53066120,3956619,284438
1635341884.6344173,5496072,47316163,911022670,5137838,47418787,121815,5568671,7667801,48174335,3604846,324406
1635341884.7345417,5875268,47348403,910798471,5205409,48009128,119500,5051459,7341009,45203669,4606133,350368
1635341884.8346622,5339138,49809994,910576629,5414944,49258428,119758,4627544,7546212,51743350,4433061,390748
1635341884.934784,4769093,46448873,910964853,5416367,49336907,119558,4970577,7646743,51002932,3861401,267552
1635341885.0349057,5044832,49847823,911009492,5417689,48375372,119199,5471272,7742928,49950519,2982891,277168
1635341885.135028,5496662,51107466,910699649,5527358,50752367,129290,6340456,7546553,46836997,3773136,293463
1635341885.2351499,5803339,51431592,912648778,5441664,50951063,128155,6276195,7815384,48670623,3434195,321185
1635341885.3352726,5876349,47760394,911675062,5423482,50123330,118975,4507371,7362076,45947614,4236751,341698
1635341885.4854622,4886891,46491775,911417194,5524871,48474907,118475,4629643,7631560,50027003,4357942,305963
1635341885.5855882,5149594,51217532,911306378,5260799,47372446,122773,4890260,7374448,47703069,4794112,280018
1635341885.6857224,5476749,50243838,912114783,5144347,47645125,126543,5840183,7949248,53440406,3693566,300052
1635341885.7858455,5967055,49607948,910909279,5064386,48196124,119747,5357235,7474016,47818385,3351121,330109
1635341885.885967,5582553,45762889,910862922,5357880,49892906,118247,5145267,7299458,45290498,3482254,349063
1635341885.986088,5063648,47282342,910537493,5409112,49289919,118956,4819724,7389266,50398800,5399041,421000
1635341886.0862095,5053795,48183701,911890358,5505832,50167000,122235,5065356,7612451,52617374,4607514,310380
1635341886.1863315,5066254,48575433,911441566,5431320,50996173,126943,5617361,8100935,52777721,3016779,280366
1635341886.286452,5581832,51336936,913108064,5465614,50533168,123345,6201615,7723420,46563667,3748475,297029
1635341886.3865733,6087351,54510058,911444099,5573337,51265932,131442,6218879,8417006,47776758,3469623,333809
1635341886.4866958,5603719,48078593,912001413,5496583,51634796,122003,4376388,7885824,48904102,4323289,344182
1635341886.5868175,5039002,46914065,911485011,5688448,50894343,113693,4831401,7749975,49843767,4356222,307033
1635341886.6869502,5271025,50963868,911566641,5481225,48943099,118684,5072261,7862072,51306715,5288377,286961
1635341886.7870717,5692878,53544812,911360043,5425043,48989128,126973,5719943,8164474,54435420,3939376,300880
1635341886.887192,6415656,52171220,913267902,5181626,50179911,123839,5932093,8092605,49555982,3392650,338274
1635341886.9873126,5804830,47203024,911424749,5521850,51024424,123034,5173603,7480937,46182181,4302078,368171
1635341887.0874338,5243076,50197105,911787331,5605763,50932554,123483,4827465,7750915,50422255,5145305,401259
1635341887.1875553,4850769,46543724,911949383,5413551,49958145,122414,4970236,8116310,55204045,5636111,268978
1635341887.2876766,5232848,50609503,913567939,5525953,50607763,124588,5591188,7974935,55024492,3116337,299986
1635341887.3877978,5586019,51818608,912395801,5454674,49543549,125457,6238340,7971818,46390312,2304032,298311
1635341887.487919,5978154,51666833,912209344,5463972,51662042,130519,6027818,7806333,48167658,2656889,329631
1635341887.5880413,5838948,50879973,911196113,5654802,53125602,129954,4707713,7815961,47786071,4108872,339629
1635341887.6881719,5009842,48217992,910478175,5682033,51240773,116059,4680666,7652754,49031631,4209346,318937
1635341887.7882946,5311566,50600663,911131032,5591473,51081090,125011,5004249,7801642,50760196,5388524,290753
1635341887.888416,5617491,52006127,910853227,5359743,48779921,124943,5593251,7962786,53702014,3806058,300654
1635341887.9885375,6230214,58153330,910600216,5356951,48733755,122292,5436552,7890585,48936201,3373978,329698
1635341888.0886605,6389468,48442453,910527896,5462261,51498272,124449,5287157,7703545,47093865,4149112,350500
1635341888.188783,4819246,46318735,910671528,5417878,49661105,121176,4848827,7788781,50094574,4878197,381414
1635341888.2889035,5225010,49987392,912024012,5492687,49618516,125143,5172963,7825785,52796198,6496698,296196
1635341888.3890247,5212545,51112694,910483278,5638441,51199654,123816,5606347,7923075,59114496,3634459,319346
1635341888.4891467,5577468,50632409,910857727,5327768,49251741,125457,5618758,7920074,47769351,2915020,317087
1635341888.5892682,5940872,53033941,910436514,5479103,51088611,130911,5943817,7858509,45124447,3381223,322565
1635341888.6894014,6073409,49211502,910739241,5393948,51214085,131987,4313834,7640108,46353236,4146387,357460
1635341888.789524,5147855,48859134,911978180,5442369,51472002,125263,4856730,8063710,50133879,4433834,305024
1635341888.8896453,5237647,50426036,910078948,5783112,50700237,114971,5096432,7920418,51889016,5108105,295918
1635341888.9897673,5476733,51375096,909879551,5492433,49223137,122724,5761889,7629295,51236072,3641420,293291
1635341889.0898895,6373732,58855231,910253432,5472488,49216772,125374,5739249,8013140,49480406,3468467,328001
1635341889.1900158,6854186,47975029,909982699,5153741,49537898,126920,4945386,7587495,46198246,4185773,341947
1635341889.2901368,4904848,47391217,912955898,5434533,50627835,129150,4828551,7835677,50147504,4650092,361867
1635341889.3902595,5017014,48918409,911070290,5586285,50914616,127204,5077530,7644554,49860375,5970379,291218
1635341889.4903817,5395585,50559042,910903279,5407955,49386511,120943,5656099,7853719,57017810,4260542,286877
1635341889.5905025,5444406,50375172,910963344,5359574,49767643,126253,6236460,7487915,49797509,3006142,291214
1635341889.6906328,5900858,52481671,910843089,5542511,51235676,122983,5673308,7507717,43687661,3430830,306593
1635341889.790754,5826437,49813162,910723759,5412930,48957748,124786,4844058,7923593,48453029,3840724,313681
1635341889.8908749,5043138,47457586,911200812,5546496,53014807,128297,4680143,7647487,48741595,4529875,296446
1635341889.9909956,5195022,49428237,909975492,5632068,52490968,121215,5164662,7839477,50703282,5107395,277591
1635341890.0911164,5529781,50942960,910139236,5651014,50039101,122098,5593601,7891058,52379425,3779061,286485
1635341890.191238,6012079,54332657,910038707,5334897,47792225,126451,5599206,7869922,49709934,3497398,316140
1635341890.2913597,6233459,51620731,910891713,5477847,50016676,129559,5299872,7792453,47027571,4109939,329741
1635341890.3914819,5167627,45660348,910186924,5352520,50728868,124345,4767261,7954724,50340476,4327152,317040
1635341890.491603,5093407,49581472,909974660,5508517,49371754,120759,4703041,7556544,50769142,5852266,306306
1635341890.5917244,5361762,48218216,910532904,5537997,50124012,126157,5419330,7898781,56369374,5259238,279370
1635341890.691857,5255654,50802541,911032806,5543599,50136986,122131,5644663,7663865,50339887,2793703,298054
1635341890.7919788,6055404,53756001,910567170,5572013,49775893,117624,5143742,7795876,46316449,4002713,306974
1635341890.8920996,5919946,49878097,911029309,5463526,50410927,126304,4913975,7626627,49125194,3582345,331127
1635341890.9922214,5062124,48132476,910954528,5528264,52088831,137125,4913406,7876492,48137857,4435614,290409
1635341891.092343,5427905,52197508,911743670,5770129,53677140,123824,4908701,7566407,49093027,4972167,284985
1635341891.192464,5655351,51440597,911720471,5661179,48951058,116025,5460014,7778961,52703188,3953904,297733
1635341891.2925873,5964320,53520431,913909733,5492061,48525998,124876,5741123,7839860,49640374,3554850,326101
1635341891.392708,5869136,52751208,912895726,5508174,48290726,126667,5457441,7797164,47734273,3383818,326753
1635341891.4928293,5533444,50204263,912235053,5393068,50644866,133968,5351529,8865918,50609755,4957006,307632
1635341891.5929542,5679336,55215971,912728814,5871365,53521394,135500,5880996,7441577,53544788,6622817,318278
1635341891.6930919,5667769,50309599,912372566,5785655,54976429,134807,6089661,8039576,53823418,4976280,296165
1635341891.7932136,5337466,49740426,911950776,5555866,51003644,125477,5738783,7714653,52392218,3676235,315600
1635341891.8933353,5848408,54317651,912437593,5409238,48750970,120824,5363870,7819935,47640293,3915028,323923
1635341891.9934561,5720076,48041534,911630146,5493740,50795517,128507,4691130,7845775,50000379,3708308,313080
1635341892.0935774,5067803,48434242,911864766,5475159,50446254,128594,5250297,7611228,47625374,4019174,300598
1635341892.193699,5159351,50119784,912115994,5593832,51180684,124901,5279971,7818580,49284872,5012281,282053
1635341892.29382,5588523,51248975,914195337,5781248,52527632,118582,5385876,9033022,51797593,3781238,290290
1635341892.393941,5923250,54139125,912580800,6019575,52541429,118188,5377459,7760345,48750854,3324924,308919
1635341892.4940624,5836393,51907483,912352226,5616642,50160413,127976,5303333,7751973,47601596,4034960,320429
1635341892.5941832,5031814,48230886,911985360,5188660,47441978,122531,4837076,7832917,50386012,3642307,302905
1635341892.6943145,5306911,49851676,912012370,5247314,49428468,122342,5008811,7822420,51028797,5141023,298181
1635341892.7944365,5368710,49186783,912286390,5698142,51661345,123290,5638610,7842592,52681197,4143341,293803
1635341892.8945575,5452254,48596554,912202961,5587799,50373073,125992,6039340,7804043,50462308,4139247,314601
1635341892.9946778,5671431,54666890,910717529,5588035,49721155,125974,5075421,7923157,51704171,4457198,336297
1635341893.0948002,5886389,50243586,912078791,5650344,51820846,128410,5081234,7600130,49237271,3839891,293442
1635341893.1949224,4960659,48128666,912000358,5639032,50855010,122585,5241030,7954327,50081565,3637522,291618
1635341893.2950456,5308134,51145599,914303255,5589062,51322727,133993,5354454,7875656,49790795,5056785,289817
1635341893.3951657,5541565,50295400,912902463,5658123,53439722,123381,5537014,8126930,54638523,4100300,292243
1635341893.4952884,6121461,53436591,912109540,5869410,53623938,124280,5475956,7832244,49937790,3555319,323889
1635341893.5954099,5954604,51147428,912108511,5611126,50370312,122568,4831903,7989121,48887245,4329821,314123
1635341893.695541,4971915,49076676,911629513,5394632,49194619,127425,4853871,7762624,49679546,4435760,287245
1635341893.7956629,5400091,51309662,912307104,5283162,50174891,131289,5202585,7790094,51209479,5036945,285249
1635341893.8957846,5578814,49639759,911264671,5438199,51189083,125083,5759634,8010304,53845201,4074707,297995
1635341893.9959064,5902761,52049114,911138157,5637068,51220857,124665,5821498,7853507,50323901,4174319,330566
1635341894.0960279,5692068,51568476,911265761,5636988,52615957,126991,4798412,7976581,51399087,4936849,342427
1635341894.1961486,5650634,49802817,911727117,5567418,51795585,125538,4701116,7689249,51560807,4059538,313315
1635341894.2962706,4971157,47412529,913096454,5444234,49645495,126542,5002015,7782590,49334188,3921754,277039
1635341894.3963938,5181448,49928159,911166082,5509526,50893037,132746,5822355,7700216,49668863,4555067,289254
1635341894.4965158,5662529,51327377,911615227,5559260,52455038,138155,5999195,8240032,54375477,4253518,302698
1635341894.5966372,6058676,54703561,912025989,5814547,52913468,118985,5642580,7604433,47997361,3368654,316474
1635341894.6967652,5911054,50591027,910951004,5662606,49864854,119408,4575096,7769173,47290592,4166573,322235
1635341894.796886,4995876,49532671,912353816,5631359,49713538,121274,4825478,8044079,52598515,4684374,290043
1635341894.897006,5147575,52717454,910368569,5421441,47339271,122605,5279491,7885389,51396728,5081074,277117
1635341894.997126,5840083,51660931,911962834,5358255,52003341,127330,5435282,8287051,55900941,3848042,288117
1635341895.0972462,5694163,49627597,910738720,5606870,50584747,124620,5706181,7943976,50568461,3676887,335043
1635341895.1973646,6314473,52118603,910684218,5395982,49628314,120638,5207953,7694421,48020921,4942455,335224
1635341895.2974827,5274182,48750884,911476774,5508453,51372944,126285,4703309,7661976,52715363,4264446,353951
1635341895.3976018,4956790,49195634,912453755,5636172,51163977,124254,5289047,7755497,49918950,4269456,262258
1635341895.49772,5394283,51947760,911475380,5311866,48779210,126063,5697188,7788095,51157888,4119840,293803
1635341895.5978382,5439484,50686461,911041702,5579634,52173276,136193,6329438,7971182,52816439,4175375,278417
1635341895.6979563,5957774,51577623,911933653,5401464,53289631,132187,6379222,7940543,48832591,3379611,317440
1635341895.7980747,5986936,50693646,910619165,5859096,52283562,120170,4180918,7516838,46470498,4134628,325113
1635341895.898192,4645262,45838239,911351537,5447868,49479801,126248,4835329,7525088,48912280,4401339,288180
1635341895.9983096,5009341,51141634,910513729,5196464,45583461,119060,4895332,7685164,49011713,4824923,257887
1635341896.098428,5909622,54505157,911648804,5202848,48171864,121920,5434555,7326588,51467448,4070008,291333
1635341896.1985457,5836919,50169413,910793276,5178189,47494313,117363,5649383,7402693,48155642,3461420,318803
1635341896.2986639,5810109,47704448,910570737,5243518,47834238,120084,4694401,7377373,47214691,4786692,347978
1635341896.398782,5080283,47520456,912291755,5288172,48203782,120240,4486568,7344548,49654704,4631559,317935
1635341896.4989002,4723937,47716808,911497077,5349935,47648219,116842,4802696,7522874,52660374,4818237,237345
1635341896.5990186,5058411,48920864,911114396,5309437,49861477,123065,5705611,7123052,48460409,3485507,258561
1635341896.6991365,5495117,50393850,910865390,5337977,49354914,125935,6168085,7326697,45941048,3845245,276194
1635341896.799254,5944341,51829009,910922909,5475578,51762581,127577,5896686,7224066,46349120,3286010,312459
1635341896.8993719,5759824,48034892,910989647,5540216,51431894,114665,3800172,7243189,44937846,4106842,320267
1635341896.99949,4586421,46218344,910944032,5486571,46600593,110111,4715541,7466675,48746942,4411161,286354
1635341897.0996077,4974310,49920560,912407822,5216487,48293007,123953,5085367,7611573,49329204,4837156,263647
1635341897.1997259,5758121,56140279,910571750,5277584,47255090,122340,5712793,7623292,51928733,3659689,288407
1635341897.2998438,6493843,52821200,910964840,5040550,48642376,119843,5764506,7428985,47409939,3209607,316180
1635341897.399962,5257463,44086983,912911501,5234181,47431536,115519,4988479,7506416,46195318,4425991,343512
1635341897.500076,4908928,46725000,910961558,5402928,49540717,117481,4481540,8109493,49697567,5465937,323710
1635341897.600194,4760877,46318412,910933317,5282814,48169419,117211,5043969,7809866,54598005,5405423,244119
1635341897.7003124,4840298,46729437,911499197,5143254,47831977,118691,5421631,7548883,52840795,3173368,257233
1635341897.8004305,5316321,49583455,911358135,5399836,49337229,123150,6452577,7429812,46385159,3748249,277160
1635341897.9005494,6012471,52259195,911000904,5357622,50952993,128890,6202796,7114885,45540906,3367918,320571
1635341898.000668,5686185,46866133,910896988,5352311,49852347,116254,4251484,7404936,45934836,4321418,320945
1635341898.1007864,4596767,46022187,910794017,5624112,50331587,107978,4840296,7567825,48627069,4186119,263959
1635341898.2009046,5054897,49710264,910604796,5474483,47769772,116014,4978818,7550474,49551678,3951156,272148
1635341898.3010232,5331858,52406344,910859701,5299742,47369523,121151,5612124,7486330,52220887,3712552,276529
1635341898.4011412,6318560,52102866,913409696,5105353,47672800,118370,5352461,7522150,48208656,3525288,318834
1635341898.5012598,5815954,44908287,910674275,5039256,48299550,117238,4979919,7452015,46343728,4210921,337688
1635341898.601378,4586739,45227265,911438534,5301502,48941747,118867,4293432,7309904,47882891,4715829,364812
1635341898.7014966,4618044,45339123,910920876,5290452,48437418,117435,4997521,7792421,52741845,6401644,259295
1635341898.8016143,4945266,47848506,910893076,5343812,48795810,114666,5643517,7795294,56630620,3520891,267463
1635341898.9017332,5319601,49253648,910335369,5395345,49447390,119754,6590546,7137739,44947399,2915989,281014
1635341899.0018523,6238291,55818957,911331125,5378688,48067122,118494,3350543,6835343,43368355,3355680,325741
1635341899.101971,4898563,45258390,910461489,5132509,49967155,125654,5241408,7642566,48258467,3383490,302318
1635341899.202089,5087102,48591920,911035653,5577907,49999090,115772,5120865,7535422,48694283,4398356,292969
1635341899.3022077,5302901,48682809,911719562,5236178,48388216,116072,5046483,7632269,49229942,3991450,289010
1635341899.4023268,5407199,51680913,913024993,5448500,47306809,117474,5344473,7404594,50065504,3960015,313093
1635341899.5024452,5787630,46038830,909679255,5163201,49392593,117783,5419298,7396207,47725766,4256365,305692
1635341899.6025634,4079366,49695685,911793806,5495641,49964781,125015,4581996,7451745,47696282,3323641,315945
1635341899.7026818,5002113,47275507,912174564,5365499,49609207,117213,4695232,7587300,49406988,3739883,255121
1635341899.8028,5282267,49261038,910980956,5250560,48794485,120715,5334922,7826901,52790506,4268130,294025
1635341899.902918,5305797,48316070,910979489,5332987,48982361,121282,5451605,7743231,50212332,3872117,305644
1635341900.0030365,5375782,50187086,910482741,5470342,50055362,123142,5673555,6628169,45695460,3769015,301145
1635341900.153284,5476047,49760634,911536902,5342436,48611386,123379,4721445,7341112,47508326,3150968,312115
1635341900.2534037,4948638,46365058,911593835,5267620,49770894,121620,4855210,7599793,49103595,3459648,297103
1635341900.3535218,6815269,62000716,912565864,6607375,57891463,123021,5371643,7465778,49161267,4378332,363411
1635341900.4536402,6781462,63065450,916283797,6748749,62226415,173266,6251524,9181105,60959412,4908835,316609
1635341900.5537593,6690598,60990432,914861480,6747953,63260968,174682,6006540,9467079,60241866,4690925,302817
1635341900.6538777,6596007,61356631,915705772,6777319,62096598,169432,5977508,10375484,62420947,5027795,328387
1635341900.7539973,6832855,63371185,915567536,6833727,62217942,169496,6063460,9621376,61356074,4995066,346040
1635341900.8541157,6891147,62463679,915633461,6755756,61968008,173855,6372713,9505404,60843263,5271462,335510
1635341900.954234,6758966,62510541,913444623,6702481,61890955,171201,6202898,9142549,61443419,5408235,315976
1635341901.0543525,6767861,61759857,914218454,6679504,61130777,169139,5955039,9566031,59869185,4357506,324765
1635341901.1544714,6724707,61787771,915382877,6782030,62113614,172767,6140360,9657032,62546280,4956379,322161
1635341901.2545912,6583954,61748465,914623290,6707743,62076095,172048,6128258,9592132,60724691,4629004,312797
1635341901.3547091,7019171,63938326,914863382,6724205,61238850,161578,6069879,10284423,62536444,4989165,329807
1635341901.454827,6842552,62131655,914831419,6822846,61899940,167629,5985972,9551641,60812179,5279593,322133
1635341901.5549452,6649459,60076314,913955571,6315907,59074845,185433,6198374,9136449,60494486,5024571,307565
1635341901.6550636,6758961,61690626,914187233,6690514,61393985,174892,5805766,9539507,61668516,4786766,319924
1635341901.7551816,6757316,61647923,912115893,6772572,63000929,167752,6076734,10396230,62148083,5137448,311397
1635341901.8552992,6723558,61928204,913107691,6846169,63077618,170834,6166308,9674064,61110280,5029422,304650
1635341901.9554174,6890050,62328442,914103604,6791138,62111215,168224,5996229,9714349,61646435,5272384,316682
1635341902.0555348,6643328,62650606,912498525,6801885,61588786,161927,5923877,9139516,60567120,3651848,304615
1635341902.1556525,6833831,62597122,912633765,6759824,62295370,169205,5976679,9714465,61349097,4858789,312383
1635341902.2557707,6654129,60579463,912806547,6764094,61961233,169226,6051914,10325447,62775445,5041489,319751
1635341902.3558884,6781791,63054451,913824422,6756025,61931243,168859,6018449,9188067,61379470,4949874,316596
1635341902.4560068,6884383,62339038,915519774,6702582,62325856,170023,6244978,9811482,61984089,4789126,311582
1635341902.5561244,6761098,60872683,913312557,6677560,61345099,162474,6179762,10271740,62612830,5347355,300795
1635341902.6562421,6800641,62533175,913422772,6760701,61083496,169011,6107180,9267242,61699642,5074922,316698
1635341902.75636,6582211,61687519,912363449,6769876,61687804,178792,5918738,9648193,61208686,4641852,306678
1635341902.8564777,6528404,61284258,911891504,6687063,61311708,170128,6121710,10387553,62165408,5027524,305993
1635341902.9565957,6973723,63351179,910918863,6885808,62988801,168355,6180360,9581718,61729647,5100233,326495
1635341903.0567138,6693127,61062631,912899257,6851440,61601453,168731,5982482,9585914,61089485,5272558,322660
1635341903.1568315,6633397,62180380,912653460,6868856,62491799,163772,5992754,9310049,61738058,5083796,318504
1635341903.2569494,6772666,63349520,912922284,6750742,61719664,168673,6021125,9621051,61381887,4907376,317837
1635341903.3570676,6662971,61904475,912039839,6785108,61461060,169795,5783775,10244468,61121764,5150006,314849
1635341903.457185,6617560,61927451,914717122,6775464,62261574,172685,6010319,9673196,62607006,5065964,331370
1635341903.557303,6762335,62413316,913236499,6679986,61275409,169721,6032253,9492900,62221147,4862514,334482
1635341903.657421,6848785,62625156,913851980,6878516,61989982,166172,6003948,9897817,60247842,3959438,313459
1635341903.7575412,6704470,62041513,914367579,6808466,61387011,163432,5957356,9325467,61227152,5038059,308014
1635341903.8576608,6539617,60237072,914369060,6717566,60777924,176252,5883463,9593231,61794442,4771996,312978
1635341903.957781,6704841,62619916,914015746,6751039,62429822,176389,6245598,10336189,62291054,5080713,323127
1635341904.0579011,6727140,62324008,913453382,6822467,61845872,168088,6082588,9633955,61526803,5104293,315153
1635341904.1580188,6758294,60763330,915235547,6773218,63227860,170914,6010831,9690958,62139087,5377031,302097
1635341904.2581365,6654213,62397515,915330844,6759379,61113750,169346,5874907,9145551,60923252,3541789,309804
1635341904.3582554,6626507,61252237,911625577,6764300,61591470,168060,5865699,9578436,61363521,4712060,315959
1635341904.4583755,6487922,61698099,915259007,6690172,61350287,169796,6177066,10335254,62639129,4259590,321831
1635341904.5584936,6841760,62364011,912871005,6672452,61117706,168915,5876956,9600323,61067726,5106536,315334
1635341904.6586115,7010674,62712484,912669410,6740431,62373436,172216,6017606,9118649,60624459,5104932,316638
1635341904.75873,6714609,60900716,912222142,6737335,61712870,171286,6167736,9498590,62282745,5034222,312661
1635341904.858849,6689791,61273283,913159430,6731401,61337924,161688,5922867,10044204,62493480,5129074,318936
1635341904.9589689,6704021,61462129,911114330,6741923,61707269,165252,6043673,9460481,62280556,4792823,322270
1635341905.0590882,6518863,61605356,912935309,6747355,61906524,176950,5972171,10262831,61860395,5038698,311081
1635341905.159207,6829796,62787903,912631121,6774346,62684907,172307,6240748,9765300,61978367,5070874,324679
1635341905.259326,6913789,62638575,912603344,6808184,62248274,170059,5893324,10265397,60464739,4287092,322077
1635341905.3594444,6594686,59969260,913868272,6785741,62393820,168357,5961623,9029162,59950866,4970380,313868
1635341905.4595628,6617648,59959506,914885122,6733558,62057095,169862,6336437,9644363,60725659,4725906,316360
1635341905.5596807,6753161,61530558,913774814,6666675,61466539,167505,5976422,11417507,60843517,4206366,321312
1635341905.6597993,6633312,61454054,913095861,6770587,62276557,169910,6019520,9616521,60737381,5169291,306891
1635341905.7599192,6849520,62584248,912739745,6737175,61625705,171143,6436767,9575216,61385249,5344402,318297
1635341905.8600082,6734859,61295806,912327803,6742730,61884594,168588,6082700,8611029,60193372,4679339,303425
1635341905.9601266,6797136,62296809,912479322,6780863,61795001,166318,6007678,10965491,62681217,5121291,320458
1635341906.0602453,6552614,60131241,912444378,6817342,62040107,161628,5897162,9503298,60768078,4727478,317871
1635341906.1603644,6617593,61155760,912839280,6648256,60606443,171250,6430659,10335978,62296280,5090969,331747
1635341906.2604833,6838218,62404209,912762094,6746244,62578873,176479,5780816,9533978,61433881,5115601,315740
1635341906.3606029,6685746,60744199,912752270,6716922,62403874,168612,6196591,9551132,61717989,5316238,314449
1635341906.4607208,6761858,60911073,914152603,6727596,63154016,169322,6244482,9298171,61324391,5034558,317917
1635341906.560839,6548690,60715106,911344974,6748689,61523902,173502,6331261,9694776,61691597,4662001,316257
1635341906.6609569,6674317,62349802,913316349,6810582,62863977,170249,6237720,10280725,61424533,4997910,317821
1635341906.7610748,6675791,62112250,913202152,6756547,61850091,170849,6077010,9719174,61762111,5274972,328806
1635341906.8611937,6867917,62749579,912475686,6742294,61613176,169442,5928402,9479274,60575427,5528134,328474
1635341906.961315,6858793,62345638,912153297,6801328,62058527,170977,6182246,8526707,59784842,4627949,325057
1635341907.0614343,6684303,60940729,912739966,6704865,61801586,168972,6084506,10353428,61878623,4997357,310349
1635341907.1615543,6674894,60566473,911948490,6676469,61516892,162105,5911617,9955396,62404384,4815018,314676
1635341907.2616727,6681171,62644538,912952855,6838354,61800209,167166,6691505,10102133,61237426,5004394,323171
1635341907.3618202,6797470,61473852,915359008,6687172,61729845,180024,6297514,9349317,59951539,4923625,298003
1635341907.4619527,6822291,61664107,914727491,6618577,61330305,176165,6391622,9622050,61085898,5254200,308580
1635341907.562074,6867541,62818087,914450593,6749831,61860621,169028,6023334,8971301,60210902,5015113,326592
1635341907.6621933,6590964,60251177,915055302,6853073,62997936,169048,6081022,9581599,61245689,4715905,315846
1635341907.762312,6633721,63019487,914680148,6765324,62092504,167715,6225561,10313380,61975953,5031896,318412
1635341907.8624306,6917842,62578932,914411112,6691309,61373515,167577,5891917,9550380,61122700,5128963,314905
1635341907.9625494,6884119,62197895,913075695,6753452,62620317,167539,5910626,9498713,60827891,5560152,327297
1635341908.062668,6685638,61084952,914036067,6703051,61114238,163116,6132145,9040879,60161452,4996557,308304
1635341908.1627867,6808501,62186762,915717267,6644764,61253400,166806,6044743,10527706,58882090,4589467,321400
1635341908.262905,6701314,60775930,914256909,6662128,61664127,167169,5886494,12327589,60668090,4679279,321572
1635341908.3630233,6527735,60664796,911097390,6677312,61830920,160950,6285764,10121640,61571472,5036211,315215
1635341908.463142,6825601,61886277,915609602,6691269,61003591,168206,6149643,9665242,61564050,5031791,318517
1635341908.563261,6855316,61551528,914127510,6508369,60416893,179821,5837954,9571679,59931678,4268609,326603
1635341908.6633792,6721751,61334091,913767622,6669555,61940400,169383,5898336,9140412,60837316,5096281,320797
1635341908.7634978,6644541,59932155,914297661,6711469,62465716,172209,6081492,9615934,61311318,4740098,318692
1635341908.8636167,6694569,61553831,914641011,6812562,62640809,170267,6050135,10393367,62760775,5091505,327209
1635341908.963737,7013793,64246308,914651320,6757459,61268893,168444,6243090,9653216,61851414,4116848,326310
1635341909.0638556,6818192,62966840,913902638,6865525,63020272,168704,6188383,9489170,60628091,5349020,322785
1635341909.1639736,6751872,61174582,914766168,6687945,62217802,170838,6119240,9485122,62019406,5243397,325236
1635341909.264093,6800031,62065132,914115960,6705510,61099527,166618,5880344,9118881,59892634,4471296,318365
1635341909.3642123,6771440,62400840,913400266,6760520,61879517,169930,6157396,9798600,62167762,4915675,321918
1635341909.4643447,6566427,61570098,916206699,6701198,61549190,168126,6263576,10071530,61646506,4774149,315956
1635341909.5644772,6868885,62433058,914967280,6658417,61956201,165546,6123234,10147273,62353362,5052068,323297
1635341909.6645982,6844070,62033669,914532685,6703609,61546820,171600,6193794,9526116,61393269,5334030,315308
1635341909.7647178,6671043,62004844,914866952,6652107,61469281,176060,6152370,9191373,60853683,3524686,311471
1635341909.8648367,6764418,61575510,914503289,6736744,62059544,168271,6151977,9548276,61420193,4792997,315649
1635341909.964955,6740824,62325963,913641457,6811508,62586885,170896,5887192,10167846,61251714,5030624,308884
1635341910.0650733,6727979,62988724,915565695,6903408,62843163,169735,6066464,9615137,61043261,4958336,322763
1635341910.1651917,6766598,61814001,914650145,6714073,61700007,166840,5981161,9632024,61705275,5332934,314904
1635341910.26531,6758209,62433987,914486067,6623030,60941540,168897,6002397,9116973,61473241,5451456,315662
1635341910.3654277,6854955,63135739,915421803,6797715,62696789,170527,6143918,9562519,60565045,4696942,317761
1635341910.4655457,6673384,61370644,915852010,6804803,62480520,172067,6006050,10005381,62493586,5111559,308222
1635341910.5656643,6621735,61330101,914247238,6644433,61567274,171474,6376289,9407530,61689120,4845254,309544
1635341910.665782,7003293,63764873,915001185,6768611,62164147,169224,6084084,9751420,60976347,4860650,310338
1635341910.8159811,6823183,62030584,914498938,6776229,62459510,166259,6158774,9819343,61591318,5235378,311816
1635341910.9161026,6722700,61775509,914276305,6678037,61275443,175061,6186099,9302404,61596688,5023975,314128
1635341911.0162227,6732064,62433505,913808946,6798222,62623161,180770,6016278,9512787,61392921,4716813,323109
1635341911.1163442,6508639,61000654,913706020,6687596,62493315,170595,6424722,10073873,62035897,5039584,309190
1635341911.2164636,6926360,62749913,914609818,6731329,62075550,173060,6081436,9801758,62210074,5042847,323314
1635341911.3165834,6773399,62634772,913964798,6774213,61247509,169212,6145666,9462221,61251393,5215853,315382
1635341911.4167025,6645449,61800668,913221856,6766470,62124169,169169,5962967,9016696,60171993,4997314,306849
1635341911.5168211,6769819,62881741,915459868,6681237,61913299,175994,6221844,9565531,61868475,5053769,302062
1635341911.6169398,6299762,57855021,915667235,6623779,61447129,170572,5950528,11092323,59121827,3667806,300399
1635341911.7170596,6709403,62725295,913765645,6779941,62636774,171904,6204574,9237799,61334715,5037629,311357
1635341911.8171797,6934280,62960358,913570996,6655275,61938634,170357,6085704,9414798,62001337,4909806,316443
1635341911.9173033,6764415,61891275,913789438,6770158,61548819,167148,6119492,9967991,62337991,5256174,314174
1635341912.017432,6743469,62572922,914303616,6865610,62452966,166363,5927533,8924036,60335744,5070870,305832
1635341912.1175594,6580837,60707112,913657808,6639974,61099867,178442,5974118,9577157,61028951,4630831,310365
1635341912.2176886,6544542,61058096,913481658,6618048,61180628,175644,6470288,10268522,61608360,4966408,312492
1635341912.3178208,6950709,62317524,912943597,6726360,62606400,171071,6285506,9517418,60802540,4983858,320643
1635341912.4179423,6724101,60586090,915196947,6811285,62785666,166290,5962990,9674917,61343935,5280645,347877
1635341912.5180619,6734368,62131445,915946238,6738536,61709400,172189,5967815,9357586,61063809,5047046,314461
1635341912.6181805,6777192,61890136,914627404,6714523,61551940,165685,5749206,9607345,61182733,4727825,327729
1635341912.7182992,6618538,62129346,912632527,6780638,62175664,168502,5977752,10299118,61509697,5131375,326241
1635341912.818417,6694538,60043500,913601909,6666651,62446025,170383,6152062,9768941,61333471,4974528,349120
1635341912.918536,6910628,62904777,914911235,6721734,61595227,168244,6186500,9165522,60993988,4989296,366827
1635341913.0186548,6881160,62559148,912717694,6758381,61748521,168438,6086951,9430380,61794004,4995072,343176
1635341913.1187727,6741366,62586282,914217329,6666256,60310335,162832,5858016,9543411,61681702,5007709,330508
1635341913.218893,6606418,60319675,913143536,6628164,59455620,163081,5668555,9741524,62311315,4696995,319335
1635341913.319012,6366339,59852254,912989350,6522019,60878153,173958,6254485,9984297,60309440,4934518,325066
1635341913.4191298,6630423,60178332,913144926,6437388,59729136,167660,6067433,10104102,58248853,3004716,321169
1635341913.5192482,6574130,58929961,915265805,6450634,59915925,163888,5825513,10258876,59857584,5264342,307601
1635341913.619367,6511826,59499993,913868610,6582570,59909536,164936,5967538,10216640,55565815,4908841,323258
1635341913.7194853,6400020,58996386,914033408,6639569,60569017,167693,6012122,9297768,59348406,4623600,309696
1635341913.8196032,6438529,61158953,913066872,6526984,59716266,164115,5546564,10036626,61334957,5070583,321448
1635341913.9197211,6535516,60222941,912407777,6489892,59219190,165176,6021598,9113170,58710513,5081345,328194
1635341914.019842,6617751,61153292,913197001,6642500,61029935,169786,6051791,9133137,59464382,5203019,367438
1635341914.1199594,6579853,59552072,914241915,6462697,59555131,168479,6158678,8521677,59559676,4615447,324387
1635341914.2200668,6523803,59989262,912690972,6521037,59574799,165411,5656023,10947948,61791993,4997924,314048
1635341914.320186,6373293,58862473,913200684,6594769,60752270,153761,5666911,9360840,59901473,4612165,306264
1635341914.4203053,6326931,59582578,913961228,6469473,59336170,167847,5988711,10144054,61275166,4988139,312677
1635341914.5204234,6612655,60706053,916185219,6447993,59757112,180722,6146270,9538199,60373621,4970346,308774
1635341914.620542,6596060,59708400,912642295,6617164,59814829,165765,5875827,9175919,58646829,5221583,315248
1635341914.7206602,6445997,58818661,911948033,6612658,62076941,168589,5819070,8907866,59386776,4959099,307965
1635341914.820779,6430595,58963589,913710255,6635046,59855741,165335,5646341,9552604,60036219,4687763,316294
1635341914.9208975,6433466,62866025,912568068,6554477,59155351,163220,6021089,9991169,59973611,4991914,307820
1635341915.0210161,6607741,59971213,913696786,6621705,60876323,167645,5980520,9404048,59944005,5146290,328282
1635341915.121135,6656917,60659461,910970381,6546834,59782827,163911,5992846,9534591,60469018,4872110,380728
1635341915.2212534,6645018,59869107,912771914,6488647,59533384,165301,5701312,8251763,57557861,3194633,330778
1635341915.3213713,6542078,60257627,912277074,6560713,60643205,167720,5944869,9311673,59554647,4741323,317625
1635341915.4214895,6358725,58130688,912622394,6452392,59445972,159369,5764036,10359329,60677481,4601237,311711
1635341915.5216074,6483090,60550792,913926503,6607212,59706705,159200,6324057,10147763,61442172,4989878,321002
1635341915.621726,6578356,61124591,913227491,6623427,60587789,173915,5919391,9086057,58916715,4923110,319570
1635341915.7218447,6588561,58431458,913235908,6249038,59800288,172452,6161991,9375045,59954075,5211384,317026
1635341915.8219628,6594478,59602145,913305577,6527141,60443486,164682,5957412,8947395,60560706,5175499,315318
1635341915.922081,6372101,57915644,912885866,6555148,60481074,164656,5712308,9307358,59173094,4586609,303006
1635341916.0221992,6189203,59010877,910763483,6730339,61668480,169668,6059712,10063352,60248628,4925003,305602
1635341916.1223178,7472906,60672972,911431346,6488528,60120096,168035,6050736,9191591,59616538,4994876,308750
1635341916.2224362,6788668,61686673,912336975,6574058,59643273,161927,5955199,9106547,58894607,5480708,331493
1635341916.3225553,6594431,60166034,913907807,6613398,60839123,168276,6046330,8812937,59104568,5173594,293959
1635341916.4226742,6501188,59039608,912573679,6472696,59571089,159801,5612035,8480053,59290679,4516113,313753
1635341916.5227928,6470018,58781685,915137058,6483733,59656976,166030,5972308,10728586,61892971,4827348,304083
1635341916.6229112,6276904,59762021,912604303,6607895,60734391,162862,5953933,9572863,59715199,4882377,297526
1635341916.7230296,6701680,60299220,912150713,6487088,59680816,163900,5704204,9512650,60094673,5013158,302929
1635341916.823148,6751567,60461231,913102884,6542634,60016387,172479,6102673,9315863,59638346,5148066,311100
1635341916.923266,6516698,59272496,911551045,6494057,60502282,169792,5591329,8576910,58245424,4939576,301756
1635341917.0233843,6375168,57066895,912593391,6399472,60735325,168058,5881957,9295689,58102169,3358537,301490
1635341917.1235027,6400323,58153492,912605110,6465791,59825491,162698,5779718,10198867,60783006,4971071,315771
1635341917.2236216,6632746,60880135,912377201,6586538,60014179,164358,5856302,9234435,59225168,4986843,301637
1635341917.3237398,6793003,60421299,912850018,6537255,60814582,162315,5991851,9358075,59827190,5228718,304251
1635341917.423859,6559097,59347815,912289486,6417062,59370208,164418,6010968,8818993,59333362,5419705,311944
1635341917.5239775,6712928,59969413,914128064,6443271,59876399,168341,5871303,9170827,57611749,4314700,311654
1635341917.6240957,6367857,58217436,912426901,6561590,61295366,167451,6015311,9206227,60041948,4794030,297122
1635341917.724214,6293474,58740212,913261850,6473847,59475881,165870,5798105,9146348,57547065,3414116,302008
1635341917.824332,6806149,61098065,912559549,6539255,60004378,158289,6191512,9846328,60460792,4995675,303238
1635341917.9244504,6582031,59392486,912812034,6580701,60163466,167609,5924436,9190609,58988731,5153774,307675
1635341918.0245683,6520686,59639415,912300923,6394769,58873622,177121,5760541,8717773,59117542,5018756,306733
1635341918.1246862,6530258,58857356,912011501,6472659,60154980,168164,5744836,9275391,58796211,4634896,306353
1635341918.2248046,6305606,58120469,910244775,6534996,61055528,166754,6114277,9936992,60312217,4930187,302610
1635341918.3249228,6582885,59838403,911686789,6584635,61330407,169049,5890338,9382866,59937389,4987341,302139
1635341918.425041,6748431,60080595,912329936,6489890,59795575,166621,6112028,9250819,59611696,5217219,312154
1635341918.525159,6558325,60810595,913411233,6529168,59933059,168169,6127657,8598337,58278115,5087781,309375
1635341918.6252773,5836905,55565958,834214367,5984502,55458783,170627,5277084,8287121,42698880,1536761,256104
1635341918.7253954,4234504,39580860,682753804,4366809,38375826,94148,4184038,6042397,41718115,2167076,206040
1635341918.8255138,3893626,39070462,683076232,4216053,37916529,98218,4431905,5361514,38946499,4166693,238795
1635341918.9256325,4809234,40891882,683208829,4183444,39134636,96515,4179551,5723733,38495271,4258858,229949
1635341919.025751,4630885,38549338,682926106,4143584,37884603,92628,4142906,5572186,39053256,3130029,259204
1635341919.12587,4434116,40027225,684278599,4271718,37456793,102376,3868807,5575607,36814503,4043605,246783
1635341919.2259886,3995560,36206319,683317451,4025038,39292812,107322,3870452,5699044,38831101,4784061,210991
1635341919.3261077,4145228,41189571,683351992,4101904,37833747,98326,4283318,5824337,41760340,3809729,216427
1635341919.4262261,4865250,39812705,681899039,4179830,39020692,90779,4408127,5519437,38999386,3816022,217644
1635341919.5263443,4211911,37741766,684098669,4440691,37889786,96835,4369847,5651072,38679101,2121373,241126
1635341919.626462,4079489,37126437,684233061,4120323,37669857,98988,4108867,5801062,36865960,3763993,223115
1635341919.72658,4162047,42195788,683441399,4363949,38333339,95724,3375719,5945895,40584025,4304763,223149
1635341919.8266995,4265709,38249220,683777297,4338864,38634218,96658,4362044,6081403,40864500,3826322,211805
1635341919.9268184,3776705,37358861,683102783,4096361,37794667,98832,4750932,5637141,39339574,3841857,234737
1635341920.0269365,4703820,40993232,683380730,4201576,37919057,95782,4168774,5481731,38581277,4379015,241387
1635341920.1270573,4440489,37929980,683197995,4395841,41212884,94175,4250779,5530129,40324827,3301999,247379
1635341920.2271821,4370847,39752461,683173830,4141098,35913825,86603,3587924,5442485,36265215,3997600,242157
1635341920.3273005,3916716,36522481,683286394,4242783,38270773,104895,3836631,5660771,40039351,4776411,220678
1635341920.4274187,3778262,40941736,683001384,4365684,40029147,102442,4695417,5805261,41099234,3676366,197573
1635341920.5275366,4872847,41003387,682949645,4176690,39763724,98594,4464297,5640517,38751658,3829929,228379
1635341920.6276546,4587588,38131647,685263804,4429645,39967278,94579,3989740,5711958,39740087,2252982,256157
1635341920.727773,3857297,36150843,683444822,4438560,38862355,98722,3838707,5363765,37246816,4141372,236081
1635341920.827891,4299654,39250222,682959552,4141433,37791708,102353,3791855,5566448,37667883,4500440,217926
1635341920.9782076,4053078,39535580,682420142,4253343,38377917,93838,4035303,5875106,40879573,3220965,206517
1635341921.078327,4155463,39364961,683131334,4203118,37932630,96980,4518872,5638767,36333833,3813500,190703
1635341921.1784456,4648180,40717861,683609277,4239434,39405381,101157,4395577,5604187,40706333,4107035,282234
1635341921.2785633,4477503,38854290,683647009,4244534,37545749,92581,3531825,5534998,37954356,3613407,252378
1635341921.3786817,4392353,40916115,683857001,4387497,39093711,85732,3523821,5829574,38411442,3700958,238704
1635341921.4787996,4034263,36085695,683246228,4110122,35516318,94525,3224413,5336152,37550837,4682805,210066
1635341921.5789297,3954865,38993577,683098099,3973671,38455103,113433,6887302,6426350,44571030,2666882,204313
1635341921.679073,4991482,43885147,684902499,4354151,38859087,107469,4669517,5510874,37718557,3888422,224145
1635341921.7791948,4815010,37518823,682149789,4395416,42488786,94345,4262532,5674086,38246181,3294740,260326
1635341921.8793142,4166763,38643958,683127769,4529792,38301065,92591,3892236,5623280,36185296,3969261,245193
1635341921.979433,3775976,35061330,682918637,4305973,38138349,90700,3403495,5417139,37579188,4446702,208771
1635341922.079551,3923755,41193137,683105394,4396588,40573871,98500,4012539,5753901,42119401,3423253,213162
1635341922.179669,4198920,38623894,682845999,4115362,36717267,94545,4751924,5576874,37349132,3548440,182982
1635341922.2797868,4801812,42097879,683046959,4369380,38441552,92310,4064420,5478587,37435378,3430801,299271
1635341922.3799043,4532064,37351310,680633138,4316244,39776632,97368,4164889,5552176,38251017,4817733,242971
1635341922.4800153,3928359,36407030,683222571,4243161,37652829,86962,3735831,6005098,43174391,3845887,231049
1635341922.5801337,4178626,37441993,683062571,4176470,36662787,82601,3398654,5942555,39571831,4762024,224261
1635341922.6802518,3617770,37103240,684746945,4137856,36971474,97469,5926460,6101090,44324097,4164455,212522
1635341922.7803795,4803816,41164929,682968669,3936666,37084157,104605,4708019,5878488,39619934,3792521,219285
1635341922.880502,4498749,38617082,684092826,4416797,38510577,91363,4351280,5653187,39143036,3144737,246844
1635341922.9806216,4110695,36332873,683292949,4599964,42118823,85385,3495671,5193428,34860683,3802355,243272
1635341923.080741,3667453,35211895,683265521,4563518,37799485,92304,3944963,5756831,39931461,4857200,223679
1635341923.18086,4127220,41690974,683301817,4150861,37418078,93519,4209769,5791325,43360718,4365110,224779
1635341923.2809846,4467820,40785919,684394872,4433544,40163546,95826,4153445,5314830,37417852,3169110,187839
1635341923.381112,4639270,39846960,684692641,4326094,39547328,96060,4175932,5610659,35526855,2584137,316387
1635341923.481239,4623436,38404163,683985949,4128060,37834787,91869,3784723,5236884,34408316,5222869,269468
1635341923.5813606,4145969,37931347,683754215,4247783,38393979,92902,3458259,6144009,43939242,3989217,239454
1635341923.6814802,3794108,35265972,685692966,4146405,37516724,86497,3357761,5419113,40283793,4689563,215851
1635341923.7815986,3873092,38587760,684482299,4066557,34886646,87110,5710809,5792947,42093841,3871395,218211
1635341923.881719,4671159,40981528,684220157,4150921,38026624,102727,4675866,5606319,38541956,3041094,218738
1635341923.9818394,4444674,37228032,683353322,4182678,40301003,100968,4398867,5569890,37402398,2986754,260038
1635341924.0819607,4414666,39512261,683399006,4173433,38979147,95537,3983735,5675152,36658300,2606387,251202
1635341924.182099,3896143,35247362,683515346,4284591,37878571,93924,3504898,5714822,38714375,4907287,218159
1635341924.282252,3298198,38409809,684262978,4502983,39958685,97580,4573806,5945351,41639422,3683335,193394
1635341924.3825645,5029288,39585261,684663582,4227257,39387482,97443,4658792,5717340,38735072,3572369,199366
1635341924.4827015,5110840,43625540,684344249,4268994,37463653,88539,4349836,5477745,37026894,2165463,336049
1635341924.582822,4492129,38517000,684252803,4250697,37842191,92758,3774256,5503044,32949951,4275747,246481
1635341924.6829429,4155095,37647346,685390446,4281196,38463410,93102,3990032,5684771,41087730,5047329,247236
1635341924.7830653,3980156,36924727,684149688,4305638,38442497,92529,2920926,5933284,41843973,4514917,217322
1635341924.883185,3731376,37924644,683552665,4238825,38685779,86167,5545057,5557361,39659640,3743790,203104
1635341924.9833047,4551214,39386403,684177709,4097898,34767766,103506,4755506,6454811,38871458,3117132,232074
1635341925.0834248,4651208,39135003,684729970,3987069,37664093,108783,4371434,5679472,38554998,3103572,259249
1635341925.183544,4141957,38415608,683861203,4249227,38471265,93239,4045626,5036331,33952580,3673767,236155
1635341925.2836628,3874702,32411919,683708544,4244603,41490284,94128,3972225,5532082,38854262,4673797,214078
1635341925.383782,3296731,37087442,685003609,4350817,37657365,91444,4253363,6140122,43342389,3834614,216399
1635341925.4839008,5384533,43567282,684549031,4286411,38475271,96707,4264083,5366157,37470470,3713433,196704
1635341925.5840192,4712781,39463738,684864364,4226220,39495269,96179,4363201,5602061,38631454,2476912,272203
1635341925.6841385,4499976,40840662,686001524,4321442,37912525,93159,3795284,5350926,33427502,3181553,265373
1635341925.784257,4319115,38080021,684868452,4236789,38945181,97087,3922272,5274517,35265170,5032116,238072
1635341925.8843765,3888281,36542754,684191536,4261331,38289435,97003,3637403,5635208,45086556,4388217,219354
1635341925.984497,3962740,39228624,684825709,4057893,36535194,86613,4080531,5648475,39519940,4120182,221845
1635341926.084616,5016568,42904057,684925815,4310562,38225162,90162,4255182,5520727,39508935,3787133,236774
1635341926.1847346,4378468,36749975,684294160,4097886,36679705,98654,4276034,5838960,39272624,2972720,243741
1635341926.2848527,4179584,38928324,684092544,4058969,37449535,105599,4216296,5514115,35421015,3598762,232738
1635341926.3849707,3844011,35557525,684192002,4341317,40852502,94262,3716983,5548642,38661809,4624830,212483
1635341926.485091,3669491,35580688,684501020,4187614,39112764,96357,4041420,5797221,41772829,3961339,205968
1635341926.58521,4279173,41872516,684161235,4366654,37121327,92998,4582097,5873489,39863317,3802209,222633
1635341926.6853287,4500755,37320220,686150803,4218000,38446074,91915,4225753,5240464,38060591,3112747,218352
1635341926.7854476,4265682,41473468,684000534,4373943,39126553,94025,3810404,5656997,37051770,2821312,262396
1635341926.8855662,4774869,38997994,684439994,4043183,36679975,94731,3663938,5863239,36373493,5682598,243239
1635341926.9856844,4098739,36254640,683798192,4291676,39064984,96068,4145233,5704000,46136201,4136229,237575
1635341927.0858033,3753132,39957945,685183069,4413440,39801281,98631,4126266,5924691,39496652,4550817,202240
1635341927.1859214,4697572,41079221,683974148,4155327,37153670,84594,4154227,5829510,41325782,3941348,241130
1635341927.28604,4522529,38076621,684642172,4345366,37624839,93745,4311048,5740963,39020443,3122480,253721
1635341927.3861582,4005096,38262279,684027264,4193763,38940475,102469,3796352,5245453,35147660,3587995,241558
1635341927.486277,3930705,34772321,683499871,4013482,38627146,103622,4038294,5559847,38936592,4739975,225010
1635341927.5863955,3814516,36534503,684178320,4382743,41106307,94913,4092130,5879747,42760573,4020341,211932
1635341927.6865134,4280661,38450949,686328072,4275674,38998072,96572,4404102,5368466,37601325,3864492,221450
1635341927.7866316,4429224,37507844,684158885,4437593,39185931,95654,4238249,5831756,39419045,3093879,244665
1635341927.8867505,4130762,39925487,684715189,4407506,38993969,92942,3711957,5387641,35588111,3272879,236755
1635341927.986868,4304956,40706759,684688688,4291026,39082059,96585,3839246,5415634,36439682,4343843,225926
1635341928.0869858,3959809,33503484,683512359,4110980,38166894,96877,4569445,6201761,41849323,3899476,221446
1635341928.1871037,3886057,38592598,683469636,4133253,37460932,94606,4430445,5357938,39092496,4027819,234107
1635341928.2872217,4687630,40778266,684970060,4283753,39400536,97029,4297401,5506446,38540540,4377741,220230
1635341928.3873405,4498857,37961341,684604750,4007096,35476547,83533,4167397,5826238,40933619,3154678,256117
1635341928.4874585,4265216,38560512,684502458,4339723,36971327,94407,3755529,5682790,37070605,3970818,246830
1635341928.5875764,4011659,37588091,684862895,4138795,40597541,109586,3791388,5343057,36497427,4519675,214388
1635341928.6876948,3704288,38393159,685421620,4221350,38602277,102175,4063534,5897137,43170824,3944407,218884
1635341928.7878132,4974149,40216423,683828927,4098896,39367996,94170,4539334,5816046,40283033,4082452,246535
1635341928.8879309,4096487,36505445,684576434,4397841,37969757,91444,4197276,5640662,38928236,3028153,238519
1635341928.98805,4058408,38071748,684251105,4337883,40111378,101588,3909085,5587271,35880166,2630610,231300
1635341929.0881681,4151195,39863259,684950495,4125883,36968541,89413,3530843,5535799,39428745,4145217,224775
1635341929.1882865,4278849,38043920,684529622,4207682,37604822,93188,4235826,5892328,40344136,3818914,217417
1635341929.2884052,3848329,39402979,684313479,4316139,39112096,97900,4423624,5631412,38420481,4017862,233340
1635341929.3885243,4686075,40203264,683899162,4196880,38605447,92462,3963117,5585258,38589442,4313252,251532
1635341929.4886432,4557331,38741194,684333501,4321470,39393526,91047,3876392,5811869,40317401,3326552,268468
1635341929.5887609,4163846,37602582,684832753,4200970,37966549,92608,4067497,5468591,38446448,4091424,250123
1635341929.6888793,3897084,34773633,685301052,4042598,36781549,106961,3274524,6051646,41930466,4943437,224431
1635341929.7889972,3930061,41129138,684148370,4258703,41283424,104867,4191025,5512894,39707978,3681034,207820
1635341929.8891149,4764352,40307695,684650123,4267870,39733718,91960,4322677,5523489,37593815,3740901,217167
1635341929.9892344,4478268,36792750,684642663,4179924,40083188,97350,4267887,5769594,39997477,3107121,248885
1635341930.0893538,4112541,40113538,683891933,4425863,37081745,91001,3585221,5256124,34732139,3719171,246285
1635341930.1894722,3988513,39187143,684748851,4402133,39401168,98781,3566320,5567704,38798301,4495293,213187
1635341930.2895904,3742962,37010492,683619780,4140275,38182023,97479,4151320,5984991,43637421,3537192,217343
1635341930.3897085,4267331,38068813,684628116,4145448,38108666,94345,4888309,5709590,36250074,3759660,192464
1635341930.489826,4729581,41686158,685009688,4363840,39166685,95306,4295325,5611292,38246011,3698740,310532
1635341930.5899444,4270806,36728280,684691618,4007547,36983599,97611,3993953,5723500,38635874,3842158,233942
1635341930.690083,4339276,40393233,695231129,4284514,38061625,89973,3405271,5875917,41459823,4139617,251145
1635341930.7902017,3916664,35775256,683995962,4235248,36806537,96512,3033317,6484498,35155150,3587158,212231
1635341930.890319,3601102,36934343,683893072,3955535,38757048,119441,5331926,5913864,41850335,3826126,203270
1635341930.9904377,4897609,41786209,683779202,4059449,37915636,98745,4239568,5563751,37700655,3803310,233068
1635341931.0905557,4572622,37002366,682249973,4334475,41584603,96993,4398363,5450594,37667894,3031708,241821
1635341931.190674,3283311,29527009,646131386,4174211,37809511,92136,3559262,5369841,33348442,3273087,199386
1635341931.2907925,2125881,19561196,455886273,1947711,17854845,43541,2049577,3519859,18774085,637891,128306
1635341931.3909106,1964987,19502877,455949374,2128081,19615317,46577,2056749,3265895,17152977,561731,116637
1635341931.4910288,2018771,19089845,458742125,2645649,27683610,63018,2460763,4576112,30539220,3988489,181026
1635341931.6912994,3118254,28042698,459261375,3064043,27222894,69909,2817691,3615632,27977907,3404640,160649
1635341931.7914202,3022458,28138745,456473300,3262032,28945319,64278,2903877,3701503,27211503,3376383,158369
1635341931.891539,3231955,28879878,456071867,2947619,26239641,63660,3122509,4084222,30982937,3693183,168710
1635341931.9916577,3170032,28878775,456007693,3029574,28767184,74130,1322088,3878458,30538937,3704117,171018
1635341932.091776,3048724,28144837,456131262,3151479,28393454,75044,2743284,3644351,28639317,3721264,164988
1635341932.191894,3144623,28336510,457047418,3084251,28501444,66221,2931543,3700808,28085591,3364583,161850
1635341932.2920127,3181380,29292278,455973095,3133934,28390588,65184,2951369,3633216,28344952,3420750,160239
1635341932.3921316,3062292,27072309,456082524,3077899,27987694,70123,3138930,3689263,28167864,3535963,161801
1635341932.4922495,3040316,25601871,456552274,2978677,27234660,69133,2756833,3732409,30406722,3631646,170190
1635341932.5923676,2925641,27327248,456999791,3102559,28527426,67241,2827162,3730831,28572343,3690278,153072
1635341932.7926044,3019946,27285460,456209441,2989134,26553133,61256,2782345,3642739,28182495,3499301,159538
1635341932.9429135,3200212,28382285,456390074,3168505,28369421,63955,2820690,3401733,28241588,3572241,166377
1635341933.0430317,3029248,27650211,456314203,3202102,28902337,69440,3053914,3714238,29450493,3666794,155728
1635341933.1431503,3169358,28468480,455938001,3122175,27974595,63113,1255123,3625333,27637281,3369600,162442
1635341933.243268,3082245,28766830,456511965,3115513,27489297,61822,2886088,3528103,27745021,3618756,168280
1635341933.343386,3192502,27967832,456709868,2942487,27981531,68207,2901369,4199442,28129304,3007564,157196
1635341933.4435048,3120548,28066422,456248229,2980268,26733643,67543,2975280,3941601,30669321,3628489,161707
1635341933.5436244,3268250,29968025,456458124,3015472,26070390,63905,2866481,3352383,26603467,3440581,162262
1635341933.6437428,3079395,28575683,456331020,3320562,29319135,62792,2992301,3594386,28203430,3529366,161617
1635341933.743861,3434994,26856314,458430258,2950803,27196688,67108,2758622,3974324,30354480,3716853,162038
1635341933.9440973,2974855,27189306,456549443,3293496,30451210,69834,2966199,3894090,29170416,3244108,143494
1635341934.044215,3067472,27446706,456711479,3142531,28554472,63686,2918204,5134556,27737441,3574541,166074
1635341934.144333,3111973,28107978,456029445,3111868,28233655,64438,2853859,4089440,26554670,3326036,166170
1635341934.2444508,3085755,27355590,456114182,3163465,28812517,67837,1363468,3677067,29009600,3599978,161526
1635341934.34457,3009528,27474542,455980332,3136328,28416183,61109,3183666,3890005,29858209,3641965,163968
1635341934.444689,3197811,28635371,456621096,3309477,30925796,64077,2903380,3472287,27138835,3443698,157861
1635341934.5448081,3017894,27291119,456020332,3077077,28433727,69092,3029621,3615917,28186155,3475732,158092
1635341934.644927,3100839,27546362,455183046,2887110,27008562,66468,3078771,3867520,30204189,3528839,167944
1635341934.745045,3125195,27534116,457930755,3202462,28394019,67161,2500430,3683155,28235222,3586732,159481
1635341934.8451636,2766509,27429716,457167457,3286539,29912131,72644,2697842,3802244,28511726,3497210,154519
1635341934.9452817,2958120,26813051,456410554,3045586,27929409,66082,2894895,3781879,28829465,3600771,137689
1635341935.0453997,3153595,29039899,457046474,3019021,26721180,63035,2830705,3648438,29488777,3703068,154499
1635341935.1455173,3114978,27774587,456061585,3172401,29295121,69498,3153104,3884849,28987315,3486395,180759
1635341935.2456357,3092988,27714867,456429614,3035172,27928116,66891,3081906,3721613,30037566,3605533,164351
1635341935.3457544,3111170,27520817,456661091,3217388,29724443,63592,2845919,3494813,27042881,3349718,168886
1635341935.4458723,2878370,28069403,456808581,3092381,27600853,65493,3335574,3766332,28950768,3536230,183691
1635341935.5459905,3265089,27513914,456168246,2963678,25009706,52159,2903338,4213333,33568412,3675884,193983
1635341935.646108,2977981,27313456,456307409,2923948,30001802,76251,2932147,3429025,26083863,3291743,174946
1635341935.7462265,2708630,24205143,457383985,3077094,29265617,70191,2833424,3486422,27021326,3833034,152401
1635341935.846345,2620051,25621926,456181463,3234560,29760698,61945,3184804,4007063,32845294,3566113,168481
1635341935.9464624,3337580,31870029,456750208,3174945,27683391,64165,3031149,3672059,28570622,3352966,186563
1635341936.0465808,3194540,27082694,456353298,3220933,29859221,69407,3347134,3901443,29800954,2745815,171227
1635341936.1466982,3118000,30281031,456284716,3185133,28767312,61817,2552322,4209459,25214619,2635150,189378
1635341936.2468157,3344742,28157493,456140267,3312151,29774467,62332,2481357,3733294,24430078,4533222,164941
1635341936.3469338,2734055,26538465,456464942,3108305,27515996,64901,3235721,4294961,36831384,3502491,163970
1635341936.4470522,2503705,27460552,456170630,3113563,28727166,67331,3109506,3639685,28647688,4125851,156016
1635341936.5471714,3558120,32335002,456367785,3353035,29722292,59780,3321937,4118405,32736311,3602562,166692
1635341936.6472895,3451925,29417749,456435418,3305485,28175993,64447,3206920,3651927,28449390,2886554,182480
1635341936.747408,3282525,28894129,457810138,2787467,26704099,72739,3007607,3685816,25368228,2308221,182781
1635341936.8475251,2908434,25787964,455532302,2956123,28962289,68007,2691962,3603850,27857567,4026256,156173
1635341936.9476426,2668746,25712013,455588581,3219299,31363372,65886,2979933,4029678,32359682,3722099,143666
1635341937.0477605,3227507,29516897,456354328,3194955,27980184,65228,3725520,3871110,29932122,3565599,173306
1635341937.1478784,3564025,29949984,456131948,3388025,29465699,64606,3076749,3511763,27247510,2949325,185788
1635341937.2479975,3039924,29115175,456714753,3114067,28817928,69398,2859846,3933578,28514167,3139839,166569
1635341937.3481157,3292559,29164184,456112505,3020947,27071814,68007,2567180,4722223,34432496,4830849,177716
1635341937.448233,3037921,26088465,456350864,3305657,30381343,66608,3061901,4089453,32823689,3740385,171902
1635341937.5483527,2482298,29831542,456065901,3307831,29574685,68683,3285241,3739657,28891722,3617500,136905
1635341937.648472,3632502,30703506,456093704,3091468,27624422,59387,2649521,3831763,30012022,4002195,186543
1635341937.74859,3649606,30453862,456749625,3073448,27161955,59336,3067988,3871835,32536838,3315571,202656
1635341937.848708,3038258,27095471,457249345,3164110,27497745,73515,2918857,3418313,25342855,3530732,177619
1635341937.9488266,2728874,24609409,456237564,2929148,31791565,77200,3054243,3909938,29523960,3966975,157712
1635341938.0489438,3110645,31353587,456225310,3140657,28334048,62413,2680310,3814997,30674015,3562388,154222
1635341938.1490617,3654836,28984759,456027744,3088829,30262491,63472,3327386,3716777,28607661,3599890,179870
1635341938.2491803,3197447,28712763,456237574,3228180,27228846,69500,3311943,3812831,29784107,3100276,190095
1635341938.3492985,3103528,27973246,456302351,2982443,27621684,67669,2875333,3371873,25490192,3300301,165534
1635341938.4494164,3231083,30840957,456557679,3216214,30400129,66517,2856336,3780384,28310668,3543366,160294
1635341938.5495353,3055027,25139183,456543486,3012481,28984168,66805,2745459,4068424,30252317,3685740,148751
1635341938.6496525,2862634,30586364,456168549,3201646,28448408,70282,3370900,3374105,27525089,3953573,174195
1635341938.7497704,3655748,30469505,457146830,3119666,28472698,69122,3001359,4113040,30340865,4113431,184084
1635341938.8498886,3295980,27420999,456837066,3174181,27780182,55231,2700139,3986460,32094918,3385674,177476
1635341938.950009,3150314,28588878,455971759,3285850,28979928,62686,2741785,3696151,28365008,3711349,181047
1635341939.050127,2802417,25922169,456047157,3180412,29208397,69892,3062631,3662758,29018940,4165715,154900
1635341939.1502466,2796381,28169080,455332255,2823570,26955657,71364,3316295,4004000,33569263,3793279,170383
1635341939.2503643,3420269,28575561,455865874,3122181,30351818,64706,3342704,3834869,29784409,3548182,149916
1635341939.3505292,3103973,26155007,455981560,3226322,30516870,69609,3277724,3676391,28343416,2665234,179571
1635341939.450648,2961146,27999708,455994601,3211682,28291559,66284,2902326,3520886,26579034,3527530,171397
1635341939.5507658,3217174,29670462,455937167,3151083,28658967,63732,2437329,3539145,30211397,4232781,171745
1635341939.6508849,2908525,29468229,455951298,3179169,27499250,66413,2893671,4277524,32190586,3267003,151609
1635341939.7510035,2715943,27385568,456937784,3036146,28485763,68575,3405498,3852256,27731322,3499389,131529
1635341939.8511212,3752866,31209269,456858578,3065648,28092914,64526,3136678,3466066,30126763,3752764,195400
1635341939.9512389,3376495,29069028,456294942,3242221,28796202,65200,2785091,3649027,28597474,3578014,178889
1635341940.051357,3150733,28293716,455574695,3049217,28140523,60068,2526249,3706677,29171867,3715590,181065
1635341940.1514752,3112395,25899246,456575338,3233100,27784636,68479,1726917,3968631,29004014,4424437,165072
1635341940.251593,2811841,29024330,455888965,2906991,29344238,77969,3869203,3834467,30584363,3400581,148015
1635341940.3517113,3830744,32734246,455388545,3095760,27562613,66880,3198578,3652769,28053718,3388919,180836
1635341940.4518294,3807989,28782562,455660067,3190521,31037226,64570,3217336,3583288,28676157,3351262,210048
1635341940.551948,2792488,26717242,456130393,3356375,29666305,66364,2787959,3393783,25852512,3486974,171809
1635341940.6520665,3017032,25856770,455711473,3082247,28199000,64146,2546902,3986593,30154557,4323660,160143
1635341940.7521853,2786042,29424105,456641824,3154258,28972731,67972,3123636,3828122,30245227,3037300,144038
1635341940.852304,3304109,30066796,456704573,3307965,30120945,66387,3347662,3767405,27237050,3382400,114447
1635341940.9524217,3668150,31752644,455987985,3105709,27291904,63661,3198947,3748691,28108236,3394439,236381
1635341941.0525396,3442945,29300560,456367801,3267825,29608068,67463,2629517,3719457,28606421,3768827,197765
1635341941.1526577,3013741,28913544,455965135,3302761,29670792,64101,2787871,4200371,31781205,3551517,169607
1635341941.2527764,2754242,26905674,455726015,3196385,27042788,59713,1916300,4018345,30013595,4108782,149318
1635341941.3528948,2837051,30731767,455469055,3185835,27820318,73659,4164886,6629506,32884273,1161440,156502
1635341941.4530125,3708217,31871125,456119271,3114474,30035034,71062,3295314,3578999,29323593,3645892,172937
1635341941.5531301,3565720,29563068,455648869,3256806,29560875,67246,3417274,4231744,31414859,3151738,188158
1635341941.6532702,3284132,28859014,455741688,3280111,30515141,67665,2819469,3929217,27664463,3367188,182051
1635341941.7534184,2823380,29078767,455887895,3497120,30530020,76214,2989727,4068379,31648897,4189629,166518
1635341941.8535497,3407395,32282252,456717511,3322001,29720114,71051,3149663,4287175,34553951,3749358,173375
1635341941.953681,3430930,31238172,455218702,3255698,28948658,68118,3472927,4288934,32310087,3201672,127959
1635341942.0538101,3777429,33474589,456039396,3422753,31516439,74717,3585624,4331453,30035017,2909716,229127
1635341942.1539474,3635011,30746661,455695173,3385713,32057512,72413,3140839,4048659,28302102,2966319,184127
1635341942.2540824,3287521,30621454,455591378,3447505,29694074,66880,2617013,4167682,34781968,3908503,181454
1635341942.3542032,3151097,28717347,455182324,3265563,29133288,62763,2066611,3936601,31833884,4248904,172403
1635341942.4543223,2858067,29661456,456071157,3441111,29634899,70742,3943523,4282128,33294363,3535696,158974
1635341942.554441,3680721,33103002,456063395,3328667,30075890,81772,3574724,4191578,31430323,3617956,181126
1635341942.6545594,3644005,31246602,455892597,3288042,29812942,69944,3176114,4079659,30993669,3028869,197955
1635341942.7546773,3316268,29245427,455743875,3413118,31059027,70084,2983198,4071242,30060523,3920256,191844
1635341942.8547952,2959490,26085103,456852034,3474808,31873299,69782,2950421,4262771,32705668,4385906,170511
1635341942.9549136,2837037,35723509,455526342,3697542,30734537,71171,2953513,3940148,31225533,3333357,156576
1635341943.0550318,3480575,30387027,456083234,3454198,32598465,74572,3344842,4165036,30557439,3403900,133584
1635341943.1551538,3666421,33146906,455568392,3367841,28721452,68366,3147001,4650499,30053730,2698933,225617
1635341943.2552722,3785065,31316436,455708753,3269368,29904721,69319,2863486,4011533,26803088,4352720,191929
1635341943.3553905,3195563,29322956,456169853,3436492,30453866,67382,3018940,4114635,34340076,4354967,183678
1635341943.4555085,3179154,29968191,455699063,3337616,29241107,70032,2472913,4425285,34095250,4225190,172074
1635341943.555627,3202665,31575084,455694533,3239936,28626722,61564,3965964,4118539,33334634,3643373,166839
1635341943.655752,3551840,30697721,455864954,3245102,28153751,71219,3332115,4064947,31212537,3642438,169616
1635341943.75588,3598607,31183174,455442060,3281935,29952398,74745,3459260,4251841,31687860,3143754,200540
1635341943.8560083,3336427,30965127,457525756,3372651,30102847,69770,2849356,4024399,27891386,3358705,184627
1635341943.9561276,3224984,28007558,455274396,3464683,33328398,72799,3078616,4007411,30331703,4067665,166700
1635341944.0562463,2390198,29988426,455101379,3525004,29509258,65982,3032845,4043411,33413781,3865739,176245
1635341944.1563652,4060714,30990221,455089849,3194523,29600001,67616,3485071,4384166,33245917,3703599,170628
1635341944.256483,3420052,30803254,456208275,3412645,31456240,76632,3668494,4191556,31218826,2398957,187611
1635341944.3566022,3502725,30344259,456289034,3419548,32678798,73289,3017909,3871841,25175377,3160737,189162
1635341944.4567208,3359296,30699921,456012837,3371396,30134216,69978,2623894,4094209,29148157,4282589,182340
1635341944.55684,3094907,27673675,456305641,3240789,28897088,66345,2867497,4142153,33528758,3922461,166962
1635341944.6569579,2920091,28988846,456166266,3316374,30515235,69692,3948393,4534529,35029046,4098859,172938
1635341944.7570763,3739866,32859514,455873258,3338418,28847961,67085,3467051,4179877,31212676,3470184,184297
1635341944.8571937,3648943,31156321,457383644,3140929,28337302,71239,3086350,4065669,30424220,2945344,200904
1635341944.957312,3439751,31331354,456093525,3280765,30503246,75553,3001985,4013091,29044254,3851109,192041
1635341945.0574298,2957603,25907399,456308044,3364161,31190588,69574,3186064,4042983,30903884,4194043,168150
1635341945.1575472,2792692,28301389,456681653,3481015,30956595,74133,2912320,4133680,32115191,2704117,170956
1635341945.2576654,3391682,32625012,457034183,3585220,32520317,74482,3525058,3995357,30177563,3513565,158186
1635341945.3577838,3684695,32066729,456444851,3380178,29747770,67456,3177455,4218939,32667406,3085121,182465
1635341945.4579012,3386493,31254769,456926682,3222969,29658640,69566,2997823,4053105,28888099,3141582,196975
1635341945.5580192,3580770,31206596,456208876,3365134,30904785,69997,3007533,4415282,29898051,4759901,180234
1635341945.7081952,3006601,28898518,455575167,3538183,32326331,74301,3138075,4108470,33565716,3527849,174073
1635341945.8083255,2317304,21563110,348460967,1945375,16234910,36791,1816362,2965022,22820030,3100080,120555
1635341945.9084566,1115141,11007945,230164169,1234865,11187008,23964,1161311,1956732,10349567,367765,67215
1635341946.0085802,1121496,10397214,227967782,1126461,10470069,23623,1206968,2017167,10414703,352810,70913
1635341946.1087005,1214597,11181835,227875453,1153410,10083003,23630,1204439,2056506,10732700,386121,70133
1635341946.2088192,1181763,13533449,227426777,1962458,14513415,21898,994866,1955893,9978150,332361,67297
1635341946.308937,2369179,21593915,227361717,2211308,19408829,41390,1676761,2160090,20039662,3263594,108114
1635341946.4090545,2319830,21116925,228294955,2344379,21504745,45035,2062420,2265331,22342422,3519201,122495
1635341946.5091724,2151524,19669742,227893482,2105861,19203682,44193,2173941,2402254,21711284,3242907,107605
1635341946.6092913,2112601,18669576,228186445,2075279,19621245,46001,2045856,2302902,20847265,2986310,97257
1635341946.7094088,2265859,19784508,228266080,2218821,19733605,45883,2185324,1981727,19676203,3439056,117759
1635341946.8095262,2348355,21547233,227772773,2198039,18774017,41084,2012746,2200813,20496672,3231988,104823
1635341946.9096441,2272650,19833364,229573585,2249786,19256951,41189,2036617,2189345,20463704,3492811,118768
1635341947.0097616,2266213,19296322,227701006,2103617,20119945,45913,2011118,2380668,21654042,3619064,107637
1635341947.109879,2063387,19023446,227758760,2300224,20360491,41637,2050971,2352032,22459370,3558098,103585
1635341947.2100096,2171914,20285686,227270768,2243039,19628889,39718,1954697,2234391,20283345,2988777,106646
1635341947.3101273,2308158,20921129,227521444,2247087,20078183,39402,1961094,2060538,19949306,3150198,112291
1635341947.410245,2354706,21161922,227666456,2343795,19597400,40050,1903205,2028240,20433937,3316751,118301
1635341947.5103626,2243572,18981807,227664366,2230415,20887571,41752,2271394,2356471,21159448,3268185,104039
1635341947.6104808,2198248,19657386,227931363,2274610,20875124,43846,2040046,2336128,22209155,3509395,113187
1635341947.7105987,2163671,18397356,227640154,2156164,21080053,46477,2120365,2064056,19378490,3149157,108874
1635341947.8107162,2338255,21841673,227708060,2376276,20934878,42160,2109469,2549687,22155003,3225291,109645
1635341947.9108346,2302296,20688039,228204259,2218890,19022491,41830,2020547,2342740,21459433,3447792,113365
1635341948.0109522,2310980,20176391,227603385,2237812,19507837,40574,2026576,2131644,20223112,3401389,115032
1635341949.0121531,957828,5211985,104993656,905593,4866933,9032,704452,888702,4987528,124519,25977
