1635340651.3203647,9501781,66673065,666344016,9924764,69092610,214355,7440371,10659784,68655355,4468505,333971
1635340651.4204912,11122459,79827688,913861994,11931603,86127335,251387,8987468,15255988,86056703,2052235,355940
1635340651.5206172,11006196,78731078,922312120,11539989,89975788,294929,13639238,12340867,89334532,7698505,434985
1635340651.62074,10638215,85136636,912081051,11212437,99925280,290121,12067195,11365779,89727618,11654870,461938
1635340651.7208622,10282508,91783869,912676190,10425066,93553563,307698,18425884,10415904,97936827,13566711,522327
1635340651.8712633,10677455,100032280,912689087,11742721,108704090,291169,15523078,11990718,111864270,16137741,561758
1635340651.971385,11618644,100646546,915207410,11696930,109247421,283987,15789490,12591674,112236048,14894368,551207
1635340652.0715125,10805323,100333976,871478985,11589488,102419498,257179,15152605,11706915,106210777,15515685,624258
1635340652.1716344,11127704,101224528,851198894,10889974,101625122,272871,13212828,11669035,108986198,17307087,622913
1635340652.2717555,11322594,99863013,830178103,10862387,97414862,267723,12736321,11102413,104413190,16382428,654914
1635340652.371876,11927231,102884914,850858741,11731319,102625831,281542,13861208,10856310,103885279,15500527,678354
1635340652.471997,10930112,98897139,862882478,11536832,102259041,263643,15215482,10744771,102774672,16092129,672051
1635340652.5721169,10698694,99890574,856726833,11313281,101308127,270780,14478718,10909559,104579692,16503695,632718
1635340652.6722362,10738208,97174080,857933577,11138300,99562916,265950,14160101,11266188,106164510,16481808,620798
1635340652.7723598,11395393,102063945,864116070,10883459,98362224,267967,13297468,11694996,108840602,16506321,664962
1635340652.8724813,11656128,98438017,865827361,11239582,100366270,282033,13329709,10843075,99958037,15467292,700489
1635340652.972602,10768819,94120405,799098135,10912038,103094038,232991,10415603,12086275,114516870,16994300,627352
1635340653.0727215,11205655,100636389,753724371,11217471,101558852,235687,9583905,11960324,105152476,16661503,559931
1635340653.172842,11310500,101774460,756206334,11221036,101386566,224799,9609461,11258779,106409799,16695193,582737
1635340653.272963,10927882,98058770,740300486,10996336,98621633,241149,9614869,11073070,105090682,16508759,592607
1635340653.3730826,11447615,102449105,785423871,11361944,101178272,246318,9517197,13859877,89541504,7453712,590645
1635340653.4732316,11500492,99166133,801850047,11333440,101934134,232765,10375262,12942067,104946510,12888383,668280
1635340653.5733695,11454812,101636190,796506157,11346211,100278688,235266,10052257,11412110,107976883,16795655,699776
1635340653.6735048,11608585,102423950,801638099,11550998,102075834,247444,10172613,11160703,101617921,12776999,684154
1635340653.7736394,11554038,102596782,800441377,11466557,99620767,287586,9907988,11334513,107744402,16944402,695639
1635340653.8737743,11637636,102010687,804212294,11408285,99478110,248102,10196862,11455743,108505814,16911734,704619
1635340653.9739082,11595995,102036881,802901019,11523821,101909054,261053,10286753,11280353,105861281,15419125,669599
1635340654.0740426,11684471,102328264,806085381,11613781,102530231,252577,10015065,11808249,105408566,17218625,706231
1635340654.1741776,11468534,100985564,802696400,11569265,102062759,240764,10002561,10844003,105243556,15758072,689205
1635340654.2743127,11348487,100116837,780023290,11287363,100079429,232516,9814843,10665342,103649333,16315070,687603
1635340654.3744621,11606811,102368826,796543493,11568958,101566882,248571,10401345,11122874,107998166,16826336,696666
1635340654.4745982,11567995,102349190,791966468,11625982,102988187,246492,10541199,11055780,107660198,16734966,664667
1635340654.5747347,11694635,102784755,791449323,11592656,102151853,248346,10167187,10758017,105865429,16719968,648593
1635340654.6748693,11612848,102306131,794811035,11643499,102556259,248386,10126938,12024927,107226017,16907381,670667
1635340654.7750049,11502835,101637016,785063537,11570578,102816011,222697,10410692,12051803,105854619,16698468,669542
1635340654.87514,11552997,102145051,780301246,11598969,102743344,239378,10227778,11347913,106346500,16752438,642763
1635340654.9752743,11483793,102344859,770011849,11543553,101560369,264547,10219603,11351893,108177552,16802815,615282
1635340655.0754097,11495691,101700374,774380804,11570943,102913880,225364,10340389,11453032,108309635,16732903,593456
1635340655.1755443,11642136,103358415,766186296,11722699,103678886,249355,10327299,11388883,107943254,16866588,545377
1635340655.2756782,11408894,100674850,749452836,11329654,100633462,271806,10213374,11240321,106317752,16624939,542988
1635340655.37583,11398282,102767906,753533589,11555334,103152912,220186,10276162,11422107,108583779,16937192,592323
1635340655.4759748,11843146,104723679,769426184,11799833,104724743,216865,10207804,12659042,108800848,15682074,636454
1635340655.5761235,11869150,104760287,769208125,11381559,100909234,210081,10355101,11689219,110969947,17336581,614210
1635340655.6762595,11601486,102972459,758093248,11693407,104022184,230574,10526682,11665418,109815881,17252380,602339
1635340655.7763934,11667108,103376188,755926037,11548062,103896041,221260,10528832,11473171,107471764,16927420,608133
1635340655.8765275,11833856,106191623,747784424,11811461,103955478,245332,10771394,11640818,109989056,17419000,496643
1635340655.976661,11866442,104877178,742245783,11840891,105166486,242326,10849203,11772348,111621934,17480579,454115
1635340656.0767953,11817571,105051777,740683005,11862402,105579137,233977,10822340,11807614,110584529,17463558,445362
1635340656.176929,11802493,105516903,741574536,11801643,104853064,256489,10629772,11633073,109949246,17426803,438015
1635340656.2770631,11520392,102611306,721721523,11566214,102849278,261443,10253852,11306930,107089373,16968216,422586
1635340656.3772154,11818808,105048382,740931130,11835508,105323384,247939,10771672,11655234,110127271,17399354,448937
1635340656.477351,11826048,104894253,741493371,11806507,104696225,237156,10691722,11595671,109626329,17469713,436902
1635340656.5774865,11737537,104515100,746065210,11852841,105376123,258279,10807333,11829212,111089386,17499472,436389
1635340656.6776202,11830791,104611696,744358082,11755587,105134521,249547,10776800,11725170,110578999,17370392,433557
1635340656.7777545,11778766,105254687,739583015,11866427,105532983,231932,10701076,11718461,110632224,17206615,429460
1635340656.8778903,11826807,105322329,739384077,11782897,104699229,260433,10560978,11536345,109302128,17453117,442426
1635340656.9780235,11863168,105090924,743870869,11848278,104891311,253872,10756252,11690205,110796959,17735775,435750
1635340657.0781574,11643400,102493370,743014059,11769390,105044947,244858,10873057,11812196,111465832,16592847,426036
1635340657.1782906,11752127,104604465,737847777,11790147,105265827,248881,10643015,11690914,110731538,17470609,434361
1635340657.2784238,11514659,102148883,726366988,11545980,103088399,231443,10600341,11413943,106999368,16937064,413482
1635340657.3785787,11803758,103838413,750598959,11288899,99086380,253943,10827808,11875532,111975264,17570562,430296
1635340657.4787133,11910698,106579154,748790550,11446715,101992776,232511,10217271,11812084,112190330,17819775,446131
1635340657.5788538,11694187,104628455,737273537,11699890,104456955,258120,10486922,11546550,110775408,17305238,446407
1635340657.679004,10964089,100340987,763000015,11375524,105279345,259772,10545635,11787578,110278928,15426039,435168
1635340657.7791479,11626482,103646908,742886806,11156234,100283734,234349,10314200,12988179,99169980,12832056,419447
1635340657.8792934,11080761,103280279,755956267,11773003,101072863,238043,9315156,13710508,100010943,10964745,411971
1635340657.97944,11466301,101751972,726418709,11351879,100003662,240671,9953678,11526121,109123631,17185293,399113
1635340658.0795827,11600286,103839982,730282359,11526530,103172740,232224,10154863,11670537,110554837,17498528,422719
1635340658.1797209,11479597,103805922,736298754,11583164,104129768,242048,10436214,11668326,109537066,16638296,422357
1635340658.2798567,11367266,102949801,716242727,11369239,101582508,235024,10083981,11295203,106370328,16526008,402034
1635340658.380018,11710209,103655477,737613191,11702380,104319055,250886,10523874,11675611,110856956,17661264,419918
1635340658.480142,11512621,102818648,728797987,11561450,103472679,226209,10168303,11470545,109170205,17307531,416096
1635340658.5802617,11553386,104807813,731501456,11739269,105167845,243795,10284394,11426989,108473462,17284869,416524
1635340658.6803849,11714862,103811347,733113269,11565644,103345911,246977,10306097,11595256,109792425,17544156,422667
1635340658.780511,11838621,105153845,749191273,11782706,105113481,253226,10561671,11691812,107064091,16733924,425887
1635340658.8806312,11662492,104040962,732605174,11706797,103837078,232121,10577483,12623933,106089473,17041268,414457
1635340658.9807525,11774741,105177953,739149821,11808993,105540999,254241,10533212,11617979,109325327,17258552,418682
1635340659.080873,11747173,104932621,742653575,11781707,104570026,243376,10621140,11675618,110128147,17571802,422629
1635340659.1809924,11565824,103535229,730105034,11594694,103969040,244259,10205284,11524749,108509093,17295289,414582
1635340659.2811117,11348087,100105236,715063474,11341761,101386762,232377,10377403,11344968,106984634,16966476,406896
1635340659.381234,11718650,104800238,733261555,11735525,104921571,238153,10743077,11588027,109756160,17508177,419946
1635340659.4813545,11648637,103368505,741648228,11902211,106013027,238809,10572976,11594882,109327036,17575265,418401
1635340659.5814734,11655706,104611414,734898075,11615449,103356247,233762,10498572,11483723,107387385,16834633,414151
1635340659.6815937,11023836,96174618,724489505,11163267,101121688,270798,10211354,11121461,98326310,15382125,385209
1635340659.7817166,11168904,100555243,715060823,11068853,94152695,224025,9932013,11090471,105310651,16509801,364929
1635340659.88184,11714587,101835758,749784156,11746971,98824818,224203,9946463,11724780,108654942,16037453,402209
1635340659.9819613,12146438,106521027,765324324,11916244,101135534,216290,10121738,12668013,107902715,16462684,416881
1635340660.0820818,11477283,100925818,721556216,11124612,99414226,247021,10364853,11725871,103849185,15647660,410219
1635340660.1822026,11279950,101957763,705542764,11254787,101597255,221497,9908953,11300645,105541898,16333333,398647
1635340660.2823255,11443390,101489279,723630661,11199820,99196737,231644,10105138,11369113,104980664,15160370,404402
1635340660.3824463,11509186,103120460,717891492,11521032,104088705,226511,10256980,11534748,108958878,17345902,411467
1635340660.4825687,11386481,102111056,714308976,11513376,103072166,226482,10264016,11515824,103663775,15201944,411233
1635340660.58269,11648931,102995484,725231754,11507337,103701853,235968,10314874,11673247,109201985,17473147,415797
1635340660.6828103,11219644,98858657,723578650,11497157,103429762,227462,10505423,11621506,109646475,17239788,410974
1635340660.7829316,11711733,102971573,733262733,11714213,105860385,231753,10661796,11715470,109109507,17134901,419999
1635340660.8830512,11777869,104853053,730869614,11670032,103376258,231424,10299098,11594796,107844625,16978199,410756
1635340660.9831712,11410732,101905447,709302685,11343899,100954483,223973,10285114,11356644,106984079,15501679,405415
1635340661.0832915,11544642,103185751,717788591,11522517,102776329,226736,10321355,11499557,107865627,17222952,410626
1635340661.1834128,11357118,100959605,706217499,11407451,102173938,228888,10283177,11290477,106891418,17004798,405390
1635340661.2835324,11282202,103914653,723021781,11546744,103331102,251696,10405227,13178772,93402878,10169494,400998
1635340661.3836534,11544275,102701562,722555574,11606973,103790059,224195,10465871,11577170,109079041,17364048,416848
1635340661.4837737,12162661,109002694,757311950,12169958,105261306,222813,9211209,15126013,89231095,17109113,439422
1635340661.5838943,11627503,103646935,721527184,11638033,103966879,237156,10575508,11602262,108691922,17360812,414388
1635340661.6840134,11660921,103890792,725165700,11630397,104402848,232865,10497285,11628718,109740787,16670709,416269
1635340661.7841315,11660693,104126633,724337680,11647714,104465636,225364,10408510,11579422,108454016,17390543,417351
1635340661.8842502,11612894,103841316,721809138,11615324,103973631,234620,10470231,11537470,108677012,16938043,416049
1635340661.984368,11697337,104122389,725064636,11670125,104091851,235763,10378263,11594653,108361006,16620591,415136
1635340662.084487,11652996,103782389,726904068,11714062,104488818,239024,10565485,11667770,109760550,17490210,416779
1635340662.1846056,11396068,101671145,706546402,11493359,102365595,227516,10329909,11319347,106365783,17002964,406295
1635340662.2847247,11591423,103574839,721588640,11516338,103094332,237817,10422036,11489344,108243677,17366416,410619
1635340662.4349334,11861125,105254680,745820174,11359710,99613761,229365,9863507,11903966,111961150,17739315,425434
1635340662.5350711,11724758,104469371,726992057,11748842,105338877,245998,10596646,11626957,108883161,17361215,418674
1635340662.635198,11818904,105377907,729281903,11785107,104328687,239630,10709983,11669826,109584280,17569279,418198
1635340662.7353182,11677495,103989860,727080347,11665644,103945909,235523,10539479,11650258,109381690,17464613,416290
1635340662.8354385,11539478,103527963,742024511,11880796,105385525,249532,10725189,11604779,99909017,11816063,394253
1635340662.93557,11283176,98065903,740696370,11776352,102891620,232453,10758364,12230066,105040265,14834161,402182
1635340663.0357075,11664862,101710238,728848835,11486720,102934670,240354,10508692,11611221,108637664,17501891,419537
1635340663.1358323,11650349,103875471,730478780,11741027,104439414,241777,10723407,11681645,107508837,14977997,388835
1635340663.2359536,11225772,102121513,724832716,11695743,102719657,236650,10419067,11617726,102344788,13888380,377862
1635340663.3360753,11864191,102649092,771879919,11319207,100446418,236300,9884883,13097936,104838485,13724569,430113
1635340663.4361985,11388539,100227585,772223075,10932097,93968039,235196,9913783,13061157,107625101,16164643,444327
1635340663.53632,11903733,106893816,778216645,12527547,104834119,251975,10653000,13616690,90207716,8834524,391162
1635340663.6364613,10982243,102300138,760177706,11551500,105654515,276152,9763791,14400224,94994723,4880585,390991
1635340663.7366128,11572935,86930689,774424197,10193794,97315880,267953,9443420,12894958,110175914,17681716,403565
1635340663.836756,11577757,104384789,728487859,11476499,101960867,258493,10224136,11515239,108758216,17272433,397653
1635340663.9368849,11537241,102775192,736810195,11502628,102881299,245692,10606338,11825592,110288610,17571158,414119
1635340664.03701,11674644,103901435,735668014,11721663,104948870,253047,10679364,11810286,109323126,17185086,411268
1635340664.1371396,11610746,103836993,729648438,11668993,103868176,237976,10474594,11625583,106714218,17051878,411991
1635340664.237262,11503387,102077100,712634373,11401539,101200625,232011,10139556,11373719,105494635,16711268,409718
1635340664.337396,11632752,102760982,727389809,11585647,103979546,240378,10531264,11712786,110189161,17445147,414219
1635340664.4375265,11634961,103786274,732733602,11798870,105282751,230059,10752440,11741137,108578747,16953510,412769
1635340664.5376518,11756907,104911565,730181775,11633803,103999567,239977,10385529,11659545,108088146,17561579,422094
1635340664.637776,11624112,103415937,726461792,11578928,103893496,235712,10532788,11752511,109973637,17345031,414779
1635340664.7379,11604803,103848858,723063166,11626564,104540886,237219,10364357,11581122,108879425,17410406,415484
1635340664.8380237,11661902,104491305,725347819,11658673,104370117,240036,10474654,11594579,108759064,17414804,418783
1635340664.938147,11637403,103889735,723668692,11611352,103798887,237454,10316441,11693191,109597910,17500040,416715
1635340665.03827,11641526,103747142,724504545,11668097,104511817,220107,10507721,11574570,108918569,17419399,419894
1635340665.1383963,11627725,104897669,724281121,11642563,103868220,234859,10485330,11560703,108477474,17308503,418014
1635340665.2385187,10936563,97972304,716360032,11453042,101835861,230517,9887073,12501017,99350930,16938277,389230
1635340665.338656,11508561,101883226,741137135,11754770,103709518,240552,10625294,11888372,110892589,17379913,412086
1635340665.4388022,11854575,104996276,739814003,11782787,105177160,224164,10324874,12176411,108465653,17764834,421939
1635340665.5389292,11020687,99681832,745906580,11740401,105820943,240562,10662967,11924278,110180896,14946277,414877
1635340665.6390536,11585152,104571444,726807885,11623839,104995734,235947,10341689,11624141,107441094,16764709,409122
1635340665.7391765,11433719,101746838,727221081,11563679,102078847,230908,10434086,11665472,108447400,17401523,421978
1635340665.8393013,11717826,104364825,728923592,11521623,103171851,242341,10461290,11645003,108594858,17455248,418863
1635340665.9394264,11697434,103462814,735482694,11751074,105126370,254049,10609575,11706282,108919649,16902365,413627
1635340666.039549,11572700,101903284,733043175,11610499,104946958,244045,10458026,11935189,107298572,15783156,421103
1635340666.1396747,11706974,104001235,730440817,11750597,104026009,244633,10710226,11727441,108762969,17188745,416401
1635340666.2397983,11611371,102792933,723254387,11559284,102294911,240939,10347450,11465445,102958932,15205121,391230
1635340666.3399315,11384098,102500712,721519260,11493566,102603731,239896,10350824,11530754,107100844,15686273,401057
1635340666.4400833,11693713,103211493,735271157,11707412,105082891,233357,10577230,11840405,108712605,17344908,423181
1635340666.5402079,11505027,100909387,736721950,11773628,104650947,246885,10637311,11813733,109266523,17564997,423375
1635340666.6403327,11605620,103229654,727002958,11609473,102638409,244367,10560701,11589337,105406459,16029990,417167
1635340666.7404609,11735663,104246291,731448341,11705886,105030704,238302,10644391,12375612,103525433,14458489,419731
1635340666.8405864,11727672,104976180,733263744,11751151,104134203,241162,10679638,12030410,108385495,16942955,420524
1635340666.9407215,11714994,104025566,734447499,11717405,101598054,241245,10690561,11794910,110297982,17642806,421078
1635340667.0408485,11421165,102231125,732462744,11697416,105404936,239277,10572846,11679340,107371627,16989384,407621
1635340667.1409721,11737143,104700039,733694869,11726117,104567371,240881,10696966,11641644,107992661,17039925,419291
1635340667.2410967,11306870,100070197,718568977,11272082,99436703,240907,10078002,12402970,105657737,17282578,408949
1635340667.3412318,11443689,102775066,727053750,11617380,103893462,227987,10551078,11593279,108081186,16687044,416456
1635340667.4413624,11488441,103288059,727179433,11710220,103925599,233183,10186183,11520354,105922465,16658310,410019
1635340667.5414867,11824921,106977180,740325056,11092436,95616566,242578,10273349,11854476,111900849,17816680,427139
1635340667.641613,11385361,105233614,731304614,11718425,102767710,239391,11128712,11556072,108139286,17125906,407650
1635340667.7417374,11003922,92733443,765058164,11109278,99975361,248537,10923770,12156905,113145814,16956621,433372
1635340667.8418627,11391237,98111667,764415363,11252195,101586237,235760,10594766,13910088,114207858,18089299,446620
1635340667.941987,12539790,105998615,769361238,12223548,107551255,243062,10352027,12611957,98845747,11289037,370844
1635340668.042111,11725616,103071687,740696251,11550578,103902080,274371,10443179,11550317,107899229,17082003,392855
1635340668.142235,11404791,102638590,730539415,11575075,104231851,280175,10195831,11424147,107919595,14745465,385054
1635340668.242359,11169281,99760887,705445684,11183303,99994962,234779,9901996,11146410,105781390,16837764,382447
1635340668.3424919,11465045,102842927,718135200,11448860,103473752,227431,10134964,11549821,107430637,16828222,410247
1635340668.442621,11429691,102111218,713535776,11437293,102494269,233958,10124829,11589731,107578787,16971309,406726
1635340668.5427456,11446417,102545756,717924261,11467188,103002504,228562,10111681,11595741,108114644,17272991,412530
1635340668.6428695,11568356,103496477,723169416,11556754,103024806,242059,10248047,11707343,107895135,16908580,420854
1635340668.7429934,11602748,102881244,722895255,11635079,104181529,225804,10321888,11646057,108558702,16903679,421158
1635340668.8431199,11578505,103799692,723847081,11591963,103778227,228833,10291321,11585263,107312950,16962290,422347
1635340668.9432433,11540850,103259689,722102663,11539815,102811559,233502,10197021,11649814,108397823,17110673,413018
1635340669.0433683,11590440,103028478,723858785,11591344,104459780,250885,10343724,11713898,107569987,17018368,414299
1635340669.1434917,11530934,103316966,720178047,11546093,103630925,218677,10155160,11613089,107491597,17009792,416433
1635340669.2436163,11355228,101149706,708591730,11344544,100880395,231739,10120359,11366318,106431422,16853490,404352
1635340669.3437493,11635773,103108548,725067880,11643396,103896025,240414,10522406,11756282,107834819,17176088,415270
1635340669.443878,11661711,102953137,724160355,11640495,104369061,237067,10410124,11702555,108495397,17159521,417708
1635340669.5440016,11574459,103260716,721488941,11578553,103396465,232958,10414501,11573545,107145663,16878091,409337
1635340669.6441278,11622057,103443670,724380423,11624223,102826290,235132,10430097,11697923,108681748,17400656,416974
1635340669.7442522,11564604,103520667,718979878,11529770,102915863,235256,10434726,11645053,108321798,17227157,414216
1635340669.844376,11523377,102628429,716014286,11495748,103145977,228559,10316104,11424639,107761061,17249548,413010
1635340669.9445012,11552151,102706234,727833764,11580062,103948349,220995,10241791,11602588,109168275,17369767,422516
1635340670.0446327,11375824,102279289,717605566,11546884,103525998,236922,10299196,11511928,108477710,17300142,410249
1635340670.144762,11501942,103250450,715868321,11538441,103607907,238640,10250842,11515301,108826044,17246335,412788
1635340670.244886,11252576,101068840,699168366,11279400,100498678,228730,10060102,11186545,105751241,16812192,401132
1635340670.3450165,11594549,103139209,723239820,11686411,104941924,225484,10368024,11459810,108177928,17176238,430800
1635340670.4451447,11649974,103835197,723873400,11673650,104386927,238404,10535823,11632846,108971339,17400755,417350
1635340670.5452702,11603761,104018913,720455729,11611537,103737319,235304,10504481,11483979,108119252,17286793,413979
1635340670.6453936,11427258,100351289,728733728,11721541,104822599,229452,10445183,11661424,110097755,17547202,416457
1635340670.7455175,11634306,103036289,722098709,11614601,104554703,233265,10397752,11579620,108901627,17412641,416279
1635340670.8456411,11649254,104648195,734881613,11863090,105518356,245876,10459379,12062782,106751629,15566387,418624
1635340670.945764,11502053,102507956,717994389,11431222,102642786,226654,10345779,11422591,107771938,17348367,414447
1635340671.045888,11532432,102970107,715041992,11603711,103026849,242253,10522784,11434363,107531936,17241906,412834
1635340671.1460133,11608921,102205874,719285090,11419782,102393015,236231,9946897,11762905,104724520,17317536,413381
1635340671.2461457,11454484,101405685,709461696,11475712,101725869,220371,10326740,11406347,107381369,17187716,406830
1635340671.3462844,11687835,104182967,724086768,11701026,104233223,239436,10636391,11601727,108966047,17392864,419576
1635340671.4464135,11728113,104077686,726940363,11770931,104347844,236953,10739341,11599460,109131595,17348173,418610
1635340671.5465362,11822978,104751616,734276578,11835225,104658736,222612,10108753,12271613,108286175,17699484,428819
1635340671.6466627,11759423,104357519,727555092,11744928,104760651,237585,10696429,11667577,109379580,17494299,419693
1635340671.746786,11795115,104307683,727479456,11784098,104683660,236305,10728899,11729965,110112589,17585186,423192
1635340671.8469093,11729692,103999282,726098331,11712341,105383119,233980,10625933,11653785,109481064,17493293,420154
1635340671.947032,11516025,104472986,728030786,11779551,104965069,237194,10634254,11639886,109137805,16285540,419536
1635340672.0471554,11691816,103629128,724837055,11771933,104547991,237674,10682686,11634141,109545202,17478516,417876
1635340672.1472785,11761485,104698391,728103883,11776749,104782922,241538,10784675,11629668,108939466,17498680,419904
1635340672.2474012,11479736,102347245,711344482,11498039,102674669,227261,10369819,11304788,106211520,17050171,412108
1635340672.3475277,11714968,104042211,725400279,11748712,104599786,243761,10725069,11611292,109374362,17529937,418791
1635340672.4476545,11717782,104161144,725795486,11760202,104421089,236149,10622296,11674997,109223907,17501493,418733
1635340672.547777,11688336,104339184,728035367,11794135,104918188,224801,10680544,11644327,109848185,17158039,417815
1635340672.6478999,11151114,101399840,733083146,11689480,105333604,233935,10702975,11700987,110289759,17618580,424990
1635340672.7480276,11712754,104680182,726831995,11741412,104935252,236735,10560506,11663560,109869586,17594238,423616
1635340672.848152,11720819,104110037,726836941,11783588,104149385,236178,10624514,11660131,109286783,17439659,418422
1635340672.9482744,11791863,104244706,728515067,11677564,103870492,225217,10873450,11700907,110542045,17533688,423881
1635340673.0483978,11800089,104360668,728471731,11836026,104803270,239518,10646765,11649166,108111218,16373969,417871
1635340673.1485205,11726048,103903735,724213676,11763408,104706380,238256,10588152,11627018,109427096,17484749,414148
1635340673.2486446,11468564,101720371,710405050,11545652,102209653,228867,10437383,11339086,107094458,17089144,409922
1635340673.348772,11760654,104457478,728275780,11819328,105028854,235526,10691781,11661094,109859132,17467512,418090
1635340673.4488988,11706360,103934684,725967363,11753561,104207207,252743,10590846,11639966,109590323,17452834,413299
1635340673.549022,11740811,104263719,727025070,11786324,104561526,225317,10516374,11660113,109725439,17470296,421902
1635340673.6491446,11722249,104285941,725346380,11751603,104349529,238859,10562745,11617299,109799276,17425950,418626
1635340673.7492673,11760620,104637512,729524700,11830251,105386357,250392,10736294,11646530,109203734,17487219,419120
1635340673.8493905,11656030,103795937,721140075,11658765,104208741,237328,10589703,11623870,109651948,17444750,415697
1635340673.9495132,11647650,104278159,727169355,11755890,104117283,223962,10748313,11628625,109609718,17522378,422137
1635340674.0496356,11706393,103991242,724959997,11755061,104182181,237202,10644787,11683348,109841058,17602969,414888
1635340674.149758,11730344,104195361,726079349,11775820,104636023,243707,10600823,11649460,109376944,17493620,416433
1635340674.2498803,11440069,101838088,709417778,11505784,102627498,217645,10490052,11328934,106513605,16957349,409902
1635340674.350021,11755264,104587913,727005126,11821745,104782419,233134,10815380,11564596,109575144,17448934,421391
1635340674.4501479,11791718,104661845,727575164,11782015,104541936,253632,10827531,11674583,109947623,17540135,418692
1635340674.5502708,11711787,104443513,725631621,11783731,104328988,229884,10702885,11665101,109883766,17510368,418670
1635340674.6503928,11715556,103960359,725738891,11754981,104923999,234703,10794754,11621738,109444209,17420866,418698
1635340674.7505164,11694563,104471678,723836783,11713131,104621626,246442,10593823,11579019,108909809,17427344,416261
1635340674.8506396,11732660,104886755,726844199,11777281,104473746,227598,10808041,11607219,109208594,17490461,418611
1635340674.9507623,11707897,104025444,723528090,11775271,104318781,236691,10617261,11637071,109520862,17440775,421712
1635340675.0508857,11734465,104194793,728202441,11810816,104696584,232494,10760516,11676619,110091470,17490241,414975
1635340675.1510105,11728397,104361654,726011645,11782687,105069487,246062,10739998,11644587,109151815,17411671,416404
1635340675.2511337,11432505,102604271,708264368,11500308,101593291,229387,10462547,11302512,106317302,16889661,409731
1635340675.3512652,11697454,103695694,725923468,11759088,104920819,230090,10718636,11656096,109071391,17432984,417322
1635340675.4513924,11742981,104471500,727072873,11686677,104460853,239801,10713954,11675271,109528362,17510410,418704
1635340675.601581,11726717,103639176,726549733,11766749,104424231,239070,10693867,11678489,110070265,17462158,414596
1635340675.7017055,11750387,104493515,727685839,11785460,105119507,239185,10663429,11615108,109076518,17394717,419091
1635340675.8018293,11733802,104890042,727557880,11758825,104861041,231211,10650248,11564633,108790695,17499281,419158
1635340675.901953,11768561,104451426,726932737,11792932,104532087,249163,10768019,11659387,109807803,17569548,420872
1635340676.0020752,11753239,104418913,726286984,11778803,104494416,248829,10834641,11638926,109560648,17471166,419829
1635340676.1021993,11696258,103710146,725368238,11787863,104972239,250183,10714073,11656497,110118746,17379971,413888
1635340676.202322,11771724,104983971,728182884,11783513,104782668,241071,10634061,11621864,109085689,17484896,421807
1635340676.3024454,11516494,102282825,711655736,11552259,102264863,244474,10465603,11393742,106835228,17094716,410780
1635340676.4025779,11734756,104345611,726334530,11760779,104364358,249681,10666651,11604239,109463528,17416081,418947
1635340676.5027018,11735147,104386376,726325797,11765215,104474501,248800,10760928,11646090,109813779,17331160,412698
1635340676.6028247,11675852,104223351,724226251,11753308,104544293,239590,10725405,11601919,108772774,17326890,416983
1635340676.702948,11731670,104422292,727499729,11801270,105198771,250095,10738652,11666564,109328892,17479103,417569
1635340676.8030713,11645653,103817135,721167110,11667101,103833123,238066,10542843,11595204,109324021,17418635,415357
1635340676.903195,11771923,104611567,728337219,11806953,104746411,241575,10715980,11656859,109727455,17486026,417857
1635340677.0033183,11715102,104300454,725127778,11730211,104360826,254740,10623438,11645522,109598926,17363483,415822
1635340677.1034431,11726414,104509452,726690296,11807448,105154306,247151,10775590,11621885,109279240,17466303,416764
1635340677.203567,11725479,104288603,726315155,11712715,104225010,238202,10719230,11634820,109359190,17433276,418797
1635340677.3036907,11476443,101758143,709974797,11461544,101525688,237086,10320497,11437284,105952218,14910351,410320
1635340677.4038231,11778386,104559165,730008688,11852684,104810071,244427,10830813,11716553,109980187,17586393,419260
1635340677.503946,11762051,104688782,729252779,11857719,105117348,245941,10833185,11630920,109363731,17507613,420979
1635340677.6040688,11781542,104158053,727541055,11828038,104876473,246590,10815714,11621272,109649701,17536415,421068
1635340677.704192,11805275,104926357,728846819,11822802,104351395,251652,10848098,11673104,109784278,17505299,421335
1635340677.8043158,11676010,103931757,721924046,11654926,103826925,246222,10479542,11572366,109164220,17403105,415926
1635340677.9044392,11773791,104300891,727033680,11823443,105176369,224857,10703131,11619649,109622992,17451961,421086
1635340678.004563,11785129,104641777,726722418,11805685,104729481,250878,10736063,11635095,109410026,17436025,419745
1635340678.1046865,11825158,104598443,730288472,11853373,105088316,246304,10826126,11714746,109911568,17544852,419043
1635340678.2048097,11697290,104296549,724541174,11763760,104223789,225065,10695144,11630928,109373295,17494654,419679
1635340678.3049324,11500762,102676779,711852850,11521266,101987189,251672,10506635,11335316,106235560,17056803,408111
1635340678.4050624,11763139,104987853,729247821,11796604,104514094,245732,10693103,11595374,109359851,17414415,417954
1635340678.5051854,11742130,104381944,727033050,11781459,104394475,246794,10730115,11625485,109851428,17519735,418055
1635340678.6053088,11749054,104474132,726991755,11775209,104611995,229097,10607889,11694121,109773442,17477019,420781
1635340678.7054322,11680374,104335949,725337650,11742431,104574525,249930,10672265,11575034,109017576,17427246,421696
1635340678.8055553,11737199,104932437,728101052,11780698,103908821,261068,10727871,11620062,109343639,17517953,419848
1635340678.9056783,11659421,103718718,722149019,11648503,103995751,238434,10529345,11554083,108865664,17388337,417707
1635340679.0058017,11678635,103987325,724610133,11706649,104421799,244150,10591455,11644771,109358813,17435491,418800
1635340679.105926,11727654,104448110,726518326,11760842,104574126,254963,10676016,11613756,109387577,17496835,419682
1635340679.2060487,11620327,103456065,720915220,11649316,103455260,239235,10565037,11531971,108266677,17325748,416914
1635340679.306172,11502663,102599347,714561214,11417935,101599955,221683,10454636,11412813,107593492,17256327,414491
1635340679.4063013,11685981,103925873,725573665,11749976,104344825,245028,10708492,11630963,109332371,17442736,419856
1635340679.5064247,11722042,103924528,724662452,11753549,104158830,242233,10671097,11621562,109482698,17467287,416239
1635340679.6065493,11714130,104375131,725432130,11710640,103972017,219643,10522440,11618277,109277788,17429067,421822
1635340679.7066724,11677223,104040117,724622922,11708148,103769743,256103,10528137,11616025,109221937,17423126,416818
1635340679.8067954,11757970,104197763,729171622,11844684,104881476,260172,10745908,11694187,109805312,17519643,421254
1635340679.9069183,11734265,104038450,725244029,11762435,104543417,226281,10745060,11613888,109291841,17446625,419828
1635340680.0070412,11756781,105047834,727792946,11754191,104345480,245584,10643293,11598483,109026990,17466805,419156
1635340680.107165,11750607,104289518,728951216,11797076,104435340,246306,10840988,11694432,109795623,17551578,420139
1635340680.2072887,11494909,102033877,713197150,11545087,102434460,237581,10670020,11431548,106968939,17122413,411317
1635340680.3074112,11743493,104406817,726947222,11784771,104455341,228079,10732010,11592454,109055321,17499773,421104
1635340680.4075406,11774182,104372004,728602641,11779467,104622858,240704,10721658,11617622,109917138,17574795,423946
1635340680.5076652,11707381,103993717,726415301,11737102,103950201,261311,10626183,11633369,109604789,17488741,423061
1635340680.607788,11766303,104691459,728816628,11853090,104741847,238032,10781223,11642688,109551859,17466549,419743
1635340680.7079103,11773337,104985090,729759030,11822756,104520475,236714,10763914,11627630,109411322,17541667,422571
1635340680.8080325,11745138,104693242,728712729,11769338,104308301,227821,10619263,11649887,109491746,17505183,421483
1635340680.908156,11746704,104585293,729648761,11829713,104704483,248011,10847417,11658734,109302030,17497180,417127
1635340681.008279,11784641,104642655,728374611,11791962,104861130,250333,10692063,11671236,109437881,17511726,420286
1635340681.1084027,11685953,103919726,726198611,11722602,104163212,239954,10584988,11642974,109362575,17519882,419888
1635340681.208528,11437110,101466755,711180098,11510851,101903509,239548,10496705,11392404,107110924,17132840,408335
1635340681.308652,11709916,104313201,726141911,11739826,104473006,223679,10612804,11552296,108807887,17499747,424512
1635340681.408781,11724745,104378592,728502381,11761390,104213366,241767,10709724,11680436,109570870,17500759,421228
1635340681.508904,11648360,103649101,723748240,11698760,103454195,228549,10283317,12791954,104168913,17375337,417654
1635340681.609032,11829235,104545362,742727984,11732913,102955755,233672,10725481,12206346,110342687,17807416,428967
1635340681.7091563,11924342,104302554,755779177,12238777,104846523,297408,10882426,11568416,109597090,17376224,427161
1635340681.809279,12086985,104943153,750293177,11751246,103028958,293742,10529486,11523272,108535610,17488757,412824
1635340681.9094024,11959353,104940965,751941734,11861729,104313321,298855,10124489,11445474,110467536,17831601,434400
1635340682.0095248,11768352,103086058,753295015,11644446,103437006,257793,11002586,11785304,110469281,17564504,418554
1635340682.1096482,11740110,104394865,725985960,11697354,103267020,269817,10645114,11598524,109696233,17573493,420126
1635340682.2097712,11410777,101471939,710781650,11494053,101786096,232087,10427543,11396540,107353267,16932766,411220
1635340682.3098946,11684418,102389120,743508108,11796875,105428396,257002,10756012,11675496,110364750,17851972,429415
1635340682.4100204,11762914,104349922,733898827,11793593,104255469,261392,10694565,11669915,109320679,17497568,415994
1635340682.5101435,11754679,104012360,733862567,11798269,105096613,224559,10828477,11477854,108712430,17372303,434471
1635340682.6102667,11745446,104332628,728500857,11753546,104137455,248087,10755862,11673752,109462274,17525310,423890
1635340682.710389,11717759,103998405,726073489,11705394,104003816,265072,10750441,11600415,109383253,17479038,418384
1635340682.8105116,11726460,104346011,729004055,11773988,104748827,231302,10725941,11620114,109646225,17529447,421067
1635340682.9106348,11633695,104694294,730202520,11773885,104274643,248710,10708245,11691559,109944857,16412854,419348
1635340683.0107574,11727780,104445594,729085866,11795648,104388754,247029,10713476,11656383,109463955,17484526,418576
1635340683.1108818,11776460,104314119,730130357,11779472,104675300,251912,10737848,11625344,109472516,17490827,418965
1635340683.2110047,11474666,102006122,712491534,11508265,101773578,220550,10179049,11376795,107007161,17101583,410369
1635340683.3111277,11716878,104171013,727774689,11770217,104326767,261571,10738548,11643527,109075196,17446989,420624
1635340683.4112563,11696284,103709573,726129204,11735290,104595261,236149,10581405,11524932,108679956,17396373,421250
1635340683.5113802,11728075,104705818,730104282,11807495,104638777,258988,10848851,11622991,109236077,17514904,420692
1635340683.6115038,11759267,104179509,728291135,11722998,104148101,224238,10759506,11623649,109237555,17512116,425051
1635340683.7116268,11736191,104386669,729730017,11820913,104457649,243921,10790835,11605896,109172836,17551060,421256
1635340683.811751,11736053,104375424,728188252,11732898,104408266,238934,10600680,11602682,108707578,17411326,420761
1635340683.9118736,11683498,103780484,724368123,11701439,104305579,242132,10539796,11574307,109215803,17424341,415888
1635340684.0119958,11722964,104153652,727909395,11737034,104010822,230765,10633454,11626642,109472346,17504554,419527
1635340684.11212,11722305,104041870,729252464,11762465,104275590,246673,10766009,11676774,109175651,17494328,418200
1635340684.2122424,11360755,101285930,710892751,11447305,102029274,244444,10407656,11251328,106126236,16956566,405331
1635340684.3123665,11745383,104174197,728101149,11767690,104157595,251304,10693173,11623909,109140950,17475601,419637
1635340684.4124951,11691352,103962656,726065300,11702359,104011877,224857,10691270,11545359,108692049,17465133,418209
1635340684.5126188,11727291,104599067,730593903,11795977,104289267,250576,10781188,11684408,109652834,17457579,425826
1635340684.6127417,11753164,104641882,730080620,11779721,104320375,254480,10727696,11621115,109431380,17505350,419002
1635340684.7128649,11743239,104083560,729116789,11765247,104559390,224496,10648221,11637552,109429142,17459147,418429
1635340684.8129878,11743560,104296737,728693167,11762142,104492533,244142,10703236,11582308,108967532,17479466,419354
1635340684.91311,11740582,104264317,729714143,11795767,104621062,245113,10778502,11628398,109277834,17560592,418293
1635340685.0132334,11790673,104267562,729706655,11817280,104471501,248641,10725987,11651788,109447160,17489936,420157
1635340685.1133573,11734691,104563085,726841661,11725057,104015896,248106,10655626,11559362,108896741,17419185,419999
1635340685.2134807,11480249,101582438,712630947,11535231,101877214,222767,10518036,11399841,107195096,17047474,409468
1635340685.3136044,11733108,104273737,727865996,11775366,104414965,248017,10752745,11616586,109093348,17505488,419703
1635340685.413732,11771261,104859791,729135074,11792276,103944067,251139,10443613,12615053,108018597,17503622,417620
1635340685.5138555,11760437,104754810,730398165,11824597,104547482,243204,10714449,11614630,109267618,17485101,421256
1635340685.6139786,11741183,104032904,728466904,11766409,104561527,222306,10591724,11627103,109539027,17471816,420847
1635340685.7141018,11651216,104109054,725504987,11736783,104433649,238002,10693240,11471237,108874243,17387575,415769
1635340685.8142254,11783613,104686361,731534055,11799231,104660025,278231,10692000,11630082,109673564,17529090,419625
1635340685.9143486,11756764,103943432,728263699,11786283,104102246,247198,10622579,11688899,109291192,17492509,421524
1635340686.014472,11762030,104528903,729856267,11796429,104641842,227336,10754875,11605487,109346069,17510512,421978
1635340686.1145961,11795776,104572672,731411621,11816306,104887846,298157,10704832,11683884,109630045,17532322,420692
1635340686.2147198,11457448,101651316,713802301,11573105,102305511,240812,10561648,11395301,106860395,17133051,408019
1635340686.3148427,11719260,103925513,728319114,11743660,104234987,252425,10632686,11663233,109594451,17450759,418182
1635340686.4149709,11725018,104378242,728463241,11728577,104561697,225109,10697264,11600295,109331321,17513612,419338
1635340686.5150948,11670354,103079363,722886816,11704035,104185882,254796,10691255,11594438,109098511,17466351,417015
1635340686.6152184,11684158,104177477,727132711,11707527,104265203,237121,10598378,11568623,109278825,17390609,415895
1635340686.7153413,11625461,103125792,722537426,11650450,104836115,243032,10514201,11456425,108191596,17351243,412367
1635340686.8154645,11397307,102994152,715599745,11336779,101577362,230852,10154098,11539840,109742901,17385282,406334
1635340686.9155874,10812184,99117492,691307120,10852710,100207644,224995,9523576,10912936,103415676,16451762,374708
1635340687.0157099,10020962,90038225,629793949,9991514,90389905,194325,8533873,10236283,97274747,15315967,327181
1635340687.1158335,8794897,81099644,557970996,8724666,77688899,190041,7506236,8930244,85378130,13390560,296528
1635340687.2159564,7004133,62039306,435877254,6973590,63085122,132757,5982096,7002539,66228198,10502002,250069
1635340687.3160794,5969327,53251395,368826966,5982945,52785177,113078,5360534,5876541,55991785,8894662,200246
1635340687.4162025,6032469,53376782,370943005,6010835,52756859,117946,5143920,5804469,54856939,8888454,207707
1635340687.5163255,4169136,37071193,262242967,4266133,38306031,72343,3820921,4034591,37824051,6068523,163996
