1635292910.7728384,91801,431819,190568710,92490,426527,2060,20268032,68874,662503,11934,2314
1635292910.8729637,93127,425844,225733273,98529,461347,2154,15785839,61440,608717,9951,1580
1635292910.9730961,87353,407974,224787180,86939,404821,1972,14942830,69075,567557,9295,1449
1635292911.0732167,93931,470969,226658154,85991,408778,2106,14923053,69449,570524,9308,1554
1635292911.4926333,95770,462877,225365759,105796,430275,1578,14508558,66614,563264,9144,1456
1635292911.5927541,100103,465748,225578341,106439,505865,2226,14409641,78310,615496,11252,1518
1635292911.6928759,104369,524385,226581199,87558,545547,2403,18867948,82366,527125,10665,6536
1635292911.7484362,280005,1243528,227381477,127441,656846,4278,20817755,308878,1743826,48347,12218
1635292911.8485563,523573,3617130,221801240,466056,3173608,13283,5111842,502919,2850526,75063,14225
1635292911.9486759,497166,3529598,224188266,495289,3187558,13660,4775169,484808,2405509,54994,12468
1635292912.0491202,133272,245062,189411693,37541,200350,972,4607827,31013,430710,27137,7672
1635292912.1996813,37570,188272,199840263,38934,191761,1175,6095393,35531,192929,3458,1526
1635292912.2998018,37969,210649,188095011,40046,221419,1203,5618596,36292,253733,5348,3235
1635292912.3999212,38146,194961,195916245,39996,195895,1166,5354880,36706,209770,3612,1419
1635292912.5000103,35708,185470,178294864,35772,178228,827,4173341,33694,218093,4825,3268
1635292912.60013,39538,206149,199818748,41924,204477,935,6950224,37978,201850,3797,1728
1635292912.7002504,35988,168626,185137177,37208,196979,1004,4096962,33360,186962,3746,1222
1635292912.7557936,40544,186108,182836104,36983,187747,1149,5089277,33231,183064,3430,1237
1635292912.8559134,36424,160789,197505954,36253,199486,1165,6047328,37017,189463,3559,1726
1635292912.9560328,36581,179752,183024654,37040,186312,1020,5041459,34420,181956,3491,1492
1635292913.0561533,39713,198577,189437978,38705,200696,1203,5845373,35721,180067,3501,1454
1635292913.156273,36523,182716,185300653,36868,183782,1066,4486503,34710,172093,3143,1422
1635292913.3064559,37899,194161,200433963,40494,193978,953,6082469,36573,187412,3684,1667
1635292913.4065802,41104,207192,206927633,40021,216852,1150,6253915,38765,203014,3746,1507
1635292913.5066998,41219,212393,205654282,40805,205285,850,4979495,38190,201007,3642,1433
1635292913.6068196,38837,182619,196426110,38915,207074,1057,5076929,35973,190553,3779,1219
1635292913.706939,284332,1793892,226561190,268608,1710887,10984,4773780,279083,1693416,44571,20974
1635292913.7623715,292791,1817124,224005466,318994,2000575,9485,6073841,288222,1659899,38928,7820
1635292913.8625038,290912,1709068,223532337,303439,1897650,9095,5628798,323638,1759565,38922,8048
1635292913.9626324,269908,1606402,222375616,267050,1615141,8735,5357194,265998,1431494,32471,7109
1635292914.062753,279177,1642993,222156204,262105,1580661,8180,6056043,258748,1382878,30913,6660
1635292914.1628733,259267,1729018,221457873,262057,1529695,8551,5681203,257576,1412316,30628,7116
1635292914.2629924,228794,1409795,224029008,253077,1474584,7161,5781073,263789,1457869,32104,6333
1635292914.3631103,225241,1299675,222155588,236905,1479656,6265,6684248,237270,1302739,30077,5473
1635292914.4632292,266686,1012996,223929714,186191,1117632,4829,8084663,255895,1077002,33038,17348
1635292914.5689442,72241,343400,208810087,61849,324070,4171,6260144,102713,494910,8288,2249
1635292914.6690648,60177,302487,188599315,59476,321960,1531,5267803,50385,252986,5508,1458
1635292914.7691846,56468,279525,188323260,57980,306748,1501,5435108,49319,264392,5331,1537
1635292914.8693037,50998,269467,192641437,54143,291719,1510,5080742,52588,290764,5266,1365
1635292914.9694226,54502,283075,209863133,52083,275277,1228,6279266,51241,267305,4996,1595
1635292915.069542,51036,272485,197128255,49664,242141,1115,5302651,48907,259134,4858,1560
1635292915.169661,50695,279534,196892642,52089,264260,1256,5341524,51067,249098,4703,1475
1635292915.2697794,51846,261864,198577433,50924,266928,1452,6348393,50382,264073,4820,1508
1635292915.3698986,53137,307934,215033573,56166,293126,1384,5599501,51384,277971,5312,1747
1635292915.4700117,49794,260102,196487657,50920,276430,1126,6273280,49044,250434,4331,1276
1635292915.6201906,55046,292478,208278849,55002,275957,1347,6520480,56123,275200,5338,1391
1635292915.7203107,56611,287079,221748394,55596,302608,1552,6506100,57470,294197,5698,1770
1635292915.920551,47024,259355,4795,1437,46238,253534,198852660,50592,231724,1273,4608505
1635292916.020671,48942,251102,5320,1528,52317,269339,201784347,54312,303152,1485,5678121
1635292916.1207902,47952,243491,4950,1448,52961,278106,207216161,56003,261299,1340,5805039
1635292916.2209103,51008,259848,4900,1513,49730,273180,204322023,51734,256236,1311,5547512
1635292916.3210306,46784,246385,4738,1356,53613,278351,210511908,54621,280422,1313,6467327
1635292916.42115,48467,247056,4897,1334,53937,256088,186094605,46558,240664,1222,3722525
1635292916.5212698,43071,214412,4311,1196,54594,283200,207982737,53961,301058,1573,6650557
1635292916.6213884,58039,309900,182662679,49346,282777,1233,6129939,49892,310153,5699,2186
1635292916.7215073,62458,327004,193812171,58597,303893,1502,4674489,46947,358597,4910,4286
1635292916.8216267,64530,320082,206438406,58641,334464,1635,5564287,63231,318887,5970,1606
1635292917.021863,45341,248482,5668,1687,53945,259011,193639187,50723,256427,1536,3338597
1635292917.121983,65120,281678,6525,1102,60784,340203,190553879,60780,274979,1408,4907814
1635292917.2221022,62966,289034,5731,1022,64410,287035,197698663,57072,309275,1675,4328158
1635292917.3222208,48652,260522,6397,1787,61633,360705,198445886,71644,334454,1212,5448116
1635292917.4223385,68796,292304,4819,1481,68376,368932,216862234,70985,336462,1400,6644489
1635292917.5224574,66043,324713,6833,1526,72310,295930,201504555,61162,332891,1578,4754459
1635292917.6225765,55208,304789,5701,1921,54071,292817,202238415,70475,342242,1536,4510327
1635292917.7226949,75030,349946,213702379,52804,277601,1513,6127833,53100,292556,5491,1660
1635292917.8228157,58173,299452,219333883,58302,299713,1478,5646386,47900,272894,5927,1848
1635292917.9229338,55935,286238,206316251,51186,263026,1264,5483768,59139,303824,5435,1668
1635292918.1231709,42517,232338,5107,1512,55582,272459,198883776,51937,261064,1220,7366673
1635292918.223289,51471,262066,5278,1713,51029,256523,196887772,50159,262845,1486,5015813
1635292918.3234072,50685,262962,4983,1541,59164,320182,210540888,58670,296815,1621,5527399
1635292918.423526,51338,269423,5259,4491,111755,371887,214402903,67525,348380,1470,4760022
1635292918.5236447,38516,645482,8875,12499,96560,419365,225757232,77874,342771,1520,6207647
1635292918.6237643,51472,298486,7984,5109,57155,231342,216132216,80446,374324,1511,7597275
1635292918.7238839,75682,462458,6386,14723,56023,285761,204010050,65527,292972,1154,5600597
1635292918.8240054,55651,291754,191851765,57253,345668,1379,5599629,42862,348711,6250,2046
1635292918.9241257,59977,314430,215016913,62225,305171,1533,7162476,64849,374544,6970,2784
1635292919.124366,59072,291062,6094,2443,54729,269332,196607423,56037,286718,1377,6342861
1635292919.2244856,57885,275427,6002,1869,58146,306504,207651482,59893,305963,1354,7055036
1635292919.3246052,57992,263321,4934,2400,55866,287648,205396105,58816,301297,1655,7078906
1635292919.424725,57516,286494,5584,2156,59246,300370,205386909,55698,272591,1707,6168228
1635292919.5248456,54125,304096,5540,2408,53952,273044,188200741,53915,264450,1335,6625494
1635292919.6249654,53459,291330,5933,2240,72866,285607,199414739,57317,290852,1470,4456522
1635292919.725085,52100,272354,5217,2247,57032,301578,213784261,61189,312163,1503,5638442
1635292919.8252053,56679,282648,5713,3739,54125,285591,200555576,64875,320917,1393,4553873
1635292919.9253237,73902,327957,5318,2135,62866,361381,203790692,65253,262508,1385,4774599
1635292920.025442,54948,317426,6880,2515,64752,284847,199334855,64400,308196,1627,4821704
1635292920.1255596,39083,280616,6558,2593,72539,304266,213274687,71130,355464,1414,4955102
1635292920.225677,79288,354468,7906,2745,55906,327920,207109219,72442,324172,1447,5014817
1635292920.325796,73625,336012,7003,2604,71348,334164,207686715,72361,399480,2028,4778863
1635292920.425914,72450,311738,5689,3313,82227,457303,201495975,90015,396566,1139,5324433
1635292920.526032,51985,245273,6050,2605,66157,343277,212305016,62973,287911,1499,6283137
1635292920.6261506,59146,343893,6278,2738,68900,399272,204267299,75124,360584,1693,3799611
1635292920.7262695,68924,294400,5610,1880,71947,282274,218767713,69382,400392,1662,6685210
1635292920.8263886,96859,336091,6837,3127,83825,301054,225222453,84089,389221,1450,9534728
1635292920.9265068,72924,401443,10682,5104,88182,434058,212440917,79963,367868,1625,5249826
1635292921.026628,52352,278497,5995,2475,73553,317117,207514330,65713,342552,1696,3430101
1635292921.1267478,50353,304173,8408,3155,62410,291855,205897607,67916,306211,1539,6086779
1635292921.2268682,54763,272079,6122,2837,66417,278009,194751170,66693,312367,1324,4211262
1635292921.3269877,52462,266108,6763,2635,68528,359318,211500625,64850,313949,1389,5828589
1635292921.4271076,59761,356362,6922,3321,58909,283824,201017644,69636,338728,948,5367698
1635292921.527227,54164,237275,5210,2072,61378,269458,194070824,60585,293603,1130,4734235
1635292921.6273463,49035,265696,6719,2289,51525,261252,190961242,61148,291231,1511,3457034
1635292921.7274656,41823,239453,4399,2074,71307,323547,217231931,68359,320745,1724,4994729
1635292921.8275855,63528,316583,6147,2474,62088,327454,218143430,72228,334017,1566,3156029
1635292921.9277048,65278,315179,7044,2653,62804,304457,194230503,63843,284448,1568,3369209
1635292922.0278242,53388,273030,5462,2167,66326,337663,213286944,67879,312265,1798,3438566
1635292922.127942,58007,282080,6248,2608,64727,306306,209731512,62729,301938,1437,3959103
1635292922.2280605,62657,300507,5672,2295,63734,284048,202122500,63284,304662,1629,3226933
1635292922.3281784,57061,265431,6099,2242,66267,316773,211566955,67614,300874,1646,4738866
1635292922.4282959,59299,285538,6126,2524,57357,291202,215581150,53930,265436,1450,5652725
1635292922.5284138,56410,308661,7445,7193,65693,338456,198762016,49115,246348,1409,5086677
1635292922.6285324,51260,272383,5154,2277,50349,260308,204329883,52675,276055,1673,6928478
1635292922.7286508,56282,286052,4982,2161,51397,273695,206229713,56615,305835,1644,6080577
1635292922.8287687,52069,261765,4866,2024,51141,276764,202443265,55807,250127,1513,7768010
1635292922.9288862,48502,260301,5012,2336,49227,350060,197693322,62405,296202,1590,5618517
1635292923.0290046,48746,271098,5043,2149,100174,826533,209725796,76408,542186,1160,6285246
1635292923.1291225,87716,1087937,16776,6173,123963,760611,223956505,94468,930554,1336,10321592
1635292923.2292407,128697,905436,15289,8392,79302,693059,216682887,105146,656852,4518,9891367
1635292923.3293586,78905,637566,10210,3028,62517,502776,179290843,57662,391819,1214,4925733
1635292923.4294777,52254,285019,6561,2410,61979,312183,205541580,55986,288825,1284,6774573
1635292923.529597,52718,269559,6092,2975,57825,295713,201132612,57548,298356,1508,5596224
1635292923.6297164,47991,246258,5216,1904,61324,305290,212101026,83443,497239,1680,4959815
1635292923.7298367,65332,298209,5659,2518,95917,450402,220418043,78455,437573,1954,5394290
1635292923.8299563,92484,460406,9722,3574,54161,266396,207863369,59081,318630,1544,6651688
1635292923.9300725,77082,401675,8339,4604,55943,286076,215466340,54303,265258,2127,9896318
1635292924.0301921,60033,302688,5865,2094,44597,221998,189899485,47644,259741,1415,6844833
1635292924.1303122,44419,230941,4333,1918,48483,236068,198317937,49564,244844,1269,6470548
1635292924.230432,47032,235178,4601,1805,48592,234490,197654318,47938,247642,1368,6145392
1635292924.3305514,48245,241193,4897,1822,50934,250605,192960255,48123,237004,1154,7494959
1635292924.4306698,45776,221602,4498,1813,46367,227940,198719219,48770,246482,1430,5945882
1635292924.5307884,46227,232487,4526,1636,47774,237171,207392522,58209,506206,1756,4220046
1635292924.6309073,60212,972824,6948,2506,70711,644611,206005037,67884,523632,1855,2847693
1635292924.7310262,75351,652681,185610614,58561,290138,1429,3112241,63552,356648,3505,2442
1635292924.8311453,54035,373211,210369492,54650,353331,1296,4293134,72386,296636,4772,2484
1635292924.9312637,92965,670440,210110957,86123,699789,3095,8269895,96315,859906,98591,5514
1635292925.1315007,88003,704429,77931,5273,92699,774818,223484657,95745,926507,5170,21101590
1635292925.2316203,119859,1128077,88907,6227,83280,593329,216476834,77107,662563,2648,8449256
1635292925.3317404,93453,682784,51456,5017,73466,545971,217938014,72367,540389,2312,7734788
1635292925.4318604,72962,558989,57135,3925,72403,616549,218463194,70278,572870,1792,7618175
1635292925.5319805,71568,647789,66676,4243,72121,496177,217835033,79195,659153,2133,8106269
1635292925.6320994,70167,659053,77554,4503,66048,610559,214739208,78926,617553,2207,2820328
1635292925.7322176,55113,465574,52139,3897,66938,535147,216452549,73094,583579,2080,7441118
1635292925.8323364,67775,537849,207555979,75410,596570,2009,7177567,69119,614897,51447,4197
1635292925.932455,81540,706340,214996547,81583,710640,2755,7515892,43941,562661,74289,5078
1635292926.0325742,67443,234031,223222835,69753,263978,1461,7618354,97155,1010952,5627,9177
1635292926.2328117,61714,232662,5479,3130,47147,166650,224711029,48884,221394,1306,8928441
1635292926.3329306,43833,212951,4986,4002,49826,268692,217470754,57900,275791,957,7511609
1635292926.4330494,51767,377209,4646,6201,54936,295466,195781453,54673,279831,1438,5597952
1635292926.583228,57182,299826,5550,2025,62794,342010,215520245,58944,311928,1588,7214731
1635292926.6833491,63441,334213,6748,2425,55612,216123,190396307,48330,265184,1669,5260133
1635292926.7834706,52578,291787,5609,2436,57274,279584,196043112,54003,308415,1699,5306383
1635292926.883592,51814,278454,5759,2529,58522,326311,207710428,56667,266610,1358,5685639
1635292926.983712,57330,323105,187640950,59522,298013,1718,5157862,53330,266207,6811,2360
1635292927.0838323,55369,271360,189353957,49398,266222,1262,5373338,46879,277047,5793,2422
1635292927.183952,64990,345413,211014155,56812,240546,1034,4743807,57522,281358,5998,2376
1635292927.3841922,51393,294161,6990,4876,48259,262848,191780754,63279,328749,1884,4543598
1635292927.484315,43063,219562,4583,2020,56276,271501,208917946,54249,285638,1584,5236734
1635292927.5844352,60787,305053,5857,2408,52501,248359,198550495,49303,245784,1551,5279784
1635292927.6845584,47893,267640,5274,2280,89620,750314,216181163,60902,489599,3776,7813416
1635292927.7846832,72119,445644,44471,5242,103397,916081,218220530,75845,676321,3344,9529297
1635292927.8848028,90791,830550,103389,6101,270377,987940,223411628,99733,835299,3747,7780197
1635292927.9849217,86993,936168,122424,17014,269542,1604256,222346910,200238,1199556,4045,10429209
1635292928.085042,110422,857016,79482,9175,99458,838620,221569888,96446,882252,3105,9948521
1635292928.1851625,89790,860768,102631,6567,95281,832920,215996652,95461,830109,3429,9263150
1635292928.2852826,85586,821388,100652,7676,92679,797160,213852247,95660,865881,3389,10175529
1635292928.385402,82288,775747,95878,5654,72173,537939,207640195,87886,850643,3691,10940096
1635292928.4855208,76122,845235,86961,5950,87703,792881,213526138,93927,816476,2817,8620437
1635292928.5856395,78781,781151,96471,5694,96542,842294,217101895,127298,1226522,4058,15008149
1635292928.6857588,82154,818371,100619,5694,70651,465523,220327172,82553,979576,5279,48452353
1635292928.7858794,197687,1761317,91079,4058,93257,802162,214695978,94348,835502,3105,9734254
1635292928.8859997,87085,894633,112336,5901,96115,843736,220596922,93538,812809,3454,6320997
1635292928.9861188,84273,856694,104880,6391,90026,809764,213197513,85275,720288,3381,9985581
1635292929.0862405,83814,811269,99345,5511,96284,834699,219676347,96393,824476,3346,9615453
1635292929.1863604,84703,841396,100121,6924,93834,785655,220623681,94923,830499,3375,10744320
1635292929.286479,84199,834546,100924,6542,93883,836739,219940350,89625,797729,3457,8309120
1635292929.3865972,235416,2153721,264676,12462,193417,1086681,220660762,96890,615985,1544,3818700
1635292929.4867227,91935,1191077,175901,20291,102141,832330,218381381,93392,783181,3701,10554258
1635292929.5868454,84788,877284,112250,6942,90520,810786,219758986,98058,879095,3754,10874476
1635292929.6869664,82961,824071,101506,5984,96308,801125,215018018,79041,674380,2769,9707330
1635292929.7870944,92745,875299,99722,6176,95397,806673,213996974,85779,761446,3915,9313640
1635292929.8872182,86967,855248,105135,5479,74121,490245,218833440,74177,659676,3733,10130629
1635292929.9873414,76877,816777,104702,5724,59353,301548,202358350,59219,302218,1811,6734537
1635292930.0874627,57445,309777,6104,2337,53678,297527,205070772,55619,260936,1291,4956108
1635292930.1875834,50038,255767,5699,2500,62518,275879,201975423,56201,297012,1701,5304158
1635292930.2877064,50346,271915,5890,2668,63700,376832,218250227,70681,301517,1494,8381457
1635292930.3878274,55793,241042,5188,3719,62676,251604,226357551,63530,255670,1621,8224177
1635292930.4879475,59514,263565,5371,3340,63585,246368,222600090,141868,1302656,7864,31826277
1635292930.5880697,100859,991479,88262,4308,102227,817068,216617631,99542,876066,3434,12227833
1635292930.6881933,80435,810818,107731,6692,97826,842778,217534373,102403,881069,3972,9528079
1635292930.788317,83604,810423,70167,5829,105304,858867,222858179,95050,855037,3604,8411258
1635292930.8884375,92831,891238,105674,6913,98576,703136,212362611,72226,420968,2317,6997794
1635292930.9885569,82152,787090,65274,6685,98201,805573,209534002,95952,743976,2171,4956346
1635292931.0886767,88050,888441,105263,6237,223881,1183525,224786822,120085,759826,3441,8500726
1635292931.188797,114943,1725997,166251,17656,87705,780515,217611882,90101,752279,3019,8996712
1635292931.2889175,69800,679791,87644,5257,87342,769531,215603811,83137,750183,3639,6954168
1635292931.3890386,81414,797899,100062,5413,101522,846466,218305003,101177,893314,3343,8925270
1635292931.4891593,83679,813533,108636,6434,97500,828816,212377522,96877,841057,4119,9884175
1635292931.5892808,88256,860392,97214,6148,102279,847556,214108594,98507,873911,3409,7368267
1635292931.689401,86274,801722,101714,6334,104058,826011,219203925,101298,908395,3358,9472183
1635292931.789521,91669,883819,112722,6156,94151,868095,234246006,222132,1819047,8208,26221986
1635292931.8896403,108494,1034958,117930,5887,108037,916934,223568715,106507,897362,4199,8992723
1635292931.989762,103857,970404,122893,7567,102391,895355,215662992,105863,883977,3961,9958718
1635292932.0898836,89410,867944,106961,6065,98239,797489,219118537,94400,782840,3465,9855101
1635292932.1900163,87685,859415,106592,6545,80081,679292,214259983,81046,723039,3299,10156815
1635292932.2901363,67267,669642,80438,5242,72473,634005,213938947,75586,670636,2754,7406528
1635292932.3902557,72768,686589,84392,4937,80130,683619,218764992,79444,706066,3318,8660885
1635292932.4903755,70087,681420,77858,5033,88428,735623,222379716,80688,980172,3964,46808058
1635292932.5904949,195327,1808445,146064,7807,81425,698149,212720164,82204,758299,2888,9772862
1635292932.6906178,65612,673617,84865,4872,79968,689557,212243767,80806,712166,2649,8542027
1635292932.7907405,65936,658587,79533,4425,81227,696934,212684313,78767,695190,3206,8056169
1635292932.8908622,72023,691357,85883,4505,84645,701610,213102618,77488,646464,2591,8744895
1635292932.990984,67224,660971,85284,5421,79498,670893,214058233,71157,629473,2696,7235428
1635292933.091104,77491,688745,77797,5298,81948,689688,216951665,80392,706985,2564,8842213
1635292933.191225,75185,721246,88852,5512,77965,685107,217685538,78297,668870,2436,8722992
1635292933.2913458,69795,681003,77740,5047,76063,691246,215827849,129415,1084680,2607,5375188
1635292933.3914657,68246,665096,80062,5172,84180,728278,218411115,83969,1009416,3899,48734150
1635292933.4915874,181838,1603600,144747,10272,83461,750953,214619304,84765,700208,2861,7477102
1635292933.5917094,83088,626483,61658,5619,79768,688107,208281706,79365,687898,2851,8519940
1635292933.6918316,68130,649992,79205,5190,82094,712572,220792130,79553,718771,2657,7485989
1635292933.791956,76536,720480,82765,4963,77956,703826,206177438,83626,714959,2387,7647178
1635292933.8920772,73662,702633,84807,4693,84189,740634,215859885,89976,770457,2723,9973147
1635292933.9921975,80901,775173,91622,5953,83986,730599,215831150,80344,710858,3358,8688951
1635292934.0923312,82620,684208,217557473,81137,799374,2988,32029547,216148,1557111,80574,5178
1635292934.1924522,118939,982498,222393592,114268,988094,3245,8145761,220732,2235076,234862,10971
1635292934.2925737,98122,840304,213392300,101861,850402,3216,7697483,84856,852615,110337,6267
1635292934.4928217,93599,872523,108222,6578,101238,894391,219076099,97736,848691,3165,9031974
1635292934.5929425,89823,870077,102866,5834,104300,966388,219719151,108985,872181,3531,8200174
1635292934.693063,88504,849875,107934,6856,99674,901092,218161057,105046,917641,3585,7834334
1635292934.793183,91922,891901,102312,6188,108744,996087,223091601,252005,1759988,9061,36821993
1635292934.893304,126157,1144599,127530,7092,95742,850384,217602438,97089,823099,3412,9560369
1635292934.9934268,86012,812043,100806,6167,98233,895553,218615471,106688,921489,3602,9799163
1635292935.093549,93868,896808,107361,6842,94339,856963,212501696,99705,835394,3505,9119961
1635292935.1936696,99521,865564,218243567,96122,817699,3999,8771975,87682,851484,95524,6265
1635292935.2937899,108862,933022,223402986,103501,921841,3466,8166994,96822,844471,102644,7025
1635292935.3939095,198673,1083983,220974145,111125,935947,3704,8769953,240126,2190659,375597,22316
1635292935.5941515,86443,882606,112573,6771,103276,894838,214580786,97300,850989,3206,8607829
1635292935.6942732,87894,868656,108440,6102,91543,800467,215827872,91363,867022,3469,9356579
1635292935.7943966,115223,863622,75427,5665,90192,764618,215652137,91673,864548,3337,9096169
1635292935.8945184,102438,797338,99903,5542,95314,803440,218035935,98213,854247,3420,9812322
1635292935.994638,83009,783603,99120,6240,92057,792878,216895809,96057,896290,2986,6577073
1635292936.0947576,255927,2245374,182217,18291,107638,876629,219334146,102440,892161,3630,8282408
1635292936.1948793,85231,818886,48336,6060,101274,850747,216953805,98514,844139,4287,8707810
1635292936.2950017,95595,814795,217890112,99324,896813,3725,9252829,78585,789179,109716,6810
1635292936.395124,100115,861761,222911460,98158,876682,3868,9120105,88995,866656,102050,6491
1635292936.4952443,96033,831004,216667277,97472,856976,3634,7646185,85399,806081,102679,5947
1635292936.6954844,83142,831601,102726,6263,74438,648252,210120147,72184,575466,3516,8405357
1635292936.801212,89337,833635,92478,5546,71502,629345,209010371,64891,539487,2806,8457166
1635292936.9013345,66144,626607,74196,4172,72772,648866,216577709,68660,578541,2876,10484487
1635292937.0014577,63255,626672,71971,4373,78481,695282,216136051,77545,593290,2633,9008781
1635292937.1015809,76508,773779,93770,5242,73230,616894,215206697,85456,721805,3021,9773257
1635292937.2017026,64103,620094,72486,4740,68726,629532,206095548,70524,609583,2886,9669828
1635292937.3018234,67070,662026,79786,4350,78551,650927,211908291,71765,604275,2347,10611433
1635292937.4019442,82633,693759,216572594,74792,631478,2500,9301065,60656,601155,74820,5051
1635292937.5020633,74995,810041,217734417,196989,1269601,3844,45075066,62797,613548,83510,4963
1635292937.6021838,73607,644344,215723291,69911,604523,2734,11343538,55686,611227,73111,4649
1635292937.7023063,75063,648517,214848734,72417,632133,2349,12232486,63720,593185,74364,4259
1635292937.8080928,70771,685967,218827577,72609,639208,2732,8443599,63041,642954,77700,4312
1635292937.9082139,74885,638889,215913867,72371,654061,2571,7944597,62349,611799,51248,4762
1635292938.0083337,79845,674931,210898091,73943,640232,2454,8557955,60802,582710,78033,4926
1635292938.108453,90777,730753,215351670,81293,699240,2981,9647866,75212,747732,97021,6084
1635292938.208571,1286920,4919375,222153685,303211,815029,5248,9152078,2763938,16783811,1954877,88237
1635292938.3086922,1407739,19748151,224201759,1888074,16959333,27170,1409382,1785239,19328566,2531673,96300
1635292938.4088137,1617489,17182860,224174640,2111706,18315131,32668,1393587,1805039,17581188,2510093,85915
1635292938.5089362,1739635,18296567,224501128,1859919,16755960,33445,1239293,1651806,17589711,2768744,94654
1635292938.609056,1732599,17334650,224026843,1930274,18899721,33918,1285469,2014872,19104451,2449533,92358
1635292938.7091763,1890850,17218630,224833954,1753579,18098841,38402,1407062,1893607,18523013,2810335,85970
1635292938.814659,2000867,19417928,224405544,1834982,17508558,29494,1193760,1695705,17493743,2882473,86872
1635292938.91478,79284,502735,206176198,41558,233460,844,4098146,1926848,11610639,979487,10235
1635292939.0149062,201303,1208795,214072576,189130,960891,1186,5788403,30771,668568,69212,15865
1635292939.115026,70782,575425,213123833,71891,634425,1862,11004233,72384,856246,107567,4458
1635292939.2151456,72910,618791,207156291,67951,555246,1330,7893530,59691,612952,74396,4505
1635292939.315265,85572,672635,212042584,79948,612631,1592,12641201,70039,759449,97766,6394
1635292939.4153845,106285,950391,220162487,83136,858199,2243,8290966,73259,779487,76454,6683
1635292939.5155046,83990,696643,213849591,74678,625055,1651,10863642,62007,662717,82356,5249
1635292939.6156242,85678,597381,206006450,72136,621885,1396,9067930,59412,588212,88749,6218
1635292939.7157433,86193,884053,214183366,97627,672205,1815,8795970,74146,713719,82177,5467
1635292939.8213272,93913,790908,213061562,90995,833213,1932,9019215,202783,1805227,194667,7343
1635292939.9214475,191774,884088,224249308,117379,1003007,2326,10799609,96304,1367867,291162,22799
1635292940.0215676,86813,727753,210918036,80925,675032,2194,9105763,112045,967282,101670,5616
1635292940.1216888,77000,669819,212914932,426952,6826939,14077,13113206,76951,717332,74311,5470
1635292940.221809,1200289,12026639,224287500,1431822,12832286,13287,5631153,1578533,16311544,1705418,62386
1635292940.3219311,423494,8631867,226099009,1740122,12316921,22645,1798822,1888058,11123471,309571,23700
1635292940.4220517,1339747,11507521,224581486,1824715,17637839,20046,1373141,441432,8059899,1778675,86259
1635292940.5221717,2188187,20048281,225785494,1790256,15710872,21948,1060052,1501559,16920315,2660402,74314
1635292940.6222923,2083671,20224217,226415585,1858426,17463627,36695,1354841,1930748,19459422,2722153,67606
1635292940.7224126,1895945,18444979,226111405,1846643,18192059,29742,1259023,2189823,20263269,2750719,71820
1635292940.822533,1490739,14824150,226353947,1693359,17199914,25416,1052354,1857659,17610538,2308194,77087
1635292940.9226534,1759622,15210465,224903885,1603705,16193804,27200,1098048,1805342,16907870,2663456,78220
1635292941.0227764,1598394,15853784,225882877,1591260,15361783,26786,1281164,1726501,16284353,2374994,89787
1635292941.1228979,1648986,16164794,225745635,1578278,15725653,28238,1071240,1787612,16447990,2352430,89279
1635292941.2230186,1730798,16001339,225817254,1579032,16176878,33793,1314079,1968064,16311458,2399819,71171
1635292941.3231397,3629717,35065168,228307646,3654770,35517894,66031,2505391,3406816,34244175,5536076,57292
1635292941.423262,3658316,35289796,228244127,3652867,35307612,68841,2561918,3750286,35819203,5350082,52775
1635292941.5233846,3575141,34811326,228234962,3766915,35229526,68886,2504523,3608842,35606638,5460104,51965
1635292941.6235106,3769021,34983988,228382431,3616107,35253240,68262,2464973,3616769,35496631,5455970,64055
1635292941.7236345,3730714,34976515,228463962,3592921,35064681,69035,2472770,3673372,35584011,5415136,47227
1635292941.823756,3619860,34609630,228747751,3636754,34903675,65713,2508225,3698002,35549657,5404322,69454
1635292941.9238775,3643453,34465376,227846177,3642115,34802072,69379,2586594,3511600,35130027,5467747,59068
1635292942.0240018,3680650,34661451,228374974,3752699,34791443,70114,2394766,3676700,35377856,5422150,66163
1635292942.124123,3614823,34806159,228243885,3649100,34870200,69650,2529217,3669191,35178295,5339664,59562
1635292942.2242439,3774657,34842004,228347126,3645974,34849992,68830,2488140,3494610,34326497,5336984,76593
1635292942.3243647,3576312,34917960,228267365,3662465,34803423,69645,2564909,3531181,34794822,5370698,70190
1635292942.4244845,3375390,30850291,228016314,3565586,34743877,68323,2651843,3607822,35265475,5442434,66051
1635292942.5246038,3492428,33214890,228016702,3729912,34644201,70227,2473288,3597496,34780127,5323247,72077
1635292942.6247241,3694568,34743455,228250292,3653257,34750159,69670,2515193,3457555,33736126,5225514,77396
1635292942.724842,3739790,34713553,228154588,3605387,34713945,69366,2252618,3235341,32739464,5125910,76727
1635292942.8249605,3696117,34655279,228272556,3636259,34655775,67946,2569473,3575765,35210848,5420943,67778
1635292942.9250808,3662643,34596075,228244100,3427780,32224945,67884,2519910,3604015,35120968,5385398,63482
1635292943.0251994,3530289,34032485,228084857,3623336,34567004,70909,2661429,3473908,35048702,5474405,78064
1635292943.1253178,3672151,34494376,228180339,3699250,34357843,71480,2659610,3625151,34827936,5369807,72467
1635292943.2254364,3891292,34651841,228170706,3734748,34378292,67765,2619809,3617323,34770013,5481913,72575
1635292943.3255546,3765582,34429012,228122637,3580974,32719884,59313,2571445,3606990,35115029,5456413,105472
1635292943.4256725,3651124,34528744,228202376,3687680,34353738,69200,2541692,3706825,35279874,5451576,70403
1635292943.5257914,3495961,33944065,228146402,3675810,34502870,70047,2522775,3651831,35254606,5222241,74730
1635292943.6259103,3677206,34347986,228172401,3625468,34476396,68887,2652137,3561688,34674198,5321282,70644
1635292943.7260287,3729593,34429997,228208694,3557032,33299252,72103,2299363,3502015,34911278,5405032,62022
1635292943.8261473,3660640,34166001,228212076,3552706,34358199,68632,2327430,3604898,35122251,5508604,70970
1635292943.926265,3508736,34161814,228227919,3738814,32008071,58850,2443732,3712684,35161162,5450949,79060
1635292944.026383,3611745,34188180,228134079,3739908,34316751,69363,2508734,3577154,34842161,5287444,67758
1635292944.3267374,2867922,29320471,4319585,53387,3640661,35335665,228247470,3624504,35122654,67819,2532397
1635292944.426856,3534883,35238780,5326473,35908,3618541,35255832,228081710,3521670,32914579,57145,2337054
1635292944.526974,3383359,34126629,5178078,36710,3499033,35134859,228090883,3595248,35187812,66638,2841871
1635292944.6270921,2904745,29189417,4788905,55562,3621467,35406395,228240420,3641264,34794736,64019,2406832
1635292944.7272108,3507300,35276490,5352991,52533,3518019,34552559,228048559,3234214,31320098,66798,2389000
1635292944.827329,3531466,35078684,5344772,48174,3531756,35322056,228196262,3639864,35296611,66754,2544233
1635292944.9274468,3340080,34420964,5178660,47134,3559775,35189410,228159467,3577870,34882218,61575,2340782
1635292945.027565,3621948,35233034,228187260,3551419,35315560,69170,2468601,3487535,35529154,5377140,36187
1635292945.127683,3627825,35144054,228242143,3636795,35117572,62896,2402102,3747461,35546175,5379794,49582
1635292945.3279197,1027031,8873743,1185769,35513,3469017,35360091,228124975,3615684,35064439,66302,2483410
1635292945.4280386,3616302,35274893,228232886,3592010,35206131,66215,2501127,3644908,35361003,5255454,37438
1635292945.5281575,3588001,35222489,228167375,3563611,35330782,68600,2505740,3416459,35616594,5311415,50686
1635292945.628276,3640448,35263635,228215369,3597407,35368389,66894,2412295,3545255,35300814,5352357,50484
1635292945.8285139,3637867,35305175,5393967,48611,3663937,35135962,228242084,3565601,35397066,66308,2499876
1635292945.9286325,3511546,35241437,5310141,60649,3594776,35277542,228357224,3627322,35534202,69389,2524041
1635292946.0287523,3580986,35429583,5389984,61785,3588309,35395459,228133714,3676234,35087136,67527,2480372
1635292946.128873,3562735,35355046,5314193,50887,3676965,35179610,228207658,3568321,35171484,72680,2532181
1635292946.2289941,3595505,35373338,5381293,54573,3508909,34994257,228155880,3641708,35126561,68338,2461113
1635292946.3291135,3473565,35525060,5348193,53155,3738493,34898173,228104028,3568773,34958369,70746,2370055
1635292946.4292328,3597384,35388585,5448785,63468,3427557,35315375,228236101,3644364,35100758,70413,2478400
1635292946.5794716,3537954,32230107,224183853,1983154,18614625,5060,325340,61511,29499422,5295187,60930
1635292946.7797182,64944,22638126,26999,90182,3244374,31506211,212622436,3146941,31041110,65213,2213846
1635292946.8798602,3161894,31491534,4784151,102845,3342294,30974700,214147141,3281281,32282873,64687,2275704
1635292946.9800215,3456473,33100411,5090950,47244,3381773,35079402,228404414,3636404,35041946,64860,2441010
1635292947.0801518,3484478,34112416,5254640,75497,3448804,35181207,228225425,3628794,34872884,67748,2480235
1635292947.1802897,3593449,35143503,228349720,3575018,35027922,69937,2547128,3600591,35165205,5275265,42239
1635292947.2804255,3615751,35044065,228324367,3587944,35121433,69960,2501668,3723449,35267381,5368231,59244
1635292947.380551,3573627,34955561,228265914,3624601,34942614,68775,2503917,3706649,35290738,5322705,54828
1635292947.5808191,3425060,34998496,5286624,52551,3648782,35077855,228336592,3615579,35056041,66596,2493030
1635292947.6809456,3586840,35097855,5330391,43238,3669361,34975351,228237901,3580852,34796808,69605,2551830
1635292947.7810714,3545722,35173492,5310427,40763,2638703,19102901,223767697,2061877,29794429,71306,2510866
1635292947.8811965,3580547,35194061,5263734,90227,2187732,20678220,223629508,1972308,20028494,37685,1478608
1635292947.9813204,2102938,21181141,3124262,110100,2095704,21724880,224617269,2205067,20579790,37137,1436988
1635292948.0814428,2080416,21410631,3124662,116821,1779896,19165852,225169307,2196594,20470287,38442,1412473
1635292948.1815639,1826371,18499958,2828542,107636,2717881,29395408,225838004,3523295,34789338,68487,2504343
1635292948.2816844,3620775,34874247,228043281,3616886,34953052,69084,2525346,3560563,35167424,5488332,46787
1635292948.3818069,3526650,33973976,227805485,3587149,34940955,69616,2546059,3748476,35347976,5230265,64242
1635292948.4819279,3558068,34917930,228145907,3413714,33119342,68650,2645696,3505189,35066154,5262715,58804
1635292948.6821938,3640078,35212462,5327060,57090,3384365,34529680,228169625,3574004,33293987,69864,2417478
1635292948.782318,3595933,35071764,5351513,68266,3557550,34038380,228237214,3531241,34729844,68027,2462205
1635292948.8824422,3612868,35023939,5340567,66113,3601598,34757210,228262844,3643008,34858854,69753,2564991
1635292948.9825706,3622673,35198641,5317752,56425,3542158,34727221,228209143,3610341,34684880,69116,2586349
1635292949.082693,2805999,29176690,4985427,74132,915978,9881471,222670871,2676731,23884986,38383,1483356
1635292949.1828144,1284727,13152243,1648703,62816,1058378,8664924,224845635,959499,8820497,22948,1218015
1635292949.2829366,1683306,15693902,2102128,71803,2349380,22209189,225130911,2688545,30353748,66476,2511446
1635292949.383059,3560875,35244616,5282755,66927,3458479,34547421,228084569,3616397,35127536,69170,2491928
1635292949.4831805,3552261,35327381,5384578,40848,3553517,35337044,228167879,3579525,35167560,67610,2449548
1635292949.5833027,3350189,34669196,5246311,49969,3594342,35365139,228099861,3576454,34977875,62277,2526252
1635292949.683424,3532956,35706310,5343134,51241,3643140,35231778,228187767,3574641,35477515,69413,2625434
1635292949.7835472,3566829,35125310,5312815,52285,3684993,35421724,228310448,3622530,35324207,66508,2508191
1635292949.8836691,3605047,35546874,5403847,55625,3601693,35368043,228296769,3628560,35099028,69389,2495277
1635292949.9837933,3588576,35561147,5461887,59673,3626991,35304770,228246071,3584397,35548326,68167,2540655
1635292950.0839145,3613197,35579491,5444591,49901,3630937,35221793,228167005,3633556,35464939,69592,2538106
1635292950.1840363,3627323,35500966,5411664,53963,3497826,35200949,228330283,3669871,35185082,71592,2417308
1635292950.2841578,3649366,35391714,5381811,60195,3890868,35584032,228366688,3561681,35305286,70472,2562036
1635292950.3842793,3632924,35445525,5410755,39294,2377554,27995343,227841500,3441782,32629975,66486,2483945
1635292950.4844055,3561764,31277886,2867545,65285,1314229,8754947,226702023,1900687,16519686,68646,4300474
1635292950.584528,1975514,19737612,2561276,84715,2076780,18761084,227157105,2349334,23993605,43807,1982240
1635292950.6846495,1344727,17607925,3213166,140495,2289145,24929907,225632517,2451017,22387452,36389,1615359
1635292950.7847872,1961393,20916165,2828963,103333,2187850,19223712,224171558,1976237,18731826,37868,1291976
1635292950.884928,2109740,21220702,2163886,117862,2199183,20882248,225168162,2021786,19998473,37544,1377752
1635292950.9850597,1666222,18469912,2977649,99159,2135285,19772581,224907049,2054248,19946940,28935,1272134
1635292951.0851853,2072146,19985516,3051544,86533,1840901,18771473,225031218,1931493,19239825,37143,1252528
1635292951.185308,2010693,19803596,2546725,99578,2427756,27637506,227172495,3264573,25025770,35589,1427345
1635292951.285429,2011619,19238570,2914597,103965,3564879,35070172,228095410,3618936,34708054,66804,2379039
1635292951.3855505,3675763,35155447,5410326,53345,3626114,34716796,227958096,3589198,35163225,66366,2589049
1635292951.4856722,3528301,35365152,5349942,45304,3448823,35007542,228130660,3554143,35168036,69117,2405804
1635292951.5857959,3220906,32012227,4967010,59278,3632119,34929033,228335017,3617709,35282979,68821,2487449
1635292951.6859195,3601321,35297486,5373982,43531,3575108,35189157,228280892,3644426,35097563,67583,2522650
1635292951.7860413,3541413,35291714,5400491,52878,3650637,35096675,228216967,3639030,35188655,67689,2411039
1635292951.8861618,3606759,35262795,5319634,71063,3567091,34995881,228246033,3628517,35185383,68518,2424512
1635292951.986291,3529579,35179669,5461563,56359,3557632,35203974,228308375,3609988,35085871,70983,2527160
1635292952.0864143,3715709,35368478,5408619,66027,3476371,34271480,223238010,3586092,34170269,68226,2394777
1635292952.1865366,3529995,34577234,5289487,63586,3582469,34764066,228250799,3648121,35205148,67344,2455957
1635292952.2867017,3606468,35503228,5392223,77699,3610589,34597978,228174664,3555234,34373065,69719,2504157
1635292952.3868566,3494810,35340650,5483731,57656,3712452,34120722,228454342,3666776,35028398,69397,2469682
1635292952.487006,3351409,34503955,5317325,66707,3580190,32619991,228549709,3559454,34711789,68330,2604295
1635292952.5871344,3598238,34259286,5238576,57367,3589549,34119112,228162929,3604185,33412075,69016,2568051
1635292952.6872666,3512159,34768650,5285145,52753,3599905,32958492,228142731,3481131,33855047,67822,2501130
1635292952.7873917,3556885,35303316,5517833,60599,3733881,34811145,228241380,3654104,34976985,68921,2489983
1635292952.8875153,3604566,34774703,5429476,68695,3516962,34550421,228397474,3640837,34794367,70582,2623392
1635292952.9876528,3731758,35222287,5437242,68747,3594667,34651052,228259874,3638793,34960925,69665,2722412
1635292953.0877764,3589947,35176630,5249716,64289,3697812,35185471,228629985,3660749,35076994,69866,2531039
1635292953.1878984,3595859,35375367,5416610,48895,3730848,35038384,228376907,3689561,34953056,70204,2503856
1635292953.2880268,3645383,35535268,5375867,63694,3653969,35141446,228471909,3645405,35069147,70786,2634800
1635292953.388149,3561268,35398113,5465536,67817,3688702,34910538,228174660,3665148,35008512,68482,2504593
1635292953.4882708,3619576,35561775,5375212,60927,3652476,35122705,228434649,3770266,34812237,70205,2377131
1635292953.5883915,3567369,35211456,5418160,56238,3783399,34842133,227996204,3561065,35007656,73228,2457198
1635292953.6885111,3567499,35034161,5383585,64133,3702132,34582576,228260193,3644481,34935823,72322,2456512
1635292953.7886333,3690266,35313642,5197883,67140,3745301,34732153,228106401,3687728,34848985,73034,2531471
1635292953.8887541,3595934,35341811,5472979,70069,3581064,35082464,228199358,3710474,34871784,73043,2598277
1635292953.9888816,3502704,35357292,5551096,59624,3577707,34959574,228402152,3651506,34942440,73625,2677408
1635292954.089003,3691005,35346241,5473374,71606,3822446,35020476,228308438,3654642,34906156,72738,2368757
1635292954.1891239,3603421,35056267,5508974,68427,3798460,34859032,228364506,3667583,34854663,73249,2496260
1635292954.2892447,3608559,35530797,5537383,68626,3695838,34949485,228230524,3657260,34871998,73283,2612035
1635292954.3893657,3655229,35435817,5437025,51314,3641163,34844230,228260490,3647410,34804642,74474,2467857
1635292954.4894876,3609765,35356798,5387652,63468,3661209,34853470,228186310,3646569,34768789,68560,2828113
1635292954.5896084,3722010,35530127,5402850,64374,3724124,34772998,228136349,3709187,34851244,73811,2671361
1635292954.6897292,3761662,35516139,5499838,69938,3779459,34893544,228329930,3581460,34657185,72966,2442704
1635292954.789851,3599768,35358289,5514616,67244,3587161,34809340,228461434,3759767,34783155,72186,2593816
1635292954.8899715,3601906,35295648,5458981,74342,3693364,34736443,228170759,3610419,34776758,73379,2630455
1635292954.9900827,3576463,35243766,5511784,69591,3780067,34671587,228267937,3748926,34710999,70168,2475254
1635292955.090205,3677042,35353630,5378235,66924,3585757,34630578,228209866,3659853,34792731,70191,2633489
1635292955.1903248,3682946,35626620,5442966,63736,3777060,34726052,228383962,3656330,34716107,69666,2466115
1635292955.290446,3597539,35372537,5447081,83663,3577710,34830275,228322451,3725778,34679769,70323,2693471
1635292955.390567,3580581,35207671,5333844,63892,3772094,34602608,228298026,3657440,34759143,70609,2532301
1635292955.4906888,3858121,35250761,5504207,68857,3612508,34267017,225241189,3597666,34234504,67369,2614614
1635292955.5908108,3596711,34862124,5281799,65044,3646870,34610179,228200514,3775185,34566186,69723,2278444
1635292955.6909328,3669236,35235693,5487529,72755,3682484,34631316,228251449,3663432,34708365,70562,3200214
1635292955.7910554,3660578,35325813,5417265,66484,3484254,34806278,228597336,3788454,34630120,69658,2405759
1635292955.8911767,3596587,35314880,5505682,72729,3800401,34706101,228381267,3773121,34814248,72025,2595295
1635292955.9913023,3665956,35587955,5356403,58137,3705188,34619409,228416980,3658623,34690428,70241,2650282
1635292956.0914233,3554251,35263389,5521964,71909,3612911,34664083,228109224,3697302,34576767,70286,2487168
1635292956.1915443,3679025,35594730,5404254,69079,3736912,34761639,228314011,3713854,34580074,70435,2468857
1635292956.2916663,3628467,35202657,5402740,68149,3774566,34547164,228228398,3648792,34599492,70119,2616309
1635292956.3917885,3577521,35235776,5404629,70150,3672229,34571602,228333518,3707226,34651836,71582,2487561
1635292956.4919097,3605631,34651362,228892302,3797109,34639154,71436,2559273,3526703,35518801,5545062,78573
1635292956.5920298,3651275,34100794,228177430,3521390,32820176,62997,2533084,3931859,35371416,5358376,72272
1635292956.6921525,3394136,31633762,229289971,3553816,32883900,63341,2317824,3400398,33523175,5123714,111261
1635292956.892407,3521909,33104400,5062868,112175,3698195,32811886,228605893,3499100,32399155,63412,2621968
1635292956.992546,3597376,32694282,4710788,118110,3647218,34359047,228495335,3588528,31576228,58159,2320900
1635292957.0927093,3382171,32593306,5081035,59974,3708872,34452072,228182841,3749602,33918109,71047,2594153
1635292957.1928577,3667777,35203425,5382255,70082,3836354,34366087,228133067,3644808,34252657,70432,2676431
1635292957.292984,3627117,34960626,5418621,72222,3716764,34529635,228183760,3656421,33207638,65883,2654560
1635292957.393109,3307708,33940232,5290229,77989,3660342,34121284,228246554,3693346,34319027,70474,2343103
1635292957.4932313,3614230,35078667,5531040,75773,3562671,34469691,228237108,3745987,34300380,69978,2526034
1635292957.593355,3625503,34498784,228223932,3780820,34203320,69850,2538529,3665837,35003878,5456760,80828
1635292957.6934779,3582252,33878679,227750584,3771040,34264875,68025,2436837,3533994,34055033,5284570,87504
1635292957.7938406,3622922,34096762,228285757,3772779,34380272,71375,2471747,3660440,34663422,5340543,85788
1635292958.094211,3541823,34907553,230173835,3650480,35623656,67760,2508876,3609232,35636204,4849502,113184
1635292958.1943347,3615433,35162979,228229195,3624924,35273419,71161,2479901,3687705,35181488,5406008,50771
1635292958.2944565,3586522,34798796,228048578,3623846,35368827,70425,2380458,3683187,35374028,5386417,54494
1635292958.4947195,3674262,35204574,5406489,54491,3460814,35384399,228144283,3629471,35257772,72626,2447610
1635292958.5948572,3554514,35119928,5360986,64406,3590043,35485843,228368997,3644930,35013401,71032,2487503
1635292958.6949823,3578431,34790222,5309730,58748,3545087,35313973,228080664,3592676,35177584,70199,2485176
1635292958.7951136,3555674,35051798,5208508,51055,3582401,35202173,227896088,3571605,35233313,66327,2191369
1635292958.8952434,4495577,28450039,5326808,56515,3459228,35621013,228196035,3604840,35230921,84102,2510379
1635292958.9953704,3599342,35566104,5330000,57108,3431211,35004228,227971079,3567102,34975849,84875,2657001
1635292959.095495,3472913,35326207,5317868,40859,3542254,35122844,228279229,3534498,35303336,86188,2590416
1635292959.1956208,3565599,35140325,227809920,3550373,35197357,84732,2535751,3568295,35387618,5252877,58117
1635292959.2957432,3548595,35285234,228093395,3604315,35103399,77220,2393556,3505494,35509199,5532307,50799
1635292959.395875,3600304,35420049,228262056,3559832,35415052,84021,2555126,3235921,35814826,5462797,47839
1635292959.5961194,3683426,35756595,5466854,52104,3650172,34832355,228336746,3544441,35292695,79124,2649874
1635292959.6962404,3536075,35834854,5383189,37700,3513739,35057929,228264039,3637140,35302246,84205,2544507
1635292959.7963617,3587047,35622062,5454058,61435,3584477,35089356,228399699,3560824,35497744,78651,2605114
1635292959.8964822,3604549,35638250,5451795,62540,3559599,35292915,228469231,3614137,35223134,79754,2557296
1635292959.9966056,3593609,35713063,5336659,54787,3525878,34576956,227726568,3567898,35252841,82696,2653086
1635292960.0967257,3644291,35660237,5434482,52891,3640786,35311270,228362400,3632276,35205948,78725,2643246
1635292960.1968453,3620280,35588853,5400301,43000,3644198,35049859,228063701,3610185,35143820,78365,2628997
1635292960.296966,3508403,35509391,5366704,46562,3582060,34069707,228234558,3498531,35365155,80450,2576465
1635292960.397088,3559816,35530141,5364086,43011,3575559,35122249,228106680,3559457,35144971,78317,2607598
1635292960.497209,3627327,35809136,5236592,54301,3543203,34575790,228123259,3575398,35110329,79743,2729419
1635292960.5973294,3404904,35318072,5355986,59049,3626644,35155812,228457604,3609257,35211277,79375,2738014
1635292960.6974497,3646034,35477080,5451988,55368,3557028,35031072,228163896,3594108,35065611,82135,2511603
1635292960.7975721,3595854,35505818,5399122,55206,3566376,35067204,228499212,3605193,35189623,73284,2557971
1635292960.8976922,3639570,35569571,5410875,69023,3632887,34887796,228076261,3628401,34964233,79436,2614361
1635292960.9978151,3614662,35546967,5386857,58281,3623427,34855041,227926432,3524970,34953717,76851,2597185
1635292961.0979366,3604360,35549843,5369578,59762,3558277,34536161,228149592,3623436,35108932,77486,2687068
1635292961.1980567,3621144,35625188,5384015,59613,3373222,35115510,228196883,3541333,35118355,81394,2429391
1635292961.298177,4482406,34072989,4026528,70849,3799965,35120593,227977240,3598211,35149549,78880,2684344
1635292961.3982956,3563744,35562341,5366826,43692,3657422,34838453,228260446,3633179,35078342,76174,2603656
1635292961.4984155,3566780,35507976,5427628,70088,3410984,31608747,228166236,3304608,30933209,70066,2348305
1635292961.5985365,3470037,35502341,5622956,56993,3612390,34881174,228263868,3618313,35028983,76026,2788813
1635292961.698658,3664057,35689473,5438993,66184,3586857,35049709,228240842,3646428,35034903,76697,2597831
1635292961.798778,3516876,35518264,5371751,61075,3771685,34862178,228657468,3617816,35252430,78156,2570695
1635292961.8988986,3522387,35647316,5407786,48934,3752566,34943268,227984333,3638977,34983843,76877,2539846
1635292962.0490816,3619549,35519022,5348887,64999,3638588,35034172,228108498,3662529,34819880,79546,2678117
1635292962.1492198,3604287,35482020,5372014,67559,3636065,35050976,228118708,3645100,35068778,78803,2649771
1635292962.2493432,3568057,35410433,5401463,68475,3595471,34868800,228224849,3616546,35154298,78200,2718153
1635292962.3494637,3656551,35640343,5369526,70270,3708755,34827636,228097428,3662634,35011055,76008,2698196
1635292962.449585,3688982,35784186,5414660,72101,3721112,34975312,228333884,3643325,35041503,77404,2624821
1635292962.5497048,3621145,35650600,5399213,66435,3614308,34970966,228229707,3695189,34911846,77271,2630309
1635292962.6498256,3583998,35595735,5439834,65325,3558171,34992716,228425201,3699717,35018395,78301,2676697
1635292962.7499456,3454609,35559006,5587114,61910,3643069,34980196,228132235,3638781,35019892,74698,2690598
1635292962.8500748,5071752,29122201,3284259,70045,3614581,34927710,228411508,3647783,35054342,77451,2537123
1635292962.9502,3572561,35667405,5298598,72339,3748792,35016160,228424609,3638916,35132961,78028,2633512
1635292963.050324,3790149,35803728,5439538,68885,3712347,35075388,228530173,3620327,35091538,76851,2523507
1635292963.1504533,3605919,35825314,5458169,51527,3720085,34889189,228394359,3667644,35032941,69678,2235948
1635292963.250581,4790279,30655604,5437538,59968,3715800,34887949,228225342,3627009,34779370,75779,2576478
1635292963.3507037,3585913,35425370,5371497,66390,3591660,34941858,228167015,3668526,35052307,75804,2694046
1635292963.450826,3583531,35499958,5339456,72424,3775055,34887660,228297033,3628201,35006581,77933,2467686
1635292963.5509486,3590806,35578768,5452034,68695,3641086,35046208,228191485,3651771,34900656,77204,2650453
1635292963.651071,3572198,35619140,5454251,76305,3601558,34814949,228166256,3710207,34809581,77865,2613797
1635292963.7511935,3396625,34388693,5471670,79523,3487051,34989820,228173904,3612228,32140346,63023,2187320
1635292963.8513165,2648336,24224254,3847824,107293,3564958,33995695,227778312,3642998,34942169,76335,2726593
1635292963.9514472,3660877,35864475,5342978,87226,3768977,34963103,228264170,3669381,34791267,79813,2735257
1635292964.0515726,3587515,35300968,5369435,70035,3482367,34866140,228031169,3739999,33450782,65370,2622762
1635292964.1516945,3552691,35255120,5323809,61014,3556835,33421159,227827506,3628125,34066609,72237,2470422
1635292964.251817,3451042,34503472,5333992,71170,3711744,34758251,228187255,3647201,34852334,81610,2742939
1635292964.3519387,3648363,35536719,5393655,64057,3641091,34876720,228183061,3738342,34761172,77063,2683320
1635292964.4520621,3701091,35581687,5472974,71598,3703751,34735555,228250729,3623652,34791211,81589,2459645
1635292964.5521843,3669237,35551247,5419631,65229,3409344,34920292,228166644,3771161,34747836,76641,2518086
1635292964.6523058,3594337,35405483,5481491,70815,3808144,34812018,228198225,3770700,34740629,77499,2662848
1635292964.7524295,3663786,35540037,5362947,56040,3753692,34703811,228256885,3633913,34882398,77633,2735599
1635292964.852552,3544112,35441224,5540940,70144,3650302,34638344,228309256,3697686,34748918,75116,2561131
1635292964.9526825,3627517,35551101,5449840,73891,3222153,30189051,228223471,3297466,31688252,61729,2547296
1635292965.0528162,3284483,32184164,4901057,102539,3255608,31277329,228163493,3438885,32280341,65098,2330340
1635292965.152951,4732535,27066564,2611958,97450,3408131,34654348,228345881,3753601,34697300,76437,2585865
1635292965.253079,3624051,32050315,1524274,65486,3620440,34457892,228023913,3684489,34633368,76834,2632050
1635292965.3532014,3713988,35536507,5488643,65753,3707306,34550311,228107704,3650490,34680200,74531,2759080
1635292965.4533231,3696568,35591490,5246894,68050,3678570,34618817,228080660,3723067,34658866,77029,2720511
1635292965.5534446,3591283,35098493,5418135,75892,3752046,34609299,227985439,3675090,34420436,76452,2937919
1635292965.6535842,3565777,35371765,5423694,74624,3748190,34398590,227921304,3770156,34635280,75587,2845643
1635292965.7537184,3599655,35528200,5363479,78350,3774790,34643316,228241215,3579867,34665858,78288,2734109
1635292965.8538504,3578017,35130937,5377735,74933,3690283,34583430,228223842,3713061,34748435,77946,2758861
1635292965.9539943,3465616,35095977,5520629,71677,3747389,34586440,228281236,3646116,34655630,75295,2732231
1635292966.0541239,3599095,35330588,5460161,72401,3598612,34754988,228257995,3745715,34354252,74748,2754039
1635292966.154246,3641899,35548996,5396593,78022,3952914,34777765,228038885,3756395,34466357,76350,2809509
1635292966.2543688,3563108,34926516,5337568,87365,3787443,34549091,227871175,3565710,33942394,76835,2675792
1635292966.354491,3522628,34925842,5365868,69564,3761946,34434945,228040406,3653790,34356958,76277,2610544
1635292966.4546132,3499405,34736176,5372299,75852,3715958,34544305,228052628,3670559,34119231,77346,2721947
1635292966.554736,3624900,35744053,5446747,76333,3628605,34580548,228161414,3786547,34539484,77373,2817594
1635292966.6548579,3649945,35390418,5468647,78383,3692358,34608524,227706751,3777865,34193364,80375,3674860
1635292966.7549813,3666868,35576703,5487442,75292,3772550,34454498,227430894,3752431,34453249,76779,2737161
1635292966.855103,3640892,35090817,5343606,84015,3746184,34529887,228075382,3761472,34321099,73817,2702286
1635292966.9552274,3605758,35281728,5368734,64165,3704942,34535411,227658248,3647193,34368229,77163,2663460
1635292967.0553527,3643543,35342474,5377996,70718,3703196,34608782,228124764,3679151,34720759,79714,2712975
1635292967.1554744,3606572,35132023,5347618,75056,3795679,34403665,227696069,3638566,34595694,77790,2722609
1635292967.2555976,3646737,35191132,5386403,71814,3771982,34173472,227989669,3598207,33178239,67038,2615496
1635292967.35572,3545295,35109716,5380018,73852,3778365,34524787,228251463,3643670,34731347,79633,2721245
1635292967.4558413,3793921,34600993,228228779,3652055,34664233,78433,2741678,3618223,35014474,5417009,75806
1635292967.5559638,3786541,34588606,228198785,3647448,34698130,77614,2724150,3453285,35220033,5523899,76054
1635292967.656086,3788383,34615917,228176054,3651884,34681552,77591,2776133,3539260,35118275,5466953,70226
1635292967.8563328,3600012,35148486,5399474,70450,3793936,34622979,228153689,3713179,34743711,79658,2729854
1635292967.9564595,3657339,35388289,5423909,81702,3793564,34803838,228252633,3635576,34771421,79291,2792341
1635292968.0565844,3661865,35630333,5385070,61059,3649498,34564362,228088079,3979499,34685241,79816,2606172
1635292968.1567068,3661721,35591018,5449841,81014,3695373,34685877,228004449,3719809,34631861,79762,2613492
1635292968.2568295,3680334,35707703,5491372,76478,3656756,34638423,228243484,3786696,34422419,80827,2781690
1635292968.35695,3742317,35478062,5500663,75744,3791189,34520343,228125023,3660089,34566238,79884,2741019
1635292968.4570718,3586364,35307277,5439203,61889,3794653,34647698,228212988,3656547,34591407,78723,2735730
1635292968.557192,3793397,34645630,228102299,3777550,34454922,79909,2627364,3698493,35767711,5418402,75541
1635292968.6573143,3663155,34633839,228188045,3760828,34433207,76217,2616069,3511475,35321808,5485567,78703
1635292968.7574358,3762628,34566821,228211033,3669106,34529261,75102,2733819,3676296,35443642,5492311,76420
1635292968.9576848,3466613,35049479,5444723,69815,3805539,34652340,228116725,3710963,34307841,76626,2768677
1635292969.0578086,3674573,35624756,5375010,82130,3582773,34610708,228135184,3874562,34329284,76353,2695617
1635292969.1579306,3665949,35541821,5480658,82857,3790002,34505651,228118742,3634631,34590427,75036,2620683
1635292969.2580516,3605684,35209808,5477927,77309,3795680,34488005,228180187,3709517,34406516,74691,2727598
1635292969.358173,3636686,35147834,5396662,75623,3796194,33934005,227942803,3670853,34504450,74454,2585237
1635292969.4582942,3676121,35529932,5478548,81191,3759545,34437997,228276676,3777434,34577385,74438,2519761
1635292969.5584161,3652174,35299337,5478194,80169,3749743,34228770,228258159,3645001,34515449,75856,2738742
1635292969.658537,3757732,34242742,227991020,3664312,34575043,75842,2729492,3632097,35007496,5469018,78417
1635292969.7586596,3616175,34090961,228018067,3784017,34269855,68306,2509147,3420099,35825784,5426721,73562
1635292969.858781,3694324,34147809,228089339,3702136,34188917,68085,2703863,3746117,35057817,5456747,79759
1635292970.059031,3520710,34807476,5409357,73237,3775866,34159105,227701995,3767712,34140894,69490,2623761
1635292970.1591523,3698813,35132939,5412865,83288,3774813,34343886,228308040,3762663,34387122,68455,2481566
1635292970.2592738,3712742,35136525,5417840,78021,3791264,34333203,228074534,3573721,34359394,69322,2658423
1635292970.359395,3661227,35056019,5342298,70192,3651416,34299879,228303430,3955578,34268767,70616,2486988
1635292970.4595165,3692025,35325010,5424978,78546,3640383,34257475,228199393,3699439,34314375,70037,2712746
1635292970.5596378,3560070,34899303,5425018,74368,4225265,34434047,228347131,3657413,34372874,68746,2671224
1635292970.659759,3650300,35071416,5398867,79490,3781233,34350582,228112714,3797797,34293391,69309,2481314
1635292970.7598815,3788847,34338366,228154069,3632784,34332105,70681,2698680,3645676,34892789,5306670,78635
1635292970.8600235,3749169,34418554,228253536,3786826,34394087,70187,2456057,3730593,35639326,5402857,71669
1635292970.9601507,3765182,34266541,228193189,3697257,34299655,71973,2646801,3505824,34975016,5461416,79039
1635292971.1603956,3637461,34844587,5416826,73159,3404842,34287858,228001180,3790748,34029976,74539,2669901
1635292971.2605176,3689812,35248906,5464904,79134,3795102,34363480,228086304,3669044,34335212,70449,2643220
1635292971.36064,3575861,34922285,5431559,78927,3635290,34367881,228005944,3821306,34094548,72197,2626635
1635292971.4607613,3665950,35091818,5411223,84056,3603175,30637753,228039762,3403544,33978168,69024,2688051
1635292971.5608838,3703409,34965813,5314578,81113,3782729,33821916,228154107,3234154,30770193,68030,2624802
1635292971.6610072,3697336,35260684,5499959,79121,4461619,34347786,227902997,3623406,34175614,68793,2684335
1635292971.7611291,3690605,35119695,5415280,84320,3779973,34287193,227993012,3786305,34121007,69337,2503730
1635292971.8612528,3744201,35208011,5509545,87450,3805825,34291355,228494254,3606314,34155902,69662,2667935
1635292971.9613802,3703322,35346411,5470818,79011,3670963,34226047,228267127,3791346,34256928,69476,2562324
1635292972.0615032,3700018,35039171,5176280,72859,3771272,34161948,228173299,3645345,34357794,69046,2704851
1635292972.1616256,3456650,35368381,5459764,79064,3639313,34112422,228105889,3794118,34343248,69969,2640958
1635292972.2617488,3741562,35330455,5433819,79987,3779645,34305128,228137855,3641095,34338186,71047,2253413
1635292972.361871,3617330,35033421,5523702,79340,3569757,34258891,228154658,3793649,34321824,71415,2650859
1635292972.461994,3688607,35233020,5492411,80190,3781304,34279384,228212111,3715960,34311885,70859,2656765
1635292972.5621161,3603921,34916067,5455231,78965,3646701,34317158,228131266,3866574,34395538,69952,2610124
1635292972.6622376,3702487,35268914,5431780,80029,3805292,34205179,228253385,3574246,34338584,70558,2696985
1635292972.7623591,3579647,34730762,5387921,71874,3353878,34283759,228172954,3873636,34301709,70637,2662365
1635292972.862481,3635107,35100950,5418264,78843,4058697,34322511,228150928,3650328,33739365,67968,2725231
1635292972.9626088,3598721,34622585,5393874,94294,3503322,33786410,228061829,3804823,34398654,71437,2565482
1635292973.062734,3623883,34830628,5313687,86528,3662233,33850440,228371401,3702623,33274373,65866,2640530
1635292973.1628764,3511738,33214561,5301496,92666,3692158,33315857,228788298,3271430,31429431,73570,2686062
1635292973.2630162,3590612,33895159,5227465,84940,3813621,34314947,228393118,3747189,34345950,74557,2860079
1635292973.363141,3599764,35361048,5476897,71074,3579244,34370654,228412356,3739917,34318122,74127,2665508
1635292973.4632611,3663505,35218501,5520744,78240,3812219,34348776,228293515,3791794,34269321,72006,2479549
1635292973.5633817,3705721,35227644,5454481,78007,3808298,34492240,228520138,3664380,34395127,69165,2650777
1635292973.6635034,3752228,35443929,5515841,77577,3659919,34545567,228629671,3789333,34290957,70288,2679552
1635292973.7636378,3698757,35427309,5472919,77577,3805148,34452639,228225490,3778913,34460262,70413,2688729
1635292973.863776,3621039,34922009,5477303,76631,3624793,34341169,228294882,3607393,34174054,70183,2699203
1635292973.963917,3705655,35355410,5494489,76882,3778363,34478492,228442098,3707900,34487205,71634,2702689
1635292974.0640519,3713505,35259244,5429210,77116,3793048,33505865,228447209,3748444,34474443,72356,2553129
1635292974.1641788,3733183,35237357,5498482,77083,3793081,34481506,228635969,3660526,34491289,71613,2689631
1635292974.264304,3718960,35271558,5440946,77411,3667860,34464597,228378989,3806776,34333444,70003,2674331
1635292974.3644335,3489711,35292657,5522247,78774,3798196,34389687,228452123,3781932,34343864,71339,2688852
1635292974.4645631,3625601,34780167,5332277,73357,3673943,34418206,228433570,3711246,34479321,69951,2580154
1635292974.5646887,3723554,35453112,5540311,76215,3804231,34493710,228382876,3803610,34443961,71294,2690700
1635292974.6648133,3717036,35521250,5399563,72451,3800998,33707545,228575490,3593320,34312624,69840,2660932
1635292974.7649453,3621359,35131908,5489400,76855,3658608,34427249,228364717,3665653,33810861,71107,2511286
1635292974.8650734,3690146,35385746,5448093,79386,3801727,34336150,228282288,3750780,33853501,73042,2670716
1635292974.9652047,3694718,35030329,5496296,77552,3609810,34341346,228509339,3822116,34405088,71220,2684320
1635292975.0653393,3699157,35336145,5488707,77432,3882072,34319119,228388734,3713549,34377752,74109,2712569
1635292975.1654704,4421637,33544336,4105538,77042,3507693,34332646,228173451,3763263,34323878,74178,2590891
1635292975.2655954,3700230,35438294,3420955,72404,3814238,34303407,228229229,3772490,34342570,70832,2690827
1635292975.3657255,3685088,35033524,5409628,76673,3670315,33687252,228359199,3805610,34367673,71189,2469561
1635292975.4658532,3696291,35436753,5474337,76185,3793239,34329705,228415663,3650229,34400472,71129,2668656
1635292975.5659783,3677630,35143502,5426064,75766,3791469,34483921,228371317,3792556,33690184,68237,2463270
1635292975.6661031,3705454,34993231,5386015,80351,3790933,34378481,228244394,3631589,34391385,69989,2697885
1635292975.766227,3681203,35208697,5508792,75335,3655761,34457440,228560472,3805889,34443416,70597,2631944
1635292975.8663578,4570260,33782561,5446408,77429,3799157,34372987,228458749,3738959,34273464,69999,2643179
1635292975.966491,3517972,34897447,5549891,73414,3497005,33373429,228492532,3790060,34322244,71452,2414749
1635292976.0666196,3696937,35320149,5486928,77300,3806491,34371056,228217816,3793263,34305434,71345,2699719
1635292976.1667466,3684605,35153801,5421880,78995,3797439,34472405,228477660,3703565,33714142,73137,2577384
1635292976.2668707,3690287,35418767,5472847,77142,3624270,34450862,228567165,3672869,34425050,71282,2650287
1635292976.3669991,4545138,33827339,5314226,70750,3764145,34513557,228283455,3791877,34386353,71941,2614713
1635292976.467122,3731525,35330073,5485590,76935,3791582,34489252,228312469,3648436,34417404,71541,2661544
1635292976.5672479,3702028,35362557,5446176,76103,3756328,34407738,228484040,3803967,34492652,74590,2680214
1635292976.667374,3607503,35199662,5495170,71730,3825515,34556200,229418382,3711146,33852508,74036,2664845
1635292976.767499,3653269,35253058,5383150,69597,3629963,34349073,228555374,3776941,34088503,73378,2567675
1635292976.867627,3696201,35058751,5542615,79057,3802467,34279286,228193715,3782838,34181777,71271,2652059
1635292976.967752,3723251,35264822,5404292,70313,3788043,34364325,228267039,3613344,34061022,69888,2655325
1635292977.0678844,3704534,35476879,5488041,76698,3603112,34440648,228363612,3727609,34324004,70664,2232623
1635292977.1680088,3694820,35387351,5371968,80645,3791612,34464652,228270943,3739627,34392326,70883,2334099
1635292977.2681296,3629010,34995762,5531287,77236,3575282,34455241,228315219,3791111,34420085,71577,2676936
1635292977.3682501,3689214,35351188,5497306,79352,3840436,34354047,228244679,3737058,34385095,71145,2697969
1635292977.4683707,3619823,34957171,5469716,77150,3706549,34300167,228211171,3799729,34336098,70643,2519151
1635292977.568492,3695088,35361186,5490298,79045,3664837,34419179,228229895,3664293,34479540,71013,2660699
1635292977.668613,3685415,35362737,5409942,70033,3818505,34457413,228335474,3804678,34454829,70746,2429968
1635292977.7687347,3589696,35170009,5481610,90491,3802255,34384265,228207485,3679467,34394178,71881,2680854
1635292977.9192224,3702406,35357141,5455235,67978,3633957,34324016,228216546,3764368,34350630,69998,2682731
1635292978.0193548,3685716,35468711,5457966,79785,3766545,34460383,228279371,3808115,33738703,69208,2391714
1635292978.119477,3650613,35160720,5358602,70370,3793311,34371581,228134745,3648767,34384508,69571,2639551
1635292978.31972,3692750,35276412,5436569,79489,3801366,34406422,228286845,3773468,34413853,73752,2483742
1635292978.419841,3594596,35020210,5478425,77466,3694550,34331599,228268572,3699207,34370458,73768,2684799
1635292978.5199628,3692488,35401456,5512541,78647,3686759,33416225,228169747,3676847,34438403,74616,2714973
1635292978.6200743,3689812,35197865,5381759,70509,3746142,34351629,228259153,3835455,34409548,70807,2531859
1635292978.7201953,3709046,35501216,5490642,75975,3809104,34396353,228350987,3651475,34450808,70241,2666550
1635292978.8203175,3703452,35574794,5469248,79472,3819730,34513378,228228484,3796697,34413049,70370,2596335
1635292978.92044,3556801,34948111,5479892,62061,3789378,34481457,228238790,3763514,34348881,70750,2682484
1635292979.0205677,3754054,34435140,228309124,3673627,34448892,69947,2697311,3634024,35312862,5532977,77323
1635292979.1207006,3684070,34409469,228252535,3794559,34358734,70377,2579668,3821710,35488186,5306425,70192
1635292979.2208285,3784977,34250777,228108155,3648726,34347434,69414,2664058,3684310,35325535,5480981,76841
1635292979.421076,3691009,35348327,5477008,77878,3777944,34144391,226925367,3684381,34204049,71098,2573896
1635292979.5211978,3569152,34845061,5430310,69707,3698669,34287999,228135604,3791645,34280046,71153,2669575
1635292979.6213186,3701123,35440156,5477262,78919,3710240,34375713,228136423,3785071,34337341,69147,2699020
1635292979.7214403,3687923,35431499,5384991,70838,3713704,34319726,228238822,3728764,34369211,70036,2548368
1635292979.8215637,3657822,35425743,5488440,76520,3972098,34486370,228264571,3649425,34340880,69979,2712161
1635292979.9216852,3685340,35372019,5489091,79194,3613687,34452761,228254591,3791260,34432158,73529,2737020
1635292980.0218108,3624900,35001417,5447441,63525,3800977,34445575,228269894,3797830,34475507,75351,2570731
1635292980.1219342,3807899,34454072,228247336,3653446,34585236,74229,2712138,3717983,35330488,5456310,77092
1635292980.2220562,3642578,34428834,228327036,3813346,34499459,70920,2690182,3550918,35160549,5479575,80124
1635292980.3221776,3808008,34408152,228184081,3803431,34413039,70743,2409774,3509841,34893487,5531652,73384
1635292980.5224192,3699392,35465813,5500419,76938,3804511,34495625,228213156,3804017,34368074,69757,2668317
1635292980.6225414,3707428,35461255,5463062,79595,3786484,34509937,228202767,3789159,34430224,70999,2621526
1635292980.7226624,3565781,34998888,5451149,77774,3790105,34508675,228106597,3708432,34444352,71593,2547503
1635292980.822786,3708991,35294130,5483684,77519,3660354,34624966,228166938,3633958,34527734,70001,2678098
1635292980.922908,3713717,35366115,5422073,74772,3722933,34514169,228392951,3823668,34469381,71073,2652157
1635292981.023032,3493392,34931270,5417893,71634,3924689,34476804,228330807,3787466,34449620,71429,2686358
1635292981.1231544,3704413,35416179,5479370,76926,3810169,34412347,228271770,3663425,34495304,70802,2662369
1635292981.2232766,3738466,34388842,228210622,3808150,34386632,70177,2603665,3606693,35244213,5490375,62246
1635292981.3234193,3800418,34303116,228191484,3713247,34418975,71004,2576911,3264141,34572413,5397172,77096
1635292981.4235437,3723998,34422574,228212547,3741494,34439448,74826,2671259,3939133,35668977,5508449,77301
1635292981.623788,3697671,34174819,5041538,87635,3798551,34432521,228234044,3796608,34347084,76671,2651367
1635292981.7239132,3703332,35264998,5418086,80671,3808237,34409590,228233337,3703026,34431332,75140,2509985
1635292981.8240364,3625527,35058715,5514956,77089,3706543,34495114,228253262,3775538,34456901,74024,2658326
1635292981.9241588,3700897,35295860,5499932,79107,3657313,34381891,228304935,3788568,34476172,70411,2684801
1635292982.0242815,3701913,35178148,3343615,73952,3624970,34238197,228060213,3726639,34431540,71505,2704649
1635292982.1244063,3701187,35554139,5488275,78331,4677582,34504264,228144109,3654521,34421985,71636,2719863
1635292982.2245286,3702791,35441347,5488788,77441,3594516,34511037,228188149,3806952,34474647,70726,2681352
1635292982.32465,3794465,34552165,228127782,3814447,34556812,70451,2527794,3742114,35430621,5502611,78924
1635292982.4247713,3799661,34551185,228147811,3665793,34521853,70985,2683675,3734884,35414483,5459352,77380
1635292982.5248923,3651895,34451296,228243439,3802938,34439937,70401,2728932,3541004,35227172,5464179,79682
1635292982.7251356,3565084,34775349,5411764,71176,3805986,34380752,228295582,3644781,34542752,69579,2702035
1635292982.8252583,3691262,35405689,5491181,78860,3649797,34477628,228301333,3823917,34524264,69750,2733996
1635292982.9253793,3695799,35402970,5470122,76725,3815168,34401707,228405377,3800783,34373690,69869,2679930
1635292983.0255034,3580639,35083732,5551577,77861,3806104,34377959,228144955,3738118,34342968,71273,2494319
1635292983.1256251,3699504,35508010,5486100,78067,3677992,34392893,228252889,3648173,34462596,73441,2677114
1635292983.2257478,3714449,35398160,5407978,79433,3310455,34414578,228295728,3823957,34426962,73267,2470878
1635292983.3258693,3623929,35002333,5459758,77762,3791886,34417036,228174317,3755968,34368767,74042,2726192
1635292983.4260015,3706817,35276080,5489209,73900,3801960,34446750,228322618,3686166,34201107,68926,2691287
1635292983.5261307,3702766,35260715,5460905,73037,3694215,34438281,228170829,3790407,34379976,71379,2603943
1635292983.6262531,3737593,35608275,5349773,79623,3805255,34344594,228128529,3644403,34461847,70588,2670832
1635292983.7263744,3498919,34508292,5449213,73677,3638340,34485533,228278715,3804773,34425946,69053,2249363
1635292983.8264966,3692157,35323755,5528971,78141,3794782,34436867,228272233,3812709,34512412,71653,2645296
1635292983.926621,3742136,35262586,5401830,80175,3807284,34416436,228378976,3663471,34426719,69701,2671859
1635292984.0267446,3699787,35207201,5502446,76132,3640702,34432645,228218519,3882271,34412060,70613,2603946
1635292984.1268673,3704706,35338665,5463712,80213,3806844,34476100,228217496,3596191,34404459,70365,2659484
1635292984.2269883,3619408,34766508,5412988,73169,3801039,34394078,228264578,3801643,34463554,70675,2593071
1635292984.3271093,3702612,35452126,5475359,78162,4044006,34551722,228335079,3720860,34431225,70783,2676626
1635292984.427231,3703642,35354577,5481312,79434,3778713,34395636,228287246,3805314,34482927,71203,2688171
1635292984.527354,3584711,35033384,5425524,83384,3774260,34393082,228248175,3799199,34373460,71874,2565379
1635292984.627476,3688749,35477071,5499076,80612,3770033,34414938,228173083,3660190,34482661,73290,2735230
1635292984.7275972,3706766,34863487,5309026,72024,3658053,34459423,228189739,3809609,34434065,72618,2737329
1635292984.827719,3723365,35803221,5487325,76889,3809351,34401751,228183826,3751855,34572817,73347,2786065
1635292984.9278457,3701029,35331870,5481739,77852,3707844,34372146,228254200,3698598,34457604,70074,2653894
1635292985.0279703,3690374,35286700,5508239,76351,3800370,34478760,228132625,3801531,34392574,69695,2670293
1635292985.128092,3700177,35279196,5390953,62284,3799294,34450217,228178933,3658034,34412930,70635,2478204
1635292985.228213,3627056,35031238,5505994,76885,3696265,34477134,228210861,3750435,34460485,70466,2631602
1635292985.328334,3717434,35331772,5497021,78321,3719722,34453265,228114107,3802964,34444408,71526,2689870
1635292985.4284556,3713421,35084545,5423798,71752,3814569,34415777,228275295,3788337,34505585,71561,2464482
1635292985.5285876,3687729,35074600,5487425,78157,3697733,34198882,228223950,3666114,34403185,69805,2680928
1635292985.6287184,3838274,32109493,2143891,79899,3793577,34389062,228273824,3813369,34428242,71507,2539075
1635292985.72884,3718074,35286885,5477710,76540,3796324,34431367,228253755,3668212,34460521,69988,2682587
1635292985.8289611,3709310,35511771,5412496,76633,3692390,34448688,228275858,3813035,34425374,71393,2688363
1635292985.9290864,3693482,35260853,5467700,77848,3783672,34457698,228368579,3800558,34427561,70988,2531257
1635292986.0292113,3786635,35473918,5472415,72484,3795161,34427412,228222575,3658768,34419617,70784,2591551
1635292986.1293328,3530609,34778652,5445871,76775,3585090,34440697,228208314,3801214,34451787,71014,2667946
1635292986.2294543,3726480,35570139,5508942,80223,3814530,34371730,228211505,3801993,34371302,75670,2713682
1635292986.3295755,3636277,34957442,5502250,77532,3809276,34361799,228197252,3727518,34430587,73902,2531101
1635292986.429696,3699129,35275671,5509657,77492,3748739,34531615,228198925,3803174,34448388,72640,2685709
1635292986.5298178,3705981,35339524,5475838,79086,3799748,34391546,228251321,3578388,34491881,69784,2627721
1635292986.6299386,3590235,34986582,5469596,64094,3641894,34402118,228266385,3882787,34383143,71381,2627755
1635292986.7300808,3705714,35347683,5505165,78312,3803428,34458819,228265713,3660215,34530177,70367,2660642
1635292986.8302016,3706078,35305804,5411905,74040,3797357,34568926,228375748,3817472,34422138,69645,2688459
1635292986.9303293,3536636,34984618,5622844,71172,3728675,34521568,228232663,3787390,34380449,70584,2378441
1635292987.030454,3702241,35539059,5504567,77670,3793467,34391195,228299129,3657051,34500347,72043,2670231
1635292987.1305754,3639991,35089621,5385177,75465,3826089,34451460,228212067,3807391,34447659,70130,2493045
1635292987.2306964,3680252,35131354,5460706,81011,3802006,34457290,228307833,3757585,34434493,70623,2645798
1635292987.330818,3668740,35338014,5499364,78416,3764011,34366095,228237418,3717194,34427031,68873,2706148
1635292987.430939,3700857,35548370,5484500,79006,3694482,34441128,228224008,3823874,34382217,70996,2629044
1635292987.5310602,3672483,35527705,5334110,74303,3812011,34362912,228183487,3732579,34373491,70502,2673740
1635292987.6311827,3719525,35415623,5502915,78320,3375298,33966380,228133527,3669237,34437060,70837,2664535
1635292987.7313116,3659071,35392518,5496943,77197,3800771,34394792,228093160,3803842,34449750,73924,2683675
1635292987.8314333,3702204,35146493,5449662,79557,3794451,34407852,228216445,3811761,34418289,72283,2574951
1635292987.931563,3750828,35321830,5497428,77870,3802594,34471555,228266855,3664206,34485967,73065,2689943
1635292988.0316906,3708127,35358391,5490565,77770,3721069,34473816,228338119,3798892,34503784,70592,2673671
1635292988.1318119,3600274,34813679,5099128,79801,3607324,34441507,228261255,3805396,34488990,70655,2663882
1635292988.2319326,3704052,35340215,3765055,64127,3800659,34322946,228344444,3655886,34415865,70025,2676522
1635292988.3320546,3676192,35409639,5508752,80056,3682058,34408810,228215163,3806076,34331988,70692,2619430
1635292988.432176,3702759,35323864,5463509,64664,3800114,34413190,228248109,3772936,34313942,69758,2641548
1635292988.532298,3628073,35174649,5542894,77543,3787527,34461601,228301282,3674404,34415773,70928,2513568
1635292988.6324203,3697954,35387421,5492388,76894,3647374,34461289,228188954,3717714,34377196,70679,2476784
1635292988.7325418,3712741,35253335,5415532,80137,3621250,33451335,228192907,3799851,34367490,70538,2550315
1635292988.8326643,3621533,34938591,5487240,78060,3693250,34386581,228328192,3730257,34431702,71245,2684786
1635292988.9327927,3701971,35523124,5493596,79938,3812955,34403271,228207637,3715410,34472413,70735,2681355
1635292989.0329168,3695966,35295158,5388001,71323,3729158,34348854,228111439,3809526,34465510,69839,2593459
1635292989.1330376,3685697,35493106,5506454,80849,3652491,34446971,228230504,3654426,34428358,71000,2688823
1635292989.2331607,3716295,35333960,5446139,70922,3742800,34440534,228291900,3820827,34430562,72841,2717261
1635292989.3332827,3703190,35114121,5507742,74832,3796250,34275392,228218315,3801558,34351970,73328,2559975
1635292989.4334044,3767680,35302901,5513786,112440,3802909,34448157,228277411,3661798,34488231,73634,2728357
1635292989.5335252,3702864,35345863,5484812,75528,3657247,34506441,228238144,3801204,34473427,71241,2626713
1635292989.6336465,3682923,35143049,5510715,80157,3808816,34471295,228218908,3792722,34450440,70263,2359987
1635292989.7337677,3528969,34803275,5512713,72645,3822699,34476011,228385398,3644636,34418417,71322,3311447
1635292989.833896,3725338,35260973,5511426,77268,3806545,34270410,228266259,3777383,32191189,59385,2748823
1635292989.9340227,3634705,34990288,5443090,63602,3789276,34373337,228380992,3656334,34375439,69903,2542447
1635292990.0341494,3714716,35374191,5501035,77556,3656399,34475116,228268026,3726317,34356669,70229,2684246
1635292990.1342707,3715968,35315374,5462953,75230,3779893,34397958,228104725,3809491,34341812,70385,2689620
1635292990.2343926,3518640,34947347,5578943,73085,3808783,34439188,228329706,3771747,34341031,70692,2345922
1635292990.3345146,3708612,35288941,5491115,76345,3744922,34356689,228183371,3691886,34508061,69858,2659437
1635292990.4346366,3692869,35315180,5447891,79055,3782093,34498180,228162912,3795936,34437598,71125,2529730
1635292990.5347576,3802581,34429399,228158514,3713010,34484510,71528,2616025,3669882,35092224,5488329,77752
1635292990.6348798,3738892,34358656,228162150,3730293,34444084,70836,2698885,3718174,35670967,5502899,78268
1635292990.7350013,3732475,34422207,228277691,3811342,34452588,71160,2667470,3706885,35223764,5395720,74068
1635292990.9352508,3716183,35366160,5502203,77561,3449728,34461738,228364438,3846063,34393179,75034,2713473
1635292991.035375,3702600,35445061,5483776,74932,3801088,34439086,228138416,3653215,34471029,74629,2694261
1635292991.1354966,3701414,35124521,5415307,78063,3798751,34331333,228235977,3793857,34479807,72113,2536595
1635292991.2356184,3702006,35178091,5522785,76381,3713331,34376159,228248491,3701098,34389165,70912,2681695
1635292991.3357396,3696506,35265139,5515600,79233,3657412,34410867,228329887,3800818,34410467,70868,2698828
1635292991.4358604,3591452,34778609,5439289,71407,3802295,34458890,228223945,3794885,34341570,72187,2666512
1635292991.5359821,3569979,33104806,4942941,75968,3433468,34423440,228362197,3784386,34432018,70856,2661414
1635292991.6361072,3805198,34433066,228144537,3800204,34379946,71338,2546067,3781760,35390451,5437828,78365
1635292991.7362297,3798018,34370691,228151519,3654899,34340613,70454,2649330,3528209,35001993,5476625,76708
1635292991.8363512,3650104,34317683,228304623,3794866,34333210,70567,2666417,3698634,35345295,5475619,79681
1635292992.0366242,3471746,34849720,5391163,71872,3568455,34332755,228306956,3754074,34373432,71590,2676925
1635292992.136749,3698175,35374895,5467078,77350,3805758,34473363,228265136,3795009,34483991,71361,2674224
1635292992.2368712,3682499,35283952,5403790,77669,3798753,34454747,228266503,3796264,34569807,71265,2551537
1635292992.3369918,3630219,35242889,5484219,78182,3667819,34348711,228260284,3557257,34452882,71650,2670901
1635292992.4371126,3691954,35346498,5495189,78689,3773967,34390480,228257157,3790774,34430327,73068,2658897
1635292992.537235,3684545,35020187,5418878,71298,3816789,34346930,228305248,3801938,34415412,73651,2565561
1635292992.6373565,3718037,35277965,5510762,76683,3818008,34411421,228191303,3662704,34433858,72764,2713531
1635292992.737477,3586303,34459930,228235945,3809438,34404102,69975,2670354,3652561,35309050,5640007,80409
1635292992.8375983,3807404,34504059,228234599,3795560,34357935,70950,2477277,3109914,34633235,5425497,77569
1635292992.9377239,3800397,34315763,228210257,3638400,34367127,69975,2700276,3795633,35260995,5492989,76940
1635292993.137971,3701425,35235583,5476860,78735,3784717,34508530,228222033,3801190,34377797,68653,2624896
1635292993.2380917,3598241,35005494,5466972,61782,3803296,34449269,228167869,3740292,34457346,71663,2628464
1635292993.3382134,3702660,35366753,5529001,79504,3666780,34563904,228081014,3636373,34468285,69870,2710721
1635292993.4383347,3692905,35497102,5453484,72509,3803821,34376511,228204386,3751534,34593729,70836,2691804
1635292993.5384555,3504896,34954060,5529590,73810,3671459,34400911,228240085,3852262,34359904,70626,2349863
1635292993.638578,3702445,35520086,5511780,76531,4104374,34410525,228394519,3670399,34454227,70188,2692965
1635292993.7386985,3693916,35548895,5411710,80586,3810693,34449375,228174078,3814715,34419625,70149,2565809
1635292993.8388193,3802530,34403626,228251569,3747571,34492961,70752,2582445,3691330,35424247,5408602,77831
1635292993.938946,3756467,34400389,228332868,3708975,34472532,72722,2673380,3515552,34531311,5524911,77382
1635292994.039082,3698002,34452715,228263114,3591448,32237940,72128,2446051,3979900,35664896,5351923,74264
1635292994.2393317,3704864,35458407,5507570,77583,3811916,34525148,228330195,3806287,34437171,71486,2681901
1635292994.3394537,3703471,35371060,5427273,79814,3803471,34409125,228082247,3671268,34384159,69572,2620700
1635292994.4395754,3623787,35037571,5476046,78807,3779376,34299419,228191889,3760089,34416539,71071,2579588
1635292994.5396962,3717634,35412160,5528862,77669,3685841,34439586,228136668,3795318,34358343,70523,2740345
1635292994.639817,3719699,35374573,5343915,74077,3821177,34481876,228321799,3783027,34406322,70520,2674255
1635292994.7399385,3748970,35173342,5530161,77044,3361222,34374208,228183486,3691631,34381507,71717,2675750
1635292994.8400772,3717497,35262287,5491594,76926,3471680,34414189,228258695,3768280,34483155,69342,2667062
1635292994.9402046,3792798,34506634,228365980,3803848,34440636,70520,2551510,3658536,35103282,5408048,73944
1635292995.040598,3816555,34407136,228138534,3644339,34457855,71241,2674616,3701456,35175058,5451075,77311
1635292995.1909115,3677593,34384027,228302045,3796748,34463758,70800,2714162,3487710,35633020,5465800,78167
1635292995.291036,3767373,34404707,228313456,3809446,34400282,70649,3777403,3829392,35404614,5434591,71445
1635292995.3911567,3808868,34353337,228209800,3661900,34397449,69513,2276739,3615059,35216329,5499594,76445
1635292995.4912796,3581611,34410482,228192173,3807741,34313945,70976,2695488,3695271,35519664,5491716,79987
1635292995.5914004,3802411,34408529,228201943,3755781,34284580,74195,2748256,3669042,35059271,5450926,75888
1635292995.6915216,3799088,34438100,228223818,3802053,34383366,73905,2481082,3722364,35278890,5492169,77289
1635292995.7916436,3778667,34530162,228295933,3795190,34452664,72667,2694849,3709570,35322443,5506044,79248
1635292995.8917663,3758471,34369131,228171887,3701237,34569993,69995,2663065,3619180,34961462,5421576,63267
1635292995.9919014,3643051,34543182,228285686,3804742,34513181,70551,2539684,3708999,35473404,5509301,68275
1635292996.0920253,3806095,34436138,228253087,3656563,34569454,71134,2699773,3708752,35351538,5414088,77213
1635292996.192158,3717667,34380173,228212387,3803122,34451363,71265,2718693,3492483,35057387,5727560,77821
1635292996.2922878,3801521,34338081,228198617,3800792,34328323,70688,2330595,3849692,35403122,5493871,76759
1635292996.3924096,3805152,34261964,228301940,3660397,34442802,70693,2647938,3617081,35214491,5452798,76976
1635292996.49253,3796908,34371805,228192872,3803461,34400548,71582,2400295,3748052,35328981,5429992,79315
1635292996.5926523,3804761,34408048,228285299,3717859,34366435,69487,2668722,3629276,34911494,5496395,77720
1635292996.6927743,3735196,34524023,228193110,3767258,34403576,70400,2618075,3710072,35414484,5493157,76977
1635292996.7928963,3723909,34425307,228265206,3782106,34470434,69555,2696894,3693288,35336939,5379506,74345
1635292996.8930178,3803597,34429844,228369197,3733752,34467284,71138,2679194,3762515,35396988,5531494,79529
1635292996.9931502,3384379,34453954,228382147,3627684,34431107,70546,2699189,3691189,35460155,5496784,76326
1635292997.0932715,3841851,34461381,228250360,3790888,34420232,73392,2702397,3711218,35182895,5427038,79284
1635292997.1933935,3797390,34380158,228146212,3813306,34470365,73060,2551815,3705304,35273671,5507287,76916
1635292997.2935152,3805599,34448497,228188565,3662437,34485113,73031,2700208,3703817,35480428,5503576,76892
1635292997.3936365,3663789,34411301,228185457,3809933,34428849,70592,2707221,3634559,35084028,5502588,79624
1635292997.4937582,3803490,34418654,228183169,3808737,34377390,71327,2659941,3755813,34836725,5411997,71720
1635292997.5938795,3787169,34416173,228289254,3649344,34477493,71462,2630163,3700488,35201436,5511706,78323
1635292997.6940005,3604729,34521506,228296395,3801506,34490213,71003,2663873,3723099,35340586,5494481,79579
1635292997.794123,3814191,34458596,228228902,3804571,34445118,70956,2650838,3596339,34934053,5545999,77960
1635292997.8942451,3801670,34505648,228261098,3756066,34428843,71380,2493998,3678220,35291508,5496454,78226
1635292997.9943764,3711338,34504447,228218547,3581972,34481891,71718,2666151,3697451,35428409,5450835,80026
1635292998.0944977,3817356,34402462,228257064,3807006,34482340,70057,2567825,3582478,35128819,5459405,69896
1635292998.1946201,3676780,34393123,228365804,3833996,34410096,72218,2679858,3706074,35471318,5507750,78391
1635292998.2947538,3774629,34411086,228311023,3692266,34447515,70496,2674658,3694321,35376811,5305630,74241
1635292998.3948843,3790844,34483029,228285637,3807585,34417023,71073,2662812,3664817,35107296,5577999,77351
1635292998.4950066,3712090,34496013,228253286,3675935,34388309,70705,2598177,3709725,35010472,5395292,72258
1635292998.5951276,3642018,34492830,228153032,3766611,34494133,73544,2701604,3637432,35358329,5494396,80655
1635292998.695249,3817473,34379476,228127323,3799190,34548354,74487,2519528,3844054,35274769,5476284,81227
1635292998.795371,3809800,34343165,228186053,3661015,34441887,73410,2691947,3671007,35149788,5506086,76660
1635292998.895492,3598356,33738484,228206135,3803179,34373330,71082,2663285,3728736,35454534,5508200,78999
1635292998.9956217,3809361,34349904,228136829,3690935,34387576,70415,2619058,3585385,34861261,5481560,72694
1635292999.0957448,3803174,34319397,228266050,3801448,34450616,71276,2495607,3718912,35413684,5508525,76441
1635292999.195866,3831816,34624666,228291735,3793079,34410187,70798,2689957,3708694,35318954,5464440,78778
1635292999.2959874,3827010,34523651,228269380,3780713,34453674,71775,2708954,3596806,34981946,5431504,77280
1635292999.3961096,3791703,34477096,228268193,3802626,34384872,72277,2567094,3711027,35303662,5499060,78776
1635292999.4962308,3567403,34402527,228266002,3653905,34453244,70242,2683472,3726390,35315350,5329396,79069
1635292999.596352,3803287,34444017,228179567,3801672,34478232,70816,2682502,3660766,35071144,5557424,71000
1635292999.6964731,3803246,34403191,228210204,3749611,34400604,70758,2665194,3707094,35389093,5471989,76807
1635292999.7965941,3661458,34368997,228403502,3712980,34406860,70239,2701745,3687109,35443387,5472971,75839
1635292999.8967152,3793717,34416758,228242452,3806759,34393581,70519,2670775,3671437,35539503,5400648,63239
1635292999.9968445,3803724,34416953,228243916,3685142,34462111,71271,2505757,3619160,35211370,5481015,77191
1635293000.096965,3711897,34444198,228169303,3756789,34456758,71390,2552328,3697490,35348746,5503187,77137
1635293000.197087,3667337,34450814,228110081,3763158,34406132,73136,2773214,3700577,35272550,5431170,72289
1635293000.2972085,3790994,34457122,228165160,3790935,34414756,73540,2423177,3678659,35019274,5514708,78009
1635293000.397331,3599202,34428900,228276933,3765347,34370695,74534,2659500,3703155,35329687,5501744,81537
1635293000.4974732,3812436,34439844,228262168,3672777,34441963,69642,2670342,3687442,35114064,5398357,70961
1635293000.597596,3714516,34484544,228200472,3805129,34464302,70754,2562604,3707817,35360817,5499653,76414
1635293000.6977167,3794570,34505687,228346467,3653191,34454809,70859,2701448,3722339,35432095,5461759,77158
1635293000.7978387,3775275,34504355,228244389,3810842,34477913,71078,2699738,3679620,35235302,5518501,74678
1635293000.8979604,3787175,34485031,228354736,3811031,34447483,71189,2481654,3789461,35223641,5506126,86465
1635293000.9980898,3801527,34494094,228235477,3663278,34377659,71666,2734498,3686901,35346066,5460872,75720
1635293001.098212,3651587,34448551,228259104,3802359,34373440,71208,2473433,3673679,35098560,5509337,81437
1635293001.198334,3811292,34470315,228232883,3807273,34438255,70089,2667529,3577839,34830719,5469093,73049
1635293001.2984545,3800276,34495930,228134378,3695389,34497128,69646,2943911,3709142,35436208,5499029,78140
1635293001.3985755,3792896,34513669,228156685,3810987,34478767,70399,2682059,3694110,35529097,5465468,78096
1635293001.4986959,3431540,32694865,228281959,3718049,34512334,71495,2618389,3242128,32482115,3640164,77436
1635293001.598818,3787373,34320974,228222854,3759709,34345655,71309,2683297,3689307,35284994,5378207,71915
1635293001.6989398,3783454,34347960,228134763,3810582,34326416,70461,2558312,3695783,35450294,5469794,78596
1635293001.799061,3669187,34331904,228292965,3649876,34386692,73724,2657600,3702656,35296274,5442369,79865
1635293001.899182,3816191,34445439,228232213,3802333,34388466,73833,2702996,3627987,34950843,5448044,62417
1635293001.9993095,3794624,34372933,228328168,3801300,34419939,72272,2566687,3701700,35273751,5497777,67115
1635293002.099433,3798340,34304424,228191318,3642863,34382931,70290,2698362,3676461,35133775,5503099,77223
1635293002.1995564,3656171,34297562,228230643,3799975,34417434,70893,2666307,3708836,35321519,5442035,72930
1635293002.2996776,3802229,34365541,228155426,3712410,34301619,69729,2493177,3673335,34998536,5495436,77974
1635293002.499921,3697073,35368299,5513429,77877,3762873,34303142,228260962,3778096,34348836,69744,2699567
1635293002.6000845,3707013,35230211,5414746,79883,3769289,34160850,228071795,3806509,34340412,71914,2456463
1635293002.7002082,3683925,35087132,5466983,76012,3651152,34328843,228207795,3758836,34350641,69337,2665062
1635293002.8003302,3702066,35282924,5463098,80065,3740918,34331959,228143925,3713313,34327253,70348,2675079
1635293002.900453,3533120,34728617,5463715,72854,3885670,34510763,228270558,3798002,34319912,71543,2435371
1635293003.0005822,3693873,35326396,5479403,76939,3796449,34317278,228126478,3648298,34417411,70580,2700597
1635293003.1007054,3667927,35333468,5434076,79356,3819565,34361869,228224394,3801201,34454027,70228,2555682
1635293003.2008266,3807692,34411122,228270998,3725502,34416904,70806,2610483,3656761,35335561,5405889,77444
1635293003.3009493,3726771,34420124,228224130,3740532,34404163,74209,2702231,3744940,35218742,5509587,77972
1635293003.4010704,3743628,34404605,228283337,3805906,34440726,75897,2716826,3698271,35225927,5380598,74330
1635293003.601315,3695383,35551885,5479157,75975,3579531,34446441,228261332,3865616,34404674,71219,2728011
1635293003.7014365,3690310,35355609,5498271,76604,3790810,34425076,228140969,3614991,34274433,70699,2670456
1635293003.8015583,3643484,34983983,5413394,77020,3800801,34474987,228267833,3745362,34385951,71232,2525367
1635293003.9016805,3692491,35340132,5485499,76789,3689495,34462831,228303930,3638264,33741067,69658,2687367
1635293004.0018072,3697836,35337176,5400609,74424,3718304,34468133,228259119,3792845,34354282,69952,2677230
1635293004.1019328,3707075,35059711,5508461,78055,3804379,34403517,228073774,3700681,34357997,70711,2700269
1635293004.2020545,3699496,33838998,3992992,74554,3382778,34410149,228213326,3811159,34383670,70219,2667559
1635293004.3021767,3731985,33819998,224357614,3660076,34085191,66818,2500160,3523790,34839304,5359911,77179
1635293004.4023008,3652312,33662263,224092782,3656804,33538409,59409,2587408,3447851,34519737,5318688,110581
1635293004.502423,3732263,34019390,227833296,3718020,33909958,54234,2647055,3609858,35135318,5375836,136861
