2021-10-26 21:17:55 modena root[507877] INFO [Watcher] Initialized
2021-10-26 21:17:55 modena root[507877] INFO [Timestamper] Initialized
2021-10-26 21:17:55 modena root[507877] INFO [SystemPerfmonDaemon] Initializing System Performance monitoring Daemon
2021-10-26 21:17:55 modena root[507877] INFO [SystemPerfmonDaemon] Number of cores on the system: 128
2021-10-26 21:17:55 modena root[507877] INFO [SystemPerfmonDaemon] Number of sockets on the system: 2
2021-10-26 21:17:55 modena root[507877] INFO [SystemPerfmonDaemon] python3 -u /nfs_homes/dmasouros/ThymesisFlow/libthymesisflow/scripts/read_counters.py
2021-10-26 21:17:55 modena root[507877] INFO [SystemPerfmonDaemon] Initializing System Performance monitoring Daemon
2021-10-26 21:17:55 modena root[507877] INFO [SystemPerfmonDaemon] Number of cores on the system: 128
2021-10-26 21:17:55 modena root[507877] INFO [SystemPerfmonDaemon] Number of sockets on the system: 2
2021-10-26 21:17:55 modena root[507877] INFO [SystemPerfmonDaemon] Starting monitoring S0 and FPGA
2021-10-26 21:17:55 modena root[507877] INFO [SystemPerfmonDaemon] perf stat -I 1000 -a -x, -e LLC-load-misses,LLC-loads,LLC-prefetches,mem-loads,mem-stores --per-socket | grep S0
2021-10-26 21:17:55 modena root[507877] INFO [Watcher] Active containers: memcached-server
2021-10-26 21:17:55 modena root[507877] INFO [containerDaemon507865] sudo perf stat -I 1000 -a -x, -e cache-misses,cache-references,cpu-cycles,L1-dcache-load-misses,L1-dcache-loads,L1-dcache-prefetches,L1-dcache-store-misses,L1-icache-load-misses,L1-icache-loads,L1-icache-prefetches,L2-load-misses -p 507865
2021-10-26 21:17:55 modena root[507877] INFO [containerDaemon507865] Started monitoring PID 507865 of container memcached-server
2021-10-26 21:17:57 modena root[507877] INFO [Watcher] Active containers: memcached-server
2021-10-26 21:17:58 modena root[507877] INFO [SystemPerfmonDaemon] [1635279475.354314, '480168', '1350851', '0', '3095626', '2113984', '0', '0', '0']
2021-10-26 21:17:58 modena root[507877] INFO [SystemPerfmonDaemon] [1635279478.2072873, '1085756', '3280103', '0', '18706379', '16372542', '0', '0', '0']
2021-10-26 21:17:58 modena root[507877] INFO [containerDaemon507865] [1635279475.354314, '31721890', '282365871', '2012163161', '31417465', '290211096', '815976', '28285880', '31674834', '292804567', '47431409', '1168128']
2021-10-26 21:17:59 modena root[507877] INFO [SystemPerfmonDaemon] [1635279478.2072873, '3658700', '14153616', '0', '35028722', '22125500', '0', '0', '0']
2021-10-26 21:17:59 modena root[507877] INFO [SystemPerfmonDaemon] [1635279479.1582806, '2851634', '22331540', '0', '33498924', '34200791', '0', '0', '0']
2021-10-26 21:17:59 modena root[507877] INFO [containerDaemon507865] [1635279478.2072873, '92015105', '796944651', '5773201186', '92014242', '810287714', '2275409', '84379158', '91989394', '847214513', '137580716', '3456698']
2021-10-26 21:18:00 modena root[507877] INFO [Watcher] Active containers: memtier-benchmark memcached-server
2021-10-26 21:18:00 modena root[507877] INFO [SystemPerfmonDaemon] [1635279479.1582806, '4329181', '16131528', '0', '38994494', '25785888', '4', '8', '453']
2021-10-26 21:18:00 modena root[507877] INFO [SystemPerfmonDaemon] [1635279480.109263, '3384706', '23788802', '0', '33433374', '35542512', '0', '0', '0']
2021-10-26 21:18:00 modena root[507877] INFO [containerDaemon507865] [1635279479.1582806, '106052963', '932857172', '6631934965', '105700464', '932927594', '2545434', '97491466', '106050711', '981085622', '155263858', '3957620']
2021-10-26 21:18:01 modena root[507877] INFO [SystemPerfmonDaemon] [1635279480.109263, '4509475', '16068825', '0', '40285762', '27131618', '0', '0', '0']
2021-10-26 21:18:01 modena root[507877] INFO [containerDaemon507865] [1635279480.109263, '114739349', '1014732901', '7151202956', '115166239', '1017654086', '2816283', '105602843', '114289731', '1065647947', '171131331', '4288195']
2021-10-26 21:18:02 modena root[507877] INFO [SystemPerfmonDaemon] [1635279481.0600333, '3366175', '23806036', '0', '35444618', '32964677', '0', '0', '0']
2021-10-26 21:18:02 modena root[507877] INFO [containerDaemon507865] [1635279481.0600333, '117803324', '1044163078', '7354729255', '118311487', '1045989032', '2845236', '108129172', '118551006', '1095371365', '175807635', '4411204']
2021-10-26 21:18:03 modena root[507877] INFO [SystemPerfmonDaemon] [1635279482.0110276, '4683307', '16372378', '0', '40811094', '28241498', '0', '0', '0']
2021-10-26 21:18:03 modena root[507877] INFO [containerDaemon507865] [1635279482.0110276, '118819564', '1051619707', '7397049579', '118868512', '1053639417', '2881266', '109715875', '118430317', '1105671854', '175900315', '4452785']
2021-10-26 21:18:04 modena root[507877] INFO [Watcher] Active containers: memtier-benchmark memcached-server
2021-10-26 21:18:04 modena root[507877] INFO [SystemPerfmonDaemon] [1635279482.9620237, '3625046', '24366065', '0', '37211597', '33756196', '0', '0', '0']
2021-10-26 21:18:04 modena root[507877] INFO [containerDaemon507865] [1635279483.9130218, '118202178', '1049139777', '7351908085', '118822203', '1051688762', '2836695', '109102642', '117722263', '1099532264', '176880160', '4422011']
2021-10-26 21:18:05 modena root[507877] INFO [SystemPerfmonDaemon] [1635279483.9130218, '4674438', '16280305', '0', '40292447', '28391219', '0', '0', '0']
2021-10-26 21:18:05 modena root[507877] INFO [containerDaemon507865] [1635279484.8640192, '118965636', '1050855698', '7371104154', '119332125', '1053849823', '2796982', '109859165', '118123749', '1103505075', '177196371', '4448084']
2021-10-26 21:18:06 modena root[507877] INFO [SystemPerfmonDaemon] [1635279484.8640192, '3491042', '23842370', '0', '40734946', '32720016', '3', '5', '397']
2021-10-26 21:18:06 modena root[507877] INFO [containerDaemon507865] [1635279485.815017, '118854975', '1050565150', '7360134325', '118950887', '1050605793', '2755533', '109309414', '119345950', '1101385607', '177192543', '4472440']
2021-10-26 21:18:07 modena root[507877] INFO [SystemPerfmonDaemon] [1635279485.815017, '4684037', '15995626', '0', '40399107', '28219812', '0', '0', '0']
2021-10-26 21:18:07 modena root[507877] INFO [containerDaemon507865] [1635279486.7660246, '118623239', '1051637977', '7350674981', '119004050', '1054684199', '2650686', '109642379', '118067860', '1101114019', '177017381', '4438211']
2021-10-26 21:18:08 modena root[507877] INFO [SystemPerfmonDaemon] [1635279486.7660246, '3608388', '24209198', '0', '41140691', '33749675', '0', '0', '0']
2021-10-26 21:18:08 modena root[507877] INFO [Watcher] Active containers: memtier-benchmark memcached-server
2021-10-26 21:18:08 modena root[507877] INFO [containerDaemon507865] [1635279487.7170272, '118422331', '1052017132', '7336836294', '118859410', '1054899058', '2645742', '109630955', '119103999', '1100172282', '175161312', '4436449']
2021-10-26 21:18:09 modena root[507877] INFO [SystemPerfmonDaemon] [1635279487.7170272, '4705610', '15994422', '0', '40549138', '28341205', '1', '3', '400']
2021-10-26 21:18:09 modena root[507877] INFO [containerDaemon507865] [1635279488.668023, '118598855', '1052345473', '7334580295', '118969895', '1051908414', '2648467', '109669449', '118010598', '1099988448', '175416143', '4426684']
2021-10-26 21:18:10 modena root[507877] INFO [SystemPerfmonDaemon] [1635279488.668023, '3510139', '23809251', '0', '38837089', '32625638', '0', '0', '0']
2021-10-26 21:18:10 modena root[507877] INFO [containerDaemon507865] [1635279489.6190145, '118664148', '1051344351', '7345731213', '119084539', '1053003840', '2693497', '110295672', '118062933', '1101775024', '177009459', '4422391']
2021-10-26 21:18:11 modena root[507877] INFO [SystemPerfmonDaemon] [1635279489.6190145, '4750778', '16198795', '0', '41354233', '28411006', '0', '0', '0']
2021-10-26 21:18:11 modena root[507877] INFO [containerDaemon507865] [1635279490.570045, '118572155', '1050990087', '7329354362', '118964288', '1053114306', '2692352', '109640079', '118936375', '1096332530', '177081287', '4424254']
2021-10-26 21:18:12 modena root[507877] INFO [SystemPerfmonDaemon] [1635279490.570045, '3680518', '23821566', '0', '40158893', '34584041', '7', '13', '400']
2021-10-26 21:18:12 modena root[507877] INFO [Watcher] Active containers: memtier-benchmark memcached-server
2021-10-26 21:18:12 modena root[507877] INFO [containerDaemon507865] [1635279491.5210376, '118422604', '1050015218', '7320810009', '118986328', '1053079828', '2672816', '109307224', '117744509', '1097007844', '176541149', '4415763']
2021-10-26 21:18:13 modena root[507877] INFO [SystemPerfmonDaemon] [1635279492.4720285, '4686910', '15531985', '0', '40373047', '28226639', '0', '0', '0']
2021-10-26 21:18:13 modena root[507877] INFO [containerDaemon507865] [1635279492.4720285, '118390828', '1049508646', '7323274662', '118926339', '1052626542', '2647363', '109948118', '117824357', '1099604015', '173987234', '4419429']
2021-10-26 21:18:14 modena root[507877] INFO [SystemPerfmonDaemon] [1635279493.4230208, '3483890', '23733979', '0', '41459080', '32673787', '0', '0', '0']
2021-10-26 21:18:14 modena root[507877] INFO [containerDaemon507865] [1635279493.4230208, '118736922', '1052001546', '7340375889', '119154548', '1053779601', '2700089', '109956790', '117996523', '1099802633', '176815214', '4441295']
2021-10-26 21:18:15 modena root[507877] INFO [SystemPerfmonDaemon] [1635279494.3740134, '4696476', '15458185', '0', '40859714', '28274023', '0', '0', '0']
2021-10-26 21:18:15 modena root[507877] INFO [containerDaemon507865] [1635279494.3740134, '118280626', '1048962429', '7318650043', '118696286', '1051178834', '2667417', '109613273', '117710866', '1097919343', '176438248', '4414172']
2021-10-26 21:18:16 modena root[507877] INFO [SystemPerfmonDaemon] [1635279495.3250072, '3592293', '23874260', '0', '40032647', '34364207', '0', '0', '0']
2021-10-26 21:18:16 modena root[507877] INFO [containerDaemon507865] [1635279495.3250072, '118652834', '1049680141', '7335777475', '119128041', '1053754008', '2677344', '110180405', '118016962', '1101641178', '176974192', '4437268']
2021-10-26 21:18:17 modena root[507877] INFO [Watcher] Active containers: memtier-benchmark memcached-server
2021-10-26 21:18:17 modena root[507877] INFO [SystemPerfmonDaemon] [1635279496.2760007, '4694708', '15440858', '0', '40740221', '28342553', '0', '0', '0']
2021-10-26 21:18:17 modena root[507877] INFO [containerDaemon507865] [1635279496.2760007, '118102859', '1049726349', '7315705231', '118557427', '1051460497', '2680072', '109453559', '117490565', '1095875866', '174944895', '4425102']
2021-10-26 21:18:18 modena root[507877] INFO [SystemPerfmonDaemon] [1635279497.2270029, '3624160', '23797153', '0', '39960650', '33207732', '1', '3', '394']
2021-10-26 21:18:18 modena root[507877] INFO [containerDaemon507865] [1635279497.2270029, '118610228', '1052155038', '7335450200', '118995121', '1053340912', '2684880', '109812928', '118048007', '1102006892', '177068186', '4426042']
2021-10-26 21:18:19 modena root[507877] INFO [SystemPerfmonDaemon] [1635279498.1779976, '4912291', '18281658', '0', '52542525', '34571240', '0', '0', '0']
2021-10-26 21:18:19 modena root[507877] INFO [containerDaemon507865] [1635279498.1779976, '118330325', '1050014870', '7325037337', '118730700', '1051158732', '2702496', '109746387', '117686220', '1096488216', '173686419', '4414776']
2021-10-26 21:18:20 modena root[507877] INFO [SystemPerfmonDaemon] [1635279499.1289754, '3537775', '24171897', '0', '42070771', '32840102', '0', '0', '0']
2021-10-26 21:18:20 modena root[507877] INFO [containerDaemon507865] [1635279499.1289754, '118677610', '1053160320', '7340029104', '119140429', '1054441532', '2690496', '109886133', '118259358', '1102494170', '177039532', '4431938']
2021-10-26 21:18:21 modena root[507877] INFO [Watcher] Active containers: memtier-benchmark memcached-server
2021-10-26 21:18:21 modena root[507877] INFO [SystemPerfmonDaemon] [1635279500.079955, '4688097', '15520891', '0', '40151723', '28143844', '2', '4', '398']
2021-10-26 21:18:21 modena root[507877] INFO [containerDaemon507865] [1635279500.079955, '118365345', '1051848877', '7328820253', '118765591', '1053167622', '2696358', '109365708', '117923397', '1100997932', '176770296', '4411313']
2021-10-26 21:18:22 modena root[507877] INFO [SystemPerfmonDaemon] [1635279501.0300157, '3623054', '24269607', '0', '43486543', '33569816', '0', '0', '0']
2021-10-26 21:18:22 modena root[507877] INFO [containerDaemon507865] [1635279501.0300157, '118750499', '1054102488', '7348568238', '119455660', '1057001810', '2695348', '110010499', '118125414', '1100698038', '177220727', '4441806']
2021-10-26 21:18:23 modena root[507877] INFO [SystemPerfmonDaemon] [1635279501.9809906, '4689854', '15288812', '0', '39930063', '28191209', '2', '4', '401']
2021-10-26 21:18:23 modena root[507877] INFO [containerDaemon507865] [1635279501.9809906, '118252362', '1048610874', '7321055029', '118746859', '1052614190', '2709446', '109446370', '117882111', '1097442877', '175113106', '4401646']
2021-10-26 21:18:24 modena root[507877] INFO [SystemPerfmonDaemon] [1635279502.9319606, '3472293', '23742228', '0', '39921512', '32592136', '2', '4', '398']
2021-10-26 21:18:24 modena root[507877] INFO [containerDaemon507865] [1635279503.8829336, '118234723', '1049177422', '7322546518', '118830458', '1051145260', '2648545', '109600948', '117791991', '1098679995', '176694261', '4407161']
2021-10-26 21:18:25 modena root[507877] INFO [SystemPerfmonDaemon] [1635279503.8829336, '4685044', '15131443', '0', '39051470', '28212730', '0', '0', '0']
2021-10-26 21:18:25 modena root[507877] INFO [Watcher] Active containers: memtier-benchmark memcached-server
2021-10-26 21:18:25 modena root[507877] INFO [containerDaemon507865] [1635279504.8339021, '118576441', '1053085456', '7336609431', '119050421', '1053253246', '2666763', '109862610', '117973710', '1099820517', '176811199', '4417445']
2021-10-26 21:18:26 modena root[507877] INFO [SystemPerfmonDaemon] [1635279504.8339021, '3676070', '24123402', '0', '42468383', '34001821', '0', '0', '0']
2021-10-26 21:18:26 modena root[507877] INFO [containerDaemon507865] [1635279505.7848735, '118123608', '1046946767', '7310414656', '118558170', '1050516696', '2670091', '109101516', '117461436', '1096065161', '176180798', '4386586']
2021-10-26 21:18:27 modena root[507877] INFO [SystemPerfmonDaemon] [1635279505.7848735, '4690067', '15359199', '0', '39314552', '28235956', '0', '0', '0']
2021-10-26 21:18:27 modena root[507877] INFO [containerDaemon507865] [1635279506.7358444, '116852016', '1043041694', '7300962029', '117410961', '1039670311', '2832353', '105560026', '117614004', '1081962374', '172999407', '4185895']
2021-10-26 21:18:28 modena root[507877] INFO [SystemPerfmonDaemon] [1635279506.7358444, '3467967', '23795147', '0', '40878664', '32642935', '0', '0', '0']
2021-10-26 21:18:28 modena root[507877] INFO [containerDaemon507865] [1635279507.686808, '116061679', '1037773674', '7267406689', '116715779', '1040496153', '2894327', '105924645', '115755404', '1080755846', '170165096', '4068659']
2021-10-26 21:18:29 modena root[507877] INFO [SystemPerfmonDaemon] [1635279507.686808, '4814531', '15505835', '0', '39504211', '28451496', '3', '5', '400']
2021-10-26 21:18:29 modena root[507877] INFO [containerDaemon507865] [1635279508.6377943, '116373329', '1037972996', '7195270588', '116552053', '1039227408', '2645977', '105402567', '117056579', '1082386682', '174300763', '4263705']
2021-10-26 21:18:29 modena root[507877] INFO [Watcher] Active containers: memtier-benchmark memcached-server
2021-10-26 21:18:30 modena root[507877] INFO [SystemPerfmonDaemon] [1635279508.6377943, '3523642', '23798360', '0', '40885256', '34071570', '0', '0', '0']
2021-10-26 21:18:30 modena root[507877] INFO [containerDaemon507865] [1635279509.5887644, '116553949', '1038772196', '7203535562', '117094178', '1040639946', '2673105', '106848221', '116256418', '1083465270', '172941354', '4292378']
2021-10-26 21:18:31 modena root[507877] INFO [SystemPerfmonDaemon] [1635279509.5887644, '4688881', '15345532', '0', '40320121', '28242700', '0', '0', '0']
2021-10-26 21:18:31 modena root[507877] INFO [containerDaemon507865] [1635279510.5397336, '117017960', '1040945567', '7232847394', '117649353', '1043429973', '2676615', '107620712', '116503387', '1086759722', '174998280', '4306147']
2021-10-26 21:18:32 modena root[507877] INFO [SystemPerfmonDaemon] [1635279510.5397336, '3478455', '23857602', '0', '41092130', '32652773', '0', '0', '0']
2021-10-26 21:18:32 modena root[507877] INFO [containerDaemon507865] [1635279511.4900203, '116530315', '1036842356', '7207441693', '116398427', '1037031662', '2640946', '107007106', '116175885', '1085013795', '174448930', '4275656']
2021-10-26 21:18:33 modena root[507877] INFO [SystemPerfmonDaemon] [1635279512.4409914, '4705075', '15261642', '0', '38246383', '28317482', '0', '0', '0']
2021-10-26 21:18:33 modena root[507877] INFO [containerDaemon507865] [1635279512.4409914, '116365186', '1036714212', '7203518125', '116832216', '1039212558', '2663155', '106829285', '116121623', '1084050727', '172779513', '4271880']
2021-10-26 21:18:34 modena root[507877] INFO [Watcher] Active containers: memtier-benchmark memcached-server
2021-10-26 21:18:34 modena root[507877] INFO [SystemPerfmonDaemon] [1635279513.3919623, '3545540', '23899006', '0', '42428280', '34043061', '0', '0', '0']
2021-10-26 21:18:34 modena root[507877] INFO [containerDaemon507865] [1635279513.3919623, '116265123', '1036171068', '7192354105', '116744829', '1038456824', '2633123', '106528075', '115984884', '1082971395', '174090510', '4276356']
2021-10-26 21:18:35 modena root[507877] INFO [SystemPerfmonDaemon] [1635279514.3429298, '4709138', '15359039', '0', '40202020', '28382854', '0', '0', '0']
2021-10-26 21:18:35 modena root[507877] INFO [containerDaemon507865] [1635279514.3429298, '116209021', '1036027975', '7194119957', '116683176', '1038066047', '2632722', '106230980', '115961531', '1082775598', '173938286', '4268243']
2021-10-26 21:18:36 modena root[507877] INFO [SystemPerfmonDaemon] [1635279515.2938974, '3536952', '23978658', '0', '38401974', '33211891', '0', '0', '0']
2021-10-26 21:18:36 modena root[507877] INFO [containerDaemon507865] [1635279515.2938974, '116248799', '1033089055', '7209234925', '116648692', '1038974599', '2720839', '106594203', '117048408', '1082643309', '172675062', '4262961']
2021-10-26 21:18:37 modena root[507877] INFO [SystemPerfmonDaemon] [1635279516.2448645, '4694146', '15556666', '0', '41739107', '28282727', '0', '0', '0']
2021-10-26 21:18:37 modena root[507877] INFO [containerDaemon507865] [1635279516.2448645, '116854107', '1039495751', '7224299226', '117148079', '1040911501', '2744374', '106853130', '117359307', '1084838951', '173236279', '4285372']
2021-10-26 21:18:38 modena root[507877] INFO [SystemPerfmonDaemon] [1635279517.1958349, '3639721', '24386582', '0', '40306704', '33666581', '4', '8', '503']
2021-10-26 21:18:38 modena root[507877] INFO [Watcher] Active containers: memtier-benchmark memcached-server
2021-10-26 21:18:38 modena root[507877] INFO [containerDaemon507865] [1635279517.1958349, '116368032', '1035636671', '7210780529', '117050052', '1038808151', '2695452', '107235066', '115856309', '1084789437', '174171982', '4257925']
2021-10-26 21:18:39 modena root[507877] INFO [SystemPerfmonDaemon] [1635279518.1468, '4797074', '15681095', '0', '41407093', '29161197', '0', '0', '0']
2021-10-26 21:18:39 modena root[507877] INFO [containerDaemon507865] [1635279518.1468, '116945210', '1041008619', '7234515067', '117441316', '1043639345', '2732900', '107292484', '118180414', '1081551897', '171771602', '4276484']
2021-10-26 21:18:40 modena root[507877] INFO [SystemPerfmonDaemon] [1635279519.0977752, '3553347', '24146441', '0', '40678832', '32810062', '0', '0', '0']
2021-10-26 21:18:40 modena root[507877] INFO [containerDaemon507865] [1635279519.0977752, '117088179', '1041229648', '7251042902', '117543280', '1042673657', '2746111', '108065714', '116728607', '1089539799', '173847445', '4272537']
2021-10-26 21:18:41 modena root[507877] INFO [SystemPerfmonDaemon] [1635279520.0487447, '4699139', '15412991', '0', '40282976', '28229194', '0', '0', '0']
2021-10-26 21:18:41 modena root[507877] INFO [containerDaemon507865] [1635279520.0487447, '117213184', '1041229349', '7236012396', '117703740', '1043366446', '2734529', '107857006', '116583594', '1089137615', '175002949', '4285938']
2021-10-26 21:18:42 modena root[507877] INFO [SystemPerfmonDaemon] [1635279520.9997203, '3670439', '24186182', '0', '41085130', '34245829', '0', '0', '0']
2021-10-26 21:18:42 modena root[507877] INFO [Watcher] Active containers: memtier-benchmark memcached-server
2021-10-26 21:18:42 modena root[507877] INFO [containerDaemon507865] [1635279520.9997203, '116725166', '1038798488', '7212083411', '117049497', '1040633787', '2673453', '107354927', '116217539', '1087585652', '174464400', '4280899']
2021-10-26 21:18:43 modena root[507877] INFO [SystemPerfmonDaemon] [1635279521.9500175, '4685211', '15320077', '0', '40462536', '28212042', '0', '0', '0']
2021-10-26 21:18:43 modena root[507877] INFO [containerDaemon507865] [1635279522.9009893, '116417395', '1035793859', '7252562052', '117574482', '1044572552', '2704043', '108016312', '116929312', '1091582203', '173199902', '4276445']
2021-10-26 21:18:44 modena root[507877] INFO [SystemPerfmonDaemon] [1635279522.9009893, '3496155', '23919229', '0', '39785933', '32692980', '4', '8', '400']
2021-10-26 21:18:44 modena root[507877] INFO [containerDaemon507865] [1635279523.8519807, '117585396', '1042749781', '7263940712', '117695646', '1043473602', '2735231', '108739261', '117009833', '1090938491', '175730244', '4304058']
2021-10-26 21:18:45 modena root[507877] INFO [SystemPerfmonDaemon] [1635279523.8519807, '4751311', '15469547', '0', '42095856', '28560671', '0', '0', '0']
2021-10-26 21:18:45 modena root[507877] INFO [containerDaemon507865] [1635279524.8029704, '117393529', '1042803621', '7246756591', '117699406', '1042876299', '2696218', '107921320', '116762488', '1091458630', '175243973', '4302199']
2021-10-26 21:18:46 modena root[507877] INFO [SystemPerfmonDaemon] [1635279524.8029704, '3560152', '24482951', '0', '39903019', '33830271', '0', '0', '0']
2021-10-26 21:18:46 modena root[507877] INFO [containerDaemon507865] [1635279525.7539487, '116376671', '1035803711', '7245411177', '117119374', '1040933376', '2735507', '106270877', '115717072', '1085822593', '173654227', '4172838']
2021-10-26 21:18:47 modena root[507877] INFO [Watcher] Active containers: memtier-benchmark memcached-server
2021-10-26 21:18:47 modena root[507877] INFO [SystemPerfmonDaemon] [1635279525.7539487, '4679494', '15236470', '0', '40023699', '28162343', '0', '0', '0']
2021-10-26 21:18:47 modena root[507877] INFO [containerDaemon507865] [1635279526.7049131, '115416605', '1033126831', '7163350187', '115954101', '1034293838', '2633042', '105038249', '115401143', '1081260787', '173523066', '4262847']
2021-10-26 21:18:48 modena root[507877] INFO [SystemPerfmonDaemon] [1635279526.7049131, '3486953', '23980666', '0', '36157585', '32707935', '2', '4', '394']
2021-10-26 21:18:48 modena root[507877] INFO [containerDaemon507865] [1635279527.655882, '115896878', '1033440214', '7178841719', '116466999', '1036270179', '2627426', '105983304', '115664201', '1083835722', '173741625', '4257238']
2021-10-26 21:18:49 modena root[507877] INFO [SystemPerfmonDaemon] [1635279527.655882, '4671772', '15371856', '0', '40042777', '28195256', '0', '0', '0']
2021-10-26 21:18:49 modena root[507877] INFO [containerDaemon507865] [1635279528.606849, '116214124', '1035121353', '7204437727', '116588917', '1039369725', '2637943', '106491473', '116000700', '1085740979', '174108015', '4284512']
2021-10-26 21:18:50 modena root[507877] INFO [SystemPerfmonDaemon] [1635279528.606849, '3546829', '24297524', '0', '39078667', '33192409', '0', '0', '0']
2021-10-26 21:18:50 modena root[507877] INFO [containerDaemon507865] [1635279529.5578232, '116413303', '1036178580', '7209052333', '116838683', '1038098476', '2656065', '106523895', '115890328', '1081854417', '172652797', '4272480']
2021-10-26 21:18:51 modena root[507877] INFO [Watcher] Active containers: memtier-benchmark memcached-server
2021-10-26 21:18:51 modena root[507877] INFO [SystemPerfmonDaemon] [1635279529.5578232, '4666964', '15400691', '0', '38682755', '28204143', '0', '0', '0']
2021-10-26 21:18:51 modena root[507877] INFO [containerDaemon507865] [1635279530.5087981, '116157356', '1035874421', '7208690709', '116513884', '1037145203', '2635217', '106340550', '115987937', '1084120304', '174322206', '4259811']
2021-10-26 21:18:52 modena root[507877] INFO [SystemPerfmonDaemon] [1635279531.4597828, '3473801', '24019024', '0', '38712699', '33169089', '0', '0', '0']
2021-10-26 21:18:52 modena root[507877] INFO [containerDaemon507865] [1635279531.4597828, '116500203', '1037165197', '7224036957', '116985658', '1039449559', '2662558', '107085730', '116054550', '1084804824', '174196715', '4263095']
2021-10-26 21:18:53 modena root[507877] INFO [SystemPerfmonDaemon] [1635279532.4100354, '4519946', '15549325', '0', '39182102', '27931287', '3', '7', '398']
2021-10-26 21:18:53 modena root[507877] INFO [containerDaemon507865] [1635279532.4100354, '116467029', '1035245386', '7211113543', '116407485', '1037065188', '2652327', '107279452', '116022971', '1085030974', '173948719', '4272994']
2021-10-26 21:18:54 modena root[507877] INFO [SystemPerfmonDaemon] [1635279533.3610287, '3423728', '24120990', '0', '37406859', '32700133', '2', '4', '395']
2021-10-26 21:18:54 modena root[507877] INFO [containerDaemon507865] [1635279533.3610287, '117140934', '1040907623', '7249528343', '117321952', '1044819595', '2637473', '107447829', '116537822', '1090932999', '175095735', '4312473']
2021-10-26 21:18:55 modena root[507877] INFO [SystemPerfmonDaemon] [1635279534.3120039, '4701709', '16795427', '0', '38862331', '27739042', '0', '0', '0']
2021-10-26 21:18:55 modena root[507877] INFO [Watcher] Active containers: memtier-benchmark memcached-server
2021-10-26 21:18:55 modena root[507877] INFO [containerDaemon507865] [1635279534.3120039, '116570516', '1038779352', '7232622452', '116830412', '1041830853', '2659611', '106952531', '116357731', '1085974272', '171895670', '4276608']
2021-10-26 21:18:56 modena root[507877] INFO [SystemPerfmonDaemon] [1635279535.2629669, '3823447', '24850543', '0', '41131320', '34819463', '0', '0', '0']
2021-10-26 21:18:56 modena root[507877] INFO [containerDaemon507865] [1635279535.2629669, '116807484', '1039175112', '7234881145', '116927397', '1042858504', '2645052', '107124053', '116335894', '1090594318', '174693282', '4285976']
2021-10-26 21:18:57 modena root[507877] INFO [SystemPerfmonDaemon] [1635279536.2139363, '4454714', '14820599', '0', '38622253', '27354937', '0', '0', '0']
2021-10-26 21:18:57 modena root[507877] INFO [containerDaemon507865] [1635279536.2139363, '116576464', '1040233477', '7259163102', '116764862', '1041296222', '2660987', '107066893', '116336286', '1089592808', '174675977', '4290121']
2021-10-26 21:18:58 modena root[507877] INFO [SystemPerfmonDaemon] [1635279537.1649039, '3371348', '24611475', '0', '37234545', '32723376', '0', '0', '0']
2021-10-26 21:18:58 modena root[507877] INFO [containerDaemon507865] [1635279537.1649039, '116742981', '1039269115', '7264045472', '117166846', '1042976732', '2663185', '107773192', '116638800', '1090252662', '174889073', '4289806']
2021-10-26 21:18:59 modena root[507877] INFO [SystemPerfmonDaemon] [1635279538.1158774, '4613814', '15395790', '0', '41138550', '28573215', '3', '5', '398']
2021-10-26 21:18:59 modena root[507877] INFO [Watcher] Active containers: memtier-benchmark memcached-server
2021-10-26 21:18:59 modena root[507877] INFO [containerDaemon507865] [1635279538.1158774, '117275898', '1041969142', '7282660686', '117049233', '1035723603', '2688585', '107714649', '117901041', '1091380070', '174156693', '4297761']
2021-10-26 21:19:00 modena root[507877] INFO [SystemPerfmonDaemon] [1635279539.0668457, '3513634', '24958639', '0', '41439971', '34072352', '0', '0', '0']
2021-10-26 21:19:00 modena root[507877] INFO [containerDaemon507865] [1635279539.0668457, '116509047', '1040208694', '7256541413', '116901661', '1041392606', '2646754', '107287204', '116397303', '1086181052', '173340196', '4270375']
2021-10-26 21:19:01 modena root[507877] INFO [SystemPerfmonDaemon] [1635279540.017817, '4523818', '15271012', '0', '38252902', '27635354', '0', '0', '0']
2021-10-26 21:19:01 modena root[507877] INFO [containerDaemon507865] [1635279540.017817, '116661641', '1040184833', '7255494856', '116904001', '1041986656', '2708177', '107318722', '116440863', '1087396547', '174542579', '4264782']
2021-10-26 21:19:02 modena root[507877] INFO [SystemPerfmonDaemon] [1635279540.9687843, '3352014', '24594126', '0', '37004917', '32571948', '0', '0', '0']
2021-10-26 21:19:02 modena root[507877] INFO [containerDaemon507865] [1635279541.91976, '116804490', '1040966543', '7263350558', '116909427', '1042021250', '2716767', '107603285', '116751176', '1091883150', '173415680', '4278309']
2021-10-26 21:19:03 modena root[507877] INFO [SystemPerfmonDaemon] [1635279541.91976, '4541128', '15377718', '0', '38678366', '27762282', '0', '0', '0']
2021-10-26 21:19:03 modena root[507877] INFO [containerDaemon507865] [1635279542.8700187, '116941923', '1040909144', '7267082646', '117077997', '1042973085', '2762546', '107463184', '116731491', '1091648700', '175142042', '4279026']
2021-10-26 21:19:04 modena root[507877] INFO [Watcher] Active containers: memtier-benchmark memcached-server
2021-10-26 21:19:04 modena root[507877] INFO [SystemPerfmonDaemon] [1635279542.8700187, '3536783', '25064619', '0', '38836025', '33506191', '0', '0', '0']
2021-10-26 21:19:04 modena root[507877] INFO [containerDaemon507865] [1635279543.8209884, '116108950', '1038179997', '7229080506', '116326461', '1040270241', '2804961', '107038980', '116044295', '1087866028', '174037432', '4258539']
2021-10-26 21:19:05 modena root[507877] INFO [SystemPerfmonDaemon] [1635279543.8209884, '4520946', '15018035', '0', '38052356', '27647082', '0', '0', '0']
2021-10-26 21:19:05 modena root[507877] INFO [containerDaemon507865] [1635279544.7719736, '116110048', '1037258626', '7228723491', '116259830', '1040719514', '2723206', '106584874', '116021244', '1087911529', '174081828', '4257828']
2021-10-26 21:19:06 modena root[507877] INFO [SystemPerfmonDaemon] [1635279544.7719736, '3382325', '24551397', '0', '36072569', '32557483', '0', '0', '0']
2021-10-26 21:19:06 modena root[507877] INFO [containerDaemon507865] [1635279545.7229455, '116420604', '1038232212', '7246564509', '116613427', '1039941931', '2777341', '106632873', '116148509', '1088189879', '172925868', '4269046']
2021-10-26 21:19:07 modena root[507877] INFO [SystemPerfmonDaemon] [1635279545.7229455, '4502822', '14932950', '0', '37074454', '27538365', '0', '0', '0']
2021-10-26 21:19:07 modena root[507877] INFO [containerDaemon507865] [1635279546.6739302, '116912884', '1041143002', '7265936547', '117081040', '1043378394', '2758108', '107726737', '116264190', '1089613762', '174949329', '4283364']
2021-10-26 21:19:08 modena root[507877] INFO [Watcher] Active containers: memtier-benchmark memcached-server
2021-10-26 21:19:08 modena root[507877] INFO [SystemPerfmonDaemon] [1635279546.6739302, '3572873', '25088987', '0', '34532838', '33868452', '0', '0', '0']
2021-10-26 21:19:08 modena root[507877] INFO [containerDaemon507865] [1635279547.624904, '116689757', '1039138084', '7254333992', '116930861', '1042104967', '2698761', '107495767', '116453409', '1090118814', '174843147', '4279800']
2021-10-26 21:19:09 modena root[507877] INFO [SystemPerfmonDaemon] [1635279547.624904, '4504975', '14949522', '0', '37177798', '27660479', '0', '0', '0']
2021-10-26 21:19:09 modena root[507877] INFO [containerDaemon507865] [1635279548.5758827, '117539639', '1038532026', '7333368333', '118063506', '1048255760', '2682706', '108132232', '120001892', '1084760060', '168074895', '4279147']
2021-10-26 21:19:10 modena root[507877] INFO [SystemPerfmonDaemon] [1635279548.5758827, '3371262', '24621207', '0', '38365833', '32540884', '0', '0', '0']
2021-10-26 21:19:10 modena root[507877] INFO [containerDaemon507865] [1635279549.5268528, '114929274', '1022024665', '7213361658', '114842979', '1021961730', '2653323', '103430317', '116424680', '1073667500', '169225989', '4184544']
2021-10-26 21:19:11 modena root[507877] INFO [SystemPerfmonDaemon] [1635279550.4778256, '4558027', '14980059', '0', '39197261', '28064766', '4', '8', '521']
2021-10-26 21:19:11 modena root[507877] INFO [containerDaemon507865] [1635279550.4778256, '114400468', '1027243384', '7122740939', '114455279', '1029391009', '2649728', '104082199', '114495125', '1074802366', '170615865', '4170277']
2021-10-26 21:19:12 modena root[507877] INFO [SystemPerfmonDaemon] [1635279551.4288003, '3474170', '24801468', '0', '34696430', '33537534', '0', '0', '0']
2021-10-26 21:19:12 modena root[507877] INFO [Watcher] Active containers: memtier-benchmark memcached-server
2021-10-26 21:19:12 modena root[507877] INFO [containerDaemon507865] [1635279551.4288003, '114612316', '1028251143', '7125983542', '114575376', '1029120585', '2643536', '103793369', '114579758', '1075485319', '172027427', '4179549']
2021-10-26 21:19:13 modena root[507877] INFO [SystemPerfmonDaemon] [1635279552.379764, '4529992', '15141376', '0', '39033616', '27604848', '0', '0', '0']
2021-10-26 21:19:13 modena root[507877] INFO [containerDaemon507865] [1635279552.379764, '114315697', '1027357602', '7123101151', '114480490', '1028358513', '2656411', '103528333', '114483093', '1075582095', '171784859', '4180320']
2021-10-26 21:19:14 modena root[507877] INFO [SystemPerfmonDaemon] [1635279553.3300273, '3413496', '24574127', '0', '37026608', '32548879', '0', '0', '0']
2021-10-26 21:19:14 modena root[507877] INFO [containerDaemon507865] [1635279553.3300273, '114778994', '1030238566', '7140434119', '114797706', '1027678131', '2610242', '103124547', '115476480', '1074971425', '172312808', '4194383']
2021-10-26 21:19:15 modena root[507877] INFO [SystemPerfmonDaemon] [1635279554.2809956, '4515251', '15123455', '0', '40372655', '27488892', '1', '3', '397']
2021-10-26 21:19:15 modena root[507877] INFO [containerDaemon507865] [1635279554.2809956, '114805135', '1030579474', '7154064824', '115165563', '1031934100', '2696587', '105299350', '114980017', '1078201525', '171512694', '4201728']
2021-10-26 21:19:16 modena root[507877] INFO [SystemPerfmonDaemon] [1635279555.2319663, '3392690', '25004894', '0', '41210097', '33751728', '2', '4', '396']
2021-10-26 21:19:16 modena root[507877] INFO [containerDaemon507865] [1635279555.2319663, '115136354', '1031845674', '7154915506', '115232444', '1033788763', '2701245', '105123613', '115106008', '1079476182', '172896640', '4215112']
2021-10-26 21:19:16 modena root[507877] INFO [Watcher] Active containers: memtier-benchmark memcached-server
2021-10-26 21:19:17 modena root[507877] INFO [SystemPerfmonDaemon] [1635279556.1829333, '4533154', '15214516', '0', '39035188', '27751022', '1', '1', '398']
2021-10-26 21:19:17 modena root[507877] INFO [containerDaemon507865] [1635279556.1829333, '115000752', '1030260208', '7150448728', '115082002', '1032715965', '2645337', '104847947', '116101941', '1076131225', '169640560', '4203842']
2021-10-26 21:19:18 modena root[507877] INFO [SystemPerfmonDaemon] [1635279557.1339064, '3365776', '24654905', '0', '36901993', '32594282', '0', '0', '0']
2021-10-26 21:19:18 modena root[507877] INFO [containerDaemon507865] [1635279557.1339064, '114847678', '1030413144', '7139698198', '114954869', '1031488892', '2648075', '104583586', '115852223', '1077761624', '170907907', '4195888']
2021-10-26 21:19:19 modena root[507877] INFO [SystemPerfmonDaemon] [1635279558.0848756, '4736954', '18588454', '0', '52045750', '33407349', '0', '0', '0']
2021-10-26 21:19:19 modena root[507877] INFO [containerDaemon507865] [1635279558.0848756, '114670134', '1027920825', '7138214967', '114903768', '1030987432', '2605621', '104668093', '114608555', '1076322291', '172374002', '4199154']
2021-10-26 21:19:20 modena root[507877] INFO [SystemPerfmonDaemon] [1635279559.0358496, '3681627', '25508299', '0', '43849433', '34203464', '2', '4', '397']
2021-10-26 21:19:20 modena root[507877] INFO [containerDaemon507865] [1635279559.0358496, '114313125', '1029155064', '7130545684', '114419172', '1029540588', '2579556', '104035383', '114790760', '1076810260', '172135365', '4194092']
2021-10-26 21:19:21 modena root[507877] INFO [Watcher] Active containers: memtier-benchmark memcached-server
2021-10-26 21:19:21 modena root[507877] INFO [SystemPerfmonDaemon] [1635279559.986822, '4554032', '15371204', '0', '40332823', '27805536', '0', '0', '0']
2021-10-26 21:19:21 modena root[507877] INFO [containerDaemon507865] [1635279560.9377859, '114695959', '1029111569', '7142845259', '114866724', '1031179606', '2580844', '104877388', '115022150', '1079274436', '172768655', '4211072']
2021-10-26 21:19:22 modena root[507877] INFO [SystemPerfmonDaemon] [1635279560.9377859, '3406217', '24628540', '0', '34123474', '32638877', '1', '3', '397']
2021-10-26 21:19:22 modena root[507877] INFO [containerDaemon507865] [1635279561.8887594, '115311564', '1031092404', '7167395100', '115345037', '1034394082', '2615881', '105062642', '115322772', '1081935707', '172846557', '4220341']
2021-10-26 21:19:23 modena root[507877] INFO [SystemPerfmonDaemon] [1635279561.8887594, '4516112', '15029051', '0', '39254839', '27724200', '0', '0', '0']
2021-10-26 21:19:23 modena root[507877] INFO [containerDaemon507865] [1635279562.8397305, '115121941', '1032089663', '7157871972', '115206323', '1031988440', '2594053', '105585827', '115152842', '1081120358', '173009942', '4209298']
2021-10-26 21:19:24 modena root[507877] INFO [SystemPerfmonDaemon] [1635279562.8397305, '3455753', '24663301', '0', '36290950', '32963255', '0', '0', '0']
2021-10-26 21:19:24 modena root[507877] INFO [containerDaemon507865] [1635279563.7900326, '115553575', '1034512789', '7185153933', '115584558', '1034960241', '2614810', '105943210', '115464745', '1083006702', '173335126', '4232780']
2021-10-26 21:19:25 modena root[507877] INFO [SystemPerfmonDaemon] [1635279563.7900326, '4542846', '15322103', '0', '39994133', '27895040', '0', '0', '0']
2021-10-26 21:19:25 modena root[507877] INFO [Watcher] Active containers: memtier-benchmark memcached-server
2021-10-26 21:19:25 modena root[507877] INFO [containerDaemon507865] [1635279564.7410045, '115992141', '1036927044', '7213826295', '116110565', '1037617878', '2631082', '106509438', '116848299', '1083181673', '173909348', '4254293']
2021-10-26 21:19:26 modena root[507877] INFO [SystemPerfmonDaemon] [1635279564.7410045, '4002663', '26072629', '0', '49262420', '40907832', '1', '1', '397']
2021-10-26 21:19:26 modena root[507877] INFO [containerDaemon507865] [1635279565.69199, '115753536', '1034450364', '7200265006', '115916919', '1037642953', '2651384', '106208557', '115624068', '1080713833', '170685891', '4238360']
2021-10-26 21:19:27 modena root[507877] INFO [SystemPerfmonDaemon] [1635279565.69199, '4623759', '15585050', '0', '41735417', '28385270', '0', '0', '0']
2021-10-26 21:19:27 modena root[507877] INFO [containerDaemon507865] [1635279566.642964, '115564503', '1034341689', '7219898360', '115812947', '1034056551', '2685670', '106178627', '115676020', '1083011709', '172034184', '4211039']
2021-10-26 21:19:28 modena root[507877] INFO [SystemPerfmonDaemon] [1635279566.642964, '3692859', '25936603', '0', '50140977', '40023342', '3', '7', '394']
2021-10-26 21:19:28 modena root[507877] INFO [containerDaemon507865] [1635279567.593947, '115826124', '1033485261', '7199679373', '115904220', '1035273185', '2655798', '106174267', '115802424', '1080784223', '173625018', '4235086']
2021-10-26 21:19:29 modena root[507877] INFO [SystemPerfmonDaemon] [1635279567.593947, '4666544', '15622345', '0', '40711374', '27947742', '0', '0', '0']
2021-10-26 21:19:29 modena root[507877] INFO [Watcher] Active containers: memtier-benchmark memcached-server
2021-10-26 21:19:29 modena root[507877] INFO [containerDaemon507865] [1635279568.5449233, '116002405', '1034138481', '7244625098', '115898294', '1035444714', '2622590', '105559719', '117908586', '1070033575', '166978683', '4234186']
2021-10-26 21:19:30 modena root[507877] INFO [SystemPerfmonDaemon] [1635279568.5449233, '3556102', '25034996', '0', '38609167', '34390891', '0', '0', '0']
2021-10-26 21:19:30 modena root[507877] INFO [containerDaemon507865] [1635279569.4958885, '115558164', '1034042212', '7203157270', '115943377', '1037028945', '2642455', '106104086', '116013546', '1081983490', '174031024', '4232141']
2021-10-26 21:19:31 modena root[507877] INFO [SystemPerfmonDaemon] [1635279570.4468603, '4489048', '15442268', '0', '39370563', '27765278', '3', '5', '396']
2021-10-26 21:19:31 modena root[507877] INFO [containerDaemon507865] [1635279570.4468603, '115421212', '1031181789', '7184829333', '115499755', '1033108712', '2635725', '105708372', '115443037', '1079797528', '173383214', '4235614']
2021-10-26 21:19:32 modena root[507877] INFO [SystemPerfmonDaemon] [1635279571.3978283, '3400458', '24829467', '0', '34897983', '32570665', '3', '7', '401']
2021-10-26 21:19:32 modena root[507877] INFO [containerDaemon507865] [1635279571.3978283, '116009532', '1033488165', '7209161961', '116162041', '1035275890', '2617222', '106233981', '115847214', '1082622764', '173863452', '4254067']
2021-10-26 21:19:33 modena root[507877] INFO [SystemPerfmonDaemon] [1635279572.3488, '4452742', '15199735', '0', '39069351', '27453871', '0', '0', '0']
2021-10-26 21:19:33 modena root[507877] INFO [containerDaemon507865] [1635279572.3488, '115619819', '1031265376', '7190311648', '115857797', '1034805311', '2635266', '105688207', '115473811', '1080273614', '173354034', '4249442']
2021-10-26 21:19:34 modena root[507877] INFO [Watcher] Active containers: memtier-benchmark memcached-server
2021-10-26 21:19:34 modena root[507877] INFO [SystemPerfmonDaemon] [1635279573.299769, '3572658', '24870396', '0', '42875593', '34374174', '1', '1', '397']
2021-10-26 21:19:34 modena root[507877] INFO [containerDaemon507865] [1635279573.299769, '115861521', '1033464138', '7205708318', '116141474', '1036196014', '2608745', '106234313', '115683108', '1081804889', '172347216', '4249587']
2021-10-26 21:19:35 modena root[507877] INFO [SystemPerfmonDaemon] [1635279574.2500274, '4489525', '15125780', '0', '39534368', '27435153', '0', '0', '0']
2021-10-26 21:19:35 modena root[507877] INFO [containerDaemon507865] [1635279574.2500274, '115421099', '1030682652', '7183532368', '115707099', '1033258589', '2587286', '105492711', '115311777', '1079402877', '173129609', '4234681']
2021-10-26 21:19:36 modena root[507877] INFO [SystemPerfmonDaemon] [1635279575.200996, '3398113', '25020508', '0', '36562009', '33044295', '0', '0', '0']
2021-10-26 21:19:36 modena root[507877] INFO [containerDaemon507865] [1635279575.200996, '115458414', '1030358422', '7183927661', '115727801', '1032347627', '2590065', '105131510', '116341570', '1077207658', '173334969', '4225470']
2021-10-26 21:19:37 modena root[507877] INFO [SystemPerfmonDaemon] [1635279576.1519704, '4590904', '15284275', '0', '40225767', '27886637', '0', '0', '0']
2021-10-26 21:19:37 modena root[507877] INFO [containerDaemon507865] [1635279576.1519704, '116603452', '1036484333', '7232500715', '116738463', '1038406739', '2634465', '107199884', '116098023', '1083462350', '174253372', '4263703']
2021-10-26 21:19:38 modena root[507877] INFO [Watcher] Active containers: memtier-benchmark memcached-server
2021-10-26 21:19:38 modena root[507877] INFO [SystemPerfmonDaemon] [1635279577.10294, '3505821', '25304028', '0', '37798919', '33667737', '0', '0', '0']
2021-10-26 21:19:38 modena root[507877] INFO [containerDaemon507865] [1635279577.10294, '116529419', '1035775483', '7228253323', '116626854', '1037448875', '2606382', '106853451', '116044817', '1085125041', '174234376', '4252980']
2021-10-26 21:19:39 modena root[507877] INFO [SystemPerfmonDaemon] [1635279578.053903, '4647986', '15640462', '0', '39735234', '28424237', '0', '0', '0']
2021-10-26 21:19:39 modena root[507877] INFO [containerDaemon507865] [1635279578.053903, '115851102', '1034702551', '7211519619', '115588376', '1027431511', '2614968', '106158728', '115342300', '1081324468', '173708175', '4229236']
2021-10-26 21:19:40 modena root[507877] INFO [SystemPerfmonDaemon] [1635279579.004872, '3423118', '25250803', '0', '39429652', '32671401', '2', '4', '394']
2021-10-26 21:19:40 modena root[507877] INFO [containerDaemon507865] [1635279579.955843, '114069391', '1025905217', '7111352275', '114145623', '1024878558', '2565958', '103209413', '114257609', '1072223333', '171541466', '4178298']
2021-10-26 21:19:41 modena root[507877] INFO [SystemPerfmonDaemon] [1635279579.955843, '4540788', '15169432', '0', '39602171', '27624745', '0', '0', '0']
2021-10-26 21:19:41 modena root[507877] INFO [containerDaemon507865] [1635279580.9068232, '114047591', '1024781521', '7110187453', '114262049', '1026520672', '2552002', '103352408', '115396218', '1069912869', '170130057', '4190801']
2021-10-26 21:19:42 modena root[507877] INFO [SystemPerfmonDaemon] [1635279580.9068232, '3551292', '25415164', '0', '37350739', '33494205', '0', '0', '0']
2021-10-26 21:19:42 modena root[507877] INFO [Watcher] Active containers: memtier-benchmark memcached-server
2021-10-26 21:19:42 modena root[507877] INFO [containerDaemon507865] [1635279581.857794, '114277695', '1025863420', '7115836684', '114282000', '1026856198', '2574121', '103977224', '114285913', '1072142650', '171719052', '4180011']
2021-10-26 21:19:43 modena root[507877] INFO [SystemPerfmonDaemon] [1635279581.857794, '4510253', '15097251', '0', '38662144', '27572451', '0', '0', '0']
2021-10-26 21:19:43 modena root[507877] INFO [containerDaemon507865] [1635279582.8087635, '114137838', '1023214502', '7110245864', '114261149', '1025675989', '2559807', '103792641', '114266708', '1070285002', '171565894', '4195053']
2021-10-26 21:19:44 modena root[507877] INFO [SystemPerfmonDaemon] [1635279582.8087635, '3365673', '24932186', '0', '37097486', '32496712', '0', '0', '0']
2021-10-26 21:19:44 modena root[507877] INFO [containerDaemon507865] [1635279583.7597518, '114323904', '1024842221', '7124578956', '114459677', '1027594536', '2600407', '103750969', '114451826', '1072968494', '172031282', '4178883']
2021-10-26 21:19:45 modena root[507877] INFO [SystemPerfmonDaemon] [1635279583.7597518, '4652724', '15630722', '0', '40756724', '27823319', '0', '0', '0']
2021-10-26 21:19:45 modena root[507877] INFO [containerDaemon507865] [1635279584.710033, '114116260', '1026442125', '7120875197', '114230412', '1025976851', '2595464', '103217955', '114479196', '1072404843', '171729710', '4171988']
2021-10-26 21:19:46 modena root[507877] INFO [SystemPerfmonDaemon] [1635279584.710033, '3778948', '26539956', '0', '42464711', '35551282', '0', '0', '0']
2021-10-26 21:19:46 modena root[507877] INFO [Watcher] Active containers: memtier-benchmark memcached-server
2021-10-26 21:19:46 modena root[507877] INFO [containerDaemon507865] [1635279585.6610143, '114426108', '1026626546', '7130634003', '114572057', '1027364129', '2594210', '103818481', '114607356', '1073469954', '170682807', '4187903']
2021-10-26 21:19:47 modena root[507877] INFO [SystemPerfmonDaemon] [1635279585.6610143, '4551849', '15387358', '0', '40577253', '27797724', '0', '0', '0']
2021-10-26 21:19:47 modena root[507877] INFO [containerDaemon507865] [1635279586.611983, '114851339', '1026437403', '7143854060', '114953688', '1028409792', '2591458', '104360404', '114768709', '1073962421', '172382297', '4190767']
2021-10-26 21:19:48 modena root[507877] INFO [SystemPerfmonDaemon] [1635279586.611983, '3417783', '24921551', '0', '34637277', '32611169', '4', '8', '394']
2021-10-26 21:19:48 modena root[507877] INFO [containerDaemon507865] [1635279587.5629604, '114596897', '1026008691', '7139641772', '114653292', '1028003350', '2597254', '104046283', '114734525', '1075237896', '170935634', '4179341']
2021-10-26 21:19:49 modena root[507877] INFO [SystemPerfmonDaemon] [1635279587.5629604, '4542349', '15369155', '0', '39419920', '27772076', '1', '3', '400']
2021-10-26 21:19:49 modena root[507877] INFO [containerDaemon507865] [1635279588.5139294, '115097916', '1028561548', '7157811923', '114878672', '1025788087', '2581692', '104067783', '115939829', '1072388997', '171287989', '4212812']
2021-10-26 21:19:50 modena root[507877] INFO [SystemPerfmonDaemon] [1635279589.4649036, '3557441', '24892690', '0', '40894531', '34104043', '0', '0', '0']
2021-10-26 21:19:50 modena root[507877] INFO [containerDaemon507865] [1635279589.4649036, '115118643', '1028880228', '7156649111', '115255212', '1029734131', '2617768', '104636632', '115056465', '1076361750', '172689794', '4208277']
2021-10-26 21:19:51 modena root[507877] INFO [Watcher] Active containers: memtier-benchmark memcached-server
2021-10-26 21:19:51 modena root[507877] INFO [SystemPerfmonDaemon] [1635279590.4158726, '4522690', '15326863', '0', '38385911', '27645120', '0', '0', '0']
2021-10-26 21:19:51 modena root[507877] INFO [containerDaemon507865] [1635279590.4158726, '114925389', '1028606849', '7152590355', '115085038', '1029663738', '2600697', '104617759', '114877825', '1076336483', '171169101', '4205967']
2021-10-26 21:19:52 modena root[507877] INFO [SystemPerfmonDaemon] [1635279591.3668408, '3394751', '24830886', '0', '39089338', '32599875', '3', '5', '395']
2021-10-26 21:19:52 modena root[507877] INFO [containerDaemon507865] [1635279591.3668408, '114769323', '1028619377', '7158240546', '114855080', '1028402687', '2591315', '104662863', '114942166', '1076737682', '171102173', '4193876']
2021-10-26 21:19:53 modena root[507877] INFO [SystemPerfmonDaemon] [1635279592.3178084, '4526325', '15254511', '0', '39173210', '27669626', '0', '0', '0']
2021-10-26 21:19:53 modena root[507877] INFO [containerDaemon507865] [1635279592.3178084, '114341063', '1025557127', '7143537689', '114875445', '1028294823', '2614281', '104474383', '114444429', '1075617321', '169234116', '4186967']
2021-10-26 21:19:54 modena root[507877] INFO [SystemPerfmonDaemon] [1635279593.268787, '3507213', '25155738', '0', '36606094', '33088715', '0', '0', '0']
2021-10-26 21:19:54 modena root[507877] INFO [containerDaemon507865] [1635279593.268787, '115675152', '1032762173', '7186338688', '115803425', '1033943480', '2619514', '106290676', '115232917', '1081543433', '173319348', '4223240']
2021-10-26 21:19:55 modena root[507877] INFO [Watcher] Active containers: memtier-benchmark memcached-server
2021-10-26 21:19:55 modena root[507877] INFO [SystemPerfmonDaemon] [1635279594.2197628, '4561364', '15641534', '0', '41594184', '27764977', '0', '0', '0']
2021-10-26 21:19:55 modena root[507877] INFO [containerDaemon507865] [1635279594.2197628, '115852572', '1032753078', '7189338459', '115956367', '1034139169', '2583097', '106441463', '115073304', '1080863995', '171768032', '4221411']
2021-10-26 21:19:56 modena root[507877] INFO [SystemPerfmonDaemon] [1635279595.1700158, '3541913', '25355654', '0', '38260567', '33716779', '0', '0', '0']
2021-10-26 21:19:56 modena root[507877] INFO [containerDaemon507865] [1635279595.1700158, '116219523', '1034749926', '7211227554', '116314242', '1036539871', '2658796', '107142807', '115415242', '1085088732', '173646360', '4245591']
2021-10-26 21:19:57 modena root[507877] INFO [SystemPerfmonDaemon] [1635279596.1209872, '4538961', '15468946', '0', '40294550', '27790591', '0', '0', '0']
2021-10-26 21:19:57 modena root[507877] INFO [containerDaemon507865] [1635279596.1209872, '114996298', '1026596656', '7148210684', '115193967', '1029136422', '2611739', '104638113', '114423121', '1076057116', '172198674', '4216808']
2021-10-26 21:19:58 modena root[507877] INFO [SystemPerfmonDaemon] [1635279597.071955, '3392218', '24923699', '0', '36238493', '32568260', '0', '0', '0']
2021-10-26 21:19:58 modena root[507877] INFO [containerDaemon507865] [1635279597.071955, '116163035', '1035573337', '7207908943', '116458806', '1035831901', '2588746', '106460605', '115296120', '1084294335', '172038903', '4253658']
2021-10-26 21:19:59 modena root[507877] INFO [SystemPerfmonDaemon] [1635279598.0229266, '4634868', '15904614', '0', '40687359', '28462417', '0', '0', '0']
2021-10-26 21:19:59 modena root[507877] INFO [Watcher] Active containers: memtier-benchmark memcached-server
2021-10-26 21:19:59 modena root[507877] INFO [containerDaemon507865] [1635279598.973895, '115860626', '1034724138', '7193606503', '115874996', '1033423385', '2649348', '106105620', '115208978', '1082256638', '173170091', '4236057']
2021-10-26 21:20:00 modena root[507877] INFO [SystemPerfmonDaemon] [1635279598.973895, '3612742', '25629516', '0', '39668555', '34150862', '0', '0', '0']
2021-10-26 21:20:00 modena root[507877] INFO [containerDaemon507865] [1635279599.9248688, '115203645', '1030561301', '7162128813', '115335861', '1030619052', '2605117', '104888721', '114640058', '1079441077', '172452328', '4228797']
2021-10-26 21:20:01 modena root[507877] INFO [SystemPerfmonDaemon] [1635279599.9248688, '4501727', '15326384', '0', '40897122', '27663746', '0', '0', '0']
2021-10-26 21:20:01 modena root[507877] INFO [containerDaemon507865] [1635279600.875839, '115780294', '1033256986', '7192867700', '115924910', '1034283445', '2593353', '106163111', '116159380', '1079659190', '173239349', '4232502']
2021-10-26 21:20:02 modena root[507877] INFO [SystemPerfmonDaemon] [1635279600.875839, '3398392', '24908223', '0', '37029915', '32606057', '0', '0', '0']
2021-10-26 21:20:02 modena root[507877] INFO [containerDaemon507865] [1635279601.8268182, '116208952', '1034694455', '7209759412', '116444056', '1037022364', '2653218', '107000185', '115673353', '1086391524', '173777951', '4249975']
2021-10-26 21:20:03 modena root[507877] INFO [SystemPerfmonDaemon] [1635279601.8268182, '4620219', '15659648', '0', '40222877', '27725422', '0', '0', '0']
2021-10-26 21:20:03 modena root[507877] INFO [Watcher] Active containers: memtier-benchmark memcached-server
2021-10-26 21:20:03 modena root[507877] INFO [containerDaemon507865] [1635279602.7777915, '115822605', '1033531559', '7190756731', '115952030', '1035675728', '2621461', '106131220', '115250705', '1083539666', '171983788', '4231682']
2021-10-26 21:20:04 modena root[507877] INFO [SystemPerfmonDaemon] [1635279602.7777915, '3525384', '25137850', '0', '34483933', '34302792', '0', '0', '0']
2021-10-26 21:20:04 modena root[507877] INFO [containerDaemon507865] [1635279603.728758, '116077989', '1034233782', '7195903929', '116168214', '1036276447', '2632554', '106399149', '115280963', '1084642983', '173381702', '4228331']
2021-10-26 21:20:05 modena root[507877] INFO [SystemPerfmonDaemon] [1635279603.728758, '4518420', '15405155', '0', '40749750', '27725703', '0', '0', '0']
2021-10-26 21:20:05 modena root[507877] INFO [containerDaemon507865] [1635279604.6797342, '115826398', '1033183222', '7190268158', '115951229', '1033849160', '2615252', '106284078', '115178497', '1082213086', '172911128', '4228752']
2021-10-26 21:20:06 modena root[507877] INFO [SystemPerfmonDaemon] [1635279604.6797342, '3395692', '25008844', '0', '35098467', '32612116', '4', '8', '399']
2021-10-26 21:20:06 modena root[507877] INFO [containerDaemon507865] [1635279605.6300206, '116039482', '1033172767', '7192949854', '116100564', '1035442192', '2657315', '106281806', '115274814', '1082972722', '172065121', '4239887']
2021-10-26 21:20:07 modena root[507877] INFO [SystemPerfmonDaemon] [1635279605.6300206, '4509952', '15242332', '0', '39649020', '27548582', '0', '0', '0']
2021-10-26 21:20:07 modena root[507877] INFO [containerDaemon507865] [1635279606.5809991, '115710235', '1032031897', '7190803937', '115948766', '1034941265', '2642382', '106317744', '115220541', '1083245824', '173344746', '4235469']
2021-10-26 21:20:08 modena root[507877] INFO [Watcher] Active containers: memtier-benchmark memcached-server
2021-10-26 21:20:08 modena root[507877] INFO [SystemPerfmonDaemon] [1635279606.5809991, '3491930', '25024050', '0', '40013130', '33964021', '0', '0', '0']
2021-10-26 21:20:08 modena root[507877] INFO [containerDaemon507865] [1635279607.53197, '116264376', '1035007247', '7207098907', '116389392', '1036218957', '2603805', '106873106', '115670932', '1083312960', '172314895', '4245874']
2021-10-26 21:20:09 modena root[507877] INFO [SystemPerfmonDaemon] [1635279608.4829435, '4485889', '15161028', '0', '39794708', '27498740', '3', '7', '392']
2021-10-26 21:20:09 modena root[507877] INFO [containerDaemon507865] [1635279608.4829435, '115776425', '1031038176', '7186150438', '116104536', '1034262536', '2650178', '106422648', '115044090', '1080908169', '172387714', '4224793']
2021-10-26 21:20:10 modena root[507877] INFO [SystemPerfmonDaemon] [1635279609.433914, '3424812', '25019471', '0', '39063716', '32615317', '0', '0', '0']
2021-10-26 21:20:10 modena root[507877] INFO [containerDaemon507865] [1635279609.433914, '116172129', '1033231648', '7209866632', '116352446', '1036733259', '2602960', '106822683', '115652904', '1084713544', '171963768', '4242802']
2021-10-26 21:20:11 modena root[507877] INFO [SystemPerfmonDaemon] [1635279610.3848877, '4519292', '15251016', '0', '40319231', '27634767', '0', '0', '0']
2021-10-26 21:20:11 modena root[507877] INFO [containerDaemon507865] [1635279610.3848877, '116484287', '1034562502', '7200626735', '116645802', '1037504958', '2638316', '107019434', '115515694', '1084239952', '173822276', '4234133']
2021-10-26 21:20:12 modena root[507877] INFO [Watcher] Active containers: memtier-benchmark memcached-server
2021-10-26 21:20:12 modena root[507877] INFO [SystemPerfmonDaemon] [1635279611.3358653, '3532555', '25410645', '0', '38023911', '33769826', '0', '0', '0']
2021-10-26 21:20:12 modena root[507877] INFO [containerDaemon507865] [1635279611.3358653, '116169861', '1033164450', '7194291596', '116602869', '1038123163', '2668281', '106708981', '115554533', '1082700939', '173608532', '4241887']
2021-10-26 21:20:13 modena root[507877] INFO [SystemPerfmonDaemon] [1635279612.2868476, '4536557', '15438108', '0', '39579065', '27731221', '4', '8', '396']
2021-10-26 21:20:13 modena root[507877] INFO [containerDaemon507865] [1635279612.2868476, '116654639', '1035363272', '7206829529', '116756993', '1037889123', '2630388', '107623789', '116014367', '1084502307', '173749527', '4337916']
2021-10-26 21:20:14 modena root[507877] INFO [SystemPerfmonDaemon] [1635279613.2378352, '3410647', '25044727', '0', '39860332', '32589742', '0', '0', '0']
2021-10-26 21:20:15 modena root[507877] INFO [containerDaemon507865] [1635279613.2378352, '116249575', '1034002858', '7184973212', '116307687', '1035425108', '2662414', '106758656', '115729439', '1081535152', '173220741', '4309142']
2021-10-26 21:20:15 modena root[507877] INFO [SystemPerfmonDaemon] [1635279614.1888192, '4526593', '15391379', '0', '40406437', '27699028', '0', '0', '0']
2021-10-26 21:20:16 modena root[507877] INFO [containerDaemon507865] [1635279614.1888192, '116260578', '1033924048', '7199573689', '116370345', '1036834879', '2664182', '107115092', '116090017', '1082515241', '172522935', '4343829']
2021-10-26 21:20:16 modena root[507877] INFO [SystemPerfmonDaemon] [1635279615.1398025, '3607029', '25556588', '0', '34548585', '34054320', '0', '0', '0']
2021-10-26 21:20:16 modena root[507877] INFO [Watcher] Active containers: memtier-benchmark memcached-server
2021-10-26 21:20:17 modena root[507877] INFO [containerDaemon507865] [1635279615.1398025, '116117498', '1033561305', '7195121489', '116443989', '1035226879', '2635304', '106989862', '115879751', '1083087605', '173260844', '4317332']
2021-10-26 21:20:17 modena root[507877] INFO [SystemPerfmonDaemon] [1635279616.0900252, '4550087', '15381540', '0', '39921454', '27824793', '0', '0', '0']
2021-10-26 21:20:18 modena root[507877] INFO [containerDaemon507865] [1635279616.0900252, '116163573', '1032530500', '7184026848', '116415090', '1035327656', '2668072', '107066847', '115935101', '1079859931', '172067505', '4332582']
2021-10-26 21:20:18 modena root[507877] INFO [SystemPerfmonDaemon] [1635279617.041009, '3429997', '25090192', '0', '38201487', '32570867', '0', '0', '0']
2021-10-26 21:20:19 modena root[507877] INFO [containerDaemon507865] [1635279617.9919918, '116270262', '1034658959', '7194171773', '116423864', '1036297180', '2623259', '106839009', '115937424', '1082633693', '173433031', '4328060']
2021-10-26 21:20:19 modena root[507877] INFO [SystemPerfmonDaemon] [1635279617.9919918, '4781440', '19228812', '0', '49196529', '33790063', '0', '0', '0']
2021-10-26 21:20:20 modena root[507877] INFO [containerDaemon507865] [1635279618.9429772, '116300652', '1036218459', '7198574299', '116277690', '1029993729', '2662219', '106903479', '116027989', '1082185308', '172349088', '4321277']
2021-10-26 21:20:20 modena root[507877] INFO [SystemPerfmonDaemon] [1635279618.9429772, '3420919', '25466645', '0', '37411953', '33929460', '0', '0', '0']
2021-10-26 21:20:21 modena root[507877] INFO [containerDaemon507865] [1635279619.8939576, '116303753', '1034251814', '7188944132', '116522299', '1036968316', '2661926', '107135496', '116136552', '1083559342', '173514127', '4300661']
2021-10-26 21:20:21 modena root[507877] INFO [Watcher] Active containers: memtier-benchmark memcached-server
2021-10-26 21:20:21 modena root[507877] INFO [SystemPerfmonDaemon] [1635279619.8939576, '4358163', '14194286', '0', '36298453', '26809657', '0', '0', '0']
2021-10-26 21:20:22 modena root[507877] INFO [containerDaemon507865] [1635279620.8449383, '83819699', '753776908', '5257396625', '84059209', '759339681', '1895060', '75738685', '84608617', '787981318', '126573625', '3037519']
2021-10-26 21:20:22 modena root[507877] INFO [SystemPerfmonDaemon] [1635279620.8449383, '3318911', '25177480', '0', '35017259', '32611856', '0', '0', '0']
2021-10-26 21:20:23 modena root[507877] INFO [containerDaemon507865] [1635279621.7959218, '12173828', '110479013', '761876840', '12167887', '110521501', '252218', '10953083', '12555971', '118160908', '18741563', '513882']
2021-10-26 21:20:23 modena root[507877] INFO [SystemPerfmonDaemon] [1635279621.7959218, '4429107', '14429246', '0', '36474834', '27025398', '0', '0', '0']
2021-10-26 21:20:24 modena root[507877] WARNING [containerDaemon507865] Event cache-misses not counted
2021-10-26 21:20:24 modena root[507877] WARNING [containerDaemon507865] Event L1-icache-load-misses not counted
2021-10-26 21:20:24 modena root[507877] INFO [SystemPerfmonDaemon] [1635279622.74691, '3380928', '25437572', '0', '38248238', '33642547', '0', '0', '0']
2021-10-26 21:20:25 modena root[507877] WARNING [containerDaemon507865] Event cache-misses not counted
2021-10-26 21:20:25 modena root[507877] WARNING [containerDaemon507865] Event L1-dcache-loads not counted
2021-10-26 21:20:25 modena root[507877] WARNING [containerDaemon507865] Event L1-dcache-prefetches not counted
2021-10-26 21:20:25 modena root[507877] WARNING [containerDaemon507865] Event L1-dcache-store-misses not counted
2021-10-26 21:20:25 modena root[507877] WARNING [containerDaemon507865] Event L1-icache-load-misses not counted
2021-10-26 21:20:25 modena root[507877] INFO [Watcher] Active containers: memcached-server
2021-10-26 21:20:25 modena root[507877] INFO [SystemPerfmonDaemon] [1635279623.6979, '4367641', '14243649', '0', '35767688', '26901380', '0', '0', '0']
2021-10-26 21:20:25 modena root[507877] CRITICAL [Watcher] Catched SIGINT... Cleaning up, please be patient
2021-10-26 21:20:25 modena root[507877] INFO [Watcher] Killing perf subprocesses
2021-10-26 21:20:25 modena root[507877] INFO [containerDaemon507865] Terminating PerfmonDaemon PID 507865 of container memcached-server
2021-10-26 21:20:25 modena root[507877] INFO [['1635279475.354314' '31721890' '282365871' ... '292804567' '47431409'
  '1168128']
 ['1635279478.2072873' '92015105' '796944651' ... '847214513' '137580716'
  '3456698']
 ['1635279479.1582806' '106052963' '932857172' ... '981085622'
  '155263858' '3957620']
 ...
 ['1635279619.8939576' '116303753' '1034251814' ... '1083559342'
  '173514127' '4300661']
 ['1635279620.8449383' '83819699' '753776908' ... '787981318' '126573625'
  '3037519']
 ['1635279621.7959218' '12173828' '110479013' ... '118160908' '18741563'
  '513882']]
2021-10-26 21:20:25 modena root[507877] INFO [containerDaemon507865] Results saved in /nfs_homes/dmasouros/project/src/profile/memcached/requests//1635279470/results_memcached-server_507865_perf.out
2021-10-26 21:20:25 modena root[507877] INFO [SystemPerfmonDaemon] Terminating FPGA monitoring subprocess
2021-10-26 21:20:25 modena root[507877] INFO [SystemPerfmonDaemon] Terminating Socket's monitoring subprocess
2021-10-26 21:20:25 modena root[507877] INFO (151, 9)
2021-10-26 21:20:25 modena root[507877] INFO [SystemPerfmonDaemon] System's monitoring results saved in /nfs_homes/dmasouros/project/src/profile/memcached/requests//1635279470/sysmon_results_perf.out
2021-10-26 21:20:26 modena root[507877] WARNING [containerDaemon507865] Event L1-dcache-loads not counted
2021-10-26 21:20:26 modena root[507877] WARNING [containerDaemon507865] Event L1-dcache-prefetches not counted
2021-10-26 21:20:26 modena root[507877] WARNING [containerDaemon507865] Event L1-dcache-store-misses not counted
2021-10-26 21:20:26 modena root[507877] WARNING [containerDaemon507865] Event L1-icache-load-misses not counted
2021-10-26 21:20:26 modena root[507877] WARNING [containerDaemon507865] Event L1-icache-loads not counted
2021-10-26 21:20:27 modena root[507877] INFO Everything cleaned up. Thanks for using me :)
