1635289396.9561584,3865617,33447388,228423539,3351787,35904567,51344,2339617,3695311,35757445,5346472,74884
1635289397.056286,3665749,34342607,228272542,3590187,35168591,92620,2448209,3622443,35724755,5371560,50211
1635289397.1564069,3703338,35040377,228138540,3607156,34954368,92073,2402279,3536791,35343009,5392804,69208
1635289397.3566444,3632579,34868173,228311086,3583664,34908708,90239,2516444,3557640,35283210,5160213,37064
1635289397.456763,3638561,34725498,228200856,3626786,34786673,90384,2492988,3915630,34988088,5308851,54099
1635289397.5568812,3627893,34694784,228182689,3573698,34918480,88206,2519756,3504380,35111926,5269294,54494
1635289397.757118,3703991,35454874,5370474,55526,3670466,34778765,228398407,3642786,34806073,85218,2587721
1635289397.8572361,3579637,35015463,5311218,52695,3583829,34907434,228222770,3593183,34541886,88784,2545477
1635289397.9573543,3501610,35153326,5305937,63697,3631238,34741752,228192913,3723873,34824780,88071,2531897
1635289398.0574734,3612607,35150681,5346040,61779,3647509,34440327,228296658,3562590,34600469,87093,2502722
1635289398.1575918,3523638,34913405,5358233,56961,3763357,35425929,228215597,3667295,34673890,87269,2707446
1635289398.2577093,3550845,34982384,5329779,54230,3358137,34682655,228365121,3637116,34654020,87896,2509197
1635289398.3578265,3622652,35101817,5330965,67828,3400744,34775209,228167619,3609433,34641614,88330,2469396
1635289398.4579446,3639560,34639204,228197364,3623822,34617230,87793,2526465,3568846,35130881,5198834,58029
1635289398.5580628,3635608,34616110,228146284,3629028,34719658,89549,2506593,3781719,35994986,5245910,54783
1635289398.65818,3643523,34591736,228201672,3630375,34704852,89618,2404275,3492706,35031367,5289281,57481
1635289398.8584154,3410455,34971968,5338305,52889,3522587,34887104,228357715,3643373,34728836,87160,2644311
1635289398.958533,3643989,35237042,5334321,48136,3771637,34669264,228217006,3532773,34824472,88384,2506154
1635289399.058653,3551893,35159474,5337249,43263,3647407,34649867,228210744,3763131,34754122,89160,2529784
1635289399.158772,3484685,35292635,5467325,63347,3643594,34513358,228382935,3757081,34522416,86761,2486906
1635289399.2588897,3577589,35162559,5368263,57477,3408123,34343139,228203223,3560657,34570004,87269,2728271
1635289399.3590076,3621070,35453755,5365216,57744,4240278,34654501,228236947,3635887,34633452,89608,2559232
1635289399.4591248,3537206,35193927,5366509,57495,3791181,34565876,228199222,3641537,34522103,87903,2487299
1635289399.5592418,3552178,34545403,228158350,3647695,34551398,88928,2509795,3572996,35090942,5242342,65767
1635289399.6593592,3639450,34526774,228161168,3625952,34624149,89739,2480227,3073463,32024330,5243799,55515
1635289399.7594762,3629675,34324988,228142535,3651773,34505691,88989,2564924,2561390,30837566,5036178,61140
1635289399.9597123,3596533,35229093,5367717,55243,3805080,34657744,228337211,3639226,34567375,88386,2471561
1635289400.0598323,3542970,35274283,5387970,60765,3582823,34562265,228219809,3658322,34374814,90890,2529313
1635289400.1599503,3595300,35320558,5357763,65588,3652202,34560626,228198546,3582615,34781230,90545,2546173
1635289400.3101673,3567222,35372648,5282693,57498,3666593,34679891,228108914,3752772,34457447,94072,2478822
1635289400.4102914,3577903,35070521,5360863,59364,3788039,34912954,228235091,3669102,34609153,90539,2478610
1635289400.51041,3540024,35185461,5364310,63139,3328308,34468572,228229218,3655426,34560470,86255,2428404
1635289400.6105282,3614133,35302365,5355055,69549,3732368,34261813,228267096,3643143,34570393,90082,2621049
1635289400.710647,3580519,35071154,5363426,56627,3543320,34712871,228383014,3675622,34515681,88981,2593881
1635289400.8107655,3554535,35127594,5395807,67039,3666765,34526503,228192673,3646016,34641510,86934,2618582
1635289400.9108841,3753963,35182780,5341437,69188,3661211,34578816,228280938,3649405,34799966,87560,2638235
1635289401.0110042,3831380,36092599,5366459,61675,3609951,34378761,228323691,3638738,34558717,89341,3178783
1635289401.1111317,3743367,35631745,5309683,67953,3783571,34554673,228485145,3642131,34576025,87260,2345758
1635289401.211259,3574571,35300771,5355607,66536,3747939,34320784,228423881,3654398,34713872,93625,2434566
1635289401.3113806,3651880,35383077,5370922,65359,3737622,34394250,228544364,3574328,34322494,89094,2574776
1635289401.4114995,3633041,35407568,5351035,57478,3717476,34517298,228109186,3817217,34324776,92311,2449280
1635289401.5116181,3591161,34905820,5376242,60582,3725756,34406711,228298195,3670901,34450068,91186,2344491
1635289401.6117363,3586305,34841707,5390406,58075,3346100,34236173,228512381,3695713,34568395,90152,2650238
1635289401.7118547,3633623,35223829,5381297,70526,4060238,34456714,228378385,3678464,34476025,90645,2523517
1635289401.8119724,3644710,35523742,5383759,72675,3584063,34349573,228329449,3642601,34523464,89671,2552077
1635289401.9120905,3668915,35365777,5382970,50357,3727860,34757357,228349204,3641888,34684850,84723,2663684
1635289402.0122097,3744343,35515862,5263966,67773,3654778,34523630,228319731,3657764,34652521,83891,2596078
1635289402.112329,3513216,34520679,5339330,67968,3601532,34614340,228210450,3766194,34456944,88228,2747641
1635289402.2124476,3538342,35572414,5411856,57872,3751387,34455699,228292561,3661261,34528145,86353,2311537
1635289402.3125665,3613653,35290199,5380811,72760,3636897,34775617,228254590,3645057,34495636,83487,2630170
1635289402.4126844,3605244,35309812,5416380,53154,3654296,34568294,228400358,3780062,34576122,85530,2664760
1635289402.5128024,3517118,35161485,5537532,69411,3693744,34499645,228193588,3566892,34407467,86924,2469930
1635289402.61292,3628789,35339985,5349660,62859,3760267,34589197,228103875,3783739,34561210,84914,2655945
1635289402.7130387,3753527,35695411,5476702,68532,3779312,34549958,228546991,3687146,34562128,86276,2741026
1635289402.8131566,3609748,35196457,5388821,58336,3533875,34427870,228309037,3663949,34609891,84811,2461345
1635289402.9132748,3625512,35363838,5393137,57618,3723071,34518313,228250246,3650703,34681627,87375,2623945
1635289403.013394,3614779,35334770,5353953,56500,3776714,34534535,228562827,3652019,34606071,85101,2620723
1635289403.1135132,3736836,35529948,5388532,68254,3675442,34539988,228617597,3755217,34473502,87153,2413939
1635289403.213647,3632523,35109434,5416098,71070,3771855,34499538,228696329,3650148,34589904,85865,2287507
1635289403.313777,3561225,35326183,5514573,64624,3793960,34614211,228355854,3634673,34498424,87277,2539998
1635289403.4139009,3528944,29628235,4064295,66610,3771381,34312685,228271982,3666713,34608288,91349,2678799
1635289403.5140202,3589368,35186271,5379431,71452,3660743,34459437,228558989,3726448,34441108,91328,2530410
1635289403.6141386,3647295,35367180,5417778,71937,3791015,34390512,228231710,3694258,34515079,87529,2552125
1635289403.7142572,3655128,35201553,5378264,65767,3643598,34643014,228215104,3706563,34381472,84958,2685343
1635289403.8143756,3762906,35263531,5500587,71997,3785486,34218192,228233473,3634804,34507626,89917,2696296
1635289403.914494,3635100,35287189,5374827,73239,3621503,34477508,228240360,3699654,34522299,84325,2637163
1635289404.0146134,3605679,35185216,5405689,71051,3769924,34566964,228316206,3656535,34601411,84802,2507829
1635289404.1147344,3607262,35270363,5461074,64876,3577927,34529685,228308204,3796578,34478055,88932,2450217
1635289404.214853,3656312,35628277,5392168,69834,3727799,34607096,228371688,3650539,34542000,86126,2646790
1635289404.314972,3566090,35047890,5301048,61731,3788335,34528741,228559655,3654757,34621097,85797,2279182
1635289404.4150898,3611161,35067109,5491474,69280,3410730,34548276,228581771,3801899,34541107,89326,2536684
1635289404.5152075,3665303,35626297,5434148,71988,3682497,34550318,228507382,3672537,34519877,86490,2584302
1635289404.6153271,3631747,35515004,5403475,52794,3807730,34459529,228509066,3651936,34503378,84614,2646710
1635289404.715446,3647481,35415030,5391655,63418,3717472,34474364,228209017,3713691,34445450,90652,2650695
1635289404.815564,3608981,35101677,5486107,70142,3713698,34687233,228297138,3760684,34531480,89271,2684841
1635289404.9156816,3640972,35400116,5461730,70820,3790325,34424740,228124677,3752170,34360914,88090,2643945
1635289405.0158014,3665832,35512413,5432646,67456,3807414,34462675,228675649,3681636,34624775,90887,2639077
1635289405.1159203,3651809,35519767,5410082,69363,3738462,34522670,228456810,3676891,34502176,88938,2647056
1635289405.2160385,3605493,35356375,5451508,70285,3770063,34470726,228531379,3654459,34613837,85913,2648898
1635289405.3161566,3640378,35223027,5484039,68413,3673538,34594494,228631723,3723912,34533982,87641,2642042
1635289405.4162748,3663804,35533109,5440239,70565,3756082,34628929,228427617,3789195,34535511,89794,2649345
1635289405.5163934,3658307,35325148,5453930,71383,3794020,34501829,228280660,3747585,34546301,89546,2644540
1635289405.6165113,3623890,35423201,5408773,82594,3807801,34549783,228342867,3677532,34519829,86405,2570198
1635289405.7166293,3672719,35799619,5384611,54056,3740768,34417084,228197324,3644038,34487006,84961,2694988
1635289405.816747,3710239,35399425,5359071,62177,3791236,34517499,228284077,3654184,34529310,85808,2788775
1635289405.9168649,3540590,34942400,5444631,65226,3731897,34516761,228276728,3690129,34456802,87144,2230401
1635289406.0169845,3445743,35110806,5393243,56831,3788006,34393519,228326316,3582000,34423606,85521,2700312
1635289406.1171026,3574766,34992812,5384971,57537,3786987,34354773,228245989,3572468,34557801,84769,2597487
1635289406.2172203,3562036,34988936,5420602,72868,3673835,34279964,228553506,3744254,34511967,85125,2597828
1635289406.317339,3592578,35186222,5485908,72908,3800416,34319172,228495882,3706887,34373946,84601,2658848
1635289406.4174569,3720139,35299143,5489576,75271,3739216,34412243,228214785,3728840,34329483,87318,2639087
1635289406.5175745,3721956,35350112,5504587,72167,3495719,34457593,228303315,3736532,34359833,85427,2323128
1635289406.6176927,3608683,35078674,5501671,74673,3553218,34283502,228355635,3721124,34372161,84723,2458685
1635289406.7178106,3594802,34836567,5526469,58303,3716134,34221466,228478167,3711814,34350740,83182,2564754
1635289406.8179286,3486543,35052413,5447044,74193,3782602,34203588,228301919,3669615,34343796,84446,2694147
1635289406.9180462,3654200,35064784,5449474,73811,3792304,34232321,228279844,3649913,34332775,85085,2638863
1635289407.1182854,3537292,34826018,5418903,66256,3784463,34360024,228277667,3757943,34314667,85392,2722542
1635289407.218403,3654922,35044872,5401129,76753,3800584,34298756,228461805,3584718,34317758,85652,2654162
1635289407.3185205,3644757,35195167,5382518,72552,3662964,34322566,228295472,3651338,34374681,86759,2605019
1635289407.4186382,3665908,35240510,5340383,67856,3742025,34297999,228428919,3837986,34346230,87624,2476785
1635289407.5187564,3676794,35316836,5421614,75819,3629440,34315262,228582056,3792669,34275872,88462,2625340
1635289407.618874,3676169,35530824,5458237,74846,3441216,34239191,228260808,3803196,34232761,84664,2323917
1635289407.7189922,3590019,35009936,5411621,74981,3736436,34118992,228307343,3653409,34253754,85084,2655130
1635289407.8191104,3784569,34270643,228515585,3642358,34280920,85854,2652308,3608739,34765612,5400554,74697
1635289407.9192283,3760138,34463262,228606028,3786614,34340543,89142,2490976,3802882,35184488,5357397,59568
1635289408.0193512,3652924,34294435,228312586,3791767,34305792,88393,2646967,3669312,35344639,5463608,74113
1635289408.219587,3702416,35059167,5473407,74170,3794575,34261537,228177039,3679583,34199929,86666,2639212
1635289408.3197045,3669150,35282290,5406728,77882,3575792,34299401,228216962,3987705,34162241,88207,2628558
1635289408.419823,3655587,35344831,5457068,76099,3802084,34417932,228305742,3573665,34229411,83502,2606367
1635289408.5199413,3586176,34919257,5469772,73736,3677532,34435843,228178893,3761226,34232598,84226,2669790
1635289408.6200771,3656189,35270008,5336456,70853,3709180,34361537,228266387,3798876,34267201,86733,2584386
1635289408.720195,3669277,35300549,5451961,74330,3629648,34219668,228163346,3699993,34296322,84213,2657761
1635289408.820314,3595214,34925530,5393211,60651,3808786,34192633,228305775,3693609,34145581,86916,2671274
1635289408.9204319,3602028,34321929,228590907,3782047,34171597,84757,2595076,3588063,34722578,5428483,75989
1635289409.0205529,3790861,34160502,228604552,3647775,34144140,84794,2646759,3366883,35632710,5445450,75279
1635289409.1206722,3637009,34200668,228228105,3789798,34118293,86308,2590316,3643425,35445884,5307537,71349
1635289409.3209093,3624459,35460573,5449561,76311,3790341,34206732,228270378,3729969,34270099,80697,2676415
1635289409.4210277,3590737,35008201,5396865,63717,3581122,34161730,228281358,3756010,34266889,88034,2653437
1635289409.521146,3639847,35406537,5459171,79016,3804463,34187434,228328240,3796108,34404105,88184,2584820
1635289409.6212645,3585001,34974388,5459056,75941,3651968,34163979,228373502,3621196,34208576,89985,2684534
1635289409.7213826,3660295,35326903,5355137,72270,3661273,34270294,228316495,3810851,34203859,88947,2698801
1635289409.8215008,3660294,35170193,5434057,78424,4026730,34069313,228306476,3652187,34195129,87695,2682945
1635289409.9216192,3660772,35065609,5392407,79380,3804073,34469750,228491003,3786574,34242175,89052,2491261
1635289410.0217397,3766925,34260037,228492167,3666129,34317849,85325,2668171,3657268,35018866,5473177,75449
1635289410.1218588,3779523,34174653,228227955,3779629,34247663,88383,2448239,3793484,35527535,5405674,68115
1635289410.221977,3698218,34191975,228344124,3741353,34332308,84673,2628917,3536254,35004299,5467135,75821
1635289410.422214,3531093,34821647,5397243,69236,3421071,34238801,228235352,3776381,34168194,84829,2667589
1635289410.5223331,3674585,35456877,5479061,75016,3794314,34306466,228465395,3679255,34201140,86716,2700160
1635289410.6224515,3612430,35087266,5406437,73764,3668276,34312737,228493112,3921748,34174711,86126,2548531
1635289410.7225695,3663508,35304930,5465501,75868,3794024,34383584,228313195,3784684,34202258,84008,2671783
1635289410.8226871,3555224,34775023,5437378,70822,3592758,34243679,228314335,3705075,34180356,87703,2326006
1635289410.9228055,3666953,35310797,5459530,75830,4062581,34390915,228306183,3753993,34399473,84345,2636081
1635289411.0229256,3646751,35111953,5376024,77807,3806437,34278341,228248988,3797540,34281113,87740,2552079
1635289411.1230452,3747757,34195009,228520233,3700533,34306359,83809,2653026,3668785,35136398,5146242,75344
1635289411.2231636,3794617,34183720,228213095,3802573,34094571,88258,2454931,3668624,35658781,5512558,68136
1635289411.323282,3740819,34141214,228243954,3707026,34152804,85064,2657845,3448124,35277292,5463109,76456
1635289411.4234006,3786316,34254148,228506326,3804009,34203282,88079,2761084,3588645,35203107,5401285,70269
1635289411.5235193,3564785,34168202,228238016,3725484,34234881,86244,2580507,3684648,35320797,5465264,75839
1635289411.6236374,3806137,34292767,228256265,3790249,34136143,89953,2659071,3635455,34986337,5399321,74528
1635289411.7237556,3730925,34259042,228540202,3702704,34220999,91087,2602841,3674623,35338863,5461941,76179
1635289411.8238738,3806772,34260305,228139904,3736417,34360141,87751,2656147,3594906,34792439,5411603,70605
1635289411.923992,3766764,34204536,228306114,3817788,34370369,86846,2437441,3648580,35415580,5451972,75789
1635289412.0241122,4169589,34028027,228370913,3704253,34329961,82781,2732666,3663555,35237317,5398286,76981
1635289412.1242306,3473730,34232364,228211223,3788227,34240568,89109,2507970,3670530,35397473,5469633,65587
1635289412.224349,3905103,34142828,228316743,3672099,34282651,84534,2684227,3654111,35080201,5389928,71037
1635289412.3244674,3708570,34301258,228345910,3777867,34102894,88823,2451156,3665487,35536794,5425669,75387
1635289412.4245863,3764260,34211873,228321800,3677536,34253467,86056,2672359,3520040,34255815,5371612,73618
1635289412.5247045,3738339,34283831,228254539,3789156,34200878,87640,2901060,3814528,35522212,5432328,69760
1635289412.6248236,3719310,34140800,228574791,3678947,34297325,84230,2624436,3626508,35143480,5450093,76650
1635289412.724941,3803682,34245540,228446686,3796484,34147351,91931,2472974,3663043,35097363,5379706,74922
1635289412.8250587,3764009,34170220,228483161,3723018,34295160,87067,2614260,3685427,35419938,5438283,75225
1635289412.925177,3746925,34164763,228244710,3779552,34377475,85958,2686329,3682338,35105782,5335353,71459
1635289413.025297,3750189,34249585,228673377,3620565,34290998,89271,2497622,3672275,35589047,5471935,74858
1635289413.1254153,3822956,34332215,228504302,3784021,34266007,83049,2651259,3640681,35200549,5388014,79503
1635289413.2255335,3779377,34216520,228224072,3792183,34189720,87857,2559855,3655944,35377105,5467262,76183
1635289413.3256512,3703895,34185562,228207963,3670918,34373480,84700,2662486,3647774,35206042,5364100,61858
1635289413.4257696,3796101,34236403,228335846,3781594,34247719,90961,2485337,3662706,35362654,5431606,76128
1635289413.5258873,3810156,34168194,228311050,3660642,34326834,86594,2652209,3668138,35105676,5466255,75893
1635289413.6260045,3685924,34326417,228566101,3806223,34286518,89528,2593877,3628205,35315925,5342340,71668
1635289413.7261224,3808967,34172982,228249741,3643564,34277845,89222,2611003,3704295,35225385,5487961,76797
1635289413.8262405,3777773,34278670,228257209,3791232,34216298,86745,2640759,3694116,35545014,5368948,61672
1635289413.9263582,3796491,34310664,228461865,3644114,34243125,81116,2653525,3637147,35067936,5464460,75587
1635289414.0264788,3654429,34369051,228598412,3717571,34228908,88473,2493148,3673388,35331475,5436927,77454
1635289414.1265974,3802287,34314803,228332884,3775489,34246171,85963,2642042,3697859,35121733,5477013,75746
1635289414.226715,3681332,34356583,228363374,3781633,34317244,84913,2646345,3663905,35375338,5443607,76057
1635289414.3268332,3661387,34124506,228472013,3709092,34296860,84591,2560186,3591337,34967690,5435797,75981
1635289414.426951,3779321,34330310,228206919,3693278,34203615,86585,2603226,3671139,35412421,5453224,71852
1635289414.5270681,3796905,34461664,229802811,3825797,34478167,85190,2670154,3509200,35094059,5582636,75670
1635289414.6271868,3698892,33960265,228190086,3702004,34119941,86625,2468542,3656185,35398577,5419834,91569
1635289414.7273066,3627655,34209904,228330455,3795805,34151984,83239,2629522,3591190,34715939,5373661,71339
1635289414.877485,3784755,34224788,228256462,3720605,34083369,87049,2703010,3630632,35292378,5445322,61828
1635289414.977604,3660554,34187382,228624141,3738747,34280075,84174,2674093,3625120,35241542,5440195,78331
1635289415.0777228,3813469,34121179,228277798,3793435,34223610,92111,2482647,3637886,35030131,5339352,69144
1635289415.177841,3786463,34101848,228478839,3679856,34255715,85658,2598737,3647463,35491116,5452839,76368
1635289415.2779584,3708006,34177590,228194661,3782188,34166321,85205,2655773,3640403,35093995,5372760,70573
1635289415.3780763,3797204,34155249,228352952,3685116,34175670,86357,2643031,3691983,35434743,5467066,76125
1635289415.4781947,3806512,34195893,228205686,3676816,34257246,87402,2661171,3652783,35287462,5328059,64769
1635289415.578312,3765359,34234915,228170698,3800066,34128280,88237,2517916,3652348,35040564,5439364,75878
1635289415.6784296,3789062,34226042,228501210,3648917,34191373,88387,2669152,3645963,35238475,5367064,76073
1635289415.7785478,3570217,34257991,228595443,3793238,34253936,85797,2638440,3742195,35177934,5492865,69855
1635289415.8786652,3854378,34138377,228292092,3647720,34220291,84145,2664253,3671737,35200226,5466520,72557
1635289415.978784,3758858,34295427,228374869,3792694,34300114,85238,2540487,3622372,35169412,5526112,81935
1635289416.078902,3802815,34188791,228501702,3674890,34165129,86810,2626882,3521388,35038227,5409244,76548
1635289416.1790195,3643588,34155816,228273570,3789017,34127517,86685,2599259,3702957,35238655,5464333,77081
1635289416.2791374,3795010,34193738,228251803,3731546,34156132,82370,2837572,3443950,34820849,5512586,70645
1635289416.3792553,3566986,34186876,228204174,3872998,34092295,86955,2213048,3654637,35190644,5466026,75326
1635289416.4793732,3790001,34330951,228315861,3580618,34148093,84231,2648807,3592208,34943574,5385348,62069
1635289416.5794916,3670199,34216871,228493038,3881673,34157804,87225,2650932,3659200,35370356,5444297,76632
1635289416.6796098,3842208,34205427,228263726,3704032,34271755,85266,2658435,3647104,35046974,5333667,68536
1635289416.7797287,3556240,34085222,228415043,3793634,34254591,88169,2458376,3681857,35421740,5438775,78355
1635289416.8798475,3856371,34172124,228279743,3650589,34225889,83896,2649914,3634847,35418826,5398821,63561
1635289416.9799669,3665289,34158243,228261030,3800342,34087347,86030,2473215,3643913,35438395,5371752,89394
1635289417.0800822,3798187,34178396,228374605,3660950,34210545,84280,2674423,3658838,35358488,5416258,62537
1635289417.1802018,3718421,34197654,228364672,3790491,34131629,85556,2562151,3522528,35030426,5329698,62428
1635289417.2803204,3790859,34239839,228384614,3650794,34197239,89731,2644897,3633295,35284769,5451192,75502
1635289417.3804388,3648373,34253679,228360538,3794389,34256980,91200,2743626,3643232,35255419,5419430,77348
1635289417.480559,3797583,34269792,228358368,3646995,34256949,86552,2308542,3667068,35065504,5472676,75291
1635289417.5806773,3647886,34233483,228357342,3777471,34219258,88819,2634384,3657892,35284213,5449520,76228
1635289417.680796,3798295,34173397,228163993,3787511,34305112,84047,2623533,3537200,34958342,5411530,75888
1635289417.7809145,3664552,34119160,228554265,3828138,34248548,85947,2565530,3666491,35426360,5450507,76241
1635289417.8810327,3753975,34108089,228243963,3694861,34206955,83390,2645641,3568623,34931024,5456926,66892
1635289417.9811532,3833619,34239875,228350879,3792645,34099450,87870,2431618,3650995,35266742,5453963,74946
1635289418.0812726,3660971,34221538,228316956,3695072,34186518,84108,2629017,3666681,35065663,5416792,80463
1635289418.2815096,3786592,34158822,228379337,3653600,34269227,84695,2656457,3618597,35220738,5503071,75773
1635289418.3816283,3733987,34252498,228338069,3793101,34250048,87897,2440477,3740552,35162835,5333229,68885
1635289418.4817472,3799627,34158664,228489474,3653975,34261994,84213,2663827,3666056,35270333,5433586,76646
1635289418.6819928,3654581,35164422,5342949,72373,3785679,34106942,228304063,3710424,34202113,85674,2496517
1635289418.7821107,3666773,35242966,5453605,77497,3793734,34292229,228368960,3714420,34135551,86264,2653467
1635289418.8822296,3654504,35425970,5343514,61693,3789204,34323015,228263784,3652708,34175104,86269,2518551
1635289418.9823499,3604537,35186044,5450455,71196,3696193,34295744,228348714,3720434,34158805,86268,2652807
1635289419.0824692,3632250,35331367,5410746,75156,3688745,34383440,228396579,3796754,34179612,87764,2650727
1635289419.1825876,3704429,35118899,5482768,74690,3809493,34194395,228369068,3650338,34279123,87649,2673539
1635289419.282706,3653610,35270680,5404781,74658,3706578,34237059,228271541,3806209,34327659,87611,2597930
1635289419.382824,3801030,34203835,228195078,3675744,34158829,89042,2648378,3681253,35338674,5401103,74509
1635289419.482942,3650320,34195176,228427165,3800604,34213145,84271,2662042,3503881,35120842,5455581,76752
1635289419.5830603,3797502,34175326,228127922,3691300,34133423,86406,2526327,3455709,34857154,5537721,70403
1635289419.7832975,3641106,35269550,5459864,75384,3786960,34332840,228556970,3723645,34122389,84934,2658870
1635289419.8834164,3526181,34708720,5366991,65386,3642053,34397958,228323396,3718410,34291883,87070,2643051
1635289419.9835372,3667971,35325689,5460214,76880,3814429,34407175,228424347,3801671,34362894,85153,2662068
1635289420.0836558,3636061,35045163,5418830,68916,3800334,34303229,228491463,3799540,34363004,87568,2441540
1635289420.1837742,3666532,35414653,5462101,76293,3525764,34011816,228654272,3684018,34388876,85257,2642244
1635289420.2838924,3673884,35186433,5395476,70129,3929413,34327972,228478414,3795160,34222590,86642,2595674
1635289420.3840113,3703374,35370696,5470506,75390,3807982,34111698,228270243,3653342,34246068,84019,2644621
1635289420.4841309,3805560,34170169,228343108,3804534,34160045,88693,2526808,3676357,35221309,5299183,73679
1635289420.584249,3790272,34139664,228226682,3652149,34227689,85820,2654747,3490369,34553631,5411188,74976
1635289420.6843677,3643727,34215524,228126038,3788338,34177457,88329,2662141,3726385,35802857,5347664,72598
1635289420.8846045,3728697,35370231,5495002,74878,3809356,34512822,228356821,3804456,34196094,91405,2659401
1635289420.9847248,3638751,35496301,5446792,75243,3809361,34224708,228302561,3703873,34333264,86647,2644960
1635289421.084845,3568936,34962250,5402776,76072,3641055,34161410,228175440,3876091,34228138,90510,2613001
1635289421.1849632,3677290,35415376,5465573,77301,3803218,34163571,228273504,3708283,34249837,89587,2666090
1635289421.2850814,3548900,34907585,5454929,70656,3618388,34286809,228309888,3796597,34171535,89466,2323360
1635289421.3852155,3661516,35270187,5472939,75569,4051788,34248170,228405924,3697977,34037441,85019,2665938
1635289421.4853485,3634547,35072517,5393500,74493,3779327,34414901,228743993,3804827,34257265,89145,2567051
1635289421.585473,3801799,34207821,228587165,3658661,34368408,85176,2685198,3663344,34966398,5248146,76703
1635289421.685593,3727441,34246990,228334777,3787968,34268743,88328,2471730,3696505,35963541,5436714,68412
1635289421.7857113,3788445,34204288,228218059,3660624,34305729,85462,2681051,3483570,35123459,5463767,75411
1635289421.9859478,3676380,35294039,5358003,77597,3804111,34187887,228329444,3658245,34165795,85719,2318703
1635289422.0860672,3627219,35092229,5516906,72883,3606422,34294776,228292928,3811473,34195066,85658,2698448
1635289422.186186,3684186,35386748,5449012,77127,3789817,34287455,228365998,3777870,34174982,84417,2622189
1635289422.286304,3593914,34926474,5465933,74508,3654285,34293222,228314733,3581765,34149782,87120,2645453
1635289422.3864222,3689530,35411961,5437810,77004,3803672,34226652,228247197,3794130,34265131,84825,2638368
1635289422.4865417,3491886,34863753,5368990,69413,3359650,34307103,228256852,3783674,34274789,88567,2632013
1635289422.5866601,3653687,35439768,5463584,74328,3910108,34304711,228418605,3747148,34373313,85784,2683191
1635289422.686778,3623460,35155541,5384925,102467,3610161,34269551,228355293,3813478,34264983,89210,2527377
1635289422.786896,3660387,35585233,5406043,64378,3866137,34224438,228359349,3662506,34251471,87792,2667893
1635289422.887014,3680268,35104988,5489392,74784,3702876,34188846,228270651,3807314,34336739,89953,2676280
1635289422.9871335,3850184,36091959,5471920,73919,3793552,34184370,228626221,3663274,34247761,87409,2782257
1635289423.0872538,3571306,35130705,5433420,74909,3772012,34431882,228365882,3791606,34199064,88540,2407030
1635289423.1873815,3695513,35217299,5474039,76304,3801501,34322694,228232929,3667892,34393031,81388,2691546
1635289423.2875028,3589876,34865027,5468456,76610,3659014,34363211,228241553,3853266,34424179,88390,2605564
1635289423.3876224,3670513,35363815,5490062,73247,3804092,34348667,228237674,3620566,34246149,85861,2642913
1635289423.4877417,3596663,34885900,5460009,68327,3807489,34342965,228157942,3766702,34397977,89451,2423336
1635289423.587873,3691865,35425003,5506349,71903,3929987,34159128,228299408,3750618,34377603,85814,2659809
1635289423.687997,3697019,35517865,5376991,73992,3772976,34408683,228288059,3805879,34314235,88877,2478823
1635289423.7881165,3654050,35297926,5491211,75039,3569906,34252930,228323517,3651923,34178182,86025,2650448
1635289423.888235,3647350,35234458,5320545,74162,3758847,34336221,228294835,3799704,34314835,86400,2695228
1635289423.9883554,3524619,34976286,5765217,69583,3797367,34385207,228337605,3709504,34255091,87110,2530328
1635289424.0884743,3690304,35218441,5447077,75129,3611446,34290812,228410644,3801989,34358161,85011,2671583
1635289424.188593,3664951,35328991,5447064,76224,3816491,34281500,228354995,3787114,34267756,88800,2572998
1635289424.2887108,3514919,34786573,5397827,62681,3707459,34192498,228248191,3714042,34280698,86883,2630909
1635289424.3888288,3674585,35411955,5468058,77078,3778993,34339780,228227602,3811599,34260448,87181,2652725
1635289424.4889472,3647862,35192291,5399749,68301,3803746,34128808,228248771,3612746,34144286,87958,2472010
1635289424.5890646,3685089,35459968,5495302,76471,3606916,34214062,228051102,3754597,34256838,89541,2642881
1635289424.689183,3660509,35364044,5362855,77163,3800277,34166723,228262414,3793019,34241709,90034,2462696
1635289424.7893007,3658918,35081167,5482265,76769,3892229,34232844,228319063,3680981,34258118,87501,2638011
1635289424.8894181,3670437,35226876,5412974,62444,3570529,34259250,228259069,3797221,34309174,86564,2593519
1635289424.9895382,3593782,34937024,5470502,74762,3788795,34158228,228209247,3624437,34301366,84981,2667016
1635289425.0896587,3676316,35234963,5398208,75671,3693884,34189539,228217781,3798383,34363792,83804,2666374
1635289425.1897771,3513670,35118777,5509572,78272,3799216,34270921,228289274,3710094,34123701,86314,2709481
1635289425.289895,3587181,34981039,5302194,70722,3460657,34226667,228264447,3803233,34139224,84731,2545953
1635289425.3900204,3739981,35047302,5556431,76049,3785475,34197440,228189168,3738796,34073953,85592,2711676
1635289425.4901388,3592665,35129099,5399698,76264,3650609,34247562,228322790,3800720,34120660,87916,2600868
1635289425.5902572,3678195,35197024,5487440,77122,3797795,34295503,228114636,3695088,34206371,86732,2651167
1635289425.6903753,3562674,34671192,5445623,71223,3710984,34203455,228264396,3869946,34267504,90030,2311467
1635289425.790494,3670767,35216423,5451670,76709,3800375,34171023,228232787,3787004,34230151,86190,2654813
1635289425.890612,3649400,35115832,5373921,78968,3627701,34177825,228272329,3731472,34212811,88645,2550842
1635289425.9907322,3665490,35498782,5453971,76128,3804455,34328071,228319557,3659924,34247597,85196,2652546
1635289426.090851,3638983,35391218,5337131,70496,3788301,34170874,228239867,3798102,34187403,86455,2635060
1635289426.1909692,3735628,35444792,5491459,75957,3754477,34196097,228288019,3659577,34266623,85928,2651088
1635289426.2910879,3801587,33761473,4867989,78172,3697376,34242452,228168677,3797591,34171048,89626,2353934
1635289426.3912084,3589102,35125436,5504369,74818,3792668,34175074,228122265,3648359,34247103,89891,2678633
1635289426.4913275,3634885,35288689,5454238,74436,3585264,34280621,228223783,3799753,34196165,88552,2683051
1635289426.591446,3634223,35285185,5459423,79301,3800084,34095126,228300777,3686397,34199981,94808,2553903
1635289426.6915646,3554037,34851702,5513748,76272,3646233,34052531,228234599,3785341,34041786,84791,2636621
1635289426.7916825,3674520,35215378,5453476,77495,3798443,34109513,228193944,3769354,34274876,83761,2660959
1635289426.8918009,3445427,34769201,5411362,68305,3458932,34118046,228308219,3635149,34065103,87294,2736346
1635289426.9919205,3669482,35454108,5482810,76166,3807260,34129105,228535241,3779228,34314155,84737,2673849
1635289427.092039,3634268,34992979,5418288,76250,3753406,34241889,228228619,3827373,34054571,87426,2509283
1635289427.192158,3658197,35269125,5473240,75776,3823131,34135306,228335670,3714134,34194709,84764,2645454
1635289427.2922761,3647380,34876277,5366906,75702,3634615,34350866,228238509,3795984,34097244,88074,2430546
1635289427.3923945,3668228,35229265,5434552,68728,3872001,34131686,228187161,3652814,34262602,84874,2655794
1635289427.4925141,3664818,35093153,5447596,74917,3815008,34123794,228138175,3791850,34186835,89830,2454777
1635289427.592632,3810759,35517812,5441723,87502,3799916,34030300,228259933,3651923,34155676,84435,2579798
1635289427.69275,3517433,34630854,5405157,76747,3680427,34156794,228213495,3796495,34091108,87870,2642528
1635289427.792869,3723176,35370940,5334927,69160,3798894,34054674,228261809,3655792,34203022,80561,2753926
1635289427.892988,3696586,35592468,5460487,75747,3658714,34217382,228362862,3699805,34061337,88065,2239301
1635289427.9931076,3654396,35630876,5398004,73108,3785186,34149677,228284686,3802987,34273665,85774,2313552
1635289428.093226,3585378,35085996,5478542,75811,3623084,34254002,228304784,3773311,34127036,85963,2685281
1635289428.1933448,3662659,35275323,5428940,74380,3783138,34136561,228300283,3717196,34208489,88404,2567023
1635289428.293463,3588429,34929906,5480477,74605,3657438,34237426,228135032,3639686,34275752,87991,2656174
1635289428.3935814,3666639,35132734,5482957,72563,3786897,34178475,228151560,3791295,34261658,89182,2663380
1635289428.4937,3600352,34811412,5464404,82559,3708745,34132902,228347952,3682790,34215447,91267,2640482
1635289428.593818,3667866,35543720,5460342,75872,3546052,34189192,228134727,3791698,34170179,86341,2618541
1635289428.6939359,3595152,34741484,5377691,54250,3787683,34190663,228237656,3698512,34172339,87891,2640983
1635289428.7940538,3611089,35414522,5445163,76239,3638955,34184253,228207050,3800700,34261529,85220,2641668
1635289428.8941717,3644353,35204171,5481545,76354,3792222,34274870,228212920,3781405,33630249,87535,2166395
1635289428.99429,3508860,34783248,5491247,67538,3676596,34319247,228317353,3724033,34328171,86797,2147760
1635289429.0944097,3678285,35345901,5492470,77763,3780654,34226377,228299397,3784225,34173991,86548,2677876
1635289429.1945283,3676213,35184244,5427326,78347,3806157,34232428,228105670,3719495,34320996,89706,2551401
1635289429.2946465,3682107,35339141,5490240,78624,3683174,34336216,228209677,3645816,34260647,86008,2660294
1635289429.394765,3681238,35272175,5333755,69587,3753452,34195435,228115740,3814435,34214830,88971,2601495
1635289429.4948826,3710172,35490603,5507039,76571,3749161,34234876,228244929,3649403,34274171,87004,2683842
1635289429.5950005,3692779,35571096,5443441,77447,3803048,34294010,228250512,3810674,34267249,87687,2447379
1635289429.6951191,3602296,35013842,5405255,74738,3794738,34301763,228253675,3660638,32991327,125388,2592934
1635289429.7952368,3782938,34355438,228386550,3797095,34269713,88438,2540651,3724668,35548694,5357055,62362
1635289429.895355,3797512,34340591,228257764,3635307,34332823,86624,2655538,3554893,34891940,5492856,70978
1635289429.9954734,3638457,34297545,228275941,3794381,34370501,89591,2647817,3679812,35320893,5479581,76552
1635289430.19571,3620480,35033062,5483030,74497,3405353,34300035,228290957,3881594,34180744,93239,2660130
1635289430.2958298,3693670,35450220,5514255,74520,3801082,34289856,228135764,3564495,34277626,88570,2669842
1635289430.3959472,3628148,34931440,5442178,74599,3729101,34261379,228159765,3865457,34207707,90703,2526918
1635289430.4960651,3686759,35285284,5501212,75190,3812770,34286296,228199543,3713080,34341639,87496,2658748
1635289430.596263,3698697,34890387,5378283,71057,3670122,34273227,228244727,3788249,34238901,90434,2510823
1635289430.7467587,3673587,35255506,5505183,74855,3786813,34221443,228202544,3638351,34397903,85521,2669963
1635289430.8468769,3680951,35126269,5436290,77692,3788243,34324720,228263638,3782840,34268660,88437,2479661
1635289430.9469948,3783960,34301304,228308074,3644595,34273039,86687,2654803,3690631,35357993,5467305,74775
1635289431.0471132,3644861,34336136,228329580,3794993,34232254,86809,2688003,3538068,35138729,5464733,76359
1635289431.1472313,3794725,34251950,228217888,3661407,34267391,87730,2593314,3638136,35059728,5500738,74908
1635289431.347467,3685571,35422707,5481691,74457,3806172,34363071,228291255,3742509,34217829,86491,2688085
1635289431.4475849,3605319,34918398,5400930,61575,3705892,34246267,228244515,3714632,34243040,90675,2662370
1635289431.547702,3669586,35400365,5455936,75023,3753854,34289580,228089964,3769489,34151043,87482,2665749
1635289431.6478195,3658837,35131679,5363698,68210,3784850,34123223,228220632,3773931,34293469,89042,2467038
1635289431.747937,3642596,35434478,5458382,74696,3386184,34030101,228215844,3651915,34352087,85770,2660446
1635289431.8480544,3652857,35281245,5352289,77420,3846681,34342043,228282322,3792718,34281229,87748,2420995
1635289431.9481719,3626465,35261420,5488060,74466,3778747,34341135,228167198,3641681,34262288,90492,2701103
1635289432.0482903,3570367,34251579,228252748,3791314,34261958,88427,2659877,3556612,35190854,5759028,77706
1635289432.1484082,3780116,34236381,228166818,3700766,34261245,91618,2586479,3460649,34235169,5395455,74628
1635289432.2485256,3642743,34348915,228258764,3775634,34310381,85621,2694297,3733482,35542194,5465897,75719
1635289432.4487276,3574862,34779039,5400154,68340,3717770,34195098,228303685,3659885,34401706,88587,2664612
1635289432.5488462,3682358,35310724,5474401,75238,3790999,34323624,228192224,3709977,34275812,87969,2687924
1635289432.6489642,3651512,35120846,5401012,74637,3779251,34206496,228203765,3779612,34366817,88319,2530936
1635289432.7490816,3703441,35219162,5495740,74802,3648805,34365323,228273873,3778697,34216509,86903,2659640
1635289432.8492062,3667615,35108560,5220935,82533,3622274,34290698,228475981,3710499,34277579,87835,2665681
1635289432.9493275,3715649,35474087,5509282,74935,4378649,34366507,228408983,3637665,34394613,87758,2650840
1635289433.049447,3657414,35232511,5473694,75691,3703966,34445301,228371846,3798905,34314937,86429,2645336
1635289433.1495657,3787055,34414146,228443124,3712961,34335128,89746,2595292,3672971,35708943,5450057,75332
1635289433.2496839,3662894,34225849,228201238,3752990,34360884,88169,2643211,3529613,34332977,5458167,76563
1635289433.3498025,3789970,34258982,228162558,3776906,34257333,91300,2413642,3989593,35486199,5407288,71346
1635289433.5500093,3632358,35556602,5478257,75190,3794613,34321669,228413083,3799488,34226556,90727,2652416
1635289433.6501286,3650995,35304922,5413504,78038,3784138,34165918,228219830,3649218,34262395,89520,2535179
1635289433.7502475,3657012,35389802,5474008,75389,3634299,34305366,228218450,3766200,34241193,88872,2672456
1635289433.8503656,3659237,35372323,5399013,69668,3783742,34324217,228225112,3775954,34265621,90749,2669230
1635289433.9504845,3717906,35116614,5498200,74484,3635915,34223298,228580278,3593643,34513013,91790,2683974
1635289434.0506046,3662356,35355945,5473742,75849,3292401,34436954,228372786,3770560,34384190,87403,2665629
1635289434.1507237,3584082,34979389,5425586,60977,3781696,34256472,228255622,3751666,34287162,91421,2636911
1635289434.2508419,3672170,35336468,5481481,65645,3853253,34229014,228558953,3681764,34445102,86273,2650951
1635289434.3509607,3673179,35187918,5426139,72233,3668337,34356349,228505734,3790543,34294273,88789,2500533
1635289434.4510787,3687881,35123317,5214315,72747,3778205,34278066,228173208,3640393,34262367,87326,2645805
1635289434.5511975,3487100,35252655,5490988,74955,3626307,34397663,228322157,3782938,34227808,89243,2300938
1635289434.6513174,3700601,35525623,5409538,76948,3794269,34345472,228410381,3642177,34304498,84020,2707280
1635289434.7514365,3616120,35097965,5518007,74391,3557792,34365488,228318533,3783215,34202246,94312,2477973
1635289434.8515553,3656788,35330633,5484355,76311,3789800,34285659,228250760,3689138,34307643,84817,2729491
1635289434.9516742,3577955,34947526,5489186,75101,3733932,34220695,228160720,3789558,34368604,90392,2519695
1635289435.0517938,3662250,35368526,5454887,75436,3716013,34241190,228656347,3774726,34405232,87132,2689745
1635289435.151913,3643103,35221651,5398467,69328,3322786,34207256,228227600,3705422,34249353,88871,2593425
1635289435.2520318,3706164,35371586,5455443,74711,4126811,34339303,228267455,3624441,34283890,87391,2689414
1635289435.35215,3658865,35570112,5378986,58554,3776247,34227232,228511458,3793496,34243610,87378,2531422
1635289435.452269,3612766,35245121,5548627,75549,3739234,34242258,228440107,3646348,34252496,89584,2698365
1635289435.5523875,3673597,35213353,5315845,75716,3638648,34292914,228277910,3784399,34293946,89125,2737759
1635289435.6525066,3657012,34963486,5514934,74598,3772709,34395289,228228325,3669569,34259602,92604,2730121
1635289435.7526255,3649585,35266029,5468021,74195,3441903,34392179,228489147,3790103,34408711,85310,2635509
1635289435.8527436,3644361,35202489,5493600,74817,3782968,34268637,228484259,3767173,34372445,93740,2472201
1635289435.9528625,3599513,34934513,5425297,74678,3722330,34157515,228231545,3701506,34218132,89095,2625831
1635289436.052982,4534366,33752348,5485690,75768,3768746,34267009,228313472,3771603,34202070,85145,2665628
1635289436.1531007,3670764,34940690,5359618,70960,3776209,34231238,228385018,3749114,34282595,90001,2565389
1635289436.2532196,3692134,35570623,5493092,74600,3774510,34285094,228300555,3593687,34263684,86625,2690395
1635289436.3533385,3649139,35427361,5351756,76611,3704979,34374894,228247758,3811512,34188052,88381,2467818
1635289436.4534576,3642834,35029360,5479609,75062,3760843,34329722,228355686,3637508,34199032,86230,2659361
1635289436.5535762,3668889,35332903,5431656,72624,3585191,34377317,228523897,3779773,34290491,85656,2649678
1635289436.6536944,3695471,35038949,5392918,78211,3807225,34265883,228191282,3619188,34335917,88366,2646044
1635289436.753813,3679187,34971091,5487713,67635,3691892,34308278,228261556,3787444,34321670,86750,2643322
1635289436.8539314,3630129,35503804,5468425,78175,3785481,34273276,228603246,3744689,34267937,89244,2816904
1635289436.9540498,3633018,35548781,5419990,60193,3670735,34218749,228368524,3712065,34282868,88271,2455247
1635289437.0541706,3607775,35340169,5453502,76712,3753967,34268838,228253808,3787535,34214135,88388,2690313
1635289437.1542897,3671909,35276038,5363360,67337,3783584,34237096,228266050,3692337,34299543,88569,2533237
1635289437.2544081,3679358,35387587,5484404,75892,3607335,34442212,228457250,3769788,34246362,89922,2660188
1635289437.3545263,3685695,35212675,5388976,75751,3792122,34226793,228269020,3566354,34324005,90562,2353852
1635289437.454647,3622328,35021023,5500431,75577,3619034,34358639,228222658,3710113,34299795,89210,2663204
1635289437.5547662,3671914,35218781,5481493,77857,3770273,34260200,228476051,3781427,34362611,86389,2590809
1635289437.6548848,3598644,34964645,5511552,76284,3617219,34227625,228439794,3673806,34267152,88568,2609075
1635289437.7550035,3679965,35426225,5384288,76132,3691109,34283918,228252350,3787396,34324498,87169,2636019
1635289437.8551223,3526544,34924861,5492482,67101,3778154,34327635,228223575,3764960,34155475,90335,2677259
1635289437.9552407,3700194,35328846,5480478,74270,3688604,34360485,228671280,3669494,34378524,87923,2683856
1635289438.0553598,3652350,35418745,5473457,75806,3774873,34418887,228523742,3781189,34275178,89813,2457215
1635289438.155478,3647570,35131421,5396547,74214,3777468,34338627,228293526,3634731,34315744,85193,2663086
1635289438.2555964,3695847,35171231,5481770,75733,3644246,34308727,228401173,3782973,34340970,87710,2696953
1635289438.3557148,3674316,35249907,5369056,72205,3777234,34258739,228465823,3762516,34264457,85861,2687800
1635289438.4558332,3748023,35241185,5512861,75660,3801848,34318993,228125861,3560183,34340948,87852,2689087
1635289438.555951,3688834,35378353,5444761,76639,3776936,34191556,228268003,3786699,34271449,86399,2570932
1635289438.6560688,3600791,35086529,5446822,75282,3737500,34301851,228296549,3690700,34237885,88416,2623059
1635289438.7561872,3677360,35573900,5477720,76470,3613969,34229799,228441585,3788693,34322686,86778,2669043
1635289438.8563054,3525809,34822148,5476350,73596,3706385,34293112,228273346,3753135,34174111,90448,2309637
1635289438.9564238,3663098,35371757,5447046,63533,3792350,34186565,228325914,3688551,34283763,90431,2653495
1635289439.0565429,3671658,35043984,5476231,74427,3790833,34414668,228504713,3776235,34343172,92043,2516878
1635289439.156662,3803499,35491606,5471898,89949,3780983,34230874,228464689,3644352,34397230,89365,2581000
1635289439.2567801,3513919,34703599,5435956,77785,3637006,34304494,228343670,3780159,34313027,89459,2653972
1635289439.3568985,3730802,35495146,5314785,69847,3779762,34161721,228163100,3640317,34272584,82914,2885610
1635289439.457017,3685600,35264064,5500732,76082,3718718,34308777,228374397,3812058,34273659,88084,2284372
1635289439.5571353,3679922,35317276,5449980,77277,3780743,34218730,228209933,3612862,34213084,86185,2398650
1635289439.657254,3584485,35072304,5499231,73707,3552175,34308349,228328051,3757824,34228530,87717,2668475
1635289439.7573729,3672358,35267608,5475341,78103,3726287,34118038,228230303,3669943,31703802,105567,2468072
1635289439.857491,3641377,35010869,5488102,75784,3667595,34352798,228304210,3639521,34230607,86902,2648931
1635289439.9576097,3671412,35139428,5450591,68852,3764032,34285667,228272313,3781601,34316473,85179,2709888
1635289440.0577288,3615751,34900692,5465025,81653,3729173,34199232,228219403,3667864,34276649,86387,2654141
1635289440.1578465,3680154,35327503,5465096,76495,3501941,34348369,228566780,3797397,34259814,85449,2654478
1635289440.2579648,3575805,34847571,5317106,55393,3789224,34249457,228214525,3775698,34136234,89511,2534402
1635289440.358138,3712238,35163130,5543058,74937,3700562,34243797,228249777,3714968,34330159,87319,2679009
1635289440.4582565,3689175,35563476,5454310,76115,3753426,34337272,228426512,3786491,34250551,88195,2546117
1635289440.6584923,3654608,35409774,5452485,73982,3788453,34322745,228240281,3752845,34287771,87274,2686616
1635289440.7586102,3646306,35417602,5346304,75619,3791053,34250227,228246948,3782502,34282153,87121,2492711
1635289440.8587284,3628082,35209555,5476538,74147,3646056,34354022,228660746,3709306,34412916,90055,2670122
1635289440.9588466,3683807,35305259,5456190,72303,3725180,34258528,228285351,3728486,34282896,88865,2663582
1635289441.0589657,3603669,34977152,5484531,75124,3862929,34292971,228306664,3675653,34249773,91235,2557949
1635289441.1590843,3675191,35277295,5468545,75182,3467667,34279508,228544035,3782620,34289653,86657,2631750
1635289441.2592013,3598011,35130343,5448394,61621,3782784,34230600,228556942,3751656,34222002,89815,2659858
1635289441.3593185,3646936,34221094,228243706,3714167,34245491,86295,2663010,3624167,35300642,5573214,76636
1635289441.4594357,3780901,34350315,228252447,3783843,34221543,90442,2438256,3774336,35179580,5393104,68359
1635289441.5595534,3780688,34222626,228266989,3630919,34329379,87670,2637656,3685769,35308388,5491179,75112
1635289441.7598016,3659726,35195784,5415867,70923,3772414,34108794,228270740,3673275,34299854,85935,2533602
1635289441.8599331,3684415,35104616,5487776,75933,3756093,34430812,228548773,3771100,34206636,87697,2646287
1635289441.9600794,3676393,35427189,5394905,58641,3789572,34191534,228651669,3559250,34333247,87614,2541321
1635289442.0602007,3611670,35229432,5464754,76104,3660106,34337062,228262523,3738091,34231502,88279,2639866
1635289442.16032,3668941,35537584,5454626,77106,3700007,34167937,228261290,3788151,34268497,87585,2639124
1635289442.2604394,3495345,35005442,5419471,69956,3781718,34259197,228429023,3690033,34240810,89983,2645004
1635289442.36056,3645288,35526815,5470116,74904,3402198,34356636,228271319,3768581,34275735,88384,2704196
1635289442.4606783,3771430,34214088,228164291,3776099,34243485,91878,2555656,3651605,35602169,5481902,76208
1635289442.5607967,3737508,34204558,228383873,3692494,34381674,89570,2669923,3335848,35280014,5485509,76545
1635289442.6609151,3761645,34329926,228533056,3790977,34252909,92787,2639803,3662591,35143349,5378571,71368
1635289442.8611517,3664444,35474305,5480082,74909,3784989,34396080,228256504,3776010,34237493,87426,2680042
1635289442.9612699,3674406,35508216,5384570,76791,3786305,34239074,228378784,3740377,34298607,87843,2492666
1635289443.0613897,3596796,35053378,5517882,75015,3635837,34368668,228399016,3551053,34208994,88933,2648954
1635289443.1615086,3670740,35407153,5477272,77427,3787343,34123612,228240285,3770451,34338296,86419,2692038
1635289443.2616272,3507419,34779176,5531231,71756,3737678,34530026,228288772,3699730,34200715,89004,2534645
1635289443.3617456,3664723,35252847,5483446,75986,3297512,34322344,228596713,3786513,34303149,86573,2652363
1635289443.4618645,3590041,34867683,5412816,61059,3773018,34286128,228167490,3764963,34130873,91147,2624561
1635289443.561982,3645967,34195282,228285833,3717330,34195124,87756,2652869,3670542,35183862,5493558,76807
1635289443.6620996,3768441,34213445,228270770,3786485,34121504,89429,2448242,3817617,35441719,5409731,67916
1635289443.7622182,3770147,34106300,228525107,3648233,34262096,87060,2666583,3514302,35134458,5465108,75897
1635289443.9624743,3669957,35120664,5403195,70257,3765828,34164129,228338327,3626951,34172731,82651,2489434
1635289444.062596,3658630,35201514,5452270,76285,3703062,34123001,228234597,3771584,34124532,89050,2675336
1635289444.162714,3645995,35354186,5370652,62647,3781908,34097915,228121644,3624529,34210299,87702,2524453
1635289444.2628326,3605780,35087819,5479656,74859,3632731,34175838,228228248,3766909,34228741,86135,2652236
1635289444.3629508,3654618,35322671,5401723,72142,3817034,33948880,228227049,3733814,34149599,88285,2683620
1635289444.463069,3720947,35227022,5498031,75300,3333239,34108096,228125288,3629501,34127060,90379,2649693
1635289444.5631874,3664509,35347788,5461328,76068,3775783,34267866,228187105,3781566,34272114,89480,2580085
1635289444.6633053,3776451,34255064,228141736,3661308,34237358,91082,2634274,3672795,35279807,5452844,74224
1635289444.7634234,3629482,34336467,228233302,3776170,34281781,87498,2670009,3467698,34608999,5467895,77447
1635289444.8635416,3792221,34343402,228298955,3741906,34356088,89706,2379596,3806252,34668355,5475898,69917
1635289444.9636598,3704228,34205021,228255709,3691472,34393951,86620,2404670,3637359,35345787,5481082,75844
1635289445.06378,3784322,34249137,228333098,3781588,34240703,87810,2785767,3667880,35163070,5406230,78033
1635289445.1638994,3776169,34241284,228304335,3647300,34266807,94585,2442156,3672147,35389517,5467066,76005
1635289445.2640176,3655114,34339322,228130386,3741285,34165506,86102,2676319,3675873,35371938,5310801,69195
1635289445.364136,3769659,34170958,228053128,3770058,34155840,87685,2579707,3652951,35481562,5483502,74997
1635289445.4642546,3666447,34116763,228235300,3590474,34254742,88558,2677304,3669453,35277982,5416170,76707
1635289445.5643728,3341633,34287200,228192911,3794511,34215558,87275,2329335,3595874,35004912,5502957,75261
1635289445.6644907,3759813,34354069,228202435,3638113,34258090,86946,2662354,3670757,35398243,5472245,60195
1635289445.7646086,3772669,34181387,228273769,3782681,34320810,87219,2634619,3590985,35076288,5566966,92187
1635289445.8647268,3686622,34204874,228185091,3684929,34314018,89121,2582715,3633643,35086994,5264072,69971
1635289445.9648454,3659364,34204000,228166640,3765269,34237409,86736,2676277,3506308,35471535,5472285,78187
1635289446.0649662,3781586,34241366,228183396,3775674,34139038,90246,3088000,3682479,35442474,5417647,68702
1635289446.215207,3646878,34197747,228299022,3685753,34244721,85795,2406176,3633901,35260179,5478786,74912
1635289446.315327,3777749,34276309,228224678,3782419,34174947,96966,2596525,3670472,35090983,5369039,74776
1635289446.415446,3773021,34218193,228279656,3676382,34284335,92550,2590592,3695404,35295875,5468580,75329
1635289446.5155644,3662201,34344187,228175369,3766756,34257490,90217,2696118,3655680,35229181,5311022,71449
1635289446.6156826,3777592,34222634,228222914,3559251,34256460,88383,2749412,3673268,35303517,5486208,75263
1635289446.715801,3937052,34327504,228306681,3721419,34394107,86412,2662119,3679174,35287228,5425727,76848
1635289446.8159192,3763245,34167436,228206610,3780697,34285451,87088,2483277,3609250,35008733,5514770,79289
1635289446.9160373,3607663,34202766,228192501,3630292,34213660,88449,2649690,3678761,35376699,5363823,78386
1635289447.016157,3695055,34213625,228196416,3780473,34211546,87448,2643832,3463800,35058824,5812888,67494
1635289447.1162767,3773373,34227414,228164513,3688095,34172380,89232,2480258,3695072,35203367,5482245,74286
1635289447.2163944,3589521,34274746,228204332,3791357,34227065,86387,2647738,3670219,35181939,5487283,75219
1635289447.3165123,3777313,34360022,228184332,3755045,34170742,89992,2638430,3533526,34721763,5427692,60688
1635289447.4166305,3680641,34232894,228250837,3703109,34296756,87565,2655930,3661665,35306353,5469579,77659
1635289447.516749,3761490,34269888,228143658,3776816,34255608,87243,2648395,3663334,35054351,5351030,68928
1635289447.616867,3780935,34091856,228178618,3537152,34149323,90683,2478524,3674813,35384922,5454088,75835
1635289447.716985,3628666,34255683,228018813,3786880,34214376,87449,2707263,3635743,35333486,5363681,71754
1635289447.8171036,3777687,34126163,228243175,3776830,34237956,87922,2515642,3656265,35295699,5468853,76664
1635289447.9172225,3827698,34210570,228231888,3652693,34127512,85835,2676388,3633690,35432415,5413115,62747
1635289448.017342,3569090,34117420,228167168,3773153,34145620,86880,2565728,3572318,34999247,5488845,73092
1635289448.117461,3764903,34252425,228277514,3626541,34182095,88645,2670499,3667382,35190074,5416283,74604
1635289448.2175796,3663710,34245499,228291418,3773568,34226698,90215,2671060,3663220,35321156,5549347,82396
1635289448.3176968,3779939,34165799,228284452,3595334,33928943,89927,2682257,3617383,34693044,5353316,70450
1635289448.4178147,3714757,34237493,228224590,3777234,34260176,87542,2544719,3679335,35219901,5498520,75194
1635289448.5179327,3772617,34121456,228159309,3618887,34188336,84270,2724458,4731570,33233844,4092873,75071
1635289448.61805,3628725,34221737,228207762,3778646,34217475,94824,2446414,3673581,35401954,5457449,77089
1635289448.7181678,3770949,34190211,228167290,3677268,34228012,86722,2790259,3619867,35023460,5455971,73874
1635289448.8182852,3678296,34375800,228197699,3762265,34156803,87894,2628665,3670149,35340717,5472249,75894
1635289448.918403,3757048,34198288,228185034,3623037,34220763,86671,2608354,3542824,34895614,5402588,61069
1635289449.018523,3607772,34366084,228199582,3800456,34190596,90093,2646610,3684451,35312826,5477302,76109
1635289449.1186419,3850550,34325113,228270110,3722937,34368611,86989,2645841,3680201,35001642,5412656,67089
1635289449.2187595,3768632,34206029,228182722,3786553,34302036,91240,2447772,3668305,35259947,5494996,75227
1635289449.3188775,3739151,34097805,228126218,3634468,34291683,87768,2656042,3690627,34826533,5373099,68670
1635289449.4189954,3598814,34247479,228277091,3787307,34224961,89354,2418849,3681561,35478070,5431760,80630
1635289449.5191133,3788912,34206618,228208744,3638052,34205687,88283,2684829,3680740,35504607,5472941,74232
1635289449.6192315,3642906,34258898,228201995,3788162,34209250,88300,2584891,3623969,35492993,5436126,62209
1635289449.7193491,3739022,33785054,228164548,3635205,32992900,66518,2525204,3590545,35104292,5473224,73779
1635289449.8194673,3666438,34384505,228366515,3790836,34182604,78580,2532844,3654334,35394961,5331507,73344
1635289449.9195857,3783696,34235160,228257727,3732600,34353331,89772,2687118,3683209,35582505,5495900,71424
1635289450.0197077,3616584,34464839,228047474,3606629,34459316,89927,2666106,3674636,35489025,5499576,74701
1635289450.1198273,3793728,34193297,228260023,3776191,34506584,90893,2642615,3567544,35113077,5424775,76749
1635289450.2199454,3751708,34325809,228173399,3781858,34338275,93085,2548242,3676910,35605741,5456121,76899
1635289450.3200731,3709455,34270389,228169707,3720927,34304399,87375,2689151,3693100,34988100,5369123,76172
1635289450.4201925,3704751,34408225,228304676,3788435,34328815,90239,2568812,3647759,35174511,5452831,68025
1635289450.5203114,3840168,34344999,228235499,3645129,34387373,87694,2644537,3661771,35068785,5485787,74245
1635289450.6204293,3769568,34386031,228208821,3781250,34152439,89766,2477236,3719242,35442257,5412035,83459
1635289450.7205477,3773776,34298353,228198490,3622361,34210064,87346,2580053,3516582,34746898,5429292,74040
1635289450.8206658,3635947,34305821,228173357,3783628,34238388,90042,2622074,3728836,35367392,5408409,68685
1635289450.9207838,3769858,34210220,228231237,3626979,34106987,83771,2975900,3755658,35147435,5505605,71743
1635289451.0209043,3686190,34310100,228196754,3790033,34094635,89085,2244969,3661721,35350444,5467785,76135
1635289451.1210237,3783067,34132920,228157719,3651369,34248370,86392,2595793,3578425,35104196,5422623,60052
1635289451.221143,3572792,34169975,228236975,3887056,34193473,89914,2672568,3680339,35421627,5484888,75098
1635289451.321262,3837981,34158387,228147533,3703339,34219872,86466,2637323,3631956,34979883,5421402,73897
1635289451.4213798,3563928,34109746,228175709,3777562,34196423,91087,2459046,3650935,35468358,5457642,73093
1635289451.5214982,3851554,34294298,228281317,3701857,34303521,86174,2644715,3663458,35063299,5393438,74438
1635289451.6216164,3673023,34206661,228155516,3778017,34256202,91134,2689278,3647776,35552896,5438007,75305
1635289451.7217352,3779244,34178938,228218016,3634414,34312093,90297,2687816,3568096,34976840,5306251,66616
1635289451.8218532,3794062,34263862,228217459,3792444,34261817,91967,2576543,3840212,35200966,5469211,74401
1635289451.9219716,3897351,35423293,236129039,3760190,33946792,257731,4852569,3762140,36363659,5690835,73387
1635289452.022091,3772954,34284606,228173160,3756242,34147734,96458,2522304,3520781,34941093,5492627,70730
1635289452.1222117,3592584,34230275,228248919,3766782,34241743,87601,2177297,3679045,35274695,5505045,73941
1635289452.2223306,3761701,34350206,228139001,3755504,33922549,85633,2682566,3642404,34934954,5432028,61386
1635289452.322449,3700032,34231898,228297424,3622228,34062476,90811,2640820,3676665,35293637,5480566,75106
1635289452.422568,3764333,34229426,228067437,3755663,34342330,88419,2632293,3674031,35126478,5370914,65907
1635289452.522687,3763894,34283676,228159379,3782671,34196640,91700,2456333,3682933,35319597,5491809,73753
1635289452.6228056,3672607,34112092,228260398,3635286,34324601,86881,2659543,3672459,35139923,5424877,68899
1635289452.7229245,3772913,34218571,228183294,3782479,34176107,89783,2522996,3698209,35349597,5478849,72737
1635289452.923161,3701541,34306053,228200425,3784798,34199730,86796,2552074,3626644,35336536,5395785,59041
1635289453.0232809,3766802,34240479,228127827,3634265,34214877,87502,2636587,3535330,34908251,5402068,77409
1635289453.1234002,3642434,34287923,228162132,3767526,34223547,87544,2739646,3687994,35375512,5445187,76616
1635289453.3236363,3581904,34884179,5434251,75024,3493647,34217675,228258314,3767363,34168921,88568,2660842
1635289453.4237547,3651988,35393586,5450031,75620,3785418,34189324,228146953,3710111,34339233,86644,2642948
1635289453.5238736,3551684,34958443,5408542,72815,3673437,34252077,228208802,3877412,34181909,89869,2574690
1635289453.623992,3675687,35507537,5474396,76396,3843688,34153568,228210031,3690732,34168147,90821,2676772
1635289453.72411,3615240,34827028,5416927,70017,3677940,34270253,228246209,3783108,34049516,95204,2354495
1635289453.8242283,3676569,35294023,5495240,74663,3604085,34178941,228157833,3690161,34222909,90672,2683978
1635289453.9243462,3673901,35023967,5434933,78370,3778625,34386551,228240555,3770004,34242608,89355,2481235
1635289454.0244663,3780376,34145614,228176053,3627615,34322560,87095,2676455,3554990,34865176,5416242,74295
1635289454.1245852,3645483,34238882,228213929,3777161,34318748,87154,2560714,4202156,35672715,5347742,68135
1635289454.2247045,3784851,34190723,228150721,3631280,34270488,85401,2655272,3670975,35332460,5478975,75632
1635289454.4249413,3684503,35298585,5434989,77057,3769773,34284085,228236283,3657766,34289376,87365,2356254
1635289454.5250602,3608700,34944294,5492087,75376,3589234,34275017,228166238,3776402,34202394,88437,2650874
1635289454.6251779,3678058,33731346,4131581,75314,3779062,34365148,228214210,3774435,34253591,88675,2607925
1635289454.7252967,3594732,34915316,5472408,75424,3647393,34335897,228195500,3579046,34281431,89510,2628143
1635289454.8254142,3677634,35380686,5482584,76886,3774748,34450595,228222652,3784503,34293697,87038,2640084
1635289454.9255328,3506554,34797954,5417239,67736,3789943,34287680,228200868,3772546,34295476,89945,2670467
1635289455.0256526,3683805,35351512,5438045,77878,3613834,34292576,228246223,3735330,34332697,85539,2649186
1635289455.125773,3808339,34280584,228196973,3801511,34114110,88704,2529006,3688106,35517615,5435612,76478
1635289455.2258914,3805093,34208892,228210486,3651927,34172100,86917,2658078,3460960,35427407,5510091,76103
1635289455.3260093,3687989,34243034,228179608,3799076,34150363,86497,2666300,3716834,35506137,5325780,70698
1635289455.5262456,3657511,35328115,5480281,73282,3778519,34260749,228182750,3803248,34185281,92264,2663214
1635289455.6263638,3678229,35232421,5374977,75770,3792406,34182899,228215176,3741012,34340755,89876,2461168
1635289455.726482,3643994,35005314,5489500,76299,3651602,34264142,228158476,3581934,34257414,89642,2659691
1635289455.8266,3680591,35280457,5390180,71771,3803961,34221414,228208881,3779977,34446777,86088,2657892
1635289455.9267182,3707520,34946764,5444138,75043,3828816,34319188,228206836,3677746,34243535,86403,2655879
1635289456.0268373,3656754,35166626,5462411,77106,3372418,34202604,228187650,3798669,34276898,85939,2601137
1635289456.1269557,3551421,34972859,5408923,62178,3805723,34238089,228152698,3728133,34202207,88857,2648750
1635289456.2270744,3597593,34236172,228199135,3798361,34279051,87674,2602287,3629280,35411363,5338962,75914
1635289456.3271933,3615320,33722362,223020444,3668015,33518742,83913,2512455,3512995,34457904,5357209,93262
1635289456.427312,3716758,34048196,226552228,3693604,33890748,79479,2584040,3619753,34957313,5388067,107306
