2021-10-26 17:32:18 modena root[406372] INFO [Watcher] Initialized
2021-10-26 17:32:18 modena root[406372] INFO [Timestamper] Initialized
2021-10-26 17:32:18 modena root[406372] INFO [SystemPerfmonDaemon] Initializing System Performance monitoring Daemon
2021-10-26 17:32:18 modena root[406372] INFO [SystemPerfmonDaemon] Number of cores on the system: 128
2021-10-26 17:32:18 modena root[406372] INFO [SystemPerfmonDaemon] Number of sockets on the system: 2
2021-10-26 17:32:18 modena root[406372] INFO [SystemPerfmonDaemon] python3 -u /nfs_homes/dmasouros/ThymesisFlow/libthymesisflow/scripts/read_counters.py
2021-10-26 17:32:18 modena root[406372] INFO [SystemPerfmonDaemon] Initializing System Performance monitoring Daemon
2021-10-26 17:32:18 modena root[406372] INFO [SystemPerfmonDaemon] Number of cores on the system: 128
2021-10-26 17:32:18 modena root[406372] INFO [SystemPerfmonDaemon] Number of sockets on the system: 2
2021-10-26 17:32:18 modena root[406372] INFO [SystemPerfmonDaemon] Starting monitoring S0 and FPGA
2021-10-26 17:32:19 modena root[406372] INFO [SystemPerfmonDaemon] perf stat -I 1000 -a -x, -e LLC-load-misses,LLC-loads,LLC-prefetches,mem-loads,mem-stores --per-socket | grep S0
2021-10-26 17:32:19 modena root[406372] INFO [Watcher] Active containers: redis-server
2021-10-26 17:32:19 modena root[406372] INFO [containerDaemon406366] sudo perf stat -I 1000 -a -x, -e cache-misses,cache-references,cpu-cycles,L1-dcache-load-misses,L1-dcache-loads,L1-dcache-prefetches,L1-dcache-store-misses,L1-icache-load-misses,L1-icache-loads,L1-icache-prefetches,L2-load-misses -p 406366
2021-10-26 17:32:19 modena root[406372] INFO [containerDaemon406366] Started monitoring PID 406366 of container redis-server
2021-10-26 17:32:21 modena root[406372] INFO [Watcher] Active containers: redis-server
2021-10-26 17:32:22 modena root[406372] INFO [SystemPerfmonDaemon] [1635265938.9391577, '395967', '1705712', '0', '3448480', '2826901', '3', '5', '400']
2021-10-26 17:32:22 modena root[406372] INFO [SystemPerfmonDaemon] [1635265941.7910645, '1407853', '5073672', '0', '19744277', '12164086', '11', '23', '406']
2021-10-26 17:32:22 modena root[406372] INFO [containerDaemon406366] [1635265938.9391577, '20774907', '200270113', '1317344444', '21094532', '197021303', '426367', '16147600', '20514973', '205307847', '30685269', '316016']
2021-10-26 17:32:23 modena root[406372] INFO [SystemPerfmonDaemon] [1635265941.7910645, '682316', '4370710', '0', '6165828', '9356797', '16', '32', '407']
2021-10-26 17:32:23 modena root[406372] INFO [SystemPerfmonDaemon] [1635265942.7420402, '1032029', '5911972', '0', '14157247', '8027558', '985', '1969', '402']
2021-10-26 17:32:23 modena root[406372] INFO [containerDaemon406366] [1635265941.7910645, '35904162', '347355918', '2273480122', '35853577', '346174927', '761850', '24647031', '35558327', '350606589', '53202028', '545537']
2021-10-26 17:32:23 modena root[406372] INFO [Watcher] Active containers: memtier-benchmark redis-server
2021-10-26 17:32:24 modena root[406372] INFO [SystemPerfmonDaemon] [1635265942.7420402, '665919', '4429231', '0', '6760797', '9297633', '76', '152', '401']
2021-10-26 17:32:24 modena root[406372] INFO [containerDaemon406366] [1635265942.7420402, '35849387', '345525796', '2274278396', '36134446', '346124318', '734360', '25318607', '35815951', '349297387', '53170513', '558876']
2021-10-26 17:32:24 modena root[406372] INFO [SystemPerfmonDaemon] [1635265943.6930099, '1233947', '6340325', '0', '18079160', '10397085', '41', '83', '405']
2021-10-26 17:32:25 modena root[406372] INFO [containerDaemon406366] [1635265943.6930099, '36300568', '344680491', '2274286018', '36250572', '345005545', '734349', '25498121', '35681492', '349726528', '53222650', '559125']
2021-10-26 17:32:25 modena root[406372] INFO [SystemPerfmonDaemon] [1635265943.6930099, '678355', '4478002', '0', '8192347', '9301723', '44', '88', '409']
2021-10-26 17:32:26 modena root[406372] INFO [containerDaemon406366] [1635265944.6439786, '36370616', '343478070', '2274204342', '36402615', '342533473', '734887', '25348286', '36733999', '346319010', '53328737', '589241']
2021-10-26 17:32:26 modena root[406372] INFO [SystemPerfmonDaemon] [1635265945.5949428, '988184', '6029825', '0', '14752654', '9563366', '50', '100', '400']
2021-10-26 17:32:27 modena root[406372] INFO [containerDaemon406366] [1635265945.5949428, '36541138', '343150147', '2274194798', '36365201', '343521030', '736302', '25458302', '35885021', '348878369', '54016329', '640275']
2021-10-26 17:32:27 modena root[406372] INFO [SystemPerfmonDaemon] [1635265946.5459142, '674211', '4546673', '0', '9192300', '9338359', '22', '44', '400']
2021-10-26 17:32:27 modena root[406372] INFO [Watcher] Active containers: memtier-benchmark redis-server
2021-10-26 17:32:28 modena root[406372] INFO [containerDaemon406366] [1635265947.4968839, '36500727', '342451529', '2274186937', '36682529', '342196113', '747217', '25451705', '35779939', '348477812', '53877565', '679873']
2021-10-26 17:32:28 modena root[406372] INFO [SystemPerfmonDaemon] [1635265947.4968839, '1210981', '6496213', '0', '18588221', '11752273', '50', '100', '407']
2021-10-26 17:32:29 modena root[406372] INFO [containerDaemon406366] [1635265948.4478564, '36894586', '341394401', '2274091283', '36631614', '341344322', '754289', '26030992', '35908758', '348980348', '53791265', '690272']
2021-10-26 17:32:29 modena root[406372] INFO [SystemPerfmonDaemon] [1635265948.4478564, '703135', '4609190', '0', '9840666', '9177759', '18', '36', '407']
2021-10-26 17:32:30 modena root[406372] INFO [containerDaemon406366] [1635265949.3988254, '36353420', '336153255', '2274273057', '36370969', '335981994', '750832', '25392965', '36010895', '347915862', '54046865', '707505']
2021-10-26 17:32:30 modena root[406372] INFO [SystemPerfmonDaemon] [1635265949.3988254, '1118618', '6844741', '0', '17147153', '11177966', '106', '212', '406']
2021-10-26 17:32:31 modena root[406372] INFO [containerDaemon406366] [1635265950.3497996, '37134208', '339529296', '2274290776', '36766534', '339363977', '750847', '26436661', '36141777', '347534468', '53904869', '745441']
2021-10-26 17:32:31 modena root[406372] INFO [SystemPerfmonDaemon] [1635265950.3497996, '745537', '4627051', '0', '9118058', '9140619', '41', '81', '406']
2021-10-26 17:32:32 modena root[406372] INFO [Watcher] Active containers: memtier-benchmark redis-server
2021-10-26 17:32:32 modena root[406372] INFO [containerDaemon406366] [1635265951.3000202, '36921640', '339229429', '2274608276', '37181318', '338734184', '756066', '26165981', '36111039', '348476827', '53991859', '755349']
2021-10-26 17:32:32 modena root[406372] INFO [SystemPerfmonDaemon] [1635265951.3000202, '1264223', '7937878', '0', '22226065', '12159657', '73', '147', '403']
2021-10-26 17:32:33 modena root[406372] INFO [containerDaemon406366] [1635265952.2509935, '37029029', '338973456', '2274463441', '37276629', '339351076', '776278', '26646833', '36550466', '348292035', '53959434', '769578']
2021-10-26 17:32:33 modena root[406372] INFO [SystemPerfmonDaemon] [1635265952.2509935, '781811', '4688039', '0', '7159760', '9129150', '54', '108', '408']
2021-10-26 17:32:34 modena root[406372] INFO [containerDaemon406366] [1635265953.201966, '36701702', '336425268', '2274395542', '36877640', '337172658', '758505', '26325268', '36390855', '347992752', '53986347', '772516']
2021-10-26 17:32:34 modena root[406372] INFO [SystemPerfmonDaemon] [1635265953.201966, '1265237', '7567085', '0', '19684943', '11783963', '58', '116', '409']
2021-10-26 17:32:35 modena root[406372] INFO [containerDaemon406366] [1635265954.152931, '37209216', '339137318', '2274331918', '37129528', '338718027', '762695', '26569023', '36519781', '348602619', '53901889', '757926']
2021-10-26 17:32:35 modena root[406372] INFO [SystemPerfmonDaemon] [1635265954.152931, '789285', '5264504', '0', '7796586', '9544148', '66', '132', '405']
2021-10-26 17:32:36 modena root[406372] INFO [Watcher] Active containers: memtier-benchmark redis-server
2021-10-26 17:32:36 modena root[406372] INFO [containerDaemon406366] [1635265955.1039133, '36940347', '338787416', '2274224757', '37385953', '338542949', '754837', '26361353', '36257809', '346863648', '53897620', '766921']
2021-10-26 17:32:36 modena root[406372] INFO [SystemPerfmonDaemon] [1635265955.1039133, '1781453', '8643954', '0', '22946362', '15087667', '58', '116', '406']
2021-10-26 17:32:37 modena root[406372] INFO [containerDaemon406366] [1635265956.0548851, '37144895', '338293829', '2274022146', '37098718', '338703941', '753202', '26137669', '37362961', '345422705', '52483856', '780185']
2021-10-26 17:32:37 modena root[406372] INFO [SystemPerfmonDaemon] [1635265956.0548851, '797109', '4786643', '0', '10848236', '8979283', '38', '76', '408']
2021-10-26 17:32:38 modena root[406372] INFO [containerDaemon406366] [1635265957.0058627, '37356295', '338132743', '2274218225', '36905545', '338696481', '749454', '26370866', '36683243', '348165886', '53737677', '760880']
2021-10-26 17:32:38 modena root[406372] INFO [SystemPerfmonDaemon] [1635265957.0058627, '1366987', '8000021', '0', '21007193', '12836953', '19', '37', '404']
2021-10-26 17:32:39 modena root[406372] INFO [containerDaemon406366] [1635265957.9568338, '36725180', '335431748', '2274071250', '37325336', '338798180', '755935', '26287215', '36431286', '348249451', '52530626', '772674']
2021-10-26 17:32:39 modena root[406372] INFO [SystemPerfmonDaemon] [1635265957.9568338, '806294', '4739299', '0', '10940815', '8976293', '86', '172', '406']
2021-10-26 17:32:40 modena root[406372] INFO [containerDaemon406366] [1635265958.9068685, '36625705', '336475837', '2275453203', '37128563', '339309819', '748317', '26055002', '36455877', '348596422', '53802650', '756200']
2021-10-26 17:32:40 modena root[406372] INFO [SystemPerfmonDaemon] [1635265958.9068685, '1798076', '8767157', '0', '23919237', '15312920', '96', '192', '408']
2021-10-26 17:32:40 modena root[406372] INFO [Watcher] Active containers: memtier-benchmark redis-server
2021-10-26 17:32:41 modena root[406372] INFO [containerDaemon406366] [1635265959.8578403, '37187174', '339311614', '2274271531', '37363740', '339323655', '763532', '26347640', '36575313', '348681374', '52387678', '760455']
2021-10-26 17:32:41 modena root[406372] INFO [SystemPerfmonDaemon] [1635265959.8578403, '831852', '4818989', '0', '9308615', '9021167', '35', '71', '402']
2021-10-26 17:32:42 modena root[406372] INFO [containerDaemon406366] [1635265960.808811, '37327991', '339581158', '2274490497', '37328498', '339555469', '744304', '26421408', '36447735', '348732486', '54106718', '753158']
2021-10-26 17:32:42 modena root[406372] INFO [SystemPerfmonDaemon] [1635265960.808811, '1548228', '8437527', '0', '22004884', '13809250', '51', '101', '411']
2021-10-26 17:32:43 modena root[406372] INFO [containerDaemon406366] [1635265961.759778, '37358988', '339518305', '2274501050', '36869594', '333768485', '760187', '25771216', '37899226', '340032062', '50227603', '754664']
2021-10-26 17:32:43 modena root[406372] INFO [SystemPerfmonDaemon] [1635265961.759778, '828003', '4785643', '0', '8548811', '8960719', '123', '247', '405']
2021-10-26 17:32:44 modena root[406372] INFO [containerDaemon406366] [1635265962.7100222, '37145628', '339631654', '2274373925', '36923508', '336720624', '760979', '26509616', '36401395', '348087208', '54311814', '759695']
2021-10-26 17:32:44 modena root[406372] INFO [SystemPerfmonDaemon] [1635265962.7100222, '1448787', '8319889', '0', '22232775', '13366429', '108', '216', '405']
2021-10-26 17:32:45 modena root[406372] INFO [Watcher] Active containers: memtier-benchmark redis-server
2021-10-26 17:32:45 modena root[406372] INFO [containerDaemon406366] [1635265963.661005, '36603987', '333849820', '2274113132', '37171620', '339409363', '777904', '26256761', '36543001', '348597573', '52580560', '743760']
2021-10-26 17:32:45 modena root[406372] INFO [SystemPerfmonDaemon] [1635265964.6119902, '892366', '4751281', '0', '10938878', '9227233', '244', '488', '402']
2021-10-26 17:32:46 modena root[406372] INFO [containerDaemon406366] [1635265964.6119902, '37202251', '340360426', '2274248273', '37293790', '340210741', '761926', '26324491', '36627721', '349658713', '54109130', '721653']
2021-10-26 17:32:46 modena root[406372] INFO [SystemPerfmonDaemon] [1635265965.5629668, '1489731', '8739611', '0', '25076703', '14263007', '47', '93', '409']
2021-10-26 17:32:47 modena root[406372] INFO [containerDaemon406366] [1635265966.5139472, '37087030', '339695116', '2274165535', '37290323', '339497193', '767249', '26227537', '36194014', '349093308', '54345454', '750211']
2021-10-26 17:32:47 modena root[406372] INFO [SystemPerfmonDaemon] [1635265966.5139472, '836625', '4728182', '0', '7816963', '8944831', '83', '167', '407']
2021-10-26 17:32:48 modena root[406372] INFO [containerDaemon406366] [1635265967.4649274, '37489100', '339823883', '2274389038', '37159220', '339470460', '755900', '26517790', '36598249', '349589628', '54011841', '757588']
2021-10-26 17:32:48 modena root[406372] INFO [SystemPerfmonDaemon] [1635265967.4649274, '1464253', '8428175', '0', '22226643', '13614297', '44', '88', '410']
2021-10-26 17:32:49 modena root[406372] INFO [Watcher] Active containers: memtier-benchmark redis-server
2021-10-26 17:32:49 modena root[406372] INFO [containerDaemon406366] [1635265968.4159007, '37206998', '339872714', '2274422197', '37388634', '339923262', '769594', '26484189', '36532998', '348820144', '54183179', '745384']
2021-10-26 17:32:49 modena root[406372] INFO [SystemPerfmonDaemon] [1635265968.4159007, '852116', '4752647', '0', '9497630', '9002919', '46', '92', '411']
2021-10-26 17:32:50 modena root[406372] INFO [containerDaemon406366] [1635265969.3668673, '36952972', '337904771', '2274119368', '37206544', '339741278', '762509', '26509415', '36242357', '345841672', '50932520', '739501']
2021-10-26 17:32:50 modena root[406372] INFO [SystemPerfmonDaemon] [1635265969.3668673, '1640394', '9121475', '0', '24376467', '14542021', '62', '124', '405']
2021-10-26 17:32:51 modena root[406372] INFO [containerDaemon406366] [1635265970.3178408, '37343793', '339563748', '2274383438', '37086220', '337308915', '766768', '26327609', '36547668', '349820275', '54290307', '767131']
2021-10-26 17:32:51 modena root[406372] INFO [SystemPerfmonDaemon] [1635265970.3178408, '835611', '4679395', '0', '9650097', '8946938', '185', '369', '404']
2021-10-26 17:32:52 modena root[406372] INFO [containerDaemon406366] [1635265971.2688131, '36901126', '339445652', '2274511677', '37328991', '339412643', '774481', '26539287', '36285355', '349095400', '54175986', '774611']
2021-10-26 17:32:52 modena root[406372] INFO [SystemPerfmonDaemon] [1635265971.2688131, '1511525', '8793966', '0', '22374679', '13806979', '118', '236', '402']
2021-10-26 17:32:53 modena root[406372] INFO [containerDaemon406366] [1635265972.2197952, '37204569', '338948282', '2274271011', '37140059', '339837354', '761134', '26037022', '36740650', '348779769', '53986291', '747624']
2021-10-26 17:32:53 modena root[406372] INFO [Watcher] Active containers: memtier-benchmark redis-server
2021-10-26 17:32:53 modena root[406372] INFO [SystemPerfmonDaemon] [1635265972.2197952, '872410', '4832204', '0', '7134972', '9034439', '20', '40', '403']
2021-10-26 17:32:54 modena root[406372] INFO [containerDaemon406366] [1635265973.1700287, '37042168', '339595259', '2274202236', '37147060', '339657031', '775678', '26535981', '37326430', '346682211', '54047770', '760950']
2021-10-26 17:32:54 modena root[406372] INFO [SystemPerfmonDaemon] [1635265973.1700287, '1641429', '8746484', '0', '24966495', '15395552', '26', '52', '403']
2021-10-26 17:32:55 modena root[406372] INFO [containerDaemon406366] [1635265974.1210098, '37242336', '339246297', '2274198911', '37322531', '339685540', '765541', '26344879', '36496655', '348183373', '54159807', '757301']
2021-10-26 17:32:55 modena root[406372] INFO [SystemPerfmonDaemon] [1635265974.1210098, '844374', '5072772', '0', '10021718', '9464893', '16', '32', '403']
2021-10-26 17:32:56 modena root[406372] INFO [containerDaemon406366] [1635265975.0719993, '37350395', '338413644', '2274067787', '37006956', '339237197', '778214', '26132637', '36609755', '349101826', '54049917', '753027']
2021-10-26 17:32:56 modena root[406372] INFO [SystemPerfmonDaemon] [1635265975.0719993, '1687765', '11811662', '0', '28085706', '19002377', '163', '327', '402']
2021-10-26 17:32:57 modena root[406372] INFO [containerDaemon406366] [1635265976.0229864, '37324295', '339890686', '2274179538', '37274589', '339710907', '766468', '26526162', '36505498', '348621562', '54222683', '755033']
2021-10-26 17:32:57 modena root[406372] INFO [SystemPerfmonDaemon] [1635265976.0229864, '852159', '4664233', '0', '8235443', '8959688', '19', '37', '410']
2021-10-26 17:32:57 modena root[406372] INFO [Watcher] Active containers: memtier-benchmark redis-server
2021-10-26 17:32:58 modena root[406372] INFO [containerDaemon406366] [1635265976.9739635, '37278828', '339803971', '2274254800', '37387170', '340049161', '781416', '26261518', '37705435', '346506219', '52285973', '740677']
2021-10-26 17:32:58 modena root[406372] INFO [SystemPerfmonDaemon] [1635265976.9739635, '1584016', '9441589', '0', '30933724', '16171123', '26', '52', '407']
2021-10-26 17:32:59 modena root[406372] INFO [containerDaemon406366] [1635265977.924937, '37255342', '340121640', '2274488251', '37320484', '340068175', '767410', '26253447', '36658381', '349013463', '54051023', '762062']
2021-10-26 17:32:59 modena root[406372] INFO [SystemPerfmonDaemon] [1635265977.924937, '831047', '4627911', '0', '9408204', '8958443', '30', '60', '418']
2021-10-26 17:33:00 modena root[406372] INFO [containerDaemon406366] [1635265978.8759048, '36886629', '337940168', '2274195620', '37162715', '339068535', '778998', '26610850', '37261092', '342052337', '48534754', '753549']
2021-10-26 17:33:00 modena root[406372] INFO [SystemPerfmonDaemon] [1635265978.8759048, '1499666', '8305896', '0', '22322297', '13693156', '195', '391', '405']
2021-10-26 17:33:01 modena root[406372] INFO [containerDaemon406366] [1635265979.8268704, '37059137', '339168720', '2274479085', '37254141', '338897435', '765146', '26327540', '36347396', '348164999', '53987447', '755186']
2021-10-26 17:33:01 modena root[406372] INFO [SystemPerfmonDaemon] [1635265979.8268704, '838579', '4676689', '0', '10475618', '8935101', '24', '48', '403']
2021-10-26 17:33:02 modena root[406372] INFO [Watcher] Active containers: memtier-benchmark redis-server
2021-10-26 17:33:02 modena root[406372] INFO [containerDaemon406366] [1635265980.7778442, '37260846', '339042431', '2274365669', '37123019', '338580659', '775957', '26368087', '36726710', '348928131', '53818919', '758122']
2021-10-26 17:33:02 modena root[406372] INFO [SystemPerfmonDaemon] [1635265980.7778442, '1821523', '8836596', '0', '29972281', '19182453', '70', '140', '402']
2021-10-26 17:33:03 modena root[406372] INFO [containerDaemon406366] [1635265981.7288127, '37376013', '339531197', '2274203443', '37345023', '339272888', '760460', '26435543', '36534045', '348740582', '54116422', '759875']
2021-10-26 17:33:03 modena root[406372] INFO [SystemPerfmonDaemon] [1635265981.7288127, '846643', '4696815', '0', '11651225', '8965684', '18', '36', '405']
2021-10-26 17:33:04 modena root[406372] INFO [containerDaemon406366] [1635265982.6797838, '37333451', '339181253', '2274038794', '36997946', '339775650', '768960', '26036560', '36941468', '344978946', '52255885', '766464']
2021-10-26 17:33:04 modena root[406372] INFO [SystemPerfmonDaemon] [1635265983.6300125, '2002380', '9784315', '0', '34695939', '21836536', '128', '256', '406']
2021-10-26 17:33:05 modena root[406372] INFO [containerDaemon406366] [1635265983.6300125, '37163672', '339701888', '2274125877', '37323795', '339814639', '771355', '26635996', '36409710', '349362229', '54163926', '762655']
2021-10-26 17:33:05 modena root[406372] INFO [SystemPerfmonDaemon] [1635265984.5809817, '1408611', '4861399', '0', '9397628', '9585626', '54', '108', '401']
2021-10-26 17:33:06 modena root[406372] INFO [Watcher] Active containers: memtier-benchmark redis-server
2021-10-26 17:33:06 modena root[406372] INFO [containerDaemon406366] [1635265985.5319498, '37376439', '338563054', '2274039076', '37118896', '339386095', '772260', '26551484', '36488912', '348875713', '54329391', '770829']
2021-10-26 17:33:06 modena root[406372] INFO [SystemPerfmonDaemon] [1635265985.5319498, '2087538', '9777919', '0', '29288387', '17785617', '54', '108', '404']
2021-10-26 17:33:07 modena root[406372] INFO [containerDaemon406366] [1635265986.4829214, '37155720', '339288613', '2274173234', '37381627', '339017144', '776089', '26568201', '36540237', '348427689', '53854003', '757383']
2021-10-26 17:33:07 modena root[406372] INFO [SystemPerfmonDaemon] [1635265986.4829214, '818603', '4626787', '0', '7782542', '8977909', '28', '56', '413']
2021-10-26 17:33:08 modena root[406372] INFO [containerDaemon406366] [1635265987.4338899, '37386121', '339275931', '2274072238', '36963301', '339198994', '762456', '26093941', '37295740', '344712552', '54135281', '774018']
2021-10-26 17:33:08 modena root[406372] INFO [SystemPerfmonDaemon] [1635265987.4338899, '1433118', '8376614', '0', '24322594', '14569069', '62', '124', '402']
2021-10-26 17:33:09 modena root[406372] INFO [containerDaemon406366] [1635265988.3848658, '37051438', '339226459', '2274188740', '37279123', '339337913', '771623', '26088890', '36472272', '349197373', '54199777', '766441']
2021-10-26 17:33:09 modena root[406372] INFO [SystemPerfmonDaemon] [1635265988.3848658, '814517', '4603205', '0', '10096119', '8974191', '72', '144', '413']
2021-10-26 17:33:10 modena root[406372] INFO [containerDaemon406366] [1635265989.3358421, '37175511', '340005263', '2274214582', '37280911', '340065944', '776959', '26636806', '37869046', '340910233', '50544527', '750880']
2021-10-26 17:33:10 modena root[406372] INFO [Watcher] Active containers: memtier-benchmark redis-server
2021-10-26 17:33:10 modena root[406372] INFO [SystemPerfmonDaemon] [1635265989.3358421, '1598162', '8937674', '0', '26426859', '16021949', '43', '85', '406']
2021-10-26 17:33:11 modena root[406372] INFO [containerDaemon406366] [1635265990.286821, '37541295', '338759968', '2274694746', '37051120', '339006607', '775127', '26523597', '36594205', '349663368', '53785426', '760109']
2021-10-26 17:33:11 modena root[406372] INFO [SystemPerfmonDaemon] [1635265990.286821, '825051', '4667500', '0', '9953695', '8886484', '44', '88', '407']
2021-10-26 17:33:12 modena root[406372] INFO [containerDaemon406366] [1635265991.2377994, '37203021', '339334635', '2274399918', '37262375', '339241361', '758755', '26344406', '36311840', '348018953', '54300854', '770105']
2021-10-26 17:33:12 modena root[406372] INFO [SystemPerfmonDaemon] [1635265991.2377994, '1461593', '9314148', '0', '22256043', '14130202', '40', '80', '408']
2021-10-26 17:33:13 modena root[406372] INFO [containerDaemon406366] [1635265992.1887717, '36977558', '339475682', '2274227515', '37424351', '337329500', '768406', '26255003', '36429987', '349103961', '54208450', '769324']
2021-10-26 17:33:13 modena root[406372] INFO [SystemPerfmonDaemon] [1635265992.1887717, '829395', '4650318', '0', '8679140', '8922870', '78', '156', '406']
2021-10-26 17:33:14 modena root[406372] INFO [containerDaemon406366] [1635265993.139742, '37369069', '339685736', '2274410968', '36829632', '334748256', '758475', '26540070', '36465687', '348719490', '54200510', '765080']
2021-10-26 17:33:14 modena root[406372] INFO [SystemPerfmonDaemon] [1635265993.139742, '1458160', '9123469', '0', '23163056', '14474857', '44', '88', '407']
2021-10-26 17:33:14 modena root[406372] INFO [Watcher] Active containers: memtier-benchmark redis-server
2021-10-26 17:33:15 modena root[406372] INFO [containerDaemon406366] [1635265994.090021, '37358080', '339889450', '2274584442', '37310714', '340076057', '770911', '26510908', '36717809', '349923578', '54197423', '751143']
2021-10-26 17:33:15 modena root[406372] INFO [SystemPerfmonDaemon] [1635265994.090021, '830718', '5090245', '0', '8439247', '9498384', '27', '55', '413']
2021-10-26 17:33:16 modena root[406372] INFO [containerDaemon406366] [1635265995.0409935, '37228169', '340446811', '2274789999', '37420267', '340094817', '764402', '26230960', '36505307', '349121032', '54224409', '742995']
2021-10-26 17:33:16 modena root[406372] INFO [SystemPerfmonDaemon] [1635265995.0409935, '1622026', '9005871', '0', '25922832', '15930182', '17', '33', '430']
2021-10-26 17:33:17 modena root[406372] INFO [containerDaemon406366] [1635265995.9919622, '37399435', '341191914', '2282442597', '36925882', '335387054', '949959', '27114200', '36443289', '349837039', '54300018', '734942']
2021-10-26 17:33:17 modena root[406372] INFO [SystemPerfmonDaemon] [1635265995.9919622, '808912', '4669024', '0', '10317375', '8882019', '856', '1712', '404']
2021-10-26 17:33:18 modena root[406372] INFO [containerDaemon406366] [1635265996.9429448, '37148445', '339442206', '2274338439', '37311664', '340073541', '757950', '26272339', '36462659', '349290846', '54298286', '735688']
2021-10-26 17:33:18 modena root[406372] INFO [SystemPerfmonDaemon] [1635265996.9429448, '1500165', '8367057', '0', '21577507', '13963939', '42', '84', '402']
2021-10-26 17:33:19 modena root[406372] INFO [Watcher] Active containers: memtier-benchmark redis-server
2021-10-26 17:33:19 modena root[406372] INFO [containerDaemon406366] [1635265997.893923, '37375658', '340248909', '2274316238', '37239323', '340231345', '779093', '26460449', '36639534', '349832910', '54151218', '736650']
2021-10-26 17:33:19 modena root[406372] INFO [SystemPerfmonDaemon] [1635265997.893923, '831278', '4708408', '0', '9624613', '8910931', '25', '51', '402']
2021-10-26 17:33:20 modena root[406372] INFO [containerDaemon406366] [1635265998.8448873, '37276902', '339950337', '2274467169', '37328977', '340150222', '760615', '25866308', '38238373', '342788847', '52366121', '738772']
2021-10-26 17:33:20 modena root[406372] INFO [SystemPerfmonDaemon] [1635265998.8448873, '1751264', '8845148', '0', '25083652', '15274732', '267', '533', '404']
2021-10-26 17:33:21 modena root[406372] INFO [containerDaemon406366] [1635265999.7958534, '36510716', '335701966', '2274349721', '37122466', '338820281', '767646', '26193894', '36473313', '348564539', '54284344', '740274']
2021-10-26 17:33:21 modena root[406372] INFO [SystemPerfmonDaemon] [1635265999.7958534, '826088', '4619355', '0', '7453870', '8929669', '1652', '3304', '402']
2021-10-26 17:33:22 modena root[406372] INFO [containerDaemon406366] [1635266000.7468197, '37383595', '339663966', '2274345631', '37305759', '340135818', '773401', '26610042', '36628892', '349188042', '54363491', '729372']
2021-10-26 17:33:22 modena root[406372] INFO [SystemPerfmonDaemon] [1635266000.7468197, '1465742', '8455716', '0', '22083406', '13857053', '112', '224', '403']
2021-10-26 17:33:23 modena root[406372] INFO [Watcher] Active containers: memtier-benchmark redis-server
2021-10-26 17:33:23 modena root[406372] INFO [containerDaemon406366] [1635266001.6977863, '37261636', '342825761', '2274198799', '37507314', '342847392', '761252', '26573741', '36682693', '351037557', '54489802', '794751']
2021-10-26 17:33:23 modena root[406372] INFO [SystemPerfmonDaemon] [1635266001.6977863, '840580', '4610221', '0', '8356284', '8922913', '159', '319', '407']
2021-10-26 17:33:24 modena root[406372] INFO [containerDaemon406366] [1635266002.648754, '37382649', '342851870', '2274514785', '37323725', '343109312', '767943', '26378112', '36833837', '352288540', '54744304', '741625']
2021-10-26 17:33:24 modena root[406372] INFO [SystemPerfmonDaemon] [1635266003.5997202, '1731368', '8757800', '0', '25550557', '15247349', '45', '89', '405']
2021-10-26 17:33:25 modena root[406372] INFO [containerDaemon406366] [1635266004.5500176, '37148965', '342933204', '2274369808', '37435461', '342546936', '764420', '26648131', '36807676', '352682316', '54603345', '740288']
2021-10-26 17:33:25 modena root[406372] INFO [SystemPerfmonDaemon] [1635266004.5500176, '833239', '4636897', '0', '9853558', '8885951', '19', '39', '403']
2021-10-26 17:33:26 modena root[406372] INFO [containerDaemon406366] [1635266005.500992, '37519304', '342697452', '2274481569', '37410316', '342467643', '769029', '26268729', '36857242', '351966058', '54579737', '743778']
2021-10-26 17:33:26 modena root[406372] INFO [SystemPerfmonDaemon] [1635266005.500992, '1492352', '8254296', '0', '21725356', '13759714', '91', '181', '401']
2021-10-26 17:33:27 modena root[406372] INFO [containerDaemon406366] [1635266006.451965, '37406801', '342477782', '2274575397', '37236621', '342705936', '767126', '26627460', '36751543', '352175159', '54508808', '731199']
2021-10-26 17:33:27 modena root[406372] INFO [SystemPerfmonDaemon] [1635266006.451965, '890268', '4652521', '0', '10364878', '9107295', '34', '68', '406']
2021-10-26 17:33:27 modena root[406372] INFO [Watcher] Active containers: memtier-benchmark redis-server
2021-10-26 17:33:28 modena root[406372] INFO [containerDaemon406366] [1635266007.4029298, '37064412', '342015746', '2274431063', '37340570', '341808796', '760090', '26051397', '36408745', '351626340', '54503954', '753677']
2021-10-26 17:33:28 modena root[406372] INFO [SystemPerfmonDaemon] [1635266007.4029298, '1538193', '8864201', '0', '24845455', '14804306', '23', '47', '405']
2021-10-26 17:33:29 modena root[406372] INFO [containerDaemon406366] [1635266008.3538988, '37329292', '342297437', '2274150779', '37189770', '342560169', '779430', '26430895', '36666376', '352232321', '54612442', '749989']
2021-10-26 17:33:29 modena root[406372] INFO [SystemPerfmonDaemon] [1635266008.3538988, '821332', '4673960', '0', '9364752', '8957914', '109', '217', '403']
2021-10-26 17:33:30 modena root[406372] INFO [containerDaemon406366] [1635266009.3048687, '37407341', '342339984', '2274267128', '37446653', '342381092', '759016', '26383207', '36672327', '351995501', '54403818', '727774']
2021-10-26 17:33:30 modena root[406372] INFO [SystemPerfmonDaemon] [1635266009.3048687, '1483036', '8403652', '0', '22332478', '13843221', '79', '159', '409']
2021-10-26 17:33:31 modena root[406372] INFO [containerDaemon406366] [1635266010.2558455, '37518857', '342531985', '2274237547', '37409617', '342737506', '757635', '26535633', '36844639', '352390047', '54682807', '746853']
2021-10-26 17:33:31 modena root[406372] INFO [SystemPerfmonDaemon] [1635266010.2558455, '836067', '4675739', '0', '8883035', '8941931', '20', '40', '399']
2021-10-26 17:33:31 modena root[406372] INFO [Watcher] Active containers: memtier-benchmark redis-server
2021-10-26 17:33:32 modena root[406372] INFO [containerDaemon406366] [1635266011.2068193, '37236475', '342537608', '2276190908', '37480302', '342893977', '762410', '26724531', '36725368', '352751069', '54764744', '751989']
2021-10-26 17:33:32 modena root[406372] INFO [SystemPerfmonDaemon] [1635266011.2068193, '1689383', '9166809', '0', '24556602', '14403923', '44', '88', '403']
2021-10-26 17:33:33 modena root[406372] INFO [containerDaemon406366] [1635266012.1578004, '37485504', '342675821', '2274270315', '37320633', '342599279', '764103', '26585972', '36697235', '352705138', '54302435', '725559']
2021-10-26 17:33:33 modena root[406372] INFO [SystemPerfmonDaemon] [1635266012.1578004, '825854', '4651730', '0', '8876744', '8952376', '27', '53', '404']
2021-10-26 17:33:34 modena root[406372] INFO [containerDaemon406366] [1635266013.108771, '37438569', '342702721', '2274051820', '37456127', '342684488', '765526', '26294627', '36665382', '351478113', '54699956', '733398']
2021-10-26 17:33:34 modena root[406372] INFO [SystemPerfmonDaemon] [1635266013.108771, '1471180', '8362713', '0', '22881843', '13664589', '72', '144', '406']
2021-10-26 17:33:35 modena root[406372] INFO [containerDaemon406366] [1635266014.059744, '37430441', '342926865', '2274347210', '37274449', '342953043', '767267', '26387648', '36742298', '352161539', '54658105', '730065']
2021-10-26 17:33:35 modena root[406372] INFO [SystemPerfmonDaemon] [1635266014.059744, '870506', '5231782', '0', '10566991', '9568690', '39', '79', '400']
2021-10-26 17:33:36 modena root[406372] INFO [Watcher] Active containers: memtier-benchmark redis-server
2021-10-26 17:33:36 modena root[406372] INFO [containerDaemon406366] [1635266015.0100238, '37564598', '343179860', '2274502585', '37486173', '343044795', '766463', '26576841', '36668620', '352862732', '54817486', '737802']
2021-10-26 17:33:36 modena root[406372] INFO [SystemPerfmonDaemon] [1635266015.0100238, '1800661', '8929176', '0', '25151316', '15637402', '17', '33', '412']
2021-10-26 17:33:37 modena root[406372] INFO [containerDaemon406366] [1635266015.9609923, '37488497', '343412537', '2274382419', '37481026', '343592264', '766973', '26565624', '36726056', '352696272', '54812153', '720879']
2021-10-26 17:33:37 modena root[406372] INFO [SystemPerfmonDaemon] [1635266015.9609923, '832997', '4661893', '0', '9227720', '8916344', '27', '55', '400']
2021-10-26 17:33:38 modena root[406372] INFO [containerDaemon406366] [1635266016.9119647, '37333175', '343568650', '2274419368', '37461455', '343553635', '769855', '26675368', '36780560', '353161001', '54762306', '722696']
2021-10-26 17:33:38 modena root[406372] INFO [SystemPerfmonDaemon] [1635266016.9119647, '1506368', '8404216', '0', '22133300', '14082070', '23', '45', '408']
2021-10-26 17:33:39 modena root[406372] INFO [containerDaemon406366] [1635266017.8629353, '37292746', '342781815', '2274262688', '37376619', '342939182', '765650', '26274707', '36553316', '353229079', '54700244', '716485']
2021-10-26 17:33:39 modena root[406372] INFO [SystemPerfmonDaemon] [1635266017.8629353, '825907', '4605210', '0', '10323012', '8945147', '47', '95', '411']
2021-10-26 17:33:40 modena root[406372] INFO [Watcher] Active containers: memtier-benchmark redis-server
2021-10-26 17:33:40 modena root[406372] INFO [containerDaemon406366] [1635266018.8139064, '37183105', '342937166', '2274369639', '37344006', '343191974', '761429', '26242519', '36735276', '352785936', '54784846', '700122']
2021-10-26 17:33:40 modena root[406372] INFO [SystemPerfmonDaemon] [1635266018.8139064, '1542084', '8460339', '0', '25604681', '14880876', '24', '48', '401']
2021-10-26 17:33:41 modena root[406372] INFO [containerDaemon406366] [1635266019.7648745, '37421775', '343124776', '2274208640', '37361013', '343230241', '771759', '26560208', '36438213', '353107540', '54720609', '700417']
2021-10-26 17:33:41 modena root[406372] INFO [SystemPerfmonDaemon] [1635266019.7648745, '845921', '4595611', '0', '10070130', '8918584', '43', '85', '413']
2021-10-26 17:33:42 modena root[406372] INFO [containerDaemon406366] [1635266020.715848, '37424805', '342841618', '2274273830', '37207260', '342755880', '768328', '26574005', '36526878', '353109882', '54632675', '707264']
2021-10-26 17:33:42 modena root[406372] INFO [SystemPerfmonDaemon] [1635266020.715848, '1506647', '8382413', '0', '23168445', '13395294', '58', '116', '412']
2021-10-26 17:33:43 modena root[406372] INFO [containerDaemon406366] [1635266021.6668289, '37241401', '343586842', '2274457850', '37297507', '343655177', '759269', '26564520', '36789261', '353346545', '54814686', '710513']
2021-10-26 17:33:43 modena root[406372] INFO [SystemPerfmonDaemon] [1635266022.6178162, '851055', '4630122', '0', '11216046', '8890941', '68', '136', '404']
2021-10-26 17:33:44 modena root[406372] INFO [containerDaemon406366] [1635266022.6178162, '37502987', '344185514', '2275639770', '37606499', '344007689', '761288', '26597804', '36944705', '353927553', '54831556', '720860']
2021-10-26 17:33:44 modena root[406372] INFO [SystemPerfmonDaemon] [1635266023.5688052, '1696507', '9273567', '0', '25367929', '14490880', '155', '311', '402']
2021-10-26 17:33:44 modena root[406372] INFO [Watcher] Active containers: memtier-benchmark redis-server
2021-10-26 17:33:45 modena root[406372] INFO [containerDaemon406366] [1635266024.5197954, '37497914', '343964974', '2274173263', '37671331', '343992653', '751860', '26560270', '37006093', '350704886', '52905177', '742570']
2021-10-26 17:33:45 modena root[406372] INFO [SystemPerfmonDaemon] [1635266024.5197954, '835764', '4680802', '0', '8583438', '8904137', '63', '125', '404']
2021-10-26 17:33:46 modena root[406372] INFO [containerDaemon406366] [1635266025.470041, '37831840', '344112235', '2274090087', '37728162', '344118623', '745624', '26649562', '36963268', '353103830', '54682808', '718913']
2021-10-26 17:33:46 modena root[406372] INFO [SystemPerfmonDaemon] [1635266025.470041, '1529077', '8447309', '0', '22422078', '14165684', '30', '60', '404']
2021-10-26 17:33:47 modena root[406372] INFO [containerDaemon406366] [1635266026.4210231, '37581527', '342850627', '2274231530', '37571878', '343768733', '761092', '26660130', '36951791', '353092764', '54850888', '727588']
2021-10-26 17:33:47 modena root[406372] INFO [SystemPerfmonDaemon] [1635266026.4210231, '841388', '4644560', '0', '8900679', '8898820', '142', '284', '404']
2021-10-26 17:33:48 modena root[406372] INFO [containerDaemon406366] [1635266027.3720024, '37424893', '343713297', '2274155531', '37688881', '343498965', '754742', '26732438', '37045504', '352822518', '54705378', '713697']
2021-10-26 17:33:48 modena root[406372] INFO [SystemPerfmonDaemon] [1635266027.3720024, '1663509', '8490508', '0', '22128440', '14300420', '31', '63', '404']
2021-10-26 17:33:49 modena root[406372] INFO [Watcher] Active containers: memtier-benchmark redis-server
2021-10-26 17:33:49 modena root[406372] INFO [containerDaemon406366] [1635266028.322974, '37646436', '343391380', '2274138077', '37643601', '343397781', '752090', '26641061', '36729131', '352324088', '54762681', '714338']
2021-10-26 17:33:49 modena root[406372] INFO [SystemPerfmonDaemon] [1635266028.322974, '836614', '4639540', '0', '9227742', '8909668', '24', '48', '410']
2021-10-26 17:33:50 modena root[406372] INFO [containerDaemon406366] [1635266029.2739465, '37690763', '343754191', '2274501262', '37701517', '343716722', '758633', '26713536', '37042739', '352738078', '54939042', '719001']
2021-10-26 17:33:50 modena root[406372] INFO [SystemPerfmonDaemon] [1635266029.2739465, '1659136', '8546238', '0', '23371722', '14926569', '24', '48', '405']
2021-10-26 17:33:51 modena root[406372] INFO [containerDaemon406366] [1635266030.224922, '37537841', '343468871', '2274365627', '37728747', '343586819', '757332', '26542585', '37006887', '353259472', '54511925', '717764']
2021-10-26 17:33:51 modena root[406372] INFO [SystemPerfmonDaemon] [1635266030.224922, '824998', '4680352', '0', '6827864', '8887181', '110', '220', '405']
2021-10-26 17:33:52 modena root[406372] INFO [containerDaemon406366] [1635266031.1758962, '37559728', '343926636', '2274419593', '37728791', '342916756', '748433', '26499752', '37028974', '352831424', '54773317', '721549']
2021-10-26 17:33:52 modena root[406372] INFO [SystemPerfmonDaemon] [1635266031.1758962, '1504941', '8511548', '0', '22267510', '14095370', '46', '92', '399']
2021-10-26 17:33:53 modena root[406372] INFO [Watcher] Active containers: memtier-benchmark redis-server
2021-10-26 17:33:53 modena root[406372] INFO [containerDaemon406366] [1635266032.1268702, '37515203', '343957541', '2274574078', '37612689', '343725514', '761364', '26450083', '36998602', '352389685', '54726399', '717325']
2021-10-26 17:33:53 modena root[406372] INFO [SystemPerfmonDaemon] [1635266032.1268702, '891773', '4569607', '0', '10461235', '9165671', '52', '104', '412']
2021-10-26 17:33:54 modena root[406372] INFO [containerDaemon406366] [1635266033.077836, '37212433', '342952610', '2274445447', '37654507', '343891494', '757213', '26542961', '36927020', '352498028', '54498788', '712375']
2021-10-26 17:33:54 modena root[406372] INFO [SystemPerfmonDaemon] [1635266033.077836, '1546953', '8983465', '0', '25322515', '14610624', '25', '49', '410']
2021-10-26 17:33:55 modena root[406372] INFO [containerDaemon406366] [1635266034.028805, '37818000', '343777997', '2274254379', '37648991', '343638616', '746183', '26529239', '37076129', '351733018', '54560422', '722632']
2021-10-26 17:33:55 modena root[406372] INFO [SystemPerfmonDaemon] [1635266034.028805, '830254', '5108663', '0', '10435047', '9436314', '60', '120', '408']
2021-10-26 17:33:56 modena root[406372] INFO [containerDaemon406366] [1635266034.9797733, '37679376', '343490528', '2273992770', '37627605', '343509436', '753667', '26630074', '36639191', '352319695', '54736344', '718643']
2021-10-26 17:33:56 modena root[406372] INFO [SystemPerfmonDaemon] [1635266034.9797733, '1667270', '12886478', '0', '30341168', '19773176', '61', '123', '401']
2021-10-26 17:33:57 modena root[406372] INFO [containerDaemon406366] [1635266035.930021, '37466680', '342396267', '2273990665', '37568209', '343270258', '754042', '26664632', '36863381', '352381847', '54652242', '709501']
2021-10-26 17:33:57 modena root[406372] INFO [Watcher] Active containers: memtier-benchmark redis-server
2021-10-26 17:33:57 modena root[406372] INFO [SystemPerfmonDaemon] [1635266035.930021, '847907', '4662876', '0', '9986980', '8903917', '39', '77', '409']
2021-10-26 17:33:58 modena root[406372] INFO [containerDaemon406366] [1635266036.88099, '37462984', '343659975', '2274612356', '37636851', '343488931', '751878', '26690710', '37215435', '352555697', '54637194', '709746']
2021-10-26 17:33:58 modena root[406372] INFO [SystemPerfmonDaemon] [1635266036.88099, '1777957', '9957017', '0', '30221158', '15610592', '16', '32', '401']
2021-10-26 17:33:59 modena root[406372] INFO [containerDaemon406366] [1635266037.8319633, '37718858', '343573428', '2274484270', '37676074', '343500497', '760889', '26532049', '37064230', '352289361', '54770885', '718772']
2021-10-26 17:33:59 modena root[406372] INFO [SystemPerfmonDaemon] [1635266037.8319633, '825591', '4674248', '0', '9464067', '8872212', '14', '28', '415']
2021-10-26 17:34:00 modena root[406372] INFO [containerDaemon406366] [1635266038.7829373, '37681059', '343787531', '2274233935', '37540971', '343604252', '763449', '26601898', '36903774', '353251872', '54736424', '732755']
2021-10-26 17:34:00 modena root[406372] INFO [SystemPerfmonDaemon] [1635266038.7829373, '1500651', '8337750', '0', '22134882', '14116040', '93', '187', '406']
2021-10-26 17:34:01 modena root[406372] INFO [containerDaemon406366] [1635266039.7339122, '37786155', '344385571', '2274754581', '37777450', '344415877', '746955', '26563987', '36889591', '353465381', '54839310', '712308']
2021-10-26 17:34:01 modena root[406372] INFO [SystemPerfmonDaemon] [1635266039.7339122, '860369', '4743276', '0', '10310669', '9028178', '21', '41', '405']
2021-10-26 17:34:01 modena root[406372] INFO [Watcher] Active containers: memtier-benchmark redis-server
2021-10-26 17:34:02 modena root[406372] INFO [containerDaemon406366] [1635266040.68489, '37631130', '342068027', '2274599579', '37595491', '343763667', '760782', '26702665', '36740700', '353213258', '54926739', '707577']
2021-10-26 17:34:02 modena root[406372] INFO [SystemPerfmonDaemon] [1635266041.635862, '1814376', '9269283', '0', '24873911', '16945409', '1074', '2148', '401']
2021-10-26 17:34:03 modena root[406372] INFO [containerDaemon406366] [1635266041.635862, '37500342', '342384014', '2274341675', '37633602', '343805654', '755066', '26576359', '36664809', '351918081', '54436062', '799062']
2021-10-26 17:34:03 modena root[406372] INFO [SystemPerfmonDaemon] [1635266042.5868394, '831596', '4742920', '0', '12380905', '8913692', '2173', '4347', '400']
2021-10-26 17:34:04 modena root[406372] INFO [containerDaemon406366] [1635266043.537824, '37582985', '344109185', '2274470517', '37680874', '343750414', '747411', '26508769', '37013045', '353414870', '54876461', '720427']
2021-10-26 17:34:04 modena root[406372] INFO [SystemPerfmonDaemon] [1635266043.537824, '1658704', '8866672', '0', '23586567', '15997924', '265', '529', '403']
2021-10-26 17:34:05 modena root[406372] INFO [containerDaemon406366] [1635266044.4888074, '37551823', '344111309', '2274420998', '37666186', '344197138', '762401', '26574983', '36958832', '353498818', '54906487', '714339']
2021-10-26 17:34:05 modena root[406372] INFO [SystemPerfmonDaemon] [1635266044.4888074, '825547', '4640777', '0', '11845296', '8965906', '70', '140', '409']
2021-10-26 17:34:06 modena root[406372] INFO [Watcher] Active containers: memtier-benchmark redis-server
2021-10-26 17:34:06 modena root[406372] INFO [containerDaemon406366] [1635266045.4397917, '37637904', '344408706', '2274357876', '37727909', '344476229', '755480', '26770972', '36978269', '353806654', '54612737', '708959']
2021-10-26 17:34:06 modena root[406372] INFO [SystemPerfmonDaemon] [1635266045.4397917, '1670384', '8352164', '0', '24512607', '15408921', '112', '224', '403']
2021-10-26 17:34:07 modena root[406372] INFO [containerDaemon406366] [1635266046.3900383, '37683510', '344741101', '2274070016', '37633358', '344762502', '750732', '26539560', '36816332', '354584014', '54939950', '683846']
2021-10-26 17:34:07 modena root[406372] INFO [SystemPerfmonDaemon] [1635266046.3900383, '807669', '4634938', '0', '8890375', '8940522', '46', '92', '405']
2021-10-26 17:34:08 modena root[406372] INFO [containerDaemon406366] [1635266047.3410213, '37696218', '344694594', '2274323423', '37676338', '344814737', '756677', '26653789', '37154130', '353803464', '54847031', '691036']
2021-10-26 17:34:08 modena root[406372] INFO [SystemPerfmonDaemon] [1635266047.3410213, '1464990', '8277841', '0', '22824780', '13422642', '86', '172', '403']
2021-10-26 17:34:09 modena root[406372] INFO [containerDaemon406366] [1635266048.2920115, '37562481', '344730742', '2274398926', '37733923', '344780525', '746610', '26785305', '36958398', '354470555', '54667490', '693941']
2021-10-26 17:34:09 modena root[406372] INFO [SystemPerfmonDaemon] [1635266048.2920115, '943887', '4733258', '0', '11701770', '9210830', '43', '87', '406']
2021-10-26 17:34:10 modena root[406372] INFO [Watcher] Active containers: memtier-benchmark redis-server
2021-10-26 17:34:10 modena root[406372] INFO [containerDaemon406366] [1635266049.2429903, '37514555', '343954687', '2274614633', '37572888', '344915818', '754401', '26541724', '37017003', '354293777', '54796263', '683393']
2021-10-26 17:34:10 modena root[406372] INFO [SystemPerfmonDaemon] [1635266049.2429903, '1585063', '9124426', '0', '25526139', '14603080', '64', '128', '410']
2021-10-26 17:34:11 modena root[406372] INFO [containerDaemon406366] [1635266050.1939664, '37520759', '344859171', '2274396996', '37746061', '344735514', '749636', '26510782', '36883224', '354062843', '54919945', '682733']
2021-10-26 17:34:11 modena root[406372] INFO [SystemPerfmonDaemon] [1635266050.1939664, '808618', '4672871', '0', '9324664', '8930271', '43', '85', '409']
2021-10-26 17:34:12 modena root[406372] INFO [containerDaemon406366] [1635266051.1449442, '37788384', '344580750', '2274466243', '37528220', '343904100', '764168', '26577482', '36881664', '354155179', '54950957', '693107']
2021-10-26 17:34:12 modena root[406372] INFO [SystemPerfmonDaemon] [1635266051.1449442, '1447207', '9216869', '0', '22866668', '13795721', '60', '120', '406']
2021-10-26 17:34:13 modena root[406372] INFO [containerDaemon406366] [1635266052.0959165, '37499832', '344534160', '2274371308', '37675439', '344368323', '769297', '26671554', '36898020', '354240094', '54971580', '678115']
2021-10-26 17:34:13 modena root[406372] INFO [SystemPerfmonDaemon] [1635266052.0959165, '806922', '4682911', '0', '9172259', '8937710', '137', '275', '403']
2021-10-26 17:34:14 modena root[406372] INFO [containerDaemon406366] [1635266053.046898, '37679809', '344744749', '2274880338', '37556797', '343904878', '753164', '26468545', '36911578', '353923662', '55058584', '687166']
2021-10-26 17:34:14 modena root[406372] INFO [SystemPerfmonDaemon] [1635266053.046898, '1588970', '9524891', '0', '25222573', '14701443', '118', '236', '407']
2021-10-26 17:34:14 modena root[406372] INFO [Watcher] Active containers: memtier-benchmark redis-server
2021-10-26 17:34:15 modena root[406372] INFO [containerDaemon406366] [1635266053.9978805, '37675739', '344950046', '2274408195', '37606195', '344705759', '765784', '26440175', '37060052', '353474722', '54848924', '681556']
2021-10-26 17:34:15 modena root[406372] INFO [SystemPerfmonDaemon] [1635266053.9978805, '812819', '5107881', '0', '8340616', '9466845', '92', '184', '402']
2021-10-26 17:34:16 modena root[406372] INFO [containerDaemon406366] [1635266054.9488573, '37526830', '344665489', '2274199226', '37715507', '344667456', '756260', '26530729', '36923111', '354178315', '54874068', '671689']
2021-10-26 17:34:16 modena root[406372] INFO [SystemPerfmonDaemon] [1635266054.9488573, '1589587', '8891887', '0', '23750021', '14835851', '48', '96', '413']
2021-10-26 17:34:17 modena root[406372] INFO [containerDaemon406366] [1635266055.8998246, '37576276', '344335075', '2274182734', '37569484', '344499956', '756511', '26652785', '37146879', '354600965', '54892359', '678700']
2021-10-26 17:34:17 modena root[406372] INFO [SystemPerfmonDaemon] [1635266055.8998246, '1247912', '8620468', '0', '16194953', '14961846', '207', '413', '407']
2021-10-26 17:34:18 modena root[406372] INFO [containerDaemon406366] [1635266056.850031, '37385307', '343896435', '2275476224', '37410255', '344666703', '757689', '26237804', '36826976', '353477948', '54938376', '708341']
2021-10-26 17:34:18 modena root[406372] INFO [SystemPerfmonDaemon] [1635266056.850031, '1500948', '8574540', '0', '25414021', '14889806', '762', '1524', '401']
2021-10-26 17:34:19 modena root[406372] INFO [Watcher] Active containers: memtier-benchmark redis-server
2021-10-26 17:34:19 modena root[406372] INFO [containerDaemon406366] [1635266057.801015, '17816732', '163023882', '1079952797', '17833498', '162746268', '337175', '12458807', '17314697', '166638849', '25719243', '584552']
2021-10-26 17:34:19 modena root[406372] INFO [SystemPerfmonDaemon] [1635266057.801015, '877431', '4746136', '0', '8252304', '8943956', '75', '151', '408']
2021-10-26 17:34:20 modena root[406372] WARNING [containerDaemon406366] Event L1-dcache-load-misses not counted
2021-10-26 17:34:20 modena root[406372] WARNING [containerDaemon406366] Event L1-dcache-loads not counted
2021-10-26 17:34:20 modena root[406372] WARNING [containerDaemon406366] Event L1-dcache-prefetches not counted
2021-10-26 17:34:20 modena root[406372] WARNING [containerDaemon406366] Event L1-dcache-store-misses not counted
2021-10-26 17:34:20 modena root[406372] WARNING [containerDaemon406366] Event L1-icache-load-misses not counted
2021-10-26 17:34:20 modena root[406372] WARNING [containerDaemon406366] Event L1-icache-loads not counted
2021-10-26 17:34:20 modena root[406372] WARNING [containerDaemon406366] Event L1-icache-prefetches not counted
2021-10-26 17:34:20 modena root[406372] INFO [SystemPerfmonDaemon] [1635266058.7519817, '1606095', '8480185', '0', '22063906', '14134237', '21', '41', '406']
2021-10-26 17:34:21 modena root[406372] WARNING [containerDaemon406366] Event L1-dcache-loads not counted
2021-10-26 17:34:21 modena root[406372] WARNING [containerDaemon406366] Event L1-dcache-prefetches not counted
2021-10-26 17:34:21 modena root[406372] WARNING [containerDaemon406366] Event L1-dcache-store-misses not counted
2021-10-26 17:34:21 modena root[406372] WARNING [containerDaemon406366] Event L1-icache-load-misses not counted
2021-10-26 17:34:21 modena root[406372] WARNING [containerDaemon406366] Event L1-icache-loads not counted
2021-10-26 17:34:21 modena root[406372] WARNING [containerDaemon406366] Event L1-icache-prefetches not counted
2021-10-26 17:34:21 modena root[406372] INFO [SystemPerfmonDaemon] [1635266059.702951, '819475', '4638296', '0', '10938960', '8973464', '254', '508', '403']
2021-10-26 17:34:22 modena root[406372] WARNING [containerDaemon406366] Event L1-dcache-loads not counted
2021-10-26 17:34:22 modena root[406372] WARNING [containerDaemon406366] Event L1-dcache-prefetches not counted
2021-10-26 17:34:22 modena root[406372] WARNING [containerDaemon406366] Event L1-dcache-store-misses not counted
2021-10-26 17:34:22 modena root[406372] WARNING [containerDaemon406366] Event L1-icache-load-misses not counted
2021-10-26 17:34:22 modena root[406372] WARNING [containerDaemon406366] Event L1-icache-loads not counted
2021-10-26 17:34:22 modena root[406372] WARNING [containerDaemon406366] Event L1-icache-prefetches not counted
2021-10-26 17:34:22 modena root[406372] WARNING [containerDaemon406366] Event L2-load-misses not counted
2021-10-26 17:34:22 modena root[406372] INFO [SystemPerfmonDaemon] [1635266061.604905, '1476811', '8368826', '0', '22797636', '13471429', '95', '191', '403']
2021-10-26 17:34:23 modena root[406372] INFO [Watcher] Active containers: redis-server
2021-10-26 17:34:23 modena root[406372] CRITICAL [Watcher] Catched SIGINT... Cleaning up, please be patient
2021-10-26 17:34:23 modena root[406372] INFO [Watcher] Killing perf subprocesses
2021-10-26 17:34:23 modena root[406372] INFO [containerDaemon406366] Terminating PerfmonDaemon PID 406366 of container redis-server
2021-10-26 17:34:23 modena root[406372] INFO [['1635265938.9391577' '20774907' '200270113' ... '205307847' '30685269'
  '316016']
 ['1635265941.7910645' '35904162' '347355918' ... '350606589' '53202028'
  '545537']
 ['1635265942.7420402' '35849387' '345525796' ... '349297387' '53170513'
  '558876']
 ...
 ['1635266055.8998246' '37576276' '344335075' ... '354600965' '54892359'
  '678700']
 ['1635266056.850031' '37385307' '343896435' ... '353477948' '54938376'
  '708341']
 ['1635266057.801015' '17816732' '163023882' ... '166638849' '25719243'
  '584552']]
2021-10-26 17:34:23 modena root[406372] INFO [containerDaemon406366] Results saved in /nfs_homes/dmasouros/project/src/profile/redis/requests//1635265935/results_redis-server_406366_perf.out
2021-10-26 17:34:23 modena root[406372] INFO [SystemPerfmonDaemon] Terminating FPGA monitoring subprocess
2021-10-26 17:34:23 modena root[406372] INFO [SystemPerfmonDaemon] Terminating Socket's monitoring subprocess
2021-10-26 17:34:23 modena root[406372] INFO (124, 9)
2021-10-26 17:34:23 modena root[406372] INFO [SystemPerfmonDaemon] System's monitoring results saved in /nfs_homes/dmasouros/project/src/profile/redis/requests//1635265935/sysmon_results_perf.out
2021-10-26 17:34:23 modena root[406372] WARNING [containerDaemon406366] Event cache-misses not counted
2021-10-26 17:34:23 modena root[406372] WARNING [containerDaemon406366] Event L1-dcache-loads not counted
2021-10-26 17:34:23 modena root[406372] WARNING [containerDaemon406366] Event L1-dcache-prefetches not counted
2021-10-26 17:34:23 modena root[406372] WARNING [containerDaemon406366] Event L1-dcache-store-misses not counted
2021-10-26 17:34:23 modena root[406372] WARNING [containerDaemon406366] Event L1-icache-load-misses not counted
2021-10-26 17:34:23 modena root[406372] WARNING [containerDaemon406366] Event L1-icache-loads not counted
2021-10-26 17:34:23 modena root[406372] WARNING [containerDaemon406366] Event L1-icache-prefetches not counted
2021-10-26 17:34:23 modena root[406372] WARNING [containerDaemon406366] Event L2-load-misses not counted
2021-10-26 17:34:25 modena root[406372] INFO Everything cleaned up. Thanks for using me :)
