1635289877.250172,3007229,25745713,228820773,3047323,25100872,92161,2322033,2928768,25490647,3455271,128352
1635289877.350392,2631151,23380262,228030660,2918899,24871091,104626,1909309,2728577,23494492,3381097,153564
1635289877.4506092,2959146,25195542,228488839,2886374,25343006,104855,1854636,2438303,24219189,3614104,148704
1635289877.550874,2741962,22979304,228114981,2496815,21725547,107764,1907061,2573167,24579004,3813751,143475
1635289877.6511247,2900054,24770322,227692755,2750789,22117540,94779,1927242,2424789,24927951,3771784,151683
1635289877.8018486,2743738,23614438,229156704,2677495,22372951,97228,1855706,3071455,20332768,2650945,173399
1635289877.9021592,2853051,24661183,229006702,2716226,22864261,97256,2047742,2608856,24830557,3703532,168496
1635289878.0024698,2846532,24516974,229407650,2841029,23773779,105436,2199169,2530051,22594419,2898300,171526
1635289878.102787,2832626,24436299,229210114,2838423,23930313,102831,2214345,2508398,24959578,3785968,178793
1635289878.3034225,2713424,22823803,229126842,2823856,24551277,98820,1986665,2430085,24751535,3627534,146335
1635289878.4037344,2844854,23733679,229224655,2835739,24537836,91323,2015018,2551429,24669004,3732760,175661
1635289878.5040524,2802526,23736991,229183573,2870657,24504311,88784,1896236,2539105,24762097,3703488,178952
1635289878.7046852,2236233,24580700,3702183,166386,2731237,24534301,228982879,2816003,24448344,93277,1754810
1635289878.8050117,2989724,23453015,3623409,169276,2829560,24709545,229036901,2874470,24414409,93579,1945424
1635289878.9053383,2431200,24565971,3315531,171831,2899154,24434798,229171182,2892457,24673349,98693,1994616
1635289879.0056612,2378389,24107995,3234173,178827,2822807,24552689,229122038,2944938,24442379,98480,2073987
1635289879.1059897,2617667,23632608,3127808,170391,3005781,25075033,229388446,2738222,24040028,96401,2132177
1635289879.2063184,2679377,23481167,3452059,179768,2611746,24446224,228671384,2882322,24480923,98528,1862775
1635289879.306648,2527536,24040831,3728330,181566,2680612,24280023,229032258,2910543,24584993,95204,2008737
1635289879.4069765,2627460,23939886,3809799,190970,2858344,24355018,229130772,2817120,24387990,85018,1956086
1635289879.5073044,2448373,24683270,3624909,207180,2867509,24539357,229105497,2883511,23762223,81430,1985496
1635289879.6076305,2255035,24511445,3981596,165085,2809575,24317037,229084940,2795279,23760341,87598,2062501
1635289879.707955,2643659,25081156,3898521,182654,2933531,24470848,229076734,2867856,23429514,88664,2113219
1635289879.8082776,2559547,24627566,3794906,186819,2686077,24270875,228891143,2849487,23592928,103783,1857011
1635289879.9086013,2339216,24725930,3686404,170534,2908426,24207268,229179684,2840755,23837802,96161,2009530
1635289880.0089293,2451915,24827127,3853904,203060,2841045,23554494,228932960,2883425,24126404,101536,2063135
1635289880.1092536,2435573,24652217,3729001,183131,2857734,23562330,229080308,2894576,24967813,96995,1996447
1635289880.2095578,2253232,24652090,3897183,176735,3034123,23269848,228743414,2743639,24150874,101489,2308686
1635289880.3098474,2500952,24758396,3823431,183386,2659577,24166802,229121387,2996926,24414027,92182,1831037
1635289880.4102232,2446047,24518731,3733201,178450,2890651,24004276,229189437,2909176,24294135,81614,1873556
1635289880.5104768,3040401,23223562,3491507,171231,2882967,24115183,228896681,2817004,24349599,88607,1967442
1635289880.6107244,2989701,23123738,3163357,170240,2807527,24213278,229150308,2862890,24217022,88873,2067187
1635289880.7109883,2472346,23573381,3187621,182843,2786350,24314550,229218057,2872856,24394182,86428,1934493
1635289880.8112745,2435708,23038665,3140499,173886,2710601,24176979,229182939,2821845,24467250,87847,2271682
1635289880.9115593,2609444,23466293,3192361,190124,2956592,23994242,229008990,2802236,24411717,88836,1917799
1635289881.011866,2476658,23431655,3849342,188345,2780910,24250806,229062450,2853117,24053605,87731,2015994
1635289881.1121721,2733280,23900315,3843571,186170,2827456,24282129,228643127,2903369,24246571,80483,1825316
1635289881.2124777,2475181,24892501,3756785,186701,2796333,24627242,228961234,2844434,23964807,91202,2274106
1635289881.3127913,2355910,24938927,3757644,185996,2811561,23174396,228947015,2707597,23941169,79258,1885959
1635289881.4131052,2382540,24625883,3764460,189462,3038780,23483678,228934594,2627636,23346515,89540,2119866
1635289881.513427,2472335,24753238,3835099,193105,2867533,24470430,229001182,2714879,23002590,89038,1996212
1635289881.613746,2488381,24642096,3894896,190281,2866635,24364312,229100850,2888362,23479601,89829,1978167
1635289881.7140672,2467840,24605931,3767234,193764,2856777,24549963,229162006,2862403,23475145,89388,2045969
1635289881.8143828,2430163,24840960,3789045,191859,2744089,23013386,229204877,2892700,24232852,91598,1835545
1635289881.9146788,2379611,24849910,3733389,195010,2695091,22943393,228989886,2902110,24378613,98339,2136481
1635289882.0150008,2434100,25108918,3792631,175280,2780438,23362801,228731252,2875062,24342537,94617,2057306
1635289882.115321,2921609,23663155,228793776,2859468,24316141,94044,2103214,2539443,25014720,3868312,176125
1635289882.2156413,2854282,24179892,229060810,2834061,24447776,97886,2073575,2379144,24988595,3414850,174720
1635289882.3159616,2945438,24156309,228990836,2851725,24475764,96516,2246519,2441054,22610450,1828881,183153
1635289882.5166137,2538769,23472667,3573197,187280,3088320,24375127,229075705,2852454,24268604,98229,1990089
1635289882.6169384,2592209,23759881,3532608,202946,2905386,24285887,228913348,2884681,24560703,95125,2021003
1635289882.717261,2591476,23741328,3536834,189644,2983396,24280485,228666842,2735534,24017540,94960,2004735
1635289882.8175735,2579039,23743137,3819489,183792,2955431,24425537,229251132,2861111,24408761,84137,2089647
1635289882.9680197,2615207,24654944,3795313,194772,3114170,24140199,228990251,2866491,24292917,82298,2038445
1635289883.0683532,2630326,24799276,3862188,195590,2779373,24655671,228943024,2816723,23456301,83825,1919030
1635289883.1686802,2490839,24787382,3922842,197562,3079715,24579289,229207900,2823766,23615372,86068,2025879
1635289883.2690015,2473184,24712990,3865023,192391,2940822,24302769,229497378,2817998,23646725,88394,2068773
1635289883.3693254,2481887,24757493,3749738,211988,2877540,24183440,229010317,2808798,23461157,87286,2055793
1635289883.4696405,2471801,24555589,3692823,202333,2853668,23840667,229099698,2783491,23774076,95954,2337877
1635289883.5699298,2485649,25074546,3963710,188775,2885740,23171837,228998757,2869553,24322841,96626,2399549
1635289883.6702695,2548086,24925763,3818012,194614,2819107,23465016,229117244,2856276,24456290,91450,1904678
1635289883.7705088,2467993,24876753,3811049,202242,2937600,23480261,228965612,2906686,24325771,96796,2163924
1635289883.8707542,2457431,24931020,3760156,187070,2838324,23735721,229199146,2924126,24052348,79938,1920621
1635289883.9710083,2448017,24984007,3826989,189372,2856084,24416789,228697315,2875033,24076630,93925,1975791
1635289884.0712793,2408234,24921118,3342146,193076,2925032,24285161,228702962,2947505,24215949,90830,1806700
1635289884.171577,2515289,24256855,3412562,180529,3060203,24299301,229147023,2881895,24057486,91791,1886725
1635289884.2718828,2490486,23938242,3589034,194443,2944519,24058863,229411444,2857927,24087506,91639,2002533
1635289884.372196,2586553,23875961,3530355,205120,2798808,24020375,229161836,2816475,24284461,89471,2116132
1635289884.4725075,2664466,24053394,3872434,193707,2820174,24329316,229243896,2881839,24234895,92018,2027825
1635289884.5728285,2356508,25038672,3798312,204253,2913476,24323360,229132069,2962262,24172747,88335,1817665
1635289884.673149,2532054,25137824,3896244,185497,3002604,24177809,229062586,2847659,24198954,80778,1961535
1635289884.7734656,2470351,24628169,3944398,216510,3047281,24115453,229233763,2820996,23553199,90069,2039538
1635289884.8737938,2519359,24902858,3895732,211266,2888887,24058159,229112680,2871659,23295505,87151,2052124
1635289884.974109,2505755,24931444,3837718,215980,2823087,24191943,228763963,2949273,23259961,93707,1935963
1635289885.0744135,2423214,24796554,3823138,199057,2793418,23820700,228809476,2776865,22626429,80590,1903326
1635289885.1747358,2640963,24536955,2230597,185243,3067338,23722233,229208170,2840609,23499821,89944,2119534
1635289885.275059,3861158,22612026,2827895,202247,2739493,23045402,228794937,2862869,24440077,92820,2294873
1635289885.3753808,2475112,24817540,3785147,209677,2878501,23698299,228888420,2955838,24180370,93834,2085939
1635289885.475701,2481645,24705541,3764216,200245,2900369,22955069,229238601,2892498,24233747,93454,2039641
1635289885.5759947,2465214,24566062,3805461,197877,2884541,23211122,229222639,2837041,24511895,94608,2087883
1635289885.6763182,2337920,24736621,3847436,198540,2915913,24239988,228925604,2951665,24157027,87878,1807613
1635289885.7766411,2524906,24794894,3460629,199739,2961674,24333486,229072225,2843934,24205866,93862,2171533
1635289885.8769662,2481087,24250724,3387795,200328,2937904,24290203,229075713,2887219,24193185,95044,2084376
1635289885.9772909,2880386,24590455,229005493,2796133,23253019,81275,2018050,2586256,23790896,3682577,195494
1635289886.077616,2979913,24300033,229138833,2806575,24406917,83938,2059923,3059210,23374648,3844775,201098
1635289886.1779385,2791207,24386914,229056417,2931164,24240839,82209,1822008,2511141,23548938,3837973,200774
1635289886.3785894,2564539,24805207,3862315,201813,2724041,24264424,229141453,2901110,24359221,81232,2318929
1635289886.4789078,2526955,23146196,2815134,201948,2878158,24354735,229103021,2869455,24342583,80244,2027768
1635289886.5792358,2494753,24808688,3806656,186355,2802059,24043071,229045306,2820789,23171830,79205,2091497
1635289886.679554,2488381,24909093,3839183,205712,2914157,24465157,228960551,2875557,23397756,85364,2047079
1635289886.779865,3705404,22731542,3787172,200053,2704265,24290647,229109538,2890588,23557137,83017,2259346
1635289886.8802183,2459568,24854085,3786683,204446,2682256,24203361,229173424,2935530,23622419,80201,1854862
1635289886.9804745,2479495,24632310,3839541,188210,2884074,22717892,228991069,2846896,24181089,81068,2059393
1635289887.080737,2498804,24938400,3806074,327252,2925490,23838310,229431991,2935097,24217665,82022,1986936
1635289887.1810174,2477551,24630569,3628170,203191,2929556,23285644,229199592,2799281,24199504,80504,2060829
1635289887.2812817,2370814,24535803,4100454,211294,2864173,22767994,229688508,2770289,23934984,79963,1941687
1635289887.3815527,2739754,25280253,3869761,194309,2986061,24255601,228967179,2870392,24089651,82001,2135326
1635289887.4818516,2545033,24878522,3757414,203370,2830233,24290839,229188816,2878460,24081727,82112,1885515
1635289887.582166,2427963,24730185,3417954,196038,2885076,24020451,228938937,2929546,24196364,85559,2064582
1635289887.6824718,2472487,23705023,3348701,230970,2908987,24236190,228834653,2834000,24099585,79948,2055723
1635289887.7827804,2478988,23650624,3192934,205745,2835298,24359108,229103533,2949840,23744735,88156,2034660
1635289887.883101,2680147,23169556,3752698,211517,2970349,24320134,228867662,3010833,24120903,90228,1987565
1635289887.9834173,2642017,23842649,3643571,207898,3064089,24119418,228722893,2705354,23579581,87588,2014909
1635289888.0842586,2580000,23739625,3804493,198956,2925461,24470032,229002097,2877742,24164897,85406,2082303
1635289888.1854467,2480805,24858284,3773167,202878,2695363,23882859,228743079,2995902,23614863,85497,1999947
1635289888.3369818,2478271,24709894,3776332,208314,2979829,24179480,229044400,2926203,23564233,80236,2079850
1635289888.4373143,2533906,24777643,3770525,213209,2881989,24117385,229055598,2816055,23741002,82552,2286606
1635289888.537624,2413020,24814355,3884985,194970,2964436,24207064,229009077,2831743,23274796,83429,2277116
1635289888.63795,3092143,22707388,2362075,219716,2701502,23976869,229091460,2952760,23348817,79803,2100004
1635289888.7382774,2424429,25094462,3856170,222451,2855859,23077032,228984598,2934823,24229063,80015,2011302
1635289888.838603,2528796,24700147,3860263,237347,2936528,23139107,229123896,2842459,24260274,82168,1995563
1635289888.938928,2503987,24785953,3855910,217191,2898415,23337554,229083295,2839482,23938159,77046,2184366
1635289889.0392573,2439805,24620606,3882327,203825,2642763,24023959,229055100,2978868,24369471,84173,2312330
1635289889.1395817,2293537,22632358,2691187,199069,2760332,24061905,229095136,2885918,24088954,90230,2179232
1635289889.2398996,2487012,24736577,3799107,235438,2870209,23855122,228956513,2964677,23975044,88268,2056729
1635289889.3402383,2487153,24628515,3499908,220138,2972490,24072650,228838199,2933895,24172388,79977,1979655
1635289889.4404864,2502324,23966700,3214623,208602,2863776,24129830,229266355,2833979,24175155,80772,2084534
1635289889.5407376,2504617,23380910,3303780,195768,2995244,24191339,229491815,2814807,23940384,78036,2251413
1635289889.6409883,2559369,23404183,3458070,213090,3005745,24035839,228968868,2797920,24002411,79104,2286075
1635289889.7412705,2620124,23967898,3748724,224049,2793313,24195748,229126558,2903840,23775718,75493,1986891
1635289889.8415594,2897059,24185105,228911715,2902068,23849863,77708,2039956,2500946,24782656,3963868,229018
1635289889.9418619,2893584,24063759,229163471,2929563,23482669,76375,2081379,2435308,24646563,3862744,215973
1635289890.0421724,2912078,24001806,228933383,2932487,23684170,75706,1882607,2695508,24725825,3835727,213979
1635289890.2427893,2545801,24602522,3860875,209407,3103133,24071366,228974079,2893465,22863668,75256,1822378
1635289890.3430986,2501413,24599789,3879244,192707,2889207,23887234,229047237,2859026,23731540,78899,2044295
1635289890.4434211,2500965,24767388,3858825,211828,2952371,23273320,228829529,2929796,23804334,80535,2077805
1635289890.5437047,2517322,24974231,3883770,211535,2961488,23301710,229201544,2759456,24174022,83175,2130053
1635289890.644026,2492344,24739752,3886397,203491,3045435,21609054,229219108,2873038,23999831,80987,2234507
1635289890.744343,2499110,24711751,3854908,211355,3020849,24418836,229163453,2805568,23931976,79628,2147483
1635289890.8446708,2509861,24811463,3835379,196344,3063893,24104078,228849792,2826131,24131956,78688,2042044
1635289890.9449973,2525711,24708627,3580049,195555,2877069,23831421,229201258,2842862,23968559,79769,2129645
1635289891.0453243,2558593,24842569,3542615,179846,2970786,24281260,229091009,2813634,24241325,78890,2096131
1635289891.1456463,2444263,24640638,2874709,211303,2951051,24417911,229120268,2827510,24122465,82225,2312464
1635289891.2459736,2410924,22293325,3348028,203378,3016180,24209843,229082468,2841222,23949850,81795,2058691
1635289891.3462937,2685830,23540838,3401933,207585,3057427,23846939,229011352,2896796,24172382,83125,1948104
1635289891.4466226,2624492,23648769,3528906,188491,2876383,23856711,229155337,2804252,23236722,81286,2086055
1635289891.5469456,2627517,23849785,3892491,221577,2945732,23967112,229106568,2952631,24060465,73993,2000582
1635289891.647266,2585573,24195570,3851868,223595,2955371,23865693,229185915,2822238,24396241,77198,2036524
1635289891.7475898,2592490,25030731,3859938,220426,2877312,24215243,228588589,3005137,23098804,76636,1864329
1635289891.8478928,2545103,24724634,3877014,215516,2723914,23909727,229027690,2829850,23279567,80607,1882041
1635289891.9482157,2499938,24678493,3924141,233975,2952277,24163091,229182780,2962424,23028714,81723,2168686
1635289892.048543,3111183,23239053,2845543,237941,2827434,23884260,229197085,2885173,23216946,80182,2053462
1635289892.1488693,2508397,24797225,3840963,221569,2673512,24174021,229339292,2938774,23180647,84062,2059151
1635289892.249202,2451044,24808255,2662410,204605,2669828,22479509,229042504,2921898,23857648,80583,2141678
1635289892.3495345,2460818,24796388,3461841,226995,2682510,22729747,229125284,2911012,23997726,79552,2261762
1635289892.4498558,2469898,24763052,3656931,215972,3100787,23209429,229317279,2815892,23947323,77195,2067595
1635289892.5502138,2586857,25058431,3878644,214546,2935089,23496583,228830419,2825739,23914771,85761,2222917
1635289892.650447,2500490,24758433,3874963,174620,2980757,23807860,229053546,2895554,23999049,92427,1925815
1635289892.7506976,2523912,24931400,3456215,210646,2979633,23824509,229159197,2943747,23877083,79491,2218473
1635289892.8509588,2552741,24623650,3300768,212954,2985281,23836922,229090334,2915642,23867294,80389,1863580
1635289892.9512417,2589638,23437013,3528561,210393,2721318,23916975,229038086,2901728,24257282,81883,2032273
1635289893.0515423,2603937,23782431,3548291,243541,2859654,23890191,229275103,3014519,23878458,77782,2132135
1635289893.1518347,3174545,22451851,3512537,229738,2865096,24033734,229142179,2883862,23852728,78189,2088017
1635289893.2521477,2713201,23488218,3756643,212785,2877595,24277622,228963286,2861232,24019329,77290,2092309
1635289893.352454,3382604,22648996,3929143,213995,3018094,23854732,229269238,2844256,23769617,80327,2272396
1635289893.5030446,2499797,24673338,3891835,209410,3053006,23729745,228858301,2887879,23128700,77565,1878503
1635289893.6033342,2502548,24619912,3809970,193264,3014048,23796680,229110779,2925372,23323226,80498,2069488
1635289893.7036605,2848983,23807976,228793066,2945590,23063174,88692,2033526,2985196,23323479,3888044,241852
1635289893.8039787,2850956,23768586,229117107,2974561,23152847,87163,2030770,3662047,23575759,3843633,212622
1635289893.9043026,2827459,23388064,228962670,2975517,23412655,87799,2241338,2472207,24823497,3869369,221616
1635289894.1049516,2428446,24700707,3815547,233753,3066540,22905525,228681880,2888604,23614819,87153,2309776
1635289894.2052763,2571805,25027345,3874423,186196,2868879,23297965,229167718,2898136,24611948,85921,2065130
1635289894.3055673,2532874,23376731,2909246,214243,2893428,23325573,228696694,3061095,24165651,83191,1990727
1635289894.406369,2508192,24589112,3797561,217100,2855383,23883955,229109686,3099661,23915296,78870,2074119
1635289894.5066988,2475802,24987667,3263946,215358,2752851,22623260,229179549,2909980,24015032,89534,2319930
1635289894.6070216,2349157,23526036,3452860,212771,3415262,23965821,229042821,2876068,24072199,84170,2038842
1635289894.7073214,2533146,23960604,3506516,173949,3109867,23871856,228809781,2973168,24287521,88087,2062284
1635289894.8076408,2908526,24012202,229292878,2963132,24188937,87565,2034580,2551104,23791216,3833194,239646
1635289894.9079587,2868508,24035661,228820781,2996902,23901066,88077,2082032,2440938,24108277,3720819,225047
1635289895.0082774,2939859,24287960,229176662,2871165,23964790,81207,2286085,2382209,25038840,3894312,215351
1635289895.1085944,3095124,23749946,229181587,2975241,23789992,86523,1814206,2481467,24973239,3927033,211899
1635289895.2088883,2913439,23969537,229049579,2978190,23410914,80019,2258946,2501551,24506906,3895338,216205
1635289895.3092144,2942541,24122638,228978551,2980885,23104105,96294,1894813,2479400,23325645,2935352,239414
1635289895.4095364,2950874,24162167,229201191,2909722,22750641,89023,2247074,2516382,25109940,3801822,216886
1635289895.5098598,2987252,23988569,229159730,2918651,23076467,87824,2057253,2436358,24504907,3919292,211885
1635289895.610227,3026561,22863816,228857155,2933537,23961621,86124,2057512,2595230,24721534,3924117,216057
1635289895.7104836,2736335,21538181,228928210,2859347,24126470,88123,1980905,2496571,24622712,3916907,243409
1635289895.810727,2939831,24130481,229072838,2962977,23712088,87582,2064777,2507152,24731059,3821541,202768
1635289895.910995,2892219,23597430,229095292,2861666,23795958,83383,2142460,3136091,23440631,2378745,205545
1635289896.0112786,3072407,23283082,228919220,2854111,23744204,86919,2211496,2547309,24599476,3856143,210880
1635289896.1115694,2922895,23418839,229109362,2956305,24118133,89183,1843126,2615010,24932220,3683515,210239
1635289896.2118757,2775618,23865149,229055638,2944734,23723240,88037,2298499,2496138,24774641,3403595,193211
1635289896.312186,2839540,22616004,229278481,2853898,24074628,84430,2053954,2568161,23585262,3338664,217467
1635289896.4125006,2871917,23942635,229161675,2931396,24145218,82000,2027344,2602611,23382727,3473043,198546
1635289896.5128214,2916919,24068080,228908615,2927104,24084620,76307,2056459,2622832,23459533,3857529,229115
1635289896.6131325,2860125,23978857,229022961,2897886,23893722,82529,2008364,2494902,24954501,3845926,224960
1635289896.713453,3014581,23955285,229187941,2863863,24666897,79619,2251176,2483463,24926117,3882703,217844
1635289896.8137326,2650119,21228232,228855346,3060243,24042951,74957,1844363,2800983,20117680,467422,153119
1635289896.9140265,2889534,24101535,228912886,2898664,23870787,86734,2048547,2500436,25032016,3853069,192372
1635289897.0143406,2973868,24139546,229065018,2972529,23911103,89584,2029201,3102822,23139928,3826902,232201
1635289897.114662,2885423,24107589,228924552,2968098,23848522,88086,2012331,2470953,24788788,3715078,225458
1635289897.214961,3081997,23851037,230052606,2822035,23874793,83553,2310328,2494339,24743043,3832917,214095
1635289897.3152826,3107050,24028883,229191547,2931531,24051236,90022,2055342,2466879,24625139,3881719,244403
1635289897.515885,2905834,23980178,229188045,2960212,24061634,90984,1986929,2497161,24586580,3902422,192236
1635289897.6162055,2919672,24032829,229138776,2973549,23672416,90996,2066852,2538552,24650649,3854177,222266
1635289897.7165275,2967548,24120977,229038389,2896969,23886951,88953,2075664,2445267,24701823,3887966,224396
1635289897.9171731,2568182,24622057,3892684,217310,2852498,24075596,229345143,2899826,23712966,92199,2244099
1635289898.017475,2522466,23526335,2828467,218968,2869813,24126451,229110782,2863821,24076888,85670,2049718
1635289898.1177962,2603890,24725956,3881923,199965,2838754,23874395,228818453,3060981,23999489,88311,2016966
1635289898.2181232,2522001,24584890,3865594,214770,2942235,23903341,229169702,2894423,23937948,88208,2053026
1635289898.3184476,2411479,24825992,3970087,213987,2964783,24422878,229059985,2842653,23272385,85752,2030665
1635289898.4187539,2544160,24618331,3865066,220520,2744838,23985879,229311388,2983714,24017755,79564,2217973
1635289898.5190284,2526598,24662297,3819431,238729,3081940,24086205,228942230,2832542,23879258,78243,2045282
1635289898.670095,2908650,24105079,229080823,2928681,23917933,82831,2116218,2522411,24730095,3800165,246081
1635289898.7707698,2942932,24164174,229224898,2845640,23956600,76812,2200149,2482413,24551314,3608827,218435
1635289898.8710382,2936777,23857790,229168164,2950599,23987379,78430,1816323,2467720,24540609,3881196,223258
1635289898.9713223,2822743,23944020,229037486,2875407,23940799,72504,2713845,2587590,24978526,3837515,217386
1635289899.0716212,3081439,23666963,229206940,2957905,24199311,80522,2231658,2542532,24655797,3890141,186477
1635289899.1719317,2878980,23953242,228996372,2937416,23924887,77060,2069949,2507177,24554959,3900044,236409
1635289899.2722359,2907410,23704256,228880348,2817546,23672490,90068,2074815,2998197,23160201,3948747,218304
1635289899.3725471,2889386,24001113,229209745,3058936,24128553,86998,2243051,2572341,24638791,3860513,227036
1635289899.472863,3004755,24014386,228566243,2849505,23306605,85771,2238533,2455581,24621351,3849909,237201
1635289899.5731788,2941617,24217527,228977173,2897253,23876953,81764,1831002,3103504,23126889,2857231,197432
1635289899.6734955,3018604,23690636,229203526,2952124,23986919,83134,2237647,2515480,24741998,3811638,226838
1635289899.7738135,3035694,23832183,229203611,2821062,24024728,73791,2092816,2580521,24600832,3855702,227530
1635289899.8741415,2858986,23620713,229376140,2952166,24105881,83575,2059438,2479578,24846434,3873708,232012
1635289899.9744647,2893247,24007224,228961205,2885790,23997316,77057,2263429,2561775,24606672,3859696,212237
1635289900.0747755,3086935,23878060,229269232,2967268,24246779,81993,2241785,2509144,24439354,3834565,227739
1635289900.1750667,2867252,23977835,229281766,2907398,24012384,77512,2083101,2591005,25154103,3824441,236862
1635289900.2753942,2899346,23796159,229221216,2960700,24143712,78298,2003762,2459188,24329721,3843112,217711
1635289900.375696,2868446,23909430,229085184,2932435,23909695,75441,2168874,2476376,24600913,3869998,215216
1635289900.4760141,2957832,23354249,229086113,2888705,24056442,82828,1886512,2515835,24593957,3915845,209851
1635289900.5763032,2742169,23938803,229056350,3013176,23361034,82268,1803772,2680689,24805225,3945046,219985
1635289900.6766233,3097222,23691468,228911893,2883770,23795939,83269,2271343,2514177,24619581,3868941,202465
1635289900.7769291,2889868,23849845,229019751,3026047,23959137,77955,2063180,2510591,24601704,3882337,239492
1635289900.8772547,2976644,24229695,229381136,2854339,23812683,80215,2092938,2489318,24927295,3983713,219142
1635289900.9775817,2925953,23792925,229372101,2931571,24112679,80681,2074651,2568068,24806963,3884220,227642
1635289901.0778573,2894581,23767106,229413042,2901797,23849955,85536,2248294,2392977,24634946,3897394,229517
1635289901.178181,3008957,22670565,229107523,2804664,23843951,85972,1841134,2511218,24504477,3903114,237044
1635289901.3787909,2945294,23256955,229248775,2734327,23931233,80817,2147040,2457091,24788928,3831739,202819
1635289901.4791155,2930802,23865241,228996780,2966661,23798409,80706,2075509,2822802,24907566,3780136,239049
1635289901.5794413,2961682,24171861,229183166,2826262,24079769,76558,2206699,2478176,24678663,3728970,228750
1635289901.780138,3135544,23199684,3296947,217352,2972445,24176305,229216151,2861936,23738240,76690,2317395
1635289901.880366,2480597,24716930,3780303,238911,2896533,23821755,229003981,2865344,24120691,74618,2078733
1635289901.980618,2483139,24504320,3889575,244030,2959854,24089014,228905159,2925619,23857723,82722,2141536
1635289902.0809026,2515889,25000608,3762894,221027,2975927,23966807,229251787,2859110,23800376,75816,2268862
1635289902.1811671,2583850,24490080,3862150,230669,2743316,23835089,229169997,3005162,23772282,79559,1998579
1635289902.2814517,2464493,24810495,3789664,233447,3466735,24017124,229450695,2813951,23767904,74666,1847364
1635289902.3817499,2530483,24712059,2863499,199608,2924248,23981548,229220286,2917697,23981593,81618,2249039
1635289902.4820578,3088575,23978952,229250524,2856934,24046414,75509,2135788,2559980,24581173,3625689,220226
1635289902.5823698,2925879,23719396,229523992,2968715,23908907,80282,2088052,2481703,24283774,3911962,234829
1635289902.6826944,2924663,23934351,229356154,2855281,23975356,75306,2293062,2384259,24728838,3798462,227240
1635289902.783014,2931010,23817318,228959512,2952040,23794741,90446,1812508,2547794,24620727,3863998,220577
1635289902.883329,3049152,23968041,229140334,2816377,24040901,85124,2235031,2540619,24804144,3759799,242878
1635289902.9836473,2915482,23860619,229203487,2965845,23996693,82101,2048931,2507195,24573196,3850279,253115
1635289903.0839677,2844915,23449906,229281724,2871994,23655590,86350,2219550,2488483,24626984,3805332,221176
1635289903.1842964,2686313,20227162,229262100,2660289,23917093,78261,2247003,2550283,24410652,3879030,217059
1635289903.2846181,2735540,24065305,228770677,3039655,23869503,89261,1859363,2669003,24953565,3926347,224302
1635289903.384946,3053183,23480384,229398907,2548015,20311917,76765,2217864,2511972,24697832,3810776,241853
1635289903.4852538,2953300,23743372,229178052,2831110,23961842,77534,2003723,2574204,24734406,3915843,234559
1635289903.5855472,2901056,24048033,229280516,2950189,23777205,88114,2139937,2522090,24817860,3813986,232586
1635289903.6858525,3002776,24292270,229282305,2815112,23826868,82762,2264479,2593871,24385892,3795740,217603
1635289903.8363004,2766122,23016643,229059821,2948185,23898602,86501,1994691,2467365,24993315,3868215,226765
1635289903.9366298,2860483,23802658,229193445,2758041,23163515,81467,1922416,2551054,24742397,3804672,211644
1635289904.0369399,2823863,23837556,229024765,2956515,23824070,78565,2181875,2572479,24548823,3866469,196511
1635289904.137256,3018096,23917833,229477774,2828133,23921065,74013,2270446,2487183,25032211,3839227,215380
1635289904.2375844,2945297,23870192,229185318,2940376,23798556,74561,2055300,2523734,24678891,3806956,239009
1635289904.3379064,2937495,24003110,228785301,2806590,23540142,77173,2258310,3638989,22350879,3711621,227056
1635289904.438221,2888626,24099603,229086714,2984596,24024754,77557,1891195,2460414,24360126,3818835,217552
1635289904.5385332,3085144,24055454,229020980,2900258,23746301,79431,2316284,2479178,24650037,3837013,237251
1635289904.6388485,2902893,23859765,229525816,2963566,24190762,78722,2035473,2536272,24675140,3893692,248119
1635289904.7391744,2974941,24368988,229394409,2885538,23730525,82752,2140310,2466261,24885006,3960193,221634
1635289904.8394904,2895157,23709726,229121653,2913166,24261450,79719,2076529,2692351,24918860,3854208,229269
1635289904.9398057,2857484,24220821,229626689,2984721,23882842,79738,2301834,2541069,24682006,3896612,213780
1635289905.040138,3132606,23727174,229107818,2968034,24014382,81569,2268482,2522537,24797886,3893969,238461
1635289905.2406073,2903889,23941473,229162248,2959523,23228530,76715,2107880,2528680,24656469,3907349,250962
1635289905.3408515,2964735,24209132,229401966,2860729,24137219,80141,2197385,2456958,24973493,3860834,223176
1635289905.4411354,2920235,23999219,229093306,2963604,23935847,79631,2309022,2564652,24730942,3864511,231550
1635289905.6417198,2376216,24600625,3661952,227600,2641152,24094510,229361646,3003840,23975814,75700,1831021
1635289905.742034,2511632,24791154,3936362,253348,2875276,22941742,229317565,2869839,24218513,80018,2029702
1635289905.842297,2608488,25184244,3811758,184808,2928824,24022169,229104227,2944306,23997773,81851,2078229
1635289905.9424305,2519718,24773150,3860729,217956,2972450,23819183,229265466,2835321,24157485,73692,2183659
1635289906.0425644,2571764,24766869,3881530,225120,2917149,23816645,229416655,3055863,23989223,77749,2192301
1635289906.142705,2458679,24894532,3872602,231961,3298442,24471814,229384484,2934386,24030958,78678,1837748
1635289906.2428463,2507845,24821034,3865899,244509,2729992,24156698,229079307,2890094,23374710,82646,2015913
1635289906.3429794,2925159,24136296,229427770,2958588,24043013,81521,2004701,2530148,24677979,3627438,191065
1635289906.4431202,2855289,24119084,229299842,2946165,24110813,80397,2073376,2529069,24482793,3862629,210768
1635289906.5432563,2950497,23781090,229119763,2963255,24147528,89577,1837177,2226194,24422701,3830578,213133
1635289906.643391,2824072,23979532,229095348,2899664,23947800,85744,2371875,2511906,24734130,3860335,218974
1635289906.7435238,2944899,23933865,229295504,2968880,23931183,89648,2113084,2508441,24630894,3887878,197166
1635289906.8436587,3085682,24117925,229277738,2852465,23793319,91124,2188534,2526923,25103784,3811036,217035
1635289906.943794,2986978,23940432,229108170,2945602,24149199,87836,2029074,2535152,24531760,3837495,237897
1635289907.0439293,2978320,24355359,229205669,2908093,23806743,88470,2051163,2442134,24573299,3920202,224139
1635289907.1440692,2751797,24101799,228981123,3032789,23898803,87778,1867410,2666935,25026262,3969806,220718
1635289907.2442076,3117041,23761311,229325375,2879786,24094658,86531,2275755,2568829,24796906,3886194,188183
1635289907.3443425,3001103,23793002,229345583,2989780,24198282,86970,2226487,2535973,25098359,3883569,245245
1635289907.444486,3054589,24037830,229244440,2855586,23952724,79131,2131308,2567400,24624620,3903756,225393
1635289907.5446236,2903767,24060301,229325035,2827591,23042119,87815,2048074,2483216,24979276,3884313,243068
1635289907.644757,3053294,24337544,230837243,2869030,24113148,86611,2227239,3716748,22299756,2461151,221387
1635289907.7449121,2919885,23778874,229640381,2926355,24049526,80996,2280165,2513654,24557936,3884541,236201
1635289907.8450556,3101442,23452230,229635354,2853708,22699477,61138,1857510,2534991,24748723,3924229,242476
1635289907.945187,2891373,23330119,229025892,2930530,23913857,76726,2035239,2593804,24755742,3879647,234143
1635289908.045326,2961682,23994617,229065310,2854707,24149538,75006,2226080,3221821,23394154,3857177,221239
1635289908.1454692,2942169,23692322,229014282,2966588,23971862,77849,2174282,2559734,24749832,3857792,233304
1635289908.295749,3006731,24188937,229097391,2872268,23917566,78285,2588899,2463351,24895578,3882133,248746
1635289908.3958774,2742795,23960845,229202084,2973184,24069913,79080,1851046,2510511,24651350,3889377,251704
1635289908.496002,2901245,24024024,229068252,2905979,23908537,77985,2077173,3039290,23642267,2927698,194969
1635289908.5961277,2807544,23388734,229025099,3089919,24102982,88127,1991937,2511141,24594242,3853606,217037
1635289908.696252,2980857,24011415,229298231,2969553,24102855,75054,2026947,2573009,24795024,3907200,218244
1635289908.796377,2722842,23695677,229534589,2959061,24293576,80408,1826879,2486444,24824786,3791852,231818
1635289908.896502,2911314,24026835,228908332,2853409,23897596,72939,1886358,2531905,24692887,3852625,202033
1635289909.0967522,2905129,24226117,229225444,2983429,24073672,80000,2002356,2522920,24790498,3916973,190261
1635289909.196891,2852611,24015477,229069134,2989192,24159961,78789,2016105,2490457,24603634,3862499,216853
1635289909.2970178,2954300,23796766,228907806,2985481,24238343,80584,1861608,2585698,24607105,3872455,212139
1635289909.497269,2486623,25014388,3854479,223144,2786519,24012208,229095526,2932631,23955145,75535,1925367
1635289909.5973969,2548277,24543962,3870459,197380,2940615,24027600,229121922,2876683,23845017,78445,2104442
1635289909.6975222,2525263,25038129,3864436,197089,2901946,23912298,228913596,2948636,23949921,76808,2056908
1635289909.797648,2528418,24712621,3855850,222850,2937578,24010917,229173470,2888149,22944651,71715,2045508
1635289909.897774,2334120,24617847,4002407,224263,2466404,18805150,229373034,3020511,24121352,79760,1856037
1635289909.9979007,2681275,24864651,3938826,223292,2109520,16309532,229374653,2018234,17164594,53478,1570767
1635289910.0980449,3056615,16294432,462110,180856,2317725,17113653,228878709,2205473,19819555,83245,2078930
1635289910.198177,2630181,23536529,3343388,328864,3011902,24384388,229694502,2851155,24087282,76548,2050479
1635289910.2983053,2516424,24711757,3839508,201178,2860294,24017813,229071088,2941796,23787983,77770,2058160
1635289910.3984318,2437700,24636575,3977353,222342,2950971,24122767,229293374,2939827,24048216,79316,1852563
1635289910.4985585,2783721,24992264,3978762,212984,2682525,23324041,229152255,2930104,23579624,77215,2455827
1635289910.5986843,2617190,25127610,3870763,222056,3031694,23688933,229137081,2958526,24143878,78494,2248505
1635289910.698811,2541468,24689644,3881104,186140,3020186,23938453,229235906,2852791,24144089,76565,2236766
1635289910.7989368,2507784,24784114,3852961,244094,2853212,23801733,229159657,2982599,24275412,79439,2069811
1635289910.899063,2560494,24645856,2327552,220325,2937183,24357129,229260633,2904158,23761568,77185,2064785
1635289910.9991896,2502921,24804133,3724741,227502,2925895,24292489,228542789,2896759,24129580,73390,2340538
1635289911.0993152,2499908,24606914,3842695,221747,3116564,24005452,229421579,2916612,23911506,80009,2215379
1635289911.1994486,2530839,25031662,3892885,239674,2971956,24069861,229284582,3004048,23932540,79492,2073128
1635289911.2995763,2532471,24647447,3869047,243286,2912289,24217914,229448300,2957157,24139280,81693,2133395
1635289911.399704,2554189,24748786,3875450,224225,2911159,23898531,229473184,2981444,24211194,80212,2092805
1635289911.4998322,2514248,24639735,3843727,221599,2968661,24173415,229110450,2917018,24007844,74685,2281136
1635289911.5999594,2493589,24619716,3811255,216844,3019507,23955167,229154763,2975642,23985093,81062,2228410
1635289911.7000806,2514077,24766661,3880872,233396,3079064,24066165,228973101,2845170,23889959,76846,2081197
1635289911.80021,2472477,24799495,3801979,241110,2912952,24086093,228947757,2939857,23840512,81572,2037756
1635289911.9003413,2513764,24690820,3903849,252793,2962495,24207607,229143543,2939131,23959185,80206,2091872
1635289912.0004716,2497188,24811701,3976128,222247,2813474,24154503,229138354,2952118,23872078,74674,2337171
1635289912.1005998,2580725,24780992,3874618,226970,3095213,23902274,229130321,2973977,24080441,83963,2470108
1635289912.2007353,2537529,24594105,3912760,219806,3053113,24137897,229213339,2919997,24149802,79096,2145446
1635289912.3008661,2533579,25077144,3875786,250557,2911988,23954536,229158165,2909764,24140114,77301,2081821
1635289912.45114,2543704,24635852,3921886,261631,2963235,24025433,228970089,2829483,24043094,79771,2131219
1635289912.551267,2523726,24780456,3899709,223103,2953310,24185658,228999941,2881675,23813980,84063,2186812
1635289912.6513927,2606111,24649343,3882922,230307,2943654,24071209,229576440,2954999,23839469,87436,2286785
1635289912.751518,2354372,24581241,3879386,235143,3108526,23760191,229048850,2927187,24005277,88347,1832392
1635289912.8516428,2533816,24754260,4018342,254394,2699816,23889871,229168077,2962014,23920343,83678,2072215
1635289912.951768,2886712,23785691,229246701,2947404,24260450,80922,2082554,2531615,24569690,3938013,202486
1635289913.051893,2844556,23786049,229256393,2964515,24117700,77130,2124623,2439212,21182147,2349625,219296
1635289913.1520262,2934348,23948649,229251982,2986994,24072647,81521,1917142,2567808,24765215,3883629,224552
1635289913.3522844,2475499,24957420,3822153,242197,2767003,24341672,229086696,2982506,23960630,76784,1849537
1635289913.4524171,2545159,24833902,3901814,227526,2906132,24030993,229149709,2887348,24038295,78860,2072504
1635289913.5525467,2460557,24783558,3860904,191437,2832749,23976167,229061477,3047828,24278044,79600,1984526
1635289913.6526752,2535455,24657030,3891010,218972,2959108,24064170,229240419,2884319,24141187,80154,2067659
1635289913.7528028,2533101,24697411,3899884,217588,2815996,23213094,229197329,3059092,24329659,80355,1829152
1635289913.8529296,2505509,24911507,3821212,228993,3706452,24308147,228761617,2830588,23613277,74134,1890124
1635289913.9530566,2546850,24710226,3890083,197618,2992889,23827728,229068593,2951227,23922641,92649,2191190
1635289914.0531845,2519960,24794933,3844318,323761,3092376,24138587,229578596,2882874,24089967,78046,2042549
1635289914.1533186,2556895,24751102,3847900,222799,2853826,23706064,228850946,2961130,23732968,80580,2068910
1635289914.2534528,2451081,24435571,3956796,241060,2939369,24402657,229019265,2960787,23967383,79269,1912347
1635289914.3535824,2636321,25072898,3888716,214042,2730920,24092627,228930085,2979325,23988462,79403,2503268
1635289914.4537141,2589591,24830813,3814296,223905,3096083,23714853,229124838,2954859,24082225,85413,2197488
1635289914.5538425,3253533,23004121,2864527,206746,2882362,23945955,229026330,2982487,23231565,64844,2008738
1635289914.65397,2492022,24548956,3927268,240828,2981940,24003632,229300818,2984422,24033619,85273,2058801
1635289914.7540972,2451804,24825592,3984654,221295,2865540,24113254,229042969,3022543,24074882,78870,2079252
1635289914.854225,2555223,24726276,3883014,226981,3124398,23915570,228852712,2907028,24409857,77345,2286591
1635289914.954353,2542813,24484623,3864217,219480,3093749,23939554,229287948,2905835,23970282,91784,2243745
1635289915.0544806,2532647,24900603,3869226,240631,2968964,24084107,229185604,2875335,23869047,80976,2046840
1635289915.1546144,2545093,24710427,3901833,254230,2888057,24114066,229208865,2974482,24025113,88033,2074260
1635289915.2547448,3060585,23352050,3799267,227847,3099370,23955107,229231309,2848812,23821801,84910,2255730
1635289915.3548725,2596478,24504725,3870167,222793,2903308,24082415,229199980,2940244,23755072,88199,2265667
1635289915.455005,2458331,24678488,3880677,244453,3087416,23985680,229353835,2931669,23905002,86038,1831031
1635289915.5551355,2543912,24561857,3895100,248266,2754258,24118338,229104245,2948213,23778396,81985,2017895
1635289915.6552627,2515154,23868620,3656031,227743,2923894,24112007,229238531,2959133,24007692,76938,2034365
1635289915.7553897,2438891,24647040,3867439,190562,2870957,23910034,229224833,2980161,23918517,77072,2079866
1635289915.855517,2551545,24736463,3840887,221338,2943756,23819908,229105982,2939226,24238736,91669,1841906
1635289915.9556441,2439092,24539849,3902666,216307,2717367,23989436,229153049,3013088,23939732,83436,1854176
1635289916.0557716,2672469,24666418,3913816,221953,3099647,23803012,229288637,2909485,24159532,86969,2318694
1635289916.1559057,2560379,24731199,3877326,178680,3032298,23951687,228796805,2946745,23806795,85925,2235832
1635289916.256038,2474165,24542589,3818660,239065,2981448,23972917,229361246,2906424,24130390,83260,2145373
1635289916.356166,2554834,24728513,3879410,237744,2881569,23982117,229228964,2993547,24035331,88121,2065271
1635289916.4562964,2468679,24782245,3861102,228935,3184030,24060460,229468025,2834219,24061248,86545,2185782
1635289916.5564246,2605044,24562478,3908723,222268,2757521,24286965,229119109,2980609,23676811,88518,2228439
1635289916.7071884,3085009,23363773,3862896,239349,3101177,23934288,229045485,2894540,23931397,80326,2072974
1635289916.8073142,2916674,24069223,229285103,2969225,23824261,84863,2121109,2519836,25137754,3907153,252317
1635289916.9074402,2973385,24005529,229236699,2962768,24172752,81827,2085933,2430965,25014955,3999000,221967
1635289917.007565,2748884,24019056,229104151,2969507,23980340,80423,2278419,2616492,24885491,2347316,221660
1635289917.2078228,2528893,24879512,3895469,209797,2952414,23969892,229127029,2904294,23889317,83472,2207251
1635289917.3079498,2500203,24621817,3896517,242141,2935003,23791260,229809909,2967158,23852759,91579,2078632
1635289917.4080763,2569597,24512522,3875296,242637,2981773,24221564,229153172,2896140,23837533,90205,2099945
1635289917.5082028,2547892,24964728,3864323,224482,2984026,23762585,229127879,2901945,24194857,86021,2223663
1635289917.608329,2563468,24662962,3867494,232752,3057796,23796976,229185700,2870601,24005229,87792,2253262
1635289917.7084541,2449614,24550945,3873582,248112,2585033,24122456,228663455,2948150,24063874,86825,1838431
1635289917.8085787,2523124,24701267,3888081,253927,2743315,24087288,229132402,2965028,23888270,89789,2068209
1635289917.908704,2521763,24634940,3834214,172176,2912392,23966000,229406960,2968966,24070356,87634,2027550
1635289918.008829,2524871,24693411,3824523,193787,2836493,23957092,229123834,2983763,23971796,84910,2052265
1635289918.1089542,2482025,24663315,3843189,213912,2974245,24032934,229268943,2950234,24182875,88188,1803110
1635289918.2090864,2506793,24632243,3891541,222007,2890628,24010301,229242479,2855919,24073936,82773,1829446
1635289918.3092139,2462907,24728055,3845806,221951,2790475,24197295,229228504,2976940,23960002,90616,1937425
1635289918.4093406,2559301,24526575,3901962,198923,2968132,24201043,229140301,2951875,24037995,92751,2097653
1635289918.5094647,2521746,24934013,3873803,194445,2929908,24079612,229239294,2975319,23884558,84863,2069292
1635289918.609591,2550085,24882456,3864563,224533,2968320,24015299,229098290,2886329,23842276,81012,2044889
1635289918.709717,2337709,24581132,4045083,221531,2746663,24054193,228925131,3013553,23999409,86119,1841108
1635289918.80984,2585879,24887982,3907821,220517,3024314,24155228,229259847,2872510,23854459,88997,2280266
1635289918.9099627,2553362,24757348,3886034,189106,2945504,23746228,229250339,3004451,24160005,90452,2215357
1635289919.010078,2513748,24663772,3877258,237537,3000199,24082332,229250975,2875841,23875672,84747,2136277
1635289919.1102006,2599129,24948009,3909461,220394,2910688,23953644,229444698,2969346,24021845,86176,2061415
1635289919.2103293,2470170,24837499,3853572,247332,3088818,24194032,229230979,2859736,23971011,83894,2061942
1635289919.3104527,2600656,24641748,3910500,223197,2881796,23996995,229207169,2939549,23835766,90883,2296899
1635289919.4105763,2494698,24845693,3960416,228159,2968191,23877186,229296522,2880198,23404850,86226,2074891
1635289919.5107002,2527631,24650563,3936797,183651,2885073,23877485,229151939,2983802,23945193,90738,2204912
1635289919.610824,2585173,24905043,3893837,241087,2947161,23975211,229148950,2980223,24257502,77365,2045462
1635289919.7109473,2526138,24877453,3850794,222953,2863280,23747583,228947084,2928157,24000483,76856,2128085
1635289919.8110712,2544534,24813381,3860892,231690,3077166,24085276,228933997,2986770,24275973,90730,1851983
1635289919.911194,2546860,24526417,3871083,220403,2704604,23031859,229093880,2924550,23690797,89270,2272779
1635289920.0113173,2520014,24865151,3833600,240531,2907054,23991433,228799811,2894051,23969378,79407,2076451
1635289920.1114411,2542789,24595012,3874089,242190,2949816,24027598,229481559,2912960,24051467,81272,2151656
1635289920.2115707,2514220,25073782,3891604,224797,2925210,24002820,229103414,2946326,24077104,79159,2162838
1635289920.3116949,2572307,24836573,3881223,232213,2929826,24158017,229444458,2971978,24079990,82171,2182352
1635289920.4118183,2341374,24612761,3834630,236693,3086543,23740983,229207231,2962757,24187335,81462,1892079
1635289920.5119412,2537353,24643213,3970582,251833,2693547,24181224,229407303,2925901,23562057,81830,2097178
1635289920.6120648,2917842,23944167,229106229,2978453,24182575,80256,2142756,2521374,24594420,3836954,201590
1635289920.712189,2927223,24003478,229365278,2930639,24111363,76044,2219245,2293438,25064276,3842900,219907
1635289920.8123116,2956759,23819900,228813759,2980960,24033820,88174,2016905,2619148,24738158,3834004,228104
1635289921.0626676,2473257,24663465,3814037,237442,2745494,24445776,229113691,2954222,23987073,86544,1839703
1635289921.1627991,2524525,24647447,3885371,235781,2932096,24221632,229113352,2865427,23759291,87053,2064563
1635289921.2629294,2493639,24695240,2839386,189231,2867326,23961175,228988446,3072405,24023162,90133,2002528
1635289921.3630557,2496745,24832024,3883263,217184,2976298,24081239,229171414,2884427,23897512,87635,2063110
1635289921.4635305,2467239,24531700,3904739,213015,2697808,23390522,229285494,3089747,24130865,89387,1863231
1635289921.563656,2605884,24798004,3918732,222712,4282372,24277036,228754869,2969844,23822782,86879,2261251
1635289921.663781,2613378,24861074,3891099,191406,3129641,23820717,229181979,2916765,24065997,87089,2279607
1635289921.7639055,2501367,24766967,3845004,372286,3093919,24205323,229275036,2838702,23879793,83519,2143821
1635289921.8640296,2529244,24570642,3836509,244219,2887222,23814635,229184008,2954177,23835552,86770,2058757
1635289921.964153,2453471,24432634,3945909,241334,2947190,24013305,229084489,2877357,23957927,80671,2157055
1635289922.0642774,2567259,25199149,3844313,211040,2934112,24275775,229276019,2971006,23933561,87036,2417540
1635289922.1644099,2583678,24657097,3891109,221865,3032495,23740907,229226074,2940046,24071562,87914,2222984
1635289922.2645397,2388905,24653184,3905559,222512,2884542,23919953,229276983,2972129,24008480,81419,2028609
1635289922.3646724,2528760,24584678,3911176,244957,2928052,23884395,229078648,2992002,24164160,95817,2050081
1635289922.4647977,2567368,24730414,3845053,221362,2897870,23843248,229170615,2954839,24072771,86401,2076344
1635289922.564923,2528419,24832899,3862324,230594,3107718,23889195,228711146,2904630,24312630,82909,2263392
1635289922.665048,3582785,22748316,2984676,216972,3066012,23898749,229330798,2912330,23903631,80216,2259596
1635289922.765171,2533064,24711537,3793095,244076,2952283,24074790,229260049,2856249,24123843,73045,2092530
1635289922.8652954,2503862,24670632,3835855,256607,2856205,24167629,229113156,2974510,23925227,81792,2169936
1635289922.9654193,2483575,24631132,3887819,221552,3008994,23968838,229324623,2898188,23900177,89257,2187108
1635289923.0655427,2576497,24731013,3877818,222431,2883427,23972535,229217243,2983007,24000147,87519,2262997
1635289923.1656723,2341804,24535291,3814543,232892,2990759,22883791,229037545,2967707,23978562,82008,1855893
1635289923.2657998,2515122,24462886,3920279,249666,2733403,24098011,229030686,2954105,23974239,81117,2083567
1635289923.365925,2526025,24919319,3858037,276592,2921024,23948617,229229452,2980925,24155351,80366,2031496
1635289923.4660501,2502239,24632483,3925905,201162,2939802,24189576,229284643,2881984,24066060,77109,2249953
1635289923.5661764,2534223,24941217,3873801,220261,2977102,23938703,229116404,2980695,24068682,76079,2216834
1635289923.666302,2578964,24709586,3889762,234825,3036546,24077072,228963697,2878422,23677675,76488,3523287
1635289923.766427,2454922,24658776,3850317,245905,2739060,24236316,229156731,3051998,24005752,77543,1842838
1635289923.866552,2496815,24757405,2847298,251886,2930976,24059323,228958185,2958924,24187831,81021,2087704
1635289923.9666772,2443194,24776941,3868008,197392,2735858,23806643,228758721,3037999,24249666,83982,2046635
1635289924.0668025,2491596,24450856,2366199,207901,2989419,24195909,229068634,2907280,23886514,75545,2014198
1635289924.1669326,2448067,24621835,3979280,216398,2802510,24186060,229479861,2977210,24269481,84871,1861743
1635289924.2670617,2511819,25047996,3865117,220975,2933038,24149970,229169852,2907267,24101605,76409,1964800
1635289924.3671887,2527521,24669637,3879883,198978,2878368,24232885,229247935,2953031,24122715,80827,2167288
1635289924.4673152,2975253,24157616,229206624,2951437,24076818,78027,2031168,2531726,24822023,3835846,198086
1635289924.5674396,2823781,24196361,229472156,2984835,24095961,82657,2064979,2264030,24335217,3826728,216539
1635289924.6675653,2945998,23936563,229169572,2972874,24217133,76729,1862651,2522412,24796201,3846222,212920
1635289924.8678164,2644088,24991055,3891669,221710,3137246,24019851,229125701,2945421,24309743,92526,2232874
1635289924.9679408,2615917,24802457,3865966,190952,3082308,23996361,229277311,2893601,23920480,84828,2285247
1635289925.0680666,2514549,24787582,3799036,234361,2959961,24028243,229175148,2892808,24072686,73511,2128624
1635289925.2185597,2552912,24710225,3811843,240898,2976344,24156227,229035705,2912349,23801364,79206,2074959
1635289925.3186855,2444029,22330135,2305506,223251,2871634,24367471,229303931,2997821,24049362,78930,2029238
1635289925.4188118,2567022,25098508,3870384,222609,2581566,23917388,228685604,2977034,23856387,79198,2297082
1635289925.5189373,2508498,24633720,3828081,208335,3071813,23916797,229369159,2951416,24003128,80536,2046091
1635289925.6190612,2517193,24112874,3748957,204179,2885660,24139149,229504223,2979565,24058457,81468,2154989
1635289925.7191858,2569655,24683997,3654979,255880,2999270,23862344,228920889,2974740,24132978,88033,2072376
1635289925.8193095,2522270,24345648,3983496,223592,2930072,24021471,229209363,2912850,24009311,80777,2293052
1635289925.9194324,2438824,25428842,3938360,226833,3036109,22907831,229181482,2899299,24008743,90727,2081372
1635289926.019556,2558292,24883843,3950167,220734,3088258,24068036,229291203,2837080,24010940,84635,2319043
1635289926.1196797,2564885,24935393,3798030,243383,2900699,23946625,229203514,2976272,23725396,83908,2102050
1635289926.2198083,2551832,24786876,3905679,261502,2961847,24421711,229155143,2981619,23677403,87109,2106564
1635289926.319933,2510587,24867363,3939119,223853,2889395,24061699,229241553,3047705,24240408,80121,2110507
1635289926.4200778,2591957,24990851,3887306,231338,3112995,23865737,228859700,2910864,24160907,79419,2316903
1635289926.520203,2538758,25013611,3921137,219588,2814930,23925948,229276466,2862039,22938809,78177,1943398
1635289926.6203303,2534213,24806812,3958249,250552,2946166,24068329,229271090,2898121,24206000,77357,2061216
1635289926.7204566,2602764,24841299,3899072,234019,2901100,24036894,229251130,2985043,24083703,82266,2153424
1635289926.8205822,2530095,24904954,3832276,226417,3047788,24234012,229209788,2867177,24033684,78736,2246374
1635289926.9207087,2590844,24647341,3882471,223340,2913051,24151411,229344996,2983885,23814728,82341,2316258
1635289927.020835,2361282,22862852,2366765,223337,3114560,24171589,229127171,2980101,23910898,79778,1864846
1635289927.1209607,2534143,24786140,3944996,247623,2729271,24244557,229173545,3004681,24180622,81849,2051634
1635289927.2210944,2540900,24874397,3890748,284686,2929399,23841145,229341756,2983945,24366164,84482,2045784
1635289927.3212216,2566845,24667950,3954206,203178,2924574,24187566,229188197,2810108,23271013,82129,2272309
1635289927.4213452,2519252,23201892,2355273,222165,2981609,23870226,229038506,2976838,24093788,80032,1964451
1635289927.5214682,2585649,24595257,3903975,226786,2910533,24000144,228963395,2849056,23735996,76420,2731100
1635289927.6215904,2484734,25207838,3805260,233829,2731312,24226542,229104806,2906221,22724860,79009,1834255
1635289927.7217116,2537665,24598291,3920553,198630,2949701,24217230,228954988,2917390,23624104,79760,2117975
1635289927.8218334,2533274,24862153,3913301,191847,2870491,23954791,229177175,3141143,24189964,81846,2033348
1635289927.9219544,2520395,24764150,3862458,218083,3020712,24133077,229058909,2901844,23866936,82637,2089178
1635289928.022075,2499309,24707144,3916581,212660,2758096,24261771,229412387,2981450,24288840,85738,1870916
1635289928.1221952,2476114,25145300,3864075,215456,3098906,24022954,229175083,2863270,23985564,73592,1887264
1635289928.222316,2492654,24684552,3907283,202561,2748955,24273261,229307337,2981918,24023797,80884,2085220
1635289928.3224368,2946494,24204018,229372628,2979313,24091369,82532,2024814,2522446,24764400,3882016,190285
1635289928.422559,2864335,24149059,229105149,2965587,23923332,83624,2078005,2262249,24314435,3870548,215686
1635289928.522681,2987680,23968375,229214650,2977864,24100797,88673,1825653,2548508,24753084,3900211,211947
1635289928.722926,2397096,24984508,3822619,222469,3108459,23794368,228732956,2970984,24074341,88391,2173997
1635289928.8230467,2557385,24451015,3862243,192618,3097478,24054492,228930178,2868323,23545081,85107,2243355
1635289928.9231682,2500731,24662861,3845243,237634,2986758,24155588,229228004,2869342,24139895,76366,2163622
1635289929.0232897,2512493,24574522,3899319,252069,2984964,24310456,229112904,2906189,23766845,82179,2072472
1635289929.1234112,2458026,24803102,3937768,226530,2747639,24009074,228692337,3059098,24072175,81861,1886987
1635289929.2235336,2553200,25299795,3892272,221828,2997263,23563973,229128333,2998778,23908639,82523,2290808
1635289929.3236544,2562101,24832775,3900736,188381,3234188,23662084,229163065,2981974,24291236,79722,2233193
1635289929.4743412,2510237,24788820,3855600,371501,3121196,24251310,229431608,2864934,24074859,77706,2146079
1635289929.5744648,2498145,24654536,3893366,234198,2897127,24127155,229271499,2965475,23904728,79005,2104567
1635289929.6745856,2469003,24957849,3989215,242983,2965866,24244611,229278452,2953571,24183804,80993,1899044
1635289929.7747076,2674342,25213895,3974127,215587,2798383,24217185,229131217,2955269,23908634,76738,2320788
1635289929.8748283,2584742,24923883,3902518,218742,3065475,24043602,229074229,2952020,23875606,87230,2202644
1635289929.9749498,2424209,24864599,3909555,229337,2937603,24672976,242743990,2594850,21911269,100877,2142841
1635289930.0750718,2676958,26095586,4128924,263163,2938521,24168120,229038791,2850851,23723931,79425,2250404
1635289930.1751938,2501834,24752934,3868294,215857,2974638,23711971,229173054,2843957,24303630,84171,2184856
1635289930.275317,3698421,22403172,3904699,216821,2811834,23881226,228830648,2982038,23865454,87836,1825195
1635289930.3754385,2498655,24744552,3804119,227590,2773588,24199945,229256939,3028470,24217677,80288,1873544
1635289930.4755597,2535493,24671837,3926251,201768,2964242,23896120,229210996,2865195,23786873,88576,2028868
1635289930.575681,2531148,24969498,3704809,195252,2961975,23443873,229075321,2879459,23995683,77164,2104017
1635289930.6758015,2525871,24677347,3849832,229270,2919840,24242717,228926666,2965837,24065922,81024,2062506
1635289930.7759218,2444615,24607962,3957844,222421,2891676,23966326,229469060,2977755,24165314,80390,1859782
1635289930.876042,2567165,24798710,3913085,219194,2835372,23901724,229350908,2902990,24019239,77357,2001843
1635289930.976163,3183164,23016951,3862430,195505,3041160,23543447,229017874,2973639,24037455,88614,2266392
1635289931.0762832,2571238,24931115,3898591,204347,3053372,24010294,229263225,2864250,24018553,81184,2207983
1635289931.1764047,2488125,24754567,3850961,235583,2979958,23755937,229300019,2950492,24073443,88960,2016009
1635289931.2765257,2568650,24532318,3903371,239419,2970464,24178715,229325348,2983486,24053428,96986,1845752
1635289931.3766465,2485054,24753298,3945379,228759,2755850,24057517,229054622,2985457,24039259,82017,1812741
1635289931.4767687,2588093,24856827,3912515,222846,3048492,23699701,229301446,2901743,24035784,89847,2269021
1635289931.5768902,2538737,24643650,3882424,186611,2996401,23888077,228929906,2977778,24014185,88746,2178093
1635289931.6770132,2533951,24853461,3869455,238353,2962252,23812068,229174896,2905314,24126154,82340,2121185
1635289931.7771347,2551096,24635658,3885622,244376,2852350,23938975,229184621,2982047,24052661,88005,2048675
1635289931.877255,2472253,24696463,3846217,228568,3134574,24175995,229442598,2893586,24035141,86080,2108762
1635289931.9773753,2590313,24787535,3908128,221999,2757595,24134214,229184631,2964634,23877170,88040,2291941
1635289932.077499,2492859,24805830,3881574,211644,3037333,23706627,229324936,2971333,24234948,85688,2076003
1635289932.1776202,2909955,23866722,229419920,2963171,23990711,84022,2142216,2608367,24854333,3822703,239530
1635289932.2777426,2970489,23683598,229318949,2924046,24193763,87516,2052438,2503350,24794920,3944766,235623
1635289932.3778634,2952314,24114596,229254581,2837577,23976143,82661,2340521,2487224,24815208,3783407,227010
1635289932.578104,2612422,24568066,3923390,222852,3054943,23902751,229256146,2973365,24012492,98284,2299426
1635289932.6782255,2467903,24709692,3889188,221245,2876381,23938544,229200517,3007565,24142268,88034,2040302
1635289932.7783465,2536129,24727568,3963625,242167,2952287,23732709,229142278,2891920,24417012,78979,2167758
1635289932.8784666,2592215,24752271,3877944,232607,2944539,23993166,229260575,2876101,24282633,79053,2054021
1635289932.978587,2513202,24943232,3864531,230006,2978821,24664248,228824153,2894722,24184496,73250,2280781
1635289933.0787072,2593022,24682772,3898112,223016,2627664,23757462,229193175,2960273,23769190,89182,2293699
1635289933.1788292,2492966,24907503,3888821,231892,3010077,23928649,229228953,2966406,24077327,90389,2036009
1635289933.278952,2528963,24768430,3959669,222714,2898288,23990467,229433160,2976731,23950529,88565,2140816
1635289933.379072,2551480,24715383,3774365,259844,2983542,23734105,229100794,2942035,24255155,92266,2038571
1635289933.4791925,2515627,24588659,4009269,225419,2915554,23944085,229246916,2890160,24053700,73411,2298462
1635289933.5793126,2563561,24959607,3916124,217614,2981303,24146671,229259355,2976116,24057199,79116,2303610
1635289933.730105,2553707,24656147,3916941,218890,3019026,23898507,229038204,2894434,24089256,75675,2235366
1635289933.8302612,2488828,24731264,3840018,240160,2917687,24104100,229453964,2950338,23893253,74887,2044352
1635289933.930382,2564395,24879632,3903873,246777,2967551,23951693,228897956,2922246,24127710,84082,2058908
1635289934.030504,2501450,24697310,3957691,221484,2885675,23886602,229152544,3002083,24126540,78700,2101098
1635289934.130625,2631365,24773379,3845419,228851,3049887,23947898,229003880,2876059,24453332,74959,2280084
1635289934.230749,2548067,24589128,3883252,218025,3004622,23888926,229054663,2914976,23811124,79847,2301195
1635289934.3308706,2501721,24591495,3779154,240706,2907216,23933185,229378505,2842559,23955508,84593,2030109
1635289934.430993,2556256,24861380,3894020,254139,2859948,23970767,229210279,2972898,23757294,90654,2140984
1635289934.5311146,2501148,24724664,3936749,221629,2903601,23714987,228707960,2917934,24088513,86639,2068793
1635289934.6312368,2592994,24875124,3830401,219698,2908242,24119769,229472596,2968556,23946475,88634,2282192
1635289934.7313588,2500689,24501854,3828715,218963,3055398,23955316,229170631,2974180,24185884,80939,2039269
1635289934.831483,2493102,24331627,3873076,241151,2828936,23977443,229150883,2937550,23933276,83351,2048917
1635289934.931604,2543796,24621603,3819955,275713,2915739,23871785,229192312,2979453,23988602,86958,1994777
1635289935.031726,2434575,24897127,3921641,228586,2956280,24089496,229030562,2835888,24159051,86388,2264799
1635289935.1318476,2613592,24778447,3735992,221305,2995892,24057986,229431463,2982224,23828337,77853,2443867
1635289935.2319705,2556881,24591666,3867555,233000,3034098,24227145,229241595,2974147,23567391,89757,2471076
1635289935.3320918,2333658,24561404,3818735,237624,2746842,24043646,229267415,3042602,23850435,86391,1844151
1635289935.4322155,2499787,23173786,2899201,218483,2931888,24044761,228880189,2904326,24069724,80511,2083848
1635289935.5323377,2464043,24857731,3886451,195695,2864958,23732560,229348096,3054688,23900609,82181,2002171
1635289935.6324582,2553405,24086148,3875564,216277,3023957,24163512,229215943,2887136,23995797,80234,2036898
1635289935.7325792,2558461,24635280,3878563,212086,2762985,23894728,229405622,2972871,24340280,82395,1840422
1635289935.8327003,2628434,21885055,3284701,214194,2643479,24258789,229075899,2989596,23873593,80981,2329128
1635289935.9328213,2560314,24842014,3882751,189129,3137091,23717815,229103524,2974239,24120299,82139,2292100
1635289936.0329418,3099618,24008092,229471529,2864714,23912338,77507,2147850,2548667,24812222,3764144,241155
1635289936.1330626,2983002,24011881,229270672,2995841,24038471,82057,2049124,2433520,24417328,3924776,246722
1635289936.2331858,2984527,24272383,229039952,2973830,24121366,85101,1862425,2458314,24811301,3943889,230672
1635289936.4334881,2555367,24784663,3897368,223402,3111176,23765637,229209705,2970422,24250946,87825,2288797
1635289936.5336146,2568389,24835283,3901895,189707,2855976,23204810,229064130,2940424,24010180,78684,2288064
1635289936.6337392,2511183,24904676,3865897,221889,2963289,23793310,228834733,2883752,23874351,85336,2129732
1635289936.7338455,2570441,24561603,3891840,235923,2957572,24079413,229215275,2884957,23722981,79440,2027733
1635289936.8339708,2478073,24748846,3799419,228809,2917873,24314248,228732122,2857124,24000203,74820,2260187
1635289936.9340951,2565561,24530098,3877902,222578,2620678,24218209,229312729,2931135,23723525,80898,2293528
1635289937.0342195,2470094,24833630,3873786,221806,3132078,23629096,229104289,2946686,24117192,80215,2132277
1635289937.1343439,2520444,24928877,3942787,286139,3002171,24210156,229385164,2962541,23894874,80060,2160374
1635289937.234456,2607982,24769924,3865310,252318,2903923,23674218,229233381,2958669,23874356,87181,2023664
1635289937.3345833,2494084,24706043,3968823,232872,2967980,23953138,229193316,2870750,23968011,83119,2343123
1635289937.4347098,2541487,24959552,3863955,212675,2803642,23043842,229059697,2910528,23253832,83579,1963296
1635289937.534836,3415905,22622960,3863655,217585,2993838,23961081,229396835,2875681,23850019,84852,2289415
1635289937.6349618,2676501,24725266,3884066,247229,2901254,23722145,229256952,2862007,23221163,88190,2008510
1635289937.735089,2553380,24549874,3913391,237331,2849273,23060534,229068980,2863688,23647482,82375,2223659
1635289937.835213,2508870,24678940,3802464,210292,2962004,23810592,229328239,2821902,23159714,89646,2038465
1635289937.9859328,2555282,24572096,3902743,223873,2856570,23921631,228873507,2952430,23804401,89180,1802147
1635289938.086059,2484107,24788880,3805766,230229,2908526,24004775,229275068,2923956,24172443,81448,1680269
1635289938.1861975,3089656,23195575,3868819,186780,3033591,24198995,228996844,2924311,23839297,87171,2156652
1635289938.2863255,2508377,24634859,3754268,207533,3073705,23893775,229175967,2862567,23987144,80564,2093726
1635289938.3864503,2486020,24400568,3806854,233193,2888060,23922786,228815837,2964689,23774486,87563,2057754
1635289938.4865744,2441043,24537921,3935995,237534,2941002,24055201,229264889,2936375,23962876,82508,1905991
1635289938.586704,2562947,24716390,3883045,217334,2723951,22748151,228890912,2865631,23853490,81867,2313839
1635289938.6868298,2460578,24699534,3878711,218643,3114925,23829773,229191035,2974318,24223197,83159,2079156
1635289938.786954,2531911,24589695,4020166,191901,2842725,23922040,229146297,2981402,23895863,91518,2182478
1635289938.8870792,2575121,24827195,3869967,238355,2969316,23677019,228978855,2933554,24121889,90744,2037569
1635289938.9872034,2504711,24520718,3889900,223138,2951134,23979951,229124942,2853795,23905573,81126,2249943
1635289939.0873272,2512128,24740817,3838642,228212,2947742,24183582,229406037,2928563,23970636,83581,1763565
1635289939.18746,2558694,24750834,3901499,218828,3111592,23979516,229300963,2886267,23743462,89439,2311840
1635289939.2875845,2515203,24728428,3843589,239265,2732316,23300762,228889218,3010367,23908685,85209,2062301
1635289939.3877084,2516881,24607883,3877692,241704,2870216,23236782,229178814,2873681,23675212,88127,2143755
1635289939.4878316,2456018,24723151,3999261,211244,2952774,23940564,229128410,2927554,23693797,83755,2113214
1635289939.5879557,2606633,24867090,3843300,230916,2970267,23752644,229193649,2934577,23799588,79859,2241720
1635289939.6880803,2412360,24542661,3860481,230379,3055054,23571537,229178314,2881616,23656992,86252,1846612
1635289939.7882056,2518802,24602505,3911387,252536,2711539,23946406,229121403,2959967,23790633,86580,2043377
1635289939.8883324,2872958,23963481,229342399,2971729,24099886,88949,2029338,2520754,24309332,3768446,196467
1635289939.988457,2860129,23926729,229123501,2964088,23839181,81295,2077045,2393533,24512485,3828816,215982
1635289940.0885804,2978682,23942168,229284937,2893089,23399259,78220,1841622,2574445,25103115,3878921,213330
1635289940.288832,2414037,24606343,3818004,221906,2990676,23924463,228967692,2958969,23970217,81719,2052748
1635289940.3889554,2539053,24568861,3892027,197782,3004567,24240446,229102539,2855022,23768420,80726,2231838
1635289940.48908,2506090,24748523,3820905,211193,2988842,23963482,229236626,2910676,23915226,79874,2126843
1635289940.589205,2541066,24360552,3824654,238882,2972951,24134424,228823666,2836791,23351646,83979,2093385
1635289940.6893299,2308275,24985802,4033762,220868,2710768,23604728,229281028,3157423,24105070,81274,1840724
1635289940.7894552,2599484,24803038,3899825,221860,3560439,23890176,229328395,2935186,23978477,80085,2256097
1635289940.889579,2554617,24690870,3888964,187335,3113871,23711272,229335152,2973961,24284069,84227,2292580
1635289940.989703,2497329,24790145,3852319,314986,3023458,24509865,229432906,2855795,23882520,77251,2149833
1635289941.0898275,2549905,24575155,3837116,233898,2881059,24112733,229023514,2969598,23910186,76941,2019502
1635289941.1899571,2438685,22740095,2031000,234825,2857367,23268932,229225275,2898385,23983951,76842,2331758
1635289941.2900786,2558250,23666797,3381784,202410,2963521,24126324,229165855,2980745,24060399,82177,2302231
1635289941.390211,2563795,24778360,3896158,220100,2843303,22975415,229328419,2897288,24000055,80946,2219228
1635289941.4903367,2569141,24566685,3887844,241405,2858642,23817530,229307105,2933026,23832820,74521,1951380
1635289941.5904627,2997268,23188373,3902873,259865,2976974,24208690,229254885,2946528,23846837,92249,2125825
1635289941.6905887,2530167,24957611,3919979,223095,2908728,24007529,229373054,2994123,23958109,78380,2133606
1635289941.7907195,2593865,24696369,3813244,229251,3098392,23843994,229027291,2898833,24103142,79093,2305095
1635289941.8908703,2418841,24573629,3884738,226522,2702057,23954258,228966399,3026640,23870053,82787,1976423
1635289941.9910376,2510999,24634448,3927925,244357,2919918,24124102,229197909,2854199,23803209,79606,1978069
1635289942.091237,2491728,24606382,3854423,193327,2883948,23745697,228912087,2815887,23357423,91815,1963845
1635289942.2416584,2521295,24568250,3851058,212042,2844724,23870214,229202652,2933992,23717457,85853,2065339
1635289942.34188,2446848,24495486,3909003,214860,2875760,23786151,229426909,2949469,24040359,87925,1855851
1635289942.4421184,2614349,24533515,3938082,220431,2714643,23947612,229013760,2954268,23900306,81154,2162344
1635289942.5423443,2557580,25095860,3853817,190772,3102441,23793046,229281391,2964172,24191458,84264,2220160
1635289942.6425447,2548411,24728444,3881017,202826,2989930,23835572,229107937,2848957,24061542,76511,2145837
1635289942.7427437,2573079,24734844,3818676,238095,2927934,23845435,229065461,2956669,23916923,80038,2036858
1635289942.8429465,2536273,24587800,3848333,235043,2902157,24073496,229157321,2846273,23971326,81784,2176287
1635289942.9431562,2464365,24697438,3855867,224515,2858180,23992877,228931709,2946431,23863884,75723,1837361
1635289943.043357,2592069,24516520,3855144,219516,3079841,24034093,229124927,2891835,23831385,88410,2174725
1635289943.1435664,2504176,24937764,3845311,231117,2900432,24053357,228891229,3060444,24078322,90743,2053179
1635289943.2437882,2517493,24486512,3895843,242274,2969066,24011712,228843370,2856344,24069496,84463,2108062
1635289943.3439965,2540981,24585862,3841811,220809,2832977,24034727,229296231,3025878,24196063,82062,2074425
1635289943.4441888,2475951,24647168,3810877,226928,3131628,24012533,229104016,2896957,23956810,82837,2281626
1635289943.5443883,2478144,24426352,3837418,216091,2970967,24110297,229231516,2976531,23944552,89980,2228920
1635289943.6445818,2496144,24922883,3824984,237126,3067855,23964733,229194686,2851601,23926048,78353,2029504
1635289943.7447832,2907683,23910709,229288838,2950795,23964267,90313,2133393,2502972,24460004,3831083,252852
1635289943.8449986,2957865,24112718,229024513,2912096,23025294,82934,2060897,2240004,24931618,3981840,218131
1635289943.9451933,2956313,24014153,229211128,2938487,23540859,81840,2252257,2670831,24511834,3859570,230477
1635289944.1456017,2457826,24786047,3857067,240690,2726080,24013255,228986167,2913676,23328656,88583,1819508
1635289944.2458522,2537296,24611741,3881185,238029,2861567,23603568,229436987,2849572,23426140,106648,2033333
1635289944.346101,2409199,24184945,3826963,182396,2915661,23753551,232452229,2936391,24336797,99570,2084874
1635289944.4462984,2488528,24089083,3406314,240618,2889573,24158896,228837243,2910417,23591240,89796,2059399
1635289944.5465217,2472998,24612660,3806350,230488,2825684,23357182,229197912,2849374,23984144,82217,2298663
1635289944.6467402,2592514,24513538,3859244,221184,2679258,23691579,229153491,2997306,23978756,87176,2276883
1635289944.7469368,2512314,24948782,3800578,237946,3044155,24035677,229373043,2915477,24019113,85872,1961047
1635289944.8471427,3090463,23072632,3832595,213853,2875094,23879809,229082635,2949943,23846965,85939,2109817
1635289944.9473448,2473987,24564962,3750384,260181,3050253,24178672,229061280,2949161,23886987,87923,2084306
1635289945.0475287,2540724,24319312,3866151,223311,2882791,24075226,229104471,2947984,23817794,89847,2316531
1635289945.1477463,2900524,21607499,3138520,228920,2528796,24048907,230002468,2956331,23965659,85823,2197905
1635289945.2479618,2582387,21990149,922588,188941,3115725,23961713,229149170,2950047,23933443,84442,2201986
1635289945.34815,2522569,24531897,3913173,195709,3095426,24156656,229336605,2844496,23904912,86300,2221019
1635289945.4483528,2541509,25010991,3807438,221917,2980257,23976238,229045218,2938390,23808384,73489,1990502
1635289945.5485537,2535163,24715003,3851334,240828,2954690,24198273,229198160,2806874,23861831,82840,2131552
1635289945.6487675,2408414,24638421,3972905,225028,2734912,24109966,229240153,3039667,23765423,79565,1871066
1635289945.7489746,2600550,24841322,3903443,222741,3096607,23763710,229252880,2912905,23780970,80872,2253609
1635289945.8491776,2549540,24674686,3890319,189518,3025735,23695343,228963801,3000505,24037249,81694,2180801
1635289945.9493732,2506696,24643657,3889233,241646,3019039,23037425,229331969,2726138,23857634,80828,2106103
1635289946.049572,2606249,24973093,3883516,235220,2896272,23676954,229144459,2931859,24011863,81099,2043230
1635289946.1497912,2499697,24804075,3763406,237010,3054934,24216966,229159536,2790386,23960307,80912,2258159
1635289946.2499733,2580097,24429628,3909117,218482,2745826,24034124,229037015,2946826,23889693,90332,2271436
1635289946.3501422,2507921,24653686,3866937,235411,3053837,24105314,231568771,2949746,24295897,89078,2058549
1635289946.450324,2509826,24532692,3881738,190331,2836721,23736274,229447268,2972749,23920872,88712,2099091
1635289946.6006296,2597712,24956732,3836180,281031,2957634,24061524,229375856,2955216,24236365,87235,2047628
1635289946.7008486,2383050,24526133,3918187,222680,2906807,23989469,229117279,2941969,23939759,83441,2193421
1635289946.9012454,2415668,24624472,3849218,239135,2731328,24145884,229054179,3009500,24028438,87332,1828473
1635289947.0014482,2540863,24651547,3872007,255674,2766423,23098452,228796116,2885717,24185124,88790,2059118
1635289947.1016538,2548226,24644649,3844029,180015,2857922,24054950,229242292,3052073,23998160,91015,2030914
1635289947.2018657,2522841,24927270,3853557,216460,2970169,23941988,229246465,2907113,24164715,86374,2126982
1635289947.3020709,2484416,24501781,3905179,220037,2720470,23172784,228687686,2947550,24138879,88379,1828157
1635289947.4022737,2415161,24788184,3839938,219186,3138267,24160234,229467086,2822612,23755975,82204,1898159
1635289947.5024743,3045229,22999691,2881339,195536,2986465,24056281,229112088,2965464,23991976,83374,2211924
1635289947.6026797,3056299,23897549,229063106,2859914,23886921,83404,2161857,2571000,24913061,3824776,244291
1635289947.702869,2965604,23757914,229082450,2958880,23866479,83322,2014996,2503235,24459033,3928251,240654
1635289947.8030703,2950012,24122166,228952479,2816215,24118933,75391,2212967,2458466,24727294,3732664,228650
1635289948.0035014,2577750,24600194,3870757,220413,3020820,24340047,229134764,2893537,23914628,84335,2272808
1635289948.1037276,2519843,24928305,3867749,242965,2910037,24025548,229147518,2943663,23693663,77206,2035598
1635289948.2039409,2551253,24729771,3896753,242508,2977238,23934561,229197123,2854255,23878957,87599,2139404
1635289948.3041453,2512920,24949766,3961921,220405,2896711,24011324,228846682,3009896,24042697,91033,2052491
1635289948.4043472,2589918,24756298,3888951,225269,3090002,24241086,229749012,2878964,24144453,85905,2234616
1635289948.5045385,2557642,24671476,3926078,215842,2604798,22608505,229261013,2992359,23975415,93381,2270420
1635289948.604727,2513895,24746491,3813731,240200,2920419,24262041,228997305,2851973,23960346,81022,2055383
1635289948.704928,2529174,24637770,2862296,226276,2859147,23724161,229303272,2970590,23913047,89637,2116018
1635289948.8051076,2510461,24914019,3812676,248643,3085587,24076127,229263945,2862672,23905439,83868,2223021
1635289948.9052968,2565839,24673887,3848118,226387,2891357,23801650,229246048,2965299,23919643,89030,2200458
1635289949.005501,2326996,24139066,3861893,237296,3061905,23896111,229162191,2958736,24086599,91368,1811103
1635289949.105702,2500370,24545304,3960018,225343,2686684,24237704,229121479,2945968,23863171,93526,2107361
1635289949.2059164,2568672,24818830,3866410,246389,2914701,23961013,229212005,2973093,24118340,89128,2037679
1635289949.3060856,2560154,24542741,3876614,201604,2892920,23880374,229033068,2908057,23878491,82352,2214022
1635289949.406277,2489285,24788849,3878491,219017,2966706,23778807,229149355,2975375,24279550,90136,2027268
1635289949.5064726,3650708,22467340,3878945,217545,2893634,23860232,229116934,2896560,23791891,88612,1795163
1635289949.6066635,2506260,24841553,3875261,224077,2951739,24108927,228646270,2843315,23868766,84617,1910093
1635289949.706882,3053726,23254527,2953832,196140,3059853,23777798,229002058,2891156,23857610,88247,2245454
1635289949.8070676,2505563,24636664,3792266,215311,3006218,24044396,229272209,2818405,23891390,81066,2142249
1635289949.9072363,2542278,24627758,3879141,241501,2888902,23871899,229243713,2927542,23813725,85771,2059501
1635289950.0073895,2458977,24669590,3929860,231185,2979440,23692547,229015868,2879255,23855765,75198,2094345
1635289950.1075263,2572805,24598126,3922511,219279,2751379,24184005,229298946,2962948,23808686,87461,2304598
1635289950.2076674,2480189,24874732,3860959,212930,3075824,23613497,229067693,2937245,24270413,87964,2054484
1635289950.3078177,2532599,24448661,3915979,206803,2911832,24079676,229362013,2986110,23995371,88190,2126507
1635289950.4079516,3630229,22615570,3836652,237479,2929642,23942727,229128770,2967002,24141582,88604,2049041
1635289950.508099,2535152,24544206,3872681,217777,2866878,23201843,229182831,2867969,23895617,82773,2262820
1635289950.7083836,2581155,24621711,3904072,215879,3050021,24000959,229181427,2851319,24232591,87547,2281237
1635289950.8085294,2510532,24785317,3855558,249568,2910437,23966063,228821222,2902943,24088796,78342,2050943
1635289950.9086576,2504447,24657306,3871121,257254,2943874,24216700,229193755,2904963,23861362,89244,2144127
1635289951.0589015,2454656,24743287,3970475,220408,2881338,23915327,229187718,3054064,24073142,88745,2081881
1635289951.1590319,2632663,24701568,3852862,223504,3077382,24107247,228937727,2925429,24175657,80519,2286912
1635289951.2591746,2568850,24791545,3886897,213606,2802656,24534119,229448772,2972353,23852996,86410,2275892
1635289951.3593066,2487708,24802410,3845449,220112,3055290,23838372,228965160,2917305,24207050,78292,2032023
1635289951.4594555,2862461,24068223,229169349,2993610,24127929,76609,1988351,3349031,19806963,4058637,250502
1635289951.5595853,2917500,24063551,229086179,2954826,24101170,73162,2047127,2671294,25210416,3820016,222834
1635289951.6597168,2838634,24018304,229143983,2987298,24038270,80369,2283541,2515735,24861788,3820448,229595
1635289951.8599646,2551690,24767771,3845447,219498,3060196,24070554,229283286,2839159,24163664,71348,2277843
1635289951.9600747,2544178,24753412,3877304,248713,2928256,24045711,229387331,2974832,24167201,79427,2058118
1635289952.0601974,2528030,24639409,3859137,258268,2943755,24493097,229623826,2908718,24051809,77003,1974037
1635289952.160321,3365324,20543786,3830267,215407,2900716,24190061,229289526,2870488,24347604,76595,2294213
1635289952.260444,2578771,25055785,3870332,230772,3040852,24153665,229684577,2915950,24217940,80259,2258258
1635289952.3605664,2544266,25007411,3855976,221173,2642297,23148228,229345241,3026963,24443218,83799,2242562
1635289952.4606898,2520324,24975871,3845308,243470,3350529,24178208,229138968,2834546,24247520,76225,2071844
1635289952.560813,2542291,24936124,3914753,271168,2847349,24215528,229156660,2957772,23947257,79625,2134844
1635289952.6609356,2526113,24749567,3934821,236992,2860937,24046433,229191719,2954892,24239128,79966,2087769
1635289952.7610588,2499703,24747482,3894561,217935,2940827,23970420,229180936,2829565,24268273,74546,2317303
1635289952.8611836,2566942,24963801,3885835,213466,2948872,24256603,229154228,2940247,24116119,80611,2284060
1635289952.9613082,2552983,24693416,3894925,221778,3086571,24073042,229083848,2918392,24294075,82649,2144953
1635289953.061432,2481387,24697144,3919310,196032,3057252,24271631,229145759,2842922,24025518,80440,2195242
1635289953.1615546,2548059,24921752,3880488,235707,2968221,23952708,229360590,2939140,23966607,75556,2027410
1635289953.2616773,3147110,23401593,3910028,239403,2924804,23955131,228978556,2853465,23658319,81576,2153543
1635289953.3617992,3667892,22658176,3902939,224735,2764410,24080247,229288174,3091762,24050353,86583,1896869
1635289953.4619224,2580697,24905190,3905022,218591,3109907,24008138,228799425,2869836,23559952,87916,2274366
1635289953.5620453,2560264,24797933,3904411,189520,3027262,23648528,229121364,2913765,24296308,86208,2212455
1635289953.662167,2514896,24681027,3880295,239331,2981623,24084655,229343301,2841871,23901647,81415,2127340
1635289953.7622921,2543670,23353046,2398297,234465,2898087,23766383,229217643,2936060,24058609,88195,2057354
1635289953.8624141,2479022,24826604,3821746,231505,3026357,24201469,229194559,2854415,23915901,82365,2134940
1635289953.962536,2590702,24797620,3916962,216654,2754443,24219487,229077510,2939988,23797687,91124,2277912
1635289954.0626585,2458987,24847389,3868001,205414,3078479,24175116,229177763,2926125,24371690,80183,2199909
1635289954.162781,2524602,24712271,3929808,206443,3067471,24154245,229320800,2774761,23156637,81437,2141980
1635289954.2629025,2554990,24706104,3891325,235550,2933706,23911469,229124291,2966865,24213983,84363,2079751
1635289954.3630242,2577616,24771781,3912733,236966,2859800,24250261,229131020,2885450,23968751,83522,2153458
1635289954.5632703,2602349,24671685,3913776,218962,3073441,23779411,229232210,2841442,24010157,78365,2266398
1635289954.6633956,2496944,24847462,3886454,228739,2909497,24070089,229094311,3023655,23967433,78698,2008676
1635289954.7635972,3128126,23564196,3911114,246968,2943366,24025030,229098498,2859754,23710674,82511,2146665
1635289954.8638158,2550199,24683518,3857020,218754,2961455,23869103,229096769,3032671,24190387,82717,2070825
1635289954.9640203,2486078,24726697,3881446,230213,3052453,24389259,228670715,2863965,24103378,75378,2304872
1635289955.0641696,2564904,24738878,3896172,220587,2789582,24382872,229626433,2980691,24034070,80596,2260993
1635289955.1643033,2456997,24893760,3880227,220783,3090074,23835910,229181970,2937230,24292384,82125,2089220
1635289955.3150046,2920547,24007773,229108412,2963237,23989470,77056,2154391,2550781,24789746,3861485,244211
1635289955.4151301,2941079,23821063,229071831,2961495,24144321,81227,2075789,2524277,24912660,3885476,232824
1635289955.5152516,2957225,24121848,229178326,2857161,24010234,78950,2249222,2455553,24744608,3762068,229914
1635289955.715495,2554231,24538712,3865653,217010,3046463,24066549,229275712,2906570,24091465,86402,2259150
1635289955.815616,2499423,24701206,3885219,242673,2901079,23958854,228915419,2940363,23795582,73439,2033570
1635289955.915737,2505105,24601368,3918707,253365,2933670,24089763,229270086,2880400,23990147,92105,2165307
1635289956.0158577,2505363,24851720,3956036,223723,2841053,24079038,228932335,3060618,23949330,87880,2062650
1635289956.1159866,2692831,24642583,3867519,231126,3020421,24025620,229246850,2848194,24126079,84416,2237876
1635289956.2161124,2575772,24693041,3911735,218126,3027252,23339893,229348725,3026496,24119634,92855,2300090
1635289956.316237,2529070,24898046,3878220,241195,3115575,23926234,229409530,2899853,24015334,87245,2056623
1635289956.416359,2540689,24765667,3929794,267423,2884899,24390498,229096311,2965223,23755350,88777,2140066
1635289956.5164816,2517522,24844427,3948942,239298,2894804,24084956,229358689,2931661,24018973,89964,2061381
1635289956.616603,2580327,24761212,3859435,222137,2926789,24056068,229225165,2909724,23902174,85348,2333551
1635289956.7167244,2569029,24553516,3893305,212637,2996853,23896562,229127426,2933527,23927976,88339,2206438
1635289956.816846,3330930,22689288,3884445,223720,3026780,23873315,229097774,2791649,23878711,80069,2104190
1635289956.9169676,2454946,24600538,3782271,241882,2897359,23711980,229093887,2940742,24114615,87234,2049512
1635289957.0170906,2530149,22948117,2900525,247134,2933526,24152997,229056251,2865707,23886041,89202,2150960
1635289957.117212,2528020,24781176,3896449,219482,2854800,23964487,229364304,2960415,24061940,82049,2180098
1635289957.217334,2574281,24770405,3871273,231299,3071287,23763561,229347325,2857808,23876288,89582,2270614
1635289957.317455,2529360,24735070,3880184,220741,3041896,23953735,228537525,2875102,23934248,88828,2188173
1635289957.4175787,2519361,24650361,3877134,252524,2875106,24044372,229175808,2688746,23179427,78097,2046351
1635289957.5176992,2580857,24765221,3854330,227420,2827425,23868087,229149862,2956860,24169703,80087,2145279
1635289957.6178215,2526702,24654312,3767801,215746,3041823,23870349,229181207,2816531,23855735,83668,2261771
1635289957.7179437,2544338,24594495,3869501,213892,2854703,23806773,229429666,2934249,23914890,90243,2243667
1635289957.8180652,2340335,24716701,3809152,245390,3271828,23831123,229245394,2914610,24032837,88368,1827429
1635289957.918186,2508557,24664850,4072126,268115,2672425,24143612,229129193,2932059,23797690,87639,2084215
1635289958.0183077,2576841,24710638,3936601,273889,2910156,23843526,229375420,2933015,24271526,90176,2114617
1635289958.1184287,2502092,24557027,3874812,201221,2931587,24324985,229218782,2893462,23013960,81222,2109610
1635289958.2185502,2517349,24944322,3858991,217588,2977230,23980324,229146127,2945978,23868684,83708,2240114
1635289958.4187932,2352284,24730740,3875967,237237,2662661,24111301,229168551,2980886,24131089,83741,1827437
1635289958.5189154,2533194,24629210,3966271,254736,2907676,24050478,229080351,2744768,21647260,82029,2063384
1635289958.6190364,2515830,24782257,3890129,192560,2844165,23977209,229175702,2959234,23826884,87176,2030195
1635289958.7191584,2515148,24676854,3872230,215090,2943683,23971405,228833303,2874626,23858761,85872,2077146
1635289958.8192797,3641366,22645439,3898422,215506,2729695,23434792,229141849,2965304,24315129,88300,1841268
1635289958.9194012,2497516,22648118,2866610,213217,2939239,24043650,229404820,2794722,23041792,85010,2189064
1635289959.0195217,2608938,24741340,3852946,188882,3084427,23837614,229132699,2937682,24185603,88453,2243914
1635289959.1196437,2964702,24100593,228939732,2738340,23109904,74944,2125085,2522979,24792972,3808587,201439
1635289959.219765,2922547,24064613,229227775,2963056,24051188,81055,2079853,2478498,24630071,3870673,234696
1635289959.319887,2943533,24142829,229085777,2958607,24204944,81413,1871453,2296384,24970453,3941281,220599
1635289959.5702307,2642931,24962025,3921109,223147,2858236,23895392,229336984,2944074,24230179,76055,2246062
1635289959.6703591,2565875,24874118,3884334,193281,2970607,24123510,229164931,2898655,23624875,77949,2207622
1635289959.770481,2514772,24744587,3830808,203449,2778934,23232509,229180223,2959010,24126529,79916,2012332
1635289959.8706028,2546858,24879362,3867479,223036,2858943,24286810,229033804,2904774,23666416,79858,2053132
1635289959.9707246,2406400,24755093,2469045,212351,2749756,23818639,229094631,3020624,24278383,78787,1878131
1635289960.0708466,2641084,25035017,3922017,222260,3051856,24216706,229351622,2882516,23954961,80793,2267443
1635289960.170969,2581680,24936104,3927889,178079,3039018,23755963,229249299,2926524,24206755,77416,2258723
1635289960.2710912,2519137,24604315,3795106,225107,3057613,24126062,229014392,2836252,24056553,74054,2138816
1635289960.3712125,2525190,24723328,3882414,211892,2825436,23912510,229451570,2954133,23826727,80619,2074265
1635289960.4713352,2371424,24930329,4061718,236726,2953174,24064768,229115970,2955500,24162626,79211,1884911
1635289960.5714586,2720207,25437871,4018983,223434,2725005,24269900,229063024,2973859,23908350,77500,2288926
1635289960.671581,2599742,24572408,3858372,226271,3082806,23662146,228968802,2932703,24273753,86687,2093195
1635289960.7717032,2546714,24677044,3926963,186247,3037728,23943064,229046341,2864644,23967275,87029,2239508
1635289960.8718252,2530906,24700009,3863148,240735,2927952,23818565,229175075,2952729,24052424,78527,2041863
1635289960.9719465,2525291,24653009,3885347,247266,2942003,24026192,229227372,2917553,23895838,85023,2187592
1635289961.072069,2492864,24840339,3928124,227144,2757098,24088368,229302748,3053553,23802119,87308,1943366
1635289961.1721935,2597056,25386227,3931987,208736,3065525,23675380,228801277,2865829,24060004,89391,2265739
1635289961.2723203,2550643,24841353,3902268,184526,2967820,23558985,229193106,2895711,24449657,74258,2154418
1635289961.372444,2525373,24560454,3889182,243625,2969386,24437540,229436417,2863614,23978286,77314,2124295
1635289961.4725664,2564552,24659608,3894878,240341,2719368,22807065,229440964,2922721,24117962,79413,2049983
1635289961.5727067,2495018,24840934,3460068,224835,2611304,21938737,229229103,2891053,23935861,77130,2265047
1635289961.6728525,2576383,24899288,3890515,207777,2940609,23752717,229125221,2914952,24093215,80562,2265236
1635289961.7729776,2513497,24647197,3882727,237539,3050811,24040403,229096811,2819984,23993393,74404,2037131
1635289961.8731017,2534163,24658276,3828130,167243,2882815,23767154,229378741,2928912,23953805,80095,2136727
1635289961.973224,2560213,24582042,3890165,253720,2921005,24253833,228962359,2901383,23967486,81312,2058669
1635289962.073346,2415147,24881524,3953877,219741,2880353,24050690,229034391,2905281,23791923,84223,2257938
1635289962.2735941,2563212,24998305,3889270,216477,3043331,23979556,229000116,2831494,23573269,85419,2263534
1635289962.3737192,2512567,24739544,3839161,245111,2896214,22880715,229041447,2591592,23598180,74496,2036994
1635289962.47445,2519932,24645650,3918689,256377,2940625,24096292,229249017,2837632,23666379,87035,2109898
1635289962.5745728,2518432,23292029,2357939,218265,2951784,24020553,228913256,2876828,24040901,82097,2243362
1635289962.6746943,2558340,24654576,3900190,231048,2969802,23311138,229283170,2951759,24045483,88203,2249552
1635289962.7748165,2496027,25101792,3908627,246126,3153858,24198184,229458614,2927159,23940828,88803,1888446
1635289962.8749382,2526542,24852465,3899568,254903,2753468,24217036,229064837,2940100,23904344,88099,2035477
1635289962.97506,2902124,24028018,228885683,2928256,24031726,88203,2025107,2520777,24512863,2328018,191628
1635289963.075182,2895909,24302302,229100988,2858397,23633924,82685,2148938,2547664,24962041,4044277,211663
1635289963.1753054,2958392,23961397,229145170,2941497,23975529,92257,2097113,2535412,24638042,3891019,224955
1635289963.3755646,2733950,20956319,1482608,187323,2708137,20276665,229375140,2762295,24074806,84877,2079899
1635289963.4757116,2581472,24850586,3885720,187872,2879419,24029818,229078500,2955925,23807167,74314,2025711
1635289963.575839,2531894,24723087,3939810,247495,2952995,24048317,228920314,2804398,23911923,78240,2166516
1635289963.6759639,2567232,24613294,3841797,217254,2934979,23921905,228728240,2865572,23822958,81395,2084882
1635289963.8264706,2526838,24589964,3889052,225175,2969760,23819315,229215995,2892847,24104870,74473,2272592
1635289963.9265962,2523271,24653172,3896333,214253,2740806,23381709,229249817,2893881,23502271,80420,2291689
1635289964.0267198,2516668,24678474,3804886,250933,3043038,24160715,229149187,2839016,23966956,73920,2020244
1635289964.1268415,2519250,24812235,3220770,231930,2978990,24014085,228999315,2957595,23993632,78943,2116992
1635289964.226984,2493569,24825947,3913855,262743,2894924,24386305,229463213,2958692,24315665,73409,2027036
1635289964.3271084,2542807,24955617,3739069,217750,2873778,23875964,229064526,2957900,23902154,80647,2269760
1635289964.4272323,2526670,24667258,3887964,217473,2994797,23770700,229164578,2960560,24158832,78796,2195723
1635289964.5273554,2537603,24809744,3863332,223686,2812852,22899054,217612566,2720005,25510791,93825,2345465
1635289964.6274772,2576899,24161795,3583054,210347,3352558,27680623,228621443,3353128,27586514,100364,2572767
