1635289011.0417464,3791063,34357922,228283436,3423136,35628590,49509,2014972,3418216,35728790,5437904,67727
1635289011.141869,3439621,34314288,228110474,3547206,34708346,64985,2600197,3449135,35605139,5281034,52772
1635289011.241989,3787884,35506852,227956775,3595938,34761154,65822,2687960,3505616,35232902,5294057,41019
1635289011.342108,3488101,35097913,228052075,3580661,34759675,65564,2542593,3545567,35509663,5280278,49737
1635289011.4422271,3613980,35041173,228129750,3544792,34883390,66431,2591731,3580076,35197069,5416869,35641
1635289011.5423453,3621639,34889522,228018832,3547384,35130435,65625,2597788,3694705,35535341,5336462,60153
1635289011.6424642,3601020,34764363,228092923,3625654,34723186,66379,2501026,4019597,35048596,5368986,56368
1635289011.7425833,3477526,34862464,228091928,3558702,34888136,67931,2749569,3545118,35051590,5267768,62167
1635289011.8427026,3615509,34855303,228099008,3628873,34693497,66107,2621482,3591559,35020748,5337198,66440
1635289011.9428217,3585695,34932561,228100110,3620969,34812788,66511,2538666,3507584,35483314,5366346,58645
1635289012.0429423,3622239,34612049,228131416,3556218,34688374,66440,2609557,3552854,35286075,5431094,60850
1635289012.1430607,3625915,34882718,227971938,3703030,34971227,66704,2489802,3442538,35293931,5444073,49231
1635289012.2431788,3628410,34902762,228053612,3564136,34766839,68676,2395274,3452460,35268365,5339060,52435
1635289012.3433082,3328489,34142571,228141108,3643827,34704703,69330,2599128,3565828,35288494,5342752,57803
1635289012.4434397,3988823,35086673,228081955,3630225,34911059,68071,2686893,3574187,35406669,5334351,38741
1635289012.5435612,3568016,34714385,228139484,3625288,34822256,68638,2581602,3516021,35294386,5464157,48394
1635289012.6436813,3650144,34876111,228015250,3630087,34806545,67661,2508527,3454020,35200441,5612760,50569
1635289012.7438006,3629273,34756045,228073076,3627133,34748644,65873,2658881,3481985,34701720,5324564,58539
1635289012.8439205,3693957,35012054,228168260,3634880,34800396,66582,2956855,3731010,35522803,5423856,50993
1635289012.9440396,3585728,35111595,228075869,3619700,34939412,68360,2552973,3607862,35196101,5405986,63634
1635289013.0441604,3710069,34868348,228102513,3639237,34898519,69794,2484343,3598466,35405674,5384565,41740
1635289013.1442788,3631539,34870778,228063616,3676339,34716820,68971,2657253,3576759,35526619,5481746,62592
1635289013.2443974,3646141,34897438,228029412,3618702,34815853,67499,2611046,3602214,35435859,5390241,56438
1635289013.3445163,3735000,34716022,228089811,3534607,34879144,67184,2400488,3563591,35480904,5403227,62455
1635289013.4446347,3383416,35018525,228082189,3693801,34740925,67313,2755339,3685823,35448004,5397533,61319
1635289013.5447533,3611565,34989371,228035488,3640789,34739808,71085,2563971,3594113,35302246,5423227,42069
1635289013.6448715,3753209,34875778,228099322,3628687,34908338,70636,2604440,3650678,35366717,5429866,44446
1635289013.7449903,3558545,34856904,228061231,3652767,34769455,71419,2671302,3656619,35489112,5469335,61605
1635289013.8451097,3644115,34900144,228098773,3633567,35005873,67551,2743532,3645901,35415487,5417308,56135
1635289013.9452283,3592787,34737781,228050939,3624792,34773945,69001,2849392,3737227,35435502,5392457,56165
1635289014.0453477,3630660,34721572,228088692,3651840,34824980,71660,2702150,3622676,35271200,5407555,67597
1635289014.145466,3568810,34759991,228098856,3634181,34780439,77272,2726681,3549817,35298904,5414253,68521
1635289014.245585,3625097,34750590,228035545,3644826,34755349,68501,2582028,3600150,35361040,5429439,57702
1635289014.3457038,3641300,34911981,228112608,3555368,34894134,70597,2652889,3639444,35541009,5315321,58074
1635289014.4458227,3648579,34610442,228032251,3572106,34680784,71341,2655744,3616934,35370589,5390461,55984
1635289014.5459406,3621331,34557482,228202772,3786666,34745854,73521,2730125,3658585,35554458,5423609,65440
1635289014.6460583,3697408,34800485,228081372,3683764,34620762,72938,2696112,3615184,35316378,5416079,64986
1635289014.7461765,3591168,34774761,228096167,3722240,34657709,72017,2609219,3607707,35261375,5456642,63058
1635289014.846307,3574837,34772529,228211724,3731185,34585693,75093,2538387,3554537,35130227,5365864,60916
1635289014.946428,3668569,34786847,228076141,3759455,34544707,72807,2373155,3659852,35504592,5525668,59043
1635289015.046549,3726138,34484472,228095347,3663275,34565776,73039,2721045,3610622,35241090,5391239,58448
1635289015.1466675,3731558,34510449,228120057,3626811,34688333,71400,2604811,3785304,35580629,5410225,68338
1635289015.246786,3761890,34570505,228003302,3628839,34655960,73515,2517815,3617201,35278048,5368094,46296
1635289015.3469052,3638205,34646348,228003598,3618664,34531654,68236,2665098,3611204,35358718,5424695,66868
1635289015.4470236,3614041,34577507,228053878,3722775,34706767,72224,2591524,3460895,35386943,5546711,59929
1635289015.5471416,3737130,34548117,228075129,3747056,34603835,72216,2349485,3609194,35093184,5420012,56515
1635289015.6472597,3772995,34530708,228081009,3569051,34617294,68207,2723580,3683660,35416945,5360975,67508
1635289015.7473776,3686450,34456333,228171386,3676317,34730782,68591,2496544,3621792,35294769,5445647,60388
1635289015.8474958,3537202,34598678,228041406,3623431,34714039,68727,2696483,3571034,35348318,5557830,63809
1635289015.947614,3636847,34767463,228154768,3704552,34643495,69419,2522399,3651393,35487902,5435227,65568
1635289016.0477333,3673205,34853630,228052552,3611868,34739882,69675,2720617,3522964,35304649,5455825,58539
1635289016.1478517,3722572,34698778,228110225,3660132,34725686,69149,2612708,3742547,35452119,5484254,63078
1635289016.24797,3785757,34699609,228068047,3704195,34606523,69624,2716010,3624898,35491673,5459330,66831
1635289016.3480885,3776328,34591891,228142873,3639087,34648352,68991,2573645,3687552,35264578,5456355,68223
1635289016.4482064,3606786,34694233,228065810,3785743,34554001,71251,2556429,3607423,35220754,5500764,67506
1635289016.5483239,3647724,34740404,228085708,3649443,34648921,69289,2615395,3646449,35681853,5409700,63219
1635289016.6484416,3773051,34579848,228085286,3616684,34677294,70215,2598969,3670745,35338363,5432619,59673
1635289016.7485595,3625436,34639098,228035130,3638491,34628902,68169,2607471,3590374,35402514,5463167,66219
1635289016.8486776,3596747,34611486,228059626,3736900,34582090,68671,2503524,3656690,35604815,5501381,71155
1635289016.9488037,3552541,34606796,228047330,3766096,34567958,69815,2569925,3696969,35499365,5483167,62109
1635289017.0489295,3558149,34587614,228076354,3766957,34507003,70706,2505250,3654985,35443460,5410642,71980
1635289017.149051,3760679,34657009,228099521,3648646,34584179,68618,2606655,3674652,35127921,5309748,71157
1635289017.2491698,3719156,34538889,228065274,3636503,34573336,69135,2713883,3616426,35494863,5488843,53650
1635289017.3492885,3786905,34475893,228091312,3640865,34513693,69766,2725013,3734940,35241799,5494390,55400
1635289017.449406,3787163,34503036,228154089,3633092,34578003,69287,2708863,3455460,35212125,5446692,70781
1635289017.5495238,3765070,34516607,228093313,3640302,34530372,69274,2667279,3580333,35296883,5544480,70447
1635289017.649641,3759231,34462413,228046498,3640306,34588220,69711,2702842,3584018,35259015,5511182,71355
1635289017.7497592,3724055,34457555,228062125,3602430,34488085,68735,2723853,3642121,35414406,5500316,71832
1635289017.8498769,3647658,34449374,227969015,3692309,34465945,69674,2367993,3603348,35224521,5526021,72484
1635289017.9500148,3780003,34474179,228156694,3705287,34674720,69129,2635448,3590643,35462084,5478417,70611
1635289018.050135,3726554,34467424,228012485,3657608,34494579,68987,2690904,3551050,35287469,5578823,70083
1635289018.1502533,3767886,34402390,228048056,3632520,34421859,68337,2695320,3550008,35006187,5531381,62404
1635289018.2503717,3976487,34510510,228091303,3629196,34475661,68556,2694354,3627423,35143514,5484968,70376
1635289018.3504906,3603872,34569268,228113262,3622160,34582142,68464,2713662,3676155,35506499,5419996,58029
1635289018.4506106,3775770,34396274,228050328,3702672,34504566,70575,2691120,3633250,35524579,5414369,79661
1635289018.5507295,3691117,34486589,228162424,3770086,34425336,71157,2647636,3802499,36145388,5475292,54913
1635289018.6508486,3627109,34417319,228117364,3766800,34396880,69638,2465068,3625213,35371298,5505980,71944
1635289018.7509673,3610806,34383569,228028886,3773892,34367288,72082,2273961,3654474,35598810,5492638,70946
1635289018.8510861,3665701,34405652,228069245,3712473,34301501,68443,3056751,3667522,35373939,5510219,72540
1635289018.9512048,3774292,34449488,228061952,3614033,34366731,73817,2576208,3584110,35003959,5460075,62712
1635289019.0513248,3775638,34340636,228143523,3541419,34440806,72767,2707785,3647577,35129859,5422588,73571
1635289019.1514442,3697670,34384269,228049673,3693837,34413178,72856,2677714,3668320,35448961,5328251,64720
1635289019.2515626,3554066,34380282,228089704,3774011,34328173,73720,2500276,3680585,35596130,5511388,69292
1635289019.351681,3590125,34440911,228100364,3721608,33689067,73542,2655768,3657900,35444947,5430273,80332
1635289019.4517994,3619024,34380217,228041622,3766859,34372916,72049,2380168,3589834,35125679,5622901,72283
1635289019.5519176,3756460,34369668,228078844,3623357,34383366,73314,2698363,3608507,34917459,5380013,58054
1635289019.6520362,3775971,34369399,228004605,3607864,34442135,73114,2734582,3696691,35362979,5465105,71866
1635289019.7521544,3662352,34406048,228154286,3758938,34387755,69935,2465452,3628755,35252859,5322403,65667
1635289019.8522727,3620775,34345128,227992032,3772371,34377858,70572,2493779,3687566,35354385,5511401,73055
1635289019.9523914,3745323,34362070,228112446,3664888,34488525,69572,3312018,3688407,35548920,5502169,72997
1635289020.0525115,3773687,34365886,228105440,3555372,34326009,68768,2709492,3587122,35074897,5434759,55796
1635289020.1526299,3768890,34473218,228134114,3754692,34409025,68366,2687297,3671931,35373536,5407296,66822
1635289020.2527485,3636823,34376926,228068367,3722602,34383388,70521,2567386,3669102,35375756,5514604,73228
1635289020.3528674,3772468,34398331,228072009,3753031,34428192,70544,2606582,3697345,35414335,5512201,72534
1635289020.4529853,3758666,34305992,228026640,3623530,34447867,67941,2687369,3559447,34882563,5430510,65517
1635289020.553104,3773885,34417245,228073767,3631380,34339413,69964,2694109,3671734,35558973,5474930,72557
1635289020.7533405,3685294,34342974,228086802,3676152,34298566,70225,2696051,3646433,35453932,5493763,70533
1635289020.8534594,3754151,34385925,228037531,3618224,34366077,70053,2699691,3521796,34886579,5501280,73055
1635289020.9535778,3610963,34371392,228006328,3760253,34327938,69267,2706687,3659213,35265608,5474948,73476
1635289021.1538174,3689064,35417500,5518514,73510,3779095,34281894,228101841,3731426,34295933,67517,2698129
1635289021.253936,3653546,35170179,5407383,75263,3554954,34298919,227991089,3698911,34282108,69443,2691213
1635289021.354055,3671662,35460446,5483895,76016,3767520,34248585,228039569,3763988,34329048,68756,2590443
1635289021.4541733,3620194,35112323,5478983,75044,3679777,34394231,228081638,3666027,34341341,69161,2679765
1635289021.5542917,3698833,35498613,5320714,69130,3676688,34315285,228132981,3782692,34326134,69510,2586417
1635289021.6544108,3668869,35410379,5486505,74408,3614283,34346612,228080078,3677523,34287560,68995,2708783
1635289021.7545288,3635030,35116190,5438945,60461,3744615,34409401,228008031,3691809,34336014,70865,2704969
1635289021.8546467,3551532,34323179,228073960,3760341,34372026,69831,2602488,3608769,35488527,5564932,75442
1635289021.9547648,3768482,34313902,228107715,3635219,34320080,69159,2661246,3563565,35227442,5491518,73483
1635289022.054885,3624724,34278198,228121600,3778719,34299521,71076,2701707,3666359,35394563,5503830,72727
1635289022.255121,3725410,35340988,5510800,74485,3778050,34269882,228134005,3676798,34393302,72962,2684453
1635289022.3552392,3697530,35507748,5412558,73777,3753568,34366960,228110101,3764869,34374497,74039,2464800
1635289022.4553576,3701857,35210036,5505337,71480,3735118,34325570,228097862,3741655,34335240,72236,2704839
1635289022.5554757,3683386,35246360,5390998,65863,3660630,34226639,228056493,3706547,34354337,69859,2459678
1635289022.6555948,3670905,35319162,5500661,73067,3787131,34323580,228093380,3705230,34370486,70381,2707367
1635289022.7557127,3528614,34775731,5414360,66562,3769124,34277184,228043905,3686111,34366755,71166,2688214
1635289022.8558311,3671233,35406590,5406876,73347,3490732,34343996,228145029,3783559,34327182,69421,2634024
1635289022.9559488,3776782,34235352,228014822,3730930,34248876,70234,2579589,3691807,35468496,5468822,74938
1635289023.0560691,3613791,34317698,228073262,3778873,34201461,69307,2700200,3527189,35327193,5521888,74120
1635289023.156188,3755471,34316100,228016188,3645946,34251322,69932,2619713,3491650,34763138,5570696,69879
1635289023.356424,3687891,35410387,5525737,73280,3777562,34380634,228117642,3618210,34420845,69967,2489460
1635289023.456542,3594048,35035054,5478559,74407,3550322,34213406,228072338,3766320,34290869,69669,2682224
1635289023.5566595,3672128,35446100,5485770,77947,3773723,34213994,228040136,3755691,34294379,71015,2610232
1635289023.656777,3586859,35017440,5463402,74828,3629523,34142943,228033942,3534253,34257097,70048,2699243
1635289023.756895,3678956,35554118,5453450,75446,3728898,34165797,228023238,3787313,34247753,68258,2707802
1635289023.8570127,3646123,35269362,5461336,75784,3814379,34280701,228173223,3626826,34251509,68348,2686667
1635289023.957131,3648645,35479308,5462685,73902,3675550,34257550,228050213,3778643,34212689,68243,2593023
1635289024.0572503,3759904,34344955,228000856,3620454,34249408,70256,2692415,3667238,35298491,5468400,74854
1635289024.157369,3630152,34288177,228064496,3768431,34303879,72350,2702992,3910099,35494377,5514569,75875
1635289024.2574866,3783683,34261917,228080727,3663546,34354918,73181,2576404,3530650,34879573,5478485,74747
1635289024.4577227,3679098,35382818,5490747,74430,3787245,34217980,228090033,3711776,34271875,73871,2615848
1635289024.5578406,3569661,35058946,5442227,59574,3555467,34210086,228071231,3733214,34127259,71366,2691459
1635289024.657959,3684439,35508146,5519783,75340,3760065,34211579,227956677,3727656,34232939,68542,2679609
1635289024.7580767,3625443,34963533,5469620,75426,3719192,34358418,228147937,3824889,34274380,69618,2488447
1635289024.8581946,3667635,35214550,5513716,75223,3794817,34270350,228057135,3662772,34274401,70137,2680097
1635289024.9583127,3676880,35123169,5418795,68741,3330312,34414207,228090231,3754717,34280493,70187,2520709
1635289025.0584326,3669260,35163244,5490891,74177,3748174,34263276,227996091,3613522,34324115,68391,2688628
1635289025.1585512,3612960,34272532,228031366,3776933,34184279,69941,2581615,3597771,35049769,5616921,71466
1635289025.2586687,3774490,34299373,228069562,3651515,34270819,70124,2657357,3672805,35176619,5415707,75483
1635289025.3587868,3619359,34241495,228062889,3780348,34254107,69564,2695277,3676810,35229055,5482904,73539
1635289025.5590231,3592495,34939273,5407456,68027,3774139,34316554,228133078,3629526,34287962,70659,2669622
1635289025.6591406,3694232,35420859,5479614,76485,3710194,34376296,228067399,3813674,34302323,70516,2693595
1635289025.7592592,3665843,35577255,5394921,60607,3770472,34313255,227968573,3559676,34294238,70083,2607053
1635289025.8593767,3592160,35050570,5505453,75191,3658983,34380499,228094380,3746587,34267248,69422,2638402
1635289025.9594944,3672249,35262502,5515998,74331,3756761,34356133,228168293,3710307,34328247,72252,2684233
1635289026.059614,3686304,35117960,5426293,69441,3330959,34223323,228042664,3776820,34372895,73816,2539994
1635289026.1597326,3685719,35234225,5498325,76190,3791552,34334496,228089287,3632782,34263522,72596,2712013
1635289026.2598507,3548760,34237624,228023988,3774291,34282562,69812,2694648,3621369,35181307,5693585,77541
1635289026.3599684,3776763,34248082,228098502,3786089,34306799,70864,2460408,3698937,35308853,5486423,75920
1635289026.4600747,3768559,34229088,227998586,3627449,34243915,68262,2665120,3527000,35421494,5526531,74019
1635289026.6603115,3687063,35336144,5461978,76392,3752506,34422101,228075059,3660695,34319586,70353,2428421
1635289026.7604299,3617464,34982040,5509127,75679,3637840,34321807,228155737,3717523,34315439,69395,2678472
1635289026.860548,3683319,35355186,5512389,75700,3718302,34358826,227982458,3759697,34352830,69138,2711457
1635289027.010838,3664463,35247262,5363737,69795,3782907,34337668,227937155,3779061,34394514,69997,2636553
1635289027.1109595,3770906,35271662,5504456,75801,3598234,34228430,228190388,3746389,34320162,69723,2640249
1635289027.211078,3700916,35599522,5505874,73863,3304416,34268732,228042530,3678431,34281235,68960,2682362
1635289027.3111959,3685169,35291108,5426557,76896,3768475,34260214,227954619,3787413,34304057,70607,2495827
1635289027.4113142,3706531,35430338,5498396,60884,3767457,34389387,228120124,3631158,34262789,69114,2693702
1635289027.5114324,3670887,35508231,5455557,76119,3654397,34375732,228061279,3787073,34273422,72576,2709172
1635289027.611551,3563060,35171516,5716996,74227,3794107,34415891,228083331,3771139,34377314,74247,2509518
1635289027.711669,3742073,35243437,5461429,72487,3797309,34413753,228021580,3625884,34443107,72796,2237553
1635289027.8117874,3619553,35001077,5495683,75341,3718478,34361071,228125260,3786758,34462344,71091,2693539
1635289027.9119053,3728870,35548248,5529858,72804,3799898,34329244,228047595,3781824,34373080,69283,2675149
1635289028.0120258,3612158,35103005,5460264,74827,3790020,34414491,228049719,3709812,34424725,69047,2593775
1635289028.1121445,3740905,35383342,5531295,74130,3642084,34421147,227995198,3776964,34382703,68980,2683745
1635289028.2122624,3721556,35650748,5524509,74392,3778811,34383282,228009972,3595350,34261673,68795,2689190
1635289028.31238,3642815,34946894,5449406,67796,3335247,34468280,228065924,3838979,34325293,70398,2719629
1635289028.4124982,3746603,35301539,5515320,74780,3756338,34429799,228040800,3642090,34418094,69327,2702198
1635289028.512616,3685608,35378262,5514546,63951,3770206,34455733,228183643,3771627,34363707,70028,2684470
1635289028.6127346,3650956,35002597,5521923,89697,3716312,34355345,228070037,3770493,34417480,71356,2472637
1635289028.712852,3703553,35804971,5499907,74574,3797910,34358056,228049736,3640862,34427121,69394,2680619
1635289028.8129697,3649466,35101213,5464283,73150,3746834,34389645,228109678,3784658,34292818,69740,2258051
1635289028.9130878,3593027,35166286,5523145,73839,3787556,34263622,227985302,3787213,34315736,70746,2807562
1635289029.013207,3639294,35502525,5437580,59475,3787191,34313452,228092678,3636086,34269083,67197,2695487
1635289029.1133258,3709915,35602209,5491593,72973,3627242,34244981,227997193,3824640,34274245,74594,2673104
1635289029.2134447,3679554,35530135,5514885,77185,3771919,34304970,228000690,3758766,34346448,72888,2704682
1635289029.313563,3532320,34807158,5501533,70273,3775062,34309175,228012101,3562634,34312884,70894,2405060
1635289029.4136813,3698352,35337690,5509904,75070,3855440,34209750,228139770,3737274,34364614,69344,2712712
1635289029.5137987,3689871,35421797,5434614,74638,3773771,34331087,228102840,3756963,34461571,69489,2595739
1635289029.6139166,3610131,35057777,5467023,78798,3765621,34355699,228103898,3712331,34264250,70738,2587864
1635289029.7140348,3691799,35362281,5501388,74063,3720262,34251535,228109356,3674293,34363278,69706,2681435
1635289029.8141527,3697473,35250920,5352053,75719,3666298,34360957,228173503,3790480,34319008,69658,2710808
1635289029.9142723,3782374,35257348,5438535,68111,3782521,34332919,228084859,3655466,34413887,70747,2686948
1635289030.0143929,3686778,35402145,5504264,74710,3558344,34360101,228165277,3717440,34351026,69923,2644596
1635289030.1145113,3711579,35519859,5503679,73744,3771252,34421929,228131076,3788766,34350124,70563,2674226
1635289030.21463,3725474,35433017,5401022,62153,3779836,34428008,228004456,3674919,34345670,68598,2662329
1635289030.314748,3633392,35120882,5484462,74971,3711165,34412398,228109256,3614366,34238193,70113,2495905
1635289030.4148674,3679559,35646237,5518560,72898,3648125,34233727,227918343,3768823,34307072,68830,2694137
1635289030.5149863,3679696,35240962,5417425,70299,3780402,34185667,228121645,3754797,34395946,69881,2407709
1635289030.6151042,3632955,35224827,5513050,75892,3685092,34268272,228088016,3665192,34274636,73160,2694162
1635289030.7152228,3702459,35479817,5514626,76686,3747578,34273478,228001650,3763425,34316506,71699,2717348
1635289030.8153403,3703601,35340268,5395214,70178,3540958,34293467,228078709,3787599,34348171,70189,2595089
1635289030.9154596,3703100,35551903,5372629,75905,3849932,34336873,227991632,3635796,34325271,69425,2695768
1635289031.0155795,3688690,35066962,5562764,68026,3580710,34275223,228222755,3762572,34301262,68642,2698199
1635289031.1157646,3636175,35387222,5502759,77212,3767495,34430034,228149695,3776877,34324766,70094,2569592
1635289031.2158906,3817381,35311539,5444727,78573,3777720,34402864,228055683,3628140,34291000,68071,2675462
1635289031.316013,3637584,35112606,5490194,74345,3632352,34265083,228006496,3770221,34277135,71416,2510216
1635289031.4161336,3681173,35327565,5505637,75536,3787506,34311730,227998698,3684916,34327969,68235,2798202
1635289031.516255,3569785,34789395,5463312,70922,3788784,34432423,228084656,3769808,34397269,71629,2500462
1635289031.6163762,3681627,35381755,5488204,75596,3820618,34354175,228187709,3786972,34439403,69220,2704772
1635289031.7164965,3699353,35576378,5457726,75104,3883284,34249152,228032266,3709705,34251575,68991,2685005
1635289031.8166173,3595223,35133757,5418151,75977,3535857,34206181,228036966,3760954,34211860,70392,2559289
1635289031.9167373,3674608,35433996,5510568,70739,3718140,34248971,228042152,3665758,34347420,70805,2696872
1635289032.016864,3685533,35366003,5386327,75799,3704982,34331373,227998333,3774520,34313224,72764,2700023
1635289032.116989,3721567,35127250,5500928,76135,3782136,34386869,228058470,3645683,34310828,74155,2683580
1635289032.2171092,3721385,35270811,5514421,72067,3407939,34262063,228070228,3746768,34336629,74820,2630880
1635289032.3172307,3572493,35115603,5475255,74411,3787090,34214240,228066191,3781116,34355027,72043,2563142
1635289032.4173515,3724310,35021018,5401710,76630,3782652,34326511,228083748,3634504,34352772,69414,2680030
1635289032.517472,3726580,35330565,5485678,74909,3637852,34306054,228100460,3802271,34417298,71092,2628423
1635289032.617592,3708720,35447306,5484543,76486,3790054,34520765,228109152,3782149,34446816,71431,2705346
1635289032.7177122,3502855,35008517,5448137,68666,3348688,32543894,218924156,3539066,31987546,68476,2572099
1635289032.8178325,3531349,33592198,5254963,87609,3754645,33981860,228053875,3779085,33918935,68753,2683710
1635289032.917952,3637536,34538931,5401711,89497,3770884,33986717,228015688,3730792,33874114,70076,2585572
1635289033.0180795,3680758,34961054,5460897,90936,3555318,33862757,228029931,3767897,33952567,68648,2693330
1635289033.118203,3469988,34324220,5524298,84101,3765278,33895616,228158029,3653189,33825897,69613,2551637
1635289033.218324,3695318,34912391,5466570,89642,3736821,33881221,228102627,3783291,33901288,68623,2446569
1635289033.3184445,3611214,34531378,5407489,101797,3777084,33850362,228053209,3622910,33842295,69853,2682993
1635289033.4185643,3667372,34671064,5490271,76562,3642391,33858436,228036350,3792676,33889174,69362,2653927
1635289033.5186849,3731478,35252561,5437054,80877,3764219,33926479,228101195,3624736,33875142,69340,2448319
1635289033.6188061,3602814,34735337,5459879,88166,3612126,34024096,228030625,3779023,33898861,68358,2663077
1635289033.7189255,3664627,35138823,5312282,87103,3774915,33908535,228145421,3699035,34046671,69341,2859415
1635289033.8190467,3645296,35094927,5463814,89344,3787144,33971564,228029168,3543408,33793069,69262,2727765
1635289033.9191673,3654628,34916937,4005930,94908,3672320,33877106,228087982,3859469,33971552,69774,2636185
1635289034.019292,3648248,35155423,5499395,89866,3713015,33800467,228069940,3679530,33949860,71907,2683048
1635289034.1194162,3634407,34594012,5441082,89116,3772041,33925240,228077533,3766517,33879270,73024,2498458
1635289034.2195356,3709148,35087248,5492104,86955,3745052,33867665,228136511,3794895,33957895,72327,2694922
1635289034.3196554,3442865,34392798,5437761,86636,3622647,33874553,228080021,3638293,33802466,73697,2690160
1635289034.4197755,3678182,34650609,5347731,83591,3641268,34024521,228142469,3775109,33954670,68886,2549972
1635289034.519896,3629691,34893800,5625354,94478,3773830,33993807,228032427,3610157,33932932,69164,2741015
1635289034.620013,3622520,34826121,5461851,88875,3634446,33869564,228027987,3770438,34038929,69185,2502297
1635289034.7201343,3651334,34794411,5428416,85986,3793562,33973915,228062402,3636037,33970199,68100,2966960
1635289034.820255,3687386,35067703,5495174,88998,3603888,34047671,228128190,3719915,33862941,70639,2242222
1635289034.9203765,3651532,34952123,5344833,93121,3772609,34032235,228151918,3731287,33983838,69614,2480945
1635289035.0205028,3684132,34915982,5483823,88431,3779590,34025921,228120022,3783204,33946329,69563,2687901
1635289035.1206405,3696425,35033992,5348555,81623,3627771,33868777,228179900,3728899,33949052,69786,2547491
1635289035.2207458,3710051,34914693,5464887,90999,3878359,34029600,228123928,3634921,33979162,69884,2688624
1635289035.3208694,3687990,34723222,5352546,87227,3769171,34023253,228009402,3776397,33971826,71280,2539376
1635289035.4209938,3688611,35007439,5479943,88775,3672435,33820761,228134314,3636340,34052736,69159,2698192
1635289035.5211177,3690914,34643203,5356211,81748,3795115,33982658,228123730,3787584,33931461,70210,2609161
1635289035.6212466,3711630,35199981,5464446,162488,3660505,33922248,228062478,3727886,33967060,68804,2705540
1635289035.7213743,3688382,35193694,5429090,90467,3789781,34000294,228110845,3773877,33882347,68971,2502076
1635289035.8215022,3572594,34517757,5391999,88439,3620702,33894627,228081628,3785792,33945971,69512,2655664
1635289035.9216309,3679681,35313767,5489659,89155,3772636,34047754,228078481,3710318,33903117,70033,2109331
1635289036.021769,3475403,34425420,5391011,81884,3460736,33965817,228077455,3756487,33915158,70116,2707953
1635289036.1218972,3672114,35069012,5472839,89038,3793663,33925982,227979083,3778432,33958680,72605,2667268
1635289036.2220259,3565856,34577822,5407972,87608,3644378,33747105,228040140,3570480,33964863,72378,2681239
1635289036.3221507,3675813,34964673,5482989,90963,3758362,33966482,228052619,3801977,34030754,72684,2697469
1635289036.4222782,3653970,34612895,5473325,88352,3793652,33989383,228124229,3640639,33913032,72895,2700868
1635289036.5224085,3708945,35059439,5470796,89637,3811950,34069171,228071564,3788301,34090192,70614,2376007
1635289036.6225362,3603879,34670291,5468003,88092,3793764,33940281,228073446,3644310,34004981,69174,2691511
1635289036.7226655,3645927,34030959,228155451,3788974,34031247,70284,2526292,3673880,35058530,5453658,78201
1635289036.8227959,3774414,34040575,228045290,3628692,33962817,71009,2688344,3522850,34503623,5469739,88445
1635289036.9229205,3635488,34120432,228022033,3758539,34026994,70046,2671381,3686852,34979072,5333070,87357
1635289037.1231875,3689140,35071073,5480864,88793,3782432,34083191,228095998,3712820,33801083,69731,2679560
1635289037.2233152,3675186,34969433,5367600,91048,3785119,33964436,228007457,3777590,34012992,68660,2465856
1635289037.3234532,3725667,34927093,5495493,90799,3714995,33918772,228116495,3616826,33861024,68766,2686755
1635289037.4235797,3699461,34935057,5361708,83009,3677746,34015584,228143015,3817823,33902709,70197,2468748
1635289037.5237014,3699753,35009355,5474318,88622,3841370,33897490,228108292,3678208,33962392,69757,2684013
1635289037.6238232,3700235,34487220,5396533,85980,3757054,34066147,228039088,3788565,33894300,69857,2710658
1635289037.7239442,3690034,35064857,5413011,89358,3507927,33898603,228122491,3713726,33989304,69221,2698224
1635289037.8240657,3792739,33939327,228066484,3740792,33947619,69615,2585564,3695188,35059303,5412385,89454
1635289037.9241867,3638925,33973767,228106031,3795630,34020426,69011,2699599,3520877,34602464,5481874,91493
1635289038.024311,3801859,33914810,228054045,3715851,33853053,70552,2448392,3515748,34384019,5502255,85621
1635289038.2245543,3702976,35194998,5520547,89780,3784758,33941378,228092604,3659537,33819833,74675,2650308
1635289038.3246758,3568587,34638748,5421895,77019,3540151,33996883,228076946,3804640,33987795,73286,2699622
1635289038.4247968,3670284,34979271,5473868,93468,3785775,33993498,228141746,3668512,33999796,73716,2628076
1635289038.5249183,3615170,34502040,5497314,88267,3654275,33959578,228080548,3629797,33991203,72890,2694325
1635289038.6250389,3701244,34894308,5476188,91296,3737749,33964655,228029916,3768718,34036962,69794,2679681
1635289038.7251596,3788799,34727622,5517628,88207,3790172,33915864,227958435,3631501,33958775,68899,2699348
1635289038.8252804,3693459,35048641,5370986,88894,3801740,33875191,228006542,3786812,33991597,69654,2458154
1635289038.9254017,3797618,33887789,228117060,3630120,34012566,68777,2706766,3694802,34990152,5475506,88857
1635289039.0255291,3637146,33982523,228139379,3792543,33977461,69786,2577109,3323856,35164821,5346963,86199
1635289039.1256526,3763433,34030380,227987056,3635202,33918372,69540,2715809,3696603,35057774,5470968,89153
1635289039.3258946,3677474,34922500,5347009,91109,3774540,33842141,228102418,3625839,33965041,69224,2653242
1635289039.4260151,3711137,34853952,5476171,88852,3802492,33979736,228039781,3763269,34011878,69572,2674634
1635289039.5261362,3686296,34856883,5393266,88292,3750867,33889287,227971635,3810149,34050450,69929,2536397
1635289039.626257,3675559,35015871,5473571,88756,3786244,33943825,228059141,3585495,33920168,69510,2687097
1635289039.7263815,3692294,34649283,5348029,86572,3672902,33919338,228027647,3823859,33865229,70181,2404285
1635289039.8265047,3692415,35221106,5465880,89410,3571132,33897738,228204526,3729497,33906221,69129,2705870
1635289039.926626,3635341,34682919,5402311,80844,3780961,33945663,228091709,3770419,33922415,68898,2657543
1635289040.0267522,3598627,33901106,228040690,3746270,33944861,68773,2695626,3585176,34956464,5709549,89340
1635289040.126876,3791078,33931887,228048164,3705529,33945534,69929,2561608,3278906,34040990,5369781,89268
1635289040.2269962,3637821,33872071,228021969,3789799,34019411,72544,2674731,3942733,35163775,5486479,89916
1635289040.4272368,3493003,34500155,5443541,84595,3651772,33923398,228066973,3799207,33900990,71167,2693698
1635289040.5273566,3689547,35124227,5474055,90260,3792526,33938412,228029185,3701935,33993851,73307,2606105
1635289040.6274765,3608860,34735133,5469971,88749,3623535,33883368,228053970,3772257,34012706,72857,2706423
1635289040.7275975,3680225,35016009,5493063,91547,3776692,33893436,228167586,3553193,33944925,69024,2693489
1635289040.8277183,3704873,34657088,5490352,89224,3812313,34203090,228020040,3701991,33891491,69004,2703545
1635289040.9278393,3685905,34919132,5445264,90042,3323882,33896866,228126849,3771456,34073876,70023,2317926
1635289041.027965,3623104,34579225,5518443,90393,3770105,33921394,228200346,3637615,33929990,68982,2689393
1635289041.128089,3717191,33969906,228017327,3785576,33908807,69344,2539506,3664488,34906562,5483545,77708
1635289041.2282093,3788901,33961447,228009004,3644714,33868384,68655,2696593,3536497,34316594,5419793,88814
1635289041.3283303,3658699,34038080,228123075,3786869,33906246,69735,2674309,4203429,35236190,5307476,86974
1635289041.528572,3685354,35068772,5468268,88701,3767237,34031874,228025145,3783552,33875685,71156,2681690
1635289041.6286922,3696232,34847171,5409784,92104,3766559,33874839,228095444,3649066,34163147,69955,2542291
1635289041.7288125,3688870,34943030,5468796,90106,3761811,33904221,228019684,3769127,33886163,69396,2657866
1635289041.8289359,3683004,34643500,5324952,82934,3679705,33810997,228144295,3701807,33837636,69942,2461011
1635289041.9290576,3685978,35017338,5440926,88906,3788627,33848111,228119901,3768907,33874676,68672,2681438
1635289042.0291824,3532716,34350359,5380895,81940,3342666,33822767,228024153,3704706,33851967,69246,2680615
1635289042.1293056,3682978,35140331,5442470,88766,3547945,33797625,227979067,3774921,33670781,69316,2573677
1635289042.2294257,3559482,34685661,5427562,96259,3753225,33858537,228135544,3623472,33728077,70282,2689968
1635289042.3295462,3645237,35004443,5418590,88411,3617935,33888204,228007560,3772954,33844391,71005,2567529
1635289042.4296672,3662467,34782376,5231608,86966,3769621,33861989,228031536,3605899,33805001,73453,2661414
1635289042.529788,3437484,34949089,5453423,89307,3689309,33891665,228110209,3758134,33832735,74239,2842227
1635289042.629908,3647758,34968590,5390636,86228,3486042,33743582,228032941,3722070,33914746,76233,2592231
1635289042.7300153,3710661,34870370,5443080,89204,3781303,33858238,227984161,3673739,33819131,74602,2823610
1635289042.8301368,3583178,34572579,5367014,89138,3623966,33824306,228020004,3726403,33762940,71152,2572971
1635289042.9302573,3683084,35132063,5443652,91984,3760051,33838943,227866983,3763776,33941548,71202,2688837
1635289043.0303833,3626753,34621386,5473477,88762,3659233,33884494,227975749,3619847,33892632,70719,2683389
1635289043.1305068,3680517,35011782,5429092,90732,3285417,33812589,228001884,3757067,33915275,71531,2459762
1635289043.2306285,3654631,34638081,5471996,89372,4197629,33936677,227939410,3599898,33920884,72199,2672321
1635289043.3307493,3685506,34792412,4019293,97997,3539328,33837744,228045591,3757943,33784803,71209,2523178
1635289043.4308703,3684629,34877975,5344589,83750,3706661,33830817,228116692,3748717,33937375,70417,2677660
1635289043.5309927,3432280,34591387,5761811,85667,3775053,33949999,228032114,3652360,33788553,72131,2582574
1635289043.6311135,3418117,34200816,5299384,88095,3723995,33992848,228071496,3778456,33900593,70424,2241384
1635289043.731236,3726792,34868593,5531836,89278,3767375,33857572,228130773,3620899,33820368,68868,2817686
1635289043.831357,3613105,34879805,5470304,89761,3646393,33967449,228033240,3769165,33768140,72026,2460604
1635289043.9314775,3667115,35005192,5403999,77888,3767268,33877785,228073060,3647960,33994840,70880,2599231
1635289044.031605,3679703,34866561,5422420,90515,3678744,33868205,227993563,3659972,33792276,70013,2682975
1635289044.1317275,3662447,34816903,5316882,87836,3688765,33749497,228035674,3698624,33893116,70058,2499876
1635289044.2318482,3674844,35041590,5460735,90287,3973697,33814159,228060510,3711175,33906203,70027,2658531
1635289044.3319695,3631598,34713689,5370345,79397,3316024,33693215,227919522,3736247,33780806,71185,2682935
1635289044.432091,3690083,35145602,5463417,83948,3741100,33789132,227949315,3765810,33802338,70708,2628481
1635289044.5322123,3583611,34708151,5525199,98997,3711317,33844946,227921045,3620338,33771722,69180,2672346
1635289044.6323338,3682313,34844795,5273050,91550,3602066,33866283,227962531,3768342,33873346,71978,2675211
1635289044.7324545,3724499,35300156,5483086,83755,3777570,33857959,228068955,3608038,33846069,73367,2733435
1635289044.832575,3649188,34831208,5439820,88839,3780797,33832404,228068698,3754880,33859218,75077,2495503
1635289044.9326963,3662506,34616381,5366150,93819,3689676,33761159,228034590,3679974,33916895,76969,2668712
1635289045.0328233,3670688,34959451,5449107,90641,3772188,33806247,228038004,3709016,33769808,70403,2655340
1635289045.132948,3616920,34560077,5394140,88925,3625428,33796732,227977642,3797208,33769770,73886,2533914
1635289045.233069,3694870,35118208,5454351,90262,3752770,33817883,227866611,3762059,33877558,70948,2677124
1635289045.33319,3555201,34511382,5409589,89213,3745837,33906307,228096247,3529678,33833802,71129,2677315
1635289045.4333103,3685133,34962133,5440716,90404,3729568,33865401,228074695,3776591,33850953,71608,2462114
1635289045.533431,3623383,34596721,5493360,89201,3728413,34053604,228081124,3595458,33820533,70562,2682338
1635289045.6335514,3667626,34990106,5267544,90499,3607069,33873824,228078472,3753407,33930460,71093,2454904
1635289045.7336724,3691896,34919713,5421885,85462,3798058,33786412,227967853,3616538,33904910,70349,2674035
1635289045.8337927,3665224,34732914,5449880,89201,3767041,33923805,227933638,3775573,33788499,70253,2670511
1635289045.933913,3642678,34502266,5328107,86680,3386382,33728550,228011483,3739485,33839625,71129,2599270
1635289046.034039,3687788,35104435,5497371,89928,3758501,33867438,228060713,3680474,33733286,71809,2801689
1635289046.1341631,3610467,34710062,5374011,90018,3599700,33839525,228086194,3767418,33768181,71983,2464749
1635289046.2342846,3682044,34890743,5468507,92232,3768248,33889769,228053841,3675917,33815026,69792,2777291
1635289046.3344057,3643189,34526409,5441221,89726,3659478,33813831,227914446,3524938,33691845,70615,2665334
1635289046.4345267,3690472,35045953,5390392,92053,3772079,33755541,228053704,3755590,33973442,71598,2444006
1635289046.534647,3648807,34711541,5434455,90154,3936635,33866912,228047154,3672953,33810256,71373,2682242
1635289046.6347678,3660466,34974364,5355769,90156,3535678,33696405,228018641,3771600,33802160,71325,2530541
1635289046.734888,3686068,35245612,5437709,88217,3926585,33821449,228143236,3656416,33820504,70604,2685102
1635289046.8350086,3627807,34526771,5428799,88554,3685656,33870771,228005802,3749725,33712492,72316,2287269
1635289046.935129,3650023,34959980,5328294,92540,3555780,33890293,228105045,3754509,33849867,72942,2702391
1635289047.0352561,3603723,34589459,5456205,83307,3760398,33875723,228054755,3622405,33780819,74730,2793679
1635289047.13538,3633969,34950290,5425150,77817,3542461,33716453,227985465,3764179,33968353,75637,2486204
1635289047.2355,3636960,34678353,5467127,95874,3774774,33778465,227939985,3628276,33887415,74811,2748178
1635289047.3356206,3571858,34553572,5454176,89525,3614068,33830547,228044277,3795677,33811866,70198,2596979
1635289047.4357407,3676368,34880712,5359814,87265,3774478,33785320,228029762,3570629,33888701,71924,2687498
1635289047.5358605,3688600,35125014,5457404,89267,3772226,33839901,228108334,3762725,33951764,71584,2689801
1635289047.6359816,3682757,34932059,5372431,91616,3540588,33753375,228001594,3731773,33824510,72137,2557729
1635289047.7361016,3672115,34989995,5443819,88938,3880418,33849720,228053900,3690598,33954225,70465,2688689
1635289047.8362217,3617049,34555194,5396714,89744,3762609,33963327,228098599,3702358,33838548,71917,2542792
1635289047.9363418,3662329,34938404,5485324,89334,3522834,33953423,228071639,3759122,33942034,70592,2686482
1635289048.0364656,3428152,34287720,5319266,84012,3763389,33923739,228018731,3643325,33798485,69929,2662976
1635289048.1365879,3678849,34977065,5455752,89106,3723736,33909259,228077304,3778977,33792234,70268,2503117
1635289048.2367089,3453811,34537388,5450926,90033,3768384,33888490,228090708,3616918,33702142,69761,2693406
1635289048.336829,3717009,34880012,5467270,90061,3606171,33931038,227938891,3773446,33798063,71261,2669848
1635289048.4369485,3682505,35009772,5295892,86622,3753035,33843073,227951948,3622487,33829674,70877,2346760
1635289048.537069,3654717,35009954,5441000,89551,3657585,33958913,228012311,3730628,33843720,69804,2743344
1635289048.6371891,3657314,34705243,5343385,87251,3513889,33755199,227856901,3752081,33767563,71350,2679380
1635289048.7373092,3667581,35071123,5439446,89374,3780564,33852609,228082036,3660561,33931207,70330,2689121
1635289048.8374298,3591996,34689052,5335860,90370,3729067,33851816,228024732,3729522,33796035,71517,2575350
1635289048.9375498,3659632,35145051,5418686,90739,3541203,33849415,227998749,3769456,33847331,69828,2690826
1635289049.0376756,3564566,34768709,5413539,89175,3769536,33927491,228103879,3617917,33755240,69440,2679505
1635289049.1377995,3651313,35208809,5394036,88993,3736174,33915752,228041006,3780545,33884445,70797,2334519
1635289049.237921,3600188,34799845,5439090,102617,3765300,33836141,228125760,3628188,33820406,72926,2706822
1635289049.3380427,3607544,34477164,5369918,77481,3784426,33941636,228060675,3765469,33867199,73792,2625362
1635289049.438163,3870240,35407693,5371071,82497,3769792,33764961,228098448,3616548,33939744,73961,2471896
1635289049.5382838,3609160,34715407,5457133,88634,3787684,33841410,228073861,3761621,33832428,76828,2701795
1635289049.6384044,3624979,34437954,5326975,86469,3553953,33738401,228125825,3853490,33762389,71474,2237607
1635289049.738525,3682582,34960065,5445863,89211,3715568,33713417,227960261,3614920,33980902,70852,2632039
1635289049.838649,3779018,31369823,2028001,85036,3783322,33836253,228016609,3596994,33882059,70573,2688243
1635289049.9387705,3691716,34721521,5398087,89486,3655032,33861740,227990950,3826528,33897810,72009,2545817
1635289050.0388954,3682475,34967204,5461122,89805,3818716,33851356,227971906,3725717,33940127,70808,2670023
1635289050.1390176,3522546,34370695,5431215,85859,3536063,33940748,228034840,3647476,33776465,73054,2526117
1635289050.2391372,3664191,34914695,5358492,86888,3853026,33930339,228015291,3755211,33887035,70052,2428384
1635289050.3392572,3577346,34593765,5546186,95909,3758028,33887026,228029705,3622565,33763579,70365,2687525
1635289050.439378,3641296,34856879,5373407,82449,3660124,33868353,228008732,3772964,33844381,70837,2559276
1635289050.5394983,3693163,34667607,5368227,78380,3767772,33807095,228067909,3612940,33807984,70081,2675610
1635289050.6396184,3656520,34988166,5456071,89479,3686084,33972964,228043268,3775905,33814155,71876,2259122
1635289050.739739,3697713,34872118,5329865,87652,3666358,33749881,228052284,3696112,33915436,69585,3725871
1635289050.8398583,3655262,34980157,5438301,89839,3768538,33960181,228142760,3749359,33833570,70918,2669168
1635289050.9399788,3662565,34690467,5372301,89762,3584915,33745868,228057844,3698189,33824285,70705,2658385
1635289051.0400805,3657392,35184188,5428032,90206,3780448,33802453,228019739,3732551,33907707,69914,2674683
1635289051.1402037,3590248,34689375,5460689,89943,3558853,33667013,227927824,3666656,33794777,70701,2594022
1635289051.2403255,3630344,35159442,5431755,92417,3748941,33816160,227993370,3775801,33837189,70319,2705229
1635289051.3404465,3641322,34954761,5431611,88833,3766788,33775156,227929753,3621547,33748934,70254,2702599
1635289051.4405673,3659890,35146917,5460524,89159,3757431,33788902,228002679,3772335,33801685,70588,2466465
1635289051.5907881,3754052,33853723,227924602,3619136,33823443,73648,2684112,3642094,35020779,5455164,88325
1635289051.6909125,3714589,33921504,228006012,3759658,33846099,74594,2475640,3684682,34755546,5302875,83186
1635289051.7910333,3700799,33851067,227985734,3687261,33998263,76388,2705178,3662996,34945410,5445869,89546
1635289051.9912748,3509803,34388920,5365148,83393,3476795,33842542,228063362,3734046,33899825,72746,2707972
1635289052.091401,3675716,35035814,5453363,89827,3772874,33860723,227891513,3768764,33972723,71054,2618198
1635289052.1915221,3588242,34646383,5386365,89152,3621869,33813923,228143135,3676387,33906566,71505,2685620
1635289052.291643,3661778,35025433,5433407,89694,3689753,33825449,228015927,3711347,33846963,71272,2649649
1635289052.3917642,3766377,34804692,5480131,88550,3606543,33933605,228132913,3614208,33802119,69560,2689515
1635289052.4918854,3661942,34945319,5341113,91945,3763238,34015349,228037492,3758035,33884800,70217,2631470
1635289052.5920136,3723410,34787689,5412092,87950,3770745,33765742,228037804,3606713,33937779,70893,2686412
1635289052.6921344,3778192,33896145,227998878,3769233,33861306,71183,2531760,3755335,35297318,5358892,88233
1635289052.7922556,3683015,33843421,228051243,3715738,33868314,70490,2675007,3531531,34541710,5460282,89764
1635289052.892377,3767355,33861902,228070012,3715444,33803620,71261,2424460,3555603,34422937,5436979,86297
1635289053.092627,3684097,35056202,5457263,89317,3759692,33857068,228048036,3663565,33916627,71490,2638626
1635289053.1927505,3563050,34562082,5379621,77066,3545073,33869734,227946713,3734493,33841760,70702,2676497
1635289053.2928717,3673965,34987363,5437473,95589,3768473,33737098,228020505,3535820,33809138,71407,2561509
1635289053.3929935,3580251,34608517,5440200,88937,3698265,34025944,228065808,3690623,33863339,71007,2676816
1635289053.493114,5362275,32761285,5303293,87647,3660740,33776246,228045177,3763885,33888075,70172,2646813
1635289053.5932357,3639322,35140291,5439660,89082,3775882,33656296,227997875,3621872,33786318,69168,2704692
1635289053.6933563,3663273,34902605,5396124,94689,3775348,33833735,228066128,3766827,33728833,70959,2651981
1635289053.7934766,3578240,33782542,228065976,3743744,33861937,73954,2683529,3576800,34413835,5417616,89856
1635289053.8935971,3755371,33897202,227968351,3673716,33811989,74649,2612409,3563314,34907942,5458722,88979
1635289053.993718,3620048,33784886,227944074,3761130,33888476,74251,2708895,3687971,35093627,5472449,90653
1635289054.193964,3584626,34504299,5415264,89119,3777557,33844401,228026976,3780866,33949410,69634,2685730
1635289054.2940848,3670204,34996606,5415450,89551,3773157,33834587,227947185,3543618,33862657,71272,2463217
1635289054.3942058,3619982,34669115,5440864,89394,3659806,33878156,228069161,3766269,33966993,71031,2674169
1635289054.4943268,3692226,35049471,5320767,84582,3748805,33847223,227889678,3794453,33909239,71139,2463160
1635289054.5944471,3663571,35147651,5468290,88534,3714472,33654157,228141049,3627669,33984878,71044,2685312
1635289054.694568,3661360,34547548,5372587,85996,3809213,34030182,228182867,3760635,33796928,71356,2687142
1635289054.7946892,3656173,34936710,5437292,88121,3355134,33882769,228030056,3742731,33869051,69551,2678635
1635289054.89481,3765845,33913608,228041705,3606912,33850550,70400,2666694,3670338,34986247,5539989,89390
1635289054.9949305,3620518,33812961,228058475,3775938,33920771,69927,2671428,4410842,35754061,5463907,92500
1635289055.0950577,3765096,33859329,227983274,3611589,33791739,69867,2708337,3514425,34490669,5480833,89571
1635289055.2953014,3668456,35115623,5371585,91691,3778575,33814982,228072710,3617658,33719185,69988,2496504
1635289055.39543,3641905,34828945,5438577,88899,3750613,33900836,228027509,3702334,33842980,70495,2668348
1635289055.4955578,3689175,34821549,5376908,88648,3643919,33937760,228219338,3748873,31716824,63246,2238713
1635289055.5956802,4277650,32474215,5309927,85794,3759804,33813229,227996375,3792040,33889474,71114,2482869
1635289055.695802,3692175,35053315,5451227,89676,3833313,33651244,228118176,3651297,34005558,70352,2684929
1635289055.7959223,3663361,34602823,5356682,84644,3665287,33890751,228149341,3773912,33787724,69774,2676869
1635289055.8960428,3654349,35154197,5453175,89155,3336924,33796180,228105155,3777788,33907011,70520,2683553
1635289055.9961662,3784642,33847684,228019934,3687918,33805480,71224,2621615,3649324,34898489,5192455,89929
1635289056.0962903,3621785,33801801,228007095,3768958,33800705,73832,2695148,3690416,35654357,5580773,91839
1635289056.1964126,3746575,33913377,228050183,3612178,33744097,73607,2668771,3481897,34603933,5450061,88965
1635289056.3966544,3667774,35001646,5386772,91853,3766171,33828760,228090198,3598346,33963257,75515,2479228
1635289056.4967773,3667649,34776306,5473711,89424,3771439,33820393,228035625,3645789,33711001,70030,2679888
1635289056.5968978,3680515,34820191,5367778,88238,3705227,33737318,227968178,3849691,34024167,72737,2529866
1635289056.697019,3674519,35004002,5459747,90033,3779490,33844639,227957016,3752049,33917939,69812,2687506
1635289056.7971406,3563129,34509719,5428970,84965,3651666,33724443,227918245,3641794,33874951,70637,2437884
1635289056.8972602,3693320,35161235,5477776,89349,3335057,33856575,228025119,3776703,33961185,69473,2655133
1635289056.9973824,3563751,34615773,5412948,77389,3754559,33935457,227941947,3629502,33837518,69922,2678031
1635289057.0975082,3542052,33923382,228036991,3761304,33909772,70479,2591787,3590398,34618200,5659033,94935
1635289057.1976287,3774105,33909976,228000050,3613021,33895851,70972,2673363,3717082,34896146,5477691,89308
1635289057.29775,3624123,33934567,228018482,3765602,33965996,70458,2695230,3497370,34879234,5395558,87653
1635289057.4979913,3668308,34954937,5469420,89531,3781830,33892798,228154915,3780577,33896461,70957,2682477
1635289057.5981266,3692885,35041883,5381959,92211,3747788,33785373,228062217,3641044,33889449,70785,2466256
1635289057.69825,3729392,34967099,5474651,90490,3734126,33955619,228013560,3752362,33852710,70935,2695298
1635289057.7983708,3656920,34741158,5328089,81936,3664919,33881807,227959367,3686120,33717046,71995,2474683
1635289057.898491,3662251,35172933,5449929,90012,3774535,33889308,228042709,3771960,33974849,70453,2703018
1635289057.9986126,3515629,34507957,5362237,83153,4171324,33979092,228098577,3711405,33846459,72248,2673217
1635289058.0987363,3666643,35103707,5438541,88923,3305219,33654428,227908865,3764741,33851594,70037,2580792
1635289058.1988578,3570701,34653083,5387142,84797,3766987,33841948,227996482,3620755,33724334,71399,2693840
1635289058.298978,3665511,35206306,5393577,88890,3636183,33763994,227978494,3773276,33849885,71821,2616771
1635289058.3991017,3688342,35331014,5321799,92245,3761745,33787758,227974687,3612449,33818139,73987,2667984
1635289058.4992313,3488848,34443007,5446353,86192,3622477,33829430,228059019,3776844,33798867,75487,3506368
1635289058.5993574,3841048,35372506,5386042,86212,3543490,33753455,228058010,3681936,33874687,75858,2269385
1635289058.6994858,3606917,34567592,5469364,89021,3775057,33839228,228071695,3683142,33924644,76029,2770202
1635289058.7996094,3613916,34520221,5361712,89143,3619480,33771157,228078275,3755364,33747102,71175,2587160
1635289058.8997386,3669922,35030406,5462359,91730,3774178,33947391,228048427,3658713,33954764,71324,2692588
1635289058.999865,3589055,34570699,5480874,88471,3763025,33994078,228191620,3761010,33893030,71110,2671913
1635289059.1000175,3695142,35046389,5466277,89935,3298083,33607257,228032101,3686562,33897838,70497,2351441
1635289059.200146,3592196,34669214,5495327,86251,4074270,34071490,228081659,3615660,33758128,70426,2680328
1635289059.300273,3684070,34933859,5383251,72966,3737262,33847269,228081843,3763433,33736657,71148,2544747
1635289059.4004004,3688354,34707777,5514147,90356,3683597,33782349,227932953,3608158,33843550,71188,2692408
1635289059.5005257,3685438,34431493,5213052,84985,3717318,33892126,227938132,3751985,33826273,71707,2381515
1635289059.600652,3737717,35522643,5472175,88819,3617832,33718859,228009008,3716411,33918069,70066,2247351
1635289059.7007825,3494282,34325901,5447894,89206,3768238,33839668,227999491,3690431,33783534,70876,3057385
1635289059.8009117,3638992,34848723,5385115,77968,3772761,33955408,228025573,3779507,33794231,72401,2400048
1635289059.901042,4522834,28998292,2487673,89223,3680989,33936914,228065097,3729026,33951003,72850,2648410
1635289060.0011742,3695058,35047940,5474065,89529,3756163,33953590,228050007,3752502,33884299,71203,2694171
1635289060.1013043,3652320,34456318,5356837,87143,3587827,33875662,228079279,3715806,33788454,71655,2300340
1635289060.2014287,3703439,35078462,5474360,88980,3824887,33892855,228073843,3742820,33951490,70435,2677449
1635289060.3015544,3601196,34575404,5380664,78664,3404258,33770607,228100606,3666327,33941096,72380,2688474
1635289060.4016852,3665259,35135631,5466041,96670,3718610,33888218,228468725,3776813,33975950,71306,2633504
1635289060.501812,3600055,34693084,5499468,88872,3766140,33845895,228122068,3624047,33755403,71395,2686254
1635289060.6019397,3704955,35070472,5455095,90190,3632762,33839060,228077109,3777355,33879622,71254,2667355
1635289060.7020679,3733656,34715123,5505971,89805,3768372,33930505,228105563,3630002,33857848,73692,2671354
1635289060.8021944,3653316,35078993,5509166,89873,3776947,33985865,228027717,3771202,33936546,74140,2646099
1635289060.902324,3861884,35336485,5395165,89518,3754234,33852184,228023824,3611979,34014674,76378,2490278
1635289061.002452,3601285,34578330,5489267,89868,3686246,33881048,228098433,3754713,33979476,71388,2687912
1635289061.1025836,3671298,34800714,5333793,84601,3736705,33826861,228014913,3607500,33823793,73111,2491005
1635289061.202713,3671588,34912576,5463220,88312,3776440,33883249,227871478,3717654,33986873,72123,2680382
1635289061.302842,3607583,34321531,5395253,85160,3346265,33818095,228155506,3967479,33826458,72399,2653664
1635289061.4029665,3692634,35097502,5480798,85842,3640685,33713608,228206105,3644794,33855959,71494,2657603
1635289061.5030923,3562296,34696808,5414431,90167,3748301,33989769,228097761,3602669,33797650,71591,2683283
1635289061.6032205,3671957,34977565,5476972,87655,3638656,33934713,228149870,3776967,33867584,71581,2677443
1635289061.7033458,3734732,34753494,5431251,98142,3747450,33922903,227942660,3608971,33790256,71436,2698872
1635289061.8034713,3676886,34525972,5420647,84165,3565196,33938267,228030261,3752766,33866547,71794,2623950
1635289061.9036005,3790205,35352851,5429428,94854,3771516,33708635,228040041,3614002,34001739,72083,2535734
1635289062.003728,3494403,34288560,5397644,90275,3767368,33901281,228034467,3770374,33770612,72405,2661110
1635289062.1038513,3722167,35020475,5391897,89495,3687201,33815949,228199097,3704331,33911391,70518,2663088
1635289062.2039728,3687402,35115703,5446088,89236,3770228,33845555,228118989,3663460,33720323,71809,2565315
1635289062.3040946,3601950,34480714,5393162,87175,3633584,33811184,228130274,3900787,33829100,71121,2404928
1635289062.4042165,3688817,35067515,5464930,87333,3741944,33814130,228154862,3539622,33850276,70539,2539287
1635289062.5043368,3599000,34673627,5425633,89774,3666777,33921200,228055788,3703637,33804602,70518,2683536
1635289062.6044605,3661926,35092517,5392456,79446,3763609,33870590,228172138,3759490,33957591,69971,2543214
1635289062.7045808,3627003,34728266,5467205,89636,3569317,33827137,228238029,3616796,33869462,70916,2657002
1635289062.8047025,3678891,34795090,4707673,84504,3274372,30938974,228209932,3624091,33801397,71233,2682532
1635289062.904824,3675412,34838524,4929996,90082,3400591,29406380,228303146,3524467,33866464,72108,2714156
1635289063.0049586,3670926,35372288,5440068,90606,3545022,33830935,228270506,3768076,33849371,74214,2547143
1635289063.1050951,3473817,34726721,5459358,88667,3755028,33969556,228283150,3625645,33799015,75024,2778607
1635289063.2052238,3670848,34773482,5439446,89400,3607779,33851500,228191290,3756782,33868268,75792,2695121
1635289063.3053532,3679287,35013937,5414723,91591,3779088,33878236,228262567,3606852,33782931,70718,2582895
1635289063.4054823,3714182,35004729,5466840,88339,3568792,33915887,228231998,3761459,33921520,75053,2725963
1635289063.5056114,3660470,34915013,5330422,90731,3136474,31739581,228020644,3763737,33994665,71401,2699273
1635289063.60574,3717246,35123827,4216050,87789,3774380,33808454,228030510,3764849,34016422,71588,2470205
1635289063.7058702,3657571,34780203,5472430,88010,3564582,33815898,228077993,3642288,33870213,71109,2685054
1635289063.8060017,3667381,35001727,5348266,84394,3774343,33891478,227976486,3775942,33904519,72542,2475255
1635289063.906128,3661045,35019581,5475056,87753,3884973,33914796,228223469,3643983,33979147,70213,2712903
1635289064.0062613,3686936,34596983,5436576,88620,3575889,34047119,228053812,3754670,33827939,70926,2669478
1635289064.106391,3684365,34771445,5347537,84848,3567195,33887031,228138986,3684551,33968021,70333,2689776
1635289064.206521,3647107,34980229,5474094,92680,3775324,33917761,228028375,3734578,33834771,72326,2639318
1635289064.30665,3724562,34911791,5419540,90329,3625539,33889965,228106622,3783394,33919010,71365,2485527
1635289064.4067764,3620733,34757843,5455748,90450,3767880,33893767,227967111,3618393,33820089,69384,3086990
1635289064.5069046,3555027,34525362,5489145,88847,3752539,33920631,228111107,3684078,33731816,71959,2241789
1635289064.6070335,3692267,35198234,5459979,88516,3769563,34009634,228066937,3770299,33878030,72325,2289643
1635289064.707163,3596448,34605945,5507323,89915,3705640,34006969,228094551,3756564,33914515,71109,2685300
1635289064.807291,3694466,35079355,5374892,77430,3675672,33789470,228033708,3684208,33847394,72936,2542152
1635289064.9074183,3673446,34875078,5439450,90685,3869260,33965608,227959591,3610478,33941823,70436,2661074
1635289065.0075512,3659121,35002601,5346464,89264,3661688,33835329,227926056,3777071,33900058,71757,2529685
1635289065.1076815,3647036,35199213,5422107,92712,3762511,33782337,228077688,3661658,33965271,70620,2709545
1635289065.2078109,3648571,34982137,5424877,76697,3786578,33913021,227992198,3772539,33817491,71693,2688128
1635289065.3079376,3694095,35282648,5475525,113086,3550164,33807415,228031498,3764727,33908702,74263,2584729
1635289065.4080622,3506187,34505535,5431394,88636,3761936,33933294,228072498,3681498,33861960,74870,2832172
1635289065.5081894,3617081,34857565,5476833,88872,3620694,33901994,228075669,3762101,33984962,76897,2709205
1635289065.608316,3678727,34936246,5462915,90205,3781354,33928485,228085586,3627736,33895335,70417,2262964
1635289065.7084415,3609402,34629611,5427872,89485,3795554,33920597,228023749,3776156,34020467,73610,2682476
1635289065.8085701,3657658,35051026,5435644,89194,3785544,33862088,228036434,3624526,33952755,70953,2463298
1635289065.9086983,3630474,34681325,5457345,88343,3625977,33954680,228056627,3670879,33892925,69906,2687705
1635289066.0088303,3702481,35238312,5331418,87141,3769551,35116540,236115528,3520338,33749131,73296,2653256
1635289066.1089618,3805015,36335513,5691489,95588,3680741,33916420,228140042,3800194,33956969,71128,2687552
1635289066.2090898,3560678,34563699,5424601,88339,3752232,34010823,228050170,3617125,33807001,70725,2706211
1635289066.3092158,3664051,35049134,5451766,90111,3773725,34070552,228058750,3755039,33917313,71604,2469379
1635289066.409346,3771427,33958299,227969154,3605451,33909278,70644,2677767,3661957,35023285,5482153,90977
1635289066.5094697,3626504,33926886,227975348,3776988,33931548,71747,2544156,3708262,35135439,5339102,85983
1635289066.6095953,3775475,33884755,227930286,3629025,33900878,71196,2699892,3667460,35033090,5473560,89764
1635289066.809847,3694686,34960087,5396610,85925,3663137,33808745,228106173,3610099,33890644,71517,2688803
1635289066.9099748,3681731,35144655,5472236,89416,3747108,33943028,227955659,3722456,33847638,71461,2678152
1635289067.0100884,3683531,34791716,5389455,90126,3670946,33926503,228120107,3895996,33919433,72971,2537323
1635289067.1102202,3681673,35089855,5447557,88967,3707200,33768391,228015558,3650669,33904103,71650,2715939
1635289067.2103498,3572592,34504083,5402524,86458,3866648,33969991,228042894,3693783,33858471,71162,2423987
1635289067.3104794,3663061,35195331,5447788,89182,3455711,33797587,228034315,3771195,33940870,70793,2558028
1635289067.4106035,3590759,34670543,5455781,89881,3787410,33880186,228064939,3619818,33813608,71704,2690101
1635289067.5107281,3563739,33787016,228045978,3777982,33827452,74174,2544346,3609330,35097970,5531061,94129
1635289067.6108532,3770681,33864704,228018622,3619282,33777188,74312,2697185,3492899,34728882,5456939,89049
1635289067.7109783,3605773,33962941,228026337,3768865,33911694,76604,2703894,3675143,35110213,5291493,86167
1635289067.9112291,3681800,34936697,5471355,89636,3759903,33872573,228029559,3645078,33773282,71264,2660615
1635289068.0113652,3656516,34762154,5381230,93488,3641828,33765683,227980430,3872491,33945087,71992,2604268
1635289068.1115003,3689647,34986162,5457798,88661,3772755,33803908,228040777,3594445,33946974,70716,2688692
1635289068.2116275,3605386,34570274,5444277,88380,3655664,33848756,228042465,3730947,33844826,72765,2569099
1635289068.3117511,3680237,35013299,5458314,90932,3651788,33835268,228015635,3767090,33884708,71572,2672287
1635289068.4118779,3633111,34781445,5445479,87492,3651109,32975149,228007503,3619777,33839000,70903,2683065
1635289068.512007,3655614,35038887,5374484,89804,3755142,34031922,228039714,3763703,33896600,71002,2457759
1635289068.6121323,3749797,33895472,227995033,3617889,33930777,70699,2678493,3578539,34635577,5391946,89533
1635289068.71226,3707224,33877267,228040065,3746974,33750157,72083,2446642,4549344,34911384,5345470,82514
1635289068.8123868,3670524,33835439,228097542,3722550,33914175,70350,2687003,3661591,34940897,5478003,90151
1635289069.0126483,3513535,34295391,5389398,83471,3602926,33812461,227925455,3787426,33824876,70216,2678850
1635289069.1127777,3700363,35095147,5466394,90837,3769653,33824779,228000359,3581977,33724429,70499,2581091
1635289069.2129037,3576552,34652696,5432856,89151,3605991,33862315,227963457,3731040,33854984,70542,2664816
1635289069.3130293,3673448,35065978,5341918,85800,3762231,33835088,227828525,3763249,33864304,69475,2562265
1635289069.413151,3673286,35107117,5441926,90144,3521637,33703911,228094007,3623350,33817782,69697,2678688
1635289069.5132718,3633476,34904415,5353807,86184,3817495,33943764,228203715,3749361,33873714,72051,2672577
1635289069.6133935,3655827,35009858,5419088,89882,3547629,33721717,228083187,3687767,33843647,69008,2682856
1635289069.713515,3796465,34033648,229185395,3720204,33993082,70657,2453424,4121571,31370362,5505094,89400
1635289069.8136363,3651902,33947891,228088195,3786608,33931888,71167,2493441,3630924,35699862,5315882,86379
1635289069.913759,3774669,33950478,228065095,3616244,33927576,73693,2697913,3684313,34898466,5482033,88624
1635289070.114008,3661598,34620021,5374251,86800,3430224,33750549,228036874,3715292,33791491,73312,2675070
1635289070.2141297,3681322,35140525,5449499,89801,3758183,33843261,228017090,3669177,33922090,74337,2678800
1635289070.3142502,4413841,33077279,5386566,89697,3629688,33946293,226059764,3496892,33754866,73224,2658443
1635289070.4143722,3645929,34715132,5336196,91699,3660661,33741410,225048337,3372224,34386084,69406,2589328
1635289070.5144944,3586842,34815125,5356524,122002,3656387,33920884,227235564,3674162,33975967,58605,2647870
1635289070.614615,3586549,34912749,5347553,135634,3032640,28039261,187634105,3019924,27887908,41652,2262692
