1635291288.003593,3769377,33765736,228343757,3348513,35409468,55073,1739857,3583275,35587360,5302144,71915
1635291288.1037135,3725396,33656448,228037962,3508043,34471514,68686,2370734,3496541,34692016,5266532,66696
1635291288.2038324,3513959,34184510,228077251,3554156,34124529,68680,2567393,3474585,34511103,5307064,132475
1635291288.3039513,3532395,34436993,228096908,3604691,34193445,65875,2517385,3427265,34552126,5423947,42840
1635291288.4040694,3528966,34386545,228040154,3532521,34208409,69294,2570811,3389556,34270312,5137286,53934
1635291288.504187,3584374,34200130,227975734,3502915,34148932,63281,2509565,3633655,34599645,5278243,59691
1635291288.6043057,3511005,34855692,227972135,3650065,34572768,64115,2724536,3591434,35200831,5376474,57432
1635291288.7044237,3767435,34613442,227975385,3563071,34776139,62518,2726757,3547159,35327380,5295627,38318
1635291288.804541,3567129,34686845,227829732,3615712,34359155,65386,2616134,3537441,35069764,5390996,61063
1635291288.9046593,3662781,34960437,227958923,3585193,34904242,64292,2591613,3617467,35216329,5335749,51798
1635291289.0047772,3565659,34861554,227923716,3537761,34484246,66847,2632708,3661277,35234033,5298962,54370
1635291289.1048963,3554750,34674543,228007344,3697247,34957177,65963,2713386,3568003,35194766,5328865,52906
1635291289.2050142,3606163,35203746,228149549,3579694,34751159,65618,2606591,3620671,35350903,5331192,64931
1635291289.3051322,3359118,34404164,228030613,3630246,34649124,65774,2506004,3626267,35128037,5329464,82870
1635291289.4052508,3690997,34788907,228136377,3624137,34639952,64833,2573367,3591009,35107005,5317240,39936
1635291289.5053682,3538392,34576268,228006059,3608117,34404165,65890,2659344,3678766,35181037,5095748,64229
1635291289.6054864,3608543,34630174,228055981,3621185,34547086,65747,2414023,3595187,35449980,5330557,52836
1635291289.705604,3653565,34371525,228006933,3603996,34558294,67293,2718715,3513231,35113887,5314785,63782
1635291289.8057218,3673598,34630234,228082975,3618624,34491860,65873,2428048,3482354,35170919,5347060,45387
1635291289.9058397,3666038,34686717,228078412,3627163,34489091,65211,2534267,3615478,35179258,5304241,57017
1635291290.005958,3618408,34577908,228043163,3633364,34590261,66715,2672358,3535252,35183035,5408175,62652
1635291290.1060767,3646627,34524790,228100889,3588657,34782726,65367,2629661,3608035,35226521,5274038,57318
1635291290.2061942,3679762,34550028,228058560,3733946,34458002,69099,2346075,3427417,35184643,5331943,53492
1635291290.3063116,3771148,34289580,227982321,3549451,34617395,70454,2441025,3599546,35156244,5312178,63228
1635291290.4064295,3650290,34302896,227896506,3593942,34611519,66254,2627897,3562877,35041413,5324157,65717
1635291290.506547,3571743,34569301,228000745,3634469,34469394,66902,2594860,3553939,35190367,5411692,65434
1635291290.6066647,3563842,34340929,228000708,3584900,34384899,64485,2624144,3637501,35295289,5365358,66482
1635291290.7067826,3605802,34418971,228004963,3588374,34481002,66076,2595093,3585730,34938320,5219094,58541
1635291290.8069003,3637560,34246485,228049179,3655515,34347424,68361,2685804,3624525,35171372,5292570,58050
1635291290.907018,3417554,34450913,228060940,3707790,34286053,67118,2579335,3494875,34688462,5334478,50962
1635291291.0071363,3540511,34353122,228046350,3697719,34265810,67066,2530057,3557176,34962935,5330227,63686
1635291291.107255,3623510,34377382,228050753,3664911,34372417,68202,2737921,3528029,34917911,5421673,63885
1635291291.2073765,3600428,34306416,228033446,3699010,34279096,67567,2507889,3430872,34896660,5437490,59516
1635291291.3074963,3544845,34436403,227914139,3656815,34084300,66838,2438465,3450718,35034199,5343525,56826
1635291291.407614,3393514,34318797,228099530,3799258,34408897,67225,2722811,3551495,34981396,5334748,49331
1635291291.5077317,3229949,32108879,228050592,3645023,34280100,66823,2645020,3640860,31976165,2201978,72529
1635291291.6078506,3543580,34358183,227994062,3617414,34377677,67546,2673326,3512318,35029648,5449925,62728
1635291291.7079716,3622362,34331636,228090350,3732949,34185899,68645,2496490,3385928,34074977,5271868,75306
1635291291.8080983,3613576,34278986,228313072,3696531,34275630,68510,2419037,3633539,35246389,5394272,63511
1635291291.9082186,3669242,34626904,228338967,3617497,34658370,67751,2302618,3611211,35184515,5500492,63470
1635291292.0083368,3777288,34658397,228261243,3642142,34551567,67610,2549960,3479809,34924005,5379742,67968
1635291292.108455,3593168,34559983,228348295,3751921,34434336,67791,2672896,3541266,35220749,5402549,65039
1635291292.2085729,3712315,34445528,228286972,3642874,34485340,69838,2542609,3649035,35399868,5363327,57856
1635291292.3086905,3636476,34615851,228298265,3667586,34565622,67837,2699787,3661731,35476355,5439787,67554
1635291292.408808,3681186,34411496,228192619,3669045,34512221,68036,2641632,3476719,34987341,5392632,58569
1635291292.5089252,3770260,34282793,228350828,3607545,34530295,68691,2699816,3692578,35404409,5371377,67371
1635291292.609043,3592400,34432426,228289925,3681126,34475478,66915,2633715,3595457,35349747,5439439,68541
1635291292.70916,3615203,34373737,228273038,3787041,34371918,69223,2568055,3671714,35284504,5336377,61165
1635291292.8092775,3732219,34412032,228329658,3638515,34498086,67667,2697721,3663477,35461758,5475601,66605
1635291292.9093945,3543583,34546824,228305264,3758065,34629037,69815,2632464,3635801,35572253,5404359,70524
1635291293.0095122,3653557,34595108,228190790,3647869,34500366,69565,2715574,3578758,35621379,5269795,70807
1635291293.1096296,3788092,34511411,228268634,3658756,34661426,72784,2590712,3504032,34933194,5429701,57313
1635291293.2097468,3596085,34569424,228311846,3783644,34545055,72786,2536994,3692000,35305640,5497578,69246
1635291293.3098645,3650368,34699617,228306520,3697385,34569909,75771,2558635,3701373,35289399,5446726,70449
1635291293.4099824,3719614,34528149,228185485,3640238,34489650,67588,2710575,3629870,35288831,5361421,65047
1635291293.5100718,3793620,34460683,228321225,3552246,34730877,68578,2748040,3509237,34917625,5380753,61270
1635291293.61019,3536105,34571501,228206087,3702882,34533218,68301,2495018,3610869,35420633,5474282,67309
1635291293.7103078,3580839,34469913,228278655,3809903,34559808,68008,2506548,3644655,35372601,5463192,73642
1635291293.8104253,3635115,34536178,228267168,3761335,34385511,71357,2577089,3649257,35469283,5387143,63489
1635291293.910549,3710193,34462572,228439353,3663400,34538675,69736,2621821,3655611,35391691,5354838,68509
1635291294.0106692,3767343,34408512,228327526,3625839,34593264,69308,2673350,3628435,35133352,5421624,61937
1635291294.1107888,3617400,34430747,228268438,3638985,34512303,68578,2723283,3600404,35514516,5341754,52806
1635291294.2109077,3794048,34448520,228366908,3647860,34563926,68174,2684320,3613220,34891534,5357708,59775
1635291294.3110256,3784666,34435346,228268956,3642273,34415629,68938,2638713,3428902,34885794,5429446,68614
1635291294.4111438,3728858,34482096,228268130,3653601,34464118,71305,2555509,3618422,35091122,5496370,70187
1635291294.5112615,3750602,34350530,228261975,3655539,34475116,66528,2723523,3736005,35300298,5478686,69972
1635291294.6113799,3767458,34351845,228343768,3705390,34437726,68768,3071981,3734629,35316976,5505491,70940
1635291294.7114978,3780010,34312723,228261450,3563318,34425250,67759,2452933,3585198,35074394,5457498,69102
1635291294.8116157,3793642,34436812,228346682,3575209,34325968,67547,2669526,3560619,35165197,5417542,70608
1635291294.9117334,3807177,34348129,228312299,3723483,34635057,68750,2706869,3617500,35173585,5435686,69710
1635291295.011852,3763605,34341021,228204763,3645966,34458089,67527,2696817,3674638,35081901,5365031,67525
1635291295.11197,3572959,34552576,228387752,3628406,34540041,68665,2681114,3661031,35374893,5406845,64526
1635291295.212088,3715660,34397091,228356867,3753793,34496257,69875,2702414,3657499,35551109,5400479,85891
1635291295.3122067,3803978,34539506,228296035,3784790,34335282,69817,2533352,3751410,35568872,5456373,57554
1635291295.412325,3572199,34479218,228280967,3793714,34334421,68739,2566950,3545954,34979006,5453016,74670
1635291295.512443,3760367,34474954,228245977,3681571,34398363,67363,2700455,3661831,35647679,5476134,71287
1635291295.612562,3772086,34532848,228407888,3653080,34476825,68855,2703766,3497765,35131523,5514530,68227
1635291295.8127968,3644612,35133955,5403317,64007,3787738,34415160,228219629,3754440,34362946,71418,2697162
1635291295.9129155,3664954,35365031,5354116,72579,3571665,34465413,228182707,3750302,34420109,70377,2645158
1635291296.0130343,3674197,35330060,5488582,72455,3780888,34280798,228167543,3787404,34305964,68117,2566488
1635291296.1131527,3608573,35172381,5465059,71438,3736027,34229998,228231864,3669947,34381526,68309,2718979
1635291296.2132716,3604190,35243411,5442040,66364,3638341,34219522,228365525,3631957,34355805,68870,2716446
1635291296.3133888,3678094,35334645,5383440,71770,3790776,34328496,228219412,3782247,34258155,69572,2680135
1635291296.4135072,3679882,35457616,5437816,68720,3410992,34579803,228344964,3778148,34329812,68328,2520835
1635291296.5136254,3778484,34193999,228287446,3626656,34489966,67827,2692274,3615343,34918902,5339816,72800
1635291296.6137433,3788605,34239626,228249053,3666822,34349630,69261,2655497,3649982,35046128,5384259,66270
1635291296.7138615,3640991,34359701,228298397,3786291,34294888,69743,2676045,3687716,35443051,5356393,68968
1635291296.9140973,3707413,35721122,5460505,71988,3781236,34257564,228203101,3683773,34291930,68219,2660450
1635291297.014216,3568039,35211242,5407952,58207,3775287,34569620,228198326,3608923,34149374,70057,2712897
1635291297.114334,3665980,35469843,5351083,56309,3639277,34394377,228280435,3930309,34337757,71349,2550315
1635291297.214452,3656711,35592561,5470688,72218,3742341,34192950,228223846,3697740,34384001,68913,2697061
1635291297.3145704,3610067,35249332,5479314,72179,3649223,34295303,228278164,3648416,34546383,69316,2689321
1635291297.4146888,3680330,35311474,5390790,68021,3788884,34320439,228200936,3792376,34338010,70727,2717003
1635291297.5148065,3681989,35700679,5454670,72315,3436941,34437465,228314734,3776254,34398215,71413,2695163
1635291297.6149244,3787268,34336266,228274560,3636755,34439420,71795,2718843,3689990,35192908,5397753,73440
1635291297.715042,3624946,34444732,228317715,3793092,34394074,73347,2556535,3372442,35057265,5361808,65651
1635291297.8151605,3767999,34434973,228302413,3670256,34535304,71024,2734724,3687813,35366932,5454838,73081
1635291298.0153968,3649590,35387535,5406639,65086,3379273,34278451,228756425,3780296,34359842,71411,2691001
1635291298.1155155,3672405,35449017,5482892,71431,3801847,34364963,228282632,3772957,34405337,69935,2654273
1635291298.215633,3572639,35143468,5435520,72347,3644959,34450564,228181783,3549856,34307335,70744,2720957
1635291298.315751,3707867,35569236,5440956,67506,3793723,34349955,228223586,3782173,34360411,69887,2663954
1635291298.415869,3773193,35641413,5484395,72058,3460524,34082365,228346836,3662670,34439148,68487,2722618
1635291298.5159864,3665574,35436090,5362380,72115,3845116,34444575,228342715,3790304,34338728,70068,2716137
1635291298.6161041,3739090,35330875,5472624,73489,3675502,34508870,228313475,3669996,34413703,68310,2709102
1635291298.7162213,3779688,34330980,228188977,3747460,34428966,70979,2571933,3670881,35209853,5231325,74750
1635291298.8163393,3647021,34423955,228296635,3790885,34427822,68243,2701708,3519119,35125817,5532425,73613
1635291298.9164567,3770712,34343356,228249879,3770087,34360461,71527,2330790,3420968,35083780,5522561,66525
1635291299.1166945,3671754,35433636,5451348,73158,3799333,34247625,228372913,3756913,34349161,68562,2693411
1635291299.2168133,3628947,35248439,5395322,57896,3576877,34411896,228300282,3870256,34139149,70206,2683758
1635291299.3169308,3677584,35425920,5479814,72185,3792402,34428493,228201280,3572625,34356115,68291,2745810
1635291299.4170487,3613734,35220360,5453393,72911,3686893,34363909,228307116,3880220,34220217,70182,2573129
1635291299.517166,3653265,35558401,5501443,71991,3882249,34112488,228289334,3701963,34435903,68761,2690909
1635291299.6172838,3554198,35077986,5408728,65106,3344864,34260365,228322577,3762562,34464218,70960,2717623
1635291299.7174015,3658918,35563474,5486184,72262,3521863,34491665,228299255,3746947,34363964,72709,2738139
1635291299.817519,3803951,34357158,228226280,3799096,34332549,74477,2589496,3676450,35759143,5406962,75419
1635291299.9176362,3791475,34488180,228230570,3657540,34493558,71714,2733806,3578767,35002504,5394808,71444
1635291300.0177681,3690202,34047951,228222813,3769820,34193781,70376,2604402,3806761,35234652,5339143,71141
1635291300.2180085,3659077,35362697,5466537,72376,3799559,34408800,228321016,3763760,34304632,73103,2681547
1635291300.3181264,3670878,35293564,5395585,73829,3795230,34318018,228333270,3636221,34499893,72123,2492656
1635291300.4182441,3720914,35264087,5487500,71021,3695377,34304366,228310095,3777757,34192187,69896,2686517
1635291300.518362,3687218,35271140,5327975,64361,3801901,34315270,228211712,3781537,34264180,70081,2536241
1635291300.6184804,3702535,35316606,5473635,71715,3643724,34248995,228308051,3562454,34265046,68736,2692443
1635291300.718598,3673424,35405346,5385473,72538,3323243,34112630,228273870,3817270,34293853,69736,2346976
1635291300.8187153,3630154,35248477,5528306,70159,3787135,34301172,228302542,3640308,34348061,70277,2705002
1635291300.9188333,3679585,35401602,5460903,51761,3765669,34421243,228362497,3792317,34235077,67700,2684218
1635291301.0189514,3594004,35113418,5602474,80021,3651216,34381522,228247910,3763171,34292160,69449,2526122
1635291301.1190703,3687836,35056418,5207891,65941,3747913,34365915,228263174,3679163,34428304,69204,2721290
1635291301.219188,3502901,35383586,5420957,74378,3709745,34378832,228232695,3790651,34455247,70681,2981169
1635291301.3193061,3818928,35430602,5397448,67396,3805286,34349692,228296302,3655544,34417481,67515,2659419
1635291301.419424,3586297,35191929,5462063,72322,3607479,34342835,228325357,3749279,32604893,95616,2493908
1635291301.5195417,3667150,35560483,5469492,72303,3794919,34320067,228461110,3703116,33209798,90664,2542086
1635291301.6196597,3718841,35362219,5502625,72066,3651650,34385943,228032066,3771724,34060155,72384,2697360
1635291301.719778,3668847,35571228,5374973,67009,3799628,34370332,228067007,3567172,34198949,71657,2729785
1635291301.8198955,3736840,35114583,5523874,71921,3467712,34187164,228141802,3720488,34451527,71635,2731392
1635291301.920014,3687734,35321668,5485792,71292,3771200,34248675,228104320,3737771,34458517,68801,2707979
1635291302.020133,3685702,35310437,5381823,55600,3774404,34177763,228146461,3769549,34401865,70552,2546438
1635291302.1202579,3671908,35167500,5535248,71191,3725081,34324401,228123495,3640433,34334165,70317,2704797
1635291302.220383,3671965,35387253,4957775,74160,3645611,34282651,228166585,3783812,34337857,70602,2691888
1635291302.3205037,3695937,34686047,5422551,70100,3761583,34083835,228011373,3653651,34322578,69108,2769256
1635291302.4206219,3683775,34420027,5222025,115593,3776184,34206458,228100509,3794502,34098173,68826,2420192
1635291302.5207398,3637852,35484210,5470372,71036,3768088,34138133,228132827,3640217,34167543,69179,2689886
1635291302.620858,3557042,35005169,5478662,72087,3624059,34223997,228092129,3803111,34174952,69296,2644714
1635291302.7209759,3631990,35386518,5461595,73006,3775952,34101701,227992854,3727034,34132140,68796,2665871
1635291302.8210933,3480113,34916388,5500844,68734,3631684,34328910,228081890,3653725,34148136,69254,2543967
1635291302.9212115,3660139,35282538,5486542,71929,3776808,33868858,227683416,3740173,34118822,68223,2639842
1635291303.0213304,3609240,34973868,5391436,58427,3763746,34063652,228010988,3797291,34080788,71757,2590627
1635291303.1214488,3632859,35276453,5434805,73187,3655660,34148334,228065193,3694227,34078574,68710,2686487
1635291303.2215667,3637311,35379669,5363734,58043,3782185,34160175,228065745,3789177,34127094,70229,2469825
1635291303.3216841,3646384,35455761,5459743,71334,3790151,34126719,228111563,3640794,34171284,73100,2694918
1635291303.421802,3648656,35102442,5485917,70869,3580567,34183390,228091697,3786671,34150225,73236,2409816
1635291303.5219193,3642578,35331528,5390560,73669,3748721,34220692,228050516,3642307,34196819,71692,2608486
1635291303.6720977,3537928,34899597,5444407,70986,3630095,34152311,228055136,3773963,34200600,69579,2661616
1635291303.7722187,3664785,35426042,5450004,69546,3799477,34110125,228027299,3636131,34219850,68947,2729994
1635291303.8723361,3556411,35026915,5485111,71544,3650639,34105001,228043984,3710701,34160324,71442,2476106
1635291303.9724538,3634479,35278150,5502813,72846,3791821,34058165,227813529,3789025,34077970,68297,2677040
1635291304.0725722,3506370,34823906,5426219,64809,3606864,34066569,228005363,3854233,34051322,71448,2655784
1635291304.1726904,3652825,35352610,5478039,70821,3825514,34047135,228033505,3684916,34058596,68283,2688269
1635291304.272808,3645473,35070392,5398140,71721,3649850,34163447,228046355,3781519,34033309,70927,2535637
1635291304.372926,3649445,35312886,5480323,69628,3830375,34155221,228124122,3655617,34064927,68778,2659421
1635291304.4730434,3661950,35114798,5408107,71389,3693953,34127310,228065923,3764725,34106392,68638,2623825
1635291304.573161,3641225,35564958,5489208,72438,3784373,34028614,228091667,3633814,34183331,67705,2651249
1635291304.6732779,3588227,34768653,5346805,67221,3801150,34043514,228173839,3782515,34152248,69602,2499749
1635291304.7733953,3734209,35490386,5390316,73992,3797567,34107956,228085532,3645084,34055066,66194,2663855
1635291304.873513,3587267,35281860,5462448,72463,3641780,34101777,228082893,3782614,34082667,69793,2530565
1635291304.973631,3640319,35593991,5456399,71567,3776627,34041972,227870361,3684785,34075186,68768,2737725
1635291305.0737493,3362111,35131813,5543174,67486,3580904,34140094,228064638,3855438,34023697,69079,2452964
1635291305.173867,3624656,35316060,5479273,71823,3761937,34199352,228191167,3781989,34054316,72709,2687545
1635291305.2739854,3605972,34967026,5392484,64272,3582272,34077750,228035852,3730588,34028084,74594,2587125
1635291305.3741026,3647931,35287957,5469032,72167,3869801,33961743,228121306,3627120,34203115,72521,2699984
1635291305.4742198,3628619,35214394,5382693,65763,3786104,34045036,228134953,3771935,34219397,70525,2493682
1635291305.5743375,3626613,35248563,5493615,72811,3753120,34052402,228068178,3638176,34181670,68872,2664279
1635291305.6744554,3625915,35242571,5335402,73820,3676403,34067435,228025406,3794644,34127192,68535,2316004
1635291305.774573,3573112,35156884,5498339,71336,3790717,34139596,228101077,3639700,34062365,69068,2706449
1635291305.8746908,3635721,35357128,5460127,71699,3574906,34198463,228133702,3791216,34178183,70562,2664768
1635291305.9748092,3624031,35465650,5447527,75049,3763007,34180479,227852808,3787884,33982080,70638,2438214
1635291306.0749273,3596245,34993107,5434558,70977,3738259,34191848,228191729,3685796,34233838,70476,2640532
1635291306.175046,3647326,35290335,5494465,72695,3699225,34104398,228138735,3764637,34120928,69123,2673812
1635291306.2751641,3626819,35167717,5385944,66465,3798948,34115058,227982003,3779482,34190385,69343,2611000
1635291306.3752823,3692555,35116297,5448924,72354,3719882,34067755,228026404,3566497,34192265,68344,2674859
1635291306.4754,3641406,35487954,5372743,58509,3766980,34081938,228099293,3810965,34058026,69876,2543272
1635291306.5755181,3586394,35154132,5461069,72419,3794248,34164818,228050801,3649851,34129183,68308,2673914
1635291306.6756387,3665324,35607457,5479460,71113,3616050,34173780,228344091,3799112,34141996,67835,2663621
1635291306.7757568,3395577,35060962,5328509,73984,3769240,34140275,228028619,3722460,34118415,70536,2678293
1635291306.8758745,3627984,35267988,5471952,57734,3402103,34130230,228098362,3765617,34106834,70644,2684078
1635291306.9759927,3589928,35255240,5435106,75936,3788966,34071947,227912510,3773013,34148569,73493,2638597
1635291307.076111,3839784,35526490,5412488,72616,3797298,34104187,228028477,3634388,34193724,75125,2453454
1635291307.1762292,3560293,35012867,5447555,73161,3647082,34100538,228096842,3780558,34117837,69254,2634001
1635291307.276347,3626774,35366002,5338705,68443,3792887,34113821,228130543,3715180,34257311,69754,2899006
1635291307.3764644,3737295,35250757,5485157,71869,3613602,34139120,228100083,3781793,34149345,69268,2678127
1635291307.476582,3649147,35470967,5478747,73183,3779674,34067135,228091957,3572003,34111894,70320,2656975
1635291307.5766997,3536456,35127856,5413967,72077,3692558,34173212,228081958,3815427,34053737,71011,2563747
1635291307.6768165,3636790,35353470,5463846,72226,3847927,34199144,228058312,3720443,34078407,69413,2674737
1635291307.7769337,3634933,35048342,5350624,69267,3550352,34197154,228135756,3783652,34111868,69731,2493469
1635291307.877051,3641080,35309138,5374588,74164,3928835,34057075,228074499,3636308,34277878,70579,2646219
1635291307.977169,3649864,35100755,5496539,58004,3767750,34001643,228126001,3789635,34160081,70254,2450752
1635291308.0772872,3638920,35527120,5400860,91933,3799116,34084390,228100927,3647347,34093105,69815,2764267
1635291308.1774049,3644589,35404624,5368698,72824,3645186,34078249,228162278,3794641,34076398,72272,2508748
1635291308.2775297,3603273,35330709,5407118,73843,3785794,34072717,227992862,3681178,34019207,67320,2966594
1635291308.3776538,3576338,35032246,5408783,72073,3603648,34177703,228126545,3846073,34099405,69921,2235590
1635291308.4777727,3585778,35511243,5422913,72871,3748188,34132402,228070962,3683711,34068042,68999,2698796
1635291308.5778904,3574995,35127236,5394134,59118,3719851,34089084,228054248,3702954,34013366,69950,2612830
1635291308.6780086,3608705,35301667,5455594,74001,3748532,33954983,228157716,3742843,34096479,71739,2687162
1635291308.7781258,3646063,35116591,5356388,65572,3797360,34034374,227985315,3779715,34095997,72714,2454265
1635291308.8782425,3653046,35255555,5451061,74245,3591872,33976544,228144790,3653281,34106646,71443,2699035
1635291308.9783604,3647325,35229359,5385598,73168,3966811,33924674,227695415,3779151,33928540,68424,2416695
1635291309.0784786,3538380,34944954,5571905,71664,3793381,34033674,228059197,3635547,34050580,69152,2655298
1635291309.178597,3593142,34867049,5450898,57948,3572511,34370489,228048258,3791066,34310448,70879,2695125
1635291309.2787142,3682091,35084690,5390801,76602,3775788,34335282,228075290,3785437,34308646,70631,2501100
1635291309.3788314,3534029,34569132,5515843,73665,3787142,34392116,228100427,3650520,34348307,70573,2695308
1635291309.5790665,3683872,35253403,5408511,75624,3800290,34355848,228043910,3755007,34160905,71149,2365472
1635291309.6791842,3620421,34940466,5516483,73115,3674507,34428774,228042964,3665884,34194851,70400,2729614
1635291309.7793012,3707759,35263515,5516862,72566,3733626,34452473,227968488,3643733,34252069,69799,2692435
1635291309.8794181,3682973,35347264,5396747,66925,3725582,34186523,227963208,3829298,34286496,70020,2595654
1635291309.979536,3687137,35623131,5467373,71525,3839372,34124079,228106533,3729742,34336538,71217,2434359
1635291310.0796554,3666295,35550569,5474673,73184,3568609,34347265,228078684,3734622,34323320,70537,2773528
1635291310.1797755,3675304,35270176,5471971,73898,3777400,34273671,228047312,3802859,34292426,71446,2502618
1635291310.279893,3781372,34452524,228103038,3647597,34371673,74273,2712758,3633472,34448750,5274139,72993
1635291310.3809159,3650295,34410665,228150552,3789825,34403205,73959,2749031,3886651,35102946,5490484,74076
1635291310.4810448,3791653,34245068,228125065,3769898,34253176,71235,2514700,3550247,34699366,5438658,69090
1635291310.681286,3692152,35264892,5508868,73521,3793588,34244473,228080184,3733526,34075708,71528,2704770
1635291310.7814052,3687979,35300858,5451624,73236,3793630,34302277,228048644,3721139,34021702,70167,2633001
1635291310.8815236,3606115,35038160,5490709,72468,3786697,34327609,228141375,3652693,34136629,72556,2623450
1635291310.9816427,3699264,35406019,5545516,70740,3685885,34203936,228087674,3714376,34358031,70933,2678259
1635291311.081762,3674403,35464483,5330874,68362,3662905,33931500,227966901,3791677,34251681,72024,2669318
1635291311.1818812,3734728,35006755,5510951,72025,3782893,34348103,227991654,3652174,34362745,70886,2735233
1635291311.2819986,3673170,35348907,5379215,73803,3410935,34392931,228141576,3769001,34358221,70500,2702567
1635291311.3821168,3806718,34304396,228038053,3788303,34431972,70606,2536907,3738411,34934048,5213650,73471
1635291311.4822352,3797879,34336442,228055416,3545039,31722048,78754,2650265,3666990,34828202,5473714,74761
1635291311.582356,3764702,34259607,228178305,3795020,34295191,71171,2680387,3652620,35015614,5366532,71097
1635291311.782594,3677335,35538106,5490273,73978,3704593,34345129,228121740,3815186,34098200,71114,2734108
1635291311.882712,3679025,35490797,5524784,74330,3760999,34335657,228014437,3769795,34018200,73661,2715336
1635291311.982831,3597902,34953365,5431535,67004,3789894,34330195,228031459,3689170,34072714,75078,2553351
1635291312.0829506,3712583,35273692,5490017,74295,3659228,34121035,228130995,3627800,34391603,74953,2696364
1635291312.1830695,3697337,35271556,5495305,73643,3770970,33867022,227814082,3767179,34371468,73165,2706214
1635291312.2831879,3490723,34923451,5442453,65886,3797124,34179856,228143156,3754242,34401466,71785,2741984
1635291312.383306,3708522,35342385,5509374,71307,3710835,34202079,228074797,3672329,34352171,71186,2722088
1635291312.4834237,3807215,34319336,228037644,3797744,34345626,72160,2585566,3625963,34902209,4876620,63457
1635291312.5835419,3790517,34288469,227977001,3639275,34298632,71964,2696111,3430687,34879865,5475973,73747
1635291312.6836598,3631855,34289976,228025392,3800006,34285925,71127,2689060,3803978,35252613,5488487,74327
1635291312.8838954,3580457,34779511,5414588,66830,3772859,34362341,228082717,3643847,34270505,70523,2668109
1635291312.9840138,3704220,35182873,5509601,73774,3629932,34313111,228074166,3725683,34105820,69715,2699723
1635291313.0841322,3683252,35309248,5460793,70190,3794791,34220428,227984344,3773985,34067311,70202,2651112
1635291313.1842496,3606597,34960991,5504352,71976,3731957,34190666,228085933,3761640,34203815,71097,2582256
1635291313.284367,3652522,35428983,5480702,73500,3850414,33833054,228021788,3680611,34267654,70718,2683529
1635291313.3844843,3684634,35056766,5426013,66765,3373056,34016885,228143535,3794635,34289516,71002,2534071
1635291313.484602,3676522,35237186,5494806,72448,3789598,34204267,228088847,3649783,34260201,74355,2712679
1635291313.5847201,3574577,34293400,228026813,3794135,34289303,74058,2695945,3595739,35130142,5498396,76386
1635291313.6848376,3775336,34294608,228002754,3796761,34252237,72347,2481956,3822168,34811713,5287480,73904
1635291313.7849555,3773822,34312153,228000385,3641637,34401642,71013,2758607,3590842,34588036,5496011,73728
1635291313.9851916,3665727,35295880,5395354,73864,3803023,34354868,228086947,3725481,34367123,71891,2390299
1635291314.08531,3585630,34885187,5488236,73809,3712830,34286291,228043571,3746034,34087852,70902,2693680
1635291314.1854284,3688045,35259220,5480504,73126,3708788,34373140,228050408,3778160,34147925,70334,2722496
1635291314.2855468,3693916,35246863,5366005,66891,3791843,34302030,228044214,3552756,34108712,71664,2614849
1635291314.385665,3702506,35393004,5489860,73917,3710973,33876841,228099195,3724349,34215940,70123,2749316
1635291314.4857836,3698846,35427393,5501711,73968,3288521,33964717,228138721,3794642,34276866,70718,2690284
1635291314.5859013,3625954,34955503,5419591,59630,3769907,34303183,228047367,3795124,34281896,72565,2601151
1635291314.6860192,3773884,34340597,228072588,3645208,34317813,72294,2698945,3697454,35219946,4976270,74817
1635291314.7861369,3661931,34314764,228087021,3782201,34279978,72315,2706766,3704431,35047941,5277542,69401
1635291314.8862553,3803042,34256226,228038845,3697272,34415856,71904,2467819,3806063,34797032,5499426,74499
1635291315.0864918,3667828,35333377,5498551,75446,3810768,34292232,228045285,3806420,34376469,76547,2707022
1635291315.18661,3674412,35217734,5412243,76770,3798339,34279601,228103412,3651528,34157432,71401,2448052
1635291315.2867281,3694080,35166445,5510879,74471,3643464,34253696,227964076,3796307,34111078,73887,2711194
1635291315.3868475,3690372,35303122,5516521,74760,3781335,34351550,227927660,3769494,34112863,70467,2758052
1635291315.4869668,3485123,34748723,5519668,68950,3770867,34261661,228112486,3757236,34147023,70699,2404064
1635291315.5870848,3686076,35243584,5493722,74794,3516310,33710787,228148691,3630724,34347391,72034,2695766
1635291315.6872034,3671824,35247596,5376173,74694,3721240,34123192,228052243,3774827,34298185,71864,2495276
1635291315.7873216,3640608,35003457,5530651,61714,3769239,34105691,228186292,3646991,34306383,71259,2685465
1635291315.8874388,3671708,35234156,5436749,74599,3663768,34236425,228029620,3802084,34383596,71683,2661081
1635291315.987557,3628197,35055193,5386842,75444,3797657,34321439,227994384,3807106,34278298,71234,2609395
1635291316.0876753,3809964,34646948,5341739,71566,3782899,34232260,228053671,3649396,34244155,70597,2249607
1635291316.1877933,3649616,34671054,5401190,75009,3781200,34226776,228096747,3799745,34204543,71200,2668037
1635291316.287911,3747578,35220610,5409922,77137,3778583,34194112,228022251,3634706,34105704,70888,2738389
1635291316.3880284,3583673,34918941,5489770,74302,3636083,34256460,228030020,3800464,34026451,70485,2570825
1635291316.4881456,3661672,35332228,5506575,74602,3798019,34254541,228030570,3656640,33901060,71019,2680012
1635291316.5882747,3399889,34828778,5516665,69023,3740234,34219264,228038024,3770693,34051093,71258,2320796
1635291316.6883974,3683268,35410026,5492412,73279,4233035,33803916,228163993,3694452,34341455,75221,2689035
1635291316.7885165,3678290,35201851,5380121,75817,3368462,33959491,228024639,3810381,34245302,73593,2475622
1635291316.8886347,3693197,35183548,5494478,89370,3750500,34114955,228095130,3646720,34335657,75384,2694641
1635291316.9887526,3708643,35386427,5362109,58932,3708928,34335003,228099643,3795725,34294329,71201,2716188
1635291317.0888715,3512194,34941433,5557891,74196,3774461,34250506,228052087,3780596,34257000,72180,2360505
1635291317.1889892,3797209,34741097,5397579,72008,3761374,34196064,228176963,3658732,34289124,71132,2772645
1635291317.289107,3611055,34822894,5391278,73935,3782135,34324576,228084214,3782189,34231681,72247,2406297
1635291317.3892252,3757794,34972256,5367338,73983,3794309,34296760,228091463,3641232,34249904,68457,2671628
1635291317.4893432,3649345,34987082,5524409,72622,3642464,34297463,227988527,3830470,34076839,71066,2645888
1635291317.5894618,3699504,35278700,5500376,74337,3788249,34310889,227993140,3749238,33999809,71280,2665047
1635291317.6895797,3532753,34869567,5501857,68956,3783445,34183937,228109505,3591216,34056620,71932,2380477
1635291317.7896972,3689501,35369605,5492033,74243,3866032,33801235,228081002,3751892,34287341,69419,2709305
1635291317.8898156,3700587,35396834,5358652,74352,3747885,34030721,227969702,3794638,34253832,71731,2524012
1635291317.9899335,3630528,35028445,5517968,75017,3773595,34081707,228049146,3636238,34294477,71773,2692170
1635291318.0900667,3673983,35508793,5491388,71383,3534942,34342956,227966078,3791375,34330054,71527,2710346
1635291318.1901853,3647066,34814500,5103844,70825,3797629,34319477,228055461,3781972,34330230,71646,2594510
1635291318.290304,3675084,35173151,5438458,71584,3801074,34273403,228076334,3635581,34356854,73873,2691823
1635291318.3904228,3670452,34997506,5396286,74067,3795120,34221911,228110065,3795757,34371558,72823,2643846
1635291318.490541,3699006,34975160,5384038,73718,3791921,34176187,228072421,3709055,34250909,75970,2501817
1635291318.5906596,3615407,34805734,5483347,72307,3662504,34239107,228082998,3756616,34062355,70625,2621745
1635291318.6907852,3691059,35312802,5488209,73778,3794119,34307357,228065944,3716352,33884348,70938,2710807
1635291318.7909129,3632716,34541125,5304521,69412,3790198,34278449,228028461,3761797,34058091,71630,2479022
1635291318.8910336,3689274,35323411,5490218,73064,3799388,34174127,228127541,3623006,34061647,70696,2700358
1635291318.9911532,3701670,35261333,5472488,73871,3693346,34045884,228111731,3753337,34249407,70983,2558316
1635291319.0912719,3592269,34951513,5476570,73046,3763069,34173469,228037560,3658787,34220932,70744,2649457
1635291319.1913905,3695630,35266104,5502240,69308,3785086,34110185,228145756,3777662,34328689,72026,2678311
1635291319.2915084,3654947,34857983,5505737,73194,3667956,34220517,227950888,3800541,34321514,71469,2517716
1635291319.3916273,3697048,35373433,5291804,75483,3777059,34207021,228019200,3644960,34258900,71398,2673267
1635291319.4917462,3643662,34755435,5358723,68608,3797779,34311029,228155384,3807015,34291731,71530,2566964
1635291319.5918646,3723831,35195264,5352032,75897,3796582,34243218,228064055,3674883,34217205,71673,2713980
1635291319.6919825,3654377,35095102,5476753,73683,3634561,34281190,228078215,3796913,34226858,70179,2555098
1635291319.7921004,3669288,35401037,5474540,74105,3789984,34313031,228023434,3689894,33996939,71350,2721302
1635291319.8922186,3619214,34814670,5421119,68839,3789395,34336560,228044664,3769064,34026910,71738,2468564
1635291319.9923377,3695871,35372270,5500469,73763,3785761,34215999,228072446,3760091,34014784,73621,2709848
1635291320.0924592,3679742,35244924,5419692,73015,3804347,34020128,228124999,3704562,34345602,73636,2552351
1635291320.1925778,3603342,35022546,5530462,73242,3631141,34027419,228062946,3677895,34307967,74401,2648583
1635291320.2926962,3683266,35413092,5494229,67970,3767379,34043434,228199580,3724877,33632631,70191,2720255
1635291320.3928146,3546422,34843216,5528759,71382,3728771,34233659,228016193,3792269,34222861,70555,2469497
1635291320.4929323,3693665,35577029,5397561,73437,3799289,34206807,228042879,3650195,34349395,70615,2707381
1635291320.5930507,3647187,34845798,5311972,72204,3782525,34428495,228066590,3796060,34287134,70679,2502984
1635291320.6931684,3709916,34665989,5287638,75687,3775889,34373913,228046095,3636703,34320517,70676,2698038
1635291320.793286,3686321,34959725,5528200,73916,3638844,34241854,228005974,3783073,34293367,70493,2681636
1635291320.893404,3703178,35217738,5511533,74542,3780574,34325711,227979218,3783687,34099069,70849,2641290
1635291320.9935217,3589548,34702248,4678231,66215,3793214,34197465,228084336,3596561,34085652,72407,2468126
1635291321.0936408,3687702,35140401,5487089,74629,3795585,34302020,228061092,3782346,34100636,71386,2672138
1635291321.1937587,3686998,35403428,5389807,74631,3798143,34131721,227947392,3773899,34188425,69315,2540791
1635291321.293877,3610735,35106894,5501842,72516,3783839,34033501,228040808,3669924,34248907,71625,2681341
1635291321.393995,3679464,35386567,5525855,73215,3555306,34162226,228041888,3796537,34256401,70257,2689025
1635291321.4941125,3677695,34965368,5399236,66790,3757522,33503584,228120207,3532034,32180512,71057,2562426
1635291321.5942323,3672341,35216291,5467674,73965,3623073,34362203,228128094,3791576,34335391,74850,2700813
1635291321.6943514,3649279,35177789,5407742,74138,3798617,34268897,228082564,3783569,34258581,74035,2551641
1635291321.7944696,3620674,34709525,5232267,73382,3796070,34336571,228050710,3650882,34363802,73439,2668239
1635291321.8945873,3778315,34797551,5463633,74586,3647447,34261467,228018902,3783485,34359283,72477,2690128
1635291321.9947054,3734754,35183781,5462284,71192,3793929,34217978,227996648,3752839,34284863,70526,2731905
1635291322.0948226,3493262,34814723,5547869,69043,3720490,34228926,228097065,3749051,34092645,72228,2197351
1635291322.1949406,3700970,35384321,5511412,73441,3789095,34272840,227973353,3551413,33655237,70740,2697701
1635291322.2950583,3688878,35174469,5412105,75056,3780177,34340890,228087384,3732010,33660053,69249,2499408
1635291322.395176,3736735,35107556,5521083,72370,3719942,34208458,228147699,3689425,34359593,70076,2685764
1635291322.4952939,3703714,35166846,5501942,74861,3674819,33115796,228070039,3726453,34311559,71684,2694952
1635291322.5954123,3668634,34913390,5521333,75518,3646317,34248638,228143057,3675799,34356085,70751,2586721
1635291322.6955307,3684863,35305032,5468657,67251,3694574,34283280,228042806,3750651,34312841,72249,2688081
1635291322.7956498,3684416,35082305,5391229,73631,3807207,34278528,228087402,3802102,34290359,71294,2487363
1635291322.8957682,3766916,35118388,5392406,93340,3789676,34292347,228060943,3650481,34253187,71131,2808481
1635291322.9958866,3717617,35123307,5363961,69392,3648402,34264820,228028840,3800084,34251282,72714,2502492
1635291323.096005,3651854,34994559,5514838,74815,3792286,34329993,228098021,3788617,34275611,70565,2670215
1635291323.1961224,3422794,35008479,5537053,68936,3706334,34228829,228075383,3720797,34004698,70282,2309857
1635291323.2962399,3680013,35289141,5501045,73749,3785207,34339216,228063043,3763729,34081302,73947,2702350
1635291323.3963575,3675113,35199158,5399877,75898,3800763,34226949,227986538,3552274,34117497,73511,2505980
1635291323.4964752,3653965,34957699,5503330,74363,3679285,34123810,228060770,3721500,34366189,73422,2701237
1635291323.5965931,3694171,35200686,5513109,74874,3786420,34032537,228016002,3794736,34410619,71823,2694526
1635291323.696711,3539648,34892622,5476792,68713,3774540,34163013,228109871,3795614,34385601,71997,2473004
1635291323.7968287,3692667,35383660,5511124,73506,3720949,34287794,228090848,3649073,34360261,71771,2706693
1635291323.896947,3706032,35294913,5308751,74788,3805313,34455374,228113351,3787010,34283884,71155,2671046
1635291323.9970646,3601029,34675448,5287300,42161,3794429,34409564,228037894,3743346,34258479,71869,2630864
1635291324.0971825,3716986,35018938,5406129,73653,3712897,34385930,228055228,3713010,34253607,71266,2695598
1635291324.1973002,3709928,34916616,5510914,73857,3719419,34430968,228165614,3795107,34349881,72049,2667748
1635291324.397535,3682543,35149350,5491877,73641,3629127,34326467,228051714,3781272,34062735,70741,2724525
1635291324.4976523,3690621,35272105,5490896,74027,3797835,34260789,227950477,3767891,34156034,72189,2663095
1635291324.59777,3606093,35037753,5415978,73528,3793041,34190857,228025815,3782461,34124814,70812,2544894
1635291324.6978877,3687969,35417609,5486593,73733,3619794,34007643,228071144,3657078,34281004,70972,2717899
1635291324.7980113,3686478,35369894,5334404,69909,3776821,34010160,228119198,3799864,34114979,73710,2722341
1635291324.8981383,3652975,35331942,5476955,76500,3791624,34385975,228048913,3645266,34348540,73689,2703936
1635291324.9982586,3669523,35259424,5446811,74498,3662080,34418009,228068558,3790574,34292829,74408,2705381
1635291325.0983775,3798172,34388054,228141914,3783640,34355315,71152,2573781,3650608,34690268,5232631,73616
1635291325.1984951,3792888,34282658,227998966,3631861,34333702,69481,2689499,3823372,34747656,5471165,74378
1635291325.298613,3675407,34324003,228101224,3788485,34334763,70770,2683410,3688389,35134205,5293247,70433
1635291325.4988487,3732049,35314640,5501809,73831,3596593,34220198,228080440,3786487,33999109,71287,2656442
1635291325.5989661,3713808,35309043,5521486,72969,3781202,34279263,228073450,3664676,34008167,70202,2692364
1635291325.6990838,3608111,34953291,5412067,72942,3750792,34213486,228064443,3793631,34043440,70831,2554232
1635291325.799202,3692881,35264966,5489453,74495,3705604,34103500,228138624,3687916,34319456,71498,2754996
1635291325.8993194,3695380,35194305,5307590,69839,3637832,34026072,228098235,3785927,34345343,71422,2706531
1635291325.999437,3716344,35117855,5491063,73783,3782931,34320380,227985829,3640088,34273786,70906,2730927
1635291326.0995553,3686416,35296506,5412624,74088,3413778,34200366,228048586,3795103,34303172,71894,2707298
1635291326.1996732,3804071,34242176,228010972,3793453,34287375,71863,2575900,3731736,35035135,5237503,75515
1635291326.2997909,3803748,34142356,228003179,3650581,34242781,70495,2732379,3614631,34644839,5485013,75119
1635291326.3999088,3653385,34339882,228040228,3815815,34286600,72083,2764224,3686479,35520458,5368645,69718
1635291326.600133,3647084,35043666,5471544,73767,3417821,34315591,228113639,3810842,34072109,76415,2725820
1635291326.7002513,3691595,35341743,5487948,74317,3777757,34328417,228058817,3780030,34146823,74704,2689320
1635291326.8003695,3676870,35071463,5418792,73085,3790532,34249854,228124457,3562507,34128309,71012,2553273
1635291326.9004872,3721668,35124790,5500202,73987,3657333,34046198,228138886,3727686,34341635,71286,2726933
1635291327.0006177,3677198,35347745,5465887,74835,3739028,33789025,228038619,3766005,34258836,71744,2689750
1635291327.1007392,3479287,34813101,5430910,66636,3798146,34242889,228125181,3761505,34257052,72496,2699032
1635291327.2008584,3692181,35351806,5509509,74396,3666644,34276113,228087130,3689129,34326456,69079,2688803
1635291327.300977,3780845,34274164,228013373,3795018,34239171,70864,2544763,3674611,34949785,5057796,74411
1635291327.401095,3791171,34193749,228019532,3644615,34249370,69604,2699198,3342603,34788238,5402608,75042
1635291327.5012128,3633954,34221070,228050321,3796055,34230323,69331,2670300,3748383,35096861,5477990,75638
1635291327.701586,3466804,34766150,5430017,67240,3607801,34359477,228143733,3702273,34342691,72381,2684104
1635291327.8018749,3683381,35294565,5476779,76594,3797912,34257670,228111097,3744582,34077776,68529,2679427
1635291327.902216,3670588,35160802,5403353,73930,3802425,34237076,227976562,3770972,34210004,70945,2560574
1635291328.0025468,3654839,35105634,5494198,74987,3639401,34184812,228109395,3780385,34105355,71028,2679656
1635291328.102884,3675106,35310642,5505325,74713,3691395,33830336,228092573,3675650,34276049,74354,2713247
1635291328.2032228,3478158,34832796,5419603,66607,3957428,34028072,228140588,3796062,34282999,74507,2716379
1635291328.303543,3681879,35382837,5511072,74628,3756898,34196963,228125342,3658591,34326514,74735,2709665
1635291328.4038694,3775174,34388433,228062697,3787884,34277422,70673,2585241,3623703,35147203,5144984,59669
1635291328.5043483,3787097,34337068,228057502,3636006,34275409,71613,2691809,3481727,33739794,5286044,75029
1635291328.6545992,3653931,34240852,228132897,3777095,34330928,70245,2681249,3893051,35175500,5511986,74840
1635291328.8548365,3479663,34797814,5430858,66418,3773006,34232905,228048979,3653455,34333297,71182,2697228
1635291328.9549549,3684319,35287589,5500549,74121,3705962,34202328,227977054,3745245,33960628,72263,2689080
1635291329.0550733,3685379,35324399,5426503,60091,3796699,34351824,227987917,3691337,34099921,70709,2617952
1635291329.155192,3598466,35083959,5504602,74173,3661712,34221625,228066709,3781708,34105361,72088,2642338
1635291329.2553093,3692854,35384560,5500290,74506,3807349,33836245,228035682,3719185,34206852,72699,2700647
1635291329.3554275,3692754,34929193,5408365,67957,3291573,33971361,228097884,3793308,34427636,69949,2616793
1635291329.4555454,3707829,35181352,5499633,74535,3773562,34318552,228097826,3640960,34227257,70775,2722437
1635291329.5556629,3612183,34309092,228081965,3781194,34340215,71805,2671453,3542146,35160780,5554461,76673
1635291329.6557803,3795107,34244743,228018285,3750330,34254449,70714,2504910,3707967,34751127,5285187,74417
1635291329.755898,3739907,34215681,228079380,3710679,34255890,73357,2677008,3691004,34770604,5493062,74912
1635291329.956133,3673264,35083543,5411884,68560,3787538,34165581,228121526,3631083,34216554,79731,2499438
1635291330.056252,3655639,35204068,5509191,73954,3573394,34281646,228045336,3803651,34095164,71044,2706445
1635291330.1563702,3699490,35278454,5491646,75428,3781827,34276166,228045226,3767206,34108811,70585,2693731
1635291330.2564878,3655655,34864943,5453066,72060,3769679,34218222,227981423,3639442,33948503,71227,2484140
1635291330.356606,3699738,35212347,5508719,74111,3632848,34142665,227867702,3656913,34150355,71986,2687975
1635291330.4567268,3674673,35209451,5384376,75367,3249469,33889693,228359827,3772076,34307817,71086,2367441
1635291330.556845,3633200,34982096,5531710,74438,3747551,34017284,228042020,3634156,34218852,72288,2678915
1635291330.6569624,3681099,35255657,5480730,59003,3669885,34056307,228182137,3790677,34229124,70548,2688369
1635291330.7570796,3640804,34906645,5445148,88644,3701792,34251430,228097217,3789441,34173595,70439,2480698
1635291330.857197,3682758,35023469,5145364,68479,3784819,34252402,228095320,3648529,34255462,69966,2702227
1635291330.9573145,3495921,34882122,5385272,76551,3684154,34263617,228103513,3795401,34195685,70543,2193827
1635291331.0574327,3706054,35184518,5380309,78193,3776873,34322831,228170362,3683105,34279430,71558,2873472
1635291331.157551,3622526,34936398,5461101,76726,3597373,34216250,228097424,3757716,34235729,73254,2484122
1635291331.2576685,3645300,35379495,5490606,74734,3797385,34245046,228034229,3713413,34068122,70593,2759813
1635291331.3577862,3624494,35136731,5409863,67644,3796482,34166621,228076249,3769438,34002748,71677,2465801
1635291331.457904,3695833,35239355,5483327,74339,3583346,31502401,228041793,3595276,34176950,73102,2673612
1635291331.5580223,3668496,35427207,5387163,76032,3330666,31334511,228351739,3692226,33397141,73566,2709701
1635291331.6581416,3695214,35326082,5513414,76335,4138390,33989487,228113027,3663255,34250926,73484,2704229
1635291331.758259,3689643,35263017,5385441,66211,3759113,34001717,228061172,3783606,34184912,71716,2527896
1635291331.8583767,3643101,34969580,5588041,73848,3689717,34168595,227992205,3637021,34217828,70099,2692379
1635291331.9584947,3664134,34890196,5110647,65588,3639678,34315310,228064165,3788523,34275204,70271,2730184
1635291332.0586133,3486848,34557929,5377290,79045,3791059,34307434,228095725,3780279,34245797,70494,2966612
1635291332.1587305,3695425,34972032,5379209,67777,3764485,34214871,228133966,3631935,34287877,72014,2683204
1635291332.258848,3652919,34778112,5485055,75111,3802113,34295875,228053597,3789035,34246618,71851,2503040
1635291332.3589652,3676593,35099953,5396246,66860,3789990,34223621,228026364,3679050,34083359,70865,2625351
1635291332.459083,3658782,35014341,5504116,74590,3639400,34137172,228079300,3771569,33944812,70298,2695948
1635291332.559201,3698843,35351472,5487999,74900,3765535,34116212,228033338,3762022,33904230,70636,2671157
1635291332.6593187,3478472,34846188,5424014,66483,3352608,33871418,228145731,3679114,34164193,71355,2700058
1635291332.7594366,3689591,35344988,5489805,75640,3940273,33934035,228112467,3710401,34182381,70841,2730050
1635291332.8595543,3660955,35141019,5380228,75663,3758511,34062567,228117672,3774258,34190344,69628,2538958
1635291332.9596717,3704013,35219148,5501709,69084,3746999,34195454,228008636,3629193,34112199,70918,2676574
1635291333.0598004,3662559,35278665,5303877,75432,3673064,34455960,229814924,3812244,34510973,72874,2717030
1635291333.1599286,3652267,34172086,5263191,80620,3778703,34170942,228196174,3649449,34255557,72615,2779187
1635291333.2600713,3665016,34044108,5168215,84064,3636723,34251631,228137935,3797734,34274852,73793,2671077
1635291333.36019,3704280,35025141,5415298,75010,3797962,34273913,228120401,3790156,34206586,71318,2717116
1635291333.4603088,3615055,34817743,5411087,73465,3762906,34276555,228079681,3646319,34256495,72200,2465504
1635291333.5604274,3690747,35229225,5541137,73043,3669791,34375224,228060464,3740428,34049763,71988,2723906
1635291333.6605463,3676795,35179793,5296982,69177,3779754,34321509,227911793,3759217,34021735,70075,2697313
1635291333.760665,3696708,35167688,5504685,73847,3617635,34229112,228131219,3748284,34096773,71069,2683629
1635291333.860783,3682084,35181068,5510111,73238,3679114,34066769,228106598,3656160,34231013,69901,2677574
1635291333.960901,3575111,34881530,5405358,68840,3758584,34018254,228072382,3784165,34262702,71461,2557111
1635291334.0610206,3689008,35240957,5476574,68892,3776370,34087629,228177879,3658865,34240475,71593,2669825
1635291334.1611407,3692493,35266082,5435489,75176,3661966,34300273,228050006,3792112,34151174,71280,2693884
1635291334.2612596,3783024,35627286,5403917,74925,3783907,34136210,228006242,3643029,34162077,70728,2686837
1635291334.3613777,3614908,34352436,5266194,70067,3675045,34171174,228093005,3784400,34107695,70570,2546925
1635291334.4614964,3667654,35137575,5496477,75425,3777463,34262300,228016047,3765480,34198115,71069,2722410
1635291334.5616148,3616398,34919738,5437763,73737,3729732,34267187,228048887,3684587,34320081,70082,2679021
1635291334.6617327,3655347,35355872,5524615,73365,3716742,34269786,228038510,3678185,34079214,71835,2554734
1635291334.7618513,3656031,35166647,5376494,69385,3803118,34259891,227992882,3764684,34098664,71147,2698130
1635291334.8619697,3681318,35226677,5481658,73575,3699414,34513388,228078704,3760601,34145627,73159,2695388
1635291334.9620879,3695967,35312634,5503131,74264,3869399,34030316,228088991,3722465,34424471,74656,2694720
1635291335.0622072,3601768,34979982,5399887,73230,3578702,33933950,228074964,3790709,34213254,71586,2537854
1635291335.1623263,3679718,35225855,5491931,76878,3755627,33511749,228145343,3666510,34110213,71767,2699931
1635291335.2624621,3689130,35121844,5391627,65875,3706726,34117302,228175141,3772566,34066789,71448,2635178
1635291335.3625834,5427926,32772969,3331102,75184,3777787,34204518,228088743,3635510,34263767,71669,2694040
1635291335.4627023,3681080,34909672,5376084,73330,3790491,34330382,228143718,3778494,34260049,70454,2528131
1635291335.5628211,3646106,34576785,5264789,75581,3783024,34210890,227978921,3628841,34216325,70778,2675787
1635291335.662939,3691892,34964175,5507380,74216,3639765,34209295,228004127,3789167,34252444,69601,2697513
1635291335.763058,3673474,35274295,5503853,75129,3781702,34185011,227983106,3750918,34037238,71665,2696571
1635291335.8631763,3481517,34753471,5519302,69279,3691829,34312021,228113140,3676939,33949158,70789,2350116
1635291335.963295,3688806,35425239,5476713,74921,3798045,34299981,227969321,3778123,33975859,71211,2672150
1635291336.0634139,3679032,35315365,5384098,74997,3769149,34218620,228095641,3766951,34112399,71783,2482504
1635291336.1635315,3665492,35026419,5465859,73632,3684051,34002672,228031791,3643087,34205178,70851,2692774
1635291336.2636497,3653286,35264749,5491585,75115,3610140,34031370,228039476,3780317,34190099,70640,2695992
1635291336.3637679,3417871,34965198,5558831,66288,3771956,34100641,228107143,3721215,34176763,71584,2409245
1635291336.4638855,3667877,35302132,5457650,73534,3696272,34158949,228071638,3718802,34310923,73673,2709738
1635291336.5640032,3650009,33686930,4934623,72753,3790757,34171272,228075448,3743633,34160220,74667,2698488
1635291336.664124,3653971,33734574,4698617,65409,3689850,34399581,228060742,3710763,34203348,72328,2688463
1635291336.764242,3716126,34986496,5476161,74311,3753812,34218047,228091508,3794076,34163831,70974,2703380
1635291336.86436,3743762,35142636,5385453,66673,3787009,34273265,228073355,3638177,34343291,68541,2760910
1635291336.9644785,3685775,35417253,5515447,73832,3746368,34329012,227975732,3724176,33945426,70055,2317021
1635291337.0645971,3664028,35223415,5455410,75345,3777153,34340856,227882150,3761658,33982784,71346,2531040
1635291337.1647155,3590801,34805001,5462390,73520,3609339,34169476,228064246,3787469,34130142,71834,2686683
1635291337.2648337,3687604,35140464,5496917,73588,3858599,33971010,228063138,3675671,34289332,71630,2682050
1635291337.3649523,3672173,34823269,5437089,69717,3567343,34110891,228047388,3770581,34256173,72115,2466423
1635291337.46507,3696039,35124759,5439274,71602,3769456,34242239,228123030,3640990,34367429,71757,2686253
1635291337.5651882,3695875,35248760,5454390,74087,3669119,34214377,228073228,3800252,34287640,70750,2342956
1635291337.665306,3618301,35138464,5350156,87312,3792878,34160284,228082335,3636236,34187601,70967,2705333
1635291337.765424,3691406,34896692,5361743,61571,3560235,34098704,228081411,3788760,34151139,70474,2600596
1635291337.8655427,3593123,34659291,5379385,77925,3773726,34122690,228030718,3782629,34201018,72494,2681394
1635291337.9656608,3677947,34971046,5479272,74724,3781386,34202256,228119772,3639217,34177087,69691,2704129
1635291338.0657794,3655405,35411081,5493733,74788,3616040,34269724,228045063,3800673,34025068,72077,2238141
1635291338.1658971,3659780,35237660,5368392,76259,3790643,34132661,228034952,3582585,33855358,71380,2454647
1635291338.2660153,3617797,35055398,5513279,74433,3578987,34175056,228102989,3766424,33958070,74143,2727622
1635291338.3661337,3677378,35272543,5510317,76561,3825317,33976185,228043784,3755902,34253682,72604,2733329
1635291338.4662519,3578933,34940432,5571703,74339,3694376,33951164,227959907,3774218,34269323,73191,2516589
1635291338.56637,3700481,35385730,5514251,75585,3660681,34038086,227994614,3707161,34261509,70658,2723011
1635291338.6664875,3736111,34905357,5386594,66789,3721894,34216511,228052241,3788573,34212468,70775,2597825
1635291338.766605,3709461,35084180,5410100,72781,3758634,34172445,228082767,3628949,34250679,68957,2678984
1635291338.8667226,3697522,34790167,5346309,36832,3667100,34209690,228070742,3769627,34272318,71615,2597630
1635291338.966841,3582494,34835749,5277504,60522,3782257,34157199,228080328,3669073,34328118,71128,2645969
1635291339.0669596,3666984,34584301,5469820,74757,3655790,34180249,228064061,3775654,34291714,70637,2772403
1635291339.267196,3613287,34738835,5437556,67254,3790096,34212183,228116806,3613006,33936213,70702,2647012
1635291339.3673139,3700517,35370266,5502091,73742,3755374,34293835,227977442,3703411,33949886,69819,2715573
1635291339.4674325,3690563,35390291,5383141,59297,3783496,34204443,228036891,3775010,33940092,69413,2580794
1635291339.56755,3630183,34963821,5465406,74219,3740395,34046600,228055446,3665773,34192835,69608,2689957
1635291339.6676674,3671175,35391354,5480408,74815,3593787,34074794,228169251,3790026,34261285,69285,2690958
1635291339.7677846,3461847,34766948,5425421,66900,3789058,34294558,227969542,3749422,34220245,70688,2713694
1635291339.867902,3683325,35284320,5402679,74452,3644990,34170567,228048031,3677850,34345155,75804,2703625
1635291339.9680197,3792600,34199903,228009414,3788329,34226394,74048,2577628,3748802,35054932,5251000,73801
1635291340.0681381,3784431,34151495,228034910,3641539,34249647,73820,2728625,3574780,34614832,5441706,74461
1635291340.1682575,3644352,34164665,228022242,3792563,34273840,73844,2677935,3690745,35252972,5440694,73248
1635291340.3684945,3706783,35146966,5512262,73922,3496129,34128205,228094213,3797621,33693001,73701,2718651
1635291340.4686155,3696968,35230227,5490017,74449,3757005,34253081,227998112,3595796,33827913,71209,2697151
1635291340.5687337,3604742,34817513,5412967,74168,3751426,34254026,228068010,3760099,33942622,70419,2575247
1635291340.6688516,3700979,35161489,5507193,74296,3778978,34128115,228060572,3691737,34173075,71035,2699084
1635291340.7689695,3696348,34955841,5391595,69805,3656357,33924527,228165600,3791307,34220110,70279,2697598
1635291340.8690877,3687314,35242908,5530174,73956,3786028,34110975,228039574,3642361,34200247,70520,2669963
1635291340.9692056,3699965,35298156,5449679,74424,3726816,34241101,228036410,3786409,34187600,70080,2706936
1635291341.0693243,3783517,34191790,227999092,3771325,34168385,71053,2580482,3726813,34750496,5213606,75179
1635291341.1694424,3734849,34163465,228023479,3678200,34285838,70224,2680558,3639439,34856802,5495652,74954
1635291341.2695603,3699112,34251551,227967870,3782079,34202284,70914,2684994,3631487,34860681,5312946,69573
1635291341.4698412,3579185,34246104,5234021,80284,3608641,31277546,228548836,3697082,34059245,70475,2731351
1635291341.569962,3664982,35310600,5428931,75280,3783355,34023415,228177800,3630569,33977582,69809,2614865
1635291341.6700823,3653763,35196179,5495024,74600,3673945,34099887,228109674,3764209,34052482,73240,2691411
1635291341.7702007,3715518,35134625,5284508,67606,3795114,34047828,228034126,3767634,34259681,73167,2638879
1635291341.8703196,3717222,35267909,5481108,74831,3786602,33575870,227897778,3637162,34094262,72534,2767071
1635291341.9704385,3707689,35376008,5505809,73977,3475759,34005944,228151293,3774825,34072241,70442,2751231
1635291342.0705569,3576065,34869908,5399711,59012,3788414,34218200,228080298,3733066,34000178,71264,2663037
1635291342.1706755,3657331,34328958,228052363,3715051,34210604,71423,2707727,3673243,35114022,5255126,76205
1635291342.2707944,3779813,34351586,228063039,3780295,34367178,70727,2478269,2902134,34390365,5279203,67777
1635291342.370913,3791147,34380076,228062647,3638578,34379003,72114,2680746,3885594,34970928,5513132,75137
1635291342.5711489,3692741,35099360,4016395,75917,3795867,34201714,227984938,3643946,34201128,70903,2359137
1635291342.6712673,3626370,34900139,5473000,72736,3570586,34232324,228076767,3747323,34019825,71308,2682913
1635291342.7713842,3693185,35298419,5433612,76217,3771869,34130963,227905279,3777158,33994293,70192,2678185
1635291342.8715024,3585900,34962330,5534004,74713,3705440,33998481,228067569,3780122,34101189,71609,2532208
1635291342.971621,3697751,35349503,5473881,73395,3826665,33830665,228017826,3676751,34210172,69866,2700889
1635291343.0717409,3653317,35147042,5398383,68357,3342279,33886243,228154722,3762031,34169897,71241,2541883
1635291343.1718595,3679989,35124699,5480067,73318,3791841,34224075,228132905,3630276,34149304,70991,2695334
1635291343.2719777,3651562,34226445,228080890,3777562,34129484,73305,2635681,3597331,35022246,5360892,62359
1635291343.3720956,3799140,34217405,228065137,3687420,34242096,72787,2619241,3633307,34392586,5305202,76048
1635291343.4722216,3640350,34239033,228139687,3791753,34020900,72862,2713395,3901344,34864173,5505335,75541
1635291343.6724699,3527714,34881136,5422365,67891,3691726,34224623,228060814,3654959,34292209,70632,2719194
1635291343.772589,3699770,35222410,5446848,75379,3774605,34245313,228008696,3681353,34043870,69744,2718525
1635291343.8727076,3677170,35009161,5383185,73432,3772962,34352786,227947567,3729501,34051988,69768,2559888
1635291343.972827,3695705,35102325,5448913,72201,3728810,31589840,232936956,3248730,34816388,72120,2750815
1635291344.0729454,3765507,36044798,5632717,76466,3654537,32859365,231331566,3410633,34564309,70635,2545085
1635291344.1730638,3740540,35796748,5568497,76483,3670152,33652715,228118737,3746694,34257089,70524,2664542
1635291344.273182,3642817,34890448,5392177,63894,3777607,34109823,228052024,3792392,34238544,71361,2602626
1635291344.3733006,3757473,34171008,228005433,3636583,34194613,71775,2689878,3703754,35056079,4925548,76996
1635291344.4734182,3661998,34340292,228022533,3793754,34154965,69923,2607519,3742285,35182923,5215578,68844
1635291344.5735362,3778804,34261370,228051103,3644326,34120078,71163,2681181,3878624,34728984,5484903,75076
1635291344.7737725,3677619,35226102,5476802,75265,3794166,34304135,228128480,3735076,34279998,70981,2579950
1635291344.8738904,3550255,34960170,5429560,61960,3711938,34302166,228091092,3680263,34114004,69887,2695683
1635291344.9740086,3669897,35170000,5470670,69846,3748166,34261308,228009324,3776962,34036011,69653,2705937
1635291345.0741272,3668032,35024256,5326132,66799,3791848,34255382,228059247,3771827,34141852,71631,2568028
1635291345.1742456,3698975,35064234,5449933,74603,3725327,34188273,228087266,3557960,34174183,73474,2709985
1635291345.2743633,3703452,35372977,5435443,73947,3314457,33889765,228069210,3805431,34251330,74105,2497991
1635291345.3744822,3612207,34949092,5487994,73288,3762296,34047271,227967943,3698055,34327349,75224,2692257
1635291345.4746034,3704224,35170858,5523938,63200,3757415,34098171,228151643,3767094,34327704,70617,2702147
1635291345.5747225,3706966,35016234,5461802,70717,3663911,34254873,228030726,3779819,34350466,70313,2482308
1635291345.674841,3691322,35178125,4978886,74672,3790383,34229855,227983419,3637686,34271398,70107,2669347
1635291345.7749581,3483640,34551428,5443032,71664,3693469,34350558,228065832,3778830,34201344,69488,2238482
1635291345.875076,3718138,34954220,5393144,76442,3781978,34380727,228141768,3712291,34216978,71095,2792307
1635291345.975195,3652906,34732039,5516840,74321,3596388,34286662,228077311,3782903,34185232,69260,2466313
1635291346.0753133,3685878,35287939,5474081,75235,3793800,34257731,228027243,3717150,34077521,70700,2734443
1635291346.1754317,3660412,34974876,5390581,68340,3775792,34206032,228030870,3785501,34035432,71605,2471442
1635291346.2755497,3691716,35291649,5490617,74592,3595102,34251188,228110959,3764305,34121927,70564,2678105
1635291346.3756688,3691347,35239024,5345936,76139,3343243,33861308,228143546,3700061,34248782,69980,2344126
1635291346.475786,3615310,34870640,5479045,73758,3738943,34101879,228066270,3639190,34210478,70466,2700493
1635291346.5759034,3674969,35093321,5437951,61716,3714185,34027869,228131743,3777438,34260378,69533,2681827
1635291346.676021,3565499,35032983,5558326,85938,3670776,33623951,224754896,3524604,34118112,68908,2558753
1635291346.7761388,3604123,34554016,5235331,92648,3704760,33833019,226640470,3706641,33943375,69319,2615792
1635291346.8762562,3602254,34327349,5309906,99876,3723010,33754024,227199477,3693116,34014203,59974,2655001
