1635340005.6949437,5064222,27525844,651691139,6003404,30953917,138741,4983308,3569638,27194554,230832,177054
1635340005.795086,8902837,40569588,930220562,9477797,41707942,204167,6657981,5223124,39464382,364207,226516
1635340005.8952093,9466825,62780778,918615861,10792316,54819772,241505,8191656,7360747,41035468,373159,255198
1635340005.9953306,7677508,54402327,923401685,7904897,54177690,270976,8640252,8076876,53021494,5235642,280405
1635340006.0954516,8110431,55762810,922905011,7917507,54226601,265758,8850981,8397480,53839018,5023934,315616
1635340006.1955729,8013139,54165571,923675478,7910696,52777814,274258,9016547,7832504,53955718,4534104,332975
1635340006.295692,7904326,54034682,923618740,7821088,53697956,284232,9034718,7666274,52006905,4984997,326776
1635340006.3958127,7747763,52275597,922942892,7810029,53996217,280439,9028673,9097590,51152788,4117344,318524
1635340006.4959323,7615459,53439186,922584816,7867505,54013358,278294,8948919,7928371,55225212,4979492,327508
1635340006.5960515,7957579,53254132,922776349,7740454,54887671,266416,8884516,7808596,53613546,4958038,326944
1635340006.6961715,7821773,53330001,922989411,7784118,52543161,272117,8880743,7594814,52619448,4478693,333857
1635340006.7962937,8183591,60892040,924121155,9097923,63091218,365985,8593189,8869386,59270880,5067322,353440
1635340006.8964143,7867199,54345365,924056716,7707886,52656268,276096,8975972,7756310,53809667,5276329,334890
1635340007.0465946,7591891,52709759,922930028,7676457,52374018,278443,9045902,8022934,53718416,3457003,324387
1635340007.1467147,7716247,53567331,923092288,7679327,52284104,273580,9288143,7801761,51701250,4795097,267694
1635340007.2468348,8098095,55247024,929613966,7698050,52162745,271005,9048081,8379483,51105280,4852462,398068
1635340007.3469548,7992143,53263037,933388158,7535834,50912024,266613,9028138,7394404,52200585,5140725,367276
1635340007.447074,7856021,53555391,931042127,7730536,52378667,261448,9018890,8084018,55168521,4983549,374754
1635340007.5471933,7661081,51295285,930715714,7788088,52468134,248293,7548141,7840588,53873959,5358212,354366
1635340007.6473129,7423608,53053217,935843826,8037564,55740509,259150,8832601,7853797,54886038,4962154,353738
1635340007.7474325,8052587,54736762,935180330,7602659,57357052,337405,8758886,7870235,59406189,5925725,379828
1635340007.8475537,7874479,52439863,931673262,7662742,52583990,260992,9051179,7508160,52586956,4488622,396111
1635340007.947673,7703903,51825526,934015653,7720704,53156182,257339,8917970,7055546,49937108,4895934,402965
1635340008.0477931,7517271,47878177,936789874,7795530,53694420,257528,8701108,7202861,51961209,5299907,369210
1635340008.1479132,6464960,52283701,934431809,7834205,52170088,265744,9219132,7438626,53417862,4776789,364575
1635340008.2480333,8178268,54750020,935988068,7761496,52491334,262939,9311562,7457095,51804019,4734174,373749
1635340008.3481536,7839462,52754477,932251164,7719408,52218744,263099,9277514,7648125,52761901,3967497,441127
1635340008.4482737,7663330,51881180,927983126,7687936,52200311,265592,9196988,7315975,49715034,4487088,428752
1635340008.5483923,7738658,51363418,928144732,7684551,51968659,263594,9076236,7556925,50576652,5385079,417062
1635340008.6485112,7229605,47918140,927497359,7666781,51894512,273646,9080527,7633209,55097507,4840138,417515
1635340008.7486303,7195918,50919496,925402928,7513077,50793935,270082,9212405,7521277,52724942,5082676,392920
1635340008.8487506,7808441,52873605,925716060,7632006,51527675,257766,9216315,7735288,53495551,4931691,434394
1635340008.9488695,7736690,51198604,925621152,7638293,51074855,259461,9109993,7682051,53340014,4355753,451109
1635340009.0489888,7568044,51264980,925648518,7613247,50207492,273440,9084060,7255663,50470505,4837889,430853
1635340009.1491086,7354692,48895499,925375237,7460644,51430468,274456,9200159,7547080,52567794,5180190,413605
1635340009.24923,7128551,50725906,921773333,7589617,51195540,262923,9164901,7755547,54133443,4787868,397733
1635340009.349349,7816133,51768187,926421710,7615797,52451359,257318,9245661,7567427,52460961,4821423,432349
1635340009.449468,7744222,52315635,923365956,7686375,52214706,257095,9220297,7512065,52526870,4383237,465864
1635340009.5495877,8439089,54684940,924395592,7853506,52116883,259323,9156041,7353624,50812000,4970779,475829
1635340009.6997657,8825539,59267616,924917720,8890527,61294124,326176,8827022,9348683,61796522,5418362,451956
1635340009.7998877,8366660,59578639,923017370,8836094,61531047,328149,8943418,9841464,64432934,4765012,440006
1635340009.9000106,8871951,60734584,923190289,8837527,60294087,311707,8866710,10028545,55104624,2564885,272345
1635340010.0001304,7737871,48132213,922999870,7495249,50678543,283045,9111975,7809392,47119828,1113031,410846
1635340010.10025,7620585,51327477,930079865,7530761,50460655,273823,8960113,7049559,43344626,2239228,446911
1635340010.2003708,7599180,51451048,923110507,7523766,49731584,267650,8695596,7871004,54140312,4809502,460962
1635340010.3004901,7404777,49206078,932875016,7589603,49077086,236811,7546051,7591054,52587790,5221734,425293
1635340010.4006112,7246044,51195000,933068223,7589840,49520599,256448,8793072,7722043,54152756,4837288,436101
1635340010.500731,7875826,52927800,933436903,7540777,50241482,284911,9025412,7430808,51996131,4833033,458799
1635340010.6008506,7745138,51103563,932808753,7495436,51283423,286496,9030128,7307697,51647563,4383308,477410
1635340010.7009704,7608352,51081453,934152295,7604384,51171327,277845,8898745,6849641,48840158,4825352,474416
1635340010.8010921,7422261,46450015,937196465,7666838,52828970,274106,8849108,6833993,50404059,5095418,449467
1635340010.901213,6791649,50357266,937096250,7730238,51886670,275555,9287187,7309373,52626049,4745135,424777
1635340011.0013335,7808290,53688052,934923041,7691710,51185652,272219,9253063,7315239,51139941,4692234,477161
1635340011.1014533,7882395,51569811,936885038,7609867,51313759,269296,9272022,7585097,51029321,4135611,482895
1635340011.2015734,7609234,52660560,938539280,7651182,51400516,274602,9206116,7280789,48265058,3904702,493727
1635340011.3016942,7534348,50491640,938931122,7686391,51415824,267292,9182489,7548555,48930767,4966153,480252
1635340011.4018137,7106369,46563343,930152880,7686856,51495196,265732,9299352,7691896,54252456,4788344,463140
1635340011.501933,6890102,48905393,927581067,7670664,51607410,269594,9051271,7967872,50304072,4956223,463384
1635340011.602054,7506606,50866795,925392487,7645655,51333683,271863,9195690,8462611,45903833,3019397,471225
1635340011.7021744,7740829,50657594,928124808,7546599,50555920,258148,9296018,7789164,53994927,4390685,500590
1635340011.8022962,7664873,51256041,929402078,7447959,48200220,268493,9261381,7331246,50894097,4854159,491347
1635340011.9024165,10723215,57874968,937278666,10178088,55671518,298551,9288607,7548710,48999156,2521242,477242
1635340012.0025375,9146090,52507691,938551658,7549187,47871701,270692,8840498,7219476,55067990,2507999,527569
1635340012.1026578,8027526,53863421,938667995,7648380,50114693,275380,9313202,7773030,53650653,4901835,493623
1635340012.2027779,7923798,50990338,937466190,7808369,53303581,275441,9212388,7646042,53027090,4434275,513765
1635340012.3529596,7640087,51514171,937097341,7895175,52552220,285238,9221417,7138918,50332924,4799128,502014
1635340012.453081,7553462,50389018,931289169,7785061,51860412,276202,9231510,7215325,50302941,4945790,473517
1635340012.5532012,7358773,52809957,936220722,7723839,51744959,265989,9354243,7770024,53672508,3675910,468030
1635340012.6533206,7339384,51225508,935833102,7703496,51726848,269652,9292178,7653048,52828714,4105571,425734
1635340012.7534409,7551567,51269023,928316472,7732022,51832584,270012,9322357,7675815,51840842,4191862,528070
1635340012.8535619,7777672,50095219,927141524,7569244,51600935,271759,9364464,7220219,49842008,5235460,491643
1635340012.9536815,7747764,50105758,926728976,7524228,51807908,269218,9250817,7739515,54296966,5070426,488449
1635340013.053802,7590404,48077274,923698455,7488818,51636231,268890,9285987,7828344,54011083,5206358,464928
1635340013.153922,7477280,49549186,924005702,7543647,51759724,261381,9333261,7762198,54057773,4864780,449946
1635340013.2540455,7776092,50925303,926851112,7456750,49793924,269977,9373655,7635809,52861846,4862210,484614
1635340013.3541656,7712329,50806839,926464510,7379233,49558846,281919,9216919,7492276,52159462,4428981,481295
1635340013.4542854,7497567,50085241,935950939,7356396,49141760,281617,9304647,7373600,50578457,4876546,473327
1635340013.5544045,7492357,49044233,934883130,7482196,49973958,270886,9199040,7537510,52368273,5195392,461654
1635340013.6545234,7068252,46755914,931209085,7580171,50758919,263348,8892755,7621869,53622224,4843605,458978
1635340013.754643,7617655,52695045,932167688,7520270,49029323,267181,9015656,7489727,50293173,3733304,469171
1635340013.8547628,8756891,54140057,931248864,7606179,49897329,289448,8902959,9556501,64769508,7882717,621176
1635340013.9548826,9167549,69614818,934030415,9211427,66708213,334462,9362713,8529506,67142556,8437308,638008
1635340014.0550027,9328941,69719001,935181629,9115801,68693379,342877,9212152,8494121,68916090,9209390,605891
1635340014.1551223,9104151,64727718,938352569,9135522,68064335,349293,9584389,8578238,68912436,8601472,565503
1635340014.2552423,8765356,69125150,937407358,9294840,69140761,347284,9766228,7966683,67916152,8594381,584793
1635340014.3553634,9631173,71862987,938390960,9121167,67733488,347054,9699506,8034684,68227237,9000205,639419
1635340014.455483,9356890,68838078,938330478,9263026,68936178,336091,9655155,8309273,69464025,6838284,646301
1635340014.5556033,9258137,72090716,939008408,9901775,76104833,324218,9096735,8057942,66468443,8556499,640290
1635340014.655723,9397137,72906965,936169354,9895051,74259334,370830,9049123,9199334,78599626,12106820,651860
1635340014.7558439,8820204,75322219,930253961,9627672,77897387,397360,9404592,9695838,84264715,11637727,639767
1635340014.8559644,9778393,78592611,930995194,9743638,77812012,382122,9444878,9255982,80778526,11651534,685054
1635340014.9560847,9793954,72930294,930708223,9680177,79091988,377657,9457173,9782668,79048236,10471948,722006
1635340015.106264,9701708,71348725,925793618,9610621,80432826,382554,9413070,8824451,75631936,11652260,732226
1635340015.206383,9014037,67985049,920618156,9735059,76566164,370896,9397351,9243969,80874429,12658955,665613
1635340015.306503,9717084,82681436,931427355,9562027,74937795,375192,9470141,9539037,78458843,8947382,534810
1635340015.4066224,8665651,62533451,933136202,8491063,61298602,289158,8903601,7968331,62890201,7179342,375136
1635340015.5067422,8756307,63849614,931404980,8368995,60655958,295169,9175692,7725743,60724539,5684946,654557
1635340015.6068614,8677085,61643814,930621376,8512258,61762144,292566,9131027,7576018,54244917,7348202,614500
1635340015.7069807,8422834,61654817,930857506,8486659,61586490,289943,9127144,7714502,63097949,7679902,603878
1635340015.8071015,8121917,58296893,927845509,8514467,61629339,287994,8951724,8375050,66270118,7958251,565633
1635340015.90722,7809083,59669017,923083195,8513938,60713355,258253,9107421,8321182,65679434,7602125,540689
1635340016.0073395,8441823,61911712,921391954,8511563,60004454,274660,9068273,8166091,63804091,7556699,583395
1635340016.1074595,8455989,59735730,921787792,8328148,60159329,301240,9204299,8107536,63298417,6825488,615524
1635340016.207578,7596093,50442898,919752404,7792169,58160778,282098,9227029,7587411,51726992,4822793,510243
1635340016.3076966,7417647,47745184,915341795,7768449,52248939,259579,9232762,7721608,53094432,5144284,484386
1635340016.407817,7158368,47022368,912832426,7611502,51844643,256114,9349808,7818770,54664913,4809575,469204
1635340016.507936,7313989,51145773,916921904,7864407,51875550,252109,9215425,7701581,53180560,4806850,497476
1635340016.608056,7631599,49890719,918194393,7754205,51728395,258114,9378106,7699195,53229154,4371038,504362
1635340016.7081754,8741072,52436587,920557122,7761461,49905378,233092,8804879,7248163,58752318,1246709,508483
1635340016.8082948,9784884,52888611,921346289,10160917,54986167,246106,8646525,7106704,57717558,1192413,497986
1635340016.9084141,10063747,54987183,920596321,10273420,55307626,246891,8666919,7091093,55484560,1229309,511517
1635340017.0085332,10815906,53276421,919378125,9986827,55071420,248525,8818762,7489908,56182345,1229367,495472
1635340017.108653,9737420,53550019,922826706,9923876,53685099,247589,8731769,7165431,56272373,1214265,491897
1635340017.2087731,9934661,55204162,921913623,9998623,54285570,254403,8669782,7232237,55239894,1267503,472067
1635340017.308893,10357182,55711968,921064855,10025646,54900331,250791,8719219,7279454,58829420,1245340,485276
1635340017.4090116,10828289,57849058,918549495,10181534,54461152,246143,8706975,7298327,57335303,1207607,511121
1635340017.5091312,11114695,55719283,917224096,10284550,53679873,246837,8877272,7230732,55246872,1240882,524130
1635340017.6092505,9855886,54130029,923073680,9987389,53532705,250265,8856506,7207725,57143591,1244045,501354
1635340017.7093701,11500182,71191509,934425486,9999055,52505412,250554,8859308,8251210,74081176,4810781,626884
1635340017.809491,11970810,72165821,940264786,11638220,69640639,314859,8712814,8131739,74822082,5240495,619063
1635340017.9096103,12055501,72245862,939053178,11705817,72044725,303470,8529681,8365958,74356305,5517064,614571
1635340018.0097303,11471458,71872006,939293819,11976122,70001516,283521,8417708,7943225,71679477,5578035,677988
1635340018.1098495,11723088,71970064,938232173,11788667,72027693,285102,8797029,8750393,70942605,9002856,887976
1635340018.2600114,8728573,64156164,939048781,9011449,68054628,344021,9345095,8470740,71299458,7962528,542617
1635340018.3601346,8908788,68150237,938759247,9124447,68106446,336754,9499979,8762362,72521507,7872280,576000
1635340018.4602554,9071672,68234725,939822121,9145107,68093135,342890,9723588,8531778,65702134,7941443,600329
1635340018.5603752,9216034,71611091,938852645,9168468,68157512,356684,10345017,8493100,68045263,7720720,633144
1635340018.6604953,9233159,65641752,929093858,9177982,69766535,357517,9503321,8477749,67432157,8844085,661350
1635340018.7606165,11413277,67585456,931085134,11711657,74319999,321286,8902769,8265501,74406266,5231302,609689
1635340018.8607368,8715402,66422004,931265947,9342844,70040679,307377,8977161,8261935,72937919,9713857,588051
1635340018.9608564,8961376,66427908,930497782,9260003,68132097,346896,9688205,9207733,74065823,8805792,588581
1635340019.060976,9077846,69221977,921483097,9197678,67303573,351457,9799840,8760055,70518597,8110065,639321
1635340019.1610959,9656299,66113100,919578542,8854679,66429061,349934,9668840,9158140,65426561,7754062,663776
1635340019.2612162,9056402,61222480,923163135,8669772,67661029,348935,9506279,8806519,70685315,8849906,616577
1635340019.3613365,8856670,68230799,925522975,8729737,64586505,348551,9564149,8759294,70455213,8283146,593025
1635340019.4614565,9145112,66545429,934392549,8868189,65528176,352401,9723639,9153316,74177816,9438218,598429
1635340019.5615764,9067906,66667880,937742525,8848173,65685926,351248,9802495,8778646,71642080,8433296,615638
1635340019.6616957,9265873,70280448,938295387,8748087,65482244,353073,9617866,8488586,69356182,8855576,651007
1635340019.7618175,9735275,68146808,939552675,8835112,65320230,336424,9519488,8938045,69970105,8856072,607782
1635340019.8619375,8630558,64511538,939127968,8811245,65168798,343940,9503815,8787962,69697976,8379296,591439
1635340019.9620569,8787716,67559017,938988108,9057979,67440177,338173,9382292,8302941,67735441,9421843,576025
1635340020.0621767,9158920,68118023,938523600,9150387,68908804,362087,9811567,8572090,68685673,8357329,593783
1635340020.1622956,9423814,71588136,938788790,9163518,70469539,344122,10010116,8784984,67019984,7676135,643905
1635340020.2624156,9453732,68216454,939428057,9365611,67850262,328904,9398004,8502573,66110937,8436710,666071
1635340020.3625367,8474307,63706590,929903004,9207835,68330835,344627,9529241,8806733,70442746,8764337,595715
1635340020.462657,8723976,67664364,929924264,9174310,66922245,350686,9547457,8771297,70233304,9721260,575869
1635340020.5627759,8929276,66775938,924977590,9075239,66583823,346203,9692155,9176001,73957219,8846881,583713
1635340020.6628962,9288806,67640538,921847765,9006075,68252681,349924,9798038,8765492,70400001,8150118,639284
1635340020.763017,8405528,60457054,923278910,9178281,68204973,347258,9630828,8490417,67325647,8854403,665141
1635340020.8631377,8594039,64228532,922357072,9047845,67604565,347115,9531705,8749841,70019976,9276814,856733
1635340021.0133183,8748059,64003880,927853516,8742866,65563550,350404,9593560,8644095,71131166,10541693,532956
1635340021.1134377,8851593,67710617,933016933,8927308,65906882,349853,9688563,9300104,78088037,8446139,575634
1635340021.2135575,9137565,67965247,936469414,8896585,65794263,351269,9757414,9598661,70066564,8018615,588371
1635340021.313677,9390583,71014717,930972041,8936621,66265011,346551,9871290,8120611,65273235,8172295,638774
1635340021.4137967,9661326,67729439,933702886,8919709,65926839,359715,9428672,8527607,68051159,8702413,654152
1635340021.5139153,8599515,64344605,939998915,9098324,67955791,355852,9562713,8681565,69436494,8855712,578764
1635340021.6140356,7240380,51248588,929706614,7678255,55825055,321584,9008320,8471632,47615282,4565579,422277
1635340021.7141569,7606552,51022648,925018785,7983452,50921347,223941,9052311,8188856,58105591,4797854,444747
1635340021.8142784,8059436,56272001,923935359,7588259,50961690,239131,9191710,7570033,52305561,3727498,520075
1635340021.9143982,8424083,56519075,925463871,7625685,48200615,241668,8974310,7134468,47968593,4816675,557651
1635340022.0145185,7258713,46814167,925520414,7394776,49701385,240130,8906261,7790653,51584895,4305155,476795
1635340022.114639,7344858,51153008,926789246,7477131,51211639,245572,9026498,7533493,52340884,6107684,441728
1635340022.214759,7635127,49938343,926592929,7591395,50570270,262146,9044135,8078231,57285783,5111719,451087
1635340022.3148806,7518041,47279746,926935859,7547944,50313765,261806,9130123,7509749,51893668,4491409,486015
1635340022.4150033,7666259,56027876,930592915,7584803,50557068,259701,9070875,8295599,67959979,6801742,557566
1635340022.5151234,9597580,67249927,932885677,9121600,67253565,343462,9275413,8897602,70056123,8776914,628036
1635340022.6152456,8803609,64907086,937221893,9161694,67710703,358141,9244966,8922639,67859091,8461056,576526
1635340022.7153656,8888627,67466843,935042065,9117801,67584016,363845,9465511,8418291,65415795,9017844,572931
1635340022.8154874,9167244,67644084,937835251,9166683,67965232,373896,9704196,7905399,67845330,8417193,583090
1635340022.915609,9480405,71271543,936804412,9142899,70749538,348525,10116785,8293993,67343343,7802018,637820
1635340023.0157287,9523362,68349241,937035142,9365551,68540481,300843,9447162,8495460,66620365,8505233,665698
1635340023.1158493,8587624,65298580,935001141,9274395,68200436,310864,9519253,8788417,70620997,8526889,622087
1635340023.2159686,8802202,69161779,937596259,9172910,67551934,317819,9598817,8830857,70623103,9142634,587589
1635340023.316088,9058641,70779251,937799943,9170528,66395398,317498,9730138,9220805,73628456,7698918,589782
1635340023.4162076,9516573,71217469,930297973,9006498,68559560,316968,9763210,8819017,70884104,8006758,646610
1635340023.5163267,8713266,61568180,922745435,9179193,68496096,317344,9615562,8506389,67909909,8881972,660768
1635340023.6164458,8352297,64051767,923533538,9190680,68149042,314114,9537722,8772321,70375239,9158688,833622
1635340023.7666252,8789363,63973009,924103621,8938451,67262421,319607,9553295,8775060,71342492,10800580,528759
1635340023.8667452,8927388,68282992,926046510,8968237,66382881,302245,9501311,10192526,76257478,8745527,567072
1635340023.9668658,9167220,68237273,926793069,8908061,65975600,301236,9684959,9699773,70046443,7820320,593713
1635340024.0669858,9481610,71898509,934486234,9109956,66155529,322723,9247492,8371554,66474196,8409459,639388
1635340024.1671047,9725534,68557004,938771179,9226246,66168045,304949,9016068,8716723,69704288,8602033,653449
1635340024.2672246,8840565,65727853,939358807,9222419,66546410,306901,9328075,8677289,69342554,8885195,605307
1635340024.367345,8967633,68707395,938209940,9245348,69156313,288477,9370603,8828581,70876586,9768165,571076
1635340024.4674654,8981993,67736389,937734235,9274392,67171696,282262,9367469,9233016,74716065,7228796,574431
1635340024.5675855,9513372,72000568,938583964,9273063,68587224,301883,9226531,10052892,68144844,8134468,644368
1635340024.667705,9750895,70711967,939839578,9241438,67488131,303905,9101031,9241953,65910090,7790915,663379
1635340024.767826,8952903,67201056,941111363,9176558,67188987,298723,9035893,9433458,69100311,8879633,604714
1635340024.8679464,9150000,68812630,939684827,9057225,67814512,291384,9397507,8840255,70946466,9766786,578855
1635340024.9680653,9200512,68473722,937066641,9233582,68665910,304001,9460674,9237819,74722524,8891475,602353
1635340025.068185,9215830,66699703,937563599,9205146,68523888,312784,9329791,8229055,68692120,8478376,615493
1635340025.168305,9458102,70762836,938120847,9218316,67894864,312223,9154279,8785461,64698063,7760652,656031
1635340025.2684247,9484138,68645759,938391692,9166950,68023844,319088,9590525,8313078,70086383,8556045,707498
1635340025.3685436,8810128,65511612,939092795,9215587,68394729,317990,9617649,8320555,67643794,7102951,556207
1635340025.4686644,8973064,68573946,937576965,9211646,68432524,346283,9647576,8043204,68439958,8495707,573012
1635340025.5687826,9198897,68435606,936387487,9179397,68495295,344200,9716130,7752949,66656019,8534178,584020
1635340025.6689022,9394248,71906894,936795251,9209612,69713499,335193,10135802,8682775,68709785,7864551,640418
1635340025.7690237,9148769,65270995,924638248,9250231,70589947,331142,9412014,8507775,67895382,8875644,658265
1635340025.8691442,8416852,63206011,926507761,9396271,68315574,320608,9549811,8835644,70764819,7762734,617424
1635340025.9692647,8761472,66904514,923984622,9124437,67854546,325819,9378692,8746544,69790443,9534656,565289
1635340026.0693836,8996628,68397741,924037305,9124795,66264503,328266,9605226,9119933,73828252,8768966,582327
1635340026.1695025,9442305,72787429,924458564,9056653,66942630,331942,9678059,8696109,70080975,8071973,628279
1635340026.2696211,9900317,64709001,922867667,8952041,67873334,332694,9465842,9047180,65268515,7834615,660325
1635340026.4198,8251960,62930112,922198726,9088364,67745962,327087,9430938,8632307,69528124,8770756,794958
1635340026.519924,8517883,64190310,925170229,8712683,65030050,326219,9206910,9621893,66334345,10773633,524891
1635340026.6200595,8749889,65591638,924935370,8974271,67067510,322792,9499667,8990969,76248390,9186490,553191
1635340026.7201786,8787473,66114591,925073300,8980766,67028325,315165,9332547,8873525,72613977,7795153,597586
1635340026.8203127,9180526,69691223,923497096,8964846,66929688,320292,9408038,8379459,64952474,8632144,609050
1635340026.9204423,9244005,65716350,923599044,8996709,67341632,323556,9449429,8567933,68876962,8232131,643920
1635340027.0205693,8433044,63089970,924587812,8988789,67039414,337558,9453305,8410451,67367314,8689673,597732
1635340027.12069,8569724,65669605,923955701,9004717,68991049,331418,9517383,9143136,66908267,8236637,564266
1635340027.2208104,8885324,66254721,924556125,9561208,69823006,320510,9527554,9039845,73417511,8833613,577390
1635340027.3209298,11660367,69844951,923193463,11799288,71288498,341417,8983589,8110188,73339917,5535797,605425
1635340027.4210498,11883629,70286308,922851135,11301112,73741183,344421,8952660,8193045,72681273,5138580,605764
1635340027.5211692,11366454,68732777,923947035,11634189,69490779,312944,8834417,8150836,73301613,4421448,607983
1635340027.6212885,11602150,70571106,923778806,11562709,70535796,318437,8893784,8048287,73084385,6451597,568033
1635340027.721408,10632703,71085107,921542305,11423107,70956730,315251,9106520,8577553,76590785,7052160,618915
1635340027.8215306,9866338,75065524,923347378,10183765,76557176,397599,9463432,9367723,62190388,5365176,610407
1635340027.9216504,9343454,65664220,924292243,9022186,67823091,336163,9642558,8497661,67029066,9507877,650609
1635340028.02177,9065668,66157362,923091182,9053450,68019094,344398,9488370,8867414,72699950,8907690,861038
1635340028.1218898,8894271,64651464,924493181,9134706,68421170,344532,9514725,9031168,71451771,9371708,537510
1635340028.222009,9022269,66607185,925406637,9010990,68373310,341892,9707183,9517300,73881408,8283483,587259
1635340028.3221276,9231508,67255998,924325688,9116166,68247267,347940,9770130,8469145,67239734,8814898,592346
1635340028.422249,9519727,70324990,924495864,9150918,68643451,363989,10255807,8876479,70461594,8113546,642871
1635340028.5223682,9728328,66545980,922741917,9100197,70670117,347691,9463911,8638124,67537072,8822989,664522
1635340028.6224885,8902529,64526101,924335114,9210045,69346463,335515,9547294,8873388,70510351,8827397,619768
1635340028.722608,9021346,67254371,923686829,9204779,68619194,325472,9502735,8867585,70565962,9714390,580519
1635340028.8227286,9263618,67604099,924818864,9097716,68334420,344035,9727666,9257329,74164679,8816865,599157
1635340028.9228485,9569168,73550158,920906332,8966269,66326566,346060,9709301,8878617,70575785,8135613,650603
1635340029.0236435,10826193,65637249,920856732,8940088,68230926,350528,9647384,8622196,65799791,7764529,638733
1635340029.1738276,8831304,62599942,923421485,9012772,68578308,360766,9592464,8900731,70765041,8893906,693896
1635340029.2739515,8976992,68015505,934035042,9201494,66770711,341241,9533600,8896665,70890031,10146448,603168
1635340029.374071,9265883,67243441,936003870,9297892,66731663,334569,9622669,9319648,75086312,9922714,589190
1635340029.4741902,9102943,67891642,935072404,9162030,67363272,333449,9451173,8913876,75520124,7836351,623782
1635340029.5743105,9576537,72194321,934400467,9298507,68833512,340951,9188098,8500279,65981652,8906495,640730
1635340029.6744313,9781742,68475448,931576268,9251564,68664484,343634,9270534,8680086,69597388,8503583,663910
1635340029.7745516,8900078,65984883,933922856,9235458,67689739,325576,9352844,8382253,68341529,8344808,625250
1635340029.8746722,9027104,68555360,933290806,9224793,68833420,344150,9613895,8321115,67147731,9522643,587659
1635340029.9747918,9234461,68508479,933717122,9259210,70843834,329396,9645063,9310847,72142165,8484811,603850
1635340030.07491,9457584,71823464,932812127,10041332,74158956,322123,9718185,8893932,69611622,7887503,652329
1635340030.1750295,10422200,84170266,932585297,10547329,79261653,356189,9869854,9746813,85976663,12398791,773701
1635340030.2751493,10090399,81556649,928127979,10534507,84061707,390559,9778625,10479131,85691224,11184245,734718
1635340030.3752687,10241466,83277623,928750344,10568033,83662905,391139,9847439,9899176,86179330,12099775,729559
1635340030.4753878,9836607,79079925,926834786,9951162,77939034,357961,9448018,9562683,83117074,10465867,686672
1635340030.5755072,9444832,75291018,917511847,9806299,77623754,358539,9523071,9161446,80013996,9961231,712371
1635340030.6756258,9789298,74638820,918018502,9782258,77363604,360822,9304970,8890935,77837138,11799093,749632
1635340030.7757459,9425066,75189118,919081337,9793583,77322816,352774,9278416,9155680,80695561,11825587,852613
1635340030.8758647,9142918,73189770,920211502,9808705,76665704,348584,9219556,9206518,81567170,12165720,663524
1635340030.9759843,9448837,75885925,921606613,9694913,76464317,358242,9408717,10188584,80656577,9767531,679588
1635340031.076104,9595497,74550932,919988485,9682179,77483279,355079,9534337,8690703,77186401,11554365,689656
1635340031.1762233,9804195,74541731,918949702,9601868,76944397,368566,9896355,9179255,80084000,11065789,728178
1635340031.2763422,10198565,76075258,918226240,9362784,75201163,356173,9137250,8925656,77733361,11582055,743134
1635340031.376461,9549100,75541733,920659961,9729069,76122465,359573,9247730,9147842,80136460,11574197,704339
1635340031.4765804,9391271,75915539,922666760,9612125,75601780,355174,9305155,9091866,79124042,12128100,670792
1635340031.5767,9731874,77202639,919104215,9264763,72044668,358010,9126178,9491763,82678963,11595290,690082
1635340031.6768198,9977624,82789269,917116574,9605538,74357345,362134,9463626,9135863,80044796,11103339,715741
1635340031.7769403,11142042,77044049,914039853,9505471,75862727,348587,9400028,8922989,77908958,11517035,738940
1635340031.8770587,8988262,72440098,917969784,9640727,76014966,358902,9278694,9669979,78247925,9285223,764596
1635340031.9771774,8755757,62575909,920447050,8297010,60471434,304395,9178808,8160332,63222016,6176988,618941
1635340032.0772972,8580359,59125876,920274572,7711508,51362912,269042,9238833,7557735,50180487,5682891,589692
1635340032.1774168,7865323,51991809,920813635,7714299,51332309,272192,9234527,7619382,51404915,5372164,500389
1635340032.3275952,7660691,50137493,919094610,7703363,51241810,269260,9266542,7762453,55092646,4883086,490336
1635340032.427714,7508937,51795153,920670513,7717544,51301883,277672,9309163,7649390,52817685,5106319,478587
1635340032.5278335,7935827,53377792,922893269,7727201,51318761,258611,9383176,7806006,54271698,4863791,500480
1635340032.6279528,7806297,51298932,925256043,7687774,50473036,267177,9303406,7725930,53445439,4376949,512301
1635340032.7280726,8741506,51736438,924371003,10295426,56880931,291393,9214974,7476696,51272190,4818897,486654
1635340032.8281934,10741010,57327653,924132644,10456882,54362282,241151,8671754,7087504,56494611,1184756,508426
1635340032.9283133,11138260,55435852,926344171,10250440,54432595,246872,8662091,7146024,54597878,1213518,528025
1635340033.0284326,9782917,54839734,924035068,10214915,53267353,244916,8583450,7056253,56555871,1210603,500678
1635340033.1285512,10150862,55476488,925869772,10122159,54403765,239276,8613177,7190746,56453829,1245592,479831
1635340033.2286696,10444410,55284430,927318807,10240802,54684878,240212,8602476,7313725,58787496,1213471,490243
1635340033.3287888,10303969,54585589,926011607,10269239,54738566,242642,8502937,7219228,56459828,1195845,502658
1635340033.4289086,10505592,56263977,926392897,9541955,49149752,247334,8892056,6779794,45215854,5642071,536195
1635340033.5290272,7411609,48588533,927162055,7962097,60980710,299188,8880531,7953131,65155703,6136638,712993
1635340033.629146,7146998,47482514,925742555,8399499,56301130,255434,8645152,7295053,56307413,5634809,370446
1635340033.729265,9962291,55505153,927676748,10281862,55543738,259731,8589789,7321534,57661477,1212570,485293
1635340033.829386,10285596,55252350,925165228,10295684,55357199,263926,8498703,7043529,55641597,1216553,486932
1635340033.9295044,10840892,58023547,924767501,10461480,56290302,265831,7807039,7164661,56730307,1196926,516468
1635340034.0296233,11152598,56029568,923911388,10493440,57226224,262531,8624053,7291846,55334988,1235820,529462
1635340034.129742,9735881,54012296,922989416,10726218,55810583,252593,8642606,7137056,56759454,1234728,495792
1635340034.2298608,10092293,55976615,923994930,10399504,55733438,265387,8655400,7158484,56624037,1267878,486300
1635340034.3299797,10419359,57153257,925215308,10380617,54728271,268022,8573774,7126378,58769443,1232827,492831
1635340034.4300702,11134782,59777555,925513033,10281831,55478016,264712,8653241,6946954,55747088,1190584,516383
1635340034.5301895,11688148,54447874,930001592,10276126,55632402,263693,8751834,6939357,54164117,1204171,528736
1635340034.6303074,9528983,53832216,927178332,10376003,55515162,267335,8789947,7201030,56204292,1208770,637279
1635340034.7304265,9605370,53698361,924869357,10352947,55548538,263570,8705335,7235956,56435380,1285854,453842
1635340034.8305476,9912503,55308558,926114858,10356740,55434825,264037,8696953,7286891,61745115,1189592,490146
1635340034.9306662,10314532,54913593,923835795,10271594,55389421,262806,8648432,7348872,57006297,1150121,484593
1635340035.0307858,10540367,56900782,922369037,10268300,55333867,261288,8598654,7457168,53492686,1234067,508258
1635340035.130905,10804144,54448941,920581939,10243194,55258008,266217,8932371,7554418,57896422,1207187,534433
1635340035.2310252,8446656,56601691,920619979,9053897,61602927,356941,8908290,9289474,59313737,5033563,541163
1635340035.3311453,8673407,59907141,921627804,9065632,64308658,326368,9029123,9448286,62102249,6348093,500406
1635340035.4813228,9005227,59932962,920389888,9135305,61111692,313328,9113996,9664295,66315680,5007465,512455
1635340035.581442,9367072,64541178,917359967,8945292,60354965,337813,9197934,9432042,61935812,4018736,570940
1635340035.68156,9584921,63907916,915611190,8879453,58175718,345932,9084253,9222166,57903954,5026255,597372
1635340035.7816803,8741498,58406301,918429003,8788767,58323696,346082,8874460,9412931,61778085,5072677,537903
1635340035.8818004,8940644,60832978,918490064,8714569,59948450,348090,8959838,9393369,61870654,6304714,496805
1635340035.9819202,8956371,60079572,917304259,8875214,59733499,331776,9107374,9677390,66484318,5070096,531910
1635340036.082039,9044745,58331564,919985882,8868989,59696871,325963,9227345,9475443,61919603,4827783,535686
1635340036.182159,8982481,63580424,918253451,8896240,59960954,324591,9048760,9227535,60418868,5268469,596229
1635340036.2822783,9518516,61345514,917685499,8910257,59845326,345360,8927131,9540091,63248917,5050328,600860
1635340036.3823981,8682321,57893685,919553236,8917524,59895994,346444,8993651,9522585,61992582,4624793,499797
1635340036.4825177,8831629,61448343,920717465,8902041,59755551,331776,9165919,9412009,61097828,5539470,499389
1635340036.582637,9051725,61275010,920822010,8894334,60040883,353745,9292989,9496628,63104565,5043920,517402
1635340036.6827564,9393308,65529492,923521683,8911905,62416853,340785,9869685,9419140,62135690,4031387,573441
1635340036.782877,9687304,61854528,929392624,9339322,59859141,312506,8289642,9260264,58480234,5068053,607783
1635340036.882997,8814847,58371304,931045514,9165662,60282209,327514,8733161,9552564,62438545,5059843,551195
1635340036.9831173,8846064,62019078,929645170,9060656,58257558,334983,8839277,9054669,64520373,6360607,535069
1635340037.083237,7943645,58351112,928415922,8997657,60622453,333195,8944208,9026148,48181511,1205677,446436
1635340037.183357,8824243,58938977,930166169,7622549,52586373,267190,9558291,7663810,52215127,3672147,551067
1635340037.283476,7955461,46782621,929994593,7899773,53055759,270918,9386706,7491427,49525708,4722770,581149
1635340037.3835955,7675141,52804012,929651380,7937565,52856945,270243,9330086,7869964,54090626,5655495,839356
1635340037.4837153,7201879,48561868,930183884,7924627,52872363,258353,9391449,7858050,57485373,6733348,406735
1635340037.5838346,7495697,51850581,930138829,7793681,52846352,255703,9598803,9173286,64882502,3635234,468355
1635340037.683954,7841187,52514181,927285196,7905154,52742808,259563,9615751,7951163,50900093,4026060,475738
1635340037.7840784,8157632,56114903,918098948,7919307,52856716,260577,10356855,7342540,50011495,3792857,546363
1635340037.8841996,8292695,50801247,917133183,7935877,53407208,285364,9184522,7445490,49773173,4876936,571097
1635340037.9843192,7379000,47839810,920233863,7784723,56434634,258290,9287253,7859688,54243196,4875424,510728
1635340038.0844386,7601690,53045400,920003797,8016195,51194948,243257,9384006,7929160,54295079,6172161,451495
1635340038.184558,7973561,53055125,923805268,7924994,51269819,262010,9409425,8485811,59875145,4878440,472670
1635340038.284677,8401050,62125375,929744489,7960018,49599817,263436,9217557,7894777,54268468,3803365,553012
1635340038.3847978,9260168,57580938,929958476,7838585,49624093,262543,9030951,7458849,49731844,4897321,580053
1635340038.4849167,9638076,48351156,930134926,8358367,57054975,260387,8584418,7349637,57398760,1242349,508539
1635340038.5850356,10014485,56305601,929986629,10484245,56268448,265223,8678780,7214085,57536583,1282475,500775
1635340038.6851535,10260565,55224430,930429248,10483421,56395278,252070,8612985,7172446,58656049,1288492,488089
1635340038.7852733,7722141,51647498,931358017,7841059,53167771,273316,9650046,7353802,57114124,3536411,507126
1635340038.8853931,8242763,58327034,930197716,7950677,53096439,271824,9465382,7609143,49223367,4661119,540252
1635340039.035571,8170932,52296966,926034318,7969040,53144812,273088,9414624,8189080,54167685,3058074,541655
1635340039.1356905,7279550,48242745,924013660,7822013,51964232,276397,9342634,7776350,53238274,4195108,527281
1635340039.23581,7520630,52258153,923350833,7939723,53215995,294810,9461462,7541709,50429348,6175635,468429
1635340039.3359292,7860844,52133450,923212209,7937359,56859581,266938,9526383,8458606,59552783,4878633,471209
1635340039.436049,9364113,70484480,924696388,9444693,62428852,249133,9556825,9783769,63583139,5645454,639217
1635340039.5361683,9378815,66869775,924274179,9366420,69022391,324971,9709355,8683199,68514740,8883664,684980
1635340039.6362875,8690810,65594382,928967031,9324323,68097147,314234,9614083,8937924,71217459,8886854,625531
1635340039.7364075,8928463,69302057,929891699,9097880,66206331,331644,9645733,8958613,71508128,9808381,592034
1635340039.8365288,9234483,66325430,924609634,9126274,69102552,324307,9803744,9382289,75126223,8861545,607080
1635340039.936648,9029229,66723455,924410303,9301467,69047817,319478,9840209,8973812,71403213,8147698,658082
1635340040.0367672,9333357,64600074,921593216,9213832,69173597,323574,9742627,8677650,68445558,9287489,686740
1635340040.1368866,9322259,65417477,923492285,9012340,68927385,316416,9485292,8945349,72266141,9309356,881110
1635340040.2370057,8959894,63869292,925763876,9082596,69124022,321998,9549945,9593830,71566467,10042199,546052
1635340040.3371258,9062758,66720209,925945746,9078000,68969254,305878,9743522,10237765,76645771,7961423,594595
1635340040.437245,9308841,68164765,926905368,9054593,67516512,307911,9809013,8502643,67899692,8822223,607176
1635340040.5373635,9596559,72701848,935609806,9168205,67072057,307782,9483172,8777670,70181967,8134583,649818
1635340040.6374817,9821675,69121098,934837215,9176716,66942730,296525,8952264,8632310,66876810,8107453,662216
1635340040.7376003,8963178,66548913,938141076,9376106,68616116,283903,9359939,8949470,71392766,8889586,628301
1635340040.8377206,11665679,72593060,935310454,11944659,67528822,285226,9466259,8937541,74829593,8221290,630665
1635340040.9378395,11870669,72348284,934642924,11838459,72289188,297103,8737139,8228030,74925893,5209600,629266
1635340041.0379584,12160704,73014055,935732032,11799595,72349035,296695,8524674,8085201,73363036,5546811,628913
1635340041.1380773,12883477,73052693,936427542,11831657,72276452,301987,8653399,8012541,72950344,5222491,627997
1635340041.2381957,11725657,72205678,935989788,11775545,72386197,306906,9176124,7975849,72545120,5112730,617140
1635340041.3383148,11590251,72384752,934969106,11888958,72332462,309183,9076859,8317090,72626023,4594515,632644
1635340041.4384336,11828600,72344375,937251869,11905081,72395789,306890,9027581,8159774,69825157,4134802,624084
1635340041.538552,11169393,70430619,937272463,11907264,69420794,303044,9392423,8934796,72938222,7620067,628912
1635340041.6386719,9270629,71253102,931092859,9341463,69258852,310620,9723434,8727419,69129964,8750232,639251
1635340041.7387908,9423342,66910439,928287757,9297610,69046876,302850,9404301,9207463,71354916,8753373,640883
1635340041.8889732,8545568,64117169,927177752,9318459,69202761,314052,9644915,8972422,71286288,7461341,626851
1635340041.9890938,8803055,66858896,925892109,9308801,69214555,320886,9732822,8791196,69174668,9700825,591432
1635340042.0892131,9047016,66844870,927463857,9328792,70984648,309435,9840646,9271483,74322139,8877485,597783
1635340042.1893322,9257935,69578352,923735902,9362067,70204959,311547,9901678,8977323,71253025,8165302,651871
1635340042.2894511,9773976,65788237,921721887,9179432,69240182,293211,9649568,8677920,68361609,8885982,665552
1635340042.3895705,8951872,65477998,923167428,8883305,66588772,312728,9713237,8943997,71275388,8883380,630220
1635340042.4896898,8991751,71078201,924363099,8861895,63983017,318266,9700701,8893147,70894062,9805789,578321
1635340042.5898085,9380333,69355761,925058786,8823080,65688822,315912,9785294,9238060,74415722,8890607,594732
1635340042.6899264,9587327,71368679,921441893,8727578,65258587,307510,9735398,8821936,70879289,8159034,645714
1635340042.7900796,9411250,65747445,921386393,8949011,66317460,305735,9687567,8558595,67863937,8992187,672144
1635340042.8902001,9271788,68826233,924298467,8960266,66313470,303376,9599215,8841918,70885711,9529381,852907
1635340042.9903188,8823706,64506138,924949683,8830729,66267559,304203,9615169,8831926,73161008,10299508,533493
1635340043.0904377,8980000,68543118,934079549,8956578,66250824,307258,9853992,9728760,77858570,8229157,578096
1635340043.1905572,9172477,68348921,934850663,8943102,66422094,307413,9876635,8914874,68671258,8359756,588739
1635340043.2906759,9392274,71939834,937141105,8814425,65259870,307786,10243848,8523782,67910504,7347074,638388
1635340043.390795,9727679,68378131,935078905,8965608,66322895,327560,9449741,8540181,67687117,8837376,658164
1635340043.4909148,8831701,65757032,936603702,9059644,68510323,302806,9511339,8829771,70696870,8856059,612696
1635340043.5910337,8875645,67912297,928769901,9283674,66892181,287461,9443316,8743333,70207760,9676914,583590
1635340043.6911516,9099971,67757703,927858878,9236348,65942504,291774,9463000,9184460,73751279,8745692,592408
1635340043.791273,9393953,72392256,930086215,9126034,66246446,301178,9539548,8728663,70063975,8091529,643842
1635340043.8913932,9645787,72229307,928072151,9105860,64757155,300620,9465178,8477428,67062010,8795954,668145
1635340043.9915123,8982228,63831765,931319012,8950497,66978872,305478,9384709,8735803,69923844,8757956,621962
1635340044.0916314,8887741,68128407,930736524,8940502,66380663,300369,9517097,8784027,70300666,9658975,596387
1635340044.1917512,9122060,66661431,929374258,9109340,67711656,306338,9569560,9139466,73650160,9199652,592884
1635340044.2918699,9093983,66156224,929105142,9020566,67182715,314169,9569143,8749724,70721090,8465551,618934
1635340044.3919897,9166713,71218436,930351495,9141014,67974439,315716,9331934,8458590,69077385,8786368,649774
1635340044.4921086,9680033,67973500,931368303,9133381,68000045,312788,9359524,9039448,70461046,8819297,642926
1635340044.642286,8729393,64832307,928863220,9112654,67674250,314062,9431670,9225633,69123493,7786554,589478
1635340044.7424052,8892891,67939039,931032437,9137855,68003848,317599,9555517,9148675,67838307,8469766,580268
1635340044.8425267,11677676,71273122,929267913,11678905,71611503,323342,9125556,8308291,74388124,5161294,594069
1635340044.942646,11714985,74557631,931060403,11645557,73485384,308499,9232353,7932653,72440355,4127210,632280
1635340045.042766,9751613,68153130,932441937,9356292,69561996,296941,8941071,8239496,66039175,8855172,667353
1635340045.1428852,8779869,65241598,931214067,9195377,67698564,327912,9353131,8591366,69359201,8845829,615093
1635340045.2430058,8920079,69068019,932530451,9139403,66646915,331734,9411617,8519091,68911877,9734619,578249
1635340045.3431258,9220107,70120621,933376380,9114573,66347598,336579,9686491,8614810,71698746,8570262,601437
1635340045.4432454,9889855,73518942,932386710,8962919,67820064,320210,9465250,8141248,67846370,7949713,649721
1635340045.543364,9291946,64821723,932947179,9151141,67916715,320506,9590152,8195287,63859619,7581573,655375
1635340045.6434827,9040814,67331932,933100863,9145181,67927039,318415,9514605,8778574,68500154,8886603,857087
1635340045.7436013,8779768,65195830,932497283,9166362,68023555,317168,9504832,8795770,69648877,10003599,565929
1635340045.8437238,8829125,67617394,930988626,9153297,68192929,323466,9592975,9307542,78803063,8300323,584771
1635340045.9438434,8905404,66081435,927173570,9139869,68018655,321959,9654810,9623534,69809108,7843521,594686
1635340046.043963,9217095,69325094,927628271,9163640,68087012,320287,9535106,8562322,65110604,8321515,651959
1635340046.1440818,9419738,66645950,926775475,9180911,68172140,329152,9188677,9185694,67272767,8679817,675335
1635340046.2442014,8645292,64406761,926992546,9136993,68985906,327604,9584832,8657767,68933785,8806358,637644
1635340046.3443208,8795433,67062776,927505191,9213033,70232182,313805,9555575,8818538,70111510,9722907,584785
1635340046.4444404,8932298,66095827,927280890,9380670,68025790,317459,9586560,9219261,74043519,8879153,602290
1635340046.5445597,9298407,70202680,925001224,9173896,68111190,320510,9784721,8747667,70165261,8136281,641952
1635340046.6446786,9355723,68579124,924700081,9141171,66315773,324465,9650243,8486228,67376226,8864549,675401
1635340046.7447982,8854457,63980778,924026001,8823584,66271136,320090,9495019,8766366,70034308,8792311,616643
1635340046.84492,9048269,66547341,923514446,8837010,67848242,318823,9563641,8769807,70317193,9719363,595171
1635340046.9450393,9108169,67747245,922340098,9025513,66754361,323404,9627264,9143959,73774897,8800209,613677
1635340047.0451577,9135454,65883790,930607302,9013158,66076461,320653,9522447,8739429,70516500,8533383,636740
1635340047.1452768,9424124,71558499,928915334,9231553,67220775,319408,9376467,8626223,69224116,9085473,666780
1635340047.2954552,9637715,68746368,932878389,9281692,66249553,301647,9347020,9649388,70286093,7428822,666597
1635340047.3955746,8890528,65799224,930557870,9261650,67333598,312470,9456103,9116358,71019102,8726338,577692
1635340047.495693,9030340,68799388,932411382,9269539,68350020,313286,9556450,8927261,70886986,8992790,597215
1635340047.5958128,9104159,67417782,927816578,9231486,68397436,317739,9478655,8856171,70404642,8812909,603440
1635340047.6959317,9242446,72261796,931676045,9283222,70442740,326469,8979958,8576580,69927924,5879880,636877
1635340047.7960548,9794800,68702256,932322677,9365036,70185512,325608,9201632,8315077,64840572,7712765,659704
1635340047.8961751,8906966,65938179,931775180,9448315,68695618,313843,9557940,9150949,67666887,7626373,620920
1635340047.9962945,8989073,68386469,927388559,9185005,68109187,321561,9479834,8950918,68760401,9517683,589794
1635340048.096416,11758120,72065959,931753684,9816101,69496645,362201,9142812,7937932,73233576,5043000,630282
1635340048.1965358,12068971,71988737,932458192,11666003,71686892,349319,8900982,8281804,74344491,5389833,637850
1635340048.2966552,11939207,70758369,931937620,11742559,71977868,349644,9080110,8352573,73951391,5073782,639745
1635340048.396776,10883549,70270210,927170065,11758678,71871104,345047,9123231,8300120,74265154,5153114,657142
1635340048.4968944,11175567,70657004,928418312,11825541,72021304,348256,9104819,8262367,74265659,4196721,640472
1635340048.5970135,11460218,70796667,927320003,11780035,72035616,341431,9039245,8171789,74891141,5172011,618246
1635340048.697132,11556821,70891272,927117345,11744172,72130750,347447,8935326,8145245,74232339,5705553,632354
1635340048.797266,11813570,70342524,924804881,11747356,72117273,341094,8996381,8433893,74268518,5345354,621989
1635340048.8973932,12326662,69255667,922277014,11488181,72200830,341278,9122129,8357702,74559428,5432861,623826
1635340048.997517,11389788,69621937,924236869,11512487,72016036,343854,9069548,8327291,74134966,5225271,627794
1635340049.0976405,9043161,67226658,926319647,9115330,71339759,362056,9397949,8529439,68649474,9717863,588531
1635340049.1977637,9307522,67201652,926924548,9203994,69537277,331890,9746967,9324560,74775084,8895696,611784
1635340049.2978864,9585093,72400982,923696544,9189189,66574752,335544,9717454,8878131,70870812,8142750,664074
1635340049.3980086,9837054,69620887,922867433,9019608,64961020,336961,9355047,8625331,67880365,8874117,677668
1635340049.4981315,8884170,67919603,932289796,9023568,64798112,349372,9566280,8908658,70938848,7787409,623394
1635340049.5982547,9197930,68714405,933137813,8982254,67076918,344096,9502393,8895985,69180743,8293048,594930
1635340049.698378,9321575,68842106,932985885,9233740,67552228,332419,9475246,9265168,74567376,8839966,605848
1635340049.798509,9293419,67829603,933887906,9277327,67236532,335682,9469367,8920080,71056156,8361428,644172
1635340049.8986347,9617749,70276342,932999754,9293215,67238868,336071,9277631,8626800,68367973,9469110,664370
1635340050.0488253,9402639,68945680,934126021,9274127,67115155,338295,9351871,8893213,73426374,8772466,793367
1635340050.1489487,8619515,63877468,932089101,9141964,67018835,332952,9512394,9099480,71184962,7552468,512775
1635340050.2490723,8917285,68014609,932443697,9208409,67070177,342886,9638994,9312289,73086515,8563027,588727
1635340050.349195,9253080,68727367,933519727,9264456,67123546,337542,9443406,8629446,68810829,8876475,601828
1635340050.4493177,9368876,70841322,932659466,9252880,67526041,346882,8847704,8843917,70726410,8119072,643739
1635340050.549439,9757338,68770871,932040165,9246668,71024684,341575,8979158,8344402,66895255,8823534,678771
1635340050.6495614,8899023,66017713,932033570,9433657,68827047,334394,9126581,9268445,68150022,8813575,628150
1635340050.749686,9025719,68706522,932706507,9337150,68889757,349714,9489680,8655312,69213846,9193549,595985
1635340050.8498197,9278710,69826896,932704768,9261411,67682423,346802,9584328,8902503,72977032,8887293,611726
1635340050.949943,9627377,76468890,933237584,9224715,66997595,349263,9481119,8447060,69210163,8171035,657528
1635340051.0500755,10997221,68189186,930212165,9074768,68778270,324898,9264193,8452068,67090084,8866404,674065
1635340051.1501975,9180851,65251004,932469632,9271415,68606452,327197,9319914,8696515,70048745,7639478,698471
1635340051.25032,11844795,70821518,934491335,11799812,71978205,300673,8828971,8059094,73373255,7531717,589751
1635340051.3504412,11855095,71186622,933082497,11861362,72135874,299788,9149373,8537370,76620171,6014499,597369
1635340051.4505851,11814843,71830184,930373523,11708424,71831047,307644,9170938,7921510,72363324,3554559,623678
1635340051.5507264,11498125,74388123,926501767,11772871,71613340,299467,8937875,8148717,65522494,4929087,603809
1635340051.6508734,11717764,71192741,927190380,11781204,71194444,299417,8907033,8023146,71919564,4185646,661971
1635340051.7510185,11593797,69078190,925571036,11743194,71485820,304846,8849584,7994997,71538667,4912144,616646
1635340051.8511596,8805944,67609379,924820457,9125247,69289564,300217,9303922,8630486,69157568,9375571,584162
1635340051.9512842,9060037,62273440,924893309,7892547,57935649,290854,9589053,9168622,73540062,8465304,600111
1635340052.0514076,8132751,56999658,924237502,8029451,51924775,229718,9303307,7677484,52915853,3662769,541911
1635340052.1515305,8546923,52707705,921990735,7797527,51417605,244034,9286653,7237857,48609797,4756305,588126
1635340052.2516527,7236941,51132126,920292389,7783473,48475011,250847,9222827,7772846,53767110,4874093,477896
1635340052.351774,7862444,53332286,918560566,7565957,51985739,281727,9174580,7721677,53736101,6275875,402062
1635340052.4518938,5180216,37401882,726007051,5942236,31230993,155684,7211735,5323509,29267107,702838,318068
1635340052.552012,4857509,27353795,691378014,4842204,27132782,150410,6811218,4984222,27498765,658068,298979
1635340052.6521316,4820449,27023716,689784943,4818650,27063254,149385,6759001,4963656,27331943,667029,269679
1635340052.7522523,4846058,27033967,691030240,4843135,27209781,150522,6794661,4987821,27549025,665470,328213
1635340052.8523755,4808713,27003246,690278546,4832307,27120044,150879,6796861,5023087,27532068,666024,287437
1635340052.952495,6072002,42135237,689767062,5954849,41391815,226264,6956928,4990136,35309031,4574568,404652
1635340053.0526147,6036276,41791393,689791321,6095320,42515445,222793,6976959,6043321,43599752,4563765,407420
1635340053.3029141,5950793,41001845,3498097,397593,5942098,41619579,689392554,6082273,42291052,225453,7044188
1635340053.403034,5975232,43650789,4583260,409841,6036225,41824287,689166342,6117457,42480968,224496,6984688
1635340053.5031538,5951268,43588534,4583978,408625,6057956,40926010,689010145,5957814,42528341,228627,6985547
1635340053.6032734,5958750,43607514,4588023,401177,6051039,41287184,688840877,6067677,42449187,221766,6939475
1635340053.7033927,5997681,43496946,4594346,405940,5933149,40984509,686016235,6160725,42717599,227749,6987865
1635340053.8035145,6000127,43720784,4578508,410570,6089183,41643195,688932523,6036992,42230633,221020,6908186
1635340053.903635,5903398,43292518,4566952,395173,6064246,41826791,688643779,6017911,41938680,225000,7000404
1635340054.003755,6066945,42247853,688815410,6008269,41537565,222864,6945302,5918932,43321544,4540517,403141
1635340054.1038744,6073223,42221869,689428595,5994618,41537007,223394,6945357,5898521,43266194,4585975,400073
1635340054.2039936,6061040,42216011,689342908,6000959,41517503,224057,6974429,6008595,43284322,4587276,404180
1635340054.404233,5960856,43080634,4498069,411531,6045476,42217419,688477186,6012817,41453629,220523,6942282
1635340054.5043519,5936802,43348261,4579238,407772,6058920,42188999,690683684,5902787,40046945,221302,7002770
1635340054.6044714,5928943,43310125,4582611,403857,6064243,42189839,692819456,5995246,41552176,223112,6978536
1635340054.7045906,5926533,43263922,4583976,394449,6052021,42093464,692376971,5975572,41349345,222279,6936209
1635340054.8047101,5888152,43279403,4576743,397850,6061616,42113964,694120374,6002676,41605617,221109,6943874
1635340054.90483,5897241,43256887,4580946,399065,6025149,42060858,695080632,6025486,41678007,225338,6920442
1635340055.004949,5902801,43301076,4556193,390172,6071204,42145166,694263287,5979878,41477069,223084,6959679
1635340055.1050687,5930107,43258285,4561553,390244,6058112,42089929,693368264,6054184,41546843,218594,6880653
1635340055.2051883,5928816,43353346,4587588,397808,6053413,42302301,694739192,6057041,41506592,218357,6828352
1635340055.3053076,5922847,43409751,4488638,407394,6103953,42401599,695982523,6092314,41661305,208546,6789268
1635340055.405427,5950176,43281274,4515624,397933,6080786,42193395,694779899,6078756,41802353,215574,6730014
1635340055.5055463,5919380,43449200,4583167,414316,6069394,42270666,694343417,5948788,41302496,215002,6871081
1635340055.6056652,5989197,43285639,4573081,408390,6073891,42292577,693472772,6059927,42150673,214172,6820486
1635340055.7057846,5944183,43311468,4575785,407445,5838613,41196715,695218882,6038656,42078817,208676,6819058
1635340055.805906,5925853,43195463,2966033,387051,6053889,42029737,694552326,6027303,41818750,208878,6711965
1635340055.906026,5902592,43365110,4584560,404432,6039213,42036330,694773045,6027487,42062365,220423,6669533
1635340056.0061452,5742277,42707823,4572860,402179,6021260,41917228,694172740,6057188,42104447,217237,6342121
1635340056.1062646,6348101,40999408,4574101,394462,6024899,41880886,694742967,6053753,42150194,214055,6618185
1635340056.206384,6341446,41043873,4575296,405236,6038821,41812624,695105441,6042905,41961362,207649,6769996
1635340056.3065028,5795354,42877160,4571157,398206,6038991,41914607,695531387,6054272,42100066,216883,6830061
1635340056.4066224,5662816,42676082,4567871,404975,6090385,42201582,696060133,6044160,42108126,216655,6832077
1635340056.5067408,6803994,39949653,3495311,406838,6036925,42015632,694820425,6052630,42053960,216884,6790176
1635340056.6068604,5785346,42881775,4533149,398818,6045207,42054295,695428908,6062047,42116550,217055,6926693
1635340056.7069795,5773277,41304721,3628427,848150,6025128,41131774,694465251,5916671,41037510,208211,6876137
1635340056.857159,5892430,41298106,3465279,416391,6030331,41072432,694328575,5900249,42058887,220729,6968932
1635340056.9572783,5987395,41980417,4430810,414532,6033747,42005917,693571574,6019199,41914248,217242,6972468
1635340057.1575165,5882413,42256322,4442743,420970,6035628,42111531,696238157,5993998,41352660,219556,6900636
1635340057.2576354,5936988,42625887,4470718,416502,6040024,42024072,694923444,6019521,41621428,215036,6986586
1635340057.3577545,5885363,42580654,4486790,412998,6049383,42036834,695069635,6033255,42067937,217133,6991743
1635340057.4578729,5909446,42548665,4401959,407305,6035291,42000785,695950210,6055073,42113512,217181,6941648
1635340057.557992,5870739,42384552,4412400,414567,6023152,41771962,695127786,6036357,42098457,218190,6957520
1635340057.6581118,5899204,42238396,4462659,415023,5735119,41655556,694223527,6058260,42019952,214421,6972330
1635340057.7582474,5906333,42873768,4416509,503518,6095011,42155078,696869791,6055641,42148266,215321,6959220
1635340057.858377,5938459,42909982,4499684,429789,5963156,41391061,691264197,6051625,42007254,218567,6944782
1635340057.958498,5933355,43275891,4559245,415996,5984867,41426060,690760733,5899322,41092688,215856,6939701
1635340058.0586185,5928115,42885100,4526648,396489,5992601,41454252,691242544,6030336,42102568,216407,6949012
1635340058.1587381,5908359,42870375,4548798,400922,5947117,40884690,689549024,5982414,41879310,219120,6912077
1635340058.2588577,5852128,42917988,4588895,403404,5876690,41089888,690460591,6061239,41908724,213049,6942857
1635340058.3589776,5952514,43071623,4603707,407619,5761516,40432960,690985852,6065645,42274047,212588,6935130
1635340058.459099,5941158,43218136,4587511,387838,6075395,41583917,690433540,6004440,42023424,206702,6882625
1635340058.5592184,5932800,43322514,4598666,390363,6046292,41600892,690040463,6008179,42122800,221884,6982722
1635340058.6593404,5889119,43308980,4597401,399000,6040512,41353571,688153563,5987205,42053106,222370,6912488
1635340058.7594602,5883421,43296239,4546114,407590,6074578,41410797,687729478,6007968,42188203,220740,6961771
1635340058.8595815,5896070,43187765,3498582,388569,6058905,41749663,689356948,5992397,41932979,221455,7009509
1635340058.9597015,5924404,43342696,4558641,406849,6031188,42100883,688587764,6009642,41506648,220326,6944242
1635340059.059821,5887302,43336002,4555267,409097,6055516,42145294,689372095,5987313,41489880,221632,6958943
1635340059.159941,5959350,43331109,4570738,408934,6073598,42302293,695216073,6000270,41488357,223529,6979518
1635340059.2600682,5897175,43371992,4569577,394716,6068711,42312251,693463178,6055085,41816343,221721,6877311
1635340059.360187,5915327,43005227,4559764,423901,6033770,42142804,693541906,5997546,41416293,218253,6954653
1635340059.4603064,5885047,43272092,4528481,386448,6032489,42103542,693025719,6044140,41550338,218566,6901166
1635340059.5604253,5900525,43241429,4570883,410992,6048185,42228635,690249514,6077613,42221155,224736,6929998
1635340059.6605444,5877014,43081075,4569019,395313,6163649,43694967,689155662,6258174,44091945,234412,7152386
1635340059.7606645,5978006,44204540,4730821,368095,3212343,18034842,476044286,3222741,18032332,139608,1285031
1635340059.860784,3308510,18302760,445091,191473,3108461,17473946,461148366,3108356,17451723,93106,4459544
1635340059.9609034,3213102,17713292,431672,175364,3119175,17476570,460356774,3115405,17358103,94294,4477092
1635340060.0610235,3213052,17697277,429313,185945,4444471,33186529,461729362,3648505,23969351,149028,4741474
1635340060.1611426,4270593,34256666,4361361,306442,4460908,33286971,462317821,4464970,32775510,151439,4678908
1635340060.2612615,4246816,34296001,4392443,310479,4445810,33162571,463473816,4458989,32529832,153328,4661195
1635340060.4114408,4275236,34615413,4400393,315001,4493172,33309703,463506608,4477046,32818146,149067,4575720
1635340060.5115607,4271354,34432074,4367419,310874,4468961,33244168,462696300,4464592,32566471,150829,4712671
1635340060.6116793,4490324,33328693,463055379,4480672,32661050,148933,4720099,4289254,34508340,4328910,307583
1635340060.7117984,4483154,33360821,462755539,4489031,32724200,150182,4666547,4239819,34388314,4370257,310081
1635340060.8119185,4477619,32331457,463135045,4360330,33071877,149344,4557685,4290300,34446356,4375165,310866
1635340060.9120393,4462912,33172821,462512600,4478582,33268926,149710,1372615,4211586,34282563,4359636,309057
1635340061.0121584,4506092,33375912,464321262,4490417,33387946,145885,4614430,4289931,34470426,4357546,308790
1635340061.1122773,4492644,33311926,462642478,4462850,33108087,147714,4676085,4267127,34111588,4337622,295397
1635340061.2123969,4476130,33187911,463045731,4470878,33257622,149185,4594053,5433626,30886520,4357119,305235
1635340061.3125167,4489090,33385717,464463753,4428134,32972903,155258,4666848,4267644,34432719,4393187,307054
1635340061.4126356,4469662,33206221,463093736,4479200,32107500,140867,4350080,4276627,34333271,4359728,304845
1635340061.5127552,4444814,33216649,462862936,4459638,33254526,149805,4622477,4261144,32443780,3263301,283978
1635340061.6128747,4445223,31496237,463239379,4120977,30641682,141445,4708180,4257979,34285166,4363332,310323
1635340061.7129948,4466167,33288545,463262866,4428007,33021643,149959,4651318,4816822,30640350,2745040,308051
1635340061.8131156,4466834,33332498,463924498,4457429,33184439,150484,4742817,5112326,31000175,4264524,310318
1635340061.913235,4471204,33294279,463691811,4466977,33283191,152764,4824960,3981357,32923371,4274876,314314
1635340062.0133545,4468084,33262770,462870794,4454678,33210345,152719,4757366,4093093,33499044,4278393,313877
1635340062.1134732,4463853,33305485,463054408,4468974,33227968,154737,4731099,3993661,33440233,4289367,315000
1635340062.2135918,4457821,33202673,462821972,4467124,33190925,152454,4736524,4047906,33509607,4319106,313335
1635340062.3137105,4471416,33258901,464839518,4454242,33145419,149033,4766416,4162489,33735209,4269598,310715
1635340062.413833,4464429,33218273,463052649,4465232,33121618,153626,4758062,4036286,33369491,4262877,310781
1635340062.5139523,4473562,33246431,463571935,4470524,33350358,154509,4774061,3958832,33456309,4277703,314175
1635340062.6140704,4472741,33239752,461889389,4452424,33108807,156096,4749757,4116547,33054424,4263527,300652
1635340062.7141898,4471957,33182687,462500096,4467646,33258999,151294,4747705,4133420,33765661,4306222,304673
1635340062.8143115,4467972,33266193,462816861,4473016,33228547,154510,4758201,4130489,33782634,4287790,308636
1635340062.9144325,4468315,33260956,463763845,4480505,33244309,154650,4772631,3960156,33371084,4270599,305145
1635340063.014553,4471564,33293156,463119918,4465622,33178421,153358,4692785,3995861,33458683,4282825,304745
1635340063.1146734,3944875,28907239,463133758,4169634,32367233,150577,4746846,4080940,33764644,4273118,296008
1635340063.2148044,3933521,28749768,462718402,4267306,33216483,151774,4792643,4181266,33487739,4253338,523184
1635340063.3149176,4506431,33608217,471175686,4515979,33496005,154642,4853051,4297956,34201788,4164344,321731
1635340063.4150429,4464046,33241682,462923163,4471572,33277866,145890,4659880,4343505,33111432,4219860,317560
1635340063.5151646,4346238,32258608,463428635,4476798,33264024,154936,4812575,4263996,33609515,4226427,306865
1635340063.715406,4283664,33513422,4256809,318000,4473876,33269537,462949654,4471888,33148667,153369,4769995
1635340063.8155272,4253605,33794674,4263745,324091,4474127,33213057,463623551,4134694,30551217,155709,4779794
1635340063.9156466,4260753,33739794,4267749,321250,4477771,33255584,462717620,4295811,31802855,154408,4782654
1635340064.0157733,4273542,33742272,4250251,312965,4470536,33222538,463215394,4473437,33272821,139648,4785797
1635340064.1660514,4263043,33387732,4228328,309744,4462194,33232962,463341616,4489660,33308905,146894,4792960
1635340064.2661703,4252046,33542837,4261265,314247,4369081,33177727,462570076,4467470,33249193,152580,4822460
1635340064.3662894,4279598,33875373,4258066,317408,4336198,33241308,464647025,4451134,33103579,155087,4812115
1635340064.466408,4326185,34487231,4252245,313777,4424134,33206180,463341949,4457328,33221104,154743,4801770
1635340064.5665264,4259024,34328481,4175037,331834,4435394,32843926,461338842,4458928,33169346,153615,4803080
1635340064.666646,4286639,34216490,4390866,320814,4288563,31797755,460750994,4461550,33183630,153939,4850529
1635340064.7667656,4254237,34425648,4377007,303933,4425519,32647901,460691281,4459825,33239117,153863,4777487
1635340064.8668854,4248416,34401389,4376648,314212,4350371,32578947,460446797,4338329,32270303,153617,4807704
1635340064.9670043,4286311,34377581,4371476,321653,4413072,32767422,460787735,4459991,33137858,141568,4797044
1635340065.0671234,4263538,34248389,4369572,303694,4442335,32816454,461623324,4473374,33102057,140063,4760658
1635340065.1672423,4250854,34251890,4385580,310793,4437088,32762301,461200917,4477948,33229042,142997,4800293
1635340065.2673619,4291470,34342424,4375543,310397,4384275,32219148,457562868,4463874,33162560,144090,4784030
1635340065.3674967,4240113,34287335,4380382,301863,4328046,32073635,458567480,4461676,33177574,143987,4798514
1635340065.4676197,4273175,34393468,4399460,306630,4380215,32323848,460445126,4481833,33283387,141923,4784271
1635340065.56774,4278680,34278434,4381748,314528,4388389,32293578,459233928,4472063,33255944,142942,4782171
1635340065.66786,4256913,34295973,4363886,311869,4377117,32312372,458870411,4467089,33218559,142625,4765012
1635340065.7679806,4285200,34455667,4359666,310826,4404367,32633572,460879064,4470786,33199881,142843,4728433
1635340065.8681,4258598,34418799,4363897,306297,4435620,32409642,459645459,4478600,33198798,142295,4727132
1635340065.9682193,4270696,34218823,4404084,308288,4437087,32229223,458799720,4410853,33175522,155053,4754207
1635340066.068338,4273522,34396389,4384378,323237,4475236,32667089,460084850,4414114,33267289,156232,4766835
1635340066.1684568,4222459,34366441,4383599,310598,4466956,32614391,459849030,4412563,33234873,145166,4640026
1635340066.2685757,4310606,34389672,4359880,309339,4473665,32634330,460029814,4420414,33229370,151963,4698092
1635340066.3686953,4260872,34425106,4402204,307157,4464433,32428951,460681541,4399149,32812768,154608,4672446
1635340066.4688146,4283127,34490816,4383123,305494,4471157,32188454,458868140,4367724,33190647,153853,4704028
1635340066.568933,4260404,34354114,3310410,293932,4475774,32552536,458782800,4400821,33245217,142460,4756379
1635340066.6690514,4287402,34313868,4367970,313235,4476515,32588851,459752842,4408048,33188791,142126,4799437
1635340066.7691717,4279150,34285060,4388783,313060,4472166,33348516,459870105,4429470,32654020,141552,4760896
1635340066.8692913,4278703,34413079,4381770,311012,4472965,33360895,458574965,4438178,32634423,142911,4746027
1635340066.969411,4264093,34336674,4383053,310236,4462575,33143556,458845292,4424404,32565647,140851,4724405
1635340067.0695293,4244129,34185190,4373061,310654,4473225,33269057,459710961,4438029,32602192,142992,4759232
1635340067.1696484,4472239,33150361,459980017,4411920,32466077,140136,4771227,4274933,34253849,4390035,313682
1635340067.2697673,4486004,33327003,460671640,4436346,32675074,139759,4797986,4290893,34449599,4406093,304966
1635340067.3698852,4391997,32510411,463606886,4425731,32454214,141034,4792471,4272449,34594875,4420426,307128
1635340067.5701292,4252698,34319435,4382830,306979,4465967,33157831,463060791,4407280,32561105,139261,4769374
1635340067.6702478,4259833,34328614,4391590,296292,4480977,33284438,463500619,4459512,32998544,129478,4710580
1635340067.820429,4300054,34225760,4395689,305711,4498575,33359797,464380518,4463122,33181617,134454,4736401
1635340067.920549,4315952,34458730,4410727,310627,4462043,33247167,463969510,4480487,33348790,138895,4684952
1635340068.0206683,4085249,33845783,4425739,310045,4464716,33118774,463244872,4480019,33426814,132294,4615925
1635340068.1207876,4086638,33830816,4393304,308422,4488551,33347099,464806752,4501926,33404911,152993,4697136
1635340068.2209065,4092380,33592478,4310537,317773,4442422,33415949,464813188,4477279,33307077,155836,4773312
1635340068.3210244,4291057,34082723,4254761,310812,4421443,33499533,465217565,4486604,33324372,153439,4751642
1635340068.4211447,4264171,34515026,4158852,337444,4441692,33499520,466006218,4500600,33201478,142867,4777373
1635340068.521264,4273306,34497843,4027881,319816,4443476,33310127,463644560,4478433,33284262,141119,4812774
1635340068.621383,4252896,34059996,4216826,303147,4449635,31950750,464940871,4363658,33297830,131818,4780171
1635340068.721502,4265372,34450260,4202513,317760,4358273,33239688,463321943,4467343,33238185,139866,4762953
1635340068.8216226,4271117,34243378,4253335,306614,4431514,33356148,463940653,4460609,33236507,138819,4797335
1635340068.9217415,4288922,32252841,3221166,327618,4423386,33309807,463122815,4467425,33117335,150008,4800593
1635340069.0218613,4275907,34328704,4208423,315354,4425907,33216462,463168402,4465800,33270325,152669,4759067
1635340069.1219807,4288486,34463404,4200737,315528,4413604,33212957,463448778,4453841,33196177,152397,4836152
1635340069.2220988,4262524,34245514,4242312,311880,4327609,33309658,463551168,4489817,33358426,154564,4755734
1635340069.3222175,4276858,34389684,4222018,323358,4397296,33191199,464242678,4474306,33349319,154247,4802119
1635340069.4223378,4270925,34440606,4240214,319277,4414049,33444973,466201509,4511449,33261752,151413,4733276
1635340069.5224566,4300076,34459923,4135746,320277,4378777,33265374,463723156,4472474,33222979,152883,4744093
1635340069.6225758,4287206,34380357,4135151,309649,4423580,32108712,464157780,4355536,33314436,153032,4763839
1635340069.7226954,4262937,34513604,4227499,319063,4334112,33318011,464126012,4486862,33426869,154562,4784775
1635340069.8228164,4273073,34472569,4157218,334132,4334462,33384825,465179729,4481003,33459408,153600,4766623
1635340069.9229357,4292081,34233286,4137922,449732,4390177,33231637,463161700,4458646,33229881,141194,4823018
1635340070.0230548,4244211,34354727,4177294,316362,4423484,33167645,463571588,4500401,33360858,140428,4814775
1635340070.123174,4331706,34446009,4159786,319439,4423128,32717160,460047609,4511432,33544749,135886,4800887
1635340070.3234117,4383434,34615018,4401642,317318,4322579,32636085,458812572,4578920,34308407,144827,4842073
1635340070.4235322,4307906,34604719,4416738,308416,4714473,35372873,460024269,4757918,34721853,158398,4822920
1635340070.5236514,4459788,36149620,4666673,242472,1639140,9206163,241240647,1975702,12656065,49898,2375796
1635340070.6237707,1698827,9390370,225690,96557,1543128,8682402,229348138,1575804,8859337,48158,2276688
1635340070.723889,1616609,8929058,216223,92866,1536527,8606794,229202689,1571499,8826674,47027,2270238
1635340070.8240097,1616914,8937701,214673,92006,1507406,8683895,229279576,1572199,8788702,47705,2248597
1635340070.9241288,1611178,8801692,213427,91644,1496579,8548478,228670245,1550658,8680125,47820,2254712
1635340071.0242481,1520392,8587485,229494657,1550440,8703649,47904,2279840,1618531,8816152,213093,91758
1635340071.124367,1541605,8613787,229525666,1542517,8706324,47777,2275212,1593388,8739688,211164,91824
1635340071.2244859,1536203,8611813,229355208,1545230,8674735,46673,2194776,1395607,8873973,210911,91820
1635340071.3246045,1540708,8599535,229424226,1550347,8716292,47556,2199858,1626635,8769402,214344,91836
1635340071.4247222,1510367,8661326,230651095,1562596,8620053,45757,2200329,1632782,8741631,209589,91322
1635340071.5748997,1520968,8601814,229586075,1551562,8704479,48674,2284477,1628954,8866342,213396,91987
1635340071.6750188,1539767,8600227,229405024,1543245,8650932,44806,2260499,1608534,8786000,211724,91756
1635340071.7751389,1537948,8626919,229531216,1542107,8723361,46814,2270113,1587080,8807472,212158,91444
1635340071.875259,1532336,8584040,228077870,1544712,8626388,47641,2235541,1602116,8823025,212395,91205
1635340071.9753776,1509485,8446676,228660474,1545934,8705415,46678,2262531,1597408,8835557,212004,91378
1635340072.075496,1514224,8583006,229425826,1556068,8724498,48056,2248194,1604340,8831469,211364,92163
1635340072.1756148,1522099,8558033,229532619,1553246,8720996,47335,2257659,1593154,8806216,212518,95020
1635340072.275733,1537577,8616106,229344930,1547805,8691666,48210,2260188,1592164,8802686,211907,90839
1635340072.3758523,1534850,8607323,229410823,1547200,8664976,46584,2301743,1597887,8834316,213333,91338
1635340072.4759705,1537664,8693797,230660908,1554460,8634312,45625,2233996,1609975,8838065,213632,90481
1635340072.5760894,1510433,8551074,229333023,1546663,8696341,46547,2272321,1598001,8829299,214526,93194
1635340072.6762078,1522461,8604191,229175724,1552850,8700909,45522,2241271,1577452,8859467,212734,91296
1635340072.7763278,1534448,8605358,229604815,1557024,8718820,45615,2249249,1616426,8836831,211609,91750
1635340072.8764477,1539144,8611919,229505923,1549271,8692906,49094,2259631,1595996,8910809,211991,92016
1635340072.9765675,1523736,8567755,229075502,1552281,8699184,46884,2315614,1585804,8775656,209557,90809
1635340073.0766857,1505457,8583281,229277082,1557733,8721782,47793,2265995,1609244,8884573,212482,92279
1635340073.1768043,1523837,8610857,228488005,1546491,8620904,46370,2244078,1605139,8858466,211360,91059
1635340073.2769234,1537835,8554553,229510241,1558204,8727100,46893,2237044,1596408,8856770,209126,91744
1635340073.3770423,1536667,8631553,229237752,1566603,8721141,47012,2260157,1591528,8824060,209943,92195
1635340073.4771605,1525376,8627444,230480773,1567266,8661845,45184,2240460,1608462,8900253,212332,92043
1635340073.5772808,1490164,8574325,229088661,1552339,8671452,47192,2244971,1601723,8930219,211825,92491
1635340073.7775176,1526357,8615581,229409461,1556861,8695627,46195,2253012,1599370,8821742,208491,91974
1635340073.8776364,1533929,8623108,229777161,1558553,8729071,46087,2245444,1584684,8829723,209233,91782
1635340073.9777546,1537957,8614174,229349188,1552991,8684887,46108,2263468,1606569,8915642,208421,92101
1635340074.177991,1593092,8827346,210458,92454,1529880,8620499,229131931,1552774,8663556,46211,2231657
1635340074.2781096,1594311,8829460,209544,91831,1530690,8603110,229419599,1558772,8716676,45739,2244827
1635340074.3782284,1600024,8832413,208923,91697,1542167,8645019,229745597,1562365,8669201,46184,2246928
1635340074.4783466,1603739,8851642,210608,91587,1549221,8702061,230487325,1552287,8576992,47032,2209117
1635340074.5784643,1608735,8911875,210483,92642,1526137,8451237,228709668,1563661,8756723,46420,2265891
1635340074.6785827,1594947,8882142,210694,91949,1463232,8453568,228441985,1557605,8732117,46485,2251260
1635340074.7787023,1594770,8841234,210013,91911,1504570,8574063,229075516,1556439,8702938,45733,2257616
1635340074.8788216,1599059,8847435,210982,80249,1529701,8596423,229263347,1548303,8668557,46116,2263376
1635340074.97894,1602227,8844773,210430,100584,1530241,8615755,229226852,1562649,8678791,46061,2264532
1635340075.1291175,1597169,8868054,212993,91469,1536554,8597558,229325843,1551574,8690106,45540,2227141
1635340075.2292364,1594526,8772684,209893,90605,1530484,8502413,229155674,1557138,8697671,45667,2251053
1635340075.3293548,1592479,8853565,210816,92478,1509715,8561092,228817120,1552152,8691782,46846,2257786
1635340075.4294744,1597826,8802704,211725,92095,1531323,8624047,229561448,1556848,8638132,45405,2200582
1635340075.5295937,1604099,8884670,210746,92647,1545477,8669849,230414745,1559428,8618574,45597,2217973
1635340075.629712,1607338,8874453,210136,91967,1536166,8625812,229757435,1564438,8755207,47634,2264327
1635340075.729831,1605366,8875694,209631,92442,1538775,8527022,228772657,1547917,8726806,45888,2261992
1635340075.8299513,1595847,8798361,209510,92008,1512873,8557947,228508641,1551542,8723348,47303,2252726
1635340075.9300742,1597818,8843995,212240,90915,1533543,8581682,229165832,1548174,8724680,46047,2270084
1635340076.0302742,1607307,8867591,210485,92629,1525180,8534579,228819669,1554371,8686541,47325,2256986
1635340076.1303928,1605453,8853370,210010,90846,1542697,8652059,229531829,1555639,8714266,46679,2270408
1635340076.230512,1593154,8838283,212080,89709,1535567,8623682,229431293,1551092,8663133,47377,2268776
1635340076.3306305,1606266,8852514,210514,91295,1515562,8568650,229488493,1559218,8717054,46091,2242104
1635340076.4307501,1602244,8860023,209228,101204,1525558,8598375,229934719,1555625,8650539,46741,2231484
1635340076.5308692,1601443,8824667,210900,81781,1535985,8652456,230004579,1551593,8662277,47026,2253524
1635340076.630988,1594733,8800264,210802,91584,1541691,8631953,229561508,1557892,8731724,46178,2246901
1635340076.7311063,1613973,8888744,212401,92996,1536120,8634691,229396985,1554439,8688535,46737,2242308
1635340076.931346,1600399,8845287,208550,91532,1505599,8505572,228907990,1549118,8705378,46779,2221209
1635340077.0314648,1588838,8853550,211332,92335,1542433,8604001,229004107,1543307,8627563,47711,2226929
1635340077.1315832,1601453,8822459,210158,92447,1544566,8641842,229061674,1551571,8688197,48104,2248511
1635340077.2317023,1595700,8819014,209517,89688,1554726,8580264,229261149,1538106,8703116,46452,2211840
1635340077.3318212,1607318,8808720,209612,87967,1549780,8597345,229156015,1561127,8694458,46715,2241166
1635340077.4319406,1599550,8857960,209843,91872,1578437,8736683,230243058,1545414,8533345,45506,2247957
1635340077.532059,1605019,8883952,211313,92317,1556628,8706966,228875217,1541661,8631643,46797,2258179
1635340077.6321774,1558761,8698396,229761896,1539822,8645075,45610,2240019,1601502,8807537,211388,80561
1635340077.7322967,1556086,8670967,229110436,1533732,8595927,45501,2245308,1596049,8919927,207840,86561
1635340077.8324182,1560368,8713278,229806712,1537360,8586598,48163,2233090,1544107,8718238,211645,87960
1635340077.9325376,1546112,8654080,229053010,1530312,8573077,46354,2169550,1603837,8816996,212011,86435
1635340078.0326564,1546636,8720245,229269057,1541255,8650371,47981,2244159,1603761,8893763,211099,92941
1635340078.1327763,1551758,8700183,229921199,1549934,8650780,46087,2251733,1593553,8845933,210348,91350
1635340078.2328951,1555383,8692951,229434502,1517182,8554680,45396,2257608,1597261,8791611,212097,89300
1635340078.3330135,1551051,8707310,229437244,1529510,8579998,47688,2266050,1588001,8731521,210119,87861
1635340078.4331334,1547693,8687656,230450589,1535631,8513056,46750,2254638,1604336,8808429,211535,86947
1635340078.533252,1551537,8625549,227850453,1520746,8597418,46799,2244203,1597085,8790423,210613,81548
1635340078.6333709,1539808,8682124,229494563,1541582,8631486,46490,2239095,1603467,8829425,211261,92271
1635340078.7835712,1549054,8689717,229419875,1534311,8611648,46432,2247725,1604848,8796195,211854,96139
1635340078.8836935,1542331,8681185,229298516,1534784,8623763,48085,2237682,1567494,8737861,200687,91355
1635340078.983812,1561022,8656081,230586389,1524920,8536238,45435,2262823,1583631,8695297,200322,91238
1635340079.0839307,1546816,8647919,231267901,1526050,8534370,45727,2247571,1587706,8617784,199686,89422
1635340079.184049,1536606,8639988,231302628,1528622,8518088,45667,2208544,1573051,8587601,199685,91407
1635340079.284167,1533582,8556191,230778074,1542744,8796244,48126,2314833,1602995,8770987,205063,91331
1635340079.384286,1618534,9062268,230404626,1607612,9008783,49146,2304763,1677725,9213842,222261,97504
1635340079.484404,1631664,9121916,231985848,1622489,8965329,47503,2230743,1690052,9249797,223675,94616
1635340079.5845227,1617129,9086859,230610297,1608937,8966069,48882,2298918,1664510,9201383,221302,96893
1635340079.6846411,1622245,9095553,231209605,1586706,8968980,48342,2302070,1676845,9233794,220477,97329
1635340079.7847602,1615839,9076196,230380165,1582760,8846863,49431,2319820,1674881,9223420,222981,96481
1635340079.884879,1613606,9008155,230518656,1599473,8987810,48310,2291928,1676046,9206474,219771,97545
1635340079.9849973,1615562,9040486,230606286,1601489,8964723,47797,2296404,1669348,9173580,220141,93049
1635340080.0851157,1621553,9084865,230728731,1600552,8952757,47059,2260834,1681360,9205892,219381,96949
1635340080.1852336,1610206,9060996,230821602,1618096,9018302,48066,2326602,1695197,9186125,218708,96940
1635340080.3854718,1615567,9023462,230928490,1610051,8980359,48187,2279363,1669872,9162509,218929,96990
1635340080.4855902,1630245,9110335,232223414,1623613,8983335,49113,2234745,1615829,9216945,223632,97961
1635340080.5857093,1625227,9047599,230667288,1602725,8975780,48437,2275669,1664187,9256309,221441,96826
1635340080.6858277,1627876,9101752,231472150,1614490,8985003,47571,765111,1668479,9253136,218703,97342
1635340080.7859476,1620592,9077717,230673865,1624050,8960677,45292,2224633,1669332,9134799,221226,85287
1635340080.8860672,1630694,9105457,230979036,1627963,8971734,47943,2264738,1676755,9226425,220317,97598
1635340080.9861856,1619496,9072377,230505774,1614872,9063633,47880,2274625,1668249,9192067,218657,97361
1635340081.0863042,1618682,9074352,230575997,1613843,9058298,48770,2264711,1675506,9230232,219479,97396
1635340081.1864228,1614418,8992448,230597127,1623316,9085650,47178,2196863,1671399,9223942,218725,96888
1635340081.2865412,1581334,9095599,230546947,1626061,9097511,49673,2224491,1665474,9203190,222344,97088
1635340081.3866596,1632406,9031995,230450732,1620766,9073446,48242,2263305,1672158,9190009,221145,85529
1635340081.4867775,1629342,9128157,232397158,1627562,9075855,50633,2271630,1696837,9245390,219391,105993
1635340081.5868948,1617632,9079414,230965501,1618569,9084121,47978,2227766,1643492,9135282,218680,95083
1635340081.6870131,1618343,9094412,231073340,1620218,9071736,49987,2252059,1610794,9089797,220972,94690
1635340081.7871335,1613732,9051011,230216032,1611012,9014816,49048,2233244,1616152,9094065,217037,96294
1635340081.8872528,1634479,9107803,230546294,1614394,9026822,48395,2243335,1633056,9189064,219428,95255
1635340081.9873705,1609536,9026431,230294165,1615919,9036505,48857,2260513,1644972,9116518,219161,95566
1635340082.0874887,1616604,9069487,230438334,1611202,9047710,48684,2265438,1667628,9159134,221747,95590
1635340082.187607,1610353,9080389,230408354,1617511,9052150,47194,2252612,1654502,9159957,218393,95573
1635340082.3377848,1628389,9123170,230620393,1624770,9090956,47862,2262731,1638771,9205040,223407,95560
1635340082.4379041,1636065,9167870,230701418,1638928,9135614,48485,2228426,1652359,9245099,222333,97292
1635340082.5380225,1647968,9155687,231926805,1652167,9105234,47220,2275751,1655319,9279701,221819,97214
1635340082.6381407,1638362,9159543,230956509,1642591,9166518,49260,2309762,1647590,9193211,218769,96525
1635340082.7382584,1642295,9173722,230890524,1639474,9132651,48660,2321408,1592102,9174100,219612,98936
1635340082.8383796,1646551,9156871,230990951,1638376,9146253,48931,2300400,1601394,9173856,223910,90786
1635340082.9384987,1626126,9127343,230206168,1632845,9092308,48996,2327483,1658433,9171740,219692,105896
1635340083.038617,1645331,9186335,230912458,1634942,9177217,48571,2281852,1654984,9125203,221053,78680
1635340083.1387346,1634134,9175946,230514144,1638090,9143071,48539,2310902,1630171,9156139,221626,96460
1635340083.2388532,1628512,9130843,230280724,1628054,9100922,49350,2281274,1621515,9153401,221481,96827
1635340083.338971,1635973,9164713,230794275,1639032,9148198,48190,2297191,1637389,9162056,223540,97304
1635340083.5392065,1623121,9160600,222597,97698,1641371,9192201,232329131,1649224,9040446,48137,2312875
1635340083.6393247,1649863,9277902,223666,98279,1623749,9082026,230320600,1624094,9106543,49810,2282202
1635340083.7394426,1646687,9208348,222965,95469,1633322,9135651,230416764,1626308,9125416,50211,2296590
1635340083.8395617,1644173,9231425,221477,97132,1636307,9076874,230286198,1633048,9122367,48837,2287707
1635340083.93968,1608989,9129047,220782,97999,1618249,9109251,230640729,1635330,9140264,48694,2297509
1635340084.0397975,1620799,9126571,219982,97277,1648432,9137289,230508634,1629093,9103916,49129,2267093
1635340084.1399152,1649820,9140179,220871,96680,1633717,9133806,230500251,1629996,9106072,49428,2323273
1635340084.240007,1633983,9126669,230630431,1633809,9147921,48660,2298989,1653252,9167534,214131,97336
1635340084.3401253,1630943,9109859,230186927,1630276,9098545,47690,2290982,1622723,9051631,217171,97077
1635340084.4402444,1634063,9128094,230751167,1636780,9136116,48458,2307523,1328175,8928543,219314,92636
1635340084.5403633,1645903,9193683,232378654,1647543,9057142,47379,1997913,1647635,9250366,221306,97869
1635340084.6404817,1634604,9139072,230632705,1640081,9149777,48076,2306191,1650635,9222885,221513,97325
1635340084.7406,1642241,9173467,231448721,1636247,9150210,52367,2329575,1639614,9214520,221699,97902
1635340084.8407204,1641587,9151205,230729965,1633607,9107257,48536,2258386,1656509,9205612,219064,91559
1635340084.9408398,1640149,9143412,230772651,1635135,9131020,48595,2321576,1656120,9176863,216708,97176
1635340085.0409584,1647025,9122567,230072906,1624323,9098132,48726,2305160,1682710,9201880,220492,94348
1635340085.141077,1629238,9059103,230810981,1630198,9150005,47503,2294276,1676970,9157727,218645,96851
1635340085.2411964,1616824,9077905,230414068,1637447,9141791,49037,2315267,1677502,9166564,220657,96541
1635340085.341315,1623341,9140169,230529663,1629984,9123987,49194,2300968,1685201,9234992,216715,93053
1635340085.441434,1626095,9168748,230660673,1634100,9143877,48123,2294948,1682028,9175928,217950,99150
1635340085.5415528,1625390,9188709,232102214,1644922,9069436,47904,2225907,1703979,9355401,219955,98132
1635340085.641672,1617790,9129131,230548411,1632135,9119144,47583,2301797,1702039,9192105,219936,105753
1635340085.7417893,1575447,9202220,231238092,1640942,9151206,48432,2263886,1667557,9191430,220598,85865
1635340085.8919692,1614418,9114509,230395964,1630325,9145239,50333,2279479,1666333,9239428,218740,98149
1635340085.9920883,1620260,9102306,230325363,1635304,9148286,48763,2285158,1696920,9288682,222013,97504
1635340086.092208,1627378,9060570,229722129,1622767,9099552,47904,2307030,1678600,9297338,225018,99322
1635340086.1923285,1603111,8945769,229415656,1606851,9056996,50063,2221397,1664199,9233899,218988,96711
1635340086.2924466,1621146,9014864,229920533,1614368,9045374,49921,2309532,1665975,9189921,219294,101864
1635340086.3925657,1604999,9013336,229447344,1605636,9021036,49005,2312240,1678613,9233538,220665,95848
1635340086.4926841,1616331,8986041,229786963,1609238,9073887,49243,2295758,1674324,9238105,220489,90532
1635340086.5928023,1608134,8960455,231258188,1638816,9126769,46524,2240752,1681191,9236745,220993,99593
1635340086.692921,1600467,8999570,229950690,1620972,9062032,48730,2289760,1668028,9153091,218506,96433
1635340086.793041,1590561,9038877,230232142,1629423,9105085,48069,2290529,1678194,9258189,221160,101724
1635340086.8931596,1600263,9021501,229864106,1628705,9090590,47351,2261345,1667600,9203552,219174,88344
1635340086.9932785,1598569,8996440,229820892,1621841,9065870,47718,2290698,1673889,9169398,218895,95401
1635340087.0933967,1612059,8991060,229839292,1616173,9078576,48303,2264615,1593666,9173415,221267,91504
1635340087.1935155,1610327,9007484,229426114,1616536,9053971,47945,2303902,1662432,9204115,220778,96929
1635340087.393753,1694790,9142559,220799,96611,1570455,8907567,228840782,1618889,9037060,48277,2275098
1635340087.4938717,1664974,9203353,218641,97515,1603975,9003170,229408077,1618666,9083006,48218,2263623
1635340087.5939906,1674117,9175286,218737,96044,1611559,9045265,231158664,1645852,9148346,47983,2288272
1635340087.6941085,1686238,9317653,221585,97797,1603097,8990819,229085504,1616324,9030138,47566,2266777
1635340087.7942677,1680774,9210784,219288,96872,1594003,8834637,229046279,1620175,9114296,47277,2296503
1635340087.8943884,1681041,9194867,220503,94832,1540800,8907029,229291157,1623080,9039717,46195,2296561
1635340087.9945076,1658793,9203181,218391,96266,1602560,8985967,229407934,1616063,9058227,46722,2292592
1635340088.0946274,1675108,9126933,219615,105783,1614628,9018350,229656347,1615063,9017697,47447,2268512
1635340088.194746,1660588,9144354,220869,85511,1609598,9021950,229922531,1623304,9069255,47223,2307493
1635340088.2948651,1671353,9250154,217083,101858,1617314,9046671,229580476,1613595,9091452,49776,2303525
1635340088.3949842,1574059,8572726,213694,95952,1609161,9031579,229284775,1611274,9063696,47971,2276577
1635340088.495104,1657608,9044934,220357,89924,1612088,9039517,229330734,1616390,9082715,48644,2237023
1635340088.595222,1663147,9157959,220756,96705,1634918,9133703,230855962,1623601,9087974,46493,2299094
1635340088.695342,1703413,9229774,222250,97936,1619584,9078172,229589087,1622086,9060367,49164,2227862
1635340088.7954636,1574246,8637392,214016,96130,1609492,9038535,229670786,1619127,9083583,47949,2299256
1635340088.895583,1677084,9181148,220742,96358,1613686,9018071,229304726,1621035,9039247,47705,2258185
1635340088.9957025,1671301,9180003,222118,90681,1613131,9040426,228820535,1611130,8999766,47475,2289062
1635340089.0958216,1672630,9211086,220847,95836,1614850,9004245,229521064,1618569,9073559,47075,2299604
1635340089.1959403,1680822,9138822,222093,95921,1617341,9044687,229459544,1619972,9016687,47201,2288280
1635340089.296059,1658090,9146874,221317,96217,1609046,9032062,229561715,1616945,9073586,48384,2289744
1635340089.396178,1653335,9133084,221318,99189,1624374,9055484,229588884,1616694,9082423,48579,2274533
1635340089.5463545,1649474,9117064,220717,90132,1610521,9045154,229231354,1621790,9037308,48615,2300573
1635340089.6464722,1668196,9182414,220131,105915,1642748,9150043,231045542,1626865,9103978,46819,2255058
1635340089.74659,1673578,9250693,221239,81910,1618388,9054054,229809604,1612495,9058408,49268,2277397
1635340089.84671,1671230,9233929,220621,94941,1619524,9122715,229839432,1635447,9139445,48653,2290850
1635340089.9468288,1699553,9350007,221320,97474,1617757,9030871,228469511,1624774,9034571,49110,2242521
1635340090.1470656,1668014,9142827,219951,94152,1605112,9035690,228349055,1623733,9043671,49721,2268281
1635340090.2471836,1663267,9182942,222523,99761,1620087,9062008,229089529,1628985,9074631,50016,2280810
1635340090.347302,1665654,9188884,224381,96670,1648133,9236617,228685566,1647334,9051863,48739,2301230
1635340091.2485282,151368190,1227482,7117780,24035,1536375,1261134,6960488,159203,90344,366,1742
